<?xml version="1.0" encoding="UTF-8"?>
<testsuites name="160_match" time="16" tests="1" failures="0" errors="0">
   <testsuite name="160_match" tests="1" failures="0" errors="0" time="16" timestamp="2018-11-26 16:55:05" hostname="janine.bautista - J9" id="Test Suites/create_match/160_match">
      <properties>
         <property name="deviceName" value=""/>
         <property name="devicePlatform" value=""/>
         <property name="logFolder" value="C:\\Users\\janine.bautista\\git\\JANINE_QA\\Reports\\create_match\\160_match\\20181126_165503"/>
         <property name="logFiles" value="C:\\Users\\janine.bautista\\git\\JANINE_QA\\Reports\\create_match\\160_match\\20181126_165503\\execution0.log"/>
         <property name="attachments" value=""/>
         <property name="hostName" value="janine.bautista - J9"/>
         <property name="os" value="Windows 10 64bit"/>
         <property name="katalonVersion" value="5.8.6.1"/>
         <property name="browser" value="Chrome 70.0.3538.102"/>
         <property name="hostAddress" value="172.16.8.107"/>
         <property name="sessionId" value="e7c5923caf0540f17f597c7668cd3b5d"/>
         <property name="seleniumVersion" value="3.7.1"/>
         <property name="proxyInformation" value="ProxyInformation{proxyOption=NO_PROXY, proxyServerType=HTTP, password=, proxyServerAddress=, proxyServerPort=0}"/>
         <property name="platform" value="Windows 10"/>
      </properties>
      <testcase name="Test Cases/Backoffice/create_match/create_match" classname="Test Cases/Backoffice/create_match/create_match" status="PASSED">
         <system-out><![CDATA[2018-11-26 16:55:05 - [TEST_CASE][PASSED] - Test Cases/Backoffice/create_match/create_match: Test Cases/Backoffice/create_match/create_match

2018-11-26 16:55:05 - [TEST_STEP][PASSED] - mj.loginBackoffice.login: mj.loginBackoffice.login is PASSED

2018-11-26 16:55:08 - [MESSAGE][PASSED] - Browser is opened with url: ''

2018-11-26 16:55:09 - [MESSAGE][PASSED] - Current window maximized

2018-11-26 16:55:10 - [MESSAGE][PASSED] - Navigate to 'http://dev-admin.ucf88.com/login' successfully

2018-11-26 16:55:10 - [MESSAGE][PASSED] - Text 'janine' is set on object 'Object Repository/Backoffice/login_page/input_username'

2018-11-26 16:55:10 - [MESSAGE][PASSED] - Text ****** has been set on object 'Object Repository/Backoffice/login_page/input_password'

2018-11-26 16:55:12 - [MESSAGE][PASSED] - Object: 'Object Repository/Backoffice/login_page/button_login' is clicked on

2018-11-26 16:55:12 - [MESSAGE][PASSED] - mj.loginBackoffice.login is PASSED

2018-11-26 16:55:12 - [TEST_STEP][PASSED] - Statement - For ([loop = 1, loop <= 1, (loop++)]): Delayed 1 second(s)

2018-11-26 16:55:12 - [TEST_STEP][PASSED] - mouseOver: Object: 'Object Repository/Backoffice/headers/span_betting' is hovered

2018-11-26 16:55:12 - [MESSAGE][PASSED] - Object: 'Object Repository/Backoffice/headers/span_betting' is hovered

2018-11-26 16:55:12 - [TEST_STEP][PASSED] - delay: Delayed 1 second(s)

2018-11-26 16:55:13 - [MESSAGE][PASSED] - Delayed 1 second(s)

2018-11-26 16:55:13 - [TEST_STEP][PASSED] - waitForElementVisible: Object 'Object Repository/Backoffice/headers/span_match' is visible

2018-11-26 16:55:13 - [MESSAGE][PASSED] - Object 'Object Repository/Backoffice/headers/span_match' is visible

2018-11-26 16:55:13 - [TEST_STEP][PASSED] - click: Object: 'Object Repository/Backoffice/headers/span_match' is clicked on

2018-11-26 16:55:14 - [MESSAGE][PASSED] - Object: 'Object Repository/Backoffice/headers/span_match' is clicked on

2018-11-26 16:55:14 - [TEST_STEP][PASSED] - delay: Delayed 1 second(s)

2018-11-26 16:55:15 - [MESSAGE][PASSED] - Delayed 1 second(s)

2018-11-26 16:55:15 - [TEST_STEP][PASSED] - verifyElementPresent: Object 'Object Repository/Backoffice/match_mgmt/input_submit_match' is present

2018-11-26 16:55:15 - [MESSAGE][PASSED] - Object 'Object Repository/Backoffice/match_mgmt/input_submit_match' is present

2018-11-26 16:55:15 - [TEST_STEP][PASSED] - click: Object: 'Object Repository/Backoffice/match_mgmt/button_create_match' is clicked on

2018-11-26 16:55:15 - [MESSAGE][PASSED] - Object: 'Object Repository/Backoffice/match_mgmt/button_create_match' is clicked on

2018-11-26 16:55:15 - [TEST_STEP][PASSED] - delay: Delayed 1 second(s)

2018-11-26 16:55:16 - [MESSAGE][PASSED] - Delayed 1 second(s)

2018-11-26 16:55:16 - [TEST_STEP][PASSED] - click: Object: 'Object Repository/Backoffice/match_mgmt/span_select_arena_name' is clicked on

2018-11-26 16:55:16 - [MESSAGE][PASSED] - Object: 'Object Repository/Backoffice/match_mgmt/span_select_arena_name' is clicked on

2018-11-26 16:55:16 - [TEST_STEP][PASSED] - setText: Text 'AZNAR TALISAY SPORTS COMPLEX - ATSC' is set on object 'Object Repository/Backoffice/match_mgmt/input__select2-search__arena_name'

2018-11-26 16:55:17 - [MESSAGE][PASSED] - Text 'AZNAR TALISAY SPORTS COMPLEX - ATSC' is set on object 'Object Repository/Backoffice/match_mgmt/input__select2-search__arena_name'

2018-11-26 16:55:17 - [TEST_STEP][PASSED] - sendKeys: Keys 'ENTER + ' sent to object: 'Object Repository/Backoffice/match_mgmt/input__select2-search__arena_name'

2018-11-26 16:55:17 - [MESSAGE][PASSED] - Keys 'ENTER + ' sent to object: 'Object Repository/Backoffice/match_mgmt/input__select2-search__arena_name'

2018-11-26 16:55:17 - [TEST_STEP][PASSED] - setText: Text 'AA' is set on object 'Object Repository/Backoffice/match_mgmt/meron_details/input_meron_name'

2018-11-26 16:55:17 - [MESSAGE][PASSED] - Text 'AA' is set on object 'Object Repository/Backoffice/match_mgmt/meron_details/input_meron_name'

2018-11-26 16:55:17 - [TEST_STEP][PASSED] - setText: Text 'Farm 1' is set on object 'Object Repository/Backoffice/match_mgmt/meron_details/input_meron_farm'

2018-11-26 16:55:17 - [MESSAGE][PASSED] - Text 'Farm 1' is set on object 'Object Repository/Backoffice/match_mgmt/meron_details/input_meron_farm'

2018-11-26 16:55:17 - [TEST_STEP][PASSED] - setText: Text 'Breed 1' is set on object 'Object Repository/Backoffice/match_mgmt/meron_details/input_meron_breed'

2018-11-26 16:55:17 - [MESSAGE][PASSED] - Text 'Breed 1' is set on object 'Object Repository/Backoffice/match_mgmt/meron_details/input_meron_breed'

2018-11-26 16:55:17 - [TEST_STEP][PASSED] - setText: Text 'Weight 1' is set on object 'Object Repository/Backoffice/match_mgmt/meron_details/input_meron_weight'

2018-11-26 16:55:18 - [MESSAGE][PASSED] - Text 'Weight 1' is set on object 'Object Repository/Backoffice/match_mgmt/meron_details/input_meron_weight'

2018-11-26 16:55:18 - [TEST_STEP][PASSED] - setText: Text 'BB' is set on object 'Object Repository/Backoffice/match_mgmt/wala_details/input_wala_name'

2018-11-26 16:55:18 - [MESSAGE][PASSED] - Text 'BB' is set on object 'Object Repository/Backoffice/match_mgmt/wala_details/input_wala_name'

2018-11-26 16:55:18 - [TEST_STEP][PASSED] - setText: Text 'Farm 2' is set on object 'Object Repository/Backoffice/match_mgmt/wala_details/input_wala_farm'

2018-11-26 16:55:18 - [MESSAGE][PASSED] - Text 'Farm 2' is set on object 'Object Repository/Backoffice/match_mgmt/wala_details/input_wala_farm'

2018-11-26 16:55:18 - [TEST_STEP][PASSED] - setText: Text 'Breed 2' is set on object 'Object Repository/Backoffice/match_mgmt/wala_details/input_wala_breed'

2018-11-26 16:55:18 - [MESSAGE][PASSED] - Text 'Breed 2' is set on object 'Object Repository/Backoffice/match_mgmt/wala_details/input_wala_breed'

2018-11-26 16:55:18 - [TEST_STEP][PASSED] - setText: Text 'Weight 2' is set on object 'Object Repository/Backoffice/match_mgmt/wala_details/input_wala_weight'

2018-11-26 16:55:18 - [MESSAGE][PASSED] - Text 'Weight 2' is set on object 'Object Repository/Backoffice/match_mgmt/wala_details/input_wala_weight'

2018-11-26 16:55:18 - [TEST_STEP][PASSED] - click: Object: 'Object Repository/Backoffice/match_mgmt/input_submit_match' is clicked on

2018-11-26 16:55:19 - [MESSAGE][PASSED] - Object: 'Object Repository/Backoffice/match_mgmt/input_submit_match' is clicked on

2018-11-26 16:55:19 - [TEST_STEP][PASSED] - delay: Delayed 1 second(s)

2018-11-26 16:55:20 - [MESSAGE][PASSED] - Delayed 1 second(s)]]></system-out>
         <system-err><![CDATA[]]></system-err>
      </testcase>
      <system-out><![CDATA[2018-11-26 16:55:05 - [TEST_SUITE][PASSED] - 160_match: Test Cases/Backoffice/create_match/create_match]]></system-out>
      <system-err><![CDATA[]]></system-err>
   </testsuite>
</testsuites>
