<?xml version="1.0" encoding="UTF-8"?>
<testsuites name="match_RMC" time="303" tests="1" failures="0" errors="0">
   <testsuite name="match_RMC" tests="1" failures="0" errors="0" time="303" timestamp="2018-12-14 10:55:08" hostname="Administrator - WIN-A9QUABO2G0M" id="Test Suites/Backoffice/create_match/create_match_loop_with_open_match/match_RMC">
      <properties>
         <property name="deviceName" value=""/>
         <property name="devicePlatform" value=""/>
         <property name="logFolder" value="C:\\Users\\Administrator\\git\\JANINE_QA\\Reports\\Backoffice\\create_match\\create_match_loop_with_open_match\\match_RMC\\20181214_094924"/>
         <property name="logFiles" value="C:\\Users\\Administrator\\git\\JANINE_QA\\Reports\\Backoffice\\create_match\\create_match_loop_with_open_match\\match_RMC\\20181214_094924\\execution0.log"/>
         <property name="attachments" value=""/>
         <property name="hostName" value="Administrator - WIN-A9QUABO2G0M"/>
         <property name="os" value="Windows Server 2016 64bit"/>
         <property name="katalonVersion" value="5.9.1.2"/>
         <property name="browser" value="Chrome 71.0.3578.98"/>
         <property name="hostAddress" value="192.168.111.1"/>
         <property name="sessionId" value="6809bc3a13bb97118dfb7a6d45cf28bd"/>
         <property name="seleniumVersion" value="3.7.1"/>
         <property name="proxyInformation" value="ProxyInformation{proxyOption=NO_PROXY, proxyServerType=HTTP, password=, proxyServerAddress=, proxyServerPort=0}"/>
         <property name="platform" value="Windows Server 2016"/>
      </properties>
      <testcase name="Test Cases/DEV/Backoffice/create_match/create_match_loop_with_open_match" classname="Test Cases/DEV/Backoffice/create_match/create_match_loop_with_open_match" status="PASSED">
         <system-out><![CDATA[2018-12-14 10:55:09 - [TEST_CASE][PASSED] - Test Cases/DEV/Backoffice/create_match/create_match_loop_with_open_match: Test Cases/DEV/Backoffice/create_match/create_match_loop_with_open_match

2018-12-14 10:55:10 - [TEST_STEP][PASSED] - mj.loginBackofficeDev.login(): mj.loginBackofficeDev.login is PASSED

2018-12-14 10:55:10 - [MESSAGE][INFO] - Starting 'Chrome' driver

2018-12-14 10:55:10 - [MESSAGE][INFO] - Action delay is set to 0 seconds

2018-12-14 10:55:14 - [MESSAGE][PASSED] - Browser is opened with url: ''

2018-12-14 10:55:15 - [MESSAGE][PASSED] - Current window maximized

2018-12-14 10:55:16 - [MESSAGE][PASSED] - Navigate to 'http://dev-admin.ucf88.com/login' successfully

2018-12-14 10:55:17 - [MESSAGE][PASSED] - Text 'janine' is set on object 'Object Repository/Backoffice/login_page/input_username'

2018-12-14 10:55:17 - [MESSAGE][PASSED] - Text ****** has been set on object 'Object Repository/Backoffice/login_page/input_password'

2018-12-14 10:55:19 - [MESSAGE][PASSED] - Object: 'Object Repository/Backoffice/login_page/button_login' is clicked on

2018-12-14 10:55:19 - [MESSAGE][PASSED] - mj.loginBackofficeDev.login is PASSED

2018-12-14 10:55:19 - [TEST_STEP][PASSED] - mouseOver(findTestObject("Backoffice/headers/span_betting")): Object: 'Object Repository/Backoffice/headers/span_betting' is hovered

2018-12-14 10:55:20 - [MESSAGE][PASSED] - Object: 'Object Repository/Backoffice/headers/span_betting' is hovered

2018-12-14 10:55:20 - [TEST_STEP][PASSED] - delay(1): Delayed 1 second(s)

2018-12-14 10:55:21 - [MESSAGE][PASSED] - Delayed 1 second(s)

2018-12-14 10:55:21 - [TEST_STEP][PASSED] - waitForElementVisible(findTestObject("Backoffice/headers/span_match"), 2): Object 'Object Repository/Backoffice/headers/span_match' is visible

2018-12-14 10:55:21 - [MESSAGE][PASSED] - Object 'Object Repository/Backoffice/headers/span_match' is visible

2018-12-14 10:55:21 - [TEST_STEP][PASSED] - click(findTestObject("Backoffice/headers/span_match")): Object: 'Object Repository/Backoffice/headers/span_match' is clicked on

2018-12-14 10:55:27 - [MESSAGE][PASSED] - Object: 'Object Repository/Backoffice/headers/span_match' is clicked on

2018-12-14 10:55:27 - [TEST_STEP][PASSED] - delay(1): Delayed 1 second(s)

2018-12-14 10:55:28 - [MESSAGE][PASSED] - Delayed 1 second(s)

2018-12-14 10:55:28 - [TEST_STEP][PASSED] - verifyElementPresent(findTestObject("Backoffice/match_mgmt/button_create_match"), 2): Object 'Object Repository/Backoffice/match_mgmt/button_create_match' is present

2018-12-14 10:55:29 - [MESSAGE][PASSED] - Object 'Object Repository/Backoffice/match_mgmt/button_create_match' is present

2018-12-14 10:55:29 - [TEST_STEP][PASSED] - click(findTestObject("Backoffice/match_mgmt/button_create_match")): Object: 'Object Repository/Backoffice/match_mgmt/button_create_match' is clicked on

2018-12-14 10:55:29 - [MESSAGE][PASSED] - Object: 'Object Repository/Backoffice/match_mgmt/button_create_match' is clicked on

2018-12-14 10:55:29 - [TEST_STEP][PASSED] - delay(1): Delayed 1 second(s)

2018-12-14 10:55:30 - [MESSAGE][PASSED] - Delayed 1 second(s)

2018-12-14 10:55:30 - [TEST_STEP][PASSED] - click(findTestObject("Backoffice/match_mgmt/span_select_arena_name")): Object: 'Object Repository/Backoffice/match_mgmt/span_select_arena_name' is clicked on

2018-12-14 10:55:30 - [MESSAGE][PASSED] - Object: 'Object Repository/Backoffice/match_mgmt/span_select_arena_name' is clicked on

2018-12-14 10:55:30 - [TEST_STEP][PASSED] - setText(findTestObject("Backoffice/match_mgmt/input__select2-search__arena_name"), Arena_Acronym): Text 'ROLIGON MEGA COCKPIT - RMC' is set on object 'Object Repository/Backoffice/match_mgmt/input__select2-search__arena_name'

2018-12-14 10:55:33 - [MESSAGE][PASSED] - Text 'ROLIGON MEGA COCKPIT - RMC' is set on object 'Object Repository/Backoffice/match_mgmt/input__select2-search__arena_name'

2018-12-14 10:55:33 - [TEST_STEP][PASSED] - sendKeys(findTestObject("Backoffice/match_mgmt/input__select2-search__arena_name"), Keys.chord(ENTER)): Keys 'ENTER + ' sent to object: 'Object Repository/Backoffice/match_mgmt/input__select2-search__arena_name'

2018-12-14 10:55:33 - [MESSAGE][PASSED] - Keys 'ENTER + ' sent to object: 'Object Repository/Backoffice/match_mgmt/input__select2-search__arena_name'

2018-12-14 10:55:33 - [TEST_STEP][PASSED] - setText(findTestObject("Backoffice/match_mgmt/meron_details/input_meron_name"), Meron_Name): Text 'AA' is set on object 'Object Repository/Backoffice/match_mgmt/meron_details/input_meron_name'

2018-12-14 10:55:33 - [MESSAGE][PASSED] - Text 'AA' is set on object 'Object Repository/Backoffice/match_mgmt/meron_details/input_meron_name'

2018-12-14 10:55:33 - [TEST_STEP][PASSED] - setText(findTestObject("Backoffice/match_mgmt/meron_details/input_meron_farm"), Meron_Farm): Text 'Farm 1' is set on object 'Object Repository/Backoffice/match_mgmt/meron_details/input_meron_farm'

2018-12-14 10:55:34 - [MESSAGE][PASSED] - Text 'Farm 1' is set on object 'Object Repository/Backoffice/match_mgmt/meron_details/input_meron_farm'

2018-12-14 10:55:34 - [TEST_STEP][PASSED] - setText(findTestObject("Backoffice/match_mgmt/meron_details/input_meron_breed"), Meron_Breed): Text 'Breed 1' is set on object 'Object Repository/Backoffice/match_mgmt/meron_details/input_meron_breed'

2018-12-14 10:55:34 - [MESSAGE][PASSED] - Text 'Breed 1' is set on object 'Object Repository/Backoffice/match_mgmt/meron_details/input_meron_breed'

2018-12-14 10:55:34 - [TEST_STEP][PASSED] - setText(findTestObject("Backoffice/match_mgmt/meron_details/input_meron_weight"), Meron_Weight): Text 'Weight 1' is set on object 'Object Repository/Backoffice/match_mgmt/meron_details/input_meron_weight'

2018-12-14 10:55:35 - [MESSAGE][PASSED] - Text 'Weight 1' is set on object 'Object Repository/Backoffice/match_mgmt/meron_details/input_meron_weight'

2018-12-14 10:55:35 - [TEST_STEP][PASSED] - setText(findTestObject("Backoffice/match_mgmt/wala_details/input_wala_name"), Wala_Name): Text 'BB' is set on object 'Object Repository/Backoffice/match_mgmt/wala_details/input_wala_name'

2018-12-14 10:55:35 - [MESSAGE][PASSED] - Text 'BB' is set on object 'Object Repository/Backoffice/match_mgmt/wala_details/input_wala_name'

2018-12-14 10:55:35 - [TEST_STEP][PASSED] - setText(findTestObject("Backoffice/match_mgmt/wala_details/input_wala_farm"), Wala_Farm): Text 'Farm 2' is set on object 'Object Repository/Backoffice/match_mgmt/wala_details/input_wala_farm'

2018-12-14 10:55:36 - [MESSAGE][PASSED] - Text 'Farm 2' is set on object 'Object Repository/Backoffice/match_mgmt/wala_details/input_wala_farm'

2018-12-14 10:55:36 - [TEST_STEP][PASSED] - setText(findTestObject("Backoffice/match_mgmt/wala_details/input_wala_breed"), Wala_Breed): Text 'Breed 2' is set on object 'Object Repository/Backoffice/match_mgmt/wala_details/input_wala_breed'

2018-12-14 10:55:36 - [MESSAGE][PASSED] - Text 'Breed 2' is set on object 'Object Repository/Backoffice/match_mgmt/wala_details/input_wala_breed'

2018-12-14 10:55:36 - [TEST_STEP][PASSED] - setText(findTestObject("Backoffice/match_mgmt/wala_details/input_wala_weight"), Wala_Weight): Text 'Weight 2' is set on object 'Object Repository/Backoffice/match_mgmt/wala_details/input_wala_weight'

2018-12-14 10:55:37 - [MESSAGE][PASSED] - Text 'Weight 2' is set on object 'Object Repository/Backoffice/match_mgmt/wala_details/input_wala_weight'

2018-12-14 10:55:37 - [TEST_STEP][PASSED] - click(findTestObject("Backoffice/match_mgmt/input_submit_match")): Object: 'Object Repository/Backoffice/match_mgmt/input_submit_match' is clicked on

2018-12-14 10:55:42 - [MESSAGE][PASSED] - Object: 'Object Repository/Backoffice/match_mgmt/input_submit_match' is clicked on

2018-12-14 10:55:42 - [TEST_STEP][PASSED] - click(findTestObject("Backoffice/match_mgmt/span_link_match")): Object: 'Object Repository/Backoffice/match_mgmt/span_link_match' is clicked on

2018-12-14 10:55:42 - [MESSAGE][PASSED] - Object: 'Object Repository/Backoffice/match_mgmt/span_link_match' is clicked on

2018-12-14 10:55:42 - [TEST_STEP][PASSED] - switchToWindowIndex(1): Switched to window with index: '1'

2018-12-14 10:55:42 - [MESSAGE][PASSED] - Switched to window with index: '1'

2018-12-14 10:55:42 - [TEST_STEP][PASSED] - delay(1): Delayed 1 second(s)

2018-12-14 10:55:43 - [MESSAGE][PASSED] - Delayed 1 second(s)

2018-12-14 10:55:43 - [TEST_STEP][PASSED] - click(findTestObject("Backoffice/match_mgmt/open_match/button_open_match")): Object: 'Object Repository/Backoffice/match_mgmt/open_match/button_open_match' is clicked on

2018-12-14 10:55:44 - [MESSAGE][PASSED] - Object: 'Object Repository/Backoffice/match_mgmt/open_match/button_open_match' is clicked on

2018-12-14 10:55:45 - [TEST_STEP][PASSED] - delay(1): Delayed 1 second(s)

2018-12-14 10:55:46 - [MESSAGE][PASSED] - Delayed 1 second(s)

2018-12-14 10:55:46 - [TEST_STEP][PASSED] - waitForElementVisible(findTestObject("Backoffice/match_mgmt/settlement/button_finished_yes_i_agree"), 1): Object 'Object Repository/Backoffice/match_mgmt/settlement/button_finished_yes_i_agree' is visible

2018-12-14 10:55:46 - [MESSAGE][PASSED] - Object 'Object Repository/Backoffice/match_mgmt/settlement/button_finished_yes_i_agree' is visible

2018-12-14 10:55:46 - [TEST_STEP][PASSED] - delay(1): Delayed 1 second(s)

2018-12-14 10:55:47 - [MESSAGE][PASSED] - Delayed 1 second(s)

2018-12-14 10:55:47 - [TEST_STEP][PASSED] - click(findTestObject("Backoffice/match_mgmt/settlement/button_finished_yes_i_agree")): Object: 'Object Repository/Backoffice/match_mgmt/settlement/button_finished_yes_i_agree' is clicked on

2018-12-14 10:55:47 - [MESSAGE][PASSED] - Object: 'Object Repository/Backoffice/match_mgmt/settlement/button_finished_yes_i_agree' is clicked on

2018-12-14 10:55:47 - [TEST_STEP][PASSED] - delay(2): Delayed 2 second(s)

2018-12-14 10:55:49 - [MESSAGE][PASSED] - Delayed 2 second(s)

2018-12-14 10:55:49 - [TEST_STEP][PASSED] - closeWindowIndex(1): Window with index 1 is closed

2018-12-14 10:55:49 - [MESSAGE][PASSED] - Window with index 1 is closed

2018-12-14 10:55:49 - [TEST_STEP][PASSED] - switchToWindowIndex(0): Switched to window with index: '0'

2018-12-14 10:55:49 - [MESSAGE][PASSED] - Switched to window with index: '0'

2018-12-14 10:55:49 - [TEST_STEP][PASSED] - verifyElementPresent(findTestObject("Backoffice/match_mgmt/button_create_match"), 2): Object 'Object Repository/Backoffice/match_mgmt/button_create_match' is present

2018-12-14 10:55:49 - [MESSAGE][PASSED] - Object 'Object Repository/Backoffice/match_mgmt/button_create_match' is present

2018-12-14 10:55:49 - [TEST_STEP][PASSED] - delay(1): Delayed 1 second(s)

2018-12-14 10:55:50 - [MESSAGE][PASSED] - Delayed 1 second(s)

2018-12-14 10:55:50 - [TEST_STEP][PASSED] - for ([loop = 1, loop <= 19, (loop++)]): Delayed 1 second(s)

2018-12-14 10:55:50 - [TEST_STEP][PASSED] - click(findTestObject("Backoffice/match_mgmt/button_create_match")): Object: 'Object Repository/Backoffice/match_mgmt/button_create_match' is clicked on

2018-12-14 10:55:50 - [MESSAGE][PASSED] - Object: 'Object Repository/Backoffice/match_mgmt/button_create_match' is clicked on

2018-12-14 10:55:50 - [TEST_STEP][PASSED] - delay(1): Delayed 1 second(s)

2018-12-14 10:55:51 - [MESSAGE][PASSED] - Delayed 1 second(s)

2018-12-14 10:55:51 - [TEST_STEP][PASSED] - click(findTestObject("Backoffice/match_mgmt/span_select_arena_name")): Object: 'Object Repository/Backoffice/match_mgmt/span_select_arena_name' is clicked on

2018-12-14 10:55:52 - [MESSAGE][PASSED] - Object: 'Object Repository/Backoffice/match_mgmt/span_select_arena_name' is clicked on

2018-12-14 10:55:52 - [TEST_STEP][PASSED] - setText(findTestObject("Backoffice/match_mgmt/input__select2-search__arena_name"), Arena_Acronym): Text 'ROLIGON MEGA COCKPIT - RMC' is set on object 'Object Repository/Backoffice/match_mgmt/input__select2-search__arena_name'

2018-12-14 10:55:54 - [MESSAGE][PASSED] - Text 'ROLIGON MEGA COCKPIT - RMC' is set on object 'Object Repository/Backoffice/match_mgmt/input__select2-search__arena_name'

2018-12-14 10:55:54 - [TEST_STEP][PASSED] - sendKeys(findTestObject("Backoffice/match_mgmt/input__select2-search__arena_name"), Keys.chord(ENTER)): Keys 'ENTER + ' sent to object: 'Object Repository/Backoffice/match_mgmt/input__select2-search__arena_name'

2018-12-14 10:55:54 - [MESSAGE][PASSED] - Keys 'ENTER + ' sent to object: 'Object Repository/Backoffice/match_mgmt/input__select2-search__arena_name'

2018-12-14 10:55:54 - [TEST_STEP][PASSED] - setText(findTestObject("Backoffice/match_mgmt/meron_details/input_meron_name"), Meron_Name): Text 'AA' is set on object 'Object Repository/Backoffice/match_mgmt/meron_details/input_meron_name'

2018-12-14 10:55:54 - [MESSAGE][PASSED] - Text 'AA' is set on object 'Object Repository/Backoffice/match_mgmt/meron_details/input_meron_name'

2018-12-14 10:55:54 - [TEST_STEP][PASSED] - setText(findTestObject("Backoffice/match_mgmt/meron_details/input_meron_farm"), Meron_Farm): Text 'Farm 1' is set on object 'Object Repository/Backoffice/match_mgmt/meron_details/input_meron_farm'

2018-12-14 10:55:55 - [MESSAGE][PASSED] - Text 'Farm 1' is set on object 'Object Repository/Backoffice/match_mgmt/meron_details/input_meron_farm'

2018-12-14 10:55:55 - [TEST_STEP][PASSED] - setText(findTestObject("Backoffice/match_mgmt/meron_details/input_meron_breed"), Meron_Breed): Text 'Breed 1' is set on object 'Object Repository/Backoffice/match_mgmt/meron_details/input_meron_breed'

2018-12-14 10:55:55 - [MESSAGE][PASSED] - Text 'Breed 1' is set on object 'Object Repository/Backoffice/match_mgmt/meron_details/input_meron_breed'

2018-12-14 10:55:55 - [TEST_STEP][PASSED] - setText(findTestObject("Backoffice/match_mgmt/meron_details/input_meron_weight"), Meron_Weight): Text 'Weight 1' is set on object 'Object Repository/Backoffice/match_mgmt/meron_details/input_meron_weight'

2018-12-14 10:55:56 - [MESSAGE][PASSED] - Text 'Weight 1' is set on object 'Object Repository/Backoffice/match_mgmt/meron_details/input_meron_weight'

2018-12-14 10:55:56 - [TEST_STEP][PASSED] - setText(findTestObject("Backoffice/match_mgmt/wala_details/input_wala_name"), Wala_Name): Text 'BB' is set on object 'Object Repository/Backoffice/match_mgmt/wala_details/input_wala_name'

2018-12-14 10:55:56 - [MESSAGE][PASSED] - Text 'BB' is set on object 'Object Repository/Backoffice/match_mgmt/wala_details/input_wala_name'

2018-12-14 10:55:56 - [TEST_STEP][PASSED] - setText(findTestObject("Backoffice/match_mgmt/wala_details/input_wala_farm"), Wala_Farm): Text 'Farm 2' is set on object 'Object Repository/Backoffice/match_mgmt/wala_details/input_wala_farm'

2018-12-14 10:55:56 - [MESSAGE][PASSED] - Text 'Farm 2' is set on object 'Object Repository/Backoffice/match_mgmt/wala_details/input_wala_farm'

2018-12-14 10:55:56 - [TEST_STEP][PASSED] - setText(findTestObject("Backoffice/match_mgmt/wala_details/input_wala_breed"), Wala_Breed): Text 'Breed 2' is set on object 'Object Repository/Backoffice/match_mgmt/wala_details/input_wala_breed'

2018-12-14 10:55:57 - [MESSAGE][PASSED] - Text 'Breed 2' is set on object 'Object Repository/Backoffice/match_mgmt/wala_details/input_wala_breed'

2018-12-14 10:55:57 - [TEST_STEP][PASSED] - setText(findTestObject("Backoffice/match_mgmt/wala_details/input_wala_weight"), Wala_Weight): Text 'Weight 2' is set on object 'Object Repository/Backoffice/match_mgmt/wala_details/input_wala_weight'

2018-12-14 10:55:57 - [MESSAGE][PASSED] - Text 'Weight 2' is set on object 'Object Repository/Backoffice/match_mgmt/wala_details/input_wala_weight'

2018-12-14 10:55:57 - [TEST_STEP][PASSED] - click(findTestObject("Backoffice/match_mgmt/input_submit_match")): Object: 'Object Repository/Backoffice/match_mgmt/input_submit_match' is clicked on

2018-12-14 10:56:08 - [MESSAGE][PASSED] - Object: 'Object Repository/Backoffice/match_mgmt/input_submit_match' is clicked on

2018-12-14 10:56:08 - [TEST_STEP][PASSED] - delay(1): Delayed 1 second(s)

2018-12-14 10:56:09 - [MESSAGE][PASSED] - Delayed 1 second(s)

2018-12-14 10:56:09 - [TEST_STEP][PASSED] - click(findTestObject("Backoffice/match_mgmt/button_create_match")): Object: 'Object Repository/Backoffice/match_mgmt/button_create_match' is clicked on

2018-12-14 10:56:09 - [MESSAGE][PASSED] - Object: 'Object Repository/Backoffice/match_mgmt/button_create_match' is clicked on

2018-12-14 10:56:09 - [TEST_STEP][PASSED] - delay(1): Delayed 1 second(s)

2018-12-14 10:56:10 - [MESSAGE][PASSED] - Delayed 1 second(s)

2018-12-14 10:56:10 - [TEST_STEP][PASSED] - click(findTestObject("Backoffice/match_mgmt/span_select_arena_name")): Object: 'Object Repository/Backoffice/match_mgmt/span_select_arena_name' is clicked on

2018-12-14 10:56:11 - [MESSAGE][PASSED] - Object: 'Object Repository/Backoffice/match_mgmt/span_select_arena_name' is clicked on

2018-12-14 10:56:11 - [TEST_STEP][PASSED] - setText(findTestObject("Backoffice/match_mgmt/input__select2-search__arena_name"), Arena_Acronym): Text 'ROLIGON MEGA COCKPIT - RMC' is set on object 'Object Repository/Backoffice/match_mgmt/input__select2-search__arena_name'

2018-12-14 10:56:13 - [MESSAGE][PASSED] - Text 'ROLIGON MEGA COCKPIT - RMC' is set on object 'Object Repository/Backoffice/match_mgmt/input__select2-search__arena_name'

2018-12-14 10:56:13 - [TEST_STEP][PASSED] - sendKeys(findTestObject("Backoffice/match_mgmt/input__select2-search__arena_name"), Keys.chord(ENTER)): Keys 'ENTER + ' sent to object: 'Object Repository/Backoffice/match_mgmt/input__select2-search__arena_name'

2018-12-14 10:56:13 - [MESSAGE][PASSED] - Keys 'ENTER + ' sent to object: 'Object Repository/Backoffice/match_mgmt/input__select2-search__arena_name'

2018-12-14 10:56:13 - [TEST_STEP][PASSED] - setText(findTestObject("Backoffice/match_mgmt/meron_details/input_meron_name"), Meron_Name): Text 'AA' is set on object 'Object Repository/Backoffice/match_mgmt/meron_details/input_meron_name'

2018-12-14 10:56:14 - [MESSAGE][PASSED] - Text 'AA' is set on object 'Object Repository/Backoffice/match_mgmt/meron_details/input_meron_name'

2018-12-14 10:56:14 - [TEST_STEP][PASSED] - setText(findTestObject("Backoffice/match_mgmt/meron_details/input_meron_farm"), Meron_Farm): Text 'Farm 1' is set on object 'Object Repository/Backoffice/match_mgmt/meron_details/input_meron_farm'

2018-12-14 10:56:14 - [MESSAGE][PASSED] - Text 'Farm 1' is set on object 'Object Repository/Backoffice/match_mgmt/meron_details/input_meron_farm'

2018-12-14 10:56:14 - [TEST_STEP][PASSED] - setText(findTestObject("Backoffice/match_mgmt/meron_details/input_meron_breed"), Meron_Breed): Text 'Breed 1' is set on object 'Object Repository/Backoffice/match_mgmt/meron_details/input_meron_breed'

2018-12-14 10:56:15 - [MESSAGE][PASSED] - Text 'Breed 1' is set on object 'Object Repository/Backoffice/match_mgmt/meron_details/input_meron_breed'

2018-12-14 10:56:15 - [TEST_STEP][PASSED] - setText(findTestObject("Backoffice/match_mgmt/meron_details/input_meron_weight"), Meron_Weight): Text 'Weight 1' is set on object 'Object Repository/Backoffice/match_mgmt/meron_details/input_meron_weight'

2018-12-14 10:56:15 - [MESSAGE][PASSED] - Text 'Weight 1' is set on object 'Object Repository/Backoffice/match_mgmt/meron_details/input_meron_weight'

2018-12-14 10:56:15 - [TEST_STEP][PASSED] - setText(findTestObject("Backoffice/match_mgmt/wala_details/input_wala_name"), Wala_Name): Text 'BB' is set on object 'Object Repository/Backoffice/match_mgmt/wala_details/input_wala_name'

2018-12-14 10:56:15 - [MESSAGE][PASSED] - Text 'BB' is set on object 'Object Repository/Backoffice/match_mgmt/wala_details/input_wala_name'

2018-12-14 10:56:15 - [TEST_STEP][PASSED] - setText(findTestObject("Backoffice/match_mgmt/wala_details/input_wala_farm"), Wala_Farm): Text 'Farm 2' is set on object 'Object Repository/Backoffice/match_mgmt/wala_details/input_wala_farm'

2018-12-14 10:56:16 - [MESSAGE][PASSED] - Text 'Farm 2' is set on object 'Object Repository/Backoffice/match_mgmt/wala_details/input_wala_farm'

2018-12-14 10:56:16 - [TEST_STEP][PASSED] - setText(findTestObject("Backoffice/match_mgmt/wala_details/input_wala_breed"), Wala_Breed): Text 'Breed 2' is set on object 'Object Repository/Backoffice/match_mgmt/wala_details/input_wala_breed'

2018-12-14 10:56:16 - [MESSAGE][PASSED] - Text 'Breed 2' is set on object 'Object Repository/Backoffice/match_mgmt/wala_details/input_wala_breed'

2018-12-14 10:56:16 - [TEST_STEP][PASSED] - setText(findTestObject("Backoffice/match_mgmt/wala_details/input_wala_weight"), Wala_Weight): Text 'Weight 2' is set on object 'Object Repository/Backoffice/match_mgmt/wala_details/input_wala_weight'

2018-12-14 10:56:17 - [MESSAGE][PASSED] - Text 'Weight 2' is set on object 'Object Repository/Backoffice/match_mgmt/wala_details/input_wala_weight'

2018-12-14 10:56:17 - [TEST_STEP][PASSED] - click(findTestObject("Backoffice/match_mgmt/input_submit_match")): Object: 'Object Repository/Backoffice/match_mgmt/input_submit_match' is clicked on

2018-12-14 10:56:22 - [MESSAGE][PASSED] - Object: 'Object Repository/Backoffice/match_mgmt/input_submit_match' is clicked on

2018-12-14 10:56:22 - [TEST_STEP][PASSED] - delay(1): Delayed 1 second(s)

2018-12-14 10:56:23 - [MESSAGE][PASSED] - Delayed 1 second(s)

2018-12-14 10:56:23 - [TEST_STEP][PASSED] - click(findTestObject("Backoffice/match_mgmt/button_create_match")): Object: 'Object Repository/Backoffice/match_mgmt/button_create_match' is clicked on

2018-12-14 10:56:23 - [MESSAGE][PASSED] - Object: 'Object Repository/Backoffice/match_mgmt/button_create_match' is clicked on

2018-12-14 10:56:23 - [TEST_STEP][PASSED] - delay(1): Delayed 1 second(s)

2018-12-14 10:56:24 - [MESSAGE][PASSED] - Delayed 1 second(s)

2018-12-14 10:56:24 - [TEST_STEP][PASSED] - click(findTestObject("Backoffice/match_mgmt/span_select_arena_name")): Object: 'Object Repository/Backoffice/match_mgmt/span_select_arena_name' is clicked on

2018-12-14 10:56:25 - [MESSAGE][PASSED] - Object: 'Object Repository/Backoffice/match_mgmt/span_select_arena_name' is clicked on

2018-12-14 10:56:25 - [TEST_STEP][PASSED] - setText(findTestObject("Backoffice/match_mgmt/input__select2-search__arena_name"), Arena_Acronym): Text 'ROLIGON MEGA COCKPIT - RMC' is set on object 'Object Repository/Backoffice/match_mgmt/input__select2-search__arena_name'

2018-12-14 10:56:27 - [MESSAGE][PASSED] - Text 'ROLIGON MEGA COCKPIT - RMC' is set on object 'Object Repository/Backoffice/match_mgmt/input__select2-search__arena_name'

2018-12-14 10:56:27 - [TEST_STEP][PASSED] - sendKeys(findTestObject("Backoffice/match_mgmt/input__select2-search__arena_name"), Keys.chord(ENTER)): Keys 'ENTER + ' sent to object: 'Object Repository/Backoffice/match_mgmt/input__select2-search__arena_name'

2018-12-14 10:56:27 - [MESSAGE][PASSED] - Keys 'ENTER + ' sent to object: 'Object Repository/Backoffice/match_mgmt/input__select2-search__arena_name'

2018-12-14 10:56:27 - [TEST_STEP][PASSED] - setText(findTestObject("Backoffice/match_mgmt/meron_details/input_meron_name"), Meron_Name): Text 'AA' is set on object 'Object Repository/Backoffice/match_mgmt/meron_details/input_meron_name'

2018-12-14 10:56:27 - [MESSAGE][PASSED] - Text 'AA' is set on object 'Object Repository/Backoffice/match_mgmt/meron_details/input_meron_name'

2018-12-14 10:56:27 - [TEST_STEP][PASSED] - setText(findTestObject("Backoffice/match_mgmt/meron_details/input_meron_farm"), Meron_Farm): Text 'Farm 1' is set on object 'Object Repository/Backoffice/match_mgmt/meron_details/input_meron_farm'

2018-12-14 10:56:28 - [MESSAGE][PASSED] - Text 'Farm 1' is set on object 'Object Repository/Backoffice/match_mgmt/meron_details/input_meron_farm'

2018-12-14 10:56:28 - [TEST_STEP][PASSED] - setText(findTestObject("Backoffice/match_mgmt/meron_details/input_meron_breed"), Meron_Breed): Text 'Breed 1' is set on object 'Object Repository/Backoffice/match_mgmt/meron_details/input_meron_breed'

2018-12-14 10:56:28 - [MESSAGE][PASSED] - Text 'Breed 1' is set on object 'Object Repository/Backoffice/match_mgmt/meron_details/input_meron_breed'

2018-12-14 10:56:28 - [TEST_STEP][PASSED] - setText(findTestObject("Backoffice/match_mgmt/meron_details/input_meron_weight"), Meron_Weight): Text 'Weight 1' is set on object 'Object Repository/Backoffice/match_mgmt/meron_details/input_meron_weight'

2018-12-14 10:56:29 - [MESSAGE][PASSED] - Text 'Weight 1' is set on object 'Object Repository/Backoffice/match_mgmt/meron_details/input_meron_weight'

2018-12-14 10:56:29 - [TEST_STEP][PASSED] - setText(findTestObject("Backoffice/match_mgmt/wala_details/input_wala_name"), Wala_Name): Text 'BB' is set on object 'Object Repository/Backoffice/match_mgmt/wala_details/input_wala_name'

2018-12-14 10:56:29 - [MESSAGE][PASSED] - Text 'BB' is set on object 'Object Repository/Backoffice/match_mgmt/wala_details/input_wala_name'

2018-12-14 10:56:29 - [TEST_STEP][PASSED] - setText(findTestObject("Backoffice/match_mgmt/wala_details/input_wala_farm"), Wala_Farm): Text 'Farm 2' is set on object 'Object Repository/Backoffice/match_mgmt/wala_details/input_wala_farm'

2018-12-14 10:56:30 - [MESSAGE][PASSED] - Text 'Farm 2' is set on object 'Object Repository/Backoffice/match_mgmt/wala_details/input_wala_farm'

2018-12-14 10:56:30 - [TEST_STEP][PASSED] - setText(findTestObject("Backoffice/match_mgmt/wala_details/input_wala_breed"), Wala_Breed): Text 'Breed 2' is set on object 'Object Repository/Backoffice/match_mgmt/wala_details/input_wala_breed'

2018-12-14 10:56:30 - [MESSAGE][PASSED] - Text 'Breed 2' is set on object 'Object Repository/Backoffice/match_mgmt/wala_details/input_wala_breed'

2018-12-14 10:56:30 - [TEST_STEP][PASSED] - setText(findTestObject("Backoffice/match_mgmt/wala_details/input_wala_weight"), Wala_Weight): Text 'Weight 2' is set on object 'Object Repository/Backoffice/match_mgmt/wala_details/input_wala_weight'

2018-12-14 10:56:31 - [MESSAGE][PASSED] - Text 'Weight 2' is set on object 'Object Repository/Backoffice/match_mgmt/wala_details/input_wala_weight'

2018-12-14 10:56:31 - [TEST_STEP][PASSED] - click(findTestObject("Backoffice/match_mgmt/input_submit_match")): Object: 'Object Repository/Backoffice/match_mgmt/input_submit_match' is clicked on

2018-12-14 10:56:34 - [MESSAGE][PASSED] - Object: 'Object Repository/Backoffice/match_mgmt/input_submit_match' is clicked on

2018-12-14 10:56:34 - [TEST_STEP][PASSED] - delay(1): Delayed 1 second(s)

2018-12-14 10:56:35 - [MESSAGE][PASSED] - Delayed 1 second(s)

2018-12-14 10:56:35 - [TEST_STEP][PASSED] - click(findTestObject("Backoffice/match_mgmt/button_create_match")): Object: 'Object Repository/Backoffice/match_mgmt/button_create_match' is clicked on

2018-12-14 10:56:36 - [MESSAGE][PASSED] - Object: 'Object Repository/Backoffice/match_mgmt/button_create_match' is clicked on

2018-12-14 10:56:36 - [TEST_STEP][PASSED] - delay(1): Delayed 1 second(s)

2018-12-14 10:56:37 - [MESSAGE][PASSED] - Delayed 1 second(s)

2018-12-14 10:56:37 - [TEST_STEP][PASSED] - click(findTestObject("Backoffice/match_mgmt/span_select_arena_name")): Object: 'Object Repository/Backoffice/match_mgmt/span_select_arena_name' is clicked on

2018-12-14 10:56:37 - [MESSAGE][PASSED] - Object: 'Object Repository/Backoffice/match_mgmt/span_select_arena_name' is clicked on

2018-12-14 10:56:37 - [TEST_STEP][PASSED] - setText(findTestObject("Backoffice/match_mgmt/input__select2-search__arena_name"), Arena_Acronym): Text 'ROLIGON MEGA COCKPIT - RMC' is set on object 'Object Repository/Backoffice/match_mgmt/input__select2-search__arena_name'

2018-12-14 10:56:39 - [MESSAGE][PASSED] - Text 'ROLIGON MEGA COCKPIT - RMC' is set on object 'Object Repository/Backoffice/match_mgmt/input__select2-search__arena_name'

2018-12-14 10:56:39 - [TEST_STEP][PASSED] - sendKeys(findTestObject("Backoffice/match_mgmt/input__select2-search__arena_name"), Keys.chord(ENTER)): Keys 'ENTER + ' sent to object: 'Object Repository/Backoffice/match_mgmt/input__select2-search__arena_name'

2018-12-14 10:56:40 - [MESSAGE][PASSED] - Keys 'ENTER + ' sent to object: 'Object Repository/Backoffice/match_mgmt/input__select2-search__arena_name'

2018-12-14 10:56:40 - [TEST_STEP][PASSED] - setText(findTestObject("Backoffice/match_mgmt/meron_details/input_meron_name"), Meron_Name): Text 'AA' is set on object 'Object Repository/Backoffice/match_mgmt/meron_details/input_meron_name'

2018-12-14 10:56:40 - [MESSAGE][PASSED] - Text 'AA' is set on object 'Object Repository/Backoffice/match_mgmt/meron_details/input_meron_name'

2018-12-14 10:56:40 - [TEST_STEP][PASSED] - setText(findTestObject("Backoffice/match_mgmt/meron_details/input_meron_farm"), Meron_Farm): Text 'Farm 1' is set on object 'Object Repository/Backoffice/match_mgmt/meron_details/input_meron_farm'

2018-12-14 10:56:40 - [MESSAGE][PASSED] - Text 'Farm 1' is set on object 'Object Repository/Backoffice/match_mgmt/meron_details/input_meron_farm'

2018-12-14 10:56:40 - [TEST_STEP][PASSED] - setText(findTestObject("Backoffice/match_mgmt/meron_details/input_meron_breed"), Meron_Breed): Text 'Breed 1' is set on object 'Object Repository/Backoffice/match_mgmt/meron_details/input_meron_breed'

2018-12-14 10:56:41 - [MESSAGE][PASSED] - Text 'Breed 1' is set on object 'Object Repository/Backoffice/match_mgmt/meron_details/input_meron_breed'

2018-12-14 10:56:41 - [TEST_STEP][PASSED] - setText(findTestObject("Backoffice/match_mgmt/meron_details/input_meron_weight"), Meron_Weight): Text 'Weight 1' is set on object 'Object Repository/Backoffice/match_mgmt/meron_details/input_meron_weight'

2018-12-14 10:56:41 - [MESSAGE][PASSED] - Text 'Weight 1' is set on object 'Object Repository/Backoffice/match_mgmt/meron_details/input_meron_weight'

2018-12-14 10:56:41 - [TEST_STEP][PASSED] - setText(findTestObject("Backoffice/match_mgmt/wala_details/input_wala_name"), Wala_Name): Text 'BB' is set on object 'Object Repository/Backoffice/match_mgmt/wala_details/input_wala_name'

2018-12-14 10:56:42 - [MESSAGE][PASSED] - Text 'BB' is set on object 'Object Repository/Backoffice/match_mgmt/wala_details/input_wala_name'

2018-12-14 10:56:42 - [TEST_STEP][PASSED] - setText(findTestObject("Backoffice/match_mgmt/wala_details/input_wala_farm"), Wala_Farm): Text 'Farm 2' is set on object 'Object Repository/Backoffice/match_mgmt/wala_details/input_wala_farm'

2018-12-14 10:56:42 - [MESSAGE][PASSED] - Text 'Farm 2' is set on object 'Object Repository/Backoffice/match_mgmt/wala_details/input_wala_farm'

2018-12-14 10:56:42 - [TEST_STEP][PASSED] - setText(findTestObject("Backoffice/match_mgmt/wala_details/input_wala_breed"), Wala_Breed): Text 'Breed 2' is set on object 'Object Repository/Backoffice/match_mgmt/wala_details/input_wala_breed'

2018-12-14 10:56:42 - [MESSAGE][PASSED] - Text 'Breed 2' is set on object 'Object Repository/Backoffice/match_mgmt/wala_details/input_wala_breed'

2018-12-14 10:56:42 - [TEST_STEP][PASSED] - setText(findTestObject("Backoffice/match_mgmt/wala_details/input_wala_weight"), Wala_Weight): Text 'Weight 2' is set on object 'Object Repository/Backoffice/match_mgmt/wala_details/input_wala_weight'

2018-12-14 10:56:43 - [MESSAGE][PASSED] - Text 'Weight 2' is set on object 'Object Repository/Backoffice/match_mgmt/wala_details/input_wala_weight'

2018-12-14 10:56:43 - [TEST_STEP][PASSED] - click(findTestObject("Backoffice/match_mgmt/input_submit_match")): Object: 'Object Repository/Backoffice/match_mgmt/input_submit_match' is clicked on

2018-12-14 10:56:47 - [MESSAGE][PASSED] - Object: 'Object Repository/Backoffice/match_mgmt/input_submit_match' is clicked on

2018-12-14 10:56:47 - [TEST_STEP][PASSED] - delay(1): Delayed 1 second(s)

2018-12-14 10:56:48 - [MESSAGE][PASSED] - Delayed 1 second(s)

2018-12-14 10:56:48 - [TEST_STEP][PASSED] - click(findTestObject("Backoffice/match_mgmt/button_create_match")): Object: 'Object Repository/Backoffice/match_mgmt/button_create_match' is clicked on

2018-12-14 10:56:49 - [MESSAGE][PASSED] - Object: 'Object Repository/Backoffice/match_mgmt/button_create_match' is clicked on

2018-12-14 10:56:49 - [TEST_STEP][PASSED] - delay(1): Delayed 1 second(s)

2018-12-14 10:56:50 - [MESSAGE][PASSED] - Delayed 1 second(s)

2018-12-14 10:56:50 - [TEST_STEP][PASSED] - click(findTestObject("Backoffice/match_mgmt/span_select_arena_name")): Object: 'Object Repository/Backoffice/match_mgmt/span_select_arena_name' is clicked on

2018-12-14 10:56:50 - [MESSAGE][PASSED] - Object: 'Object Repository/Backoffice/match_mgmt/span_select_arena_name' is clicked on

2018-12-14 10:56:50 - [TEST_STEP][PASSED] - setText(findTestObject("Backoffice/match_mgmt/input__select2-search__arena_name"), Arena_Acronym): Text 'ROLIGON MEGA COCKPIT - RMC' is set on object 'Object Repository/Backoffice/match_mgmt/input__select2-search__arena_name'

2018-12-14 10:56:52 - [MESSAGE][PASSED] - Text 'ROLIGON MEGA COCKPIT - RMC' is set on object 'Object Repository/Backoffice/match_mgmt/input__select2-search__arena_name'

2018-12-14 10:56:52 - [TEST_STEP][PASSED] - sendKeys(findTestObject("Backoffice/match_mgmt/input__select2-search__arena_name"), Keys.chord(ENTER)): Keys 'ENTER + ' sent to object: 'Object Repository/Backoffice/match_mgmt/input__select2-search__arena_name'

2018-12-14 10:56:52 - [MESSAGE][PASSED] - Keys 'ENTER + ' sent to object: 'Object Repository/Backoffice/match_mgmt/input__select2-search__arena_name'

2018-12-14 10:56:52 - [TEST_STEP][PASSED] - setText(findTestObject("Backoffice/match_mgmt/meron_details/input_meron_name"), Meron_Name): Text 'AA' is set on object 'Object Repository/Backoffice/match_mgmt/meron_details/input_meron_name'

2018-12-14 10:56:53 - [MESSAGE][PASSED] - Text 'AA' is set on object 'Object Repository/Backoffice/match_mgmt/meron_details/input_meron_name'

2018-12-14 10:56:53 - [TEST_STEP][PASSED] - setText(findTestObject("Backoffice/match_mgmt/meron_details/input_meron_farm"), Meron_Farm): Text 'Farm 1' is set on object 'Object Repository/Backoffice/match_mgmt/meron_details/input_meron_farm'

2018-12-14 10:56:53 - [MESSAGE][PASSED] - Text 'Farm 1' is set on object 'Object Repository/Backoffice/match_mgmt/meron_details/input_meron_farm'

2018-12-14 10:56:53 - [TEST_STEP][PASSED] - setText(findTestObject("Backoffice/match_mgmt/meron_details/input_meron_breed"), Meron_Breed): Text 'Breed 1' is set on object 'Object Repository/Backoffice/match_mgmt/meron_details/input_meron_breed'

2018-12-14 10:56:53 - [MESSAGE][PASSED] - Text 'Breed 1' is set on object 'Object Repository/Backoffice/match_mgmt/meron_details/input_meron_breed'

2018-12-14 10:56:53 - [TEST_STEP][PASSED] - setText(findTestObject("Backoffice/match_mgmt/meron_details/input_meron_weight"), Meron_Weight): Text 'Weight 1' is set on object 'Object Repository/Backoffice/match_mgmt/meron_details/input_meron_weight'

2018-12-14 10:56:54 - [MESSAGE][PASSED] - Text 'Weight 1' is set on object 'Object Repository/Backoffice/match_mgmt/meron_details/input_meron_weight'

2018-12-14 10:56:54 - [TEST_STEP][PASSED] - setText(findTestObject("Backoffice/match_mgmt/wala_details/input_wala_name"), Wala_Name): Text 'BB' is set on object 'Object Repository/Backoffice/match_mgmt/wala_details/input_wala_name'

2018-12-14 10:56:54 - [MESSAGE][PASSED] - Text 'BB' is set on object 'Object Repository/Backoffice/match_mgmt/wala_details/input_wala_name'

2018-12-14 10:56:54 - [TEST_STEP][PASSED] - setText(findTestObject("Backoffice/match_mgmt/wala_details/input_wala_farm"), Wala_Farm): Text 'Farm 2' is set on object 'Object Repository/Backoffice/match_mgmt/wala_details/input_wala_farm'

2018-12-14 10:56:55 - [MESSAGE][PASSED] - Text 'Farm 2' is set on object 'Object Repository/Backoffice/match_mgmt/wala_details/input_wala_farm'

2018-12-14 10:56:55 - [TEST_STEP][PASSED] - setText(findTestObject("Backoffice/match_mgmt/wala_details/input_wala_breed"), Wala_Breed): Text 'Breed 2' is set on object 'Object Repository/Backoffice/match_mgmt/wala_details/input_wala_breed'

2018-12-14 10:56:55 - [MESSAGE][PASSED] - Text 'Breed 2' is set on object 'Object Repository/Backoffice/match_mgmt/wala_details/input_wala_breed'

2018-12-14 10:56:55 - [TEST_STEP][PASSED] - setText(findTestObject("Backoffice/match_mgmt/wala_details/input_wala_weight"), Wala_Weight): Text 'Weight 2' is set on object 'Object Repository/Backoffice/match_mgmt/wala_details/input_wala_weight'

2018-12-14 10:56:56 - [MESSAGE][PASSED] - Text 'Weight 2' is set on object 'Object Repository/Backoffice/match_mgmt/wala_details/input_wala_weight'

2018-12-14 10:56:56 - [TEST_STEP][PASSED] - click(findTestObject("Backoffice/match_mgmt/input_submit_match")): Object: 'Object Repository/Backoffice/match_mgmt/input_submit_match' is clicked on

2018-12-14 10:57:02 - [MESSAGE][PASSED] - Object: 'Object Repository/Backoffice/match_mgmt/input_submit_match' is clicked on

2018-12-14 10:57:02 - [TEST_STEP][PASSED] - delay(1): Delayed 1 second(s)

2018-12-14 10:57:03 - [MESSAGE][PASSED] - Delayed 1 second(s)

2018-12-14 10:57:03 - [TEST_STEP][PASSED] - click(findTestObject("Backoffice/match_mgmt/button_create_match")): Object: 'Object Repository/Backoffice/match_mgmt/button_create_match' is clicked on

2018-12-14 10:57:04 - [MESSAGE][PASSED] - Object: 'Object Repository/Backoffice/match_mgmt/button_create_match' is clicked on

2018-12-14 10:57:04 - [TEST_STEP][PASSED] - delay(1): Delayed 1 second(s)

2018-12-14 10:57:05 - [MESSAGE][PASSED] - Delayed 1 second(s)

2018-12-14 10:57:05 - [TEST_STEP][PASSED] - click(findTestObject("Backoffice/match_mgmt/span_select_arena_name")): Object: 'Object Repository/Backoffice/match_mgmt/span_select_arena_name' is clicked on

2018-12-14 10:57:05 - [MESSAGE][PASSED] - Object: 'Object Repository/Backoffice/match_mgmt/span_select_arena_name' is clicked on

2018-12-14 10:57:05 - [TEST_STEP][PASSED] - setText(findTestObject("Backoffice/match_mgmt/input__select2-search__arena_name"), Arena_Acronym): Text 'ROLIGON MEGA COCKPIT - RMC' is set on object 'Object Repository/Backoffice/match_mgmt/input__select2-search__arena_name'

2018-12-14 10:57:07 - [MESSAGE][PASSED] - Text 'ROLIGON MEGA COCKPIT - RMC' is set on object 'Object Repository/Backoffice/match_mgmt/input__select2-search__arena_name'

2018-12-14 10:57:07 - [TEST_STEP][PASSED] - sendKeys(findTestObject("Backoffice/match_mgmt/input__select2-search__arena_name"), Keys.chord(ENTER)): Keys 'ENTER + ' sent to object: 'Object Repository/Backoffice/match_mgmt/input__select2-search__arena_name'

2018-12-14 10:57:07 - [MESSAGE][PASSED] - Keys 'ENTER + ' sent to object: 'Object Repository/Backoffice/match_mgmt/input__select2-search__arena_name'

2018-12-14 10:57:07 - [TEST_STEP][PASSED] - setText(findTestObject("Backoffice/match_mgmt/meron_details/input_meron_name"), Meron_Name): Text 'AA' is set on object 'Object Repository/Backoffice/match_mgmt/meron_details/input_meron_name'

2018-12-14 10:57:08 - [MESSAGE][PASSED] - Text 'AA' is set on object 'Object Repository/Backoffice/match_mgmt/meron_details/input_meron_name'

2018-12-14 10:57:08 - [TEST_STEP][PASSED] - setText(findTestObject("Backoffice/match_mgmt/meron_details/input_meron_farm"), Meron_Farm): Text 'Farm 1' is set on object 'Object Repository/Backoffice/match_mgmt/meron_details/input_meron_farm'

2018-12-14 10:57:08 - [MESSAGE][PASSED] - Text 'Farm 1' is set on object 'Object Repository/Backoffice/match_mgmt/meron_details/input_meron_farm'

2018-12-14 10:57:08 - [TEST_STEP][PASSED] - setText(findTestObject("Backoffice/match_mgmt/meron_details/input_meron_breed"), Meron_Breed): Text 'Breed 1' is set on object 'Object Repository/Backoffice/match_mgmt/meron_details/input_meron_breed'

2018-12-14 10:57:09 - [MESSAGE][PASSED] - Text 'Breed 1' is set on object 'Object Repository/Backoffice/match_mgmt/meron_details/input_meron_breed'

2018-12-14 10:57:09 - [TEST_STEP][PASSED] - setText(findTestObject("Backoffice/match_mgmt/meron_details/input_meron_weight"), Meron_Weight): Text 'Weight 1' is set on object 'Object Repository/Backoffice/match_mgmt/meron_details/input_meron_weight'

2018-12-14 10:57:09 - [MESSAGE][PASSED] - Text 'Weight 1' is set on object 'Object Repository/Backoffice/match_mgmt/meron_details/input_meron_weight'

2018-12-14 10:57:09 - [TEST_STEP][PASSED] - setText(findTestObject("Backoffice/match_mgmt/wala_details/input_wala_name"), Wala_Name): Text 'BB' is set on object 'Object Repository/Backoffice/match_mgmt/wala_details/input_wala_name'

2018-12-14 10:57:09 - [MESSAGE][PASSED] - Text 'BB' is set on object 'Object Repository/Backoffice/match_mgmt/wala_details/input_wala_name'

2018-12-14 10:57:09 - [TEST_STEP][PASSED] - setText(findTestObject("Backoffice/match_mgmt/wala_details/input_wala_farm"), Wala_Farm): Text 'Farm 2' is set on object 'Object Repository/Backoffice/match_mgmt/wala_details/input_wala_farm'

2018-12-14 10:57:10 - [MESSAGE][PASSED] - Text 'Farm 2' is set on object 'Object Repository/Backoffice/match_mgmt/wala_details/input_wala_farm'

2018-12-14 10:57:10 - [TEST_STEP][PASSED] - setText(findTestObject("Backoffice/match_mgmt/wala_details/input_wala_breed"), Wala_Breed): Text 'Breed 2' is set on object 'Object Repository/Backoffice/match_mgmt/wala_details/input_wala_breed'

2018-12-14 10:57:10 - [MESSAGE][PASSED] - Text 'Breed 2' is set on object 'Object Repository/Backoffice/match_mgmt/wala_details/input_wala_breed'

2018-12-14 10:57:10 - [TEST_STEP][PASSED] - setText(findTestObject("Backoffice/match_mgmt/wala_details/input_wala_weight"), Wala_Weight): Text 'Weight 2' is set on object 'Object Repository/Backoffice/match_mgmt/wala_details/input_wala_weight'

2018-12-14 10:57:11 - [MESSAGE][PASSED] - Text 'Weight 2' is set on object 'Object Repository/Backoffice/match_mgmt/wala_details/input_wala_weight'

2018-12-14 10:57:11 - [TEST_STEP][PASSED] - click(findTestObject("Backoffice/match_mgmt/input_submit_match")): Object: 'Object Repository/Backoffice/match_mgmt/input_submit_match' is clicked on

2018-12-14 10:57:15 - [MESSAGE][PASSED] - Object: 'Object Repository/Backoffice/match_mgmt/input_submit_match' is clicked on

2018-12-14 10:57:15 - [TEST_STEP][PASSED] - delay(1): Delayed 1 second(s)

2018-12-14 10:57:16 - [MESSAGE][PASSED] - Delayed 1 second(s)

2018-12-14 10:57:16 - [TEST_STEP][PASSED] - click(findTestObject("Backoffice/match_mgmt/button_create_match")): Object: 'Object Repository/Backoffice/match_mgmt/button_create_match' is clicked on

2018-12-14 10:57:16 - [MESSAGE][PASSED] - Object: 'Object Repository/Backoffice/match_mgmt/button_create_match' is clicked on

2018-12-14 10:57:16 - [TEST_STEP][PASSED] - delay(1): Delayed 1 second(s)

2018-12-14 10:57:17 - [MESSAGE][PASSED] - Delayed 1 second(s)

2018-12-14 10:57:17 - [TEST_STEP][PASSED] - click(findTestObject("Backoffice/match_mgmt/span_select_arena_name")): Object: 'Object Repository/Backoffice/match_mgmt/span_select_arena_name' is clicked on

2018-12-14 10:57:18 - [MESSAGE][PASSED] - Object: 'Object Repository/Backoffice/match_mgmt/span_select_arena_name' is clicked on

2018-12-14 10:57:18 - [TEST_STEP][PASSED] - setText(findTestObject("Backoffice/match_mgmt/input__select2-search__arena_name"), Arena_Acronym): Text 'ROLIGON MEGA COCKPIT - RMC' is set on object 'Object Repository/Backoffice/match_mgmt/input__select2-search__arena_name'

2018-12-14 10:57:20 - [MESSAGE][PASSED] - Text 'ROLIGON MEGA COCKPIT - RMC' is set on object 'Object Repository/Backoffice/match_mgmt/input__select2-search__arena_name'

2018-12-14 10:57:20 - [TEST_STEP][PASSED] - sendKeys(findTestObject("Backoffice/match_mgmt/input__select2-search__arena_name"), Keys.chord(ENTER)): Keys 'ENTER + ' sent to object: 'Object Repository/Backoffice/match_mgmt/input__select2-search__arena_name'

2018-12-14 10:57:20 - [MESSAGE][PASSED] - Keys 'ENTER + ' sent to object: 'Object Repository/Backoffice/match_mgmt/input__select2-search__arena_name'

2018-12-14 10:57:20 - [TEST_STEP][PASSED] - setText(findTestObject("Backoffice/match_mgmt/meron_details/input_meron_name"), Meron_Name): Text 'AA' is set on object 'Object Repository/Backoffice/match_mgmt/meron_details/input_meron_name'

2018-12-14 10:57:20 - [MESSAGE][PASSED] - Text 'AA' is set on object 'Object Repository/Backoffice/match_mgmt/meron_details/input_meron_name'

2018-12-14 10:57:20 - [TEST_STEP][PASSED] - setText(findTestObject("Backoffice/match_mgmt/meron_details/input_meron_farm"), Meron_Farm): Text 'Farm 1' is set on object 'Object Repository/Backoffice/match_mgmt/meron_details/input_meron_farm'

2018-12-14 10:57:21 - [MESSAGE][PASSED] - Text 'Farm 1' is set on object 'Object Repository/Backoffice/match_mgmt/meron_details/input_meron_farm'

2018-12-14 10:57:21 - [TEST_STEP][PASSED] - setText(findTestObject("Backoffice/match_mgmt/meron_details/input_meron_breed"), Meron_Breed): Text 'Breed 1' is set on object 'Object Repository/Backoffice/match_mgmt/meron_details/input_meron_breed'

2018-12-14 10:57:21 - [MESSAGE][PASSED] - Text 'Breed 1' is set on object 'Object Repository/Backoffice/match_mgmt/meron_details/input_meron_breed'

2018-12-14 10:57:21 - [TEST_STEP][PASSED] - setText(findTestObject("Backoffice/match_mgmt/meron_details/input_meron_weight"), Meron_Weight): Text 'Weight 1' is set on object 'Object Repository/Backoffice/match_mgmt/meron_details/input_meron_weight'

2018-12-14 10:57:22 - [MESSAGE][PASSED] - Text 'Weight 1' is set on object 'Object Repository/Backoffice/match_mgmt/meron_details/input_meron_weight'

2018-12-14 10:57:22 - [TEST_STEP][PASSED] - setText(findTestObject("Backoffice/match_mgmt/wala_details/input_wala_name"), Wala_Name): Text 'BB' is set on object 'Object Repository/Backoffice/match_mgmt/wala_details/input_wala_name'

2018-12-14 10:57:22 - [MESSAGE][PASSED] - Text 'BB' is set on object 'Object Repository/Backoffice/match_mgmt/wala_details/input_wala_name'

2018-12-14 10:57:22 - [TEST_STEP][PASSED] - setText(findTestObject("Backoffice/match_mgmt/wala_details/input_wala_farm"), Wala_Farm): Text 'Farm 2' is set on object 'Object Repository/Backoffice/match_mgmt/wala_details/input_wala_farm'

2018-12-14 10:57:22 - [MESSAGE][PASSED] - Text 'Farm 2' is set on object 'Object Repository/Backoffice/match_mgmt/wala_details/input_wala_farm'

2018-12-14 10:57:22 - [TEST_STEP][PASSED] - setText(findTestObject("Backoffice/match_mgmt/wala_details/input_wala_breed"), Wala_Breed): Text 'Breed 2' is set on object 'Object Repository/Backoffice/match_mgmt/wala_details/input_wala_breed'

2018-12-14 10:57:23 - [MESSAGE][PASSED] - Text 'Breed 2' is set on object 'Object Repository/Backoffice/match_mgmt/wala_details/input_wala_breed'

2018-12-14 10:57:23 - [TEST_STEP][PASSED] - setText(findTestObject("Backoffice/match_mgmt/wala_details/input_wala_weight"), Wala_Weight): Text 'Weight 2' is set on object 'Object Repository/Backoffice/match_mgmt/wala_details/input_wala_weight'

2018-12-14 10:57:23 - [MESSAGE][PASSED] - Text 'Weight 2' is set on object 'Object Repository/Backoffice/match_mgmt/wala_details/input_wala_weight'

2018-12-14 10:57:23 - [TEST_STEP][PASSED] - click(findTestObject("Backoffice/match_mgmt/input_submit_match")): Object: 'Object Repository/Backoffice/match_mgmt/input_submit_match' is clicked on

2018-12-14 10:57:28 - [MESSAGE][PASSED] - Object: 'Object Repository/Backoffice/match_mgmt/input_submit_match' is clicked on

2018-12-14 10:57:28 - [TEST_STEP][PASSED] - delay(1): Delayed 1 second(s)

2018-12-14 10:57:29 - [MESSAGE][PASSED] - Delayed 1 second(s)

2018-12-14 10:57:29 - [TEST_STEP][PASSED] - click(findTestObject("Backoffice/match_mgmt/button_create_match")): Object: 'Object Repository/Backoffice/match_mgmt/button_create_match' is clicked on

2018-12-14 10:57:29 - [MESSAGE][PASSED] - Object: 'Object Repository/Backoffice/match_mgmt/button_create_match' is clicked on

2018-12-14 10:57:29 - [TEST_STEP][PASSED] - delay(1): Delayed 1 second(s)

2018-12-14 10:57:30 - [MESSAGE][PASSED] - Delayed 1 second(s)

2018-12-14 10:57:30 - [TEST_STEP][PASSED] - click(findTestObject("Backoffice/match_mgmt/span_select_arena_name")): Object: 'Object Repository/Backoffice/match_mgmt/span_select_arena_name' is clicked on

2018-12-14 10:57:30 - [MESSAGE][PASSED] - Object: 'Object Repository/Backoffice/match_mgmt/span_select_arena_name' is clicked on

2018-12-14 10:57:30 - [TEST_STEP][PASSED] - setText(findTestObject("Backoffice/match_mgmt/input__select2-search__arena_name"), Arena_Acronym): Text 'ROLIGON MEGA COCKPIT - RMC' is set on object 'Object Repository/Backoffice/match_mgmt/input__select2-search__arena_name'

2018-12-14 10:57:32 - [MESSAGE][PASSED] - Text 'ROLIGON MEGA COCKPIT - RMC' is set on object 'Object Repository/Backoffice/match_mgmt/input__select2-search__arena_name'

2018-12-14 10:57:32 - [TEST_STEP][PASSED] - sendKeys(findTestObject("Backoffice/match_mgmt/input__select2-search__arena_name"), Keys.chord(ENTER)): Keys 'ENTER + ' sent to object: 'Object Repository/Backoffice/match_mgmt/input__select2-search__arena_name'

2018-12-14 10:57:32 - [MESSAGE][PASSED] - Keys 'ENTER + ' sent to object: 'Object Repository/Backoffice/match_mgmt/input__select2-search__arena_name'

2018-12-14 10:57:33 - [TEST_STEP][PASSED] - setText(findTestObject("Backoffice/match_mgmt/meron_details/input_meron_name"), Meron_Name): Text 'AA' is set on object 'Object Repository/Backoffice/match_mgmt/meron_details/input_meron_name'

2018-12-14 10:57:33 - [MESSAGE][PASSED] - Text 'AA' is set on object 'Object Repository/Backoffice/match_mgmt/meron_details/input_meron_name'

2018-12-14 10:57:33 - [TEST_STEP][PASSED] - setText(findTestObject("Backoffice/match_mgmt/meron_details/input_meron_farm"), Meron_Farm): Text 'Farm 1' is set on object 'Object Repository/Backoffice/match_mgmt/meron_details/input_meron_farm'

2018-12-14 10:57:33 - [MESSAGE][PASSED] - Text 'Farm 1' is set on object 'Object Repository/Backoffice/match_mgmt/meron_details/input_meron_farm'

2018-12-14 10:57:33 - [TEST_STEP][PASSED] - setText(findTestObject("Backoffice/match_mgmt/meron_details/input_meron_breed"), Meron_Breed): Text 'Breed 1' is set on object 'Object Repository/Backoffice/match_mgmt/meron_details/input_meron_breed'

2018-12-14 10:57:34 - [MESSAGE][PASSED] - Text 'Breed 1' is set on object 'Object Repository/Backoffice/match_mgmt/meron_details/input_meron_breed'

2018-12-14 10:57:34 - [TEST_STEP][PASSED] - setText(findTestObject("Backoffice/match_mgmt/meron_details/input_meron_weight"), Meron_Weight): Text 'Weight 1' is set on object 'Object Repository/Backoffice/match_mgmt/meron_details/input_meron_weight'

2018-12-14 10:57:34 - [MESSAGE][PASSED] - Text 'Weight 1' is set on object 'Object Repository/Backoffice/match_mgmt/meron_details/input_meron_weight'

2018-12-14 10:57:34 - [TEST_STEP][PASSED] - setText(findTestObject("Backoffice/match_mgmt/wala_details/input_wala_name"), Wala_Name): Text 'BB' is set on object 'Object Repository/Backoffice/match_mgmt/wala_details/input_wala_name'

2018-12-14 10:57:35 - [MESSAGE][PASSED] - Text 'BB' is set on object 'Object Repository/Backoffice/match_mgmt/wala_details/input_wala_name'

2018-12-14 10:57:35 - [TEST_STEP][PASSED] - setText(findTestObject("Backoffice/match_mgmt/wala_details/input_wala_farm"), Wala_Farm): Text 'Farm 2' is set on object 'Object Repository/Backoffice/match_mgmt/wala_details/input_wala_farm'

2018-12-14 10:57:35 - [MESSAGE][PASSED] - Text 'Farm 2' is set on object 'Object Repository/Backoffice/match_mgmt/wala_details/input_wala_farm'

2018-12-14 10:57:35 - [TEST_STEP][PASSED] - setText(findTestObject("Backoffice/match_mgmt/wala_details/input_wala_breed"), Wala_Breed): Text 'Breed 2' is set on object 'Object Repository/Backoffice/match_mgmt/wala_details/input_wala_breed'

2018-12-14 10:57:35 - [MESSAGE][PASSED] - Text 'Breed 2' is set on object 'Object Repository/Backoffice/match_mgmt/wala_details/input_wala_breed'

2018-12-14 10:57:35 - [TEST_STEP][PASSED] - setText(findTestObject("Backoffice/match_mgmt/wala_details/input_wala_weight"), Wala_Weight): Text 'Weight 2' is set on object 'Object Repository/Backoffice/match_mgmt/wala_details/input_wala_weight'

2018-12-14 10:57:36 - [MESSAGE][PASSED] - Text 'Weight 2' is set on object 'Object Repository/Backoffice/match_mgmt/wala_details/input_wala_weight'

2018-12-14 10:57:36 - [TEST_STEP][PASSED] - click(findTestObject("Backoffice/match_mgmt/input_submit_match")): Object: 'Object Repository/Backoffice/match_mgmt/input_submit_match' is clicked on

2018-12-14 10:57:40 - [MESSAGE][PASSED] - Object: 'Object Repository/Backoffice/match_mgmt/input_submit_match' is clicked on

2018-12-14 10:57:40 - [TEST_STEP][PASSED] - delay(1): Delayed 1 second(s)

2018-12-14 10:57:41 - [MESSAGE][PASSED] - Delayed 1 second(s)

2018-12-14 10:57:41 - [TEST_STEP][PASSED] - click(findTestObject("Backoffice/match_mgmt/button_create_match")): Object: 'Object Repository/Backoffice/match_mgmt/button_create_match' is clicked on

2018-12-14 10:57:41 - [MESSAGE][PASSED] - Object: 'Object Repository/Backoffice/match_mgmt/button_create_match' is clicked on

2018-12-14 10:57:41 - [TEST_STEP][PASSED] - delay(1): Delayed 1 second(s)

2018-12-14 10:57:42 - [MESSAGE][PASSED] - Delayed 1 second(s)

2018-12-14 10:57:42 - [TEST_STEP][PASSED] - click(findTestObject("Backoffice/match_mgmt/span_select_arena_name")): Object: 'Object Repository/Backoffice/match_mgmt/span_select_arena_name' is clicked on

2018-12-14 10:57:43 - [MESSAGE][PASSED] - Object: 'Object Repository/Backoffice/match_mgmt/span_select_arena_name' is clicked on

2018-12-14 10:57:43 - [TEST_STEP][PASSED] - setText(findTestObject("Backoffice/match_mgmt/input__select2-search__arena_name"), Arena_Acronym): Text 'ROLIGON MEGA COCKPIT - RMC' is set on object 'Object Repository/Backoffice/match_mgmt/input__select2-search__arena_name'

2018-12-14 10:57:45 - [MESSAGE][PASSED] - Text 'ROLIGON MEGA COCKPIT - RMC' is set on object 'Object Repository/Backoffice/match_mgmt/input__select2-search__arena_name'

2018-12-14 10:57:45 - [TEST_STEP][PASSED] - sendKeys(findTestObject("Backoffice/match_mgmt/input__select2-search__arena_name"), Keys.chord(ENTER)): Keys 'ENTER + ' sent to object: 'Object Repository/Backoffice/match_mgmt/input__select2-search__arena_name'

2018-12-14 10:57:45 - [MESSAGE][PASSED] - Keys 'ENTER + ' sent to object: 'Object Repository/Backoffice/match_mgmt/input__select2-search__arena_name'

2018-12-14 10:57:45 - [TEST_STEP][PASSED] - setText(findTestObject("Backoffice/match_mgmt/meron_details/input_meron_name"), Meron_Name): Text 'AA' is set on object 'Object Repository/Backoffice/match_mgmt/meron_details/input_meron_name'

2018-12-14 10:57:45 - [MESSAGE][PASSED] - Text 'AA' is set on object 'Object Repository/Backoffice/match_mgmt/meron_details/input_meron_name'

2018-12-14 10:57:45 - [TEST_STEP][PASSED] - setText(findTestObject("Backoffice/match_mgmt/meron_details/input_meron_farm"), Meron_Farm): Text 'Farm 1' is set on object 'Object Repository/Backoffice/match_mgmt/meron_details/input_meron_farm'

2018-12-14 10:57:46 - [MESSAGE][PASSED] - Text 'Farm 1' is set on object 'Object Repository/Backoffice/match_mgmt/meron_details/input_meron_farm'

2018-12-14 10:57:46 - [TEST_STEP][PASSED] - setText(findTestObject("Backoffice/match_mgmt/meron_details/input_meron_breed"), Meron_Breed): Text 'Breed 1' is set on object 'Object Repository/Backoffice/match_mgmt/meron_details/input_meron_breed'

2018-12-14 10:57:46 - [MESSAGE][PASSED] - Text 'Breed 1' is set on object 'Object Repository/Backoffice/match_mgmt/meron_details/input_meron_breed'

2018-12-14 10:57:46 - [TEST_STEP][PASSED] - setText(findTestObject("Backoffice/match_mgmt/meron_details/input_meron_weight"), Meron_Weight): Text 'Weight 1' is set on object 'Object Repository/Backoffice/match_mgmt/meron_details/input_meron_weight'

2018-12-14 10:57:47 - [MESSAGE][PASSED] - Text 'Weight 1' is set on object 'Object Repository/Backoffice/match_mgmt/meron_details/input_meron_weight'

2018-12-14 10:57:47 - [TEST_STEP][PASSED] - setText(findTestObject("Backoffice/match_mgmt/wala_details/input_wala_name"), Wala_Name): Text 'BB' is set on object 'Object Repository/Backoffice/match_mgmt/wala_details/input_wala_name'

2018-12-14 10:57:47 - [MESSAGE][PASSED] - Text 'BB' is set on object 'Object Repository/Backoffice/match_mgmt/wala_details/input_wala_name'

2018-12-14 10:57:47 - [TEST_STEP][PASSED] - setText(findTestObject("Backoffice/match_mgmt/wala_details/input_wala_farm"), Wala_Farm): Text 'Farm 2' is set on object 'Object Repository/Backoffice/match_mgmt/wala_details/input_wala_farm'

2018-12-14 10:57:48 - [MESSAGE][PASSED] - Text 'Farm 2' is set on object 'Object Repository/Backoffice/match_mgmt/wala_details/input_wala_farm'

2018-12-14 10:57:48 - [TEST_STEP][PASSED] - setText(findTestObject("Backoffice/match_mgmt/wala_details/input_wala_breed"), Wala_Breed): Text 'Breed 2' is set on object 'Object Repository/Backoffice/match_mgmt/wala_details/input_wala_breed'

2018-12-14 10:57:48 - [MESSAGE][PASSED] - Text 'Breed 2' is set on object 'Object Repository/Backoffice/match_mgmt/wala_details/input_wala_breed'

2018-12-14 10:57:48 - [TEST_STEP][PASSED] - setText(findTestObject("Backoffice/match_mgmt/wala_details/input_wala_weight"), Wala_Weight): Text 'Weight 2' is set on object 'Object Repository/Backoffice/match_mgmt/wala_details/input_wala_weight'

2018-12-14 10:57:48 - [MESSAGE][PASSED] - Text 'Weight 2' is set on object 'Object Repository/Backoffice/match_mgmt/wala_details/input_wala_weight'

2018-12-14 10:57:48 - [TEST_STEP][PASSED] - click(findTestObject("Backoffice/match_mgmt/input_submit_match")): Object: 'Object Repository/Backoffice/match_mgmt/input_submit_match' is clicked on

2018-12-14 10:57:54 - [MESSAGE][PASSED] - Object: 'Object Repository/Backoffice/match_mgmt/input_submit_match' is clicked on

2018-12-14 10:57:54 - [TEST_STEP][PASSED] - delay(1): Delayed 1 second(s)

2018-12-14 10:57:55 - [MESSAGE][PASSED] - Delayed 1 second(s)

2018-12-14 10:57:55 - [TEST_STEP][PASSED] - click(findTestObject("Backoffice/match_mgmt/button_create_match")): Object: 'Object Repository/Backoffice/match_mgmt/button_create_match' is clicked on

2018-12-14 10:57:55 - [MESSAGE][PASSED] - Object: 'Object Repository/Backoffice/match_mgmt/button_create_match' is clicked on

2018-12-14 10:57:55 - [TEST_STEP][PASSED] - delay(1): Delayed 1 second(s)

2018-12-14 10:57:56 - [MESSAGE][PASSED] - Delayed 1 second(s)

2018-12-14 10:57:56 - [TEST_STEP][PASSED] - click(findTestObject("Backoffice/match_mgmt/span_select_arena_name")): Object: 'Object Repository/Backoffice/match_mgmt/span_select_arena_name' is clicked on

2018-12-14 10:57:57 - [MESSAGE][PASSED] - Object: 'Object Repository/Backoffice/match_mgmt/span_select_arena_name' is clicked on

2018-12-14 10:57:57 - [TEST_STEP][PASSED] - setText(findTestObject("Backoffice/match_mgmt/input__select2-search__arena_name"), Arena_Acronym): Text 'ROLIGON MEGA COCKPIT - RMC' is set on object 'Object Repository/Backoffice/match_mgmt/input__select2-search__arena_name'

2018-12-14 10:57:59 - [MESSAGE][PASSED] - Text 'ROLIGON MEGA COCKPIT - RMC' is set on object 'Object Repository/Backoffice/match_mgmt/input__select2-search__arena_name'

2018-12-14 10:57:59 - [TEST_STEP][PASSED] - sendKeys(findTestObject("Backoffice/match_mgmt/input__select2-search__arena_name"), Keys.chord(ENTER)): Keys 'ENTER + ' sent to object: 'Object Repository/Backoffice/match_mgmt/input__select2-search__arena_name'

2018-12-14 10:57:59 - [MESSAGE][PASSED] - Keys 'ENTER + ' sent to object: 'Object Repository/Backoffice/match_mgmt/input__select2-search__arena_name'

2018-12-14 10:57:59 - [TEST_STEP][PASSED] - setText(findTestObject("Backoffice/match_mgmt/meron_details/input_meron_name"), Meron_Name): Text 'AA' is set on object 'Object Repository/Backoffice/match_mgmt/meron_details/input_meron_name'

2018-12-14 10:57:59 - [MESSAGE][PASSED] - Text 'AA' is set on object 'Object Repository/Backoffice/match_mgmt/meron_details/input_meron_name'

2018-12-14 10:57:59 - [TEST_STEP][PASSED] - setText(findTestObject("Backoffice/match_mgmt/meron_details/input_meron_farm"), Meron_Farm): Text 'Farm 1' is set on object 'Object Repository/Backoffice/match_mgmt/meron_details/input_meron_farm'

2018-12-14 10:58:00 - [MESSAGE][PASSED] - Text 'Farm 1' is set on object 'Object Repository/Backoffice/match_mgmt/meron_details/input_meron_farm'

2018-12-14 10:58:00 - [TEST_STEP][PASSED] - setText(findTestObject("Backoffice/match_mgmt/meron_details/input_meron_breed"), Meron_Breed): Text 'Breed 1' is set on object 'Object Repository/Backoffice/match_mgmt/meron_details/input_meron_breed'

2018-12-14 10:58:00 - [MESSAGE][PASSED] - Text 'Breed 1' is set on object 'Object Repository/Backoffice/match_mgmt/meron_details/input_meron_breed'

2018-12-14 10:58:00 - [TEST_STEP][PASSED] - setText(findTestObject("Backoffice/match_mgmt/meron_details/input_meron_weight"), Meron_Weight): Text 'Weight 1' is set on object 'Object Repository/Backoffice/match_mgmt/meron_details/input_meron_weight'

2018-12-14 10:58:00 - [MESSAGE][PASSED] - Text 'Weight 1' is set on object 'Object Repository/Backoffice/match_mgmt/meron_details/input_meron_weight'

2018-12-14 10:58:00 - [TEST_STEP][PASSED] - setText(findTestObject("Backoffice/match_mgmt/wala_details/input_wala_name"), Wala_Name): Text 'BB' is set on object 'Object Repository/Backoffice/match_mgmt/wala_details/input_wala_name'

2018-12-14 10:58:01 - [MESSAGE][PASSED] - Text 'BB' is set on object 'Object Repository/Backoffice/match_mgmt/wala_details/input_wala_name'

2018-12-14 10:58:01 - [TEST_STEP][PASSED] - setText(findTestObject("Backoffice/match_mgmt/wala_details/input_wala_farm"), Wala_Farm): Text 'Farm 2' is set on object 'Object Repository/Backoffice/match_mgmt/wala_details/input_wala_farm'

2018-12-14 10:58:01 - [MESSAGE][PASSED] - Text 'Farm 2' is set on object 'Object Repository/Backoffice/match_mgmt/wala_details/input_wala_farm'

2018-12-14 10:58:01 - [TEST_STEP][PASSED] - setText(findTestObject("Backoffice/match_mgmt/wala_details/input_wala_breed"), Wala_Breed): Text 'Breed 2' is set on object 'Object Repository/Backoffice/match_mgmt/wala_details/input_wala_breed'

2018-12-14 10:58:02 - [MESSAGE][PASSED] - Text 'Breed 2' is set on object 'Object Repository/Backoffice/match_mgmt/wala_details/input_wala_breed'

2018-12-14 10:58:02 - [TEST_STEP][PASSED] - setText(findTestObject("Backoffice/match_mgmt/wala_details/input_wala_weight"), Wala_Weight): Text 'Weight 2' is set on object 'Object Repository/Backoffice/match_mgmt/wala_details/input_wala_weight'

2018-12-14 10:58:02 - [MESSAGE][PASSED] - Text 'Weight 2' is set on object 'Object Repository/Backoffice/match_mgmt/wala_details/input_wala_weight'

2018-12-14 10:58:02 - [TEST_STEP][PASSED] - click(findTestObject("Backoffice/match_mgmt/input_submit_match")): Object: 'Object Repository/Backoffice/match_mgmt/input_submit_match' is clicked on

2018-12-14 10:58:09 - [MESSAGE][PASSED] - Object: 'Object Repository/Backoffice/match_mgmt/input_submit_match' is clicked on

2018-12-14 10:58:09 - [TEST_STEP][PASSED] - delay(1): Delayed 1 second(s)

2018-12-14 10:58:10 - [MESSAGE][PASSED] - Delayed 1 second(s)

2018-12-14 10:58:10 - [TEST_STEP][PASSED] - click(findTestObject("Backoffice/match_mgmt/button_create_match")): Object: 'Object Repository/Backoffice/match_mgmt/button_create_match' is clicked on

2018-12-14 10:58:10 - [MESSAGE][PASSED] - Object: 'Object Repository/Backoffice/match_mgmt/button_create_match' is clicked on

2018-12-14 10:58:10 - [TEST_STEP][PASSED] - delay(1): Delayed 1 second(s)

2018-12-14 10:58:11 - [MESSAGE][PASSED] - Delayed 1 second(s)

2018-12-14 10:58:11 - [TEST_STEP][PASSED] - click(findTestObject("Backoffice/match_mgmt/span_select_arena_name")): Object: 'Object Repository/Backoffice/match_mgmt/span_select_arena_name' is clicked on

2018-12-14 10:58:12 - [MESSAGE][PASSED] - Object: 'Object Repository/Backoffice/match_mgmt/span_select_arena_name' is clicked on

2018-12-14 10:58:12 - [TEST_STEP][PASSED] - setText(findTestObject("Backoffice/match_mgmt/input__select2-search__arena_name"), Arena_Acronym): Text 'ROLIGON MEGA COCKPIT - RMC' is set on object 'Object Repository/Backoffice/match_mgmt/input__select2-search__arena_name'

2018-12-14 10:58:13 - [MESSAGE][PASSED] - Text 'ROLIGON MEGA COCKPIT - RMC' is set on object 'Object Repository/Backoffice/match_mgmt/input__select2-search__arena_name'

2018-12-14 10:58:13 - [TEST_STEP][PASSED] - sendKeys(findTestObject("Backoffice/match_mgmt/input__select2-search__arena_name"), Keys.chord(ENTER)): Keys 'ENTER + ' sent to object: 'Object Repository/Backoffice/match_mgmt/input__select2-search__arena_name'

2018-12-14 10:58:14 - [MESSAGE][PASSED] - Keys 'ENTER + ' sent to object: 'Object Repository/Backoffice/match_mgmt/input__select2-search__arena_name'

2018-12-14 10:58:14 - [TEST_STEP][PASSED] - setText(findTestObject("Backoffice/match_mgmt/meron_details/input_meron_name"), Meron_Name): Text 'AA' is set on object 'Object Repository/Backoffice/match_mgmt/meron_details/input_meron_name'

2018-12-14 10:58:14 - [MESSAGE][PASSED] - Text 'AA' is set on object 'Object Repository/Backoffice/match_mgmt/meron_details/input_meron_name'

2018-12-14 10:58:14 - [TEST_STEP][PASSED] - setText(findTestObject("Backoffice/match_mgmt/meron_details/input_meron_farm"), Meron_Farm): Text 'Farm 1' is set on object 'Object Repository/Backoffice/match_mgmt/meron_details/input_meron_farm'

2018-12-14 10:58:14 - [MESSAGE][PASSED] - Text 'Farm 1' is set on object 'Object Repository/Backoffice/match_mgmt/meron_details/input_meron_farm'

2018-12-14 10:58:14 - [TEST_STEP][PASSED] - setText(findTestObject("Backoffice/match_mgmt/meron_details/input_meron_breed"), Meron_Breed): Text 'Breed 1' is set on object 'Object Repository/Backoffice/match_mgmt/meron_details/input_meron_breed'

2018-12-14 10:58:15 - [MESSAGE][PASSED] - Text 'Breed 1' is set on object 'Object Repository/Backoffice/match_mgmt/meron_details/input_meron_breed'

2018-12-14 10:58:15 - [TEST_STEP][PASSED] - setText(findTestObject("Backoffice/match_mgmt/meron_details/input_meron_weight"), Meron_Weight): Text 'Weight 1' is set on object 'Object Repository/Backoffice/match_mgmt/meron_details/input_meron_weight'

2018-12-14 10:58:15 - [MESSAGE][PASSED] - Text 'Weight 1' is set on object 'Object Repository/Backoffice/match_mgmt/meron_details/input_meron_weight'

2018-12-14 10:58:15 - [TEST_STEP][PASSED] - setText(findTestObject("Backoffice/match_mgmt/wala_details/input_wala_name"), Wala_Name): Text 'BB' is set on object 'Object Repository/Backoffice/match_mgmt/wala_details/input_wala_name'

2018-12-14 10:58:16 - [MESSAGE][PASSED] - Text 'BB' is set on object 'Object Repository/Backoffice/match_mgmt/wala_details/input_wala_name'

2018-12-14 10:58:16 - [TEST_STEP][PASSED] - setText(findTestObject("Backoffice/match_mgmt/wala_details/input_wala_farm"), Wala_Farm): Text 'Farm 2' is set on object 'Object Repository/Backoffice/match_mgmt/wala_details/input_wala_farm'

2018-12-14 10:58:16 - [MESSAGE][PASSED] - Text 'Farm 2' is set on object 'Object Repository/Backoffice/match_mgmt/wala_details/input_wala_farm'

2018-12-14 10:58:16 - [TEST_STEP][PASSED] - setText(findTestObject("Backoffice/match_mgmt/wala_details/input_wala_breed"), Wala_Breed): Text 'Breed 2' is set on object 'Object Repository/Backoffice/match_mgmt/wala_details/input_wala_breed'

2018-12-14 10:58:16 - [MESSAGE][PASSED] - Text 'Breed 2' is set on object 'Object Repository/Backoffice/match_mgmt/wala_details/input_wala_breed'

2018-12-14 10:58:16 - [TEST_STEP][PASSED] - setText(findTestObject("Backoffice/match_mgmt/wala_details/input_wala_weight"), Wala_Weight): Text 'Weight 2' is set on object 'Object Repository/Backoffice/match_mgmt/wala_details/input_wala_weight'

2018-12-14 10:58:17 - [MESSAGE][PASSED] - Text 'Weight 2' is set on object 'Object Repository/Backoffice/match_mgmt/wala_details/input_wala_weight'

2018-12-14 10:58:17 - [TEST_STEP][PASSED] - click(findTestObject("Backoffice/match_mgmt/input_submit_match")): Object: 'Object Repository/Backoffice/match_mgmt/input_submit_match' is clicked on

2018-12-14 10:58:20 - [MESSAGE][PASSED] - Object: 'Object Repository/Backoffice/match_mgmt/input_submit_match' is clicked on

2018-12-14 10:58:20 - [TEST_STEP][PASSED] - delay(1): Delayed 1 second(s)

2018-12-14 10:58:21 - [MESSAGE][PASSED] - Delayed 1 second(s)

2018-12-14 10:58:21 - [TEST_STEP][PASSED] - click(findTestObject("Backoffice/match_mgmt/button_create_match")): Object: 'Object Repository/Backoffice/match_mgmt/button_create_match' is clicked on

2018-12-14 10:58:22 - [MESSAGE][PASSED] - Object: 'Object Repository/Backoffice/match_mgmt/button_create_match' is clicked on

2018-12-14 10:58:22 - [TEST_STEP][PASSED] - delay(1): Delayed 1 second(s)

2018-12-14 10:58:23 - [MESSAGE][PASSED] - Delayed 1 second(s)

2018-12-14 10:58:23 - [TEST_STEP][PASSED] - click(findTestObject("Backoffice/match_mgmt/span_select_arena_name")): Object: 'Object Repository/Backoffice/match_mgmt/span_select_arena_name' is clicked on

2018-12-14 10:58:23 - [MESSAGE][PASSED] - Object: 'Object Repository/Backoffice/match_mgmt/span_select_arena_name' is clicked on

2018-12-14 10:58:23 - [TEST_STEP][PASSED] - setText(findTestObject("Backoffice/match_mgmt/input__select2-search__arena_name"), Arena_Acronym): Text 'ROLIGON MEGA COCKPIT - RMC' is set on object 'Object Repository/Backoffice/match_mgmt/input__select2-search__arena_name'

2018-12-14 10:58:26 - [MESSAGE][PASSED] - Text 'ROLIGON MEGA COCKPIT - RMC' is set on object 'Object Repository/Backoffice/match_mgmt/input__select2-search__arena_name'

2018-12-14 10:58:26 - [TEST_STEP][PASSED] - sendKeys(findTestObject("Backoffice/match_mgmt/input__select2-search__arena_name"), Keys.chord(ENTER)): Keys 'ENTER + ' sent to object: 'Object Repository/Backoffice/match_mgmt/input__select2-search__arena_name'

2018-12-14 10:58:26 - [MESSAGE][PASSED] - Keys 'ENTER + ' sent to object: 'Object Repository/Backoffice/match_mgmt/input__select2-search__arena_name'

2018-12-14 10:58:26 - [TEST_STEP][PASSED] - setText(findTestObject("Backoffice/match_mgmt/meron_details/input_meron_name"), Meron_Name): Text 'AA' is set on object 'Object Repository/Backoffice/match_mgmt/meron_details/input_meron_name'

2018-12-14 10:58:26 - [MESSAGE][PASSED] - Text 'AA' is set on object 'Object Repository/Backoffice/match_mgmt/meron_details/input_meron_name'

2018-12-14 10:58:26 - [TEST_STEP][PASSED] - setText(findTestObject("Backoffice/match_mgmt/meron_details/input_meron_farm"), Meron_Farm): Text 'Farm 1' is set on object 'Object Repository/Backoffice/match_mgmt/meron_details/input_meron_farm'

2018-12-14 10:58:27 - [MESSAGE][PASSED] - Text 'Farm 1' is set on object 'Object Repository/Backoffice/match_mgmt/meron_details/input_meron_farm'

2018-12-14 10:58:27 - [TEST_STEP][PASSED] - setText(findTestObject("Backoffice/match_mgmt/meron_details/input_meron_breed"), Meron_Breed): Text 'Breed 1' is set on object 'Object Repository/Backoffice/match_mgmt/meron_details/input_meron_breed'

2018-12-14 10:58:27 - [MESSAGE][PASSED] - Text 'Breed 1' is set on object 'Object Repository/Backoffice/match_mgmt/meron_details/input_meron_breed'

2018-12-14 10:58:27 - [TEST_STEP][PASSED] - setText(findTestObject("Backoffice/match_mgmt/meron_details/input_meron_weight"), Meron_Weight): Text 'Weight 1' is set on object 'Object Repository/Backoffice/match_mgmt/meron_details/input_meron_weight'

2018-12-14 10:58:28 - [MESSAGE][PASSED] - Text 'Weight 1' is set on object 'Object Repository/Backoffice/match_mgmt/meron_details/input_meron_weight'

2018-12-14 10:58:28 - [TEST_STEP][PASSED] - setText(findTestObject("Backoffice/match_mgmt/wala_details/input_wala_name"), Wala_Name): Text 'BB' is set on object 'Object Repository/Backoffice/match_mgmt/wala_details/input_wala_name'

2018-12-14 10:58:28 - [MESSAGE][PASSED] - Text 'BB' is set on object 'Object Repository/Backoffice/match_mgmt/wala_details/input_wala_name'

2018-12-14 10:58:28 - [TEST_STEP][PASSED] - setText(findTestObject("Backoffice/match_mgmt/wala_details/input_wala_farm"), Wala_Farm): Text 'Farm 2' is set on object 'Object Repository/Backoffice/match_mgmt/wala_details/input_wala_farm'

2018-12-14 10:58:28 - [MESSAGE][PASSED] - Text 'Farm 2' is set on object 'Object Repository/Backoffice/match_mgmt/wala_details/input_wala_farm'

2018-12-14 10:58:28 - [TEST_STEP][PASSED] - setText(findTestObject("Backoffice/match_mgmt/wala_details/input_wala_breed"), Wala_Breed): Text 'Breed 2' is set on object 'Object Repository/Backoffice/match_mgmt/wala_details/input_wala_breed'

2018-12-14 10:58:29 - [MESSAGE][PASSED] - Text 'Breed 2' is set on object 'Object Repository/Backoffice/match_mgmt/wala_details/input_wala_breed'

2018-12-14 10:58:29 - [TEST_STEP][PASSED] - setText(findTestObject("Backoffice/match_mgmt/wala_details/input_wala_weight"), Wala_Weight): Text 'Weight 2' is set on object 'Object Repository/Backoffice/match_mgmt/wala_details/input_wala_weight'

2018-12-14 10:58:29 - [MESSAGE][PASSED] - Text 'Weight 2' is set on object 'Object Repository/Backoffice/match_mgmt/wala_details/input_wala_weight'

2018-12-14 10:58:29 - [TEST_STEP][PASSED] - click(findTestObject("Backoffice/match_mgmt/input_submit_match")): Object: 'Object Repository/Backoffice/match_mgmt/input_submit_match' is clicked on

2018-12-14 10:58:34 - [MESSAGE][PASSED] - Object: 'Object Repository/Backoffice/match_mgmt/input_submit_match' is clicked on

2018-12-14 10:58:34 - [TEST_STEP][PASSED] - delay(1): Delayed 1 second(s)

2018-12-14 10:58:35 - [MESSAGE][PASSED] - Delayed 1 second(s)

2018-12-14 10:58:35 - [TEST_STEP][PASSED] - click(findTestObject("Backoffice/match_mgmt/button_create_match")): Object: 'Object Repository/Backoffice/match_mgmt/button_create_match' is clicked on

2018-12-14 10:58:36 - [MESSAGE][PASSED] - Object: 'Object Repository/Backoffice/match_mgmt/button_create_match' is clicked on

2018-12-14 10:58:36 - [TEST_STEP][PASSED] - delay(1): Delayed 1 second(s)

2018-12-14 10:58:37 - [MESSAGE][PASSED] - Delayed 1 second(s)

2018-12-14 10:58:37 - [TEST_STEP][PASSED] - click(findTestObject("Backoffice/match_mgmt/span_select_arena_name")): Object: 'Object Repository/Backoffice/match_mgmt/span_select_arena_name' is clicked on

2018-12-14 10:58:37 - [MESSAGE][PASSED] - Object: 'Object Repository/Backoffice/match_mgmt/span_select_arena_name' is clicked on

2018-12-14 10:58:37 - [TEST_STEP][PASSED] - setText(findTestObject("Backoffice/match_mgmt/input__select2-search__arena_name"), Arena_Acronym): Text 'ROLIGON MEGA COCKPIT - RMC' is set on object 'Object Repository/Backoffice/match_mgmt/input__select2-search__arena_name'

2018-12-14 10:58:39 - [MESSAGE][PASSED] - Text 'ROLIGON MEGA COCKPIT - RMC' is set on object 'Object Repository/Backoffice/match_mgmt/input__select2-search__arena_name'

2018-12-14 10:58:39 - [TEST_STEP][PASSED] - sendKeys(findTestObject("Backoffice/match_mgmt/input__select2-search__arena_name"), Keys.chord(ENTER)): Keys 'ENTER + ' sent to object: 'Object Repository/Backoffice/match_mgmt/input__select2-search__arena_name'

2018-12-14 10:58:39 - [MESSAGE][PASSED] - Keys 'ENTER + ' sent to object: 'Object Repository/Backoffice/match_mgmt/input__select2-search__arena_name'

2018-12-14 10:58:39 - [TEST_STEP][PASSED] - setText(findTestObject("Backoffice/match_mgmt/meron_details/input_meron_name"), Meron_Name): Text 'AA' is set on object 'Object Repository/Backoffice/match_mgmt/meron_details/input_meron_name'

2018-12-14 10:58:40 - [MESSAGE][PASSED] - Text 'AA' is set on object 'Object Repository/Backoffice/match_mgmt/meron_details/input_meron_name'

2018-12-14 10:58:40 - [TEST_STEP][PASSED] - setText(findTestObject("Backoffice/match_mgmt/meron_details/input_meron_farm"), Meron_Farm): Text 'Farm 1' is set on object 'Object Repository/Backoffice/match_mgmt/meron_details/input_meron_farm'

2018-12-14 10:58:40 - [MESSAGE][PASSED] - Text 'Farm 1' is set on object 'Object Repository/Backoffice/match_mgmt/meron_details/input_meron_farm'

2018-12-14 10:58:40 - [TEST_STEP][PASSED] - setText(findTestObject("Backoffice/match_mgmt/meron_details/input_meron_breed"), Meron_Breed): Text 'Breed 1' is set on object 'Object Repository/Backoffice/match_mgmt/meron_details/input_meron_breed'

2018-12-14 10:58:41 - [MESSAGE][PASSED] - Text 'Breed 1' is set on object 'Object Repository/Backoffice/match_mgmt/meron_details/input_meron_breed'

2018-12-14 10:58:41 - [TEST_STEP][PASSED] - setText(findTestObject("Backoffice/match_mgmt/meron_details/input_meron_weight"), Meron_Weight): Text 'Weight 1' is set on object 'Object Repository/Backoffice/match_mgmt/meron_details/input_meron_weight'

2018-12-14 10:58:41 - [MESSAGE][PASSED] - Text 'Weight 1' is set on object 'Object Repository/Backoffice/match_mgmt/meron_details/input_meron_weight'

2018-12-14 10:58:41 - [TEST_STEP][PASSED] - setText(findTestObject("Backoffice/match_mgmt/wala_details/input_wala_name"), Wala_Name): Text 'BB' is set on object 'Object Repository/Backoffice/match_mgmt/wala_details/input_wala_name'

2018-12-14 10:58:41 - [MESSAGE][PASSED] - Text 'BB' is set on object 'Object Repository/Backoffice/match_mgmt/wala_details/input_wala_name'

2018-12-14 10:58:41 - [TEST_STEP][PASSED] - setText(findTestObject("Backoffice/match_mgmt/wala_details/input_wala_farm"), Wala_Farm): Text 'Farm 2' is set on object 'Object Repository/Backoffice/match_mgmt/wala_details/input_wala_farm'

2018-12-14 10:58:42 - [MESSAGE][PASSED] - Text 'Farm 2' is set on object 'Object Repository/Backoffice/match_mgmt/wala_details/input_wala_farm'

2018-12-14 10:58:42 - [TEST_STEP][PASSED] - setText(findTestObject("Backoffice/match_mgmt/wala_details/input_wala_breed"), Wala_Breed): Text 'Breed 2' is set on object 'Object Repository/Backoffice/match_mgmt/wala_details/input_wala_breed'

2018-12-14 10:58:42 - [MESSAGE][PASSED] - Text 'Breed 2' is set on object 'Object Repository/Backoffice/match_mgmt/wala_details/input_wala_breed'

2018-12-14 10:58:42 - [TEST_STEP][PASSED] - setText(findTestObject("Backoffice/match_mgmt/wala_details/input_wala_weight"), Wala_Weight): Text 'Weight 2' is set on object 'Object Repository/Backoffice/match_mgmt/wala_details/input_wala_weight'

2018-12-14 10:58:43 - [MESSAGE][PASSED] - Text 'Weight 2' is set on object 'Object Repository/Backoffice/match_mgmt/wala_details/input_wala_weight'

2018-12-14 10:58:43 - [TEST_STEP][PASSED] - click(findTestObject("Backoffice/match_mgmt/input_submit_match")): Object: 'Object Repository/Backoffice/match_mgmt/input_submit_match' is clicked on

2018-12-14 10:58:49 - [MESSAGE][PASSED] - Object: 'Object Repository/Backoffice/match_mgmt/input_submit_match' is clicked on

2018-12-14 10:58:49 - [TEST_STEP][PASSED] - delay(1): Delayed 1 second(s)

2018-12-14 10:58:50 - [MESSAGE][PASSED] - Delayed 1 second(s)

2018-12-14 10:58:50 - [TEST_STEP][PASSED] - click(findTestObject("Backoffice/match_mgmt/button_create_match")): Object: 'Object Repository/Backoffice/match_mgmt/button_create_match' is clicked on

2018-12-14 10:58:50 - [MESSAGE][PASSED] - Object: 'Object Repository/Backoffice/match_mgmt/button_create_match' is clicked on

2018-12-14 10:58:50 - [TEST_STEP][PASSED] - delay(1): Delayed 1 second(s)

2018-12-14 10:58:51 - [MESSAGE][PASSED] - Delayed 1 second(s)

2018-12-14 10:58:51 - [TEST_STEP][PASSED] - click(findTestObject("Backoffice/match_mgmt/span_select_arena_name")): Object: 'Object Repository/Backoffice/match_mgmt/span_select_arena_name' is clicked on

2018-12-14 10:58:51 - [MESSAGE][PASSED] - Object: 'Object Repository/Backoffice/match_mgmt/span_select_arena_name' is clicked on

2018-12-14 10:58:51 - [TEST_STEP][PASSED] - setText(findTestObject("Backoffice/match_mgmt/input__select2-search__arena_name"), Arena_Acronym): Text 'ROLIGON MEGA COCKPIT - RMC' is set on object 'Object Repository/Backoffice/match_mgmt/input__select2-search__arena_name'

2018-12-14 10:58:54 - [MESSAGE][PASSED] - Text 'ROLIGON MEGA COCKPIT - RMC' is set on object 'Object Repository/Backoffice/match_mgmt/input__select2-search__arena_name'

2018-12-14 10:58:54 - [TEST_STEP][PASSED] - sendKeys(findTestObject("Backoffice/match_mgmt/input__select2-search__arena_name"), Keys.chord(ENTER)): Keys 'ENTER + ' sent to object: 'Object Repository/Backoffice/match_mgmt/input__select2-search__arena_name'

2018-12-14 10:58:54 - [MESSAGE][PASSED] - Keys 'ENTER + ' sent to object: 'Object Repository/Backoffice/match_mgmt/input__select2-search__arena_name'

2018-12-14 10:58:54 - [TEST_STEP][PASSED] - setText(findTestObject("Backoffice/match_mgmt/meron_details/input_meron_name"), Meron_Name): Text 'AA' is set on object 'Object Repository/Backoffice/match_mgmt/meron_details/input_meron_name'

2018-12-14 10:58:54 - [MESSAGE][PASSED] - Text 'AA' is set on object 'Object Repository/Backoffice/match_mgmt/meron_details/input_meron_name'

2018-12-14 10:58:54 - [TEST_STEP][PASSED] - setText(findTestObject("Backoffice/match_mgmt/meron_details/input_meron_farm"), Meron_Farm): Text 'Farm 1' is set on object 'Object Repository/Backoffice/match_mgmt/meron_details/input_meron_farm'

2018-12-14 10:58:55 - [MESSAGE][PASSED] - Text 'Farm 1' is set on object 'Object Repository/Backoffice/match_mgmt/meron_details/input_meron_farm'

2018-12-14 10:58:55 - [TEST_STEP][PASSED] - setText(findTestObject("Backoffice/match_mgmt/meron_details/input_meron_breed"), Meron_Breed): Text 'Breed 1' is set on object 'Object Repository/Backoffice/match_mgmt/meron_details/input_meron_breed'

2018-12-14 10:58:55 - [MESSAGE][PASSED] - Text 'Breed 1' is set on object 'Object Repository/Backoffice/match_mgmt/meron_details/input_meron_breed'

2018-12-14 10:58:55 - [TEST_STEP][PASSED] - setText(findTestObject("Backoffice/match_mgmt/meron_details/input_meron_weight"), Meron_Weight): Text 'Weight 1' is set on object 'Object Repository/Backoffice/match_mgmt/meron_details/input_meron_weight'

2018-12-14 10:58:56 - [MESSAGE][PASSED] - Text 'Weight 1' is set on object 'Object Repository/Backoffice/match_mgmt/meron_details/input_meron_weight'

2018-12-14 10:58:56 - [TEST_STEP][PASSED] - setText(findTestObject("Backoffice/match_mgmt/wala_details/input_wala_name"), Wala_Name): Text 'BB' is set on object 'Object Repository/Backoffice/match_mgmt/wala_details/input_wala_name'

2018-12-14 10:58:56 - [MESSAGE][PASSED] - Text 'BB' is set on object 'Object Repository/Backoffice/match_mgmt/wala_details/input_wala_name'

2018-12-14 10:58:56 - [TEST_STEP][PASSED] - setText(findTestObject("Backoffice/match_mgmt/wala_details/input_wala_farm"), Wala_Farm): Text 'Farm 2' is set on object 'Object Repository/Backoffice/match_mgmt/wala_details/input_wala_farm'

2018-12-14 10:58:56 - [MESSAGE][PASSED] - Text 'Farm 2' is set on object 'Object Repository/Backoffice/match_mgmt/wala_details/input_wala_farm'

2018-12-14 10:58:56 - [TEST_STEP][PASSED] - setText(findTestObject("Backoffice/match_mgmt/wala_details/input_wala_breed"), Wala_Breed): Text 'Breed 2' is set on object 'Object Repository/Backoffice/match_mgmt/wala_details/input_wala_breed'

2018-12-14 10:58:57 - [MESSAGE][PASSED] - Text 'Breed 2' is set on object 'Object Repository/Backoffice/match_mgmt/wala_details/input_wala_breed'

2018-12-14 10:58:57 - [TEST_STEP][PASSED] - setText(findTestObject("Backoffice/match_mgmt/wala_details/input_wala_weight"), Wala_Weight): Text 'Weight 2' is set on object 'Object Repository/Backoffice/match_mgmt/wala_details/input_wala_weight'

2018-12-14 10:58:57 - [MESSAGE][PASSED] - Text 'Weight 2' is set on object 'Object Repository/Backoffice/match_mgmt/wala_details/input_wala_weight'

2018-12-14 10:58:57 - [TEST_STEP][PASSED] - click(findTestObject("Backoffice/match_mgmt/input_submit_match")): Object: 'Object Repository/Backoffice/match_mgmt/input_submit_match' is clicked on

2018-12-14 10:59:03 - [MESSAGE][PASSED] - Object: 'Object Repository/Backoffice/match_mgmt/input_submit_match' is clicked on

2018-12-14 10:59:03 - [TEST_STEP][PASSED] - delay(1): Delayed 1 second(s)

2018-12-14 10:59:04 - [MESSAGE][PASSED] - Delayed 1 second(s)

2018-12-14 10:59:04 - [TEST_STEP][PASSED] - click(findTestObject("Backoffice/match_mgmt/button_create_match")): Object: 'Object Repository/Backoffice/match_mgmt/button_create_match' is clicked on

2018-12-14 10:59:04 - [MESSAGE][PASSED] - Object: 'Object Repository/Backoffice/match_mgmt/button_create_match' is clicked on

2018-12-14 10:59:04 - [TEST_STEP][PASSED] - delay(1): Delayed 1 second(s)

2018-12-14 10:59:05 - [MESSAGE][PASSED] - Delayed 1 second(s)

2018-12-14 10:59:05 - [TEST_STEP][PASSED] - click(findTestObject("Backoffice/match_mgmt/span_select_arena_name")): Object: 'Object Repository/Backoffice/match_mgmt/span_select_arena_name' is clicked on

2018-12-14 10:59:05 - [MESSAGE][PASSED] - Object: 'Object Repository/Backoffice/match_mgmt/span_select_arena_name' is clicked on

2018-12-14 10:59:05 - [TEST_STEP][PASSED] - setText(findTestObject("Backoffice/match_mgmt/input__select2-search__arena_name"), Arena_Acronym): Text 'ROLIGON MEGA COCKPIT - RMC' is set on object 'Object Repository/Backoffice/match_mgmt/input__select2-search__arena_name'

2018-12-14 10:59:08 - [MESSAGE][PASSED] - Text 'ROLIGON MEGA COCKPIT - RMC' is set on object 'Object Repository/Backoffice/match_mgmt/input__select2-search__arena_name'

2018-12-14 10:59:08 - [TEST_STEP][PASSED] - sendKeys(findTestObject("Backoffice/match_mgmt/input__select2-search__arena_name"), Keys.chord(ENTER)): Keys 'ENTER + ' sent to object: 'Object Repository/Backoffice/match_mgmt/input__select2-search__arena_name'

2018-12-14 10:59:08 - [MESSAGE][PASSED] - Keys 'ENTER + ' sent to object: 'Object Repository/Backoffice/match_mgmt/input__select2-search__arena_name'

2018-12-14 10:59:08 - [TEST_STEP][PASSED] - setText(findTestObject("Backoffice/match_mgmt/meron_details/input_meron_name"), Meron_Name): Text 'AA' is set on object 'Object Repository/Backoffice/match_mgmt/meron_details/input_meron_name'

2018-12-14 10:59:08 - [MESSAGE][PASSED] - Text 'AA' is set on object 'Object Repository/Backoffice/match_mgmt/meron_details/input_meron_name'

2018-12-14 10:59:08 - [TEST_STEP][PASSED] - setText(findTestObject("Backoffice/match_mgmt/meron_details/input_meron_farm"), Meron_Farm): Text 'Farm 1' is set on object 'Object Repository/Backoffice/match_mgmt/meron_details/input_meron_farm'

2018-12-14 10:59:09 - [MESSAGE][PASSED] - Text 'Farm 1' is set on object 'Object Repository/Backoffice/match_mgmt/meron_details/input_meron_farm'

2018-12-14 10:59:09 - [TEST_STEP][PASSED] - setText(findTestObject("Backoffice/match_mgmt/meron_details/input_meron_breed"), Meron_Breed): Text 'Breed 1' is set on object 'Object Repository/Backoffice/match_mgmt/meron_details/input_meron_breed'

2018-12-14 10:59:09 - [MESSAGE][PASSED] - Text 'Breed 1' is set on object 'Object Repository/Backoffice/match_mgmt/meron_details/input_meron_breed'

2018-12-14 10:59:09 - [TEST_STEP][PASSED] - setText(findTestObject("Backoffice/match_mgmt/meron_details/input_meron_weight"), Meron_Weight): Text 'Weight 1' is set on object 'Object Repository/Backoffice/match_mgmt/meron_details/input_meron_weight'

2018-12-14 10:59:09 - [MESSAGE][PASSED] - Text 'Weight 1' is set on object 'Object Repository/Backoffice/match_mgmt/meron_details/input_meron_weight'

2018-12-14 10:59:09 - [TEST_STEP][PASSED] - setText(findTestObject("Backoffice/match_mgmt/wala_details/input_wala_name"), Wala_Name): Text 'BB' is set on object 'Object Repository/Backoffice/match_mgmt/wala_details/input_wala_name'

2018-12-14 10:59:10 - [MESSAGE][PASSED] - Text 'BB' is set on object 'Object Repository/Backoffice/match_mgmt/wala_details/input_wala_name'

2018-12-14 10:59:10 - [TEST_STEP][PASSED] - setText(findTestObject("Backoffice/match_mgmt/wala_details/input_wala_farm"), Wala_Farm): Text 'Farm 2' is set on object 'Object Repository/Backoffice/match_mgmt/wala_details/input_wala_farm'

2018-12-14 10:59:10 - [MESSAGE][PASSED] - Text 'Farm 2' is set on object 'Object Repository/Backoffice/match_mgmt/wala_details/input_wala_farm'

2018-12-14 10:59:10 - [TEST_STEP][PASSED] - setText(findTestObject("Backoffice/match_mgmt/wala_details/input_wala_breed"), Wala_Breed): Text 'Breed 2' is set on object 'Object Repository/Backoffice/match_mgmt/wala_details/input_wala_breed'

2018-12-14 10:59:11 - [MESSAGE][PASSED] - Text 'Breed 2' is set on object 'Object Repository/Backoffice/match_mgmt/wala_details/input_wala_breed'

2018-12-14 10:59:11 - [TEST_STEP][PASSED] - setText(findTestObject("Backoffice/match_mgmt/wala_details/input_wala_weight"), Wala_Weight): Text 'Weight 2' is set on object 'Object Repository/Backoffice/match_mgmt/wala_details/input_wala_weight'

2018-12-14 10:59:11 - [MESSAGE][PASSED] - Text 'Weight 2' is set on object 'Object Repository/Backoffice/match_mgmt/wala_details/input_wala_weight'

2018-12-14 10:59:11 - [TEST_STEP][PASSED] - click(findTestObject("Backoffice/match_mgmt/input_submit_match")): Object: 'Object Repository/Backoffice/match_mgmt/input_submit_match' is clicked on

2018-12-14 10:59:16 - [MESSAGE][PASSED] - Object: 'Object Repository/Backoffice/match_mgmt/input_submit_match' is clicked on

2018-12-14 10:59:16 - [TEST_STEP][PASSED] - delay(1): Delayed 1 second(s)

2018-12-14 10:59:17 - [MESSAGE][PASSED] - Delayed 1 second(s)

2018-12-14 10:59:17 - [TEST_STEP][PASSED] - click(findTestObject("Backoffice/match_mgmt/button_create_match")): Object: 'Object Repository/Backoffice/match_mgmt/button_create_match' is clicked on

2018-12-14 10:59:17 - [MESSAGE][PASSED] - Object: 'Object Repository/Backoffice/match_mgmt/button_create_match' is clicked on

2018-12-14 10:59:17 - [TEST_STEP][PASSED] - delay(1): Delayed 1 second(s)

2018-12-14 10:59:18 - [MESSAGE][PASSED] - Delayed 1 second(s)

2018-12-14 10:59:18 - [TEST_STEP][PASSED] - click(findTestObject("Backoffice/match_mgmt/span_select_arena_name")): Object: 'Object Repository/Backoffice/match_mgmt/span_select_arena_name' is clicked on

2018-12-14 10:59:19 - [MESSAGE][PASSED] - Object: 'Object Repository/Backoffice/match_mgmt/span_select_arena_name' is clicked on

2018-12-14 10:59:19 - [TEST_STEP][PASSED] - setText(findTestObject("Backoffice/match_mgmt/input__select2-search__arena_name"), Arena_Acronym): Text 'ROLIGON MEGA COCKPIT - RMC' is set on object 'Object Repository/Backoffice/match_mgmt/input__select2-search__arena_name'

2018-12-14 10:59:21 - [MESSAGE][PASSED] - Text 'ROLIGON MEGA COCKPIT - RMC' is set on object 'Object Repository/Backoffice/match_mgmt/input__select2-search__arena_name'

2018-12-14 10:59:21 - [TEST_STEP][PASSED] - sendKeys(findTestObject("Backoffice/match_mgmt/input__select2-search__arena_name"), Keys.chord(ENTER)): Keys 'ENTER + ' sent to object: 'Object Repository/Backoffice/match_mgmt/input__select2-search__arena_name'

2018-12-14 10:59:21 - [MESSAGE][PASSED] - Keys 'ENTER + ' sent to object: 'Object Repository/Backoffice/match_mgmt/input__select2-search__arena_name'

2018-12-14 10:59:21 - [TEST_STEP][PASSED] - setText(findTestObject("Backoffice/match_mgmt/meron_details/input_meron_name"), Meron_Name): Text 'AA' is set on object 'Object Repository/Backoffice/match_mgmt/meron_details/input_meron_name'

2018-12-14 10:59:22 - [MESSAGE][PASSED] - Text 'AA' is set on object 'Object Repository/Backoffice/match_mgmt/meron_details/input_meron_name'

2018-12-14 10:59:22 - [TEST_STEP][PASSED] - setText(findTestObject("Backoffice/match_mgmt/meron_details/input_meron_farm"), Meron_Farm): Text 'Farm 1' is set on object 'Object Repository/Backoffice/match_mgmt/meron_details/input_meron_farm'

2018-12-14 10:59:22 - [MESSAGE][PASSED] - Text 'Farm 1' is set on object 'Object Repository/Backoffice/match_mgmt/meron_details/input_meron_farm'

2018-12-14 10:59:22 - [TEST_STEP][PASSED] - setText(findTestObject("Backoffice/match_mgmt/meron_details/input_meron_breed"), Meron_Breed): Text 'Breed 1' is set on object 'Object Repository/Backoffice/match_mgmt/meron_details/input_meron_breed'

2018-12-14 10:59:22 - [MESSAGE][PASSED] - Text 'Breed 1' is set on object 'Object Repository/Backoffice/match_mgmt/meron_details/input_meron_breed'

2018-12-14 10:59:22 - [TEST_STEP][PASSED] - setText(findTestObject("Backoffice/match_mgmt/meron_details/input_meron_weight"), Meron_Weight): Text 'Weight 1' is set on object 'Object Repository/Backoffice/match_mgmt/meron_details/input_meron_weight'

2018-12-14 10:59:23 - [MESSAGE][PASSED] - Text 'Weight 1' is set on object 'Object Repository/Backoffice/match_mgmt/meron_details/input_meron_weight'

2018-12-14 10:59:23 - [TEST_STEP][PASSED] - setText(findTestObject("Backoffice/match_mgmt/wala_details/input_wala_name"), Wala_Name): Text 'BB' is set on object 'Object Repository/Backoffice/match_mgmt/wala_details/input_wala_name'

2018-12-14 10:59:23 - [MESSAGE][PASSED] - Text 'BB' is set on object 'Object Repository/Backoffice/match_mgmt/wala_details/input_wala_name'

2018-12-14 10:59:23 - [TEST_STEP][PASSED] - setText(findTestObject("Backoffice/match_mgmt/wala_details/input_wala_farm"), Wala_Farm): Text 'Farm 2' is set on object 'Object Repository/Backoffice/match_mgmt/wala_details/input_wala_farm'

2018-12-14 10:59:24 - [MESSAGE][PASSED] - Text 'Farm 2' is set on object 'Object Repository/Backoffice/match_mgmt/wala_details/input_wala_farm'

2018-12-14 10:59:24 - [TEST_STEP][PASSED] - setText(findTestObject("Backoffice/match_mgmt/wala_details/input_wala_breed"), Wala_Breed): Text 'Breed 2' is set on object 'Object Repository/Backoffice/match_mgmt/wala_details/input_wala_breed'

2018-12-14 10:59:24 - [MESSAGE][PASSED] - Text 'Breed 2' is set on object 'Object Repository/Backoffice/match_mgmt/wala_details/input_wala_breed'

2018-12-14 10:59:24 - [TEST_STEP][PASSED] - setText(findTestObject("Backoffice/match_mgmt/wala_details/input_wala_weight"), Wala_Weight): Text 'Weight 2' is set on object 'Object Repository/Backoffice/match_mgmt/wala_details/input_wala_weight'

2018-12-14 10:59:25 - [MESSAGE][PASSED] - Text 'Weight 2' is set on object 'Object Repository/Backoffice/match_mgmt/wala_details/input_wala_weight'

2018-12-14 10:59:25 - [TEST_STEP][PASSED] - click(findTestObject("Backoffice/match_mgmt/input_submit_match")): Object: 'Object Repository/Backoffice/match_mgmt/input_submit_match' is clicked on

2018-12-14 10:59:29 - [MESSAGE][PASSED] - Object: 'Object Repository/Backoffice/match_mgmt/input_submit_match' is clicked on

2018-12-14 10:59:29 - [TEST_STEP][PASSED] - delay(1): Delayed 1 second(s)

2018-12-14 10:59:30 - [MESSAGE][PASSED] - Delayed 1 second(s)

2018-12-14 10:59:30 - [TEST_STEP][PASSED] - click(findTestObject("Backoffice/match_mgmt/button_create_match")): Object: 'Object Repository/Backoffice/match_mgmt/button_create_match' is clicked on

2018-12-14 10:59:30 - [MESSAGE][PASSED] - Object: 'Object Repository/Backoffice/match_mgmt/button_create_match' is clicked on

2018-12-14 10:59:30 - [TEST_STEP][PASSED] - delay(1): Delayed 1 second(s)

2018-12-14 10:59:31 - [MESSAGE][PASSED] - Delayed 1 second(s)

2018-12-14 10:59:31 - [TEST_STEP][PASSED] - click(findTestObject("Backoffice/match_mgmt/span_select_arena_name")): Object: 'Object Repository/Backoffice/match_mgmt/span_select_arena_name' is clicked on

2018-12-14 10:59:32 - [MESSAGE][PASSED] - Object: 'Object Repository/Backoffice/match_mgmt/span_select_arena_name' is clicked on

2018-12-14 10:59:32 - [TEST_STEP][PASSED] - setText(findTestObject("Backoffice/match_mgmt/input__select2-search__arena_name"), Arena_Acronym): Text 'ROLIGON MEGA COCKPIT - RMC' is set on object 'Object Repository/Backoffice/match_mgmt/input__select2-search__arena_name'

2018-12-14 10:59:34 - [MESSAGE][PASSED] - Text 'ROLIGON MEGA COCKPIT - RMC' is set on object 'Object Repository/Backoffice/match_mgmt/input__select2-search__arena_name'

2018-12-14 10:59:34 - [TEST_STEP][PASSED] - sendKeys(findTestObject("Backoffice/match_mgmt/input__select2-search__arena_name"), Keys.chord(ENTER)): Keys 'ENTER + ' sent to object: 'Object Repository/Backoffice/match_mgmt/input__select2-search__arena_name'

2018-12-14 10:59:34 - [MESSAGE][PASSED] - Keys 'ENTER + ' sent to object: 'Object Repository/Backoffice/match_mgmt/input__select2-search__arena_name'

2018-12-14 10:59:34 - [TEST_STEP][PASSED] - setText(findTestObject("Backoffice/match_mgmt/meron_details/input_meron_name"), Meron_Name): Text 'AA' is set on object 'Object Repository/Backoffice/match_mgmt/meron_details/input_meron_name'

2018-12-14 10:59:34 - [MESSAGE][PASSED] - Text 'AA' is set on object 'Object Repository/Backoffice/match_mgmt/meron_details/input_meron_name'

2018-12-14 10:59:34 - [TEST_STEP][PASSED] - setText(findTestObject("Backoffice/match_mgmt/meron_details/input_meron_farm"), Meron_Farm): Text 'Farm 1' is set on object 'Object Repository/Backoffice/match_mgmt/meron_details/input_meron_farm'

2018-12-14 10:59:35 - [MESSAGE][PASSED] - Text 'Farm 1' is set on object 'Object Repository/Backoffice/match_mgmt/meron_details/input_meron_farm'

2018-12-14 10:59:35 - [TEST_STEP][PASSED] - setText(findTestObject("Backoffice/match_mgmt/meron_details/input_meron_breed"), Meron_Breed): Text 'Breed 1' is set on object 'Object Repository/Backoffice/match_mgmt/meron_details/input_meron_breed'

2018-12-14 10:59:35 - [MESSAGE][PASSED] - Text 'Breed 1' is set on object 'Object Repository/Backoffice/match_mgmt/meron_details/input_meron_breed'

2018-12-14 10:59:35 - [TEST_STEP][PASSED] - setText(findTestObject("Backoffice/match_mgmt/meron_details/input_meron_weight"), Meron_Weight): Text 'Weight 1' is set on object 'Object Repository/Backoffice/match_mgmt/meron_details/input_meron_weight'

2018-12-14 10:59:36 - [MESSAGE][PASSED] - Text 'Weight 1' is set on object 'Object Repository/Backoffice/match_mgmt/meron_details/input_meron_weight'

2018-12-14 10:59:36 - [TEST_STEP][PASSED] - setText(findTestObject("Backoffice/match_mgmt/wala_details/input_wala_name"), Wala_Name): Text 'BB' is set on object 'Object Repository/Backoffice/match_mgmt/wala_details/input_wala_name'

2018-12-14 10:59:36 - [MESSAGE][PASSED] - Text 'BB' is set on object 'Object Repository/Backoffice/match_mgmt/wala_details/input_wala_name'

2018-12-14 10:59:36 - [TEST_STEP][PASSED] - setText(findTestObject("Backoffice/match_mgmt/wala_details/input_wala_farm"), Wala_Farm): Text 'Farm 2' is set on object 'Object Repository/Backoffice/match_mgmt/wala_details/input_wala_farm'

2018-12-14 10:59:36 - [MESSAGE][PASSED] - Text 'Farm 2' is set on object 'Object Repository/Backoffice/match_mgmt/wala_details/input_wala_farm'

2018-12-14 10:59:36 - [TEST_STEP][PASSED] - setText(findTestObject("Backoffice/match_mgmt/wala_details/input_wala_breed"), Wala_Breed): Text 'Breed 2' is set on object 'Object Repository/Backoffice/match_mgmt/wala_details/input_wala_breed'

2018-12-14 10:59:37 - [MESSAGE][PASSED] - Text 'Breed 2' is set on object 'Object Repository/Backoffice/match_mgmt/wala_details/input_wala_breed'

2018-12-14 10:59:37 - [TEST_STEP][PASSED] - setText(findTestObject("Backoffice/match_mgmt/wala_details/input_wala_weight"), Wala_Weight): Text 'Weight 2' is set on object 'Object Repository/Backoffice/match_mgmt/wala_details/input_wala_weight'

2018-12-14 10:59:37 - [MESSAGE][PASSED] - Text 'Weight 2' is set on object 'Object Repository/Backoffice/match_mgmt/wala_details/input_wala_weight'

2018-12-14 10:59:37 - [TEST_STEP][PASSED] - click(findTestObject("Backoffice/match_mgmt/input_submit_match")): Object: 'Object Repository/Backoffice/match_mgmt/input_submit_match' is clicked on

2018-12-14 10:59:43 - [MESSAGE][PASSED] - Object: 'Object Repository/Backoffice/match_mgmt/input_submit_match' is clicked on

2018-12-14 10:59:43 - [TEST_STEP][PASSED] - delay(1): Delayed 1 second(s)

2018-12-14 10:59:44 - [MESSAGE][PASSED] - Delayed 1 second(s)

2018-12-14 10:59:44 - [TEST_STEP][PASSED] - click(findTestObject("Backoffice/match_mgmt/button_create_match")): Object: 'Object Repository/Backoffice/match_mgmt/button_create_match' is clicked on

2018-12-14 10:59:45 - [MESSAGE][PASSED] - Object: 'Object Repository/Backoffice/match_mgmt/button_create_match' is clicked on

2018-12-14 10:59:45 - [TEST_STEP][PASSED] - delay(1): Delayed 1 second(s)

2018-12-14 10:59:46 - [MESSAGE][PASSED] - Delayed 1 second(s)

2018-12-14 10:59:46 - [TEST_STEP][PASSED] - click(findTestObject("Backoffice/match_mgmt/span_select_arena_name")): Object: 'Object Repository/Backoffice/match_mgmt/span_select_arena_name' is clicked on

2018-12-14 10:59:46 - [MESSAGE][PASSED] - Object: 'Object Repository/Backoffice/match_mgmt/span_select_arena_name' is clicked on

2018-12-14 10:59:46 - [TEST_STEP][PASSED] - setText(findTestObject("Backoffice/match_mgmt/input__select2-search__arena_name"), Arena_Acronym): Text 'ROLIGON MEGA COCKPIT - RMC' is set on object 'Object Repository/Backoffice/match_mgmt/input__select2-search__arena_name'

2018-12-14 10:59:48 - [MESSAGE][PASSED] - Text 'ROLIGON MEGA COCKPIT - RMC' is set on object 'Object Repository/Backoffice/match_mgmt/input__select2-search__arena_name'

2018-12-14 10:59:48 - [TEST_STEP][PASSED] - sendKeys(findTestObject("Backoffice/match_mgmt/input__select2-search__arena_name"), Keys.chord(ENTER)): Keys 'ENTER + ' sent to object: 'Object Repository/Backoffice/match_mgmt/input__select2-search__arena_name'

2018-12-14 10:59:48 - [MESSAGE][PASSED] - Keys 'ENTER + ' sent to object: 'Object Repository/Backoffice/match_mgmt/input__select2-search__arena_name'

2018-12-14 10:59:48 - [TEST_STEP][PASSED] - setText(findTestObject("Backoffice/match_mgmt/meron_details/input_meron_name"), Meron_Name): Text 'AA' is set on object 'Object Repository/Backoffice/match_mgmt/meron_details/input_meron_name'

2018-12-14 10:59:49 - [MESSAGE][PASSED] - Text 'AA' is set on object 'Object Repository/Backoffice/match_mgmt/meron_details/input_meron_name'

2018-12-14 10:59:49 - [TEST_STEP][PASSED] - setText(findTestObject("Backoffice/match_mgmt/meron_details/input_meron_farm"), Meron_Farm): Text 'Farm 1' is set on object 'Object Repository/Backoffice/match_mgmt/meron_details/input_meron_farm'

2018-12-14 10:59:49 - [MESSAGE][PASSED] - Text 'Farm 1' is set on object 'Object Repository/Backoffice/match_mgmt/meron_details/input_meron_farm'

2018-12-14 10:59:49 - [TEST_STEP][PASSED] - setText(findTestObject("Backoffice/match_mgmt/meron_details/input_meron_breed"), Meron_Breed): Text 'Breed 1' is set on object 'Object Repository/Backoffice/match_mgmt/meron_details/input_meron_breed'

2018-12-14 10:59:50 - [MESSAGE][PASSED] - Text 'Breed 1' is set on object 'Object Repository/Backoffice/match_mgmt/meron_details/input_meron_breed'

2018-12-14 10:59:50 - [TEST_STEP][PASSED] - setText(findTestObject("Backoffice/match_mgmt/meron_details/input_meron_weight"), Meron_Weight): Text 'Weight 1' is set on object 'Object Repository/Backoffice/match_mgmt/meron_details/input_meron_weight'

2018-12-14 10:59:50 - [MESSAGE][PASSED] - Text 'Weight 1' is set on object 'Object Repository/Backoffice/match_mgmt/meron_details/input_meron_weight'

2018-12-14 10:59:50 - [TEST_STEP][PASSED] - setText(findTestObject("Backoffice/match_mgmt/wala_details/input_wala_name"), Wala_Name): Text 'BB' is set on object 'Object Repository/Backoffice/match_mgmt/wala_details/input_wala_name'

2018-12-14 10:59:50 - [MESSAGE][PASSED] - Text 'BB' is set on object 'Object Repository/Backoffice/match_mgmt/wala_details/input_wala_name'

2018-12-14 10:59:50 - [TEST_STEP][PASSED] - setText(findTestObject("Backoffice/match_mgmt/wala_details/input_wala_farm"), Wala_Farm): Text 'Farm 2' is set on object 'Object Repository/Backoffice/match_mgmt/wala_details/input_wala_farm'

2018-12-14 10:59:51 - [MESSAGE][PASSED] - Text 'Farm 2' is set on object 'Object Repository/Backoffice/match_mgmt/wala_details/input_wala_farm'

2018-12-14 10:59:51 - [TEST_STEP][PASSED] - setText(findTestObject("Backoffice/match_mgmt/wala_details/input_wala_breed"), Wala_Breed): Text 'Breed 2' is set on object 'Object Repository/Backoffice/match_mgmt/wala_details/input_wala_breed'

2018-12-14 10:59:51 - [MESSAGE][PASSED] - Text 'Breed 2' is set on object 'Object Repository/Backoffice/match_mgmt/wala_details/input_wala_breed'

2018-12-14 10:59:51 - [TEST_STEP][PASSED] - setText(findTestObject("Backoffice/match_mgmt/wala_details/input_wala_weight"), Wala_Weight): Text 'Weight 2' is set on object 'Object Repository/Backoffice/match_mgmt/wala_details/input_wala_weight'

2018-12-14 10:59:52 - [MESSAGE][PASSED] - Text 'Weight 2' is set on object 'Object Repository/Backoffice/match_mgmt/wala_details/input_wala_weight'

2018-12-14 10:59:52 - [TEST_STEP][PASSED] - click(findTestObject("Backoffice/match_mgmt/input_submit_match")): Object: 'Object Repository/Backoffice/match_mgmt/input_submit_match' is clicked on

2018-12-14 10:59:57 - [MESSAGE][PASSED] - Object: 'Object Repository/Backoffice/match_mgmt/input_submit_match' is clicked on

2018-12-14 10:59:57 - [TEST_STEP][PASSED] - delay(1): Delayed 1 second(s)

2018-12-14 10:59:58 - [MESSAGE][PASSED] - Delayed 1 second(s)

2018-12-14 10:59:58 - [TEST_STEP][PASSED] - click(findTestObject("Backoffice/match_mgmt/button_create_match")): Object: 'Object Repository/Backoffice/match_mgmt/button_create_match' is clicked on

2018-12-14 10:59:58 - [MESSAGE][PASSED] - Object: 'Object Repository/Backoffice/match_mgmt/button_create_match' is clicked on

2018-12-14 10:59:58 - [TEST_STEP][PASSED] - delay(1): Delayed 1 second(s)

2018-12-14 10:59:59 - [MESSAGE][PASSED] - Delayed 1 second(s)

2018-12-14 10:59:59 - [TEST_STEP][PASSED] - click(findTestObject("Backoffice/match_mgmt/span_select_arena_name")): Object: 'Object Repository/Backoffice/match_mgmt/span_select_arena_name' is clicked on

2018-12-14 11:00:00 - [MESSAGE][PASSED] - Object: 'Object Repository/Backoffice/match_mgmt/span_select_arena_name' is clicked on

2018-12-14 11:00:00 - [TEST_STEP][PASSED] - setText(findTestObject("Backoffice/match_mgmt/input__select2-search__arena_name"), Arena_Acronym): Text 'ROLIGON MEGA COCKPIT - RMC' is set on object 'Object Repository/Backoffice/match_mgmt/input__select2-search__arena_name'

2018-12-14 11:00:02 - [MESSAGE][PASSED] - Text 'ROLIGON MEGA COCKPIT - RMC' is set on object 'Object Repository/Backoffice/match_mgmt/input__select2-search__arena_name'

2018-12-14 11:00:02 - [TEST_STEP][PASSED] - sendKeys(findTestObject("Backoffice/match_mgmt/input__select2-search__arena_name"), Keys.chord(ENTER)): Keys 'ENTER + ' sent to object: 'Object Repository/Backoffice/match_mgmt/input__select2-search__arena_name'

2018-12-14 11:00:02 - [MESSAGE][PASSED] - Keys 'ENTER + ' sent to object: 'Object Repository/Backoffice/match_mgmt/input__select2-search__arena_name'

2018-12-14 11:00:02 - [TEST_STEP][PASSED] - setText(findTestObject("Backoffice/match_mgmt/meron_details/input_meron_name"), Meron_Name): Text 'AA' is set on object 'Object Repository/Backoffice/match_mgmt/meron_details/input_meron_name'

2018-12-14 11:00:03 - [MESSAGE][PASSED] - Text 'AA' is set on object 'Object Repository/Backoffice/match_mgmt/meron_details/input_meron_name'

2018-12-14 11:00:03 - [TEST_STEP][PASSED] - setText(findTestObject("Backoffice/match_mgmt/meron_details/input_meron_farm"), Meron_Farm): Text 'Farm 1' is set on object 'Object Repository/Backoffice/match_mgmt/meron_details/input_meron_farm'

2018-12-14 11:00:03 - [MESSAGE][PASSED] - Text 'Farm 1' is set on object 'Object Repository/Backoffice/match_mgmt/meron_details/input_meron_farm'

2018-12-14 11:00:03 - [TEST_STEP][PASSED] - setText(findTestObject("Backoffice/match_mgmt/meron_details/input_meron_breed"), Meron_Breed): Text 'Breed 1' is set on object 'Object Repository/Backoffice/match_mgmt/meron_details/input_meron_breed'

2018-12-14 11:00:03 - [MESSAGE][PASSED] - Text 'Breed 1' is set on object 'Object Repository/Backoffice/match_mgmt/meron_details/input_meron_breed'

2018-12-14 11:00:03 - [TEST_STEP][PASSED] - setText(findTestObject("Backoffice/match_mgmt/meron_details/input_meron_weight"), Meron_Weight): Text 'Weight 1' is set on object 'Object Repository/Backoffice/match_mgmt/meron_details/input_meron_weight'

2018-12-14 11:00:04 - [MESSAGE][PASSED] - Text 'Weight 1' is set on object 'Object Repository/Backoffice/match_mgmt/meron_details/input_meron_weight'

2018-12-14 11:00:04 - [TEST_STEP][PASSED] - setText(findTestObject("Backoffice/match_mgmt/wala_details/input_wala_name"), Wala_Name): Text 'BB' is set on object 'Object Repository/Backoffice/match_mgmt/wala_details/input_wala_name'

2018-12-14 11:00:04 - [MESSAGE][PASSED] - Text 'BB' is set on object 'Object Repository/Backoffice/match_mgmt/wala_details/input_wala_name'

2018-12-14 11:00:04 - [TEST_STEP][PASSED] - setText(findTestObject("Backoffice/match_mgmt/wala_details/input_wala_farm"), Wala_Farm): Text 'Farm 2' is set on object 'Object Repository/Backoffice/match_mgmt/wala_details/input_wala_farm'

2018-12-14 11:00:05 - [MESSAGE][PASSED] - Text 'Farm 2' is set on object 'Object Repository/Backoffice/match_mgmt/wala_details/input_wala_farm'

2018-12-14 11:00:05 - [TEST_STEP][PASSED] - setText(findTestObject("Backoffice/match_mgmt/wala_details/input_wala_breed"), Wala_Breed): Text 'Breed 2' is set on object 'Object Repository/Backoffice/match_mgmt/wala_details/input_wala_breed'

2018-12-14 11:00:05 - [MESSAGE][PASSED] - Text 'Breed 2' is set on object 'Object Repository/Backoffice/match_mgmt/wala_details/input_wala_breed'

2018-12-14 11:00:05 - [TEST_STEP][PASSED] - setText(findTestObject("Backoffice/match_mgmt/wala_details/input_wala_weight"), Wala_Weight): Text 'Weight 2' is set on object 'Object Repository/Backoffice/match_mgmt/wala_details/input_wala_weight'

2018-12-14 11:00:05 - [MESSAGE][PASSED] - Text 'Weight 2' is set on object 'Object Repository/Backoffice/match_mgmt/wala_details/input_wala_weight'

2018-12-14 11:00:05 - [TEST_STEP][PASSED] - click(findTestObject("Backoffice/match_mgmt/input_submit_match")): Object: 'Object Repository/Backoffice/match_mgmt/input_submit_match' is clicked on

2018-12-14 11:00:10 - [MESSAGE][PASSED] - Object: 'Object Repository/Backoffice/match_mgmt/input_submit_match' is clicked on

2018-12-14 11:00:10 - [TEST_STEP][PASSED] - delay(1): Delayed 1 second(s)

2018-12-14 11:00:11 - [MESSAGE][PASSED] - Delayed 1 second(s)]]></system-out>
         <system-err><![CDATA[]]></system-err>
      </testcase>
      <system-out><![CDATA[2018-12-14 10:55:08 - [TEST_SUITE][PASSED] - match_RMC: Test Cases/DEV/Backoffice/create_match/create_match_loop_with_open_match]]></system-out>
      <system-err><![CDATA[]]></system-err>
   </testsuite>
</testsuites>
