<?xml version="1.0" encoding="UTF-8"?>
<testsuites name="match_ASC" time="1441" tests="0" failures="1" errors="0">
   <testsuite name="match_ASC" tests="0" failures="1" errors="0" time="1441" timestamp="2018-11-28 08:29:21" hostname="Administrator - WIN-A9QUABO2G0M" id="Test Suites/Backoffice/create_match_loop_with_open_match/match_ASC">
      <properties>
         <property name="deviceName" value=""/>
         <property name="devicePlatform" value=""/>
         <property name="logFolder" value="C:\\Users\\Administrator\\git\\JANINE_QA\\Reports\\Backoffice\\create_match_loop_with_open_match\\match_ASC\\20181128_082847"/>
         <property name="logFiles" value="C:\\Users\\Administrator\\git\\JANINE_QA\\Reports\\Backoffice\\create_match_loop_with_open_match\\match_ASC\\20181128_082847\\execution0.log, C:\\Users\\Administrator\\git\\JANINE_QA\\Reports\\Backoffice\\create_match_loop_with_open_match\\match_ASC\\20181128_082847\\execution1.log"/>
         <property name="attachments" value=""/>
         <property name="hostName" value="Administrator - WIN-A9QUABO2G0M"/>
         <property name="os" value="Windows Server 2016 64bit"/>
         <property name="katalonVersion" value="5.8.4.14"/>
         <property name="browser" value="Chrome 70.0.3538.102"/>
         <property name="hostAddress" value="192.168.111.1"/>
         <property name="sessionId" value="f82b1bc39b7544752e1ed250d150792f"/>
         <property name="seleniumVersion" value="3.7.1"/>
         <property name="proxyInformation" value="ProxyInformation{proxyOption=NO_PROXY, proxyServerType=HTTP, password=, proxyServerAddress=, proxyServerPort=0}"/>
         <property name="platform" value="Windows Server 2016"/>
      </properties>
      <testcase name="Test Cases/Backoffice/create_match/create_match_loop_with_open_match" classname="Test Cases/Backoffice/create_match/create_match_loop_with_open_match" status="FAILED">
         <failure type="FAILED" message="(Stack trace: com.kms.katalon.core.exception.StepFailedException: Unable to click on object 'Object Repository/Backoffice/match_mgmt/button_create_match' (Root cause: org.openqa.selenium.WebDriverException: unknown error: Element &lt;button class=&quot;btn btn-success btn-xs btn-circle&quot; data-toggle=&quot;modal&quot; href=&quot;#add-match&quot;>...&lt;/button> is not clickable at point (140, 388). Other element would receive the click: &lt;div class=&quot;modal fade in&quot; id=&quot;add-match&quot; tabindex=&quot;&quot; role=&quot;basic&quot; aria-hidden=&quot;true&quot; style=&quot;display: block;&quot;>...&lt;/div>
  (Session info: chrome=70.0.3538.102)
  (Driver info: chromedriver=2.35.528161 (5b82f2d2aae0ca24b877009200ced9065a772e73),platform=Windows NT 10.0.14393 x86_64) (WARNING: The server did not provide any stacktrace information)
Command duration or timeout: 0 milliseconds
Build info: version: '3.7.1', revision: '8a0099a', time: '2017-11-06T21:07:36.161Z'
System info: host: 'WIN-A9QUABO2G0M', ip: '192.168.111.1', os.name: 'Windows Server 2016', os.arch: 'amd64', os.version: '10.0', java.version: '1.8.0_181'
Driver info: com.kms.katalon.selenium.driver.CChromeDriver
Capabilities {acceptInsecureCerts: false, acceptSslCerts: false, applicationCacheEnabled: false, browserConnectionEnabled: false, browserName: chrome, chrome: {chromedriverVersion: 2.35.528161 (5b82f2d2aae0ca..., userDataDir: C:\Users\ADMINI~1\AppData\L...}, cssSelectorsEnabled: true, databaseEnabled: false, handlesAlerts: true, hasTouchScreen: false, javascriptEnabled: true, locationContextEnabled: true, mobileEmulationEnabled: false, nativeEvents: true, networkConnectionEnabled: false, pageLoadStrategy: normal, platform: XP, platformName: XP, rotatable: false, setWindowRect: true, takesHeapSnapshot: true, takesScreenshot: true, unexpectedAlertBehaviour: , unhandledPromptBehavior: , version: 70.0.3538.102, webStorageEnabled: true}
Session ID: f82b1bc39b7544752e1ed250d150792f)
	at com.kms.katalon.core.keyword.internal.KeywordMain.stepFailed(KeywordMain.groovy:36)
	at com.kms.katalon.core.webui.keyword.internal.WebUIKeywordMain.stepFailed(WebUIKeywordMain.groovy:65)
	at com.kms.katalon.core.webui.keyword.internal.WebUIKeywordMain.runKeyword(WebUIKeywordMain.groovy:27)
	at com.kms.katalon.core.webui.keyword.builtin.ClickKeyword.click(ClickKeyword.groovy:86)
	at com.kms.katalon.core.webui.keyword.builtin.ClickKeyword.execute(ClickKeyword.groovy:67)
	at com.kms.katalon.core.keyword.internal.KeywordExecutor.executeKeywordForPlatform(KeywordExecutor.groovy:53)
	at com.kms.katalon.core.webui.keyword.WebUiBuiltInKeywords.click(WebUiBuiltInKeywords.groovy:616)
	at com.kms.katalon.core.webui.keyword.WebUiBuiltInKeywords$click$4.call(Unknown Source)
	at Script1543288636183.run(Script1543288636183.groovy:87)
	at com.kms.katalon.core.main.ScriptEngine.run(ScriptEngine.java:183)
	at com.kms.katalon.core.main.ScriptEngine.runScriptAsRawText(ScriptEngine.java:108)
	at com.kms.katalon.core.main.TestCaseExecutor.runScript(TestCaseExecutor.java:294)
	at com.kms.katalon.core.main.TestCaseExecutor.doExecute(TestCaseExecutor.java:285)
	at com.kms.katalon.core.main.TestCaseExecutor.processExecutionPhase(TestCaseExecutor.java:264)
	at com.kms.katalon.core.main.TestCaseExecutor.accessMainPhase(TestCaseExecutor.java:256)
	at com.kms.katalon.core.main.TestCaseExecutor.execute(TestCaseExecutor.java:200)
	at com.kms.katalon.core.main.TestSuiteExecutor.accessTestCaseMainPhase(TestSuiteExecutor.java:129)
	at com.kms.katalon.core.main.TestSuiteExecutor.accessTestSuiteMainPhase(TestSuiteExecutor.java:112)
	at com.kms.katalon.core.main.TestSuiteExecutor.execute(TestSuiteExecutor.java:81)
	at com.kms.katalon.core.main.TestCaseMain.startTestSuite(TestCaseMain.java:142)
	at com.kms.katalon.core.main.TestCaseMain$startTestSuite$0.call(Unknown Source)
	at org.codehaus.groovy.runtime.callsite.CallSiteArray.defaultCall(CallSiteArray.java:48)
	at org.codehaus.groovy.runtime.callsite.AbstractCallSite.call(AbstractCallSite.java:113)
	at org.codehaus.groovy.runtime.callsite.AbstractCallSite.call(AbstractCallSite.java:141)
	at TempTestSuite1543364932111.run(TempTestSuite1543364932111.groovy:36)
	at groovy.lang.GroovyShell.runScriptOrMainOrTestOrRunnable(GroovyShell.java:263)
	at groovy.lang.GroovyShell.run(GroovyShell.java:518)
	at groovy.lang.GroovyShell.run(GroovyShell.java:507)
	at groovy.ui.GroovyMain.processOnce(GroovyMain.java:653)
	at groovy.ui.GroovyMain.run(GroovyMain.java:384)
	at groovy.ui.GroovyMain.process(GroovyMain.java:370)
	at groovy.ui.GroovyMain.processArgs(GroovyMain.java:129)
	at groovy.ui.GroovyMain.main(GroovyMain.java:109)
	at sun.reflect.NativeMethodAccessorImpl.invoke0(Native Method)
	at sun.reflect.NativeMethodAccessorImpl.invoke(NativeMethodAccessorImpl.java:62)
	at sun.reflect.DelegatingMethodAccessorImpl.invoke(DelegatingMethodAccessorImpl.java:43)
	at java.lang.reflect.Method.invoke(Method.java:498)
	at org.codehaus.groovy.tools.GroovyStarter.rootLoader(GroovyStarter.java:109)
	at org.codehaus.groovy.tools.GroovyStarter.main(GroovyStarter.java:131)
)"/>
         <system-out><![CDATA[2018-11-28 08:29:21 - [TEST_CASE][FAILED] - Test Cases/Backoffice/create_match/create_match_loop_with_open_match: Test Cases/Backoffice/create_match/create_match_loop_with_open_match FAILED because (of) (Stack trace: com.kms.katalon.core.exception.StepFailedException: Unable to click on object 'Object Repository/Backoffice/match_mgmt/button_create_match' (Root cause: org.openqa.selenium.WebDriverException: unknown error: Element <button class="btn btn-success btn-xs btn-circle" data-toggle="modal" href="#add-match">...</button> is not clickable at point (140, 388). Other element would receive the click: <div class="modal fade in" id="add-match" tabindex="" role="basic" aria-hidden="true" style="display: block;">...</div>
  (Session info: chrome=70.0.3538.102)
  (Driver info: chromedriver=2.35.528161 (5b82f2d2aae0ca24b877009200ced9065a772e73),platform=Windows NT 10.0.14393 x86_64) (WARNING: The server did not provide any stacktrace information)
Command duration or timeout: 0 milliseconds
Build info: version: '3.7.1', revision: '8a0099a', time: '2017-11-06T21:07:36.161Z'
System info: host: 'WIN-A9QUABO2G0M', ip: '192.168.111.1', os.name: 'Windows Server 2016', os.arch: 'amd64', os.version: '10.0', java.version: '1.8.0_181'
Driver info: com.kms.katalon.selenium.driver.CChromeDriver
Capabilities {acceptInsecureCerts: false, acceptSslCerts: false, applicationCacheEnabled: false, browserConnectionEnabled: false, browserName: chrome, chrome: {chromedriverVersion: 2.35.528161 (5b82f2d2aae0ca..., userDataDir: C:\Users\ADMINI~1\AppData\L...}, cssSelectorsEnabled: true, databaseEnabled: false, handlesAlerts: true, hasTouchScreen: false, javascriptEnabled: true, locationContextEnabled: true, mobileEmulationEnabled: false, nativeEvents: true, networkConnectionEnabled: false, pageLoadStrategy: normal, platform: XP, platformName: XP, rotatable: false, setWindowRect: true, takesHeapSnapshot: true, takesScreenshot: true, unexpectedAlertBehaviour: , unhandledPromptBehavior: , version: 70.0.3538.102, webStorageEnabled: true}
Session ID: f82b1bc39b7544752e1ed250d150792f)
	at com.kms.katalon.core.keyword.internal.KeywordMain.stepFailed(KeywordMain.groovy:36)
	at com.kms.katalon.core.webui.keyword.internal.WebUIKeywordMain.stepFailed(WebUIKeywordMain.groovy:65)
	at com.kms.katalon.core.webui.keyword.internal.WebUIKeywordMain.runKeyword(WebUIKeywordMain.groovy:27)
	at com.kms.katalon.core.webui.keyword.builtin.ClickKeyword.click(ClickKeyword.groovy:86)
	at com.kms.katalon.core.webui.keyword.builtin.ClickKeyword.execute(ClickKeyword.groovy:67)
	at com.kms.katalon.core.keyword.internal.KeywordExecutor.executeKeywordForPlatform(KeywordExecutor.groovy:53)
	at com.kms.katalon.core.webui.keyword.WebUiBuiltInKeywords.click(WebUiBuiltInKeywords.groovy:616)
	at com.kms.katalon.core.webui.keyword.WebUiBuiltInKeywords$click$4.call(Unknown Source)
	at Script1543288636183.run(Script1543288636183.groovy:87)
	at com.kms.katalon.core.main.ScriptEngine.run(ScriptEngine.java:183)
	at com.kms.katalon.core.main.ScriptEngine.runScriptAsRawText(ScriptEngine.java:108)
	at com.kms.katalon.core.main.TestCaseExecutor.runScript(TestCaseExecutor.java:294)
	at com.kms.katalon.core.main.TestCaseExecutor.doExecute(TestCaseExecutor.java:285)
	at com.kms.katalon.core.main.TestCaseExecutor.processExecutionPhase(TestCaseExecutor.java:264)
	at com.kms.katalon.core.main.TestCaseExecutor.accessMainPhase(TestCaseExecutor.java:256)
	at com.kms.katalon.core.main.TestCaseExecutor.execute(TestCaseExecutor.java:200)
	at com.kms.katalon.core.main.TestSuiteExecutor.accessTestCaseMainPhase(TestSuiteExecutor.java:129)
	at com.kms.katalon.core.main.TestSuiteExecutor.accessTestSuiteMainPhase(TestSuiteExecutor.java:112)
	at com.kms.katalon.core.main.TestSuiteExecutor.execute(TestSuiteExecutor.java:81)
	at com.kms.katalon.core.main.TestCaseMain.startTestSuite(TestCaseMain.java:142)
	at com.kms.katalon.core.main.TestCaseMain$startTestSuite$0.call(Unknown Source)
	at org.codehaus.groovy.runtime.callsite.CallSiteArray.defaultCall(CallSiteArray.java:48)
	at org.codehaus.groovy.runtime.callsite.AbstractCallSite.call(AbstractCallSite.java:113)
	at org.codehaus.groovy.runtime.callsite.AbstractCallSite.call(AbstractCallSite.java:141)
	at TempTestSuite1543364932111.run(TempTestSuite1543364932111.groovy:36)
	at groovy.lang.GroovyShell.runScriptOrMainOrTestOrRunnable(GroovyShell.java:263)
	at groovy.lang.GroovyShell.run(GroovyShell.java:518)
	at groovy.lang.GroovyShell.run(GroovyShell.java:507)
	at groovy.ui.GroovyMain.processOnce(GroovyMain.java:653)
	at groovy.ui.GroovyMain.run(GroovyMain.java:384)
	at groovy.ui.GroovyMain.process(GroovyMain.java:370)
	at groovy.ui.GroovyMain.processArgs(GroovyMain.java:129)
	at groovy.ui.GroovyMain.main(GroovyMain.java:109)
	at sun.reflect.NativeMethodAccessorImpl.invoke0(Native Method)
	at sun.reflect.NativeMethodAccessorImpl.invoke(NativeMethodAccessorImpl.java:62)
	at sun.reflect.DelegatingMethodAccessorImpl.invoke(DelegatingMethodAccessorImpl.java:43)
	at java.lang.reflect.Method.invoke(Method.java:498)
	at org.codehaus.groovy.tools.GroovyStarter.rootLoader(GroovyStarter.java:109)
	at org.codehaus.groovy.tools.GroovyStarter.main(GroovyStarter.java:131)
)

2018-11-28 08:29:22 - [TEST_STEP][PASSED] - mj.loginBackoffice.login: mj.loginBackoffice.login is PASSED

2018-11-28 08:29:27 - [MESSAGE][PASSED] - Browser is opened with url: ''

2018-11-28 08:29:28 - [MESSAGE][PASSED] - Current window maximized

2018-11-28 08:29:29 - [MESSAGE][PASSED] - Navigate to 'http://dev-admin.ucf88.com/login' successfully

2018-11-28 08:29:29 - [MESSAGE][PASSED] - Text 'janine' is set on object 'Object Repository/Backoffice/login_page/input_username'

2018-11-28 08:29:30 - [MESSAGE][PASSED] - Text ****** has been set on object 'Object Repository/Backoffice/login_page/input_password'

2018-11-28 08:29:32 - [MESSAGE][PASSED] - Object: 'Object Repository/Backoffice/login_page/button_login' is clicked on

2018-11-28 08:29:32 - [MESSAGE][PASSED] - mj.loginBackoffice.login is PASSED

2018-11-28 08:29:32 - [TEST_STEP][PASSED] - mouseOver: Object: 'Object Repository/Backoffice/headers/span_betting' is hovered

2018-11-28 08:29:32 - [MESSAGE][PASSED] - Object: 'Object Repository/Backoffice/headers/span_betting' is hovered

2018-11-28 08:29:32 - [TEST_STEP][PASSED] - delay: Delayed 1 second(s)

2018-11-28 08:29:33 - [MESSAGE][PASSED] - Delayed 1 second(s)

2018-11-28 08:29:33 - [TEST_STEP][PASSED] - waitForElementVisible: Object 'Object Repository/Backoffice/headers/span_match' is visible

2018-11-28 08:29:33 - [MESSAGE][PASSED] - Object 'Object Repository/Backoffice/headers/span_match' is visible

2018-11-28 08:29:33 - [TEST_STEP][PASSED] - click: Object: 'Object Repository/Backoffice/headers/span_match' is clicked on

2018-11-28 08:29:37 - [MESSAGE][PASSED] - Object: 'Object Repository/Backoffice/headers/span_match' is clicked on

2018-11-28 08:29:37 - [TEST_STEP][PASSED] - delay: Delayed 1 second(s)

2018-11-28 08:29:38 - [MESSAGE][PASSED] - Delayed 1 second(s)

2018-11-28 08:29:38 - [TEST_STEP][PASSED] - verifyElementPresent: Object 'Object Repository/Backoffice/match_mgmt/button_create_match' is present

2018-11-28 08:29:38 - [MESSAGE][PASSED] - Object 'Object Repository/Backoffice/match_mgmt/button_create_match' is present

2018-11-28 08:29:38 - [TEST_STEP][PASSED] - click: Object: 'Object Repository/Backoffice/match_mgmt/button_create_match' is clicked on

2018-11-28 08:29:38 - [MESSAGE][PASSED] - Object: 'Object Repository/Backoffice/match_mgmt/button_create_match' is clicked on

2018-11-28 08:29:38 - [TEST_STEP][PASSED] - delay: Delayed 1 second(s)

2018-11-28 08:29:39 - [MESSAGE][PASSED] - Delayed 1 second(s)

2018-11-28 08:29:39 - [TEST_STEP][PASSED] - click: Object: 'Object Repository/Backoffice/match_mgmt/span_select_arena_name' is clicked on

2018-11-28 08:29:39 - [MESSAGE][PASSED] - Object: 'Object Repository/Backoffice/match_mgmt/span_select_arena_name' is clicked on

2018-11-28 08:29:39 - [TEST_STEP][PASSED] - setText: Text 'ALIXANDRA SPORTS COMPLEX - ASC' is set on object 'Object Repository/Backoffice/match_mgmt/input__select2-search__arena_name'

2018-11-28 08:29:40 - [MESSAGE][PASSED] - Text 'ALIXANDRA SPORTS COMPLEX - ASC' is set on object 'Object Repository/Backoffice/match_mgmt/input__select2-search__arena_name'

2018-11-28 08:29:40 - [TEST_STEP][PASSED] - sendKeys: Keys 'ENTER + ' sent to object: 'Object Repository/Backoffice/match_mgmt/input__select2-search__arena_name'

2018-11-28 08:29:41 - [MESSAGE][PASSED] - Keys 'ENTER + ' sent to object: 'Object Repository/Backoffice/match_mgmt/input__select2-search__arena_name'

2018-11-28 08:29:41 - [TEST_STEP][PASSED] - setText: Text 'AA' is set on object 'Object Repository/Backoffice/match_mgmt/meron_details/input_meron_name'

2018-11-28 08:29:41 - [MESSAGE][PASSED] - Text 'AA' is set on object 'Object Repository/Backoffice/match_mgmt/meron_details/input_meron_name'

2018-11-28 08:29:41 - [TEST_STEP][PASSED] - setText: Text 'Farm 1' is set on object 'Object Repository/Backoffice/match_mgmt/meron_details/input_meron_farm'

2018-11-28 08:29:41 - [MESSAGE][PASSED] - Text 'Farm 1' is set on object 'Object Repository/Backoffice/match_mgmt/meron_details/input_meron_farm'

2018-11-28 08:29:41 - [TEST_STEP][PASSED] - setText: Text 'Breed 1' is set on object 'Object Repository/Backoffice/match_mgmt/meron_details/input_meron_breed'

2018-11-28 08:29:41 - [MESSAGE][PASSED] - Text 'Breed 1' is set on object 'Object Repository/Backoffice/match_mgmt/meron_details/input_meron_breed'

2018-11-28 08:29:41 - [TEST_STEP][PASSED] - setText: Text 'Weight 1' is set on object 'Object Repository/Backoffice/match_mgmt/meron_details/input_meron_weight'

2018-11-28 08:29:42 - [MESSAGE][PASSED] - Text 'Weight 1' is set on object 'Object Repository/Backoffice/match_mgmt/meron_details/input_meron_weight'

2018-11-28 08:29:42 - [TEST_STEP][PASSED] - setText: Text 'BB' is set on object 'Object Repository/Backoffice/match_mgmt/wala_details/input_wala_name'

2018-11-28 08:29:42 - [MESSAGE][PASSED] - Text 'BB' is set on object 'Object Repository/Backoffice/match_mgmt/wala_details/input_wala_name'

2018-11-28 08:29:42 - [TEST_STEP][PASSED] - setText: Text 'Farm 2' is set on object 'Object Repository/Backoffice/match_mgmt/wala_details/input_wala_farm'

2018-11-28 08:29:42 - [MESSAGE][PASSED] - Text 'Farm 2' is set on object 'Object Repository/Backoffice/match_mgmt/wala_details/input_wala_farm'

2018-11-28 08:29:42 - [TEST_STEP][PASSED] - setText: Text 'Breed 2' is set on object 'Object Repository/Backoffice/match_mgmt/wala_details/input_wala_breed'

2018-11-28 08:29:43 - [MESSAGE][PASSED] - Text 'Breed 2' is set on object 'Object Repository/Backoffice/match_mgmt/wala_details/input_wala_breed'

2018-11-28 08:29:43 - [TEST_STEP][PASSED] - setText: Text 'Weight 2' is set on object 'Object Repository/Backoffice/match_mgmt/wala_details/input_wala_weight'

2018-11-28 08:29:43 - [MESSAGE][PASSED] - Text 'Weight 2' is set on object 'Object Repository/Backoffice/match_mgmt/wala_details/input_wala_weight'

2018-11-28 08:29:43 - [TEST_STEP][PASSED] - click: Object: 'Object Repository/Backoffice/match_mgmt/input_submit_match' is clicked on

2018-11-28 08:29:46 - [MESSAGE][PASSED] - Object: 'Object Repository/Backoffice/match_mgmt/input_submit_match' is clicked on

2018-11-28 08:29:46 - [TEST_STEP][PASSED] - click: Object: 'Object Repository/Backoffice/match_mgmt/span_link_match' is clicked on

2018-11-28 08:29:47 - [MESSAGE][PASSED] - Object: 'Object Repository/Backoffice/match_mgmt/span_link_match' is clicked on

2018-11-28 08:29:47 - [TEST_STEP][PASSED] - switchToWindowIndex: Switched to window with index: '1'

2018-11-28 08:29:47 - [MESSAGE][PASSED] - Switched to window with index: '1'

2018-11-28 08:29:47 - [TEST_STEP][PASSED] - delay: Delayed 1 second(s)

2018-11-28 08:29:48 - [MESSAGE][PASSED] - Delayed 1 second(s)

2018-11-28 08:29:48 - [TEST_STEP][PASSED] - click: Object: 'Object Repository/Backoffice/match_mgmt/open_match/button_open_match' is clicked on

2018-11-28 08:29:49 - [MESSAGE][PASSED] - Object: 'Object Repository/Backoffice/match_mgmt/open_match/button_open_match' is clicked on

2018-11-28 08:29:49 - [TEST_STEP][PASSED] - delay: Delayed 1 second(s)

2018-11-28 08:29:50 - [MESSAGE][PASSED] - Delayed 1 second(s)

2018-11-28 08:29:50 - [TEST_STEP][PASSED] - waitForElementVisible: Object 'Object Repository/Backoffice/match_mgmt/settlement/button_finished_yes_i_agree' is visible

2018-11-28 08:29:50 - [MESSAGE][PASSED] - Object 'Object Repository/Backoffice/match_mgmt/settlement/button_finished_yes_i_agree' is visible

2018-11-28 08:29:50 - [TEST_STEP][PASSED] - delay: Delayed 1 second(s)

2018-11-28 08:29:51 - [MESSAGE][PASSED] - Delayed 1 second(s)

2018-11-28 08:29:51 - [TEST_STEP][PASSED] - click: Object: 'Object Repository/Backoffice/match_mgmt/settlement/button_finished_yes_i_agree' is clicked on

2018-11-28 08:29:51 - [MESSAGE][PASSED] - Object: 'Object Repository/Backoffice/match_mgmt/settlement/button_finished_yes_i_agree' is clicked on

2018-11-28 08:29:51 - [TEST_STEP][PASSED] - delay: Delayed 2 second(s)

2018-11-28 08:29:53 - [MESSAGE][PASSED] - Delayed 2 second(s)

2018-11-28 08:29:53 - [TEST_STEP][PASSED] - closeWindowIndex: Window with index 1 is closed

2018-11-28 08:29:53 - [MESSAGE][PASSED] - Window with index 1 is closed

2018-11-28 08:29:53 - [TEST_STEP][PASSED] - switchToWindowIndex: Switched to window with index: '0'

2018-11-28 08:29:53 - [MESSAGE][PASSED] - Switched to window with index: '0'

2018-11-28 08:29:53 - [TEST_STEP][PASSED] - verifyElementPresent: Object 'Object Repository/Backoffice/match_mgmt/button_create_match' is present

2018-11-28 08:29:53 - [MESSAGE][PASSED] - Object 'Object Repository/Backoffice/match_mgmt/button_create_match' is present

2018-11-28 08:29:53 - [TEST_STEP][PASSED] - delay: Delayed 1 second(s)

2018-11-28 08:29:54 - [MESSAGE][PASSED] - Delayed 1 second(s)

2018-11-28 08:29:54 - [TEST_STEP][FAILED] - Statement - For ([loop = 1, loop <= 159, (loop++)]): Unable to click on object 'Object Repository/Backoffice/match_mgmt/button_create_match' (Root cause: org.openqa.selenium.WebDriverException: unknown error: Element <button class="btn btn-success btn-xs btn-circle" data-toggle="modal" href="#add-match">...</button> is not clickable at point (140, 388). Other element would receive the click: <div class="modal fade in" id="add-match" tabindex="" role="basic" aria-hidden="true" style="display: block;">...</div>
  (Session info: chrome=70.0.3538.102)
  (Driver info: chromedriver=2.35.528161 (5b82f2d2aae0ca24b877009200ced9065a772e73),platform=Windows NT 10.0.14393 x86_64) (WARNING: The server did not provide any stacktrace information)
Command duration or timeout: 0 milliseconds
Build info: version: '3.7.1', revision: '8a0099a', time: '2017-11-06T21:07:36.161Z'
System info: host: 'WIN-A9QUABO2G0M', ip: '192.168.111.1', os.name: 'Windows Server 2016', os.arch: 'amd64', os.version: '10.0', java.version: '1.8.0_181'
Driver info: com.kms.katalon.selenium.driver.CChromeDriver
Capabilities {acceptInsecureCerts: false, acceptSslCerts: false, applicationCacheEnabled: false, browserConnectionEnabled: false, browserName: chrome, chrome: {chromedriverVersion: 2.35.528161 (5b82f2d2aae0ca..., userDataDir: C:\Users\ADMINI~1\AppData\L...}, cssSelectorsEnabled: true, databaseEnabled: false, handlesAlerts: true, hasTouchScreen: false, javascriptEnabled: true, locationContextEnabled: true, mobileEmulationEnabled: false, nativeEvents: true, networkConnectionEnabled: false, pageLoadStrategy: normal, platform: XP, platformName: XP, rotatable: false, setWindowRect: true, takesHeapSnapshot: true, takesScreenshot: true, unexpectedAlertBehaviour: , unhandledPromptBehavior: , version: 70.0.3538.102, webStorageEnabled: true}
Session ID: f82b1bc39b7544752e1ed250d150792f)

2018-11-28 08:29:54 - [TEST_STEP][PASSED] - click: Object: 'Object Repository/Backoffice/match_mgmt/button_create_match' is clicked on

2018-11-28 08:29:55 - [MESSAGE][PASSED] - Object: 'Object Repository/Backoffice/match_mgmt/button_create_match' is clicked on

2018-11-28 08:29:55 - [TEST_STEP][PASSED] - delay: Delayed 1 second(s)

2018-11-28 08:29:56 - [MESSAGE][PASSED] - Delayed 1 second(s)

2018-11-28 08:29:56 - [TEST_STEP][PASSED] - click: Object: 'Object Repository/Backoffice/match_mgmt/span_select_arena_name' is clicked on

2018-11-28 08:29:56 - [MESSAGE][PASSED] - Object: 'Object Repository/Backoffice/match_mgmt/span_select_arena_name' is clicked on

2018-11-28 08:29:56 - [TEST_STEP][PASSED] - setText: Text 'ALIXANDRA SPORTS COMPLEX - ASC' is set on object 'Object Repository/Backoffice/match_mgmt/input__select2-search__arena_name'

2018-11-28 08:29:58 - [MESSAGE][PASSED] - Text 'ALIXANDRA SPORTS COMPLEX - ASC' is set on object 'Object Repository/Backoffice/match_mgmt/input__select2-search__arena_name'

2018-11-28 08:29:58 - [TEST_STEP][PASSED] - sendKeys: Keys 'ENTER + ' sent to object: 'Object Repository/Backoffice/match_mgmt/input__select2-search__arena_name'

2018-11-28 08:29:58 - [MESSAGE][PASSED] - Keys 'ENTER + ' sent to object: 'Object Repository/Backoffice/match_mgmt/input__select2-search__arena_name'

2018-11-28 08:29:58 - [TEST_STEP][PASSED] - setText: Text 'AA' is set on object 'Object Repository/Backoffice/match_mgmt/meron_details/input_meron_name'

2018-11-28 08:29:58 - [MESSAGE][PASSED] - Text 'AA' is set on object 'Object Repository/Backoffice/match_mgmt/meron_details/input_meron_name'

2018-11-28 08:29:58 - [TEST_STEP][PASSED] - setText: Text 'Farm 1' is set on object 'Object Repository/Backoffice/match_mgmt/meron_details/input_meron_farm'

2018-11-28 08:29:58 - [MESSAGE][PASSED] - Text 'Farm 1' is set on object 'Object Repository/Backoffice/match_mgmt/meron_details/input_meron_farm'

2018-11-28 08:29:58 - [TEST_STEP][PASSED] - setText: Text 'Breed 1' is set on object 'Object Repository/Backoffice/match_mgmt/meron_details/input_meron_breed'

2018-11-28 08:29:59 - [MESSAGE][PASSED] - Text 'Breed 1' is set on object 'Object Repository/Backoffice/match_mgmt/meron_details/input_meron_breed'

2018-11-28 08:29:59 - [TEST_STEP][PASSED] - setText: Text 'Weight 1' is set on object 'Object Repository/Backoffice/match_mgmt/meron_details/input_meron_weight'

2018-11-28 08:29:59 - [MESSAGE][PASSED] - Text 'Weight 1' is set on object 'Object Repository/Backoffice/match_mgmt/meron_details/input_meron_weight'

2018-11-28 08:29:59 - [TEST_STEP][PASSED] - setText: Text 'BB' is set on object 'Object Repository/Backoffice/match_mgmt/wala_details/input_wala_name'

2018-11-28 08:30:00 - [MESSAGE][PASSED] - Text 'BB' is set on object 'Object Repository/Backoffice/match_mgmt/wala_details/input_wala_name'

2018-11-28 08:30:00 - [TEST_STEP][PASSED] - setText: Text 'Farm 2' is set on object 'Object Repository/Backoffice/match_mgmt/wala_details/input_wala_farm'

2018-11-28 08:30:00 - [MESSAGE][PASSED] - Text 'Farm 2' is set on object 'Object Repository/Backoffice/match_mgmt/wala_details/input_wala_farm'

2018-11-28 08:30:00 - [TEST_STEP][PASSED] - setText: Text 'Breed 2' is set on object 'Object Repository/Backoffice/match_mgmt/wala_details/input_wala_breed'

2018-11-28 08:30:00 - [MESSAGE][PASSED] - Text 'Breed 2' is set on object 'Object Repository/Backoffice/match_mgmt/wala_details/input_wala_breed'

2018-11-28 08:30:00 - [TEST_STEP][PASSED] - setText: Text 'Weight 2' is set on object 'Object Repository/Backoffice/match_mgmt/wala_details/input_wala_weight'

2018-11-28 08:30:01 - [MESSAGE][PASSED] - Text 'Weight 2' is set on object 'Object Repository/Backoffice/match_mgmt/wala_details/input_wala_weight'

2018-11-28 08:30:01 - [TEST_STEP][PASSED] - click: Object: 'Object Repository/Backoffice/match_mgmt/input_submit_match' is clicked on

2018-11-28 08:30:04 - [MESSAGE][PASSED] - Object: 'Object Repository/Backoffice/match_mgmt/input_submit_match' is clicked on

2018-11-28 08:30:04 - [TEST_STEP][PASSED] - delay: Delayed 1 second(s)

2018-11-28 08:30:05 - [MESSAGE][PASSED] - Delayed 1 second(s)

2018-11-28 08:30:05 - [TEST_STEP][PASSED] - click: Object: 'Object Repository/Backoffice/match_mgmt/button_create_match' is clicked on

2018-11-28 08:30:05 - [MESSAGE][PASSED] - Object: 'Object Repository/Backoffice/match_mgmt/button_create_match' is clicked on

2018-11-28 08:30:05 - [TEST_STEP][PASSED] - delay: Delayed 1 second(s)

2018-11-28 08:30:06 - [MESSAGE][PASSED] - Delayed 1 second(s)

2018-11-28 08:30:06 - [TEST_STEP][PASSED] - click: Object: 'Object Repository/Backoffice/match_mgmt/span_select_arena_name' is clicked on

2018-11-28 08:30:06 - [MESSAGE][PASSED] - Object: 'Object Repository/Backoffice/match_mgmt/span_select_arena_name' is clicked on

2018-11-28 08:30:06 - [TEST_STEP][PASSED] - setText: Text 'ALIXANDRA SPORTS COMPLEX - ASC' is set on object 'Object Repository/Backoffice/match_mgmt/input__select2-search__arena_name'

2018-11-28 08:30:08 - [MESSAGE][PASSED] - Text 'ALIXANDRA SPORTS COMPLEX - ASC' is set on object 'Object Repository/Backoffice/match_mgmt/input__select2-search__arena_name'

2018-11-28 08:30:08 - [TEST_STEP][PASSED] - sendKeys: Keys 'ENTER + ' sent to object: 'Object Repository/Backoffice/match_mgmt/input__select2-search__arena_name'

2018-11-28 08:30:08 - [MESSAGE][PASSED] - Keys 'ENTER + ' sent to object: 'Object Repository/Backoffice/match_mgmt/input__select2-search__arena_name'

2018-11-28 08:30:08 - [TEST_STEP][PASSED] - setText: Text 'AA' is set on object 'Object Repository/Backoffice/match_mgmt/meron_details/input_meron_name'

2018-11-28 08:30:08 - [MESSAGE][PASSED] - Text 'AA' is set on object 'Object Repository/Backoffice/match_mgmt/meron_details/input_meron_name'

2018-11-28 08:30:08 - [TEST_STEP][PASSED] - setText: Text 'Farm 1' is set on object 'Object Repository/Backoffice/match_mgmt/meron_details/input_meron_farm'

2018-11-28 08:30:08 - [MESSAGE][PASSED] - Text 'Farm 1' is set on object 'Object Repository/Backoffice/match_mgmt/meron_details/input_meron_farm'

2018-11-28 08:30:08 - [TEST_STEP][PASSED] - setText: Text 'Breed 1' is set on object 'Object Repository/Backoffice/match_mgmt/meron_details/input_meron_breed'

2018-11-28 08:30:09 - [MESSAGE][PASSED] - Text 'Breed 1' is set on object 'Object Repository/Backoffice/match_mgmt/meron_details/input_meron_breed'

2018-11-28 08:30:09 - [TEST_STEP][PASSED] - setText: Text 'Weight 1' is set on object 'Object Repository/Backoffice/match_mgmt/meron_details/input_meron_weight'

2018-11-28 08:30:09 - [MESSAGE][PASSED] - Text 'Weight 1' is set on object 'Object Repository/Backoffice/match_mgmt/meron_details/input_meron_weight'

2018-11-28 08:30:09 - [TEST_STEP][PASSED] - setText: Text 'BB' is set on object 'Object Repository/Backoffice/match_mgmt/wala_details/input_wala_name'

2018-11-28 08:30:10 - [MESSAGE][PASSED] - Text 'BB' is set on object 'Object Repository/Backoffice/match_mgmt/wala_details/input_wala_name'

2018-11-28 08:30:10 - [TEST_STEP][PASSED] - setText: Text 'Farm 2' is set on object 'Object Repository/Backoffice/match_mgmt/wala_details/input_wala_farm'

2018-11-28 08:30:10 - [MESSAGE][PASSED] - Text 'Farm 2' is set on object 'Object Repository/Backoffice/match_mgmt/wala_details/input_wala_farm'

2018-11-28 08:30:10 - [TEST_STEP][PASSED] - setText: Text 'Breed 2' is set on object 'Object Repository/Backoffice/match_mgmt/wala_details/input_wala_breed'

2018-11-28 08:30:10 - [MESSAGE][PASSED] - Text 'Breed 2' is set on object 'Object Repository/Backoffice/match_mgmt/wala_details/input_wala_breed'

2018-11-28 08:30:10 - [TEST_STEP][PASSED] - setText: Text 'Weight 2' is set on object 'Object Repository/Backoffice/match_mgmt/wala_details/input_wala_weight'

2018-11-28 08:30:11 - [MESSAGE][PASSED] - Text 'Weight 2' is set on object 'Object Repository/Backoffice/match_mgmt/wala_details/input_wala_weight'

2018-11-28 08:30:11 - [TEST_STEP][PASSED] - click: Object: 'Object Repository/Backoffice/match_mgmt/input_submit_match' is clicked on

2018-11-28 08:30:14 - [MESSAGE][PASSED] - Object: 'Object Repository/Backoffice/match_mgmt/input_submit_match' is clicked on

2018-11-28 08:30:14 - [TEST_STEP][PASSED] - delay: Delayed 1 second(s)

2018-11-28 08:30:15 - [MESSAGE][PASSED] - Delayed 1 second(s)

2018-11-28 08:30:15 - [TEST_STEP][PASSED] - click: Object: 'Object Repository/Backoffice/match_mgmt/button_create_match' is clicked on

2018-11-28 08:30:15 - [MESSAGE][PASSED] - Object: 'Object Repository/Backoffice/match_mgmt/button_create_match' is clicked on

2018-11-28 08:30:15 - [TEST_STEP][PASSED] - delay: Delayed 1 second(s)

2018-11-28 08:30:16 - [MESSAGE][PASSED] - Delayed 1 second(s)

2018-11-28 08:30:16 - [TEST_STEP][PASSED] - click: Object: 'Object Repository/Backoffice/match_mgmt/span_select_arena_name' is clicked on

2018-11-28 08:30:16 - [MESSAGE][PASSED] - Object: 'Object Repository/Backoffice/match_mgmt/span_select_arena_name' is clicked on

2018-11-28 08:30:16 - [TEST_STEP][PASSED] - setText: Text 'ALIXANDRA SPORTS COMPLEX - ASC' is set on object 'Object Repository/Backoffice/match_mgmt/input__select2-search__arena_name'

2018-11-28 08:30:18 - [MESSAGE][PASSED] - Text 'ALIXANDRA SPORTS COMPLEX - ASC' is set on object 'Object Repository/Backoffice/match_mgmt/input__select2-search__arena_name'

2018-11-28 08:30:18 - [TEST_STEP][PASSED] - sendKeys: Keys 'ENTER + ' sent to object: 'Object Repository/Backoffice/match_mgmt/input__select2-search__arena_name'

2018-11-28 08:30:18 - [MESSAGE][PASSED] - Keys 'ENTER + ' sent to object: 'Object Repository/Backoffice/match_mgmt/input__select2-search__arena_name'

2018-11-28 08:30:18 - [TEST_STEP][PASSED] - setText: Text 'AA' is set on object 'Object Repository/Backoffice/match_mgmt/meron_details/input_meron_name'

2018-11-28 08:30:18 - [MESSAGE][PASSED] - Text 'AA' is set on object 'Object Repository/Backoffice/match_mgmt/meron_details/input_meron_name'

2018-11-28 08:30:18 - [TEST_STEP][PASSED] - setText: Text 'Farm 1' is set on object 'Object Repository/Backoffice/match_mgmt/meron_details/input_meron_farm'

2018-11-28 08:30:18 - [MESSAGE][PASSED] - Text 'Farm 1' is set on object 'Object Repository/Backoffice/match_mgmt/meron_details/input_meron_farm'

2018-11-28 08:30:18 - [TEST_STEP][PASSED] - setText: Text 'Breed 1' is set on object 'Object Repository/Backoffice/match_mgmt/meron_details/input_meron_breed'

2018-11-28 08:30:19 - [MESSAGE][PASSED] - Text 'Breed 1' is set on object 'Object Repository/Backoffice/match_mgmt/meron_details/input_meron_breed'

2018-11-28 08:30:19 - [TEST_STEP][PASSED] - setText: Text 'Weight 1' is set on object 'Object Repository/Backoffice/match_mgmt/meron_details/input_meron_weight'

2018-11-28 08:30:19 - [MESSAGE][PASSED] - Text 'Weight 1' is set on object 'Object Repository/Backoffice/match_mgmt/meron_details/input_meron_weight'

2018-11-28 08:30:19 - [TEST_STEP][PASSED] - setText: Text 'BB' is set on object 'Object Repository/Backoffice/match_mgmt/wala_details/input_wala_name'

2018-11-28 08:30:19 - [MESSAGE][PASSED] - Text 'BB' is set on object 'Object Repository/Backoffice/match_mgmt/wala_details/input_wala_name'

2018-11-28 08:30:19 - [TEST_STEP][PASSED] - setText: Text 'Farm 2' is set on object 'Object Repository/Backoffice/match_mgmt/wala_details/input_wala_farm'

2018-11-28 08:30:20 - [MESSAGE][PASSED] - Text 'Farm 2' is set on object 'Object Repository/Backoffice/match_mgmt/wala_details/input_wala_farm'

2018-11-28 08:30:20 - [TEST_STEP][PASSED] - setText: Text 'Breed 2' is set on object 'Object Repository/Backoffice/match_mgmt/wala_details/input_wala_breed'

2018-11-28 08:30:20 - [MESSAGE][PASSED] - Text 'Breed 2' is set on object 'Object Repository/Backoffice/match_mgmt/wala_details/input_wala_breed'

2018-11-28 08:30:20 - [TEST_STEP][PASSED] - setText: Text 'Weight 2' is set on object 'Object Repository/Backoffice/match_mgmt/wala_details/input_wala_weight'

2018-11-28 08:30:21 - [MESSAGE][PASSED] - Text 'Weight 2' is set on object 'Object Repository/Backoffice/match_mgmt/wala_details/input_wala_weight'

2018-11-28 08:30:21 - [TEST_STEP][PASSED] - click: Object: 'Object Repository/Backoffice/match_mgmt/input_submit_match' is clicked on

2018-11-28 08:30:24 - [MESSAGE][PASSED] - Object: 'Object Repository/Backoffice/match_mgmt/input_submit_match' is clicked on

2018-11-28 08:30:24 - [TEST_STEP][PASSED] - delay: Delayed 1 second(s)

2018-11-28 08:30:25 - [MESSAGE][PASSED] - Delayed 1 second(s)

2018-11-28 08:30:25 - [TEST_STEP][PASSED] - click: Object: 'Object Repository/Backoffice/match_mgmt/button_create_match' is clicked on

2018-11-28 08:30:25 - [MESSAGE][PASSED] - Object: 'Object Repository/Backoffice/match_mgmt/button_create_match' is clicked on

2018-11-28 08:30:25 - [TEST_STEP][PASSED] - delay: Delayed 1 second(s)

2018-11-28 08:30:26 - [MESSAGE][PASSED] - Delayed 1 second(s)

2018-11-28 08:30:26 - [TEST_STEP][PASSED] - click: Object: 'Object Repository/Backoffice/match_mgmt/span_select_arena_name' is clicked on

2018-11-28 08:30:26 - [MESSAGE][PASSED] - Object: 'Object Repository/Backoffice/match_mgmt/span_select_arena_name' is clicked on

2018-11-28 08:30:26 - [TEST_STEP][PASSED] - setText: Text 'ALIXANDRA SPORTS COMPLEX - ASC' is set on object 'Object Repository/Backoffice/match_mgmt/input__select2-search__arena_name'

2018-11-28 08:30:28 - [MESSAGE][PASSED] - Text 'ALIXANDRA SPORTS COMPLEX - ASC' is set on object 'Object Repository/Backoffice/match_mgmt/input__select2-search__arena_name'

2018-11-28 08:30:28 - [TEST_STEP][PASSED] - sendKeys: Keys 'ENTER + ' sent to object: 'Object Repository/Backoffice/match_mgmt/input__select2-search__arena_name'

2018-11-28 08:30:28 - [MESSAGE][PASSED] - Keys 'ENTER + ' sent to object: 'Object Repository/Backoffice/match_mgmt/input__select2-search__arena_name'

2018-11-28 08:30:28 - [TEST_STEP][PASSED] - setText: Text 'AA' is set on object 'Object Repository/Backoffice/match_mgmt/meron_details/input_meron_name'

2018-11-28 08:30:28 - [MESSAGE][PASSED] - Text 'AA' is set on object 'Object Repository/Backoffice/match_mgmt/meron_details/input_meron_name'

2018-11-28 08:30:28 - [TEST_STEP][PASSED] - setText: Text 'Farm 1' is set on object 'Object Repository/Backoffice/match_mgmt/meron_details/input_meron_farm'

2018-11-28 08:30:28 - [MESSAGE][PASSED] - Text 'Farm 1' is set on object 'Object Repository/Backoffice/match_mgmt/meron_details/input_meron_farm'

2018-11-28 08:30:28 - [TEST_STEP][PASSED] - setText: Text 'Breed 1' is set on object 'Object Repository/Backoffice/match_mgmt/meron_details/input_meron_breed'

2018-11-28 08:30:29 - [MESSAGE][PASSED] - Text 'Breed 1' is set on object 'Object Repository/Backoffice/match_mgmt/meron_details/input_meron_breed'

2018-11-28 08:30:29 - [TEST_STEP][PASSED] - setText: Text 'Weight 1' is set on object 'Object Repository/Backoffice/match_mgmt/meron_details/input_meron_weight'

2018-11-28 08:30:29 - [MESSAGE][PASSED] - Text 'Weight 1' is set on object 'Object Repository/Backoffice/match_mgmt/meron_details/input_meron_weight'

2018-11-28 08:30:29 - [TEST_STEP][PASSED] - setText: Text 'BB' is set on object 'Object Repository/Backoffice/match_mgmt/wala_details/input_wala_name'

2018-11-28 08:30:30 - [MESSAGE][PASSED] - Text 'BB' is set on object 'Object Repository/Backoffice/match_mgmt/wala_details/input_wala_name'

2018-11-28 08:30:30 - [TEST_STEP][PASSED] - setText: Text 'Farm 2' is set on object 'Object Repository/Backoffice/match_mgmt/wala_details/input_wala_farm'

2018-11-28 08:30:30 - [MESSAGE][PASSED] - Text 'Farm 2' is set on object 'Object Repository/Backoffice/match_mgmt/wala_details/input_wala_farm'

2018-11-28 08:30:30 - [TEST_STEP][PASSED] - setText: Text 'Breed 2' is set on object 'Object Repository/Backoffice/match_mgmt/wala_details/input_wala_breed'

2018-11-28 08:30:30 - [MESSAGE][PASSED] - Text 'Breed 2' is set on object 'Object Repository/Backoffice/match_mgmt/wala_details/input_wala_breed'

2018-11-28 08:30:30 - [TEST_STEP][PASSED] - setText: Text 'Weight 2' is set on object 'Object Repository/Backoffice/match_mgmt/wala_details/input_wala_weight'

2018-11-28 08:30:31 - [MESSAGE][PASSED] - Text 'Weight 2' is set on object 'Object Repository/Backoffice/match_mgmt/wala_details/input_wala_weight'

2018-11-28 08:30:31 - [TEST_STEP][PASSED] - click: Object: 'Object Repository/Backoffice/match_mgmt/input_submit_match' is clicked on

2018-11-28 08:30:33 - [MESSAGE][PASSED] - Object: 'Object Repository/Backoffice/match_mgmt/input_submit_match' is clicked on

2018-11-28 08:30:33 - [TEST_STEP][PASSED] - delay: Delayed 1 second(s)

2018-11-28 08:30:34 - [MESSAGE][PASSED] - Delayed 1 second(s)

2018-11-28 08:30:34 - [TEST_STEP][PASSED] - click: Object: 'Object Repository/Backoffice/match_mgmt/button_create_match' is clicked on

2018-11-28 08:30:34 - [MESSAGE][PASSED] - Object: 'Object Repository/Backoffice/match_mgmt/button_create_match' is clicked on

2018-11-28 08:30:34 - [TEST_STEP][PASSED] - delay: Delayed 1 second(s)

2018-11-28 08:30:35 - [MESSAGE][PASSED] - Delayed 1 second(s)

2018-11-28 08:30:35 - [TEST_STEP][PASSED] - click: Object: 'Object Repository/Backoffice/match_mgmt/span_select_arena_name' is clicked on

2018-11-28 08:30:35 - [MESSAGE][PASSED] - Object: 'Object Repository/Backoffice/match_mgmt/span_select_arena_name' is clicked on

2018-11-28 08:30:35 - [TEST_STEP][PASSED] - setText: Text 'ALIXANDRA SPORTS COMPLEX - ASC' is set on object 'Object Repository/Backoffice/match_mgmt/input__select2-search__arena_name'

2018-11-28 08:30:37 - [MESSAGE][PASSED] - Text 'ALIXANDRA SPORTS COMPLEX - ASC' is set on object 'Object Repository/Backoffice/match_mgmt/input__select2-search__arena_name'

2018-11-28 08:30:37 - [TEST_STEP][PASSED] - sendKeys: Keys 'ENTER + ' sent to object: 'Object Repository/Backoffice/match_mgmt/input__select2-search__arena_name'

2018-11-28 08:30:37 - [MESSAGE][PASSED] - Keys 'ENTER + ' sent to object: 'Object Repository/Backoffice/match_mgmt/input__select2-search__arena_name'

2018-11-28 08:30:37 - [TEST_STEP][PASSED] - setText: Text 'AA' is set on object 'Object Repository/Backoffice/match_mgmt/meron_details/input_meron_name'

2018-11-28 08:30:37 - [MESSAGE][PASSED] - Text 'AA' is set on object 'Object Repository/Backoffice/match_mgmt/meron_details/input_meron_name'

2018-11-28 08:30:37 - [TEST_STEP][PASSED] - setText: Text 'Farm 1' is set on object 'Object Repository/Backoffice/match_mgmt/meron_details/input_meron_farm'

2018-11-28 08:30:38 - [MESSAGE][PASSED] - Text 'Farm 1' is set on object 'Object Repository/Backoffice/match_mgmt/meron_details/input_meron_farm'

2018-11-28 08:30:38 - [TEST_STEP][PASSED] - setText: Text 'Breed 1' is set on object 'Object Repository/Backoffice/match_mgmt/meron_details/input_meron_breed'

2018-11-28 08:30:38 - [MESSAGE][PASSED] - Text 'Breed 1' is set on object 'Object Repository/Backoffice/match_mgmt/meron_details/input_meron_breed'

2018-11-28 08:30:38 - [TEST_STEP][PASSED] - setText: Text 'Weight 1' is set on object 'Object Repository/Backoffice/match_mgmt/meron_details/input_meron_weight'

2018-11-28 08:30:38 - [MESSAGE][PASSED] - Text 'Weight 1' is set on object 'Object Repository/Backoffice/match_mgmt/meron_details/input_meron_weight'

2018-11-28 08:30:38 - [TEST_STEP][PASSED] - setText: Text 'BB' is set on object 'Object Repository/Backoffice/match_mgmt/wala_details/input_wala_name'

2018-11-28 08:30:39 - [MESSAGE][PASSED] - Text 'BB' is set on object 'Object Repository/Backoffice/match_mgmt/wala_details/input_wala_name'

2018-11-28 08:30:39 - [TEST_STEP][PASSED] - setText: Text 'Farm 2' is set on object 'Object Repository/Backoffice/match_mgmt/wala_details/input_wala_farm'

2018-11-28 08:30:39 - [MESSAGE][PASSED] - Text 'Farm 2' is set on object 'Object Repository/Backoffice/match_mgmt/wala_details/input_wala_farm'

2018-11-28 08:30:39 - [TEST_STEP][PASSED] - setText: Text 'Breed 2' is set on object 'Object Repository/Backoffice/match_mgmt/wala_details/input_wala_breed'

2018-11-28 08:30:40 - [MESSAGE][PASSED] - Text 'Breed 2' is set on object 'Object Repository/Backoffice/match_mgmt/wala_details/input_wala_breed'

2018-11-28 08:30:40 - [TEST_STEP][PASSED] - setText: Text 'Weight 2' is set on object 'Object Repository/Backoffice/match_mgmt/wala_details/input_wala_weight'

2018-11-28 08:30:40 - [MESSAGE][PASSED] - Text 'Weight 2' is set on object 'Object Repository/Backoffice/match_mgmt/wala_details/input_wala_weight'

2018-11-28 08:30:40 - [TEST_STEP][PASSED] - click: Object: 'Object Repository/Backoffice/match_mgmt/input_submit_match' is clicked on

2018-11-28 08:30:43 - [MESSAGE][PASSED] - Object: 'Object Repository/Backoffice/match_mgmt/input_submit_match' is clicked on

2018-11-28 08:30:43 - [TEST_STEP][PASSED] - delay: Delayed 1 second(s)

2018-11-28 08:30:44 - [MESSAGE][PASSED] - Delayed 1 second(s)

2018-11-28 08:30:44 - [TEST_STEP][PASSED] - click: Object: 'Object Repository/Backoffice/match_mgmt/button_create_match' is clicked on

2018-11-28 08:30:44 - [MESSAGE][PASSED] - Object: 'Object Repository/Backoffice/match_mgmt/button_create_match' is clicked on

2018-11-28 08:30:44 - [TEST_STEP][PASSED] - delay: Delayed 1 second(s)

2018-11-28 08:30:45 - [MESSAGE][PASSED] - Delayed 1 second(s)

2018-11-28 08:30:45 - [TEST_STEP][PASSED] - click: Object: 'Object Repository/Backoffice/match_mgmt/span_select_arena_name' is clicked on

2018-11-28 08:30:45 - [MESSAGE][PASSED] - Object: 'Object Repository/Backoffice/match_mgmt/span_select_arena_name' is clicked on

2018-11-28 08:30:45 - [TEST_STEP][PASSED] - setText: Text 'ALIXANDRA SPORTS COMPLEX - ASC' is set on object 'Object Repository/Backoffice/match_mgmt/input__select2-search__arena_name'

2018-11-28 08:30:47 - [MESSAGE][PASSED] - Text 'ALIXANDRA SPORTS COMPLEX - ASC' is set on object 'Object Repository/Backoffice/match_mgmt/input__select2-search__arena_name'

2018-11-28 08:30:47 - [TEST_STEP][PASSED] - sendKeys: Keys 'ENTER + ' sent to object: 'Object Repository/Backoffice/match_mgmt/input__select2-search__arena_name'

2018-11-28 08:30:47 - [MESSAGE][PASSED] - Keys 'ENTER + ' sent to object: 'Object Repository/Backoffice/match_mgmt/input__select2-search__arena_name'

2018-11-28 08:30:47 - [TEST_STEP][PASSED] - setText: Text 'AA' is set on object 'Object Repository/Backoffice/match_mgmt/meron_details/input_meron_name'

2018-11-28 08:30:47 - [MESSAGE][PASSED] - Text 'AA' is set on object 'Object Repository/Backoffice/match_mgmt/meron_details/input_meron_name'

2018-11-28 08:30:47 - [TEST_STEP][PASSED] - setText: Text 'Farm 1' is set on object 'Object Repository/Backoffice/match_mgmt/meron_details/input_meron_farm'

2018-11-28 08:30:48 - [MESSAGE][PASSED] - Text 'Farm 1' is set on object 'Object Repository/Backoffice/match_mgmt/meron_details/input_meron_farm'

2018-11-28 08:30:48 - [TEST_STEP][PASSED] - setText: Text 'Breed 1' is set on object 'Object Repository/Backoffice/match_mgmt/meron_details/input_meron_breed'

2018-11-28 08:30:48 - [MESSAGE][PASSED] - Text 'Breed 1' is set on object 'Object Repository/Backoffice/match_mgmt/meron_details/input_meron_breed'

2018-11-28 08:30:48 - [TEST_STEP][PASSED] - setText: Text 'Weight 1' is set on object 'Object Repository/Backoffice/match_mgmt/meron_details/input_meron_weight'

2018-11-28 08:30:49 - [MESSAGE][PASSED] - Text 'Weight 1' is set on object 'Object Repository/Backoffice/match_mgmt/meron_details/input_meron_weight'

2018-11-28 08:30:49 - [TEST_STEP][PASSED] - setText: Text 'BB' is set on object 'Object Repository/Backoffice/match_mgmt/wala_details/input_wala_name'

2018-11-28 08:30:49 - [MESSAGE][PASSED] - Text 'BB' is set on object 'Object Repository/Backoffice/match_mgmt/wala_details/input_wala_name'

2018-11-28 08:30:49 - [TEST_STEP][PASSED] - setText: Text 'Farm 2' is set on object 'Object Repository/Backoffice/match_mgmt/wala_details/input_wala_farm'

2018-11-28 08:30:49 - [MESSAGE][PASSED] - Text 'Farm 2' is set on object 'Object Repository/Backoffice/match_mgmt/wala_details/input_wala_farm'

2018-11-28 08:30:49 - [TEST_STEP][PASSED] - setText: Text 'Breed 2' is set on object 'Object Repository/Backoffice/match_mgmt/wala_details/input_wala_breed'

2018-11-28 08:30:50 - [MESSAGE][PASSED] - Text 'Breed 2' is set on object 'Object Repository/Backoffice/match_mgmt/wala_details/input_wala_breed'

2018-11-28 08:30:50 - [TEST_STEP][PASSED] - setText: Text 'Weight 2' is set on object 'Object Repository/Backoffice/match_mgmt/wala_details/input_wala_weight'

2018-11-28 08:30:50 - [MESSAGE][PASSED] - Text 'Weight 2' is set on object 'Object Repository/Backoffice/match_mgmt/wala_details/input_wala_weight'

2018-11-28 08:30:50 - [TEST_STEP][PASSED] - click: Object: 'Object Repository/Backoffice/match_mgmt/input_submit_match' is clicked on

2018-11-28 08:30:53 - [MESSAGE][PASSED] - Object: 'Object Repository/Backoffice/match_mgmt/input_submit_match' is clicked on

2018-11-28 08:30:53 - [TEST_STEP][PASSED] - delay: Delayed 1 second(s)

2018-11-28 08:30:54 - [MESSAGE][PASSED] - Delayed 1 second(s)

2018-11-28 08:30:54 - [TEST_STEP][PASSED] - click: Object: 'Object Repository/Backoffice/match_mgmt/button_create_match' is clicked on

2018-11-28 08:30:54 - [MESSAGE][PASSED] - Object: 'Object Repository/Backoffice/match_mgmt/button_create_match' is clicked on

2018-11-28 08:30:54 - [TEST_STEP][PASSED] - delay: Delayed 1 second(s)

2018-11-28 08:30:55 - [MESSAGE][PASSED] - Delayed 1 second(s)

2018-11-28 08:30:55 - [TEST_STEP][PASSED] - click: Object: 'Object Repository/Backoffice/match_mgmt/span_select_arena_name' is clicked on

2018-11-28 08:30:55 - [MESSAGE][PASSED] - Object: 'Object Repository/Backoffice/match_mgmt/span_select_arena_name' is clicked on

2018-11-28 08:30:55 - [TEST_STEP][PASSED] - setText: Text 'ALIXANDRA SPORTS COMPLEX - ASC' is set on object 'Object Repository/Backoffice/match_mgmt/input__select2-search__arena_name'

2018-11-28 08:30:57 - [MESSAGE][PASSED] - Text 'ALIXANDRA SPORTS COMPLEX - ASC' is set on object 'Object Repository/Backoffice/match_mgmt/input__select2-search__arena_name'

2018-11-28 08:30:57 - [TEST_STEP][PASSED] - sendKeys: Keys 'ENTER + ' sent to object: 'Object Repository/Backoffice/match_mgmt/input__select2-search__arena_name'

2018-11-28 08:30:57 - [MESSAGE][PASSED] - Keys 'ENTER + ' sent to object: 'Object Repository/Backoffice/match_mgmt/input__select2-search__arena_name'

2018-11-28 08:30:57 - [TEST_STEP][PASSED] - setText: Text 'AA' is set on object 'Object Repository/Backoffice/match_mgmt/meron_details/input_meron_name'

2018-11-28 08:30:57 - [MESSAGE][PASSED] - Text 'AA' is set on object 'Object Repository/Backoffice/match_mgmt/meron_details/input_meron_name'

2018-11-28 08:30:57 - [TEST_STEP][PASSED] - setText: Text 'Farm 1' is set on object 'Object Repository/Backoffice/match_mgmt/meron_details/input_meron_farm'

2018-11-28 08:30:58 - [MESSAGE][PASSED] - Text 'Farm 1' is set on object 'Object Repository/Backoffice/match_mgmt/meron_details/input_meron_farm'

2018-11-28 08:30:58 - [TEST_STEP][PASSED] - setText: Text 'Breed 1' is set on object 'Object Repository/Backoffice/match_mgmt/meron_details/input_meron_breed'

2018-11-28 08:30:58 - [MESSAGE][PASSED] - Text 'Breed 1' is set on object 'Object Repository/Backoffice/match_mgmt/meron_details/input_meron_breed'

2018-11-28 08:30:58 - [TEST_STEP][PASSED] - setText: Text 'Weight 1' is set on object 'Object Repository/Backoffice/match_mgmt/meron_details/input_meron_weight'

2018-11-28 08:30:58 - [MESSAGE][PASSED] - Text 'Weight 1' is set on object 'Object Repository/Backoffice/match_mgmt/meron_details/input_meron_weight'

2018-11-28 08:30:58 - [TEST_STEP][PASSED] - setText: Text 'BB' is set on object 'Object Repository/Backoffice/match_mgmt/wala_details/input_wala_name'

2018-11-28 08:30:59 - [MESSAGE][PASSED] - Text 'BB' is set on object 'Object Repository/Backoffice/match_mgmt/wala_details/input_wala_name'

2018-11-28 08:30:59 - [TEST_STEP][PASSED] - setText: Text 'Farm 2' is set on object 'Object Repository/Backoffice/match_mgmt/wala_details/input_wala_farm'

2018-11-28 08:30:59 - [MESSAGE][PASSED] - Text 'Farm 2' is set on object 'Object Repository/Backoffice/match_mgmt/wala_details/input_wala_farm'

2018-11-28 08:30:59 - [TEST_STEP][PASSED] - setText: Text 'Breed 2' is set on object 'Object Repository/Backoffice/match_mgmt/wala_details/input_wala_breed'

2018-11-28 08:30:59 - [MESSAGE][PASSED] - Text 'Breed 2' is set on object 'Object Repository/Backoffice/match_mgmt/wala_details/input_wala_breed'

2018-11-28 08:30:59 - [TEST_STEP][PASSED] - setText: Text 'Weight 2' is set on object 'Object Repository/Backoffice/match_mgmt/wala_details/input_wala_weight'

2018-11-28 08:31:00 - [MESSAGE][PASSED] - Text 'Weight 2' is set on object 'Object Repository/Backoffice/match_mgmt/wala_details/input_wala_weight'

2018-11-28 08:31:00 - [TEST_STEP][PASSED] - click: Object: 'Object Repository/Backoffice/match_mgmt/input_submit_match' is clicked on

2018-11-28 08:31:02 - [MESSAGE][PASSED] - Object: 'Object Repository/Backoffice/match_mgmt/input_submit_match' is clicked on

2018-11-28 08:31:02 - [TEST_STEP][PASSED] - delay: Delayed 1 second(s)

2018-11-28 08:31:03 - [MESSAGE][PASSED] - Delayed 1 second(s)

2018-11-28 08:31:03 - [TEST_STEP][PASSED] - click: Object: 'Object Repository/Backoffice/match_mgmt/button_create_match' is clicked on

2018-11-28 08:31:04 - [MESSAGE][PASSED] - Object: 'Object Repository/Backoffice/match_mgmt/button_create_match' is clicked on

2018-11-28 08:31:04 - [TEST_STEP][PASSED] - delay: Delayed 1 second(s)

2018-11-28 08:31:05 - [MESSAGE][PASSED] - Delayed 1 second(s)

2018-11-28 08:31:05 - [TEST_STEP][PASSED] - click: Object: 'Object Repository/Backoffice/match_mgmt/span_select_arena_name' is clicked on

2018-11-28 08:31:05 - [MESSAGE][PASSED] - Object: 'Object Repository/Backoffice/match_mgmt/span_select_arena_name' is clicked on

2018-11-28 08:31:05 - [TEST_STEP][PASSED] - setText: Text 'ALIXANDRA SPORTS COMPLEX - ASC' is set on object 'Object Repository/Backoffice/match_mgmt/input__select2-search__arena_name'

2018-11-28 08:31:06 - [MESSAGE][PASSED] - Text 'ALIXANDRA SPORTS COMPLEX - ASC' is set on object 'Object Repository/Backoffice/match_mgmt/input__select2-search__arena_name'

2018-11-28 08:31:06 - [TEST_STEP][PASSED] - sendKeys: Keys 'ENTER + ' sent to object: 'Object Repository/Backoffice/match_mgmt/input__select2-search__arena_name'

2018-11-28 08:31:06 - [MESSAGE][PASSED] - Keys 'ENTER + ' sent to object: 'Object Repository/Backoffice/match_mgmt/input__select2-search__arena_name'

2018-11-28 08:31:06 - [TEST_STEP][PASSED] - setText: Text 'AA' is set on object 'Object Repository/Backoffice/match_mgmt/meron_details/input_meron_name'

2018-11-28 08:31:07 - [MESSAGE][PASSED] - Text 'AA' is set on object 'Object Repository/Backoffice/match_mgmt/meron_details/input_meron_name'

2018-11-28 08:31:07 - [TEST_STEP][PASSED] - setText: Text 'Farm 1' is set on object 'Object Repository/Backoffice/match_mgmt/meron_details/input_meron_farm'

2018-11-28 08:31:07 - [MESSAGE][PASSED] - Text 'Farm 1' is set on object 'Object Repository/Backoffice/match_mgmt/meron_details/input_meron_farm'

2018-11-28 08:31:07 - [TEST_STEP][PASSED] - setText: Text 'Breed 1' is set on object 'Object Repository/Backoffice/match_mgmt/meron_details/input_meron_breed'

2018-11-28 08:31:07 - [MESSAGE][PASSED] - Text 'Breed 1' is set on object 'Object Repository/Backoffice/match_mgmt/meron_details/input_meron_breed'

2018-11-28 08:31:07 - [TEST_STEP][PASSED] - setText: Text 'Weight 1' is set on object 'Object Repository/Backoffice/match_mgmt/meron_details/input_meron_weight'

2018-11-28 08:31:08 - [MESSAGE][PASSED] - Text 'Weight 1' is set on object 'Object Repository/Backoffice/match_mgmt/meron_details/input_meron_weight'

2018-11-28 08:31:08 - [TEST_STEP][PASSED] - setText: Text 'BB' is set on object 'Object Repository/Backoffice/match_mgmt/wala_details/input_wala_name'

2018-11-28 08:31:08 - [MESSAGE][PASSED] - Text 'BB' is set on object 'Object Repository/Backoffice/match_mgmt/wala_details/input_wala_name'

2018-11-28 08:31:08 - [TEST_STEP][PASSED] - setText: Text 'Farm 2' is set on object 'Object Repository/Backoffice/match_mgmt/wala_details/input_wala_farm'

2018-11-28 08:31:08 - [MESSAGE][PASSED] - Text 'Farm 2' is set on object 'Object Repository/Backoffice/match_mgmt/wala_details/input_wala_farm'

2018-11-28 08:31:08 - [TEST_STEP][PASSED] - setText: Text 'Breed 2' is set on object 'Object Repository/Backoffice/match_mgmt/wala_details/input_wala_breed'

2018-11-28 08:31:09 - [MESSAGE][PASSED] - Text 'Breed 2' is set on object 'Object Repository/Backoffice/match_mgmt/wala_details/input_wala_breed'

2018-11-28 08:31:09 - [TEST_STEP][PASSED] - setText: Text 'Weight 2' is set on object 'Object Repository/Backoffice/match_mgmt/wala_details/input_wala_weight'

2018-11-28 08:31:09 - [MESSAGE][PASSED] - Text 'Weight 2' is set on object 'Object Repository/Backoffice/match_mgmt/wala_details/input_wala_weight'

2018-11-28 08:31:09 - [TEST_STEP][PASSED] - click: Object: 'Object Repository/Backoffice/match_mgmt/input_submit_match' is clicked on

2018-11-28 08:31:11 - [MESSAGE][PASSED] - Object: 'Object Repository/Backoffice/match_mgmt/input_submit_match' is clicked on

2018-11-28 08:31:11 - [TEST_STEP][PASSED] - delay: Delayed 1 second(s)

2018-11-28 08:31:12 - [MESSAGE][PASSED] - Delayed 1 second(s)

2018-11-28 08:31:12 - [TEST_STEP][PASSED] - click: Object: 'Object Repository/Backoffice/match_mgmt/button_create_match' is clicked on

2018-11-28 08:31:13 - [MESSAGE][PASSED] - Object: 'Object Repository/Backoffice/match_mgmt/button_create_match' is clicked on

2018-11-28 08:31:13 - [TEST_STEP][PASSED] - delay: Delayed 1 second(s)

2018-11-28 08:31:14 - [MESSAGE][PASSED] - Delayed 1 second(s)

2018-11-28 08:31:14 - [TEST_STEP][PASSED] - click: Object: 'Object Repository/Backoffice/match_mgmt/span_select_arena_name' is clicked on

2018-11-28 08:31:14 - [MESSAGE][PASSED] - Object: 'Object Repository/Backoffice/match_mgmt/span_select_arena_name' is clicked on

2018-11-28 08:31:14 - [TEST_STEP][PASSED] - setText: Text 'ALIXANDRA SPORTS COMPLEX - ASC' is set on object 'Object Repository/Backoffice/match_mgmt/input__select2-search__arena_name'

2018-11-28 08:31:16 - [MESSAGE][PASSED] - Text 'ALIXANDRA SPORTS COMPLEX - ASC' is set on object 'Object Repository/Backoffice/match_mgmt/input__select2-search__arena_name'

2018-11-28 08:31:16 - [TEST_STEP][PASSED] - sendKeys: Keys 'ENTER + ' sent to object: 'Object Repository/Backoffice/match_mgmt/input__select2-search__arena_name'

2018-11-28 08:31:16 - [MESSAGE][PASSED] - Keys 'ENTER + ' sent to object: 'Object Repository/Backoffice/match_mgmt/input__select2-search__arena_name'

2018-11-28 08:31:16 - [TEST_STEP][PASSED] - setText: Text 'AA' is set on object 'Object Repository/Backoffice/match_mgmt/meron_details/input_meron_name'

2018-11-28 08:31:16 - [MESSAGE][PASSED] - Text 'AA' is set on object 'Object Repository/Backoffice/match_mgmt/meron_details/input_meron_name'

2018-11-28 08:31:16 - [TEST_STEP][PASSED] - setText: Text 'Farm 1' is set on object 'Object Repository/Backoffice/match_mgmt/meron_details/input_meron_farm'

2018-11-28 08:31:16 - [MESSAGE][PASSED] - Text 'Farm 1' is set on object 'Object Repository/Backoffice/match_mgmt/meron_details/input_meron_farm'

2018-11-28 08:31:16 - [TEST_STEP][PASSED] - setText: Text 'Breed 1' is set on object 'Object Repository/Backoffice/match_mgmt/meron_details/input_meron_breed'

2018-11-28 08:31:17 - [MESSAGE][PASSED] - Text 'Breed 1' is set on object 'Object Repository/Backoffice/match_mgmt/meron_details/input_meron_breed'

2018-11-28 08:31:17 - [TEST_STEP][PASSED] - setText: Text 'Weight 1' is set on object 'Object Repository/Backoffice/match_mgmt/meron_details/input_meron_weight'

2018-11-28 08:31:17 - [MESSAGE][PASSED] - Text 'Weight 1' is set on object 'Object Repository/Backoffice/match_mgmt/meron_details/input_meron_weight'

2018-11-28 08:31:17 - [TEST_STEP][PASSED] - setText: Text 'BB' is set on object 'Object Repository/Backoffice/match_mgmt/wala_details/input_wala_name'

2018-11-28 08:31:17 - [MESSAGE][PASSED] - Text 'BB' is set on object 'Object Repository/Backoffice/match_mgmt/wala_details/input_wala_name'

2018-11-28 08:31:17 - [TEST_STEP][PASSED] - setText: Text 'Farm 2' is set on object 'Object Repository/Backoffice/match_mgmt/wala_details/input_wala_farm'

2018-11-28 08:31:18 - [MESSAGE][PASSED] - Text 'Farm 2' is set on object 'Object Repository/Backoffice/match_mgmt/wala_details/input_wala_farm'

2018-11-28 08:31:18 - [TEST_STEP][PASSED] - setText: Text 'Breed 2' is set on object 'Object Repository/Backoffice/match_mgmt/wala_details/input_wala_breed'

2018-11-28 08:31:18 - [MESSAGE][PASSED] - Text 'Breed 2' is set on object 'Object Repository/Backoffice/match_mgmt/wala_details/input_wala_breed'

2018-11-28 08:31:18 - [TEST_STEP][PASSED] - setText: Text 'Weight 2' is set on object 'Object Repository/Backoffice/match_mgmt/wala_details/input_wala_weight'

2018-11-28 08:31:18 - [MESSAGE][PASSED] - Text 'Weight 2' is set on object 'Object Repository/Backoffice/match_mgmt/wala_details/input_wala_weight'

2018-11-28 08:31:18 - [TEST_STEP][PASSED] - click: Object: 'Object Repository/Backoffice/match_mgmt/input_submit_match' is clicked on

2018-11-28 08:31:21 - [MESSAGE][PASSED] - Object: 'Object Repository/Backoffice/match_mgmt/input_submit_match' is clicked on

2018-11-28 08:31:21 - [TEST_STEP][PASSED] - delay: Delayed 1 second(s)

2018-11-28 08:31:22 - [MESSAGE][PASSED] - Delayed 1 second(s)

2018-11-28 08:31:22 - [TEST_STEP][PASSED] - click: Object: 'Object Repository/Backoffice/match_mgmt/button_create_match' is clicked on

2018-11-28 08:31:23 - [MESSAGE][PASSED] - Object: 'Object Repository/Backoffice/match_mgmt/button_create_match' is clicked on

2018-11-28 08:31:23 - [TEST_STEP][PASSED] - delay: Delayed 1 second(s)

2018-11-28 08:31:24 - [MESSAGE][PASSED] - Delayed 1 second(s)

2018-11-28 08:31:24 - [TEST_STEP][PASSED] - click: Object: 'Object Repository/Backoffice/match_mgmt/span_select_arena_name' is clicked on

2018-11-28 08:31:24 - [MESSAGE][PASSED] - Object: 'Object Repository/Backoffice/match_mgmt/span_select_arena_name' is clicked on

2018-11-28 08:31:24 - [TEST_STEP][PASSED] - setText: Text 'ALIXANDRA SPORTS COMPLEX - ASC' is set on object 'Object Repository/Backoffice/match_mgmt/input__select2-search__arena_name'

2018-11-28 08:31:25 - [MESSAGE][PASSED] - Text 'ALIXANDRA SPORTS COMPLEX - ASC' is set on object 'Object Repository/Backoffice/match_mgmt/input__select2-search__arena_name'

2018-11-28 08:31:25 - [TEST_STEP][PASSED] - sendKeys: Keys 'ENTER + ' sent to object: 'Object Repository/Backoffice/match_mgmt/input__select2-search__arena_name'

2018-11-28 08:31:26 - [MESSAGE][PASSED] - Keys 'ENTER + ' sent to object: 'Object Repository/Backoffice/match_mgmt/input__select2-search__arena_name'

2018-11-28 08:31:26 - [TEST_STEP][PASSED] - setText: Text 'AA' is set on object 'Object Repository/Backoffice/match_mgmt/meron_details/input_meron_name'

2018-11-28 08:31:26 - [MESSAGE][PASSED] - Text 'AA' is set on object 'Object Repository/Backoffice/match_mgmt/meron_details/input_meron_name'

2018-11-28 08:31:26 - [TEST_STEP][PASSED] - setText: Text 'Farm 1' is set on object 'Object Repository/Backoffice/match_mgmt/meron_details/input_meron_farm'

2018-11-28 08:31:26 - [MESSAGE][PASSED] - Text 'Farm 1' is set on object 'Object Repository/Backoffice/match_mgmt/meron_details/input_meron_farm'

2018-11-28 08:31:26 - [TEST_STEP][PASSED] - setText: Text 'Breed 1' is set on object 'Object Repository/Backoffice/match_mgmt/meron_details/input_meron_breed'

2018-11-28 08:31:27 - [MESSAGE][PASSED] - Text 'Breed 1' is set on object 'Object Repository/Backoffice/match_mgmt/meron_details/input_meron_breed'

2018-11-28 08:31:27 - [TEST_STEP][PASSED] - setText: Text 'Weight 1' is set on object 'Object Repository/Backoffice/match_mgmt/meron_details/input_meron_weight'

2018-11-28 08:31:27 - [MESSAGE][PASSED] - Text 'Weight 1' is set on object 'Object Repository/Backoffice/match_mgmt/meron_details/input_meron_weight'

2018-11-28 08:31:27 - [TEST_STEP][PASSED] - setText: Text 'BB' is set on object 'Object Repository/Backoffice/match_mgmt/wala_details/input_wala_name'

2018-11-28 08:31:27 - [MESSAGE][PASSED] - Text 'BB' is set on object 'Object Repository/Backoffice/match_mgmt/wala_details/input_wala_name'

2018-11-28 08:31:27 - [TEST_STEP][PASSED] - setText: Text 'Farm 2' is set on object 'Object Repository/Backoffice/match_mgmt/wala_details/input_wala_farm'

2018-11-28 08:31:28 - [MESSAGE][PASSED] - Text 'Farm 2' is set on object 'Object Repository/Backoffice/match_mgmt/wala_details/input_wala_farm'

2018-11-28 08:31:28 - [TEST_STEP][PASSED] - setText: Text 'Breed 2' is set on object 'Object Repository/Backoffice/match_mgmt/wala_details/input_wala_breed'

2018-11-28 08:31:28 - [MESSAGE][PASSED] - Text 'Breed 2' is set on object 'Object Repository/Backoffice/match_mgmt/wala_details/input_wala_breed'

2018-11-28 08:31:28 - [TEST_STEP][PASSED] - setText: Text 'Weight 2' is set on object 'Object Repository/Backoffice/match_mgmt/wala_details/input_wala_weight'

2018-11-28 08:31:28 - [MESSAGE][PASSED] - Text 'Weight 2' is set on object 'Object Repository/Backoffice/match_mgmt/wala_details/input_wala_weight'

2018-11-28 08:31:28 - [TEST_STEP][PASSED] - click: Object: 'Object Repository/Backoffice/match_mgmt/input_submit_match' is clicked on

2018-11-28 08:31:31 - [MESSAGE][PASSED] - Object: 'Object Repository/Backoffice/match_mgmt/input_submit_match' is clicked on

2018-11-28 08:31:31 - [TEST_STEP][PASSED] - delay: Delayed 1 second(s)

2018-11-28 08:31:32 - [MESSAGE][PASSED] - Delayed 1 second(s)

2018-11-28 08:31:32 - [TEST_STEP][PASSED] - click: Object: 'Object Repository/Backoffice/match_mgmt/button_create_match' is clicked on

2018-11-28 08:31:33 - [MESSAGE][PASSED] - Object: 'Object Repository/Backoffice/match_mgmt/button_create_match' is clicked on

2018-11-28 08:31:33 - [TEST_STEP][PASSED] - delay: Delayed 1 second(s)

2018-11-28 08:31:34 - [MESSAGE][PASSED] - Delayed 1 second(s)

2018-11-28 08:31:34 - [TEST_STEP][PASSED] - click: Object: 'Object Repository/Backoffice/match_mgmt/span_select_arena_name' is clicked on

2018-11-28 08:31:34 - [MESSAGE][PASSED] - Object: 'Object Repository/Backoffice/match_mgmt/span_select_arena_name' is clicked on

2018-11-28 08:31:34 - [TEST_STEP][PASSED] - setText: Text 'ALIXANDRA SPORTS COMPLEX - ASC' is set on object 'Object Repository/Backoffice/match_mgmt/input__select2-search__arena_name'

2018-11-28 08:31:36 - [MESSAGE][PASSED] - Text 'ALIXANDRA SPORTS COMPLEX - ASC' is set on object 'Object Repository/Backoffice/match_mgmt/input__select2-search__arena_name'

2018-11-28 08:31:36 - [TEST_STEP][PASSED] - sendKeys: Keys 'ENTER + ' sent to object: 'Object Repository/Backoffice/match_mgmt/input__select2-search__arena_name'

2018-11-28 08:31:36 - [MESSAGE][PASSED] - Keys 'ENTER + ' sent to object: 'Object Repository/Backoffice/match_mgmt/input__select2-search__arena_name'

2018-11-28 08:31:36 - [TEST_STEP][PASSED] - setText: Text 'AA' is set on object 'Object Repository/Backoffice/match_mgmt/meron_details/input_meron_name'

2018-11-28 08:31:36 - [MESSAGE][PASSED] - Text 'AA' is set on object 'Object Repository/Backoffice/match_mgmt/meron_details/input_meron_name'

2018-11-28 08:31:36 - [TEST_STEP][PASSED] - setText: Text 'Farm 1' is set on object 'Object Repository/Backoffice/match_mgmt/meron_details/input_meron_farm'

2018-11-28 08:31:36 - [MESSAGE][PASSED] - Text 'Farm 1' is set on object 'Object Repository/Backoffice/match_mgmt/meron_details/input_meron_farm'

2018-11-28 08:31:36 - [TEST_STEP][PASSED] - setText: Text 'Breed 1' is set on object 'Object Repository/Backoffice/match_mgmt/meron_details/input_meron_breed'

2018-11-28 08:31:37 - [MESSAGE][PASSED] - Text 'Breed 1' is set on object 'Object Repository/Backoffice/match_mgmt/meron_details/input_meron_breed'

2018-11-28 08:31:37 - [TEST_STEP][PASSED] - setText: Text 'Weight 1' is set on object 'Object Repository/Backoffice/match_mgmt/meron_details/input_meron_weight'

2018-11-28 08:31:37 - [MESSAGE][PASSED] - Text 'Weight 1' is set on object 'Object Repository/Backoffice/match_mgmt/meron_details/input_meron_weight'

2018-11-28 08:31:37 - [TEST_STEP][PASSED] - setText: Text 'BB' is set on object 'Object Repository/Backoffice/match_mgmt/wala_details/input_wala_name'

2018-11-28 08:31:37 - [MESSAGE][PASSED] - Text 'BB' is set on object 'Object Repository/Backoffice/match_mgmt/wala_details/input_wala_name'

2018-11-28 08:31:37 - [TEST_STEP][PASSED] - setText: Text 'Farm 2' is set on object 'Object Repository/Backoffice/match_mgmt/wala_details/input_wala_farm'

2018-11-28 08:31:38 - [MESSAGE][PASSED] - Text 'Farm 2' is set on object 'Object Repository/Backoffice/match_mgmt/wala_details/input_wala_farm'

2018-11-28 08:31:38 - [TEST_STEP][PASSED] - setText: Text 'Breed 2' is set on object 'Object Repository/Backoffice/match_mgmt/wala_details/input_wala_breed'

2018-11-28 08:31:38 - [MESSAGE][PASSED] - Text 'Breed 2' is set on object 'Object Repository/Backoffice/match_mgmt/wala_details/input_wala_breed'

2018-11-28 08:31:38 - [TEST_STEP][PASSED] - setText: Text 'Weight 2' is set on object 'Object Repository/Backoffice/match_mgmt/wala_details/input_wala_weight'

2018-11-28 08:31:38 - [MESSAGE][PASSED] - Text 'Weight 2' is set on object 'Object Repository/Backoffice/match_mgmt/wala_details/input_wala_weight'

2018-11-28 08:31:38 - [TEST_STEP][PASSED] - click: Object: 'Object Repository/Backoffice/match_mgmt/input_submit_match' is clicked on

2018-11-28 08:31:41 - [MESSAGE][PASSED] - Object: 'Object Repository/Backoffice/match_mgmt/input_submit_match' is clicked on

2018-11-28 08:31:41 - [TEST_STEP][PASSED] - delay: Delayed 1 second(s)

2018-11-28 08:31:42 - [MESSAGE][PASSED] - Delayed 1 second(s)

2018-11-28 08:31:42 - [TEST_STEP][PASSED] - click: Object: 'Object Repository/Backoffice/match_mgmt/button_create_match' is clicked on

2018-11-28 08:31:43 - [MESSAGE][PASSED] - Object: 'Object Repository/Backoffice/match_mgmt/button_create_match' is clicked on

2018-11-28 08:31:43 - [TEST_STEP][PASSED] - delay: Delayed 1 second(s)

2018-11-28 08:31:44 - [MESSAGE][PASSED] - Delayed 1 second(s)

2018-11-28 08:31:44 - [TEST_STEP][PASSED] - click: Object: 'Object Repository/Backoffice/match_mgmt/span_select_arena_name' is clicked on

2018-11-28 08:31:44 - [MESSAGE][PASSED] - Object: 'Object Repository/Backoffice/match_mgmt/span_select_arena_name' is clicked on

2018-11-28 08:31:44 - [TEST_STEP][PASSED] - setText: Text 'ALIXANDRA SPORTS COMPLEX - ASC' is set on object 'Object Repository/Backoffice/match_mgmt/input__select2-search__arena_name'

2018-11-28 08:31:45 - [MESSAGE][PASSED] - Text 'ALIXANDRA SPORTS COMPLEX - ASC' is set on object 'Object Repository/Backoffice/match_mgmt/input__select2-search__arena_name'

2018-11-28 08:31:45 - [TEST_STEP][PASSED] - sendKeys: Keys 'ENTER + ' sent to object: 'Object Repository/Backoffice/match_mgmt/input__select2-search__arena_name'

2018-11-28 08:31:45 - [MESSAGE][PASSED] - Keys 'ENTER + ' sent to object: 'Object Repository/Backoffice/match_mgmt/input__select2-search__arena_name'

2018-11-28 08:31:45 - [TEST_STEP][PASSED] - setText: Text 'AA' is set on object 'Object Repository/Backoffice/match_mgmt/meron_details/input_meron_name'

2018-11-28 08:31:46 - [MESSAGE][PASSED] - Text 'AA' is set on object 'Object Repository/Backoffice/match_mgmt/meron_details/input_meron_name'

2018-11-28 08:31:46 - [TEST_STEP][PASSED] - setText: Text 'Farm 1' is set on object 'Object Repository/Backoffice/match_mgmt/meron_details/input_meron_farm'

2018-11-28 08:31:46 - [MESSAGE][PASSED] - Text 'Farm 1' is set on object 'Object Repository/Backoffice/match_mgmt/meron_details/input_meron_farm'

2018-11-28 08:31:46 - [TEST_STEP][PASSED] - setText: Text 'Breed 1' is set on object 'Object Repository/Backoffice/match_mgmt/meron_details/input_meron_breed'

2018-11-28 08:31:47 - [MESSAGE][PASSED] - Text 'Breed 1' is set on object 'Object Repository/Backoffice/match_mgmt/meron_details/input_meron_breed'

2018-11-28 08:31:47 - [TEST_STEP][PASSED] - setText: Text 'Weight 1' is set on object 'Object Repository/Backoffice/match_mgmt/meron_details/input_meron_weight'

2018-11-28 08:31:47 - [MESSAGE][PASSED] - Text 'Weight 1' is set on object 'Object Repository/Backoffice/match_mgmt/meron_details/input_meron_weight'

2018-11-28 08:31:47 - [TEST_STEP][PASSED] - setText: Text 'BB' is set on object 'Object Repository/Backoffice/match_mgmt/wala_details/input_wala_name'

2018-11-28 08:31:47 - [MESSAGE][PASSED] - Text 'BB' is set on object 'Object Repository/Backoffice/match_mgmt/wala_details/input_wala_name'

2018-11-28 08:31:47 - [TEST_STEP][PASSED] - setText: Text 'Farm 2' is set on object 'Object Repository/Backoffice/match_mgmt/wala_details/input_wala_farm'

2018-11-28 08:31:48 - [MESSAGE][PASSED] - Text 'Farm 2' is set on object 'Object Repository/Backoffice/match_mgmt/wala_details/input_wala_farm'

2018-11-28 08:31:48 - [TEST_STEP][PASSED] - setText: Text 'Breed 2' is set on object 'Object Repository/Backoffice/match_mgmt/wala_details/input_wala_breed'

2018-11-28 08:31:48 - [MESSAGE][PASSED] - Text 'Breed 2' is set on object 'Object Repository/Backoffice/match_mgmt/wala_details/input_wala_breed'

2018-11-28 08:31:48 - [TEST_STEP][PASSED] - setText: Text 'Weight 2' is set on object 'Object Repository/Backoffice/match_mgmt/wala_details/input_wala_weight'

2018-11-28 08:31:48 - [MESSAGE][PASSED] - Text 'Weight 2' is set on object 'Object Repository/Backoffice/match_mgmt/wala_details/input_wala_weight'

2018-11-28 08:31:48 - [TEST_STEP][PASSED] - click: Object: 'Object Repository/Backoffice/match_mgmt/input_submit_match' is clicked on

2018-11-28 08:31:51 - [MESSAGE][PASSED] - Object: 'Object Repository/Backoffice/match_mgmt/input_submit_match' is clicked on

2018-11-28 08:31:51 - [TEST_STEP][PASSED] - delay: Delayed 1 second(s)

2018-11-28 08:31:52 - [MESSAGE][PASSED] - Delayed 1 second(s)

2018-11-28 08:31:52 - [TEST_STEP][PASSED] - click: Object: 'Object Repository/Backoffice/match_mgmt/button_create_match' is clicked on

2018-11-28 08:31:52 - [MESSAGE][PASSED] - Object: 'Object Repository/Backoffice/match_mgmt/button_create_match' is clicked on

2018-11-28 08:31:52 - [TEST_STEP][PASSED] - delay: Delayed 1 second(s)

2018-11-28 08:31:53 - [MESSAGE][PASSED] - Delayed 1 second(s)

2018-11-28 08:31:53 - [TEST_STEP][PASSED] - click: Object: 'Object Repository/Backoffice/match_mgmt/span_select_arena_name' is clicked on

2018-11-28 08:31:53 - [MESSAGE][PASSED] - Object: 'Object Repository/Backoffice/match_mgmt/span_select_arena_name' is clicked on

2018-11-28 08:31:53 - [TEST_STEP][PASSED] - setText: Text 'ALIXANDRA SPORTS COMPLEX - ASC' is set on object 'Object Repository/Backoffice/match_mgmt/input__select2-search__arena_name'

2018-11-28 08:31:55 - [MESSAGE][PASSED] - Text 'ALIXANDRA SPORTS COMPLEX - ASC' is set on object 'Object Repository/Backoffice/match_mgmt/input__select2-search__arena_name'

2018-11-28 08:31:55 - [TEST_STEP][PASSED] - sendKeys: Keys 'ENTER + ' sent to object: 'Object Repository/Backoffice/match_mgmt/input__select2-search__arena_name'

2018-11-28 08:31:55 - [MESSAGE][PASSED] - Keys 'ENTER + ' sent to object: 'Object Repository/Backoffice/match_mgmt/input__select2-search__arena_name'

2018-11-28 08:31:55 - [TEST_STEP][PASSED] - setText: Text 'AA' is set on object 'Object Repository/Backoffice/match_mgmt/meron_details/input_meron_name'

2018-11-28 08:31:55 - [MESSAGE][PASSED] - Text 'AA' is set on object 'Object Repository/Backoffice/match_mgmt/meron_details/input_meron_name'

2018-11-28 08:31:55 - [TEST_STEP][PASSED] - setText: Text 'Farm 1' is set on object 'Object Repository/Backoffice/match_mgmt/meron_details/input_meron_farm'

2018-11-28 08:31:56 - [MESSAGE][PASSED] - Text 'Farm 1' is set on object 'Object Repository/Backoffice/match_mgmt/meron_details/input_meron_farm'

2018-11-28 08:31:56 - [TEST_STEP][PASSED] - setText: Text 'Breed 1' is set on object 'Object Repository/Backoffice/match_mgmt/meron_details/input_meron_breed'

2018-11-28 08:31:56 - [MESSAGE][PASSED] - Text 'Breed 1' is set on object 'Object Repository/Backoffice/match_mgmt/meron_details/input_meron_breed'

2018-11-28 08:31:56 - [TEST_STEP][PASSED] - setText: Text 'Weight 1' is set on object 'Object Repository/Backoffice/match_mgmt/meron_details/input_meron_weight'

2018-11-28 08:31:57 - [MESSAGE][PASSED] - Text 'Weight 1' is set on object 'Object Repository/Backoffice/match_mgmt/meron_details/input_meron_weight'

2018-11-28 08:31:57 - [TEST_STEP][PASSED] - setText: Text 'BB' is set on object 'Object Repository/Backoffice/match_mgmt/wala_details/input_wala_name'

2018-11-28 08:31:57 - [MESSAGE][PASSED] - Text 'BB' is set on object 'Object Repository/Backoffice/match_mgmt/wala_details/input_wala_name'

2018-11-28 08:31:57 - [TEST_STEP][PASSED] - setText: Text 'Farm 2' is set on object 'Object Repository/Backoffice/match_mgmt/wala_details/input_wala_farm'

2018-11-28 08:31:57 - [MESSAGE][PASSED] - Text 'Farm 2' is set on object 'Object Repository/Backoffice/match_mgmt/wala_details/input_wala_farm'

2018-11-28 08:31:57 - [TEST_STEP][PASSED] - setText: Text 'Breed 2' is set on object 'Object Repository/Backoffice/match_mgmt/wala_details/input_wala_breed'

2018-11-28 08:31:58 - [MESSAGE][PASSED] - Text 'Breed 2' is set on object 'Object Repository/Backoffice/match_mgmt/wala_details/input_wala_breed'

2018-11-28 08:31:58 - [TEST_STEP][PASSED] - setText: Text 'Weight 2' is set on object 'Object Repository/Backoffice/match_mgmt/wala_details/input_wala_weight'

2018-11-28 08:31:58 - [MESSAGE][PASSED] - Text 'Weight 2' is set on object 'Object Repository/Backoffice/match_mgmt/wala_details/input_wala_weight'

2018-11-28 08:31:58 - [TEST_STEP][PASSED] - click: Object: 'Object Repository/Backoffice/match_mgmt/input_submit_match' is clicked on

2018-11-28 08:32:01 - [MESSAGE][PASSED] - Object: 'Object Repository/Backoffice/match_mgmt/input_submit_match' is clicked on

2018-11-28 08:32:01 - [TEST_STEP][PASSED] - delay: Delayed 1 second(s)

2018-11-28 08:32:02 - [MESSAGE][PASSED] - Delayed 1 second(s)

2018-11-28 08:32:02 - [TEST_STEP][PASSED] - click: Object: 'Object Repository/Backoffice/match_mgmt/button_create_match' is clicked on

2018-11-28 08:32:02 - [MESSAGE][PASSED] - Object: 'Object Repository/Backoffice/match_mgmt/button_create_match' is clicked on

2018-11-28 08:32:02 - [TEST_STEP][PASSED] - delay: Delayed 1 second(s)

2018-11-28 08:32:03 - [MESSAGE][PASSED] - Delayed 1 second(s)

2018-11-28 08:32:03 - [TEST_STEP][PASSED] - click: Object: 'Object Repository/Backoffice/match_mgmt/span_select_arena_name' is clicked on

2018-11-28 08:32:03 - [MESSAGE][PASSED] - Object: 'Object Repository/Backoffice/match_mgmt/span_select_arena_name' is clicked on

2018-11-28 08:32:03 - [TEST_STEP][PASSED] - setText: Text 'ALIXANDRA SPORTS COMPLEX - ASC' is set on object 'Object Repository/Backoffice/match_mgmt/input__select2-search__arena_name'

2018-11-28 08:32:05 - [MESSAGE][PASSED] - Text 'ALIXANDRA SPORTS COMPLEX - ASC' is set on object 'Object Repository/Backoffice/match_mgmt/input__select2-search__arena_name'

2018-11-28 08:32:05 - [TEST_STEP][PASSED] - sendKeys: Keys 'ENTER + ' sent to object: 'Object Repository/Backoffice/match_mgmt/input__select2-search__arena_name'

2018-11-28 08:32:05 - [MESSAGE][PASSED] - Keys 'ENTER + ' sent to object: 'Object Repository/Backoffice/match_mgmt/input__select2-search__arena_name'

2018-11-28 08:32:05 - [TEST_STEP][PASSED] - setText: Text 'AA' is set on object 'Object Repository/Backoffice/match_mgmt/meron_details/input_meron_name'

2018-11-28 08:32:05 - [MESSAGE][PASSED] - Text 'AA' is set on object 'Object Repository/Backoffice/match_mgmt/meron_details/input_meron_name'

2018-11-28 08:32:05 - [TEST_STEP][PASSED] - setText: Text 'Farm 1' is set on object 'Object Repository/Backoffice/match_mgmt/meron_details/input_meron_farm'

2018-11-28 08:32:06 - [MESSAGE][PASSED] - Text 'Farm 1' is set on object 'Object Repository/Backoffice/match_mgmt/meron_details/input_meron_farm'

2018-11-28 08:32:06 - [TEST_STEP][PASSED] - setText: Text 'Breed 1' is set on object 'Object Repository/Backoffice/match_mgmt/meron_details/input_meron_breed'

2018-11-28 08:32:06 - [MESSAGE][PASSED] - Text 'Breed 1' is set on object 'Object Repository/Backoffice/match_mgmt/meron_details/input_meron_breed'

2018-11-28 08:32:06 - [TEST_STEP][PASSED] - setText: Text 'Weight 1' is set on object 'Object Repository/Backoffice/match_mgmt/meron_details/input_meron_weight'

2018-11-28 08:32:06 - [MESSAGE][PASSED] - Text 'Weight 1' is set on object 'Object Repository/Backoffice/match_mgmt/meron_details/input_meron_weight'

2018-11-28 08:32:06 - [TEST_STEP][PASSED] - setText: Text 'BB' is set on object 'Object Repository/Backoffice/match_mgmt/wala_details/input_wala_name'

2018-11-28 08:32:07 - [MESSAGE][PASSED] - Text 'BB' is set on object 'Object Repository/Backoffice/match_mgmt/wala_details/input_wala_name'

2018-11-28 08:32:07 - [TEST_STEP][PASSED] - setText: Text 'Farm 2' is set on object 'Object Repository/Backoffice/match_mgmt/wala_details/input_wala_farm'

2018-11-28 08:32:07 - [MESSAGE][PASSED] - Text 'Farm 2' is set on object 'Object Repository/Backoffice/match_mgmt/wala_details/input_wala_farm'

2018-11-28 08:32:07 - [TEST_STEP][PASSED] - setText: Text 'Breed 2' is set on object 'Object Repository/Backoffice/match_mgmt/wala_details/input_wala_breed'

2018-11-28 08:32:07 - [MESSAGE][PASSED] - Text 'Breed 2' is set on object 'Object Repository/Backoffice/match_mgmt/wala_details/input_wala_breed'

2018-11-28 08:32:07 - [TEST_STEP][PASSED] - setText: Text 'Weight 2' is set on object 'Object Repository/Backoffice/match_mgmt/wala_details/input_wala_weight'

2018-11-28 08:32:08 - [MESSAGE][PASSED] - Text 'Weight 2' is set on object 'Object Repository/Backoffice/match_mgmt/wala_details/input_wala_weight'

2018-11-28 08:32:08 - [TEST_STEP][PASSED] - click: Object: 'Object Repository/Backoffice/match_mgmt/input_submit_match' is clicked on

2018-11-28 08:32:11 - [MESSAGE][PASSED] - Object: 'Object Repository/Backoffice/match_mgmt/input_submit_match' is clicked on

2018-11-28 08:32:11 - [TEST_STEP][PASSED] - delay: Delayed 1 second(s)

2018-11-28 08:32:12 - [MESSAGE][PASSED] - Delayed 1 second(s)

2018-11-28 08:32:12 - [TEST_STEP][PASSED] - click: Object: 'Object Repository/Backoffice/match_mgmt/button_create_match' is clicked on

2018-11-28 08:32:12 - [MESSAGE][PASSED] - Object: 'Object Repository/Backoffice/match_mgmt/button_create_match' is clicked on

2018-11-28 08:32:12 - [TEST_STEP][PASSED] - delay: Delayed 1 second(s)

2018-11-28 08:32:13 - [MESSAGE][PASSED] - Delayed 1 second(s)

2018-11-28 08:32:13 - [TEST_STEP][PASSED] - click: Object: 'Object Repository/Backoffice/match_mgmt/span_select_arena_name' is clicked on

2018-11-28 08:32:13 - [MESSAGE][PASSED] - Object: 'Object Repository/Backoffice/match_mgmt/span_select_arena_name' is clicked on

2018-11-28 08:32:13 - [TEST_STEP][PASSED] - setText: Text 'ALIXANDRA SPORTS COMPLEX - ASC' is set on object 'Object Repository/Backoffice/match_mgmt/input__select2-search__arena_name'

2018-11-28 08:32:15 - [MESSAGE][PASSED] - Text 'ALIXANDRA SPORTS COMPLEX - ASC' is set on object 'Object Repository/Backoffice/match_mgmt/input__select2-search__arena_name'

2018-11-28 08:32:15 - [TEST_STEP][PASSED] - sendKeys: Keys 'ENTER + ' sent to object: 'Object Repository/Backoffice/match_mgmt/input__select2-search__arena_name'

2018-11-28 08:32:15 - [MESSAGE][PASSED] - Keys 'ENTER + ' sent to object: 'Object Repository/Backoffice/match_mgmt/input__select2-search__arena_name'

2018-11-28 08:32:15 - [TEST_STEP][PASSED] - setText: Text 'AA' is set on object 'Object Repository/Backoffice/match_mgmt/meron_details/input_meron_name'

2018-11-28 08:32:15 - [MESSAGE][PASSED] - Text 'AA' is set on object 'Object Repository/Backoffice/match_mgmt/meron_details/input_meron_name'

2018-11-28 08:32:15 - [TEST_STEP][PASSED] - setText: Text 'Farm 1' is set on object 'Object Repository/Backoffice/match_mgmt/meron_details/input_meron_farm'

2018-11-28 08:32:16 - [MESSAGE][PASSED] - Text 'Farm 1' is set on object 'Object Repository/Backoffice/match_mgmt/meron_details/input_meron_farm'

2018-11-28 08:32:16 - [TEST_STEP][PASSED] - setText: Text 'Breed 1' is set on object 'Object Repository/Backoffice/match_mgmt/meron_details/input_meron_breed'

2018-11-28 08:32:16 - [MESSAGE][PASSED] - Text 'Breed 1' is set on object 'Object Repository/Backoffice/match_mgmt/meron_details/input_meron_breed'

2018-11-28 08:32:16 - [TEST_STEP][PASSED] - setText: Text 'Weight 1' is set on object 'Object Repository/Backoffice/match_mgmt/meron_details/input_meron_weight'

2018-11-28 08:32:16 - [MESSAGE][PASSED] - Text 'Weight 1' is set on object 'Object Repository/Backoffice/match_mgmt/meron_details/input_meron_weight'

2018-11-28 08:32:16 - [TEST_STEP][PASSED] - setText: Text 'BB' is set on object 'Object Repository/Backoffice/match_mgmt/wala_details/input_wala_name'

2018-11-28 08:32:17 - [MESSAGE][PASSED] - Text 'BB' is set on object 'Object Repository/Backoffice/match_mgmt/wala_details/input_wala_name'

2018-11-28 08:32:17 - [TEST_STEP][PASSED] - setText: Text 'Farm 2' is set on object 'Object Repository/Backoffice/match_mgmt/wala_details/input_wala_farm'

2018-11-28 08:32:17 - [MESSAGE][PASSED] - Text 'Farm 2' is set on object 'Object Repository/Backoffice/match_mgmt/wala_details/input_wala_farm'

2018-11-28 08:32:17 - [TEST_STEP][PASSED] - setText: Text 'Breed 2' is set on object 'Object Repository/Backoffice/match_mgmt/wala_details/input_wala_breed'

2018-11-28 08:32:17 - [MESSAGE][PASSED] - Text 'Breed 2' is set on object 'Object Repository/Backoffice/match_mgmt/wala_details/input_wala_breed'

2018-11-28 08:32:17 - [TEST_STEP][PASSED] - setText: Text 'Weight 2' is set on object 'Object Repository/Backoffice/match_mgmt/wala_details/input_wala_weight'

2018-11-28 08:32:18 - [MESSAGE][PASSED] - Text 'Weight 2' is set on object 'Object Repository/Backoffice/match_mgmt/wala_details/input_wala_weight'

2018-11-28 08:32:18 - [TEST_STEP][PASSED] - click: Object: 'Object Repository/Backoffice/match_mgmt/input_submit_match' is clicked on

2018-11-28 08:32:21 - [MESSAGE][PASSED] - Object: 'Object Repository/Backoffice/match_mgmt/input_submit_match' is clicked on

2018-11-28 08:32:21 - [TEST_STEP][PASSED] - delay: Delayed 1 second(s)

2018-11-28 08:32:22 - [MESSAGE][PASSED] - Delayed 1 second(s)

2018-11-28 08:32:22 - [TEST_STEP][PASSED] - click: Object: 'Object Repository/Backoffice/match_mgmt/button_create_match' is clicked on

2018-11-28 08:32:22 - [MESSAGE][PASSED] - Object: 'Object Repository/Backoffice/match_mgmt/button_create_match' is clicked on

2018-11-28 08:32:22 - [TEST_STEP][PASSED] - delay: Delayed 1 second(s)

2018-11-28 08:32:23 - [MESSAGE][PASSED] - Delayed 1 second(s)

2018-11-28 08:32:23 - [TEST_STEP][PASSED] - click: Object: 'Object Repository/Backoffice/match_mgmt/span_select_arena_name' is clicked on

2018-11-28 08:32:23 - [MESSAGE][PASSED] - Object: 'Object Repository/Backoffice/match_mgmt/span_select_arena_name' is clicked on

2018-11-28 08:32:23 - [TEST_STEP][PASSED] - setText: Text 'ALIXANDRA SPORTS COMPLEX - ASC' is set on object 'Object Repository/Backoffice/match_mgmt/input__select2-search__arena_name'

2018-11-28 08:32:25 - [MESSAGE][PASSED] - Text 'ALIXANDRA SPORTS COMPLEX - ASC' is set on object 'Object Repository/Backoffice/match_mgmt/input__select2-search__arena_name'

2018-11-28 08:32:25 - [TEST_STEP][PASSED] - sendKeys: Keys 'ENTER + ' sent to object: 'Object Repository/Backoffice/match_mgmt/input__select2-search__arena_name'

2018-11-28 08:32:25 - [MESSAGE][PASSED] - Keys 'ENTER + ' sent to object: 'Object Repository/Backoffice/match_mgmt/input__select2-search__arena_name'

2018-11-28 08:32:25 - [TEST_STEP][PASSED] - setText: Text 'AA' is set on object 'Object Repository/Backoffice/match_mgmt/meron_details/input_meron_name'

2018-11-28 08:32:25 - [MESSAGE][PASSED] - Text 'AA' is set on object 'Object Repository/Backoffice/match_mgmt/meron_details/input_meron_name'

2018-11-28 08:32:25 - [TEST_STEP][PASSED] - setText: Text 'Farm 1' is set on object 'Object Repository/Backoffice/match_mgmt/meron_details/input_meron_farm'

2018-11-28 08:32:26 - [MESSAGE][PASSED] - Text 'Farm 1' is set on object 'Object Repository/Backoffice/match_mgmt/meron_details/input_meron_farm'

2018-11-28 08:32:26 - [TEST_STEP][PASSED] - setText: Text 'Breed 1' is set on object 'Object Repository/Backoffice/match_mgmt/meron_details/input_meron_breed'

2018-11-28 08:32:26 - [MESSAGE][PASSED] - Text 'Breed 1' is set on object 'Object Repository/Backoffice/match_mgmt/meron_details/input_meron_breed'

2018-11-28 08:32:26 - [TEST_STEP][PASSED] - setText: Text 'Weight 1' is set on object 'Object Repository/Backoffice/match_mgmt/meron_details/input_meron_weight'

2018-11-28 08:32:26 - [MESSAGE][PASSED] - Text 'Weight 1' is set on object 'Object Repository/Backoffice/match_mgmt/meron_details/input_meron_weight'

2018-11-28 08:32:26 - [TEST_STEP][PASSED] - setText: Text 'BB' is set on object 'Object Repository/Backoffice/match_mgmt/wala_details/input_wala_name'

2018-11-28 08:32:27 - [MESSAGE][PASSED] - Text 'BB' is set on object 'Object Repository/Backoffice/match_mgmt/wala_details/input_wala_name'

2018-11-28 08:32:27 - [TEST_STEP][PASSED] - setText: Text 'Farm 2' is set on object 'Object Repository/Backoffice/match_mgmt/wala_details/input_wala_farm'

2018-11-28 08:32:27 - [MESSAGE][PASSED] - Text 'Farm 2' is set on object 'Object Repository/Backoffice/match_mgmt/wala_details/input_wala_farm'

2018-11-28 08:32:27 - [TEST_STEP][PASSED] - setText: Text 'Breed 2' is set on object 'Object Repository/Backoffice/match_mgmt/wala_details/input_wala_breed'

2018-11-28 08:32:27 - [MESSAGE][PASSED] - Text 'Breed 2' is set on object 'Object Repository/Backoffice/match_mgmt/wala_details/input_wala_breed'

2018-11-28 08:32:27 - [TEST_STEP][PASSED] - setText: Text 'Weight 2' is set on object 'Object Repository/Backoffice/match_mgmt/wala_details/input_wala_weight'

2018-11-28 08:32:28 - [MESSAGE][PASSED] - Text 'Weight 2' is set on object 'Object Repository/Backoffice/match_mgmt/wala_details/input_wala_weight'

2018-11-28 08:32:28 - [TEST_STEP][PASSED] - click: Object: 'Object Repository/Backoffice/match_mgmt/input_submit_match' is clicked on

2018-11-28 08:32:31 - [MESSAGE][PASSED] - Object: 'Object Repository/Backoffice/match_mgmt/input_submit_match' is clicked on

2018-11-28 08:32:31 - [TEST_STEP][PASSED] - delay: Delayed 1 second(s)

2018-11-28 08:32:32 - [MESSAGE][PASSED] - Delayed 1 second(s)

2018-11-28 08:32:32 - [TEST_STEP][PASSED] - click: Object: 'Object Repository/Backoffice/match_mgmt/button_create_match' is clicked on

2018-11-28 08:32:32 - [MESSAGE][PASSED] - Object: 'Object Repository/Backoffice/match_mgmt/button_create_match' is clicked on

2018-11-28 08:32:32 - [TEST_STEP][PASSED] - delay: Delayed 1 second(s)

2018-11-28 08:32:33 - [MESSAGE][PASSED] - Delayed 1 second(s)

2018-11-28 08:32:33 - [TEST_STEP][PASSED] - click: Object: 'Object Repository/Backoffice/match_mgmt/span_select_arena_name' is clicked on

2018-11-28 08:32:33 - [MESSAGE][PASSED] - Object: 'Object Repository/Backoffice/match_mgmt/span_select_arena_name' is clicked on

2018-11-28 08:32:33 - [TEST_STEP][PASSED] - setText: Text 'ALIXANDRA SPORTS COMPLEX - ASC' is set on object 'Object Repository/Backoffice/match_mgmt/input__select2-search__arena_name'

2018-11-28 08:32:35 - [MESSAGE][PASSED] - Text 'ALIXANDRA SPORTS COMPLEX - ASC' is set on object 'Object Repository/Backoffice/match_mgmt/input__select2-search__arena_name'

2018-11-28 08:32:35 - [TEST_STEP][PASSED] - sendKeys: Keys 'ENTER + ' sent to object: 'Object Repository/Backoffice/match_mgmt/input__select2-search__arena_name'

2018-11-28 08:32:35 - [MESSAGE][PASSED] - Keys 'ENTER + ' sent to object: 'Object Repository/Backoffice/match_mgmt/input__select2-search__arena_name'

2018-11-28 08:32:35 - [TEST_STEP][PASSED] - setText: Text 'AA' is set on object 'Object Repository/Backoffice/match_mgmt/meron_details/input_meron_name'

2018-11-28 08:32:35 - [MESSAGE][PASSED] - Text 'AA' is set on object 'Object Repository/Backoffice/match_mgmt/meron_details/input_meron_name'

2018-11-28 08:32:35 - [TEST_STEP][PASSED] - setText: Text 'Farm 1' is set on object 'Object Repository/Backoffice/match_mgmt/meron_details/input_meron_farm'

2018-11-28 08:32:36 - [MESSAGE][PASSED] - Text 'Farm 1' is set on object 'Object Repository/Backoffice/match_mgmt/meron_details/input_meron_farm'

2018-11-28 08:32:36 - [TEST_STEP][PASSED] - setText: Text 'Breed 1' is set on object 'Object Repository/Backoffice/match_mgmt/meron_details/input_meron_breed'

2018-11-28 08:32:36 - [MESSAGE][PASSED] - Text 'Breed 1' is set on object 'Object Repository/Backoffice/match_mgmt/meron_details/input_meron_breed'

2018-11-28 08:32:36 - [TEST_STEP][PASSED] - setText: Text 'Weight 1' is set on object 'Object Repository/Backoffice/match_mgmt/meron_details/input_meron_weight'

2018-11-28 08:32:36 - [MESSAGE][PASSED] - Text 'Weight 1' is set on object 'Object Repository/Backoffice/match_mgmt/meron_details/input_meron_weight'

2018-11-28 08:32:36 - [TEST_STEP][PASSED] - setText: Text 'BB' is set on object 'Object Repository/Backoffice/match_mgmt/wala_details/input_wala_name'

2018-11-28 08:32:37 - [MESSAGE][PASSED] - Text 'BB' is set on object 'Object Repository/Backoffice/match_mgmt/wala_details/input_wala_name'

2018-11-28 08:32:37 - [TEST_STEP][PASSED] - setText: Text 'Farm 2' is set on object 'Object Repository/Backoffice/match_mgmt/wala_details/input_wala_farm'

2018-11-28 08:32:37 - [MESSAGE][PASSED] - Text 'Farm 2' is set on object 'Object Repository/Backoffice/match_mgmt/wala_details/input_wala_farm'

2018-11-28 08:32:37 - [TEST_STEP][PASSED] - setText: Text 'Breed 2' is set on object 'Object Repository/Backoffice/match_mgmt/wala_details/input_wala_breed'

2018-11-28 08:32:37 - [MESSAGE][PASSED] - Text 'Breed 2' is set on object 'Object Repository/Backoffice/match_mgmt/wala_details/input_wala_breed'

2018-11-28 08:32:37 - [TEST_STEP][PASSED] - setText: Text 'Weight 2' is set on object 'Object Repository/Backoffice/match_mgmt/wala_details/input_wala_weight'

2018-11-28 08:32:38 - [MESSAGE][PASSED] - Text 'Weight 2' is set on object 'Object Repository/Backoffice/match_mgmt/wala_details/input_wala_weight'

2018-11-28 08:32:38 - [TEST_STEP][PASSED] - click: Object: 'Object Repository/Backoffice/match_mgmt/input_submit_match' is clicked on

2018-11-28 08:32:40 - [MESSAGE][PASSED] - Object: 'Object Repository/Backoffice/match_mgmt/input_submit_match' is clicked on

2018-11-28 08:32:40 - [TEST_STEP][PASSED] - delay: Delayed 1 second(s)

2018-11-28 08:32:41 - [MESSAGE][PASSED] - Delayed 1 second(s)

2018-11-28 08:32:41 - [TEST_STEP][PASSED] - click: Object: 'Object Repository/Backoffice/match_mgmt/button_create_match' is clicked on

2018-11-28 08:32:41 - [MESSAGE][PASSED] - Object: 'Object Repository/Backoffice/match_mgmt/button_create_match' is clicked on

2018-11-28 08:32:41 - [TEST_STEP][PASSED] - delay: Delayed 1 second(s)

2018-11-28 08:32:42 - [MESSAGE][PASSED] - Delayed 1 second(s)

2018-11-28 08:32:42 - [TEST_STEP][PASSED] - click: Object: 'Object Repository/Backoffice/match_mgmt/span_select_arena_name' is clicked on

2018-11-28 08:32:43 - [MESSAGE][PASSED] - Object: 'Object Repository/Backoffice/match_mgmt/span_select_arena_name' is clicked on

2018-11-28 08:32:43 - [TEST_STEP][PASSED] - setText: Text 'ALIXANDRA SPORTS COMPLEX - ASC' is set on object 'Object Repository/Backoffice/match_mgmt/input__select2-search__arena_name'

2018-11-28 08:32:44 - [MESSAGE][PASSED] - Text 'ALIXANDRA SPORTS COMPLEX - ASC' is set on object 'Object Repository/Backoffice/match_mgmt/input__select2-search__arena_name'

2018-11-28 08:32:44 - [TEST_STEP][PASSED] - sendKeys: Keys 'ENTER + ' sent to object: 'Object Repository/Backoffice/match_mgmt/input__select2-search__arena_name'

2018-11-28 08:32:44 - [MESSAGE][PASSED] - Keys 'ENTER + ' sent to object: 'Object Repository/Backoffice/match_mgmt/input__select2-search__arena_name'

2018-11-28 08:32:44 - [TEST_STEP][PASSED] - setText: Text 'AA' is set on object 'Object Repository/Backoffice/match_mgmt/meron_details/input_meron_name'

2018-11-28 08:32:45 - [MESSAGE][PASSED] - Text 'AA' is set on object 'Object Repository/Backoffice/match_mgmt/meron_details/input_meron_name'

2018-11-28 08:32:45 - [TEST_STEP][PASSED] - setText: Text 'Farm 1' is set on object 'Object Repository/Backoffice/match_mgmt/meron_details/input_meron_farm'

2018-11-28 08:32:45 - [MESSAGE][PASSED] - Text 'Farm 1' is set on object 'Object Repository/Backoffice/match_mgmt/meron_details/input_meron_farm'

2018-11-28 08:32:45 - [TEST_STEP][PASSED] - setText: Text 'Breed 1' is set on object 'Object Repository/Backoffice/match_mgmt/meron_details/input_meron_breed'

2018-11-28 08:32:45 - [MESSAGE][PASSED] - Text 'Breed 1' is set on object 'Object Repository/Backoffice/match_mgmt/meron_details/input_meron_breed'

2018-11-28 08:32:45 - [TEST_STEP][PASSED] - setText: Text 'Weight 1' is set on object 'Object Repository/Backoffice/match_mgmt/meron_details/input_meron_weight'

2018-11-28 08:32:46 - [MESSAGE][PASSED] - Text 'Weight 1' is set on object 'Object Repository/Backoffice/match_mgmt/meron_details/input_meron_weight'

2018-11-28 08:32:46 - [TEST_STEP][PASSED] - setText: Text 'BB' is set on object 'Object Repository/Backoffice/match_mgmt/wala_details/input_wala_name'

2018-11-28 08:32:46 - [MESSAGE][PASSED] - Text 'BB' is set on object 'Object Repository/Backoffice/match_mgmt/wala_details/input_wala_name'

2018-11-28 08:32:46 - [TEST_STEP][PASSED] - setText: Text 'Farm 2' is set on object 'Object Repository/Backoffice/match_mgmt/wala_details/input_wala_farm'

2018-11-28 08:32:47 - [MESSAGE][PASSED] - Text 'Farm 2' is set on object 'Object Repository/Backoffice/match_mgmt/wala_details/input_wala_farm'

2018-11-28 08:32:47 - [TEST_STEP][PASSED] - setText: Text 'Breed 2' is set on object 'Object Repository/Backoffice/match_mgmt/wala_details/input_wala_breed'

2018-11-28 08:32:47 - [MESSAGE][PASSED] - Text 'Breed 2' is set on object 'Object Repository/Backoffice/match_mgmt/wala_details/input_wala_breed'

2018-11-28 08:32:47 - [TEST_STEP][PASSED] - setText: Text 'Weight 2' is set on object 'Object Repository/Backoffice/match_mgmt/wala_details/input_wala_weight'

2018-11-28 08:32:47 - [MESSAGE][PASSED] - Text 'Weight 2' is set on object 'Object Repository/Backoffice/match_mgmt/wala_details/input_wala_weight'

2018-11-28 08:32:47 - [TEST_STEP][PASSED] - click: Object: 'Object Repository/Backoffice/match_mgmt/input_submit_match' is clicked on

2018-11-28 08:32:50 - [MESSAGE][PASSED] - Object: 'Object Repository/Backoffice/match_mgmt/input_submit_match' is clicked on

2018-11-28 08:32:50 - [TEST_STEP][PASSED] - delay: Delayed 1 second(s)

2018-11-28 08:32:51 - [MESSAGE][PASSED] - Delayed 1 second(s)

2018-11-28 08:32:51 - [TEST_STEP][PASSED] - click: Object: 'Object Repository/Backoffice/match_mgmt/button_create_match' is clicked on

2018-11-28 08:32:52 - [MESSAGE][PASSED] - Object: 'Object Repository/Backoffice/match_mgmt/button_create_match' is clicked on

2018-11-28 08:32:52 - [TEST_STEP][PASSED] - delay: Delayed 1 second(s)

2018-11-28 08:32:53 - [MESSAGE][PASSED] - Delayed 1 second(s)

2018-11-28 08:32:53 - [TEST_STEP][PASSED] - click: Object: 'Object Repository/Backoffice/match_mgmt/span_select_arena_name' is clicked on

2018-11-28 08:32:53 - [MESSAGE][PASSED] - Object: 'Object Repository/Backoffice/match_mgmt/span_select_arena_name' is clicked on

2018-11-28 08:32:53 - [TEST_STEP][PASSED] - setText: Text 'ALIXANDRA SPORTS COMPLEX - ASC' is set on object 'Object Repository/Backoffice/match_mgmt/input__select2-search__arena_name'

2018-11-28 08:32:55 - [MESSAGE][PASSED] - Text 'ALIXANDRA SPORTS COMPLEX - ASC' is set on object 'Object Repository/Backoffice/match_mgmt/input__select2-search__arena_name'

2018-11-28 08:32:55 - [TEST_STEP][PASSED] - sendKeys: Keys 'ENTER + ' sent to object: 'Object Repository/Backoffice/match_mgmt/input__select2-search__arena_name'

2018-11-28 08:32:55 - [MESSAGE][PASSED] - Keys 'ENTER + ' sent to object: 'Object Repository/Backoffice/match_mgmt/input__select2-search__arena_name'

2018-11-28 08:32:55 - [TEST_STEP][PASSED] - setText: Text 'AA' is set on object 'Object Repository/Backoffice/match_mgmt/meron_details/input_meron_name'

2018-11-28 08:32:55 - [MESSAGE][PASSED] - Text 'AA' is set on object 'Object Repository/Backoffice/match_mgmt/meron_details/input_meron_name'

2018-11-28 08:32:55 - [TEST_STEP][PASSED] - setText: Text 'Farm 1' is set on object 'Object Repository/Backoffice/match_mgmt/meron_details/input_meron_farm'

2018-11-28 08:32:55 - [MESSAGE][PASSED] - Text 'Farm 1' is set on object 'Object Repository/Backoffice/match_mgmt/meron_details/input_meron_farm'

2018-11-28 08:32:55 - [TEST_STEP][PASSED] - setText: Text 'Breed 1' is set on object 'Object Repository/Backoffice/match_mgmt/meron_details/input_meron_breed'

2018-11-28 08:32:56 - [MESSAGE][PASSED] - Text 'Breed 1' is set on object 'Object Repository/Backoffice/match_mgmt/meron_details/input_meron_breed'

2018-11-28 08:32:56 - [TEST_STEP][PASSED] - setText: Text 'Weight 1' is set on object 'Object Repository/Backoffice/match_mgmt/meron_details/input_meron_weight'

2018-11-28 08:32:56 - [MESSAGE][PASSED] - Text 'Weight 1' is set on object 'Object Repository/Backoffice/match_mgmt/meron_details/input_meron_weight'

2018-11-28 08:32:56 - [TEST_STEP][PASSED] - setText: Text 'BB' is set on object 'Object Repository/Backoffice/match_mgmt/wala_details/input_wala_name'

2018-11-28 08:32:56 - [MESSAGE][PASSED] - Text 'BB' is set on object 'Object Repository/Backoffice/match_mgmt/wala_details/input_wala_name'

2018-11-28 08:32:56 - [TEST_STEP][PASSED] - setText: Text 'Farm 2' is set on object 'Object Repository/Backoffice/match_mgmt/wala_details/input_wala_farm'

2018-11-28 08:32:57 - [MESSAGE][PASSED] - Text 'Farm 2' is set on object 'Object Repository/Backoffice/match_mgmt/wala_details/input_wala_farm'

2018-11-28 08:32:57 - [TEST_STEP][PASSED] - setText: Text 'Breed 2' is set on object 'Object Repository/Backoffice/match_mgmt/wala_details/input_wala_breed'

2018-11-28 08:32:57 - [MESSAGE][PASSED] - Text 'Breed 2' is set on object 'Object Repository/Backoffice/match_mgmt/wala_details/input_wala_breed'

2018-11-28 08:32:57 - [TEST_STEP][PASSED] - setText: Text 'Weight 2' is set on object 'Object Repository/Backoffice/match_mgmt/wala_details/input_wala_weight'

2018-11-28 08:32:58 - [MESSAGE][PASSED] - Text 'Weight 2' is set on object 'Object Repository/Backoffice/match_mgmt/wala_details/input_wala_weight'

2018-11-28 08:32:58 - [TEST_STEP][PASSED] - click: Object: 'Object Repository/Backoffice/match_mgmt/input_submit_match' is clicked on

2018-11-28 08:33:01 - [MESSAGE][PASSED] - Object: 'Object Repository/Backoffice/match_mgmt/input_submit_match' is clicked on

2018-11-28 08:33:01 - [TEST_STEP][PASSED] - delay: Delayed 1 second(s)

2018-11-28 08:33:02 - [MESSAGE][PASSED] - Delayed 1 second(s)

2018-11-28 08:33:02 - [TEST_STEP][PASSED] - click: Object: 'Object Repository/Backoffice/match_mgmt/button_create_match' is clicked on

2018-11-28 08:33:02 - [MESSAGE][PASSED] - Object: 'Object Repository/Backoffice/match_mgmt/button_create_match' is clicked on

2018-11-28 08:33:02 - [TEST_STEP][PASSED] - delay: Delayed 1 second(s)

2018-11-28 08:33:03 - [MESSAGE][PASSED] - Delayed 1 second(s)

2018-11-28 08:33:03 - [TEST_STEP][PASSED] - click: Object: 'Object Repository/Backoffice/match_mgmt/span_select_arena_name' is clicked on

2018-11-28 08:33:03 - [MESSAGE][PASSED] - Object: 'Object Repository/Backoffice/match_mgmt/span_select_arena_name' is clicked on

2018-11-28 08:33:03 - [TEST_STEP][PASSED] - setText: Text 'ALIXANDRA SPORTS COMPLEX - ASC' is set on object 'Object Repository/Backoffice/match_mgmt/input__select2-search__arena_name'

2018-11-28 08:33:05 - [MESSAGE][PASSED] - Text 'ALIXANDRA SPORTS COMPLEX - ASC' is set on object 'Object Repository/Backoffice/match_mgmt/input__select2-search__arena_name'

2018-11-28 08:33:05 - [TEST_STEP][PASSED] - sendKeys: Keys 'ENTER + ' sent to object: 'Object Repository/Backoffice/match_mgmt/input__select2-search__arena_name'

2018-11-28 08:33:05 - [MESSAGE][PASSED] - Keys 'ENTER + ' sent to object: 'Object Repository/Backoffice/match_mgmt/input__select2-search__arena_name'

2018-11-28 08:33:05 - [TEST_STEP][PASSED] - setText: Text 'AA' is set on object 'Object Repository/Backoffice/match_mgmt/meron_details/input_meron_name'

2018-11-28 08:33:05 - [MESSAGE][PASSED] - Text 'AA' is set on object 'Object Repository/Backoffice/match_mgmt/meron_details/input_meron_name'

2018-11-28 08:33:05 - [TEST_STEP][PASSED] - setText: Text 'Farm 1' is set on object 'Object Repository/Backoffice/match_mgmt/meron_details/input_meron_farm'

2018-11-28 08:33:06 - [MESSAGE][PASSED] - Text 'Farm 1' is set on object 'Object Repository/Backoffice/match_mgmt/meron_details/input_meron_farm'

2018-11-28 08:33:06 - [TEST_STEP][PASSED] - setText: Text 'Breed 1' is set on object 'Object Repository/Backoffice/match_mgmt/meron_details/input_meron_breed'

2018-11-28 08:33:06 - [MESSAGE][PASSED] - Text 'Breed 1' is set on object 'Object Repository/Backoffice/match_mgmt/meron_details/input_meron_breed'

2018-11-28 08:33:06 - [TEST_STEP][PASSED] - setText: Text 'Weight 1' is set on object 'Object Repository/Backoffice/match_mgmt/meron_details/input_meron_weight'

2018-11-28 08:33:06 - [MESSAGE][PASSED] - Text 'Weight 1' is set on object 'Object Repository/Backoffice/match_mgmt/meron_details/input_meron_weight'

2018-11-28 08:33:06 - [TEST_STEP][PASSED] - setText: Text 'BB' is set on object 'Object Repository/Backoffice/match_mgmt/wala_details/input_wala_name'

2018-11-28 08:33:07 - [MESSAGE][PASSED] - Text 'BB' is set on object 'Object Repository/Backoffice/match_mgmt/wala_details/input_wala_name'

2018-11-28 08:33:07 - [TEST_STEP][PASSED] - setText: Text 'Farm 2' is set on object 'Object Repository/Backoffice/match_mgmt/wala_details/input_wala_farm'

2018-11-28 08:33:07 - [MESSAGE][PASSED] - Text 'Farm 2' is set on object 'Object Repository/Backoffice/match_mgmt/wala_details/input_wala_farm'

2018-11-28 08:33:07 - [TEST_STEP][PASSED] - setText: Text 'Breed 2' is set on object 'Object Repository/Backoffice/match_mgmt/wala_details/input_wala_breed'

2018-11-28 08:33:07 - [MESSAGE][PASSED] - Text 'Breed 2' is set on object 'Object Repository/Backoffice/match_mgmt/wala_details/input_wala_breed'

2018-11-28 08:33:07 - [TEST_STEP][PASSED] - setText: Text 'Weight 2' is set on object 'Object Repository/Backoffice/match_mgmt/wala_details/input_wala_weight'

2018-11-28 08:33:08 - [MESSAGE][PASSED] - Text 'Weight 2' is set on object 'Object Repository/Backoffice/match_mgmt/wala_details/input_wala_weight'

2018-11-28 08:33:08 - [TEST_STEP][PASSED] - click: Object: 'Object Repository/Backoffice/match_mgmt/input_submit_match' is clicked on

2018-11-28 08:33:10 - [MESSAGE][PASSED] - Object: 'Object Repository/Backoffice/match_mgmt/input_submit_match' is clicked on

2018-11-28 08:33:10 - [TEST_STEP][PASSED] - delay: Delayed 1 second(s)

2018-11-28 08:33:11 - [MESSAGE][PASSED] - Delayed 1 second(s)

2018-11-28 08:33:11 - [TEST_STEP][PASSED] - click: Object: 'Object Repository/Backoffice/match_mgmt/button_create_match' is clicked on

2018-11-28 08:33:12 - [MESSAGE][PASSED] - Object: 'Object Repository/Backoffice/match_mgmt/button_create_match' is clicked on

2018-11-28 08:33:12 - [TEST_STEP][PASSED] - delay: Delayed 1 second(s)

2018-11-28 08:33:13 - [MESSAGE][PASSED] - Delayed 1 second(s)

2018-11-28 08:33:13 - [TEST_STEP][PASSED] - click: Object: 'Object Repository/Backoffice/match_mgmt/span_select_arena_name' is clicked on

2018-11-28 08:33:13 - [MESSAGE][PASSED] - Object: 'Object Repository/Backoffice/match_mgmt/span_select_arena_name' is clicked on

2018-11-28 08:33:13 - [TEST_STEP][PASSED] - setText: Text 'ALIXANDRA SPORTS COMPLEX - ASC' is set on object 'Object Repository/Backoffice/match_mgmt/input__select2-search__arena_name'

2018-11-28 08:33:14 - [MESSAGE][PASSED] - Text 'ALIXANDRA SPORTS COMPLEX - ASC' is set on object 'Object Repository/Backoffice/match_mgmt/input__select2-search__arena_name'

2018-11-28 08:33:14 - [TEST_STEP][PASSED] - sendKeys: Keys 'ENTER + ' sent to object: 'Object Repository/Backoffice/match_mgmt/input__select2-search__arena_name'

2018-11-28 08:33:15 - [MESSAGE][PASSED] - Keys 'ENTER + ' sent to object: 'Object Repository/Backoffice/match_mgmt/input__select2-search__arena_name'

2018-11-28 08:33:15 - [TEST_STEP][PASSED] - setText: Text 'AA' is set on object 'Object Repository/Backoffice/match_mgmt/meron_details/input_meron_name'

2018-11-28 08:33:15 - [MESSAGE][PASSED] - Text 'AA' is set on object 'Object Repository/Backoffice/match_mgmt/meron_details/input_meron_name'

2018-11-28 08:33:15 - [TEST_STEP][PASSED] - setText: Text 'Farm 1' is set on object 'Object Repository/Backoffice/match_mgmt/meron_details/input_meron_farm'

2018-11-28 08:33:15 - [MESSAGE][PASSED] - Text 'Farm 1' is set on object 'Object Repository/Backoffice/match_mgmt/meron_details/input_meron_farm'

2018-11-28 08:33:15 - [TEST_STEP][PASSED] - setText: Text 'Breed 1' is set on object 'Object Repository/Backoffice/match_mgmt/meron_details/input_meron_breed'

2018-11-28 08:33:16 - [MESSAGE][PASSED] - Text 'Breed 1' is set on object 'Object Repository/Backoffice/match_mgmt/meron_details/input_meron_breed'

2018-11-28 08:33:16 - [TEST_STEP][PASSED] - setText: Text 'Weight 1' is set on object 'Object Repository/Backoffice/match_mgmt/meron_details/input_meron_weight'

2018-11-28 08:33:16 - [MESSAGE][PASSED] - Text 'Weight 1' is set on object 'Object Repository/Backoffice/match_mgmt/meron_details/input_meron_weight'

2018-11-28 08:33:16 - [TEST_STEP][PASSED] - setText: Text 'BB' is set on object 'Object Repository/Backoffice/match_mgmt/wala_details/input_wala_name'

2018-11-28 08:33:16 - [MESSAGE][PASSED] - Text 'BB' is set on object 'Object Repository/Backoffice/match_mgmt/wala_details/input_wala_name'

2018-11-28 08:33:16 - [TEST_STEP][PASSED] - setText: Text 'Farm 2' is set on object 'Object Repository/Backoffice/match_mgmt/wala_details/input_wala_farm'

2018-11-28 08:33:17 - [MESSAGE][PASSED] - Text 'Farm 2' is set on object 'Object Repository/Backoffice/match_mgmt/wala_details/input_wala_farm'

2018-11-28 08:33:17 - [TEST_STEP][PASSED] - setText: Text 'Breed 2' is set on object 'Object Repository/Backoffice/match_mgmt/wala_details/input_wala_breed'

2018-11-28 08:33:17 - [MESSAGE][PASSED] - Text 'Breed 2' is set on object 'Object Repository/Backoffice/match_mgmt/wala_details/input_wala_breed'

2018-11-28 08:33:17 - [TEST_STEP][PASSED] - setText: Text 'Weight 2' is set on object 'Object Repository/Backoffice/match_mgmt/wala_details/input_wala_weight'

2018-11-28 08:33:18 - [MESSAGE][PASSED] - Text 'Weight 2' is set on object 'Object Repository/Backoffice/match_mgmt/wala_details/input_wala_weight'

2018-11-28 08:33:18 - [TEST_STEP][PASSED] - click: Object: 'Object Repository/Backoffice/match_mgmt/input_submit_match' is clicked on

2018-11-28 08:33:21 - [MESSAGE][PASSED] - Object: 'Object Repository/Backoffice/match_mgmt/input_submit_match' is clicked on

2018-11-28 08:33:21 - [TEST_STEP][PASSED] - delay: Delayed 1 second(s)

2018-11-28 08:33:22 - [MESSAGE][PASSED] - Delayed 1 second(s)

2018-11-28 08:33:22 - [TEST_STEP][PASSED] - click: Object: 'Object Repository/Backoffice/match_mgmt/button_create_match' is clicked on

2018-11-28 08:33:22 - [MESSAGE][PASSED] - Object: 'Object Repository/Backoffice/match_mgmt/button_create_match' is clicked on

2018-11-28 08:33:22 - [TEST_STEP][PASSED] - delay: Delayed 1 second(s)

2018-11-28 08:33:23 - [MESSAGE][PASSED] - Delayed 1 second(s)

2018-11-28 08:33:23 - [TEST_STEP][PASSED] - click: Object: 'Object Repository/Backoffice/match_mgmt/span_select_arena_name' is clicked on

2018-11-28 08:33:23 - [MESSAGE][PASSED] - Object: 'Object Repository/Backoffice/match_mgmt/span_select_arena_name' is clicked on

2018-11-28 08:33:23 - [TEST_STEP][PASSED] - setText: Text 'ALIXANDRA SPORTS COMPLEX - ASC' is set on object 'Object Repository/Backoffice/match_mgmt/input__select2-search__arena_name'

2018-11-28 08:33:25 - [MESSAGE][PASSED] - Text 'ALIXANDRA SPORTS COMPLEX - ASC' is set on object 'Object Repository/Backoffice/match_mgmt/input__select2-search__arena_name'

2018-11-28 08:33:25 - [TEST_STEP][PASSED] - sendKeys: Keys 'ENTER + ' sent to object: 'Object Repository/Backoffice/match_mgmt/input__select2-search__arena_name'

2018-11-28 08:33:25 - [MESSAGE][PASSED] - Keys 'ENTER + ' sent to object: 'Object Repository/Backoffice/match_mgmt/input__select2-search__arena_name'

2018-11-28 08:33:25 - [TEST_STEP][PASSED] - setText: Text 'AA' is set on object 'Object Repository/Backoffice/match_mgmt/meron_details/input_meron_name'

2018-11-28 08:33:25 - [MESSAGE][PASSED] - Text 'AA' is set on object 'Object Repository/Backoffice/match_mgmt/meron_details/input_meron_name'

2018-11-28 08:33:25 - [TEST_STEP][PASSED] - setText: Text 'Farm 1' is set on object 'Object Repository/Backoffice/match_mgmt/meron_details/input_meron_farm'

2018-11-28 08:33:26 - [MESSAGE][PASSED] - Text 'Farm 1' is set on object 'Object Repository/Backoffice/match_mgmt/meron_details/input_meron_farm'

2018-11-28 08:33:26 - [TEST_STEP][PASSED] - setText: Text 'Breed 1' is set on object 'Object Repository/Backoffice/match_mgmt/meron_details/input_meron_breed'

2018-11-28 08:33:26 - [MESSAGE][PASSED] - Text 'Breed 1' is set on object 'Object Repository/Backoffice/match_mgmt/meron_details/input_meron_breed'

2018-11-28 08:33:26 - [TEST_STEP][PASSED] - setText: Text 'Weight 1' is set on object 'Object Repository/Backoffice/match_mgmt/meron_details/input_meron_weight'

2018-11-28 08:33:26 - [MESSAGE][PASSED] - Text 'Weight 1' is set on object 'Object Repository/Backoffice/match_mgmt/meron_details/input_meron_weight'

2018-11-28 08:33:26 - [TEST_STEP][PASSED] - setText: Text 'BB' is set on object 'Object Repository/Backoffice/match_mgmt/wala_details/input_wala_name'

2018-11-28 08:33:27 - [MESSAGE][PASSED] - Text 'BB' is set on object 'Object Repository/Backoffice/match_mgmt/wala_details/input_wala_name'

2018-11-28 08:33:27 - [TEST_STEP][PASSED] - setText: Text 'Farm 2' is set on object 'Object Repository/Backoffice/match_mgmt/wala_details/input_wala_farm'

2018-11-28 08:33:27 - [MESSAGE][PASSED] - Text 'Farm 2' is set on object 'Object Repository/Backoffice/match_mgmt/wala_details/input_wala_farm'

2018-11-28 08:33:27 - [TEST_STEP][PASSED] - setText: Text 'Breed 2' is set on object 'Object Repository/Backoffice/match_mgmt/wala_details/input_wala_breed'

2018-11-28 08:33:27 - [MESSAGE][PASSED] - Text 'Breed 2' is set on object 'Object Repository/Backoffice/match_mgmt/wala_details/input_wala_breed'

2018-11-28 08:33:27 - [TEST_STEP][PASSED] - setText: Text 'Weight 2' is set on object 'Object Repository/Backoffice/match_mgmt/wala_details/input_wala_weight'

2018-11-28 08:33:28 - [MESSAGE][PASSED] - Text 'Weight 2' is set on object 'Object Repository/Backoffice/match_mgmt/wala_details/input_wala_weight'

2018-11-28 08:33:28 - [TEST_STEP][PASSED] - click: Object: 'Object Repository/Backoffice/match_mgmt/input_submit_match' is clicked on

2018-11-28 08:33:31 - [MESSAGE][PASSED] - Object: 'Object Repository/Backoffice/match_mgmt/input_submit_match' is clicked on

2018-11-28 08:33:31 - [TEST_STEP][PASSED] - delay: Delayed 1 second(s)

2018-11-28 08:33:32 - [MESSAGE][PASSED] - Delayed 1 second(s)

2018-11-28 08:33:32 - [TEST_STEP][PASSED] - click: Object: 'Object Repository/Backoffice/match_mgmt/button_create_match' is clicked on

2018-11-28 08:33:32 - [MESSAGE][PASSED] - Object: 'Object Repository/Backoffice/match_mgmt/button_create_match' is clicked on

2018-11-28 08:33:32 - [TEST_STEP][PASSED] - delay: Delayed 1 second(s)

2018-11-28 08:33:33 - [MESSAGE][PASSED] - Delayed 1 second(s)

2018-11-28 08:33:33 - [TEST_STEP][PASSED] - click: Object: 'Object Repository/Backoffice/match_mgmt/span_select_arena_name' is clicked on

2018-11-28 08:33:33 - [MESSAGE][PASSED] - Object: 'Object Repository/Backoffice/match_mgmt/span_select_arena_name' is clicked on

2018-11-28 08:33:33 - [TEST_STEP][PASSED] - setText: Text 'ALIXANDRA SPORTS COMPLEX - ASC' is set on object 'Object Repository/Backoffice/match_mgmt/input__select2-search__arena_name'

2018-11-28 08:33:35 - [MESSAGE][PASSED] - Text 'ALIXANDRA SPORTS COMPLEX - ASC' is set on object 'Object Repository/Backoffice/match_mgmt/input__select2-search__arena_name'

2018-11-28 08:33:35 - [TEST_STEP][PASSED] - sendKeys: Keys 'ENTER + ' sent to object: 'Object Repository/Backoffice/match_mgmt/input__select2-search__arena_name'

2018-11-28 08:33:35 - [MESSAGE][PASSED] - Keys 'ENTER + ' sent to object: 'Object Repository/Backoffice/match_mgmt/input__select2-search__arena_name'

2018-11-28 08:33:35 - [TEST_STEP][PASSED] - setText: Text 'AA' is set on object 'Object Repository/Backoffice/match_mgmt/meron_details/input_meron_name'

2018-11-28 08:33:35 - [MESSAGE][PASSED] - Text 'AA' is set on object 'Object Repository/Backoffice/match_mgmt/meron_details/input_meron_name'

2018-11-28 08:33:35 - [TEST_STEP][PASSED] - setText: Text 'Farm 1' is set on object 'Object Repository/Backoffice/match_mgmt/meron_details/input_meron_farm'

2018-11-28 08:33:35 - [MESSAGE][PASSED] - Text 'Farm 1' is set on object 'Object Repository/Backoffice/match_mgmt/meron_details/input_meron_farm'

2018-11-28 08:33:35 - [TEST_STEP][PASSED] - setText: Text 'Breed 1' is set on object 'Object Repository/Backoffice/match_mgmt/meron_details/input_meron_breed'

2018-11-28 08:33:36 - [MESSAGE][PASSED] - Text 'Breed 1' is set on object 'Object Repository/Backoffice/match_mgmt/meron_details/input_meron_breed'

2018-11-28 08:33:36 - [TEST_STEP][PASSED] - setText: Text 'Weight 1' is set on object 'Object Repository/Backoffice/match_mgmt/meron_details/input_meron_weight'

2018-11-28 08:33:36 - [MESSAGE][PASSED] - Text 'Weight 1' is set on object 'Object Repository/Backoffice/match_mgmt/meron_details/input_meron_weight'

2018-11-28 08:33:36 - [TEST_STEP][PASSED] - setText: Text 'BB' is set on object 'Object Repository/Backoffice/match_mgmt/wala_details/input_wala_name'

2018-11-28 08:33:37 - [MESSAGE][PASSED] - Text 'BB' is set on object 'Object Repository/Backoffice/match_mgmt/wala_details/input_wala_name'

2018-11-28 08:33:37 - [TEST_STEP][PASSED] - setText: Text 'Farm 2' is set on object 'Object Repository/Backoffice/match_mgmt/wala_details/input_wala_farm'

2018-11-28 08:33:37 - [MESSAGE][PASSED] - Text 'Farm 2' is set on object 'Object Repository/Backoffice/match_mgmt/wala_details/input_wala_farm'

2018-11-28 08:33:37 - [TEST_STEP][PASSED] - setText: Text 'Breed 2' is set on object 'Object Repository/Backoffice/match_mgmt/wala_details/input_wala_breed'

2018-11-28 08:33:37 - [MESSAGE][PASSED] - Text 'Breed 2' is set on object 'Object Repository/Backoffice/match_mgmt/wala_details/input_wala_breed'

2018-11-28 08:33:37 - [TEST_STEP][PASSED] - setText: Text 'Weight 2' is set on object 'Object Repository/Backoffice/match_mgmt/wala_details/input_wala_weight'

2018-11-28 08:33:38 - [MESSAGE][PASSED] - Text 'Weight 2' is set on object 'Object Repository/Backoffice/match_mgmt/wala_details/input_wala_weight'

2018-11-28 08:33:38 - [TEST_STEP][PASSED] - click: Object: 'Object Repository/Backoffice/match_mgmt/input_submit_match' is clicked on

2018-11-28 08:33:41 - [MESSAGE][PASSED] - Object: 'Object Repository/Backoffice/match_mgmt/input_submit_match' is clicked on

2018-11-28 08:33:41 - [TEST_STEP][PASSED] - delay: Delayed 1 second(s)

2018-11-28 08:33:42 - [MESSAGE][PASSED] - Delayed 1 second(s)

2018-11-28 08:33:42 - [TEST_STEP][PASSED] - click: Object: 'Object Repository/Backoffice/match_mgmt/button_create_match' is clicked on

2018-11-28 08:33:42 - [MESSAGE][PASSED] - Object: 'Object Repository/Backoffice/match_mgmt/button_create_match' is clicked on

2018-11-28 08:33:42 - [TEST_STEP][PASSED] - delay: Delayed 1 second(s)

2018-11-28 08:33:43 - [MESSAGE][PASSED] - Delayed 1 second(s)

2018-11-28 08:33:43 - [TEST_STEP][PASSED] - click: Object: 'Object Repository/Backoffice/match_mgmt/span_select_arena_name' is clicked on

2018-11-28 08:33:43 - [MESSAGE][PASSED] - Object: 'Object Repository/Backoffice/match_mgmt/span_select_arena_name' is clicked on

2018-11-28 08:33:43 - [TEST_STEP][PASSED] - setText: Text 'ALIXANDRA SPORTS COMPLEX - ASC' is set on object 'Object Repository/Backoffice/match_mgmt/input__select2-search__arena_name'

2018-11-28 08:33:45 - [MESSAGE][PASSED] - Text 'ALIXANDRA SPORTS COMPLEX - ASC' is set on object 'Object Repository/Backoffice/match_mgmt/input__select2-search__arena_name'

2018-11-28 08:33:45 - [TEST_STEP][PASSED] - sendKeys: Keys 'ENTER + ' sent to object: 'Object Repository/Backoffice/match_mgmt/input__select2-search__arena_name'

2018-11-28 08:33:45 - [MESSAGE][PASSED] - Keys 'ENTER + ' sent to object: 'Object Repository/Backoffice/match_mgmt/input__select2-search__arena_name'

2018-11-28 08:33:45 - [TEST_STEP][PASSED] - setText: Text 'AA' is set on object 'Object Repository/Backoffice/match_mgmt/meron_details/input_meron_name'

2018-11-28 08:33:45 - [MESSAGE][PASSED] - Text 'AA' is set on object 'Object Repository/Backoffice/match_mgmt/meron_details/input_meron_name'

2018-11-28 08:33:45 - [TEST_STEP][PASSED] - setText: Text 'Farm 1' is set on object 'Object Repository/Backoffice/match_mgmt/meron_details/input_meron_farm'

2018-11-28 08:33:46 - [MESSAGE][PASSED] - Text 'Farm 1' is set on object 'Object Repository/Backoffice/match_mgmt/meron_details/input_meron_farm'

2018-11-28 08:33:46 - [TEST_STEP][PASSED] - setText: Text 'Breed 1' is set on object 'Object Repository/Backoffice/match_mgmt/meron_details/input_meron_breed'

2018-11-28 08:33:46 - [MESSAGE][PASSED] - Text 'Breed 1' is set on object 'Object Repository/Backoffice/match_mgmt/meron_details/input_meron_breed'

2018-11-28 08:33:46 - [TEST_STEP][PASSED] - setText: Text 'Weight 1' is set on object 'Object Repository/Backoffice/match_mgmt/meron_details/input_meron_weight'

2018-11-28 08:33:46 - [MESSAGE][PASSED] - Text 'Weight 1' is set on object 'Object Repository/Backoffice/match_mgmt/meron_details/input_meron_weight'

2018-11-28 08:33:46 - [TEST_STEP][PASSED] - setText: Text 'BB' is set on object 'Object Repository/Backoffice/match_mgmt/wala_details/input_wala_name'

2018-11-28 08:33:47 - [MESSAGE][PASSED] - Text 'BB' is set on object 'Object Repository/Backoffice/match_mgmt/wala_details/input_wala_name'

2018-11-28 08:33:47 - [TEST_STEP][PASSED] - setText: Text 'Farm 2' is set on object 'Object Repository/Backoffice/match_mgmt/wala_details/input_wala_farm'

2018-11-28 08:33:47 - [MESSAGE][PASSED] - Text 'Farm 2' is set on object 'Object Repository/Backoffice/match_mgmt/wala_details/input_wala_farm'

2018-11-28 08:33:47 - [TEST_STEP][PASSED] - setText: Text 'Breed 2' is set on object 'Object Repository/Backoffice/match_mgmt/wala_details/input_wala_breed'

2018-11-28 08:33:47 - [MESSAGE][PASSED] - Text 'Breed 2' is set on object 'Object Repository/Backoffice/match_mgmt/wala_details/input_wala_breed'

2018-11-28 08:33:47 - [TEST_STEP][PASSED] - setText: Text 'Weight 2' is set on object 'Object Repository/Backoffice/match_mgmt/wala_details/input_wala_weight'

2018-11-28 08:33:48 - [MESSAGE][PASSED] - Text 'Weight 2' is set on object 'Object Repository/Backoffice/match_mgmt/wala_details/input_wala_weight'

2018-11-28 08:33:48 - [TEST_STEP][PASSED] - click: Object: 'Object Repository/Backoffice/match_mgmt/input_submit_match' is clicked on

2018-11-28 08:33:51 - [MESSAGE][PASSED] - Object: 'Object Repository/Backoffice/match_mgmt/input_submit_match' is clicked on

2018-11-28 08:33:51 - [TEST_STEP][PASSED] - delay: Delayed 1 second(s)

2018-11-28 08:33:52 - [MESSAGE][PASSED] - Delayed 1 second(s)

2018-11-28 08:33:52 - [TEST_STEP][PASSED] - click: Object: 'Object Repository/Backoffice/match_mgmt/button_create_match' is clicked on

2018-11-28 08:33:52 - [MESSAGE][PASSED] - Object: 'Object Repository/Backoffice/match_mgmt/button_create_match' is clicked on

2018-11-28 08:33:52 - [TEST_STEP][PASSED] - delay: Delayed 1 second(s)

2018-11-28 08:33:53 - [MESSAGE][PASSED] - Delayed 1 second(s)

2018-11-28 08:33:53 - [TEST_STEP][PASSED] - click: Object: 'Object Repository/Backoffice/match_mgmt/span_select_arena_name' is clicked on

2018-11-28 08:33:54 - [MESSAGE][PASSED] - Object: 'Object Repository/Backoffice/match_mgmt/span_select_arena_name' is clicked on

2018-11-28 08:33:54 - [TEST_STEP][PASSED] - setText: Text 'ALIXANDRA SPORTS COMPLEX - ASC' is set on object 'Object Repository/Backoffice/match_mgmt/input__select2-search__arena_name'

2018-11-28 08:33:55 - [MESSAGE][PASSED] - Text 'ALIXANDRA SPORTS COMPLEX - ASC' is set on object 'Object Repository/Backoffice/match_mgmt/input__select2-search__arena_name'

2018-11-28 08:33:55 - [TEST_STEP][PASSED] - sendKeys: Keys 'ENTER + ' sent to object: 'Object Repository/Backoffice/match_mgmt/input__select2-search__arena_name'

2018-11-28 08:33:55 - [MESSAGE][PASSED] - Keys 'ENTER + ' sent to object: 'Object Repository/Backoffice/match_mgmt/input__select2-search__arena_name'

2018-11-28 08:33:55 - [TEST_STEP][PASSED] - setText: Text 'AA' is set on object 'Object Repository/Backoffice/match_mgmt/meron_details/input_meron_name'

2018-11-28 08:33:56 - [MESSAGE][PASSED] - Text 'AA' is set on object 'Object Repository/Backoffice/match_mgmt/meron_details/input_meron_name'

2018-11-28 08:33:56 - [TEST_STEP][PASSED] - setText: Text 'Farm 1' is set on object 'Object Repository/Backoffice/match_mgmt/meron_details/input_meron_farm'

2018-11-28 08:33:56 - [MESSAGE][PASSED] - Text 'Farm 1' is set on object 'Object Repository/Backoffice/match_mgmt/meron_details/input_meron_farm'

2018-11-28 08:33:56 - [TEST_STEP][PASSED] - setText: Text 'Breed 1' is set on object 'Object Repository/Backoffice/match_mgmt/meron_details/input_meron_breed'

2018-11-28 08:33:56 - [MESSAGE][PASSED] - Text 'Breed 1' is set on object 'Object Repository/Backoffice/match_mgmt/meron_details/input_meron_breed'

2018-11-28 08:33:56 - [TEST_STEP][PASSED] - setText: Text 'Weight 1' is set on object 'Object Repository/Backoffice/match_mgmt/meron_details/input_meron_weight'

2018-11-28 08:33:57 - [MESSAGE][PASSED] - Text 'Weight 1' is set on object 'Object Repository/Backoffice/match_mgmt/meron_details/input_meron_weight'

2018-11-28 08:33:57 - [TEST_STEP][PASSED] - setText: Text 'BB' is set on object 'Object Repository/Backoffice/match_mgmt/wala_details/input_wala_name'

2018-11-28 08:33:57 - [MESSAGE][PASSED] - Text 'BB' is set on object 'Object Repository/Backoffice/match_mgmt/wala_details/input_wala_name'

2018-11-28 08:33:57 - [TEST_STEP][PASSED] - setText: Text 'Farm 2' is set on object 'Object Repository/Backoffice/match_mgmt/wala_details/input_wala_farm'

2018-11-28 08:33:57 - [MESSAGE][PASSED] - Text 'Farm 2' is set on object 'Object Repository/Backoffice/match_mgmt/wala_details/input_wala_farm'

2018-11-28 08:33:57 - [TEST_STEP][PASSED] - setText: Text 'Breed 2' is set on object 'Object Repository/Backoffice/match_mgmt/wala_details/input_wala_breed'

2018-11-28 08:33:58 - [MESSAGE][PASSED] - Text 'Breed 2' is set on object 'Object Repository/Backoffice/match_mgmt/wala_details/input_wala_breed'

2018-11-28 08:33:58 - [TEST_STEP][PASSED] - setText: Text 'Weight 2' is set on object 'Object Repository/Backoffice/match_mgmt/wala_details/input_wala_weight'

2018-11-28 08:33:58 - [MESSAGE][PASSED] - Text 'Weight 2' is set on object 'Object Repository/Backoffice/match_mgmt/wala_details/input_wala_weight'

2018-11-28 08:33:58 - [TEST_STEP][PASSED] - click: Object: 'Object Repository/Backoffice/match_mgmt/input_submit_match' is clicked on

2018-11-28 08:34:01 - [MESSAGE][PASSED] - Object: 'Object Repository/Backoffice/match_mgmt/input_submit_match' is clicked on

2018-11-28 08:34:01 - [TEST_STEP][PASSED] - delay: Delayed 1 second(s)

2018-11-28 08:34:02 - [MESSAGE][PASSED] - Delayed 1 second(s)

2018-11-28 08:34:02 - [TEST_STEP][PASSED] - click: Object: 'Object Repository/Backoffice/match_mgmt/button_create_match' is clicked on

2018-11-28 08:34:02 - [MESSAGE][PASSED] - Object: 'Object Repository/Backoffice/match_mgmt/button_create_match' is clicked on

2018-11-28 08:34:02 - [TEST_STEP][PASSED] - delay: Delayed 1 second(s)

2018-11-28 08:34:03 - [MESSAGE][PASSED] - Delayed 1 second(s)

2018-11-28 08:34:03 - [TEST_STEP][PASSED] - click: Object: 'Object Repository/Backoffice/match_mgmt/span_select_arena_name' is clicked on

2018-11-28 08:34:03 - [MESSAGE][PASSED] - Object: 'Object Repository/Backoffice/match_mgmt/span_select_arena_name' is clicked on

2018-11-28 08:34:03 - [TEST_STEP][PASSED] - setText: Text 'ALIXANDRA SPORTS COMPLEX - ASC' is set on object 'Object Repository/Backoffice/match_mgmt/input__select2-search__arena_name'

2018-11-28 08:34:05 - [MESSAGE][PASSED] - Text 'ALIXANDRA SPORTS COMPLEX - ASC' is set on object 'Object Repository/Backoffice/match_mgmt/input__select2-search__arena_name'

2018-11-28 08:34:05 - [TEST_STEP][PASSED] - sendKeys: Keys 'ENTER + ' sent to object: 'Object Repository/Backoffice/match_mgmt/input__select2-search__arena_name'

2018-11-28 08:34:05 - [MESSAGE][PASSED] - Keys 'ENTER + ' sent to object: 'Object Repository/Backoffice/match_mgmt/input__select2-search__arena_name'

2018-11-28 08:34:05 - [TEST_STEP][PASSED] - setText: Text 'AA' is set on object 'Object Repository/Backoffice/match_mgmt/meron_details/input_meron_name'

2018-11-28 08:34:06 - [MESSAGE][PASSED] - Text 'AA' is set on object 'Object Repository/Backoffice/match_mgmt/meron_details/input_meron_name'

2018-11-28 08:34:06 - [TEST_STEP][PASSED] - setText: Text 'Farm 1' is set on object 'Object Repository/Backoffice/match_mgmt/meron_details/input_meron_farm'

2018-11-28 08:34:06 - [MESSAGE][PASSED] - Text 'Farm 1' is set on object 'Object Repository/Backoffice/match_mgmt/meron_details/input_meron_farm'

2018-11-28 08:34:06 - [TEST_STEP][PASSED] - setText: Text 'Breed 1' is set on object 'Object Repository/Backoffice/match_mgmt/meron_details/input_meron_breed'

2018-11-28 08:34:06 - [MESSAGE][PASSED] - Text 'Breed 1' is set on object 'Object Repository/Backoffice/match_mgmt/meron_details/input_meron_breed'

2018-11-28 08:34:06 - [TEST_STEP][PASSED] - setText: Text 'Weight 1' is set on object 'Object Repository/Backoffice/match_mgmt/meron_details/input_meron_weight'

2018-11-28 08:34:07 - [MESSAGE][PASSED] - Text 'Weight 1' is set on object 'Object Repository/Backoffice/match_mgmt/meron_details/input_meron_weight'

2018-11-28 08:34:07 - [TEST_STEP][PASSED] - setText: Text 'BB' is set on object 'Object Repository/Backoffice/match_mgmt/wala_details/input_wala_name'

2018-11-28 08:34:07 - [MESSAGE][PASSED] - Text 'BB' is set on object 'Object Repository/Backoffice/match_mgmt/wala_details/input_wala_name'

2018-11-28 08:34:07 - [TEST_STEP][PASSED] - setText: Text 'Farm 2' is set on object 'Object Repository/Backoffice/match_mgmt/wala_details/input_wala_farm'

2018-11-28 08:34:07 - [MESSAGE][PASSED] - Text 'Farm 2' is set on object 'Object Repository/Backoffice/match_mgmt/wala_details/input_wala_farm'

2018-11-28 08:34:07 - [TEST_STEP][PASSED] - setText: Text 'Breed 2' is set on object 'Object Repository/Backoffice/match_mgmt/wala_details/input_wala_breed'

2018-11-28 08:34:08 - [MESSAGE][PASSED] - Text 'Breed 2' is set on object 'Object Repository/Backoffice/match_mgmt/wala_details/input_wala_breed'

2018-11-28 08:34:08 - [TEST_STEP][PASSED] - setText: Text 'Weight 2' is set on object 'Object Repository/Backoffice/match_mgmt/wala_details/input_wala_weight'

2018-11-28 08:34:08 - [MESSAGE][PASSED] - Text 'Weight 2' is set on object 'Object Repository/Backoffice/match_mgmt/wala_details/input_wala_weight'

2018-11-28 08:34:08 - [TEST_STEP][PASSED] - click: Object: 'Object Repository/Backoffice/match_mgmt/input_submit_match' is clicked on

2018-11-28 08:34:11 - [MESSAGE][PASSED] - Object: 'Object Repository/Backoffice/match_mgmt/input_submit_match' is clicked on

2018-11-28 08:34:11 - [TEST_STEP][PASSED] - delay: Delayed 1 second(s)

2018-11-28 08:34:12 - [MESSAGE][PASSED] - Delayed 1 second(s)

2018-11-28 08:34:12 - [TEST_STEP][PASSED] - click: Object: 'Object Repository/Backoffice/match_mgmt/button_create_match' is clicked on

2018-11-28 08:34:12 - [MESSAGE][PASSED] - Object: 'Object Repository/Backoffice/match_mgmt/button_create_match' is clicked on

2018-11-28 08:34:12 - [TEST_STEP][PASSED] - delay: Delayed 1 second(s)

2018-11-28 08:34:13 - [MESSAGE][PASSED] - Delayed 1 second(s)

2018-11-28 08:34:13 - [TEST_STEP][PASSED] - click: Object: 'Object Repository/Backoffice/match_mgmt/span_select_arena_name' is clicked on

2018-11-28 08:34:14 - [MESSAGE][PASSED] - Object: 'Object Repository/Backoffice/match_mgmt/span_select_arena_name' is clicked on

2018-11-28 08:34:14 - [TEST_STEP][PASSED] - setText: Text 'ALIXANDRA SPORTS COMPLEX - ASC' is set on object 'Object Repository/Backoffice/match_mgmt/input__select2-search__arena_name'

2018-11-28 08:34:15 - [MESSAGE][PASSED] - Text 'ALIXANDRA SPORTS COMPLEX - ASC' is set on object 'Object Repository/Backoffice/match_mgmt/input__select2-search__arena_name'

2018-11-28 08:34:15 - [TEST_STEP][PASSED] - sendKeys: Keys 'ENTER + ' sent to object: 'Object Repository/Backoffice/match_mgmt/input__select2-search__arena_name'

2018-11-28 08:34:15 - [MESSAGE][PASSED] - Keys 'ENTER + ' sent to object: 'Object Repository/Backoffice/match_mgmt/input__select2-search__arena_name'

2018-11-28 08:34:15 - [TEST_STEP][PASSED] - setText: Text 'AA' is set on object 'Object Repository/Backoffice/match_mgmt/meron_details/input_meron_name'

2018-11-28 08:34:16 - [MESSAGE][PASSED] - Text 'AA' is set on object 'Object Repository/Backoffice/match_mgmt/meron_details/input_meron_name'

2018-11-28 08:34:16 - [TEST_STEP][PASSED] - setText: Text 'Farm 1' is set on object 'Object Repository/Backoffice/match_mgmt/meron_details/input_meron_farm'

2018-11-28 08:34:16 - [MESSAGE][PASSED] - Text 'Farm 1' is set on object 'Object Repository/Backoffice/match_mgmt/meron_details/input_meron_farm'

2018-11-28 08:34:16 - [TEST_STEP][PASSED] - setText: Text 'Breed 1' is set on object 'Object Repository/Backoffice/match_mgmt/meron_details/input_meron_breed'

2018-11-28 08:34:16 - [MESSAGE][PASSED] - Text 'Breed 1' is set on object 'Object Repository/Backoffice/match_mgmt/meron_details/input_meron_breed'

2018-11-28 08:34:16 - [TEST_STEP][PASSED] - setText: Text 'Weight 1' is set on object 'Object Repository/Backoffice/match_mgmt/meron_details/input_meron_weight'

2018-11-28 08:34:17 - [MESSAGE][PASSED] - Text 'Weight 1' is set on object 'Object Repository/Backoffice/match_mgmt/meron_details/input_meron_weight'

2018-11-28 08:34:17 - [TEST_STEP][PASSED] - setText: Text 'BB' is set on object 'Object Repository/Backoffice/match_mgmt/wala_details/input_wala_name'

2018-11-28 08:34:17 - [MESSAGE][PASSED] - Text 'BB' is set on object 'Object Repository/Backoffice/match_mgmt/wala_details/input_wala_name'

2018-11-28 08:34:17 - [TEST_STEP][PASSED] - setText: Text 'Farm 2' is set on object 'Object Repository/Backoffice/match_mgmt/wala_details/input_wala_farm'

2018-11-28 08:34:17 - [MESSAGE][PASSED] - Text 'Farm 2' is set on object 'Object Repository/Backoffice/match_mgmt/wala_details/input_wala_farm'

2018-11-28 08:34:17 - [TEST_STEP][PASSED] - setText: Text 'Breed 2' is set on object 'Object Repository/Backoffice/match_mgmt/wala_details/input_wala_breed'

2018-11-28 08:34:18 - [MESSAGE][PASSED] - Text 'Breed 2' is set on object 'Object Repository/Backoffice/match_mgmt/wala_details/input_wala_breed'

2018-11-28 08:34:18 - [TEST_STEP][PASSED] - setText: Text 'Weight 2' is set on object 'Object Repository/Backoffice/match_mgmt/wala_details/input_wala_weight'

2018-11-28 08:34:18 - [MESSAGE][PASSED] - Text 'Weight 2' is set on object 'Object Repository/Backoffice/match_mgmt/wala_details/input_wala_weight'

2018-11-28 08:34:18 - [TEST_STEP][PASSED] - click: Object: 'Object Repository/Backoffice/match_mgmt/input_submit_match' is clicked on

2018-11-28 08:34:21 - [MESSAGE][PASSED] - Object: 'Object Repository/Backoffice/match_mgmt/input_submit_match' is clicked on

2018-11-28 08:34:21 - [TEST_STEP][PASSED] - delay: Delayed 1 second(s)

2018-11-28 08:34:22 - [MESSAGE][PASSED] - Delayed 1 second(s)

2018-11-28 08:34:22 - [TEST_STEP][PASSED] - click: Object: 'Object Repository/Backoffice/match_mgmt/button_create_match' is clicked on

2018-11-28 08:34:23 - [MESSAGE][PASSED] - Object: 'Object Repository/Backoffice/match_mgmt/button_create_match' is clicked on

2018-11-28 08:34:23 - [TEST_STEP][PASSED] - delay: Delayed 1 second(s)

2018-11-28 08:34:24 - [MESSAGE][PASSED] - Delayed 1 second(s)

2018-11-28 08:34:24 - [TEST_STEP][PASSED] - click: Object: 'Object Repository/Backoffice/match_mgmt/span_select_arena_name' is clicked on

2018-11-28 08:34:24 - [MESSAGE][PASSED] - Object: 'Object Repository/Backoffice/match_mgmt/span_select_arena_name' is clicked on

2018-11-28 08:34:24 - [TEST_STEP][PASSED] - setText: Text 'ALIXANDRA SPORTS COMPLEX - ASC' is set on object 'Object Repository/Backoffice/match_mgmt/input__select2-search__arena_name'

2018-11-28 08:34:26 - [MESSAGE][PASSED] - Text 'ALIXANDRA SPORTS COMPLEX - ASC' is set on object 'Object Repository/Backoffice/match_mgmt/input__select2-search__arena_name'

2018-11-28 08:34:26 - [TEST_STEP][PASSED] - sendKeys: Keys 'ENTER + ' sent to object: 'Object Repository/Backoffice/match_mgmt/input__select2-search__arena_name'

2018-11-28 08:34:26 - [MESSAGE][PASSED] - Keys 'ENTER + ' sent to object: 'Object Repository/Backoffice/match_mgmt/input__select2-search__arena_name'

2018-11-28 08:34:26 - [TEST_STEP][PASSED] - setText: Text 'AA' is set on object 'Object Repository/Backoffice/match_mgmt/meron_details/input_meron_name'

2018-11-28 08:34:26 - [MESSAGE][PASSED] - Text 'AA' is set on object 'Object Repository/Backoffice/match_mgmt/meron_details/input_meron_name'

2018-11-28 08:34:26 - [TEST_STEP][PASSED] - setText: Text 'Farm 1' is set on object 'Object Repository/Backoffice/match_mgmt/meron_details/input_meron_farm'

2018-11-28 08:34:26 - [MESSAGE][PASSED] - Text 'Farm 1' is set on object 'Object Repository/Backoffice/match_mgmt/meron_details/input_meron_farm'

2018-11-28 08:34:26 - [TEST_STEP][PASSED] - setText: Text 'Breed 1' is set on object 'Object Repository/Backoffice/match_mgmt/meron_details/input_meron_breed'

2018-11-28 08:34:27 - [MESSAGE][PASSED] - Text 'Breed 1' is set on object 'Object Repository/Backoffice/match_mgmt/meron_details/input_meron_breed'

2018-11-28 08:34:27 - [TEST_STEP][PASSED] - setText: Text 'Weight 1' is set on object 'Object Repository/Backoffice/match_mgmt/meron_details/input_meron_weight'

2018-11-28 08:34:27 - [MESSAGE][PASSED] - Text 'Weight 1' is set on object 'Object Repository/Backoffice/match_mgmt/meron_details/input_meron_weight'

2018-11-28 08:34:27 - [TEST_STEP][PASSED] - setText: Text 'BB' is set on object 'Object Repository/Backoffice/match_mgmt/wala_details/input_wala_name'

2018-11-28 08:34:27 - [MESSAGE][PASSED] - Text 'BB' is set on object 'Object Repository/Backoffice/match_mgmt/wala_details/input_wala_name'

2018-11-28 08:34:27 - [TEST_STEP][PASSED] - setText: Text 'Farm 2' is set on object 'Object Repository/Backoffice/match_mgmt/wala_details/input_wala_farm'

2018-11-28 08:34:28 - [MESSAGE][PASSED] - Text 'Farm 2' is set on object 'Object Repository/Backoffice/match_mgmt/wala_details/input_wala_farm'

2018-11-28 08:34:28 - [TEST_STEP][PASSED] - setText: Text 'Breed 2' is set on object 'Object Repository/Backoffice/match_mgmt/wala_details/input_wala_breed'

2018-11-28 08:34:28 - [MESSAGE][PASSED] - Text 'Breed 2' is set on object 'Object Repository/Backoffice/match_mgmt/wala_details/input_wala_breed'

2018-11-28 08:34:28 - [TEST_STEP][PASSED] - setText: Text 'Weight 2' is set on object 'Object Repository/Backoffice/match_mgmt/wala_details/input_wala_weight'

2018-11-28 08:34:28 - [MESSAGE][PASSED] - Text 'Weight 2' is set on object 'Object Repository/Backoffice/match_mgmt/wala_details/input_wala_weight'

2018-11-28 08:34:28 - [TEST_STEP][PASSED] - click: Object: 'Object Repository/Backoffice/match_mgmt/input_submit_match' is clicked on

2018-11-28 08:34:32 - [MESSAGE][PASSED] - Object: 'Object Repository/Backoffice/match_mgmt/input_submit_match' is clicked on

2018-11-28 08:34:32 - [TEST_STEP][PASSED] - delay: Delayed 1 second(s)

2018-11-28 08:34:33 - [MESSAGE][PASSED] - Delayed 1 second(s)

2018-11-28 08:34:33 - [TEST_STEP][PASSED] - click: Object: 'Object Repository/Backoffice/match_mgmt/button_create_match' is clicked on

2018-11-28 08:34:33 - [MESSAGE][PASSED] - Object: 'Object Repository/Backoffice/match_mgmt/button_create_match' is clicked on

2018-11-28 08:34:33 - [TEST_STEP][PASSED] - delay: Delayed 1 second(s)

2018-11-28 08:34:34 - [MESSAGE][PASSED] - Delayed 1 second(s)

2018-11-28 08:34:34 - [TEST_STEP][PASSED] - click: Object: 'Object Repository/Backoffice/match_mgmt/span_select_arena_name' is clicked on

2018-11-28 08:34:34 - [MESSAGE][PASSED] - Object: 'Object Repository/Backoffice/match_mgmt/span_select_arena_name' is clicked on

2018-11-28 08:34:34 - [TEST_STEP][PASSED] - setText: Text 'ALIXANDRA SPORTS COMPLEX - ASC' is set on object 'Object Repository/Backoffice/match_mgmt/input__select2-search__arena_name'

2018-11-28 08:34:36 - [MESSAGE][PASSED] - Text 'ALIXANDRA SPORTS COMPLEX - ASC' is set on object 'Object Repository/Backoffice/match_mgmt/input__select2-search__arena_name'

2018-11-28 08:34:36 - [TEST_STEP][PASSED] - sendKeys: Keys 'ENTER + ' sent to object: 'Object Repository/Backoffice/match_mgmt/input__select2-search__arena_name'

2018-11-28 08:34:36 - [MESSAGE][PASSED] - Keys 'ENTER + ' sent to object: 'Object Repository/Backoffice/match_mgmt/input__select2-search__arena_name'

2018-11-28 08:34:36 - [TEST_STEP][PASSED] - setText: Text 'AA' is set on object 'Object Repository/Backoffice/match_mgmt/meron_details/input_meron_name'

2018-11-28 08:34:36 - [MESSAGE][PASSED] - Text 'AA' is set on object 'Object Repository/Backoffice/match_mgmt/meron_details/input_meron_name'

2018-11-28 08:34:36 - [TEST_STEP][PASSED] - setText: Text 'Farm 1' is set on object 'Object Repository/Backoffice/match_mgmt/meron_details/input_meron_farm'

2018-11-28 08:34:36 - [MESSAGE][PASSED] - Text 'Farm 1' is set on object 'Object Repository/Backoffice/match_mgmt/meron_details/input_meron_farm'

2018-11-28 08:34:36 - [TEST_STEP][PASSED] - setText: Text 'Breed 1' is set on object 'Object Repository/Backoffice/match_mgmt/meron_details/input_meron_breed'

2018-11-28 08:34:37 - [MESSAGE][PASSED] - Text 'Breed 1' is set on object 'Object Repository/Backoffice/match_mgmt/meron_details/input_meron_breed'

2018-11-28 08:34:37 - [TEST_STEP][PASSED] - setText: Text 'Weight 1' is set on object 'Object Repository/Backoffice/match_mgmt/meron_details/input_meron_weight'

2018-11-28 08:34:37 - [MESSAGE][PASSED] - Text 'Weight 1' is set on object 'Object Repository/Backoffice/match_mgmt/meron_details/input_meron_weight'

2018-11-28 08:34:37 - [TEST_STEP][PASSED] - setText: Text 'BB' is set on object 'Object Repository/Backoffice/match_mgmt/wala_details/input_wala_name'

2018-11-28 08:34:38 - [MESSAGE][PASSED] - Text 'BB' is set on object 'Object Repository/Backoffice/match_mgmt/wala_details/input_wala_name'

2018-11-28 08:34:38 - [TEST_STEP][PASSED] - setText: Text 'Farm 2' is set on object 'Object Repository/Backoffice/match_mgmt/wala_details/input_wala_farm'

2018-11-28 08:34:38 - [MESSAGE][PASSED] - Text 'Farm 2' is set on object 'Object Repository/Backoffice/match_mgmt/wala_details/input_wala_farm'

2018-11-28 08:34:38 - [TEST_STEP][PASSED] - setText: Text 'Breed 2' is set on object 'Object Repository/Backoffice/match_mgmt/wala_details/input_wala_breed'

2018-11-28 08:34:38 - [MESSAGE][PASSED] - Text 'Breed 2' is set on object 'Object Repository/Backoffice/match_mgmt/wala_details/input_wala_breed'

2018-11-28 08:34:38 - [TEST_STEP][PASSED] - setText: Text 'Weight 2' is set on object 'Object Repository/Backoffice/match_mgmt/wala_details/input_wala_weight'

2018-11-28 08:34:39 - [MESSAGE][PASSED] - Text 'Weight 2' is set on object 'Object Repository/Backoffice/match_mgmt/wala_details/input_wala_weight'

2018-11-28 08:34:39 - [TEST_STEP][PASSED] - click: Object: 'Object Repository/Backoffice/match_mgmt/input_submit_match' is clicked on

2018-11-28 08:34:42 - [MESSAGE][PASSED] - Object: 'Object Repository/Backoffice/match_mgmt/input_submit_match' is clicked on

2018-11-28 08:34:42 - [TEST_STEP][PASSED] - delay: Delayed 1 second(s)

2018-11-28 08:34:43 - [MESSAGE][PASSED] - Delayed 1 second(s)

2018-11-28 08:34:43 - [TEST_STEP][PASSED] - click: Object: 'Object Repository/Backoffice/match_mgmt/button_create_match' is clicked on

2018-11-28 08:34:43 - [MESSAGE][PASSED] - Object: 'Object Repository/Backoffice/match_mgmt/button_create_match' is clicked on

2018-11-28 08:34:43 - [TEST_STEP][PASSED] - delay: Delayed 1 second(s)

2018-11-28 08:34:44 - [MESSAGE][PASSED] - Delayed 1 second(s)

2018-11-28 08:34:44 - [TEST_STEP][PASSED] - click: Object: 'Object Repository/Backoffice/match_mgmt/span_select_arena_name' is clicked on

2018-11-28 08:34:44 - [MESSAGE][PASSED] - Object: 'Object Repository/Backoffice/match_mgmt/span_select_arena_name' is clicked on

2018-11-28 08:34:44 - [TEST_STEP][PASSED] - setText: Text 'ALIXANDRA SPORTS COMPLEX - ASC' is set on object 'Object Repository/Backoffice/match_mgmt/input__select2-search__arena_name'

2018-11-28 08:34:46 - [MESSAGE][PASSED] - Text 'ALIXANDRA SPORTS COMPLEX - ASC' is set on object 'Object Repository/Backoffice/match_mgmt/input__select2-search__arena_name'

2018-11-28 08:34:46 - [TEST_STEP][PASSED] - sendKeys: Keys 'ENTER + ' sent to object: 'Object Repository/Backoffice/match_mgmt/input__select2-search__arena_name'

2018-11-28 08:34:46 - [MESSAGE][PASSED] - Keys 'ENTER + ' sent to object: 'Object Repository/Backoffice/match_mgmt/input__select2-search__arena_name'

2018-11-28 08:34:46 - [TEST_STEP][PASSED] - setText: Text 'AA' is set on object 'Object Repository/Backoffice/match_mgmt/meron_details/input_meron_name'

2018-11-28 08:34:46 - [MESSAGE][PASSED] - Text 'AA' is set on object 'Object Repository/Backoffice/match_mgmt/meron_details/input_meron_name'

2018-11-28 08:34:46 - [TEST_STEP][PASSED] - setText: Text 'Farm 1' is set on object 'Object Repository/Backoffice/match_mgmt/meron_details/input_meron_farm'

2018-11-28 08:34:47 - [MESSAGE][PASSED] - Text 'Farm 1' is set on object 'Object Repository/Backoffice/match_mgmt/meron_details/input_meron_farm'

2018-11-28 08:34:47 - [TEST_STEP][PASSED] - setText: Text 'Breed 1' is set on object 'Object Repository/Backoffice/match_mgmt/meron_details/input_meron_breed'

2018-11-28 08:34:47 - [MESSAGE][PASSED] - Text 'Breed 1' is set on object 'Object Repository/Backoffice/match_mgmt/meron_details/input_meron_breed'

2018-11-28 08:34:47 - [TEST_STEP][PASSED] - setText: Text 'Weight 1' is set on object 'Object Repository/Backoffice/match_mgmt/meron_details/input_meron_weight'

2018-11-28 08:34:48 - [MESSAGE][PASSED] - Text 'Weight 1' is set on object 'Object Repository/Backoffice/match_mgmt/meron_details/input_meron_weight'

2018-11-28 08:34:48 - [TEST_STEP][PASSED] - setText: Text 'BB' is set on object 'Object Repository/Backoffice/match_mgmt/wala_details/input_wala_name'

2018-11-28 08:34:48 - [MESSAGE][PASSED] - Text 'BB' is set on object 'Object Repository/Backoffice/match_mgmt/wala_details/input_wala_name'

2018-11-28 08:34:48 - [TEST_STEP][PASSED] - setText: Text 'Farm 2' is set on object 'Object Repository/Backoffice/match_mgmt/wala_details/input_wala_farm'

2018-11-28 08:34:48 - [MESSAGE][PASSED] - Text 'Farm 2' is set on object 'Object Repository/Backoffice/match_mgmt/wala_details/input_wala_farm'

2018-11-28 08:34:48 - [TEST_STEP][PASSED] - setText: Text 'Breed 2' is set on object 'Object Repository/Backoffice/match_mgmt/wala_details/input_wala_breed'

2018-11-28 08:34:49 - [MESSAGE][PASSED] - Text 'Breed 2' is set on object 'Object Repository/Backoffice/match_mgmt/wala_details/input_wala_breed'

2018-11-28 08:34:49 - [TEST_STEP][PASSED] - setText: Text 'Weight 2' is set on object 'Object Repository/Backoffice/match_mgmt/wala_details/input_wala_weight'

2018-11-28 08:34:49 - [MESSAGE][PASSED] - Text 'Weight 2' is set on object 'Object Repository/Backoffice/match_mgmt/wala_details/input_wala_weight'

2018-11-28 08:34:49 - [TEST_STEP][PASSED] - click: Object: 'Object Repository/Backoffice/match_mgmt/input_submit_match' is clicked on

2018-11-28 08:34:52 - [MESSAGE][PASSED] - Object: 'Object Repository/Backoffice/match_mgmt/input_submit_match' is clicked on

2018-11-28 08:34:52 - [TEST_STEP][PASSED] - delay: Delayed 1 second(s)

2018-11-28 08:34:53 - [MESSAGE][PASSED] - Delayed 1 second(s)

2018-11-28 08:34:53 - [TEST_STEP][PASSED] - click: Object: 'Object Repository/Backoffice/match_mgmt/button_create_match' is clicked on

2018-11-28 08:34:53 - [MESSAGE][PASSED] - Object: 'Object Repository/Backoffice/match_mgmt/button_create_match' is clicked on

2018-11-28 08:34:53 - [TEST_STEP][PASSED] - delay: Delayed 1 second(s)

2018-11-28 08:34:54 - [MESSAGE][PASSED] - Delayed 1 second(s)

2018-11-28 08:34:54 - [TEST_STEP][PASSED] - click: Object: 'Object Repository/Backoffice/match_mgmt/span_select_arena_name' is clicked on

2018-11-28 08:34:54 - [MESSAGE][PASSED] - Object: 'Object Repository/Backoffice/match_mgmt/span_select_arena_name' is clicked on

2018-11-28 08:34:54 - [TEST_STEP][PASSED] - setText: Text 'ALIXANDRA SPORTS COMPLEX - ASC' is set on object 'Object Repository/Backoffice/match_mgmt/input__select2-search__arena_name'

2018-11-28 08:34:56 - [MESSAGE][PASSED] - Text 'ALIXANDRA SPORTS COMPLEX - ASC' is set on object 'Object Repository/Backoffice/match_mgmt/input__select2-search__arena_name'

2018-11-28 08:34:56 - [TEST_STEP][PASSED] - sendKeys: Keys 'ENTER + ' sent to object: 'Object Repository/Backoffice/match_mgmt/input__select2-search__arena_name'

2018-11-28 08:34:56 - [MESSAGE][PASSED] - Keys 'ENTER + ' sent to object: 'Object Repository/Backoffice/match_mgmt/input__select2-search__arena_name'

2018-11-28 08:34:56 - [TEST_STEP][PASSED] - setText: Text 'AA' is set on object 'Object Repository/Backoffice/match_mgmt/meron_details/input_meron_name'

2018-11-28 08:34:56 - [MESSAGE][PASSED] - Text 'AA' is set on object 'Object Repository/Backoffice/match_mgmt/meron_details/input_meron_name'

2018-11-28 08:34:56 - [TEST_STEP][PASSED] - setText: Text 'Farm 1' is set on object 'Object Repository/Backoffice/match_mgmt/meron_details/input_meron_farm'

2018-11-28 08:34:57 - [MESSAGE][PASSED] - Text 'Farm 1' is set on object 'Object Repository/Backoffice/match_mgmt/meron_details/input_meron_farm'

2018-11-28 08:34:57 - [TEST_STEP][PASSED] - setText: Text 'Breed 1' is set on object 'Object Repository/Backoffice/match_mgmt/meron_details/input_meron_breed'

2018-11-28 08:34:57 - [MESSAGE][PASSED] - Text 'Breed 1' is set on object 'Object Repository/Backoffice/match_mgmt/meron_details/input_meron_breed'

2018-11-28 08:34:57 - [TEST_STEP][PASSED] - setText: Text 'Weight 1' is set on object 'Object Repository/Backoffice/match_mgmt/meron_details/input_meron_weight'

2018-11-28 08:34:58 - [MESSAGE][PASSED] - Text 'Weight 1' is set on object 'Object Repository/Backoffice/match_mgmt/meron_details/input_meron_weight'

2018-11-28 08:34:58 - [TEST_STEP][PASSED] - setText: Text 'BB' is set on object 'Object Repository/Backoffice/match_mgmt/wala_details/input_wala_name'

2018-11-28 08:34:58 - [MESSAGE][PASSED] - Text 'BB' is set on object 'Object Repository/Backoffice/match_mgmt/wala_details/input_wala_name'

2018-11-28 08:34:58 - [TEST_STEP][PASSED] - setText: Text 'Farm 2' is set on object 'Object Repository/Backoffice/match_mgmt/wala_details/input_wala_farm'

2018-11-28 08:34:58 - [MESSAGE][PASSED] - Text 'Farm 2' is set on object 'Object Repository/Backoffice/match_mgmt/wala_details/input_wala_farm'

2018-11-28 08:34:58 - [TEST_STEP][PASSED] - setText: Text 'Breed 2' is set on object 'Object Repository/Backoffice/match_mgmt/wala_details/input_wala_breed'

2018-11-28 08:34:59 - [MESSAGE][PASSED] - Text 'Breed 2' is set on object 'Object Repository/Backoffice/match_mgmt/wala_details/input_wala_breed'

2018-11-28 08:34:59 - [TEST_STEP][PASSED] - setText: Text 'Weight 2' is set on object 'Object Repository/Backoffice/match_mgmt/wala_details/input_wala_weight'

2018-11-28 08:34:59 - [MESSAGE][PASSED] - Text 'Weight 2' is set on object 'Object Repository/Backoffice/match_mgmt/wala_details/input_wala_weight'

2018-11-28 08:34:59 - [TEST_STEP][PASSED] - click: Object: 'Object Repository/Backoffice/match_mgmt/input_submit_match' is clicked on

2018-11-28 08:35:02 - [MESSAGE][PASSED] - Object: 'Object Repository/Backoffice/match_mgmt/input_submit_match' is clicked on

2018-11-28 08:35:02 - [TEST_STEP][PASSED] - delay: Delayed 1 second(s)

2018-11-28 08:35:03 - [MESSAGE][PASSED] - Delayed 1 second(s)

2018-11-28 08:35:03 - [TEST_STEP][PASSED] - click: Object: 'Object Repository/Backoffice/match_mgmt/button_create_match' is clicked on

2018-11-28 08:35:03 - [MESSAGE][PASSED] - Object: 'Object Repository/Backoffice/match_mgmt/button_create_match' is clicked on

2018-11-28 08:35:03 - [TEST_STEP][PASSED] - delay: Delayed 1 second(s)

2018-11-28 08:35:04 - [MESSAGE][PASSED] - Delayed 1 second(s)

2018-11-28 08:35:04 - [TEST_STEP][PASSED] - click: Object: 'Object Repository/Backoffice/match_mgmt/span_select_arena_name' is clicked on

2018-11-28 08:35:04 - [MESSAGE][PASSED] - Object: 'Object Repository/Backoffice/match_mgmt/span_select_arena_name' is clicked on

2018-11-28 08:35:04 - [TEST_STEP][PASSED] - setText: Text 'ALIXANDRA SPORTS COMPLEX - ASC' is set on object 'Object Repository/Backoffice/match_mgmt/input__select2-search__arena_name'

2018-11-28 08:35:06 - [MESSAGE][PASSED] - Text 'ALIXANDRA SPORTS COMPLEX - ASC' is set on object 'Object Repository/Backoffice/match_mgmt/input__select2-search__arena_name'

2018-11-28 08:35:06 - [TEST_STEP][PASSED] - sendKeys: Keys 'ENTER + ' sent to object: 'Object Repository/Backoffice/match_mgmt/input__select2-search__arena_name'

2018-11-28 08:35:06 - [MESSAGE][PASSED] - Keys 'ENTER + ' sent to object: 'Object Repository/Backoffice/match_mgmt/input__select2-search__arena_name'

2018-11-28 08:35:06 - [TEST_STEP][PASSED] - setText: Text 'AA' is set on object 'Object Repository/Backoffice/match_mgmt/meron_details/input_meron_name'

2018-11-28 08:35:07 - [MESSAGE][PASSED] - Text 'AA' is set on object 'Object Repository/Backoffice/match_mgmt/meron_details/input_meron_name'

2018-11-28 08:35:07 - [TEST_STEP][PASSED] - setText: Text 'Farm 1' is set on object 'Object Repository/Backoffice/match_mgmt/meron_details/input_meron_farm'

2018-11-28 08:35:07 - [MESSAGE][PASSED] - Text 'Farm 1' is set on object 'Object Repository/Backoffice/match_mgmt/meron_details/input_meron_farm'

2018-11-28 08:35:07 - [TEST_STEP][PASSED] - setText: Text 'Breed 1' is set on object 'Object Repository/Backoffice/match_mgmt/meron_details/input_meron_breed'

2018-11-28 08:35:07 - [MESSAGE][PASSED] - Text 'Breed 1' is set on object 'Object Repository/Backoffice/match_mgmt/meron_details/input_meron_breed'

2018-11-28 08:35:07 - [TEST_STEP][PASSED] - setText: Text 'Weight 1' is set on object 'Object Repository/Backoffice/match_mgmt/meron_details/input_meron_weight'

2018-11-28 08:35:08 - [MESSAGE][PASSED] - Text 'Weight 1' is set on object 'Object Repository/Backoffice/match_mgmt/meron_details/input_meron_weight'

2018-11-28 08:35:08 - [TEST_STEP][PASSED] - setText: Text 'BB' is set on object 'Object Repository/Backoffice/match_mgmt/wala_details/input_wala_name'

2018-11-28 08:35:08 - [MESSAGE][PASSED] - Text 'BB' is set on object 'Object Repository/Backoffice/match_mgmt/wala_details/input_wala_name'

2018-11-28 08:35:08 - [TEST_STEP][PASSED] - setText: Text 'Farm 2' is set on object 'Object Repository/Backoffice/match_mgmt/wala_details/input_wala_farm'

2018-11-28 08:35:08 - [MESSAGE][PASSED] - Text 'Farm 2' is set on object 'Object Repository/Backoffice/match_mgmt/wala_details/input_wala_farm'

2018-11-28 08:35:08 - [TEST_STEP][PASSED] - setText: Text 'Breed 2' is set on object 'Object Repository/Backoffice/match_mgmt/wala_details/input_wala_breed'

2018-11-28 08:35:09 - [MESSAGE][PASSED] - Text 'Breed 2' is set on object 'Object Repository/Backoffice/match_mgmt/wala_details/input_wala_breed'

2018-11-28 08:35:09 - [TEST_STEP][PASSED] - setText: Text 'Weight 2' is set on object 'Object Repository/Backoffice/match_mgmt/wala_details/input_wala_weight'

2018-11-28 08:35:09 - [MESSAGE][PASSED] - Text 'Weight 2' is set on object 'Object Repository/Backoffice/match_mgmt/wala_details/input_wala_weight'

2018-11-28 08:35:09 - [TEST_STEP][PASSED] - click: Object: 'Object Repository/Backoffice/match_mgmt/input_submit_match' is clicked on

2018-11-28 08:35:12 - [MESSAGE][PASSED] - Object: 'Object Repository/Backoffice/match_mgmt/input_submit_match' is clicked on

2018-11-28 08:35:12 - [TEST_STEP][PASSED] - delay: Delayed 1 second(s)

2018-11-28 08:35:13 - [MESSAGE][PASSED] - Delayed 1 second(s)

2018-11-28 08:35:13 - [TEST_STEP][PASSED] - click: Object: 'Object Repository/Backoffice/match_mgmt/button_create_match' is clicked on

2018-11-28 08:35:13 - [MESSAGE][PASSED] - Object: 'Object Repository/Backoffice/match_mgmt/button_create_match' is clicked on

2018-11-28 08:35:13 - [TEST_STEP][PASSED] - delay: Delayed 1 second(s)

2018-11-28 08:35:14 - [MESSAGE][PASSED] - Delayed 1 second(s)

2018-11-28 08:35:14 - [TEST_STEP][PASSED] - click: Object: 'Object Repository/Backoffice/match_mgmt/span_select_arena_name' is clicked on

2018-11-28 08:35:15 - [MESSAGE][PASSED] - Object: 'Object Repository/Backoffice/match_mgmt/span_select_arena_name' is clicked on

2018-11-28 08:35:15 - [TEST_STEP][PASSED] - setText: Text 'ALIXANDRA SPORTS COMPLEX - ASC' is set on object 'Object Repository/Backoffice/match_mgmt/input__select2-search__arena_name'

2018-11-28 08:35:16 - [MESSAGE][PASSED] - Text 'ALIXANDRA SPORTS COMPLEX - ASC' is set on object 'Object Repository/Backoffice/match_mgmt/input__select2-search__arena_name'

2018-11-28 08:35:16 - [TEST_STEP][PASSED] - sendKeys: Keys 'ENTER + ' sent to object: 'Object Repository/Backoffice/match_mgmt/input__select2-search__arena_name'

2018-11-28 08:35:16 - [MESSAGE][PASSED] - Keys 'ENTER + ' sent to object: 'Object Repository/Backoffice/match_mgmt/input__select2-search__arena_name'

2018-11-28 08:35:16 - [TEST_STEP][PASSED] - setText: Text 'AA' is set on object 'Object Repository/Backoffice/match_mgmt/meron_details/input_meron_name'

2018-11-28 08:35:17 - [MESSAGE][PASSED] - Text 'AA' is set on object 'Object Repository/Backoffice/match_mgmt/meron_details/input_meron_name'

2018-11-28 08:35:17 - [TEST_STEP][PASSED] - setText: Text 'Farm 1' is set on object 'Object Repository/Backoffice/match_mgmt/meron_details/input_meron_farm'

2018-11-28 08:35:17 - [MESSAGE][PASSED] - Text 'Farm 1' is set on object 'Object Repository/Backoffice/match_mgmt/meron_details/input_meron_farm'

2018-11-28 08:35:17 - [TEST_STEP][PASSED] - setText: Text 'Breed 1' is set on object 'Object Repository/Backoffice/match_mgmt/meron_details/input_meron_breed'

2018-11-28 08:35:17 - [MESSAGE][PASSED] - Text 'Breed 1' is set on object 'Object Repository/Backoffice/match_mgmt/meron_details/input_meron_breed'

2018-11-28 08:35:17 - [TEST_STEP][PASSED] - setText: Text 'Weight 1' is set on object 'Object Repository/Backoffice/match_mgmt/meron_details/input_meron_weight'

2018-11-28 08:35:18 - [MESSAGE][PASSED] - Text 'Weight 1' is set on object 'Object Repository/Backoffice/match_mgmt/meron_details/input_meron_weight'

2018-11-28 08:35:18 - [TEST_STEP][PASSED] - setText: Text 'BB' is set on object 'Object Repository/Backoffice/match_mgmt/wala_details/input_wala_name'

2018-11-28 08:35:18 - [MESSAGE][PASSED] - Text 'BB' is set on object 'Object Repository/Backoffice/match_mgmt/wala_details/input_wala_name'

2018-11-28 08:35:18 - [TEST_STEP][PASSED] - setText: Text 'Farm 2' is set on object 'Object Repository/Backoffice/match_mgmt/wala_details/input_wala_farm'

2018-11-28 08:35:18 - [MESSAGE][PASSED] - Text 'Farm 2' is set on object 'Object Repository/Backoffice/match_mgmt/wala_details/input_wala_farm'

2018-11-28 08:35:18 - [TEST_STEP][PASSED] - setText: Text 'Breed 2' is set on object 'Object Repository/Backoffice/match_mgmt/wala_details/input_wala_breed'

2018-11-28 08:35:19 - [MESSAGE][PASSED] - Text 'Breed 2' is set on object 'Object Repository/Backoffice/match_mgmt/wala_details/input_wala_breed'

2018-11-28 08:35:19 - [TEST_STEP][PASSED] - setText: Text 'Weight 2' is set on object 'Object Repository/Backoffice/match_mgmt/wala_details/input_wala_weight'

2018-11-28 08:35:19 - [MESSAGE][PASSED] - Text 'Weight 2' is set on object 'Object Repository/Backoffice/match_mgmt/wala_details/input_wala_weight'

2018-11-28 08:35:19 - [TEST_STEP][PASSED] - click: Object: 'Object Repository/Backoffice/match_mgmt/input_submit_match' is clicked on

2018-11-28 08:35:22 - [MESSAGE][PASSED] - Object: 'Object Repository/Backoffice/match_mgmt/input_submit_match' is clicked on

2018-11-28 08:35:22 - [TEST_STEP][PASSED] - delay: Delayed 1 second(s)

2018-11-28 08:35:23 - [MESSAGE][PASSED] - Delayed 1 second(s)

2018-11-28 08:35:23 - [TEST_STEP][PASSED] - click: Object: 'Object Repository/Backoffice/match_mgmt/button_create_match' is clicked on

2018-11-28 08:35:23 - [MESSAGE][PASSED] - Object: 'Object Repository/Backoffice/match_mgmt/button_create_match' is clicked on

2018-11-28 08:35:23 - [TEST_STEP][PASSED] - delay: Delayed 1 second(s)

2018-11-28 08:35:24 - [MESSAGE][PASSED] - Delayed 1 second(s)

2018-11-28 08:35:24 - [TEST_STEP][PASSED] - click: Object: 'Object Repository/Backoffice/match_mgmt/span_select_arena_name' is clicked on

2018-11-28 08:35:25 - [MESSAGE][PASSED] - Object: 'Object Repository/Backoffice/match_mgmt/span_select_arena_name' is clicked on

2018-11-28 08:35:25 - [TEST_STEP][PASSED] - setText: Text 'ALIXANDRA SPORTS COMPLEX - ASC' is set on object 'Object Repository/Backoffice/match_mgmt/input__select2-search__arena_name'

2018-11-28 08:35:26 - [MESSAGE][PASSED] - Text 'ALIXANDRA SPORTS COMPLEX - ASC' is set on object 'Object Repository/Backoffice/match_mgmt/input__select2-search__arena_name'

2018-11-28 08:35:26 - [TEST_STEP][PASSED] - sendKeys: Keys 'ENTER + ' sent to object: 'Object Repository/Backoffice/match_mgmt/input__select2-search__arena_name'

2018-11-28 08:35:26 - [MESSAGE][PASSED] - Keys 'ENTER + ' sent to object: 'Object Repository/Backoffice/match_mgmt/input__select2-search__arena_name'

2018-11-28 08:35:26 - [TEST_STEP][PASSED] - setText: Text 'AA' is set on object 'Object Repository/Backoffice/match_mgmt/meron_details/input_meron_name'

2018-11-28 08:35:27 - [MESSAGE][PASSED] - Text 'AA' is set on object 'Object Repository/Backoffice/match_mgmt/meron_details/input_meron_name'

2018-11-28 08:35:27 - [TEST_STEP][PASSED] - setText: Text 'Farm 1' is set on object 'Object Repository/Backoffice/match_mgmt/meron_details/input_meron_farm'

2018-11-28 08:35:27 - [MESSAGE][PASSED] - Text 'Farm 1' is set on object 'Object Repository/Backoffice/match_mgmt/meron_details/input_meron_farm'

2018-11-28 08:35:27 - [TEST_STEP][PASSED] - setText: Text 'Breed 1' is set on object 'Object Repository/Backoffice/match_mgmt/meron_details/input_meron_breed'

2018-11-28 08:35:28 - [MESSAGE][PASSED] - Text 'Breed 1' is set on object 'Object Repository/Backoffice/match_mgmt/meron_details/input_meron_breed'

2018-11-28 08:35:28 - [TEST_STEP][PASSED] - setText: Text 'Weight 1' is set on object 'Object Repository/Backoffice/match_mgmt/meron_details/input_meron_weight'

2018-11-28 08:35:28 - [MESSAGE][PASSED] - Text 'Weight 1' is set on object 'Object Repository/Backoffice/match_mgmt/meron_details/input_meron_weight'

2018-11-28 08:35:28 - [TEST_STEP][PASSED] - setText: Text 'BB' is set on object 'Object Repository/Backoffice/match_mgmt/wala_details/input_wala_name'

2018-11-28 08:35:28 - [MESSAGE][PASSED] - Text 'BB' is set on object 'Object Repository/Backoffice/match_mgmt/wala_details/input_wala_name'

2018-11-28 08:35:28 - [TEST_STEP][PASSED] - setText: Text 'Farm 2' is set on object 'Object Repository/Backoffice/match_mgmt/wala_details/input_wala_farm'

2018-11-28 08:35:29 - [MESSAGE][PASSED] - Text 'Farm 2' is set on object 'Object Repository/Backoffice/match_mgmt/wala_details/input_wala_farm'

2018-11-28 08:35:29 - [TEST_STEP][PASSED] - setText: Text 'Breed 2' is set on object 'Object Repository/Backoffice/match_mgmt/wala_details/input_wala_breed'

2018-11-28 08:35:29 - [MESSAGE][PASSED] - Text 'Breed 2' is set on object 'Object Repository/Backoffice/match_mgmt/wala_details/input_wala_breed'

2018-11-28 08:35:29 - [TEST_STEP][PASSED] - setText: Text 'Weight 2' is set on object 'Object Repository/Backoffice/match_mgmt/wala_details/input_wala_weight'

2018-11-28 08:35:29 - [MESSAGE][PASSED] - Text 'Weight 2' is set on object 'Object Repository/Backoffice/match_mgmt/wala_details/input_wala_weight'

2018-11-28 08:35:29 - [TEST_STEP][PASSED] - click: Object: 'Object Repository/Backoffice/match_mgmt/input_submit_match' is clicked on

2018-11-28 08:35:32 - [MESSAGE][PASSED] - Object: 'Object Repository/Backoffice/match_mgmt/input_submit_match' is clicked on

2018-11-28 08:35:32 - [TEST_STEP][PASSED] - delay: Delayed 1 second(s)

2018-11-28 08:35:33 - [MESSAGE][PASSED] - Delayed 1 second(s)

2018-11-28 08:35:33 - [TEST_STEP][PASSED] - click: Object: 'Object Repository/Backoffice/match_mgmt/button_create_match' is clicked on

2018-11-28 08:35:33 - [MESSAGE][PASSED] - Object: 'Object Repository/Backoffice/match_mgmt/button_create_match' is clicked on

2018-11-28 08:35:33 - [TEST_STEP][PASSED] - delay: Delayed 1 second(s)

2018-11-28 08:35:34 - [MESSAGE][PASSED] - Delayed 1 second(s)

2018-11-28 08:35:34 - [TEST_STEP][PASSED] - click: Object: 'Object Repository/Backoffice/match_mgmt/span_select_arena_name' is clicked on

2018-11-28 08:35:35 - [MESSAGE][PASSED] - Object: 'Object Repository/Backoffice/match_mgmt/span_select_arena_name' is clicked on

2018-11-28 08:35:35 - [TEST_STEP][PASSED] - setText: Text 'ALIXANDRA SPORTS COMPLEX - ASC' is set on object 'Object Repository/Backoffice/match_mgmt/input__select2-search__arena_name'

2018-11-28 08:35:36 - [MESSAGE][PASSED] - Text 'ALIXANDRA SPORTS COMPLEX - ASC' is set on object 'Object Repository/Backoffice/match_mgmt/input__select2-search__arena_name'

2018-11-28 08:35:36 - [TEST_STEP][PASSED] - sendKeys: Keys 'ENTER + ' sent to object: 'Object Repository/Backoffice/match_mgmt/input__select2-search__arena_name'

2018-11-28 08:35:37 - [MESSAGE][PASSED] - Keys 'ENTER + ' sent to object: 'Object Repository/Backoffice/match_mgmt/input__select2-search__arena_name'

2018-11-28 08:35:37 - [TEST_STEP][PASSED] - setText: Text 'AA' is set on object 'Object Repository/Backoffice/match_mgmt/meron_details/input_meron_name'

2018-11-28 08:35:37 - [MESSAGE][PASSED] - Text 'AA' is set on object 'Object Repository/Backoffice/match_mgmt/meron_details/input_meron_name'

2018-11-28 08:35:37 - [TEST_STEP][PASSED] - setText: Text 'Farm 1' is set on object 'Object Repository/Backoffice/match_mgmt/meron_details/input_meron_farm'

2018-11-28 08:35:37 - [MESSAGE][PASSED] - Text 'Farm 1' is set on object 'Object Repository/Backoffice/match_mgmt/meron_details/input_meron_farm'

2018-11-28 08:35:37 - [TEST_STEP][PASSED] - setText: Text 'Breed 1' is set on object 'Object Repository/Backoffice/match_mgmt/meron_details/input_meron_breed'

2018-11-28 08:35:38 - [MESSAGE][PASSED] - Text 'Breed 1' is set on object 'Object Repository/Backoffice/match_mgmt/meron_details/input_meron_breed'

2018-11-28 08:35:38 - [TEST_STEP][PASSED] - setText: Text 'Weight 1' is set on object 'Object Repository/Backoffice/match_mgmt/meron_details/input_meron_weight'

2018-11-28 08:35:38 - [MESSAGE][PASSED] - Text 'Weight 1' is set on object 'Object Repository/Backoffice/match_mgmt/meron_details/input_meron_weight'

2018-11-28 08:35:38 - [TEST_STEP][PASSED] - setText: Text 'BB' is set on object 'Object Repository/Backoffice/match_mgmt/wala_details/input_wala_name'

2018-11-28 08:35:38 - [MESSAGE][PASSED] - Text 'BB' is set on object 'Object Repository/Backoffice/match_mgmt/wala_details/input_wala_name'

2018-11-28 08:35:38 - [TEST_STEP][PASSED] - setText: Text 'Farm 2' is set on object 'Object Repository/Backoffice/match_mgmt/wala_details/input_wala_farm'

2018-11-28 08:35:39 - [MESSAGE][PASSED] - Text 'Farm 2' is set on object 'Object Repository/Backoffice/match_mgmt/wala_details/input_wala_farm'

2018-11-28 08:35:39 - [TEST_STEP][PASSED] - setText: Text 'Breed 2' is set on object 'Object Repository/Backoffice/match_mgmt/wala_details/input_wala_breed'

2018-11-28 08:35:39 - [MESSAGE][PASSED] - Text 'Breed 2' is set on object 'Object Repository/Backoffice/match_mgmt/wala_details/input_wala_breed'

2018-11-28 08:35:39 - [TEST_STEP][PASSED] - setText: Text 'Weight 2' is set on object 'Object Repository/Backoffice/match_mgmt/wala_details/input_wala_weight'

2018-11-28 08:35:39 - [MESSAGE][PASSED] - Text 'Weight 2' is set on object 'Object Repository/Backoffice/match_mgmt/wala_details/input_wala_weight'

2018-11-28 08:35:39 - [TEST_STEP][PASSED] - click: Object: 'Object Repository/Backoffice/match_mgmt/input_submit_match' is clicked on

2018-11-28 08:35:42 - [MESSAGE][PASSED] - Object: 'Object Repository/Backoffice/match_mgmt/input_submit_match' is clicked on

2018-11-28 08:35:42 - [TEST_STEP][PASSED] - delay: Delayed 1 second(s)

2018-11-28 08:35:43 - [MESSAGE][PASSED] - Delayed 1 second(s)

2018-11-28 08:35:43 - [TEST_STEP][PASSED] - click: Object: 'Object Repository/Backoffice/match_mgmt/button_create_match' is clicked on

2018-11-28 08:35:44 - [MESSAGE][PASSED] - Object: 'Object Repository/Backoffice/match_mgmt/button_create_match' is clicked on

2018-11-28 08:35:44 - [TEST_STEP][PASSED] - delay: Delayed 1 second(s)

2018-11-28 08:35:45 - [MESSAGE][PASSED] - Delayed 1 second(s)

2018-11-28 08:35:45 - [TEST_STEP][PASSED] - click: Object: 'Object Repository/Backoffice/match_mgmt/span_select_arena_name' is clicked on

2018-11-28 08:35:45 - [MESSAGE][PASSED] - Object: 'Object Repository/Backoffice/match_mgmt/span_select_arena_name' is clicked on

2018-11-28 08:35:45 - [TEST_STEP][PASSED] - setText: Text 'ALIXANDRA SPORTS COMPLEX - ASC' is set on object 'Object Repository/Backoffice/match_mgmt/input__select2-search__arena_name'

2018-11-28 08:35:47 - [MESSAGE][PASSED] - Text 'ALIXANDRA SPORTS COMPLEX - ASC' is set on object 'Object Repository/Backoffice/match_mgmt/input__select2-search__arena_name'

2018-11-28 08:35:47 - [TEST_STEP][PASSED] - sendKeys: Keys 'ENTER + ' sent to object: 'Object Repository/Backoffice/match_mgmt/input__select2-search__arena_name'

2018-11-28 08:35:47 - [MESSAGE][PASSED] - Keys 'ENTER + ' sent to object: 'Object Repository/Backoffice/match_mgmt/input__select2-search__arena_name'

2018-11-28 08:35:47 - [TEST_STEP][PASSED] - setText: Text 'AA' is set on object 'Object Repository/Backoffice/match_mgmt/meron_details/input_meron_name'

2018-11-28 08:35:47 - [MESSAGE][PASSED] - Text 'AA' is set on object 'Object Repository/Backoffice/match_mgmt/meron_details/input_meron_name'

2018-11-28 08:35:47 - [TEST_STEP][PASSED] - setText: Text 'Farm 1' is set on object 'Object Repository/Backoffice/match_mgmt/meron_details/input_meron_farm'

2018-11-28 08:35:47 - [MESSAGE][PASSED] - Text 'Farm 1' is set on object 'Object Repository/Backoffice/match_mgmt/meron_details/input_meron_farm'

2018-11-28 08:35:47 - [TEST_STEP][PASSED] - setText: Text 'Breed 1' is set on object 'Object Repository/Backoffice/match_mgmt/meron_details/input_meron_breed'

2018-11-28 08:35:48 - [MESSAGE][PASSED] - Text 'Breed 1' is set on object 'Object Repository/Backoffice/match_mgmt/meron_details/input_meron_breed'

2018-11-28 08:35:48 - [TEST_STEP][PASSED] - setText: Text 'Weight 1' is set on object 'Object Repository/Backoffice/match_mgmt/meron_details/input_meron_weight'

2018-11-28 08:35:48 - [MESSAGE][PASSED] - Text 'Weight 1' is set on object 'Object Repository/Backoffice/match_mgmt/meron_details/input_meron_weight'

2018-11-28 08:35:48 - [TEST_STEP][PASSED] - setText: Text 'BB' is set on object 'Object Repository/Backoffice/match_mgmt/wala_details/input_wala_name'

2018-11-28 08:35:48 - [MESSAGE][PASSED] - Text 'BB' is set on object 'Object Repository/Backoffice/match_mgmt/wala_details/input_wala_name'

2018-11-28 08:35:48 - [TEST_STEP][PASSED] - setText: Text 'Farm 2' is set on object 'Object Repository/Backoffice/match_mgmt/wala_details/input_wala_farm'

2018-11-28 08:35:49 - [MESSAGE][PASSED] - Text 'Farm 2' is set on object 'Object Repository/Backoffice/match_mgmt/wala_details/input_wala_farm'

2018-11-28 08:35:49 - [TEST_STEP][PASSED] - setText: Text 'Breed 2' is set on object 'Object Repository/Backoffice/match_mgmt/wala_details/input_wala_breed'

2018-11-28 08:35:49 - [MESSAGE][PASSED] - Text 'Breed 2' is set on object 'Object Repository/Backoffice/match_mgmt/wala_details/input_wala_breed'

2018-11-28 08:35:49 - [TEST_STEP][PASSED] - setText: Text 'Weight 2' is set on object 'Object Repository/Backoffice/match_mgmt/wala_details/input_wala_weight'

2018-11-28 08:35:50 - [MESSAGE][PASSED] - Text 'Weight 2' is set on object 'Object Repository/Backoffice/match_mgmt/wala_details/input_wala_weight'

2018-11-28 08:35:50 - [TEST_STEP][PASSED] - click: Object: 'Object Repository/Backoffice/match_mgmt/input_submit_match' is clicked on

2018-11-28 08:35:53 - [MESSAGE][PASSED] - Object: 'Object Repository/Backoffice/match_mgmt/input_submit_match' is clicked on

2018-11-28 08:35:53 - [TEST_STEP][PASSED] - delay: Delayed 1 second(s)

2018-11-28 08:35:54 - [MESSAGE][PASSED] - Delayed 1 second(s)

2018-11-28 08:35:54 - [TEST_STEP][PASSED] - click: Object: 'Object Repository/Backoffice/match_mgmt/button_create_match' is clicked on

2018-11-28 08:35:54 - [MESSAGE][PASSED] - Object: 'Object Repository/Backoffice/match_mgmt/button_create_match' is clicked on

2018-11-28 08:35:54 - [TEST_STEP][PASSED] - delay: Delayed 1 second(s)

2018-11-28 08:35:55 - [MESSAGE][PASSED] - Delayed 1 second(s)

2018-11-28 08:35:55 - [TEST_STEP][PASSED] - click: Object: 'Object Repository/Backoffice/match_mgmt/span_select_arena_name' is clicked on

2018-11-28 08:35:55 - [MESSAGE][PASSED] - Object: 'Object Repository/Backoffice/match_mgmt/span_select_arena_name' is clicked on

2018-11-28 08:35:55 - [TEST_STEP][PASSED] - setText: Text 'ALIXANDRA SPORTS COMPLEX - ASC' is set on object 'Object Repository/Backoffice/match_mgmt/input__select2-search__arena_name'

2018-11-28 08:35:57 - [MESSAGE][PASSED] - Text 'ALIXANDRA SPORTS COMPLEX - ASC' is set on object 'Object Repository/Backoffice/match_mgmt/input__select2-search__arena_name'

2018-11-28 08:35:57 - [TEST_STEP][PASSED] - sendKeys: Keys 'ENTER + ' sent to object: 'Object Repository/Backoffice/match_mgmt/input__select2-search__arena_name'

2018-11-28 08:35:57 - [MESSAGE][PASSED] - Keys 'ENTER + ' sent to object: 'Object Repository/Backoffice/match_mgmt/input__select2-search__arena_name'

2018-11-28 08:35:57 - [TEST_STEP][PASSED] - setText: Text 'AA' is set on object 'Object Repository/Backoffice/match_mgmt/meron_details/input_meron_name'

2018-11-28 08:35:57 - [MESSAGE][PASSED] - Text 'AA' is set on object 'Object Repository/Backoffice/match_mgmt/meron_details/input_meron_name'

2018-11-28 08:35:57 - [TEST_STEP][PASSED] - setText: Text 'Farm 1' is set on object 'Object Repository/Backoffice/match_mgmt/meron_details/input_meron_farm'

2018-11-28 08:35:58 - [MESSAGE][PASSED] - Text 'Farm 1' is set on object 'Object Repository/Backoffice/match_mgmt/meron_details/input_meron_farm'

2018-11-28 08:35:58 - [TEST_STEP][PASSED] - setText: Text 'Breed 1' is set on object 'Object Repository/Backoffice/match_mgmt/meron_details/input_meron_breed'

2018-11-28 08:35:58 - [MESSAGE][PASSED] - Text 'Breed 1' is set on object 'Object Repository/Backoffice/match_mgmt/meron_details/input_meron_breed'

2018-11-28 08:35:58 - [TEST_STEP][PASSED] - setText: Text 'Weight 1' is set on object 'Object Repository/Backoffice/match_mgmt/meron_details/input_meron_weight'

2018-11-28 08:35:58 - [MESSAGE][PASSED] - Text 'Weight 1' is set on object 'Object Repository/Backoffice/match_mgmt/meron_details/input_meron_weight'

2018-11-28 08:35:58 - [TEST_STEP][PASSED] - setText: Text 'BB' is set on object 'Object Repository/Backoffice/match_mgmt/wala_details/input_wala_name'

2018-11-28 08:35:59 - [MESSAGE][PASSED] - Text 'BB' is set on object 'Object Repository/Backoffice/match_mgmt/wala_details/input_wala_name'

2018-11-28 08:35:59 - [TEST_STEP][PASSED] - setText: Text 'Farm 2' is set on object 'Object Repository/Backoffice/match_mgmt/wala_details/input_wala_farm'

2018-11-28 08:35:59 - [MESSAGE][PASSED] - Text 'Farm 2' is set on object 'Object Repository/Backoffice/match_mgmt/wala_details/input_wala_farm'

2018-11-28 08:35:59 - [TEST_STEP][PASSED] - setText: Text 'Breed 2' is set on object 'Object Repository/Backoffice/match_mgmt/wala_details/input_wala_breed'

2018-11-28 08:35:59 - [MESSAGE][PASSED] - Text 'Breed 2' is set on object 'Object Repository/Backoffice/match_mgmt/wala_details/input_wala_breed'

2018-11-28 08:35:59 - [TEST_STEP][PASSED] - setText: Text 'Weight 2' is set on object 'Object Repository/Backoffice/match_mgmt/wala_details/input_wala_weight'

2018-11-28 08:36:00 - [MESSAGE][PASSED] - Text 'Weight 2' is set on object 'Object Repository/Backoffice/match_mgmt/wala_details/input_wala_weight'

2018-11-28 08:36:00 - [TEST_STEP][PASSED] - click: Object: 'Object Repository/Backoffice/match_mgmt/input_submit_match' is clicked on

2018-11-28 08:36:03 - [MESSAGE][PASSED] - Object: 'Object Repository/Backoffice/match_mgmt/input_submit_match' is clicked on

2018-11-28 08:36:03 - [TEST_STEP][PASSED] - delay: Delayed 1 second(s)

2018-11-28 08:36:04 - [MESSAGE][PASSED] - Delayed 1 second(s)

2018-11-28 08:36:04 - [TEST_STEP][PASSED] - click: Object: 'Object Repository/Backoffice/match_mgmt/button_create_match' is clicked on

2018-11-28 08:36:04 - [MESSAGE][PASSED] - Object: 'Object Repository/Backoffice/match_mgmt/button_create_match' is clicked on

2018-11-28 08:36:04 - [TEST_STEP][PASSED] - delay: Delayed 1 second(s)

2018-11-28 08:36:05 - [MESSAGE][PASSED] - Delayed 1 second(s)

2018-11-28 08:36:05 - [TEST_STEP][PASSED] - click: Object: 'Object Repository/Backoffice/match_mgmt/span_select_arena_name' is clicked on

2018-11-28 08:36:06 - [MESSAGE][PASSED] - Object: 'Object Repository/Backoffice/match_mgmt/span_select_arena_name' is clicked on

2018-11-28 08:36:06 - [TEST_STEP][PASSED] - setText: Text 'ALIXANDRA SPORTS COMPLEX - ASC' is set on object 'Object Repository/Backoffice/match_mgmt/input__select2-search__arena_name'

2018-11-28 08:36:07 - [MESSAGE][PASSED] - Text 'ALIXANDRA SPORTS COMPLEX - ASC' is set on object 'Object Repository/Backoffice/match_mgmt/input__select2-search__arena_name'

2018-11-28 08:36:07 - [TEST_STEP][PASSED] - sendKeys: Keys 'ENTER + ' sent to object: 'Object Repository/Backoffice/match_mgmt/input__select2-search__arena_name'

2018-11-28 08:36:07 - [MESSAGE][PASSED] - Keys 'ENTER + ' sent to object: 'Object Repository/Backoffice/match_mgmt/input__select2-search__arena_name'

2018-11-28 08:36:07 - [TEST_STEP][PASSED] - setText: Text 'AA' is set on object 'Object Repository/Backoffice/match_mgmt/meron_details/input_meron_name'

2018-11-28 08:36:08 - [MESSAGE][PASSED] - Text 'AA' is set on object 'Object Repository/Backoffice/match_mgmt/meron_details/input_meron_name'

2018-11-28 08:36:08 - [TEST_STEP][PASSED] - setText: Text 'Farm 1' is set on object 'Object Repository/Backoffice/match_mgmt/meron_details/input_meron_farm'

2018-11-28 08:36:08 - [MESSAGE][PASSED] - Text 'Farm 1' is set on object 'Object Repository/Backoffice/match_mgmt/meron_details/input_meron_farm'

2018-11-28 08:36:08 - [TEST_STEP][PASSED] - setText: Text 'Breed 1' is set on object 'Object Repository/Backoffice/match_mgmt/meron_details/input_meron_breed'

2018-11-28 08:36:08 - [MESSAGE][PASSED] - Text 'Breed 1' is set on object 'Object Repository/Backoffice/match_mgmt/meron_details/input_meron_breed'

2018-11-28 08:36:08 - [TEST_STEP][PASSED] - setText: Text 'Weight 1' is set on object 'Object Repository/Backoffice/match_mgmt/meron_details/input_meron_weight'

2018-11-28 08:36:09 - [MESSAGE][PASSED] - Text 'Weight 1' is set on object 'Object Repository/Backoffice/match_mgmt/meron_details/input_meron_weight'

2018-11-28 08:36:09 - [TEST_STEP][PASSED] - setText: Text 'BB' is set on object 'Object Repository/Backoffice/match_mgmt/wala_details/input_wala_name'

2018-11-28 08:36:09 - [MESSAGE][PASSED] - Text 'BB' is set on object 'Object Repository/Backoffice/match_mgmt/wala_details/input_wala_name'

2018-11-28 08:36:09 - [TEST_STEP][PASSED] - setText: Text 'Farm 2' is set on object 'Object Repository/Backoffice/match_mgmt/wala_details/input_wala_farm'

2018-11-28 08:36:09 - [MESSAGE][PASSED] - Text 'Farm 2' is set on object 'Object Repository/Backoffice/match_mgmt/wala_details/input_wala_farm'

2018-11-28 08:36:09 - [TEST_STEP][PASSED] - setText: Text 'Breed 2' is set on object 'Object Repository/Backoffice/match_mgmt/wala_details/input_wala_breed'

2018-11-28 08:36:10 - [MESSAGE][PASSED] - Text 'Breed 2' is set on object 'Object Repository/Backoffice/match_mgmt/wala_details/input_wala_breed'

2018-11-28 08:36:10 - [TEST_STEP][PASSED] - setText: Text 'Weight 2' is set on object 'Object Repository/Backoffice/match_mgmt/wala_details/input_wala_weight'

2018-11-28 08:36:10 - [MESSAGE][PASSED] - Text 'Weight 2' is set on object 'Object Repository/Backoffice/match_mgmt/wala_details/input_wala_weight'

2018-11-28 08:36:10 - [TEST_STEP][PASSED] - click: Object: 'Object Repository/Backoffice/match_mgmt/input_submit_match' is clicked on

2018-11-28 08:36:13 - [MESSAGE][PASSED] - Object: 'Object Repository/Backoffice/match_mgmt/input_submit_match' is clicked on

2018-11-28 08:36:13 - [TEST_STEP][PASSED] - delay: Delayed 1 second(s)

2018-11-28 08:36:14 - [MESSAGE][PASSED] - Delayed 1 second(s)

2018-11-28 08:36:14 - [TEST_STEP][PASSED] - click: Object: 'Object Repository/Backoffice/match_mgmt/button_create_match' is clicked on

2018-11-28 08:36:14 - [MESSAGE][PASSED] - Object: 'Object Repository/Backoffice/match_mgmt/button_create_match' is clicked on

2018-11-28 08:36:14 - [TEST_STEP][PASSED] - delay: Delayed 1 second(s)

2018-11-28 08:36:15 - [MESSAGE][PASSED] - Delayed 1 second(s)

2018-11-28 08:36:15 - [TEST_STEP][PASSED] - click: Object: 'Object Repository/Backoffice/match_mgmt/span_select_arena_name' is clicked on

2018-11-28 08:36:16 - [MESSAGE][PASSED] - Object: 'Object Repository/Backoffice/match_mgmt/span_select_arena_name' is clicked on

2018-11-28 08:36:16 - [TEST_STEP][PASSED] - setText: Text 'ALIXANDRA SPORTS COMPLEX - ASC' is set on object 'Object Repository/Backoffice/match_mgmt/input__select2-search__arena_name'

2018-11-28 08:36:17 - [MESSAGE][PASSED] - Text 'ALIXANDRA SPORTS COMPLEX - ASC' is set on object 'Object Repository/Backoffice/match_mgmt/input__select2-search__arena_name'

2018-11-28 08:36:17 - [TEST_STEP][PASSED] - sendKeys: Keys 'ENTER + ' sent to object: 'Object Repository/Backoffice/match_mgmt/input__select2-search__arena_name'

2018-11-28 08:36:17 - [MESSAGE][PASSED] - Keys 'ENTER + ' sent to object: 'Object Repository/Backoffice/match_mgmt/input__select2-search__arena_name'

2018-11-28 08:36:17 - [TEST_STEP][PASSED] - setText: Text 'AA' is set on object 'Object Repository/Backoffice/match_mgmt/meron_details/input_meron_name'

2018-11-28 08:36:17 - [MESSAGE][PASSED] - Text 'AA' is set on object 'Object Repository/Backoffice/match_mgmt/meron_details/input_meron_name'

2018-11-28 08:36:17 - [TEST_STEP][PASSED] - setText: Text 'Farm 1' is set on object 'Object Repository/Backoffice/match_mgmt/meron_details/input_meron_farm'

2018-11-28 08:36:18 - [MESSAGE][PASSED] - Text 'Farm 1' is set on object 'Object Repository/Backoffice/match_mgmt/meron_details/input_meron_farm'

2018-11-28 08:36:18 - [TEST_STEP][PASSED] - setText: Text 'Breed 1' is set on object 'Object Repository/Backoffice/match_mgmt/meron_details/input_meron_breed'

2018-11-28 08:36:18 - [MESSAGE][PASSED] - Text 'Breed 1' is set on object 'Object Repository/Backoffice/match_mgmt/meron_details/input_meron_breed'

2018-11-28 08:36:18 - [TEST_STEP][PASSED] - setText: Text 'Weight 1' is set on object 'Object Repository/Backoffice/match_mgmt/meron_details/input_meron_weight'

2018-11-28 08:36:19 - [MESSAGE][PASSED] - Text 'Weight 1' is set on object 'Object Repository/Backoffice/match_mgmt/meron_details/input_meron_weight'

2018-11-28 08:36:19 - [TEST_STEP][PASSED] - setText: Text 'BB' is set on object 'Object Repository/Backoffice/match_mgmt/wala_details/input_wala_name'

2018-11-28 08:36:19 - [MESSAGE][PASSED] - Text 'BB' is set on object 'Object Repository/Backoffice/match_mgmt/wala_details/input_wala_name'

2018-11-28 08:36:19 - [TEST_STEP][PASSED] - setText: Text 'Farm 2' is set on object 'Object Repository/Backoffice/match_mgmt/wala_details/input_wala_farm'

2018-11-28 08:36:19 - [MESSAGE][PASSED] - Text 'Farm 2' is set on object 'Object Repository/Backoffice/match_mgmt/wala_details/input_wala_farm'

2018-11-28 08:36:19 - [TEST_STEP][PASSED] - setText: Text 'Breed 2' is set on object 'Object Repository/Backoffice/match_mgmt/wala_details/input_wala_breed'

2018-11-28 08:36:20 - [MESSAGE][PASSED] - Text 'Breed 2' is set on object 'Object Repository/Backoffice/match_mgmt/wala_details/input_wala_breed'

2018-11-28 08:36:20 - [TEST_STEP][PASSED] - setText: Text 'Weight 2' is set on object 'Object Repository/Backoffice/match_mgmt/wala_details/input_wala_weight'

2018-11-28 08:36:20 - [MESSAGE][PASSED] - Text 'Weight 2' is set on object 'Object Repository/Backoffice/match_mgmt/wala_details/input_wala_weight'

2018-11-28 08:36:20 - [TEST_STEP][PASSED] - click: Object: 'Object Repository/Backoffice/match_mgmt/input_submit_match' is clicked on

2018-11-28 08:36:23 - [MESSAGE][PASSED] - Object: 'Object Repository/Backoffice/match_mgmt/input_submit_match' is clicked on

2018-11-28 08:36:23 - [TEST_STEP][PASSED] - delay: Delayed 1 second(s)

2018-11-28 08:36:24 - [MESSAGE][PASSED] - Delayed 1 second(s)

2018-11-28 08:36:24 - [TEST_STEP][PASSED] - click: Object: 'Object Repository/Backoffice/match_mgmt/button_create_match' is clicked on

2018-11-28 08:36:24 - [MESSAGE][PASSED] - Object: 'Object Repository/Backoffice/match_mgmt/button_create_match' is clicked on

2018-11-28 08:36:24 - [TEST_STEP][PASSED] - delay: Delayed 1 second(s)

2018-11-28 08:36:25 - [MESSAGE][PASSED] - Delayed 1 second(s)

2018-11-28 08:36:25 - [TEST_STEP][PASSED] - click: Object: 'Object Repository/Backoffice/match_mgmt/span_select_arena_name' is clicked on

2018-11-28 08:36:26 - [MESSAGE][PASSED] - Object: 'Object Repository/Backoffice/match_mgmt/span_select_arena_name' is clicked on

2018-11-28 08:36:26 - [TEST_STEP][PASSED] - setText: Text 'ALIXANDRA SPORTS COMPLEX - ASC' is set on object 'Object Repository/Backoffice/match_mgmt/input__select2-search__arena_name'

2018-11-28 08:36:27 - [MESSAGE][PASSED] - Text 'ALIXANDRA SPORTS COMPLEX - ASC' is set on object 'Object Repository/Backoffice/match_mgmt/input__select2-search__arena_name'

2018-11-28 08:36:27 - [TEST_STEP][PASSED] - sendKeys: Keys 'ENTER + ' sent to object: 'Object Repository/Backoffice/match_mgmt/input__select2-search__arena_name'

2018-11-28 08:36:27 - [MESSAGE][PASSED] - Keys 'ENTER + ' sent to object: 'Object Repository/Backoffice/match_mgmt/input__select2-search__arena_name'

2018-11-28 08:36:27 - [TEST_STEP][PASSED] - setText: Text 'AA' is set on object 'Object Repository/Backoffice/match_mgmt/meron_details/input_meron_name'

2018-11-28 08:36:28 - [MESSAGE][PASSED] - Text 'AA' is set on object 'Object Repository/Backoffice/match_mgmt/meron_details/input_meron_name'

2018-11-28 08:36:28 - [TEST_STEP][PASSED] - setText: Text 'Farm 1' is set on object 'Object Repository/Backoffice/match_mgmt/meron_details/input_meron_farm'

2018-11-28 08:36:28 - [MESSAGE][PASSED] - Text 'Farm 1' is set on object 'Object Repository/Backoffice/match_mgmt/meron_details/input_meron_farm'

2018-11-28 08:36:28 - [TEST_STEP][PASSED] - setText: Text 'Breed 1' is set on object 'Object Repository/Backoffice/match_mgmt/meron_details/input_meron_breed'

2018-11-28 08:36:29 - [MESSAGE][PASSED] - Text 'Breed 1' is set on object 'Object Repository/Backoffice/match_mgmt/meron_details/input_meron_breed'

2018-11-28 08:36:29 - [TEST_STEP][PASSED] - setText: Text 'Weight 1' is set on object 'Object Repository/Backoffice/match_mgmt/meron_details/input_meron_weight'

2018-11-28 08:36:29 - [MESSAGE][PASSED] - Text 'Weight 1' is set on object 'Object Repository/Backoffice/match_mgmt/meron_details/input_meron_weight'

2018-11-28 08:36:29 - [TEST_STEP][PASSED] - setText: Text 'BB' is set on object 'Object Repository/Backoffice/match_mgmt/wala_details/input_wala_name'

2018-11-28 08:36:29 - [MESSAGE][PASSED] - Text 'BB' is set on object 'Object Repository/Backoffice/match_mgmt/wala_details/input_wala_name'

2018-11-28 08:36:29 - [TEST_STEP][PASSED] - setText: Text 'Farm 2' is set on object 'Object Repository/Backoffice/match_mgmt/wala_details/input_wala_farm'

2018-11-28 08:36:30 - [MESSAGE][PASSED] - Text 'Farm 2' is set on object 'Object Repository/Backoffice/match_mgmt/wala_details/input_wala_farm'

2018-11-28 08:36:30 - [TEST_STEP][PASSED] - setText: Text 'Breed 2' is set on object 'Object Repository/Backoffice/match_mgmt/wala_details/input_wala_breed'

2018-11-28 08:36:30 - [MESSAGE][PASSED] - Text 'Breed 2' is set on object 'Object Repository/Backoffice/match_mgmt/wala_details/input_wala_breed'

2018-11-28 08:36:30 - [TEST_STEP][PASSED] - setText: Text 'Weight 2' is set on object 'Object Repository/Backoffice/match_mgmt/wala_details/input_wala_weight'

2018-11-28 08:36:30 - [MESSAGE][PASSED] - Text 'Weight 2' is set on object 'Object Repository/Backoffice/match_mgmt/wala_details/input_wala_weight'

2018-11-28 08:36:30 - [TEST_STEP][PASSED] - click: Object: 'Object Repository/Backoffice/match_mgmt/input_submit_match' is clicked on

2018-11-28 08:36:33 - [MESSAGE][PASSED] - Object: 'Object Repository/Backoffice/match_mgmt/input_submit_match' is clicked on

2018-11-28 08:36:33 - [TEST_STEP][PASSED] - delay: Delayed 1 second(s)

2018-11-28 08:36:34 - [MESSAGE][PASSED] - Delayed 1 second(s)

2018-11-28 08:36:34 - [TEST_STEP][PASSED] - click: Object: 'Object Repository/Backoffice/match_mgmt/button_create_match' is clicked on

2018-11-28 08:36:34 - [MESSAGE][PASSED] - Object: 'Object Repository/Backoffice/match_mgmt/button_create_match' is clicked on

2018-11-28 08:36:34 - [TEST_STEP][PASSED] - delay: Delayed 1 second(s)

2018-11-28 08:36:35 - [MESSAGE][PASSED] - Delayed 1 second(s)

2018-11-28 08:36:35 - [TEST_STEP][PASSED] - click: Object: 'Object Repository/Backoffice/match_mgmt/span_select_arena_name' is clicked on

2018-11-28 08:36:36 - [MESSAGE][PASSED] - Object: 'Object Repository/Backoffice/match_mgmt/span_select_arena_name' is clicked on

2018-11-28 08:36:36 - [TEST_STEP][PASSED] - setText: Text 'ALIXANDRA SPORTS COMPLEX - ASC' is set on object 'Object Repository/Backoffice/match_mgmt/input__select2-search__arena_name'

2018-11-28 08:36:37 - [MESSAGE][PASSED] - Text 'ALIXANDRA SPORTS COMPLEX - ASC' is set on object 'Object Repository/Backoffice/match_mgmt/input__select2-search__arena_name'

2018-11-28 08:36:37 - [TEST_STEP][PASSED] - sendKeys: Keys 'ENTER + ' sent to object: 'Object Repository/Backoffice/match_mgmt/input__select2-search__arena_name'

2018-11-28 08:36:37 - [MESSAGE][PASSED] - Keys 'ENTER + ' sent to object: 'Object Repository/Backoffice/match_mgmt/input__select2-search__arena_name'

2018-11-28 08:36:37 - [TEST_STEP][PASSED] - setText: Text 'AA' is set on object 'Object Repository/Backoffice/match_mgmt/meron_details/input_meron_name'

2018-11-28 08:36:38 - [MESSAGE][PASSED] - Text 'AA' is set on object 'Object Repository/Backoffice/match_mgmt/meron_details/input_meron_name'

2018-11-28 08:36:38 - [TEST_STEP][PASSED] - setText: Text 'Farm 1' is set on object 'Object Repository/Backoffice/match_mgmt/meron_details/input_meron_farm'

2018-11-28 08:36:38 - [MESSAGE][PASSED] - Text 'Farm 1' is set on object 'Object Repository/Backoffice/match_mgmt/meron_details/input_meron_farm'

2018-11-28 08:36:38 - [TEST_STEP][PASSED] - setText: Text 'Breed 1' is set on object 'Object Repository/Backoffice/match_mgmt/meron_details/input_meron_breed'

2018-11-28 08:36:38 - [MESSAGE][PASSED] - Text 'Breed 1' is set on object 'Object Repository/Backoffice/match_mgmt/meron_details/input_meron_breed'

2018-11-28 08:36:38 - [TEST_STEP][PASSED] - setText: Text 'Weight 1' is set on object 'Object Repository/Backoffice/match_mgmt/meron_details/input_meron_weight'

2018-11-28 08:36:39 - [MESSAGE][PASSED] - Text 'Weight 1' is set on object 'Object Repository/Backoffice/match_mgmt/meron_details/input_meron_weight'

2018-11-28 08:36:39 - [TEST_STEP][PASSED] - setText: Text 'BB' is set on object 'Object Repository/Backoffice/match_mgmt/wala_details/input_wala_name'

2018-11-28 08:36:39 - [MESSAGE][PASSED] - Text 'BB' is set on object 'Object Repository/Backoffice/match_mgmt/wala_details/input_wala_name'

2018-11-28 08:36:39 - [TEST_STEP][PASSED] - setText: Text 'Farm 2' is set on object 'Object Repository/Backoffice/match_mgmt/wala_details/input_wala_farm'

2018-11-28 08:36:39 - [MESSAGE][PASSED] - Text 'Farm 2' is set on object 'Object Repository/Backoffice/match_mgmt/wala_details/input_wala_farm'

2018-11-28 08:36:39 - [TEST_STEP][PASSED] - setText: Text 'Breed 2' is set on object 'Object Repository/Backoffice/match_mgmt/wala_details/input_wala_breed'

2018-11-28 08:36:40 - [MESSAGE][PASSED] - Text 'Breed 2' is set on object 'Object Repository/Backoffice/match_mgmt/wala_details/input_wala_breed'

2018-11-28 08:36:40 - [TEST_STEP][PASSED] - setText: Text 'Weight 2' is set on object 'Object Repository/Backoffice/match_mgmt/wala_details/input_wala_weight'

2018-11-28 08:36:40 - [MESSAGE][PASSED] - Text 'Weight 2' is set on object 'Object Repository/Backoffice/match_mgmt/wala_details/input_wala_weight'

2018-11-28 08:36:40 - [TEST_STEP][PASSED] - click: Object: 'Object Repository/Backoffice/match_mgmt/input_submit_match' is clicked on

2018-11-28 08:36:43 - [MESSAGE][PASSED] - Object: 'Object Repository/Backoffice/match_mgmt/input_submit_match' is clicked on

2018-11-28 08:36:43 - [TEST_STEP][PASSED] - delay: Delayed 1 second(s)

2018-11-28 08:36:44 - [MESSAGE][PASSED] - Delayed 1 second(s)

2018-11-28 08:36:44 - [TEST_STEP][PASSED] - click: Object: 'Object Repository/Backoffice/match_mgmt/button_create_match' is clicked on

2018-11-28 08:36:44 - [MESSAGE][PASSED] - Object: 'Object Repository/Backoffice/match_mgmt/button_create_match' is clicked on

2018-11-28 08:36:44 - [TEST_STEP][PASSED] - delay: Delayed 1 second(s)

2018-11-28 08:36:45 - [MESSAGE][PASSED] - Delayed 1 second(s)

2018-11-28 08:36:45 - [TEST_STEP][PASSED] - click: Object: 'Object Repository/Backoffice/match_mgmt/span_select_arena_name' is clicked on

2018-11-28 08:36:45 - [MESSAGE][PASSED] - Object: 'Object Repository/Backoffice/match_mgmt/span_select_arena_name' is clicked on

2018-11-28 08:36:45 - [TEST_STEP][PASSED] - setText: Text 'ALIXANDRA SPORTS COMPLEX - ASC' is set on object 'Object Repository/Backoffice/match_mgmt/input__select2-search__arena_name'

2018-11-28 08:36:47 - [MESSAGE][PASSED] - Text 'ALIXANDRA SPORTS COMPLEX - ASC' is set on object 'Object Repository/Backoffice/match_mgmt/input__select2-search__arena_name'

2018-11-28 08:36:47 - [TEST_STEP][PASSED] - sendKeys: Keys 'ENTER + ' sent to object: 'Object Repository/Backoffice/match_mgmt/input__select2-search__arena_name'

2018-11-28 08:36:47 - [MESSAGE][PASSED] - Keys 'ENTER + ' sent to object: 'Object Repository/Backoffice/match_mgmt/input__select2-search__arena_name'

2018-11-28 08:36:47 - [TEST_STEP][PASSED] - setText: Text 'AA' is set on object 'Object Repository/Backoffice/match_mgmt/meron_details/input_meron_name'

2018-11-28 08:36:47 - [MESSAGE][PASSED] - Text 'AA' is set on object 'Object Repository/Backoffice/match_mgmt/meron_details/input_meron_name'

2018-11-28 08:36:47 - [TEST_STEP][PASSED] - setText: Text 'Farm 1' is set on object 'Object Repository/Backoffice/match_mgmt/meron_details/input_meron_farm'

2018-11-28 08:36:47 - [MESSAGE][PASSED] - Text 'Farm 1' is set on object 'Object Repository/Backoffice/match_mgmt/meron_details/input_meron_farm'

2018-11-28 08:36:47 - [TEST_STEP][PASSED] - setText: Text 'Breed 1' is set on object 'Object Repository/Backoffice/match_mgmt/meron_details/input_meron_breed'

2018-11-28 08:36:48 - [MESSAGE][PASSED] - Text 'Breed 1' is set on object 'Object Repository/Backoffice/match_mgmt/meron_details/input_meron_breed'

2018-11-28 08:36:48 - [TEST_STEP][PASSED] - setText: Text 'Weight 1' is set on object 'Object Repository/Backoffice/match_mgmt/meron_details/input_meron_weight'

2018-11-28 08:36:48 - [MESSAGE][PASSED] - Text 'Weight 1' is set on object 'Object Repository/Backoffice/match_mgmt/meron_details/input_meron_weight'

2018-11-28 08:36:48 - [TEST_STEP][PASSED] - setText: Text 'BB' is set on object 'Object Repository/Backoffice/match_mgmt/wala_details/input_wala_name'

2018-11-28 08:36:49 - [MESSAGE][PASSED] - Text 'BB' is set on object 'Object Repository/Backoffice/match_mgmt/wala_details/input_wala_name'

2018-11-28 08:36:49 - [TEST_STEP][PASSED] - setText: Text 'Farm 2' is set on object 'Object Repository/Backoffice/match_mgmt/wala_details/input_wala_farm'

2018-11-28 08:36:49 - [MESSAGE][PASSED] - Text 'Farm 2' is set on object 'Object Repository/Backoffice/match_mgmt/wala_details/input_wala_farm'

2018-11-28 08:36:49 - [TEST_STEP][PASSED] - setText: Text 'Breed 2' is set on object 'Object Repository/Backoffice/match_mgmt/wala_details/input_wala_breed'

2018-11-28 08:36:49 - [MESSAGE][PASSED] - Text 'Breed 2' is set on object 'Object Repository/Backoffice/match_mgmt/wala_details/input_wala_breed'

2018-11-28 08:36:49 - [TEST_STEP][PASSED] - setText: Text 'Weight 2' is set on object 'Object Repository/Backoffice/match_mgmt/wala_details/input_wala_weight'

2018-11-28 08:36:50 - [MESSAGE][PASSED] - Text 'Weight 2' is set on object 'Object Repository/Backoffice/match_mgmt/wala_details/input_wala_weight'

2018-11-28 08:36:50 - [TEST_STEP][PASSED] - click: Object: 'Object Repository/Backoffice/match_mgmt/input_submit_match' is clicked on

2018-11-28 08:36:53 - [MESSAGE][PASSED] - Object: 'Object Repository/Backoffice/match_mgmt/input_submit_match' is clicked on

2018-11-28 08:36:53 - [TEST_STEP][PASSED] - delay: Delayed 1 second(s)

2018-11-28 08:36:54 - [MESSAGE][PASSED] - Delayed 1 second(s)

2018-11-28 08:36:54 - [TEST_STEP][PASSED] - click: Object: 'Object Repository/Backoffice/match_mgmt/button_create_match' is clicked on

2018-11-28 08:36:54 - [MESSAGE][PASSED] - Object: 'Object Repository/Backoffice/match_mgmt/button_create_match' is clicked on

2018-11-28 08:36:54 - [TEST_STEP][PASSED] - delay: Delayed 1 second(s)

2018-11-28 08:36:55 - [MESSAGE][PASSED] - Delayed 1 second(s)

2018-11-28 08:36:55 - [TEST_STEP][PASSED] - click: Object: 'Object Repository/Backoffice/match_mgmt/span_select_arena_name' is clicked on

2018-11-28 08:36:55 - [MESSAGE][PASSED] - Object: 'Object Repository/Backoffice/match_mgmt/span_select_arena_name' is clicked on

2018-11-28 08:36:55 - [TEST_STEP][PASSED] - setText: Text 'ALIXANDRA SPORTS COMPLEX - ASC' is set on object 'Object Repository/Backoffice/match_mgmt/input__select2-search__arena_name'

2018-11-28 08:36:57 - [MESSAGE][PASSED] - Text 'ALIXANDRA SPORTS COMPLEX - ASC' is set on object 'Object Repository/Backoffice/match_mgmt/input__select2-search__arena_name'

2018-11-28 08:36:57 - [TEST_STEP][PASSED] - sendKeys: Keys 'ENTER + ' sent to object: 'Object Repository/Backoffice/match_mgmt/input__select2-search__arena_name'

2018-11-28 08:36:57 - [MESSAGE][PASSED] - Keys 'ENTER + ' sent to object: 'Object Repository/Backoffice/match_mgmt/input__select2-search__arena_name'

2018-11-28 08:36:57 - [TEST_STEP][PASSED] - setText: Text 'AA' is set on object 'Object Repository/Backoffice/match_mgmt/meron_details/input_meron_name'

2018-11-28 08:36:57 - [MESSAGE][PASSED] - Text 'AA' is set on object 'Object Repository/Backoffice/match_mgmt/meron_details/input_meron_name'

2018-11-28 08:36:57 - [TEST_STEP][PASSED] - setText: Text 'Farm 1' is set on object 'Object Repository/Backoffice/match_mgmt/meron_details/input_meron_farm'

2018-11-28 08:36:58 - [MESSAGE][PASSED] - Text 'Farm 1' is set on object 'Object Repository/Backoffice/match_mgmt/meron_details/input_meron_farm'

2018-11-28 08:36:58 - [TEST_STEP][PASSED] - setText: Text 'Breed 1' is set on object 'Object Repository/Backoffice/match_mgmt/meron_details/input_meron_breed'

2018-11-28 08:36:58 - [MESSAGE][PASSED] - Text 'Breed 1' is set on object 'Object Repository/Backoffice/match_mgmt/meron_details/input_meron_breed'

2018-11-28 08:36:58 - [TEST_STEP][PASSED] - setText: Text 'Weight 1' is set on object 'Object Repository/Backoffice/match_mgmt/meron_details/input_meron_weight'

2018-11-28 08:36:58 - [MESSAGE][PASSED] - Text 'Weight 1' is set on object 'Object Repository/Backoffice/match_mgmt/meron_details/input_meron_weight'

2018-11-28 08:36:58 - [TEST_STEP][PASSED] - setText: Text 'BB' is set on object 'Object Repository/Backoffice/match_mgmt/wala_details/input_wala_name'

2018-11-28 08:36:59 - [MESSAGE][PASSED] - Text 'BB' is set on object 'Object Repository/Backoffice/match_mgmt/wala_details/input_wala_name'

2018-11-28 08:36:59 - [TEST_STEP][PASSED] - setText: Text 'Farm 2' is set on object 'Object Repository/Backoffice/match_mgmt/wala_details/input_wala_farm'

2018-11-28 08:36:59 - [MESSAGE][PASSED] - Text 'Farm 2' is set on object 'Object Repository/Backoffice/match_mgmt/wala_details/input_wala_farm'

2018-11-28 08:36:59 - [TEST_STEP][PASSED] - setText: Text 'Breed 2' is set on object 'Object Repository/Backoffice/match_mgmt/wala_details/input_wala_breed'

2018-11-28 08:36:59 - [MESSAGE][PASSED] - Text 'Breed 2' is set on object 'Object Repository/Backoffice/match_mgmt/wala_details/input_wala_breed'

2018-11-28 08:36:59 - [TEST_STEP][PASSED] - setText: Text 'Weight 2' is set on object 'Object Repository/Backoffice/match_mgmt/wala_details/input_wala_weight'

2018-11-28 08:37:00 - [MESSAGE][PASSED] - Text 'Weight 2' is set on object 'Object Repository/Backoffice/match_mgmt/wala_details/input_wala_weight'

2018-11-28 08:37:00 - [TEST_STEP][PASSED] - click: Object: 'Object Repository/Backoffice/match_mgmt/input_submit_match' is clicked on

2018-11-28 08:37:03 - [MESSAGE][PASSED] - Object: 'Object Repository/Backoffice/match_mgmt/input_submit_match' is clicked on

2018-11-28 08:37:03 - [TEST_STEP][PASSED] - delay: Delayed 1 second(s)

2018-11-28 08:37:04 - [MESSAGE][PASSED] - Delayed 1 second(s)

2018-11-28 08:37:04 - [TEST_STEP][PASSED] - click: Object: 'Object Repository/Backoffice/match_mgmt/button_create_match' is clicked on

2018-11-28 08:37:04 - [MESSAGE][PASSED] - Object: 'Object Repository/Backoffice/match_mgmt/button_create_match' is clicked on

2018-11-28 08:37:04 - [TEST_STEP][PASSED] - delay: Delayed 1 second(s)

2018-11-28 08:37:05 - [MESSAGE][PASSED] - Delayed 1 second(s)

2018-11-28 08:37:05 - [TEST_STEP][PASSED] - click: Object: 'Object Repository/Backoffice/match_mgmt/span_select_arena_name' is clicked on

2018-11-28 08:37:05 - [MESSAGE][PASSED] - Object: 'Object Repository/Backoffice/match_mgmt/span_select_arena_name' is clicked on

2018-11-28 08:37:05 - [TEST_STEP][PASSED] - setText: Text 'ALIXANDRA SPORTS COMPLEX - ASC' is set on object 'Object Repository/Backoffice/match_mgmt/input__select2-search__arena_name'

2018-11-28 08:37:07 - [MESSAGE][PASSED] - Text 'ALIXANDRA SPORTS COMPLEX - ASC' is set on object 'Object Repository/Backoffice/match_mgmt/input__select2-search__arena_name'

2018-11-28 08:37:07 - [TEST_STEP][PASSED] - sendKeys: Keys 'ENTER + ' sent to object: 'Object Repository/Backoffice/match_mgmt/input__select2-search__arena_name'

2018-11-28 08:37:07 - [MESSAGE][PASSED] - Keys 'ENTER + ' sent to object: 'Object Repository/Backoffice/match_mgmt/input__select2-search__arena_name'

2018-11-28 08:37:07 - [TEST_STEP][PASSED] - setText: Text 'AA' is set on object 'Object Repository/Backoffice/match_mgmt/meron_details/input_meron_name'

2018-11-28 08:37:07 - [MESSAGE][PASSED] - Text 'AA' is set on object 'Object Repository/Backoffice/match_mgmt/meron_details/input_meron_name'

2018-11-28 08:37:07 - [TEST_STEP][PASSED] - setText: Text 'Farm 1' is set on object 'Object Repository/Backoffice/match_mgmt/meron_details/input_meron_farm'

2018-11-28 08:37:08 - [MESSAGE][PASSED] - Text 'Farm 1' is set on object 'Object Repository/Backoffice/match_mgmt/meron_details/input_meron_farm'

2018-11-28 08:37:08 - [TEST_STEP][PASSED] - setText: Text 'Breed 1' is set on object 'Object Repository/Backoffice/match_mgmt/meron_details/input_meron_breed'

2018-11-28 08:37:08 - [MESSAGE][PASSED] - Text 'Breed 1' is set on object 'Object Repository/Backoffice/match_mgmt/meron_details/input_meron_breed'

2018-11-28 08:37:08 - [TEST_STEP][PASSED] - setText: Text 'Weight 1' is set on object 'Object Repository/Backoffice/match_mgmt/meron_details/input_meron_weight'

2018-11-28 08:37:08 - [MESSAGE][PASSED] - Text 'Weight 1' is set on object 'Object Repository/Backoffice/match_mgmt/meron_details/input_meron_weight'

2018-11-28 08:37:08 - [TEST_STEP][PASSED] - setText: Text 'BB' is set on object 'Object Repository/Backoffice/match_mgmt/wala_details/input_wala_name'

2018-11-28 08:37:09 - [MESSAGE][PASSED] - Text 'BB' is set on object 'Object Repository/Backoffice/match_mgmt/wala_details/input_wala_name'

2018-11-28 08:37:09 - [TEST_STEP][PASSED] - setText: Text 'Farm 2' is set on object 'Object Repository/Backoffice/match_mgmt/wala_details/input_wala_farm'

2018-11-28 08:37:09 - [MESSAGE][PASSED] - Text 'Farm 2' is set on object 'Object Repository/Backoffice/match_mgmt/wala_details/input_wala_farm'

2018-11-28 08:37:09 - [TEST_STEP][PASSED] - setText: Text 'Breed 2' is set on object 'Object Repository/Backoffice/match_mgmt/wala_details/input_wala_breed'

2018-11-28 08:37:10 - [MESSAGE][PASSED] - Text 'Breed 2' is set on object 'Object Repository/Backoffice/match_mgmt/wala_details/input_wala_breed'

2018-11-28 08:37:10 - [TEST_STEP][PASSED] - setText: Text 'Weight 2' is set on object 'Object Repository/Backoffice/match_mgmt/wala_details/input_wala_weight'

2018-11-28 08:37:10 - [MESSAGE][PASSED] - Text 'Weight 2' is set on object 'Object Repository/Backoffice/match_mgmt/wala_details/input_wala_weight'

2018-11-28 08:37:10 - [TEST_STEP][PASSED] - click: Object: 'Object Repository/Backoffice/match_mgmt/input_submit_match' is clicked on

2018-11-28 08:37:13 - [MESSAGE][PASSED] - Object: 'Object Repository/Backoffice/match_mgmt/input_submit_match' is clicked on

2018-11-28 08:37:13 - [TEST_STEP][PASSED] - delay: Delayed 1 second(s)

2018-11-28 08:37:14 - [MESSAGE][PASSED] - Delayed 1 second(s)

2018-11-28 08:37:14 - [TEST_STEP][PASSED] - click: Object: 'Object Repository/Backoffice/match_mgmt/button_create_match' is clicked on

2018-11-28 08:37:14 - [MESSAGE][PASSED] - Object: 'Object Repository/Backoffice/match_mgmt/button_create_match' is clicked on

2018-11-28 08:37:14 - [TEST_STEP][PASSED] - delay: Delayed 1 second(s)

2018-11-28 08:37:15 - [MESSAGE][PASSED] - Delayed 1 second(s)

2018-11-28 08:37:15 - [TEST_STEP][PASSED] - click: Object: 'Object Repository/Backoffice/match_mgmt/span_select_arena_name' is clicked on

2018-11-28 08:37:15 - [MESSAGE][PASSED] - Object: 'Object Repository/Backoffice/match_mgmt/span_select_arena_name' is clicked on

2018-11-28 08:37:15 - [TEST_STEP][PASSED] - setText: Text 'ALIXANDRA SPORTS COMPLEX - ASC' is set on object 'Object Repository/Backoffice/match_mgmt/input__select2-search__arena_name'

2018-11-28 08:37:17 - [MESSAGE][PASSED] - Text 'ALIXANDRA SPORTS COMPLEX - ASC' is set on object 'Object Repository/Backoffice/match_mgmt/input__select2-search__arena_name'

2018-11-28 08:37:17 - [TEST_STEP][PASSED] - sendKeys: Keys 'ENTER + ' sent to object: 'Object Repository/Backoffice/match_mgmt/input__select2-search__arena_name'

2018-11-28 08:37:17 - [MESSAGE][PASSED] - Keys 'ENTER + ' sent to object: 'Object Repository/Backoffice/match_mgmt/input__select2-search__arena_name'

2018-11-28 08:37:17 - [TEST_STEP][PASSED] - setText: Text 'AA' is set on object 'Object Repository/Backoffice/match_mgmt/meron_details/input_meron_name'

2018-11-28 08:37:18 - [MESSAGE][PASSED] - Text 'AA' is set on object 'Object Repository/Backoffice/match_mgmt/meron_details/input_meron_name'

2018-11-28 08:37:18 - [TEST_STEP][PASSED] - setText: Text 'Farm 1' is set on object 'Object Repository/Backoffice/match_mgmt/meron_details/input_meron_farm'

2018-11-28 08:37:18 - [MESSAGE][PASSED] - Text 'Farm 1' is set on object 'Object Repository/Backoffice/match_mgmt/meron_details/input_meron_farm'

2018-11-28 08:37:18 - [TEST_STEP][PASSED] - setText: Text 'Breed 1' is set on object 'Object Repository/Backoffice/match_mgmt/meron_details/input_meron_breed'

2018-11-28 08:37:18 - [MESSAGE][PASSED] - Text 'Breed 1' is set on object 'Object Repository/Backoffice/match_mgmt/meron_details/input_meron_breed'

2018-11-28 08:37:18 - [TEST_STEP][PASSED] - setText: Text 'Weight 1' is set on object 'Object Repository/Backoffice/match_mgmt/meron_details/input_meron_weight'

2018-11-28 08:37:19 - [MESSAGE][PASSED] - Text 'Weight 1' is set on object 'Object Repository/Backoffice/match_mgmt/meron_details/input_meron_weight'

2018-11-28 08:37:19 - [TEST_STEP][PASSED] - setText: Text 'BB' is set on object 'Object Repository/Backoffice/match_mgmt/wala_details/input_wala_name'

2018-11-28 08:37:19 - [MESSAGE][PASSED] - Text 'BB' is set on object 'Object Repository/Backoffice/match_mgmt/wala_details/input_wala_name'

2018-11-28 08:37:19 - [TEST_STEP][PASSED] - setText: Text 'Farm 2' is set on object 'Object Repository/Backoffice/match_mgmt/wala_details/input_wala_farm'

2018-11-28 08:37:19 - [MESSAGE][PASSED] - Text 'Farm 2' is set on object 'Object Repository/Backoffice/match_mgmt/wala_details/input_wala_farm'

2018-11-28 08:37:19 - [TEST_STEP][PASSED] - setText: Text 'Breed 2' is set on object 'Object Repository/Backoffice/match_mgmt/wala_details/input_wala_breed'

2018-11-28 08:37:20 - [MESSAGE][PASSED] - Text 'Breed 2' is set on object 'Object Repository/Backoffice/match_mgmt/wala_details/input_wala_breed'

2018-11-28 08:37:20 - [TEST_STEP][PASSED] - setText: Text 'Weight 2' is set on object 'Object Repository/Backoffice/match_mgmt/wala_details/input_wala_weight'

2018-11-28 08:37:20 - [MESSAGE][PASSED] - Text 'Weight 2' is set on object 'Object Repository/Backoffice/match_mgmt/wala_details/input_wala_weight'

2018-11-28 08:37:20 - [TEST_STEP][PASSED] - click: Object: 'Object Repository/Backoffice/match_mgmt/input_submit_match' is clicked on

2018-11-28 08:37:23 - [MESSAGE][PASSED] - Object: 'Object Repository/Backoffice/match_mgmt/input_submit_match' is clicked on

2018-11-28 08:37:23 - [TEST_STEP][PASSED] - delay: Delayed 1 second(s)

2018-11-28 08:37:24 - [MESSAGE][PASSED] - Delayed 1 second(s)

2018-11-28 08:37:24 - [TEST_STEP][PASSED] - click: Object: 'Object Repository/Backoffice/match_mgmt/button_create_match' is clicked on

2018-11-28 08:37:24 - [MESSAGE][PASSED] - Object: 'Object Repository/Backoffice/match_mgmt/button_create_match' is clicked on

2018-11-28 08:37:24 - [TEST_STEP][PASSED] - delay: Delayed 1 second(s)

2018-11-28 08:37:25 - [MESSAGE][PASSED] - Delayed 1 second(s)

2018-11-28 08:37:25 - [TEST_STEP][PASSED] - click: Object: 'Object Repository/Backoffice/match_mgmt/span_select_arena_name' is clicked on

2018-11-28 08:37:25 - [MESSAGE][PASSED] - Object: 'Object Repository/Backoffice/match_mgmt/span_select_arena_name' is clicked on

2018-11-28 08:37:25 - [TEST_STEP][PASSED] - setText: Text 'ALIXANDRA SPORTS COMPLEX - ASC' is set on object 'Object Repository/Backoffice/match_mgmt/input__select2-search__arena_name'

2018-11-28 08:37:27 - [MESSAGE][PASSED] - Text 'ALIXANDRA SPORTS COMPLEX - ASC' is set on object 'Object Repository/Backoffice/match_mgmt/input__select2-search__arena_name'

2018-11-28 08:37:27 - [TEST_STEP][PASSED] - sendKeys: Keys 'ENTER + ' sent to object: 'Object Repository/Backoffice/match_mgmt/input__select2-search__arena_name'

2018-11-28 08:37:27 - [MESSAGE][PASSED] - Keys 'ENTER + ' sent to object: 'Object Repository/Backoffice/match_mgmt/input__select2-search__arena_name'

2018-11-28 08:37:27 - [TEST_STEP][PASSED] - setText: Text 'AA' is set on object 'Object Repository/Backoffice/match_mgmt/meron_details/input_meron_name'

2018-11-28 08:37:27 - [MESSAGE][PASSED] - Text 'AA' is set on object 'Object Repository/Backoffice/match_mgmt/meron_details/input_meron_name'

2018-11-28 08:37:27 - [TEST_STEP][PASSED] - setText: Text 'Farm 1' is set on object 'Object Repository/Backoffice/match_mgmt/meron_details/input_meron_farm'

2018-11-28 08:37:28 - [MESSAGE][PASSED] - Text 'Farm 1' is set on object 'Object Repository/Backoffice/match_mgmt/meron_details/input_meron_farm'

2018-11-28 08:37:28 - [TEST_STEP][PASSED] - setText: Text 'Breed 1' is set on object 'Object Repository/Backoffice/match_mgmt/meron_details/input_meron_breed'

2018-11-28 08:37:28 - [MESSAGE][PASSED] - Text 'Breed 1' is set on object 'Object Repository/Backoffice/match_mgmt/meron_details/input_meron_breed'

2018-11-28 08:37:28 - [TEST_STEP][PASSED] - setText: Text 'Weight 1' is set on object 'Object Repository/Backoffice/match_mgmt/meron_details/input_meron_weight'

2018-11-28 08:37:28 - [MESSAGE][PASSED] - Text 'Weight 1' is set on object 'Object Repository/Backoffice/match_mgmt/meron_details/input_meron_weight'

2018-11-28 08:37:28 - [TEST_STEP][PASSED] - setText: Text 'BB' is set on object 'Object Repository/Backoffice/match_mgmt/wala_details/input_wala_name'

2018-11-28 08:37:29 - [MESSAGE][PASSED] - Text 'BB' is set on object 'Object Repository/Backoffice/match_mgmt/wala_details/input_wala_name'

2018-11-28 08:37:29 - [TEST_STEP][PASSED] - setText: Text 'Farm 2' is set on object 'Object Repository/Backoffice/match_mgmt/wala_details/input_wala_farm'

2018-11-28 08:37:29 - [MESSAGE][PASSED] - Text 'Farm 2' is set on object 'Object Repository/Backoffice/match_mgmt/wala_details/input_wala_farm'

2018-11-28 08:37:29 - [TEST_STEP][PASSED] - setText: Text 'Breed 2' is set on object 'Object Repository/Backoffice/match_mgmt/wala_details/input_wala_breed'

2018-11-28 08:37:29 - [MESSAGE][PASSED] - Text 'Breed 2' is set on object 'Object Repository/Backoffice/match_mgmt/wala_details/input_wala_breed'

2018-11-28 08:37:29 - [TEST_STEP][PASSED] - setText: Text 'Weight 2' is set on object 'Object Repository/Backoffice/match_mgmt/wala_details/input_wala_weight'

2018-11-28 08:37:30 - [MESSAGE][PASSED] - Text 'Weight 2' is set on object 'Object Repository/Backoffice/match_mgmt/wala_details/input_wala_weight'

2018-11-28 08:37:30 - [TEST_STEP][PASSED] - click: Object: 'Object Repository/Backoffice/match_mgmt/input_submit_match' is clicked on

2018-11-28 08:37:33 - [MESSAGE][PASSED] - Object: 'Object Repository/Backoffice/match_mgmt/input_submit_match' is clicked on

2018-11-28 08:37:33 - [TEST_STEP][PASSED] - delay: Delayed 1 second(s)

2018-11-28 08:37:34 - [MESSAGE][PASSED] - Delayed 1 second(s)

2018-11-28 08:37:34 - [TEST_STEP][PASSED] - click: Object: 'Object Repository/Backoffice/match_mgmt/button_create_match' is clicked on

2018-11-28 08:37:34 - [MESSAGE][PASSED] - Object: 'Object Repository/Backoffice/match_mgmt/button_create_match' is clicked on

2018-11-28 08:37:34 - [TEST_STEP][PASSED] - delay: Delayed 1 second(s)

2018-11-28 08:37:35 - [MESSAGE][PASSED] - Delayed 1 second(s)

2018-11-28 08:37:35 - [TEST_STEP][PASSED] - click: Object: 'Object Repository/Backoffice/match_mgmt/span_select_arena_name' is clicked on

2018-11-28 08:37:35 - [MESSAGE][PASSED] - Object: 'Object Repository/Backoffice/match_mgmt/span_select_arena_name' is clicked on

2018-11-28 08:37:35 - [TEST_STEP][PASSED] - setText: Text 'ALIXANDRA SPORTS COMPLEX - ASC' is set on object 'Object Repository/Backoffice/match_mgmt/input__select2-search__arena_name'

2018-11-28 08:37:37 - [MESSAGE][PASSED] - Text 'ALIXANDRA SPORTS COMPLEX - ASC' is set on object 'Object Repository/Backoffice/match_mgmt/input__select2-search__arena_name'

2018-11-28 08:37:37 - [TEST_STEP][PASSED] - sendKeys: Keys 'ENTER + ' sent to object: 'Object Repository/Backoffice/match_mgmt/input__select2-search__arena_name'

2018-11-28 08:37:37 - [MESSAGE][PASSED] - Keys 'ENTER + ' sent to object: 'Object Repository/Backoffice/match_mgmt/input__select2-search__arena_name'

2018-11-28 08:37:37 - [TEST_STEP][PASSED] - setText: Text 'AA' is set on object 'Object Repository/Backoffice/match_mgmt/meron_details/input_meron_name'

2018-11-28 08:37:37 - [MESSAGE][PASSED] - Text 'AA' is set on object 'Object Repository/Backoffice/match_mgmt/meron_details/input_meron_name'

2018-11-28 08:37:37 - [TEST_STEP][PASSED] - setText: Text 'Farm 1' is set on object 'Object Repository/Backoffice/match_mgmt/meron_details/input_meron_farm'

2018-11-28 08:37:38 - [MESSAGE][PASSED] - Text 'Farm 1' is set on object 'Object Repository/Backoffice/match_mgmt/meron_details/input_meron_farm'

2018-11-28 08:37:38 - [TEST_STEP][PASSED] - setText: Text 'Breed 1' is set on object 'Object Repository/Backoffice/match_mgmt/meron_details/input_meron_breed'

2018-11-28 08:37:38 - [MESSAGE][PASSED] - Text 'Breed 1' is set on object 'Object Repository/Backoffice/match_mgmt/meron_details/input_meron_breed'

2018-11-28 08:37:38 - [TEST_STEP][PASSED] - setText: Text 'Weight 1' is set on object 'Object Repository/Backoffice/match_mgmt/meron_details/input_meron_weight'

2018-11-28 08:37:39 - [MESSAGE][PASSED] - Text 'Weight 1' is set on object 'Object Repository/Backoffice/match_mgmt/meron_details/input_meron_weight'

2018-11-28 08:37:39 - [TEST_STEP][PASSED] - setText: Text 'BB' is set on object 'Object Repository/Backoffice/match_mgmt/wala_details/input_wala_name'

2018-11-28 08:37:39 - [MESSAGE][PASSED] - Text 'BB' is set on object 'Object Repository/Backoffice/match_mgmt/wala_details/input_wala_name'

2018-11-28 08:37:39 - [TEST_STEP][PASSED] - setText: Text 'Farm 2' is set on object 'Object Repository/Backoffice/match_mgmt/wala_details/input_wala_farm'

2018-11-28 08:37:39 - [MESSAGE][PASSED] - Text 'Farm 2' is set on object 'Object Repository/Backoffice/match_mgmt/wala_details/input_wala_farm'

2018-11-28 08:37:39 - [TEST_STEP][PASSED] - setText: Text 'Breed 2' is set on object 'Object Repository/Backoffice/match_mgmt/wala_details/input_wala_breed'

2018-11-28 08:37:40 - [MESSAGE][PASSED] - Text 'Breed 2' is set on object 'Object Repository/Backoffice/match_mgmt/wala_details/input_wala_breed'

2018-11-28 08:37:40 - [TEST_STEP][PASSED] - setText: Text 'Weight 2' is set on object 'Object Repository/Backoffice/match_mgmt/wala_details/input_wala_weight'

2018-11-28 08:37:40 - [MESSAGE][PASSED] - Text 'Weight 2' is set on object 'Object Repository/Backoffice/match_mgmt/wala_details/input_wala_weight'

2018-11-28 08:37:40 - [TEST_STEP][PASSED] - click: Object: 'Object Repository/Backoffice/match_mgmt/input_submit_match' is clicked on

2018-11-28 08:37:43 - [MESSAGE][PASSED] - Object: 'Object Repository/Backoffice/match_mgmt/input_submit_match' is clicked on

2018-11-28 08:37:43 - [TEST_STEP][PASSED] - delay: Delayed 1 second(s)

2018-11-28 08:37:44 - [MESSAGE][PASSED] - Delayed 1 second(s)

2018-11-28 08:37:44 - [TEST_STEP][PASSED] - click: Object: 'Object Repository/Backoffice/match_mgmt/button_create_match' is clicked on

2018-11-28 08:37:44 - [MESSAGE][PASSED] - Object: 'Object Repository/Backoffice/match_mgmt/button_create_match' is clicked on

2018-11-28 08:37:44 - [TEST_STEP][PASSED] - delay: Delayed 1 second(s)

2018-11-28 08:37:45 - [MESSAGE][PASSED] - Delayed 1 second(s)

2018-11-28 08:37:45 - [TEST_STEP][PASSED] - click: Object: 'Object Repository/Backoffice/match_mgmt/span_select_arena_name' is clicked on

2018-11-28 08:37:46 - [MESSAGE][PASSED] - Object: 'Object Repository/Backoffice/match_mgmt/span_select_arena_name' is clicked on

2018-11-28 08:37:46 - [TEST_STEP][PASSED] - setText: Text 'ALIXANDRA SPORTS COMPLEX - ASC' is set on object 'Object Repository/Backoffice/match_mgmt/input__select2-search__arena_name'

2018-11-28 08:37:47 - [MESSAGE][PASSED] - Text 'ALIXANDRA SPORTS COMPLEX - ASC' is set on object 'Object Repository/Backoffice/match_mgmt/input__select2-search__arena_name'

2018-11-28 08:37:47 - [TEST_STEP][PASSED] - sendKeys: Keys 'ENTER + ' sent to object: 'Object Repository/Backoffice/match_mgmt/input__select2-search__arena_name'

2018-11-28 08:37:47 - [MESSAGE][PASSED] - Keys 'ENTER + ' sent to object: 'Object Repository/Backoffice/match_mgmt/input__select2-search__arena_name'

2018-11-28 08:37:47 - [TEST_STEP][PASSED] - setText: Text 'AA' is set on object 'Object Repository/Backoffice/match_mgmt/meron_details/input_meron_name'

2018-11-28 08:37:48 - [MESSAGE][PASSED] - Text 'AA' is set on object 'Object Repository/Backoffice/match_mgmt/meron_details/input_meron_name'

2018-11-28 08:37:48 - [TEST_STEP][PASSED] - setText: Text 'Farm 1' is set on object 'Object Repository/Backoffice/match_mgmt/meron_details/input_meron_farm'

2018-11-28 08:37:48 - [MESSAGE][PASSED] - Text 'Farm 1' is set on object 'Object Repository/Backoffice/match_mgmt/meron_details/input_meron_farm'

2018-11-28 08:37:48 - [TEST_STEP][PASSED] - setText: Text 'Breed 1' is set on object 'Object Repository/Backoffice/match_mgmt/meron_details/input_meron_breed'

2018-11-28 08:37:48 - [MESSAGE][PASSED] - Text 'Breed 1' is set on object 'Object Repository/Backoffice/match_mgmt/meron_details/input_meron_breed'

2018-11-28 08:37:48 - [TEST_STEP][PASSED] - setText: Text 'Weight 1' is set on object 'Object Repository/Backoffice/match_mgmt/meron_details/input_meron_weight'

2018-11-28 08:37:49 - [MESSAGE][PASSED] - Text 'Weight 1' is set on object 'Object Repository/Backoffice/match_mgmt/meron_details/input_meron_weight'

2018-11-28 08:37:49 - [TEST_STEP][PASSED] - setText: Text 'BB' is set on object 'Object Repository/Backoffice/match_mgmt/wala_details/input_wala_name'

2018-11-28 08:37:49 - [MESSAGE][PASSED] - Text 'BB' is set on object 'Object Repository/Backoffice/match_mgmt/wala_details/input_wala_name'

2018-11-28 08:37:49 - [TEST_STEP][PASSED] - setText: Text 'Farm 2' is set on object 'Object Repository/Backoffice/match_mgmt/wala_details/input_wala_farm'

2018-11-28 08:37:50 - [MESSAGE][PASSED] - Text 'Farm 2' is set on object 'Object Repository/Backoffice/match_mgmt/wala_details/input_wala_farm'

2018-11-28 08:37:50 - [TEST_STEP][PASSED] - setText: Text 'Breed 2' is set on object 'Object Repository/Backoffice/match_mgmt/wala_details/input_wala_breed'

2018-11-28 08:37:50 - [MESSAGE][PASSED] - Text 'Breed 2' is set on object 'Object Repository/Backoffice/match_mgmt/wala_details/input_wala_breed'

2018-11-28 08:37:50 - [TEST_STEP][PASSED] - setText: Text 'Weight 2' is set on object 'Object Repository/Backoffice/match_mgmt/wala_details/input_wala_weight'

2018-11-28 08:37:50 - [MESSAGE][PASSED] - Text 'Weight 2' is set on object 'Object Repository/Backoffice/match_mgmt/wala_details/input_wala_weight'

2018-11-28 08:37:50 - [TEST_STEP][PASSED] - click: Object: 'Object Repository/Backoffice/match_mgmt/input_submit_match' is clicked on

2018-11-28 08:37:53 - [MESSAGE][PASSED] - Object: 'Object Repository/Backoffice/match_mgmt/input_submit_match' is clicked on

2018-11-28 08:37:53 - [TEST_STEP][PASSED] - delay: Delayed 1 second(s)

2018-11-28 08:37:54 - [MESSAGE][PASSED] - Delayed 1 second(s)

2018-11-28 08:37:54 - [TEST_STEP][PASSED] - click: Object: 'Object Repository/Backoffice/match_mgmt/button_create_match' is clicked on

2018-11-28 08:37:54 - [MESSAGE][PASSED] - Object: 'Object Repository/Backoffice/match_mgmt/button_create_match' is clicked on

2018-11-28 08:37:54 - [TEST_STEP][PASSED] - delay: Delayed 1 second(s)

2018-11-28 08:37:55 - [MESSAGE][PASSED] - Delayed 1 second(s)

2018-11-28 08:37:55 - [TEST_STEP][PASSED] - click: Object: 'Object Repository/Backoffice/match_mgmt/span_select_arena_name' is clicked on

2018-11-28 08:37:56 - [MESSAGE][PASSED] - Object: 'Object Repository/Backoffice/match_mgmt/span_select_arena_name' is clicked on

2018-11-28 08:37:56 - [TEST_STEP][PASSED] - setText: Text 'ALIXANDRA SPORTS COMPLEX - ASC' is set on object 'Object Repository/Backoffice/match_mgmt/input__select2-search__arena_name'

2018-11-28 08:37:57 - [MESSAGE][PASSED] - Text 'ALIXANDRA SPORTS COMPLEX - ASC' is set on object 'Object Repository/Backoffice/match_mgmt/input__select2-search__arena_name'

2018-11-28 08:37:57 - [TEST_STEP][PASSED] - sendKeys: Keys 'ENTER + ' sent to object: 'Object Repository/Backoffice/match_mgmt/input__select2-search__arena_name'

2018-11-28 08:37:58 - [MESSAGE][PASSED] - Keys 'ENTER + ' sent to object: 'Object Repository/Backoffice/match_mgmt/input__select2-search__arena_name'

2018-11-28 08:37:58 - [TEST_STEP][PASSED] - setText: Text 'AA' is set on object 'Object Repository/Backoffice/match_mgmt/meron_details/input_meron_name'

2018-11-28 08:37:58 - [MESSAGE][PASSED] - Text 'AA' is set on object 'Object Repository/Backoffice/match_mgmt/meron_details/input_meron_name'

2018-11-28 08:37:58 - [TEST_STEP][PASSED] - setText: Text 'Farm 1' is set on object 'Object Repository/Backoffice/match_mgmt/meron_details/input_meron_farm'

2018-11-28 08:37:58 - [MESSAGE][PASSED] - Text 'Farm 1' is set on object 'Object Repository/Backoffice/match_mgmt/meron_details/input_meron_farm'

2018-11-28 08:37:58 - [TEST_STEP][PASSED] - setText: Text 'Breed 1' is set on object 'Object Repository/Backoffice/match_mgmt/meron_details/input_meron_breed'

2018-11-28 08:37:59 - [MESSAGE][PASSED] - Text 'Breed 1' is set on object 'Object Repository/Backoffice/match_mgmt/meron_details/input_meron_breed'

2018-11-28 08:37:59 - [TEST_STEP][PASSED] - setText: Text 'Weight 1' is set on object 'Object Repository/Backoffice/match_mgmt/meron_details/input_meron_weight'

2018-11-28 08:37:59 - [MESSAGE][PASSED] - Text 'Weight 1' is set on object 'Object Repository/Backoffice/match_mgmt/meron_details/input_meron_weight'

2018-11-28 08:37:59 - [TEST_STEP][PASSED] - setText: Text 'BB' is set on object 'Object Repository/Backoffice/match_mgmt/wala_details/input_wala_name'

2018-11-28 08:37:59 - [MESSAGE][PASSED] - Text 'BB' is set on object 'Object Repository/Backoffice/match_mgmt/wala_details/input_wala_name'

2018-11-28 08:37:59 - [TEST_STEP][PASSED] - setText: Text 'Farm 2' is set on object 'Object Repository/Backoffice/match_mgmt/wala_details/input_wala_farm'

2018-11-28 08:38:00 - [MESSAGE][PASSED] - Text 'Farm 2' is set on object 'Object Repository/Backoffice/match_mgmt/wala_details/input_wala_farm'

2018-11-28 08:38:00 - [TEST_STEP][PASSED] - setText: Text 'Breed 2' is set on object 'Object Repository/Backoffice/match_mgmt/wala_details/input_wala_breed'

2018-11-28 08:38:00 - [MESSAGE][PASSED] - Text 'Breed 2' is set on object 'Object Repository/Backoffice/match_mgmt/wala_details/input_wala_breed'

2018-11-28 08:38:00 - [TEST_STEP][PASSED] - setText: Text 'Weight 2' is set on object 'Object Repository/Backoffice/match_mgmt/wala_details/input_wala_weight'

2018-11-28 08:38:00 - [MESSAGE][PASSED] - Text 'Weight 2' is set on object 'Object Repository/Backoffice/match_mgmt/wala_details/input_wala_weight'

2018-11-28 08:38:00 - [TEST_STEP][PASSED] - click: Object: 'Object Repository/Backoffice/match_mgmt/input_submit_match' is clicked on

2018-11-28 08:38:04 - [MESSAGE][PASSED] - Object: 'Object Repository/Backoffice/match_mgmt/input_submit_match' is clicked on

2018-11-28 08:38:04 - [TEST_STEP][PASSED] - delay: Delayed 1 second(s)

2018-11-28 08:38:05 - [MESSAGE][PASSED] - Delayed 1 second(s)

2018-11-28 08:38:05 - [TEST_STEP][PASSED] - click: Object: 'Object Repository/Backoffice/match_mgmt/button_create_match' is clicked on

2018-11-28 08:38:05 - [MESSAGE][PASSED] - Object: 'Object Repository/Backoffice/match_mgmt/button_create_match' is clicked on

2018-11-28 08:38:05 - [TEST_STEP][PASSED] - delay: Delayed 1 second(s)

2018-11-28 08:38:06 - [MESSAGE][PASSED] - Delayed 1 second(s)

2018-11-28 08:38:06 - [TEST_STEP][PASSED] - click: Object: 'Object Repository/Backoffice/match_mgmt/span_select_arena_name' is clicked on

2018-11-28 08:38:06 - [MESSAGE][PASSED] - Object: 'Object Repository/Backoffice/match_mgmt/span_select_arena_name' is clicked on

2018-11-28 08:38:06 - [TEST_STEP][PASSED] - setText: Text 'ALIXANDRA SPORTS COMPLEX - ASC' is set on object 'Object Repository/Backoffice/match_mgmt/input__select2-search__arena_name'

2018-11-28 08:38:08 - [MESSAGE][PASSED] - Text 'ALIXANDRA SPORTS COMPLEX - ASC' is set on object 'Object Repository/Backoffice/match_mgmt/input__select2-search__arena_name'

2018-11-28 08:38:08 - [TEST_STEP][PASSED] - sendKeys: Keys 'ENTER + ' sent to object: 'Object Repository/Backoffice/match_mgmt/input__select2-search__arena_name'

2018-11-28 08:38:08 - [MESSAGE][PASSED] - Keys 'ENTER + ' sent to object: 'Object Repository/Backoffice/match_mgmt/input__select2-search__arena_name'

2018-11-28 08:38:08 - [TEST_STEP][PASSED] - setText: Text 'AA' is set on object 'Object Repository/Backoffice/match_mgmt/meron_details/input_meron_name'

2018-11-28 08:38:08 - [MESSAGE][PASSED] - Text 'AA' is set on object 'Object Repository/Backoffice/match_mgmt/meron_details/input_meron_name'

2018-11-28 08:38:08 - [TEST_STEP][PASSED] - setText: Text 'Farm 1' is set on object 'Object Repository/Backoffice/match_mgmt/meron_details/input_meron_farm'

2018-11-28 08:38:08 - [MESSAGE][PASSED] - Text 'Farm 1' is set on object 'Object Repository/Backoffice/match_mgmt/meron_details/input_meron_farm'

2018-11-28 08:38:08 - [TEST_STEP][PASSED] - setText: Text 'Breed 1' is set on object 'Object Repository/Backoffice/match_mgmt/meron_details/input_meron_breed'

2018-11-28 08:38:09 - [MESSAGE][PASSED] - Text 'Breed 1' is set on object 'Object Repository/Backoffice/match_mgmt/meron_details/input_meron_breed'

2018-11-28 08:38:09 - [TEST_STEP][PASSED] - setText: Text 'Weight 1' is set on object 'Object Repository/Backoffice/match_mgmt/meron_details/input_meron_weight'

2018-11-28 08:38:09 - [MESSAGE][PASSED] - Text 'Weight 1' is set on object 'Object Repository/Backoffice/match_mgmt/meron_details/input_meron_weight'

2018-11-28 08:38:09 - [TEST_STEP][PASSED] - setText: Text 'BB' is set on object 'Object Repository/Backoffice/match_mgmt/wala_details/input_wala_name'

2018-11-28 08:38:10 - [MESSAGE][PASSED] - Text 'BB' is set on object 'Object Repository/Backoffice/match_mgmt/wala_details/input_wala_name'

2018-11-28 08:38:10 - [TEST_STEP][PASSED] - setText: Text 'Farm 2' is set on object 'Object Repository/Backoffice/match_mgmt/wala_details/input_wala_farm'

2018-11-28 08:38:10 - [MESSAGE][PASSED] - Text 'Farm 2' is set on object 'Object Repository/Backoffice/match_mgmt/wala_details/input_wala_farm'

2018-11-28 08:38:10 - [TEST_STEP][PASSED] - setText: Text 'Breed 2' is set on object 'Object Repository/Backoffice/match_mgmt/wala_details/input_wala_breed'

2018-11-28 08:38:10 - [MESSAGE][PASSED] - Text 'Breed 2' is set on object 'Object Repository/Backoffice/match_mgmt/wala_details/input_wala_breed'

2018-11-28 08:38:10 - [TEST_STEP][PASSED] - setText: Text 'Weight 2' is set on object 'Object Repository/Backoffice/match_mgmt/wala_details/input_wala_weight'

2018-11-28 08:38:11 - [MESSAGE][PASSED] - Text 'Weight 2' is set on object 'Object Repository/Backoffice/match_mgmt/wala_details/input_wala_weight'

2018-11-28 08:38:11 - [TEST_STEP][PASSED] - click: Object: 'Object Repository/Backoffice/match_mgmt/input_submit_match' is clicked on

2018-11-28 08:38:13 - [MESSAGE][PASSED] - Object: 'Object Repository/Backoffice/match_mgmt/input_submit_match' is clicked on

2018-11-28 08:38:13 - [TEST_STEP][PASSED] - delay: Delayed 1 second(s)

2018-11-28 08:38:14 - [MESSAGE][PASSED] - Delayed 1 second(s)

2018-11-28 08:38:14 - [TEST_STEP][PASSED] - click: Object: 'Object Repository/Backoffice/match_mgmt/button_create_match' is clicked on

2018-11-28 08:38:15 - [MESSAGE][PASSED] - Object: 'Object Repository/Backoffice/match_mgmt/button_create_match' is clicked on

2018-11-28 08:38:15 - [TEST_STEP][PASSED] - delay: Delayed 1 second(s)

2018-11-28 08:38:16 - [MESSAGE][PASSED] - Delayed 1 second(s)

2018-11-28 08:38:16 - [TEST_STEP][PASSED] - click: Object: 'Object Repository/Backoffice/match_mgmt/span_select_arena_name' is clicked on

2018-11-28 08:38:16 - [MESSAGE][PASSED] - Object: 'Object Repository/Backoffice/match_mgmt/span_select_arena_name' is clicked on

2018-11-28 08:38:16 - [TEST_STEP][PASSED] - setText: Text 'ALIXANDRA SPORTS COMPLEX - ASC' is set on object 'Object Repository/Backoffice/match_mgmt/input__select2-search__arena_name'

2018-11-28 08:38:17 - [MESSAGE][PASSED] - Text 'ALIXANDRA SPORTS COMPLEX - ASC' is set on object 'Object Repository/Backoffice/match_mgmt/input__select2-search__arena_name'

2018-11-28 08:38:17 - [TEST_STEP][PASSED] - sendKeys: Keys 'ENTER + ' sent to object: 'Object Repository/Backoffice/match_mgmt/input__select2-search__arena_name'

2018-11-28 08:38:18 - [MESSAGE][PASSED] - Keys 'ENTER + ' sent to object: 'Object Repository/Backoffice/match_mgmt/input__select2-search__arena_name'

2018-11-28 08:38:18 - [TEST_STEP][PASSED] - setText: Text 'AA' is set on object 'Object Repository/Backoffice/match_mgmt/meron_details/input_meron_name'

2018-11-28 08:38:18 - [MESSAGE][PASSED] - Text 'AA' is set on object 'Object Repository/Backoffice/match_mgmt/meron_details/input_meron_name'

2018-11-28 08:38:18 - [TEST_STEP][PASSED] - setText: Text 'Farm 1' is set on object 'Object Repository/Backoffice/match_mgmt/meron_details/input_meron_farm'

2018-11-28 08:38:18 - [MESSAGE][PASSED] - Text 'Farm 1' is set on object 'Object Repository/Backoffice/match_mgmt/meron_details/input_meron_farm'

2018-11-28 08:38:18 - [TEST_STEP][PASSED] - setText: Text 'Breed 1' is set on object 'Object Repository/Backoffice/match_mgmt/meron_details/input_meron_breed'

2018-11-28 08:38:19 - [MESSAGE][PASSED] - Text 'Breed 1' is set on object 'Object Repository/Backoffice/match_mgmt/meron_details/input_meron_breed'

2018-11-28 08:38:19 - [TEST_STEP][PASSED] - setText: Text 'Weight 1' is set on object 'Object Repository/Backoffice/match_mgmt/meron_details/input_meron_weight'

2018-11-28 08:38:19 - [MESSAGE][PASSED] - Text 'Weight 1' is set on object 'Object Repository/Backoffice/match_mgmt/meron_details/input_meron_weight'

2018-11-28 08:38:19 - [TEST_STEP][PASSED] - setText: Text 'BB' is set on object 'Object Repository/Backoffice/match_mgmt/wala_details/input_wala_name'

2018-11-28 08:38:19 - [MESSAGE][PASSED] - Text 'BB' is set on object 'Object Repository/Backoffice/match_mgmt/wala_details/input_wala_name'

2018-11-28 08:38:19 - [TEST_STEP][PASSED] - setText: Text 'Farm 2' is set on object 'Object Repository/Backoffice/match_mgmt/wala_details/input_wala_farm'

2018-11-28 08:38:20 - [MESSAGE][PASSED] - Text 'Farm 2' is set on object 'Object Repository/Backoffice/match_mgmt/wala_details/input_wala_farm'

2018-11-28 08:38:20 - [TEST_STEP][PASSED] - setText: Text 'Breed 2' is set on object 'Object Repository/Backoffice/match_mgmt/wala_details/input_wala_breed'

2018-11-28 08:38:20 - [MESSAGE][PASSED] - Text 'Breed 2' is set on object 'Object Repository/Backoffice/match_mgmt/wala_details/input_wala_breed'

2018-11-28 08:38:20 - [TEST_STEP][PASSED] - setText: Text 'Weight 2' is set on object 'Object Repository/Backoffice/match_mgmt/wala_details/input_wala_weight'

2018-11-28 08:38:20 - [MESSAGE][PASSED] - Text 'Weight 2' is set on object 'Object Repository/Backoffice/match_mgmt/wala_details/input_wala_weight'

2018-11-28 08:38:20 - [TEST_STEP][PASSED] - click: Object: 'Object Repository/Backoffice/match_mgmt/input_submit_match' is clicked on

2018-11-28 08:38:23 - [MESSAGE][PASSED] - Object: 'Object Repository/Backoffice/match_mgmt/input_submit_match' is clicked on

2018-11-28 08:38:23 - [TEST_STEP][PASSED] - delay: Delayed 1 second(s)

2018-11-28 08:38:24 - [MESSAGE][PASSED] - Delayed 1 second(s)

2018-11-28 08:38:24 - [TEST_STEP][PASSED] - click: Object: 'Object Repository/Backoffice/match_mgmt/button_create_match' is clicked on

2018-11-28 08:38:25 - [MESSAGE][PASSED] - Object: 'Object Repository/Backoffice/match_mgmt/button_create_match' is clicked on

2018-11-28 08:38:25 - [TEST_STEP][PASSED] - delay: Delayed 1 second(s)

2018-11-28 08:38:26 - [MESSAGE][PASSED] - Delayed 1 second(s)

2018-11-28 08:38:26 - [TEST_STEP][PASSED] - click: Object: 'Object Repository/Backoffice/match_mgmt/span_select_arena_name' is clicked on

2018-11-28 08:38:26 - [MESSAGE][PASSED] - Object: 'Object Repository/Backoffice/match_mgmt/span_select_arena_name' is clicked on

2018-11-28 08:38:26 - [TEST_STEP][PASSED] - setText: Text 'ALIXANDRA SPORTS COMPLEX - ASC' is set on object 'Object Repository/Backoffice/match_mgmt/input__select2-search__arena_name'

2018-11-28 08:38:27 - [MESSAGE][PASSED] - Text 'ALIXANDRA SPORTS COMPLEX - ASC' is set on object 'Object Repository/Backoffice/match_mgmt/input__select2-search__arena_name'

2018-11-28 08:38:27 - [TEST_STEP][PASSED] - sendKeys: Keys 'ENTER + ' sent to object: 'Object Repository/Backoffice/match_mgmt/input__select2-search__arena_name'

2018-11-28 08:38:28 - [MESSAGE][PASSED] - Keys 'ENTER + ' sent to object: 'Object Repository/Backoffice/match_mgmt/input__select2-search__arena_name'

2018-11-28 08:38:28 - [TEST_STEP][PASSED] - setText: Text 'AA' is set on object 'Object Repository/Backoffice/match_mgmt/meron_details/input_meron_name'

2018-11-28 08:38:28 - [MESSAGE][PASSED] - Text 'AA' is set on object 'Object Repository/Backoffice/match_mgmt/meron_details/input_meron_name'

2018-11-28 08:38:28 - [TEST_STEP][PASSED] - setText: Text 'Farm 1' is set on object 'Object Repository/Backoffice/match_mgmt/meron_details/input_meron_farm'

2018-11-28 08:38:28 - [MESSAGE][PASSED] - Text 'Farm 1' is set on object 'Object Repository/Backoffice/match_mgmt/meron_details/input_meron_farm'

2018-11-28 08:38:28 - [TEST_STEP][PASSED] - setText: Text 'Breed 1' is set on object 'Object Repository/Backoffice/match_mgmt/meron_details/input_meron_breed'

2018-11-28 08:38:29 - [MESSAGE][PASSED] - Text 'Breed 1' is set on object 'Object Repository/Backoffice/match_mgmt/meron_details/input_meron_breed'

2018-11-28 08:38:29 - [TEST_STEP][PASSED] - setText: Text 'Weight 1' is set on object 'Object Repository/Backoffice/match_mgmt/meron_details/input_meron_weight'

2018-11-28 08:38:29 - [MESSAGE][PASSED] - Text 'Weight 1' is set on object 'Object Repository/Backoffice/match_mgmt/meron_details/input_meron_weight'

2018-11-28 08:38:29 - [TEST_STEP][PASSED] - setText: Text 'BB' is set on object 'Object Repository/Backoffice/match_mgmt/wala_details/input_wala_name'

2018-11-28 08:38:29 - [MESSAGE][PASSED] - Text 'BB' is set on object 'Object Repository/Backoffice/match_mgmt/wala_details/input_wala_name'

2018-11-28 08:38:29 - [TEST_STEP][PASSED] - setText: Text 'Farm 2' is set on object 'Object Repository/Backoffice/match_mgmt/wala_details/input_wala_farm'

2018-11-28 08:38:30 - [MESSAGE][PASSED] - Text 'Farm 2' is set on object 'Object Repository/Backoffice/match_mgmt/wala_details/input_wala_farm'

2018-11-28 08:38:30 - [TEST_STEP][PASSED] - setText: Text 'Breed 2' is set on object 'Object Repository/Backoffice/match_mgmt/wala_details/input_wala_breed'

2018-11-28 08:38:30 - [MESSAGE][PASSED] - Text 'Breed 2' is set on object 'Object Repository/Backoffice/match_mgmt/wala_details/input_wala_breed'

2018-11-28 08:38:30 - [TEST_STEP][PASSED] - setText: Text 'Weight 2' is set on object 'Object Repository/Backoffice/match_mgmt/wala_details/input_wala_weight'

2018-11-28 08:38:30 - [MESSAGE][PASSED] - Text 'Weight 2' is set on object 'Object Repository/Backoffice/match_mgmt/wala_details/input_wala_weight'

2018-11-28 08:38:30 - [TEST_STEP][PASSED] - click: Object: 'Object Repository/Backoffice/match_mgmt/input_submit_match' is clicked on

2018-11-28 08:38:33 - [MESSAGE][PASSED] - Object: 'Object Repository/Backoffice/match_mgmt/input_submit_match' is clicked on

2018-11-28 08:38:33 - [TEST_STEP][PASSED] - delay: Delayed 1 second(s)

2018-11-28 08:38:34 - [MESSAGE][PASSED] - Delayed 1 second(s)

2018-11-28 08:38:34 - [TEST_STEP][PASSED] - click: Object: 'Object Repository/Backoffice/match_mgmt/button_create_match' is clicked on

2018-11-28 08:38:34 - [MESSAGE][PASSED] - Object: 'Object Repository/Backoffice/match_mgmt/button_create_match' is clicked on

2018-11-28 08:38:34 - [TEST_STEP][PASSED] - delay: Delayed 1 second(s)

2018-11-28 08:38:35 - [MESSAGE][PASSED] - Delayed 1 second(s)

2018-11-28 08:38:35 - [TEST_STEP][PASSED] - click: Object: 'Object Repository/Backoffice/match_mgmt/span_select_arena_name' is clicked on

2018-11-28 08:38:35 - [MESSAGE][PASSED] - Object: 'Object Repository/Backoffice/match_mgmt/span_select_arena_name' is clicked on

2018-11-28 08:38:35 - [TEST_STEP][PASSED] - setText: Text 'ALIXANDRA SPORTS COMPLEX - ASC' is set on object 'Object Repository/Backoffice/match_mgmt/input__select2-search__arena_name'

2018-11-28 08:38:37 - [MESSAGE][PASSED] - Text 'ALIXANDRA SPORTS COMPLEX - ASC' is set on object 'Object Repository/Backoffice/match_mgmt/input__select2-search__arena_name'

2018-11-28 08:38:37 - [TEST_STEP][PASSED] - sendKeys: Keys 'ENTER + ' sent to object: 'Object Repository/Backoffice/match_mgmt/input__select2-search__arena_name'

2018-11-28 08:38:37 - [MESSAGE][PASSED] - Keys 'ENTER + ' sent to object: 'Object Repository/Backoffice/match_mgmt/input__select2-search__arena_name'

2018-11-28 08:38:37 - [TEST_STEP][PASSED] - setText: Text 'AA' is set on object 'Object Repository/Backoffice/match_mgmt/meron_details/input_meron_name'

2018-11-28 08:38:37 - [MESSAGE][PASSED] - Text 'AA' is set on object 'Object Repository/Backoffice/match_mgmt/meron_details/input_meron_name'

2018-11-28 08:38:37 - [TEST_STEP][PASSED] - setText: Text 'Farm 1' is set on object 'Object Repository/Backoffice/match_mgmt/meron_details/input_meron_farm'

2018-11-28 08:38:38 - [MESSAGE][PASSED] - Text 'Farm 1' is set on object 'Object Repository/Backoffice/match_mgmt/meron_details/input_meron_farm'

2018-11-28 08:38:38 - [TEST_STEP][PASSED] - setText: Text 'Breed 1' is set on object 'Object Repository/Backoffice/match_mgmt/meron_details/input_meron_breed'

2018-11-28 08:38:38 - [MESSAGE][PASSED] - Text 'Breed 1' is set on object 'Object Repository/Backoffice/match_mgmt/meron_details/input_meron_breed'

2018-11-28 08:38:38 - [TEST_STEP][PASSED] - setText: Text 'Weight 1' is set on object 'Object Repository/Backoffice/match_mgmt/meron_details/input_meron_weight'

2018-11-28 08:38:38 - [MESSAGE][PASSED] - Text 'Weight 1' is set on object 'Object Repository/Backoffice/match_mgmt/meron_details/input_meron_weight'

2018-11-28 08:38:38 - [TEST_STEP][PASSED] - setText: Text 'BB' is set on object 'Object Repository/Backoffice/match_mgmt/wala_details/input_wala_name'

2018-11-28 08:38:39 - [MESSAGE][PASSED] - Text 'BB' is set on object 'Object Repository/Backoffice/match_mgmt/wala_details/input_wala_name'

2018-11-28 08:38:39 - [TEST_STEP][PASSED] - setText: Text 'Farm 2' is set on object 'Object Repository/Backoffice/match_mgmt/wala_details/input_wala_farm'

2018-11-28 08:38:39 - [MESSAGE][PASSED] - Text 'Farm 2' is set on object 'Object Repository/Backoffice/match_mgmt/wala_details/input_wala_farm'

2018-11-28 08:38:39 - [TEST_STEP][PASSED] - setText: Text 'Breed 2' is set on object 'Object Repository/Backoffice/match_mgmt/wala_details/input_wala_breed'

2018-11-28 08:38:39 - [MESSAGE][PASSED] - Text 'Breed 2' is set on object 'Object Repository/Backoffice/match_mgmt/wala_details/input_wala_breed'

2018-11-28 08:38:39 - [TEST_STEP][PASSED] - setText: Text 'Weight 2' is set on object 'Object Repository/Backoffice/match_mgmt/wala_details/input_wala_weight'

2018-11-28 08:38:40 - [MESSAGE][PASSED] - Text 'Weight 2' is set on object 'Object Repository/Backoffice/match_mgmt/wala_details/input_wala_weight'

2018-11-28 08:38:40 - [TEST_STEP][PASSED] - click: Object: 'Object Repository/Backoffice/match_mgmt/input_submit_match' is clicked on

2018-11-28 08:38:43 - [MESSAGE][PASSED] - Object: 'Object Repository/Backoffice/match_mgmt/input_submit_match' is clicked on

2018-11-28 08:38:43 - [TEST_STEP][PASSED] - delay: Delayed 1 second(s)

2018-11-28 08:38:44 - [MESSAGE][PASSED] - Delayed 1 second(s)

2018-11-28 08:38:44 - [TEST_STEP][PASSED] - click: Object: 'Object Repository/Backoffice/match_mgmt/button_create_match' is clicked on

2018-11-28 08:38:44 - [MESSAGE][PASSED] - Object: 'Object Repository/Backoffice/match_mgmt/button_create_match' is clicked on

2018-11-28 08:38:44 - [TEST_STEP][PASSED] - delay: Delayed 1 second(s)

2018-11-28 08:38:45 - [MESSAGE][PASSED] - Delayed 1 second(s)

2018-11-28 08:38:45 - [TEST_STEP][PASSED] - click: Object: 'Object Repository/Backoffice/match_mgmt/span_select_arena_name' is clicked on

2018-11-28 08:38:45 - [MESSAGE][PASSED] - Object: 'Object Repository/Backoffice/match_mgmt/span_select_arena_name' is clicked on

2018-11-28 08:38:45 - [TEST_STEP][PASSED] - setText: Text 'ALIXANDRA SPORTS COMPLEX - ASC' is set on object 'Object Repository/Backoffice/match_mgmt/input__select2-search__arena_name'

2018-11-28 08:38:47 - [MESSAGE][PASSED] - Text 'ALIXANDRA SPORTS COMPLEX - ASC' is set on object 'Object Repository/Backoffice/match_mgmt/input__select2-search__arena_name'

2018-11-28 08:38:47 - [TEST_STEP][PASSED] - sendKeys: Keys 'ENTER + ' sent to object: 'Object Repository/Backoffice/match_mgmt/input__select2-search__arena_name'

2018-11-28 08:38:47 - [MESSAGE][PASSED] - Keys 'ENTER + ' sent to object: 'Object Repository/Backoffice/match_mgmt/input__select2-search__arena_name'

2018-11-28 08:38:47 - [TEST_STEP][PASSED] - setText: Text 'AA' is set on object 'Object Repository/Backoffice/match_mgmt/meron_details/input_meron_name'

2018-11-28 08:38:47 - [MESSAGE][PASSED] - Text 'AA' is set on object 'Object Repository/Backoffice/match_mgmt/meron_details/input_meron_name'

2018-11-28 08:38:47 - [TEST_STEP][PASSED] - setText: Text 'Farm 1' is set on object 'Object Repository/Backoffice/match_mgmt/meron_details/input_meron_farm'

2018-11-28 08:38:48 - [MESSAGE][PASSED] - Text 'Farm 1' is set on object 'Object Repository/Backoffice/match_mgmt/meron_details/input_meron_farm'

2018-11-28 08:38:48 - [TEST_STEP][PASSED] - setText: Text 'Breed 1' is set on object 'Object Repository/Backoffice/match_mgmt/meron_details/input_meron_breed'

2018-11-28 08:38:48 - [MESSAGE][PASSED] - Text 'Breed 1' is set on object 'Object Repository/Backoffice/match_mgmt/meron_details/input_meron_breed'

2018-11-28 08:38:48 - [TEST_STEP][PASSED] - setText: Text 'Weight 1' is set on object 'Object Repository/Backoffice/match_mgmt/meron_details/input_meron_weight'

2018-11-28 08:38:48 - [MESSAGE][PASSED] - Text 'Weight 1' is set on object 'Object Repository/Backoffice/match_mgmt/meron_details/input_meron_weight'

2018-11-28 08:38:48 - [TEST_STEP][PASSED] - setText: Text 'BB' is set on object 'Object Repository/Backoffice/match_mgmt/wala_details/input_wala_name'

2018-11-28 08:38:48 - [MESSAGE][PASSED] - Text 'BB' is set on object 'Object Repository/Backoffice/match_mgmt/wala_details/input_wala_name'

2018-11-28 08:38:48 - [TEST_STEP][PASSED] - setText: Text 'Farm 2' is set on object 'Object Repository/Backoffice/match_mgmt/wala_details/input_wala_farm'

2018-11-28 08:38:49 - [MESSAGE][PASSED] - Text 'Farm 2' is set on object 'Object Repository/Backoffice/match_mgmt/wala_details/input_wala_farm'

2018-11-28 08:38:49 - [TEST_STEP][PASSED] - setText: Text 'Breed 2' is set on object 'Object Repository/Backoffice/match_mgmt/wala_details/input_wala_breed'

2018-11-28 08:38:49 - [MESSAGE][PASSED] - Text 'Breed 2' is set on object 'Object Repository/Backoffice/match_mgmt/wala_details/input_wala_breed'

2018-11-28 08:38:49 - [TEST_STEP][PASSED] - setText: Text 'Weight 2' is set on object 'Object Repository/Backoffice/match_mgmt/wala_details/input_wala_weight'

2018-11-28 08:38:50 - [MESSAGE][PASSED] - Text 'Weight 2' is set on object 'Object Repository/Backoffice/match_mgmt/wala_details/input_wala_weight'

2018-11-28 08:38:50 - [TEST_STEP][PASSED] - click: Object: 'Object Repository/Backoffice/match_mgmt/input_submit_match' is clicked on

2018-11-28 08:38:53 - [MESSAGE][PASSED] - Object: 'Object Repository/Backoffice/match_mgmt/input_submit_match' is clicked on

2018-11-28 08:38:53 - [TEST_STEP][PASSED] - delay: Delayed 1 second(s)

2018-11-28 08:38:54 - [MESSAGE][PASSED] - Delayed 1 second(s)

2018-11-28 08:38:54 - [TEST_STEP][PASSED] - click: Object: 'Object Repository/Backoffice/match_mgmt/button_create_match' is clicked on

2018-11-28 08:38:54 - [MESSAGE][PASSED] - Object: 'Object Repository/Backoffice/match_mgmt/button_create_match' is clicked on

2018-11-28 08:38:54 - [TEST_STEP][PASSED] - delay: Delayed 1 second(s)

2018-11-28 08:38:55 - [MESSAGE][PASSED] - Delayed 1 second(s)

2018-11-28 08:38:55 - [TEST_STEP][PASSED] - click: Object: 'Object Repository/Backoffice/match_mgmt/span_select_arena_name' is clicked on

2018-11-28 08:38:55 - [MESSAGE][PASSED] - Object: 'Object Repository/Backoffice/match_mgmt/span_select_arena_name' is clicked on

2018-11-28 08:38:55 - [TEST_STEP][PASSED] - setText: Text 'ALIXANDRA SPORTS COMPLEX - ASC' is set on object 'Object Repository/Backoffice/match_mgmt/input__select2-search__arena_name'

2018-11-28 08:38:57 - [MESSAGE][PASSED] - Text 'ALIXANDRA SPORTS COMPLEX - ASC' is set on object 'Object Repository/Backoffice/match_mgmt/input__select2-search__arena_name'

2018-11-28 08:38:57 - [TEST_STEP][PASSED] - sendKeys: Keys 'ENTER + ' sent to object: 'Object Repository/Backoffice/match_mgmt/input__select2-search__arena_name'

2018-11-28 08:38:57 - [MESSAGE][PASSED] - Keys 'ENTER + ' sent to object: 'Object Repository/Backoffice/match_mgmt/input__select2-search__arena_name'

2018-11-28 08:38:57 - [TEST_STEP][PASSED] - setText: Text 'AA' is set on object 'Object Repository/Backoffice/match_mgmt/meron_details/input_meron_name'

2018-11-28 08:38:57 - [MESSAGE][PASSED] - Text 'AA' is set on object 'Object Repository/Backoffice/match_mgmt/meron_details/input_meron_name'

2018-11-28 08:38:57 - [TEST_STEP][PASSED] - setText: Text 'Farm 1' is set on object 'Object Repository/Backoffice/match_mgmt/meron_details/input_meron_farm'

2018-11-28 08:38:57 - [MESSAGE][PASSED] - Text 'Farm 1' is set on object 'Object Repository/Backoffice/match_mgmt/meron_details/input_meron_farm'

2018-11-28 08:38:57 - [TEST_STEP][PASSED] - setText: Text 'Breed 1' is set on object 'Object Repository/Backoffice/match_mgmt/meron_details/input_meron_breed'

2018-11-28 08:38:58 - [MESSAGE][PASSED] - Text 'Breed 1' is set on object 'Object Repository/Backoffice/match_mgmt/meron_details/input_meron_breed'

2018-11-28 08:38:58 - [TEST_STEP][PASSED] - setText: Text 'Weight 1' is set on object 'Object Repository/Backoffice/match_mgmt/meron_details/input_meron_weight'

2018-11-28 08:38:58 - [MESSAGE][PASSED] - Text 'Weight 1' is set on object 'Object Repository/Backoffice/match_mgmt/meron_details/input_meron_weight'

2018-11-28 08:38:58 - [TEST_STEP][PASSED] - setText: Text 'BB' is set on object 'Object Repository/Backoffice/match_mgmt/wala_details/input_wala_name'

2018-11-28 08:38:59 - [MESSAGE][PASSED] - Text 'BB' is set on object 'Object Repository/Backoffice/match_mgmt/wala_details/input_wala_name'

2018-11-28 08:38:59 - [TEST_STEP][PASSED] - setText: Text 'Farm 2' is set on object 'Object Repository/Backoffice/match_mgmt/wala_details/input_wala_farm'

2018-11-28 08:38:59 - [MESSAGE][PASSED] - Text 'Farm 2' is set on object 'Object Repository/Backoffice/match_mgmt/wala_details/input_wala_farm'

2018-11-28 08:38:59 - [TEST_STEP][PASSED] - setText: Text 'Breed 2' is set on object 'Object Repository/Backoffice/match_mgmt/wala_details/input_wala_breed'

2018-11-28 08:38:59 - [MESSAGE][PASSED] - Text 'Breed 2' is set on object 'Object Repository/Backoffice/match_mgmt/wala_details/input_wala_breed'

2018-11-28 08:38:59 - [TEST_STEP][PASSED] - setText: Text 'Weight 2' is set on object 'Object Repository/Backoffice/match_mgmt/wala_details/input_wala_weight'

2018-11-28 08:39:00 - [MESSAGE][PASSED] - Text 'Weight 2' is set on object 'Object Repository/Backoffice/match_mgmt/wala_details/input_wala_weight'

2018-11-28 08:39:00 - [TEST_STEP][PASSED] - click: Object: 'Object Repository/Backoffice/match_mgmt/input_submit_match' is clicked on

2018-11-28 08:39:02 - [MESSAGE][PASSED] - Object: 'Object Repository/Backoffice/match_mgmt/input_submit_match' is clicked on

2018-11-28 08:39:02 - [TEST_STEP][PASSED] - delay: Delayed 1 second(s)

2018-11-28 08:39:03 - [MESSAGE][PASSED] - Delayed 1 second(s)

2018-11-28 08:39:03 - [TEST_STEP][PASSED] - click: Object: 'Object Repository/Backoffice/match_mgmt/button_create_match' is clicked on

2018-11-28 08:39:04 - [MESSAGE][PASSED] - Object: 'Object Repository/Backoffice/match_mgmt/button_create_match' is clicked on

2018-11-28 08:39:04 - [TEST_STEP][PASSED] - delay: Delayed 1 second(s)

2018-11-28 08:39:05 - [MESSAGE][PASSED] - Delayed 1 second(s)

2018-11-28 08:39:05 - [TEST_STEP][PASSED] - click: Object: 'Object Repository/Backoffice/match_mgmt/span_select_arena_name' is clicked on

2018-11-28 08:39:05 - [MESSAGE][PASSED] - Object: 'Object Repository/Backoffice/match_mgmt/span_select_arena_name' is clicked on

2018-11-28 08:39:05 - [TEST_STEP][PASSED] - setText: Text 'ALIXANDRA SPORTS COMPLEX - ASC' is set on object 'Object Repository/Backoffice/match_mgmt/input__select2-search__arena_name'

2018-11-28 08:39:07 - [MESSAGE][PASSED] - Text 'ALIXANDRA SPORTS COMPLEX - ASC' is set on object 'Object Repository/Backoffice/match_mgmt/input__select2-search__arena_name'

2018-11-28 08:39:07 - [TEST_STEP][PASSED] - sendKeys: Keys 'ENTER + ' sent to object: 'Object Repository/Backoffice/match_mgmt/input__select2-search__arena_name'

2018-11-28 08:39:07 - [MESSAGE][PASSED] - Keys 'ENTER + ' sent to object: 'Object Repository/Backoffice/match_mgmt/input__select2-search__arena_name'

2018-11-28 08:39:07 - [TEST_STEP][PASSED] - setText: Text 'AA' is set on object 'Object Repository/Backoffice/match_mgmt/meron_details/input_meron_name'

2018-11-28 08:39:07 - [MESSAGE][PASSED] - Text 'AA' is set on object 'Object Repository/Backoffice/match_mgmt/meron_details/input_meron_name'

2018-11-28 08:39:07 - [TEST_STEP][PASSED] - setText: Text 'Farm 1' is set on object 'Object Repository/Backoffice/match_mgmt/meron_details/input_meron_farm'

2018-11-28 08:39:07 - [MESSAGE][PASSED] - Text 'Farm 1' is set on object 'Object Repository/Backoffice/match_mgmt/meron_details/input_meron_farm'

2018-11-28 08:39:07 - [TEST_STEP][PASSED] - setText: Text 'Breed 1' is set on object 'Object Repository/Backoffice/match_mgmt/meron_details/input_meron_breed'

2018-11-28 08:39:08 - [MESSAGE][PASSED] - Text 'Breed 1' is set on object 'Object Repository/Backoffice/match_mgmt/meron_details/input_meron_breed'

2018-11-28 08:39:08 - [TEST_STEP][PASSED] - setText: Text 'Weight 1' is set on object 'Object Repository/Backoffice/match_mgmt/meron_details/input_meron_weight'

2018-11-28 08:39:08 - [MESSAGE][PASSED] - Text 'Weight 1' is set on object 'Object Repository/Backoffice/match_mgmt/meron_details/input_meron_weight'

2018-11-28 08:39:08 - [TEST_STEP][PASSED] - setText: Text 'BB' is set on object 'Object Repository/Backoffice/match_mgmt/wala_details/input_wala_name'

2018-11-28 08:39:08 - [MESSAGE][PASSED] - Text 'BB' is set on object 'Object Repository/Backoffice/match_mgmt/wala_details/input_wala_name'

2018-11-28 08:39:08 - [TEST_STEP][PASSED] - setText: Text 'Farm 2' is set on object 'Object Repository/Backoffice/match_mgmt/wala_details/input_wala_farm'

2018-11-28 08:39:09 - [MESSAGE][PASSED] - Text 'Farm 2' is set on object 'Object Repository/Backoffice/match_mgmt/wala_details/input_wala_farm'

2018-11-28 08:39:09 - [TEST_STEP][PASSED] - setText: Text 'Breed 2' is set on object 'Object Repository/Backoffice/match_mgmt/wala_details/input_wala_breed'

2018-11-28 08:39:09 - [MESSAGE][PASSED] - Text 'Breed 2' is set on object 'Object Repository/Backoffice/match_mgmt/wala_details/input_wala_breed'

2018-11-28 08:39:09 - [TEST_STEP][PASSED] - setText: Text 'Weight 2' is set on object 'Object Repository/Backoffice/match_mgmt/wala_details/input_wala_weight'

2018-11-28 08:39:10 - [MESSAGE][PASSED] - Text 'Weight 2' is set on object 'Object Repository/Backoffice/match_mgmt/wala_details/input_wala_weight'

2018-11-28 08:39:10 - [TEST_STEP][PASSED] - click: Object: 'Object Repository/Backoffice/match_mgmt/input_submit_match' is clicked on

2018-11-28 08:39:12 - [MESSAGE][PASSED] - Object: 'Object Repository/Backoffice/match_mgmt/input_submit_match' is clicked on

2018-11-28 08:39:12 - [TEST_STEP][PASSED] - delay: Delayed 1 second(s)

2018-11-28 08:39:13 - [MESSAGE][PASSED] - Delayed 1 second(s)

2018-11-28 08:39:13 - [TEST_STEP][PASSED] - click: Object: 'Object Repository/Backoffice/match_mgmt/button_create_match' is clicked on

2018-11-28 08:39:14 - [MESSAGE][PASSED] - Object: 'Object Repository/Backoffice/match_mgmt/button_create_match' is clicked on

2018-11-28 08:39:14 - [TEST_STEP][PASSED] - delay: Delayed 1 second(s)

2018-11-28 08:39:15 - [MESSAGE][PASSED] - Delayed 1 second(s)

2018-11-28 08:39:15 - [TEST_STEP][PASSED] - click: Object: 'Object Repository/Backoffice/match_mgmt/span_select_arena_name' is clicked on

2018-11-28 08:39:15 - [MESSAGE][PASSED] - Object: 'Object Repository/Backoffice/match_mgmt/span_select_arena_name' is clicked on

2018-11-28 08:39:15 - [TEST_STEP][PASSED] - setText: Text 'ALIXANDRA SPORTS COMPLEX - ASC' is set on object 'Object Repository/Backoffice/match_mgmt/input__select2-search__arena_name'

2018-11-28 08:39:16 - [MESSAGE][PASSED] - Text 'ALIXANDRA SPORTS COMPLEX - ASC' is set on object 'Object Repository/Backoffice/match_mgmt/input__select2-search__arena_name'

2018-11-28 08:39:16 - [TEST_STEP][PASSED] - sendKeys: Keys 'ENTER + ' sent to object: 'Object Repository/Backoffice/match_mgmt/input__select2-search__arena_name'

2018-11-28 08:39:17 - [MESSAGE][PASSED] - Keys 'ENTER + ' sent to object: 'Object Repository/Backoffice/match_mgmt/input__select2-search__arena_name'

2018-11-28 08:39:17 - [TEST_STEP][PASSED] - setText: Text 'AA' is set on object 'Object Repository/Backoffice/match_mgmt/meron_details/input_meron_name'

2018-11-28 08:39:17 - [MESSAGE][PASSED] - Text 'AA' is set on object 'Object Repository/Backoffice/match_mgmt/meron_details/input_meron_name'

2018-11-28 08:39:17 - [TEST_STEP][PASSED] - setText: Text 'Farm 1' is set on object 'Object Repository/Backoffice/match_mgmt/meron_details/input_meron_farm'

2018-11-28 08:39:17 - [MESSAGE][PASSED] - Text 'Farm 1' is set on object 'Object Repository/Backoffice/match_mgmt/meron_details/input_meron_farm'

2018-11-28 08:39:17 - [TEST_STEP][PASSED] - setText: Text 'Breed 1' is set on object 'Object Repository/Backoffice/match_mgmt/meron_details/input_meron_breed'

2018-11-28 08:39:18 - [MESSAGE][PASSED] - Text 'Breed 1' is set on object 'Object Repository/Backoffice/match_mgmt/meron_details/input_meron_breed'

2018-11-28 08:39:18 - [TEST_STEP][PASSED] - setText: Text 'Weight 1' is set on object 'Object Repository/Backoffice/match_mgmt/meron_details/input_meron_weight'

2018-11-28 08:39:18 - [MESSAGE][PASSED] - Text 'Weight 1' is set on object 'Object Repository/Backoffice/match_mgmt/meron_details/input_meron_weight'

2018-11-28 08:39:18 - [TEST_STEP][PASSED] - setText: Text 'BB' is set on object 'Object Repository/Backoffice/match_mgmt/wala_details/input_wala_name'

2018-11-28 08:39:18 - [MESSAGE][PASSED] - Text 'BB' is set on object 'Object Repository/Backoffice/match_mgmt/wala_details/input_wala_name'

2018-11-28 08:39:18 - [TEST_STEP][PASSED] - setText: Text 'Farm 2' is set on object 'Object Repository/Backoffice/match_mgmt/wala_details/input_wala_farm'

2018-11-28 08:39:19 - [MESSAGE][PASSED] - Text 'Farm 2' is set on object 'Object Repository/Backoffice/match_mgmt/wala_details/input_wala_farm'

2018-11-28 08:39:19 - [TEST_STEP][PASSED] - setText: Text 'Breed 2' is set on object 'Object Repository/Backoffice/match_mgmt/wala_details/input_wala_breed'

2018-11-28 08:39:19 - [MESSAGE][PASSED] - Text 'Breed 2' is set on object 'Object Repository/Backoffice/match_mgmt/wala_details/input_wala_breed'

2018-11-28 08:39:19 - [TEST_STEP][PASSED] - setText: Text 'Weight 2' is set on object 'Object Repository/Backoffice/match_mgmt/wala_details/input_wala_weight'

2018-11-28 08:39:19 - [MESSAGE][PASSED] - Text 'Weight 2' is set on object 'Object Repository/Backoffice/match_mgmt/wala_details/input_wala_weight'

2018-11-28 08:39:19 - [TEST_STEP][PASSED] - click: Object: 'Object Repository/Backoffice/match_mgmt/input_submit_match' is clicked on

2018-11-28 08:39:22 - [MESSAGE][PASSED] - Object: 'Object Repository/Backoffice/match_mgmt/input_submit_match' is clicked on

2018-11-28 08:39:22 - [TEST_STEP][PASSED] - delay: Delayed 1 second(s)

2018-11-28 08:39:23 - [MESSAGE][PASSED] - Delayed 1 second(s)

2018-11-28 08:39:23 - [TEST_STEP][PASSED] - click: Object: 'Object Repository/Backoffice/match_mgmt/button_create_match' is clicked on

2018-11-28 08:39:24 - [MESSAGE][PASSED] - Object: 'Object Repository/Backoffice/match_mgmt/button_create_match' is clicked on

2018-11-28 08:39:24 - [TEST_STEP][PASSED] - delay: Delayed 1 second(s)

2018-11-28 08:39:25 - [MESSAGE][PASSED] - Delayed 1 second(s)

2018-11-28 08:39:25 - [TEST_STEP][PASSED] - click: Object: 'Object Repository/Backoffice/match_mgmt/span_select_arena_name' is clicked on

2018-11-28 08:39:25 - [MESSAGE][PASSED] - Object: 'Object Repository/Backoffice/match_mgmt/span_select_arena_name' is clicked on

2018-11-28 08:39:25 - [TEST_STEP][PASSED] - setText: Text 'ALIXANDRA SPORTS COMPLEX - ASC' is set on object 'Object Repository/Backoffice/match_mgmt/input__select2-search__arena_name'

2018-11-28 08:39:26 - [MESSAGE][PASSED] - Text 'ALIXANDRA SPORTS COMPLEX - ASC' is set on object 'Object Repository/Backoffice/match_mgmt/input__select2-search__arena_name'

2018-11-28 08:39:26 - [TEST_STEP][PASSED] - sendKeys: Keys 'ENTER + ' sent to object: 'Object Repository/Backoffice/match_mgmt/input__select2-search__arena_name'

2018-11-28 08:39:27 - [MESSAGE][PASSED] - Keys 'ENTER + ' sent to object: 'Object Repository/Backoffice/match_mgmt/input__select2-search__arena_name'

2018-11-28 08:39:27 - [TEST_STEP][PASSED] - setText: Text 'AA' is set on object 'Object Repository/Backoffice/match_mgmt/meron_details/input_meron_name'

2018-11-28 08:39:27 - [MESSAGE][PASSED] - Text 'AA' is set on object 'Object Repository/Backoffice/match_mgmt/meron_details/input_meron_name'

2018-11-28 08:39:27 - [TEST_STEP][PASSED] - setText: Text 'Farm 1' is set on object 'Object Repository/Backoffice/match_mgmt/meron_details/input_meron_farm'

2018-11-28 08:39:27 - [MESSAGE][PASSED] - Text 'Farm 1' is set on object 'Object Repository/Backoffice/match_mgmt/meron_details/input_meron_farm'

2018-11-28 08:39:27 - [TEST_STEP][PASSED] - setText: Text 'Breed 1' is set on object 'Object Repository/Backoffice/match_mgmt/meron_details/input_meron_breed'

2018-11-28 08:39:28 - [MESSAGE][PASSED] - Text 'Breed 1' is set on object 'Object Repository/Backoffice/match_mgmt/meron_details/input_meron_breed'

2018-11-28 08:39:28 - [TEST_STEP][PASSED] - setText: Text 'Weight 1' is set on object 'Object Repository/Backoffice/match_mgmt/meron_details/input_meron_weight'

2018-11-28 08:39:28 - [MESSAGE][PASSED] - Text 'Weight 1' is set on object 'Object Repository/Backoffice/match_mgmt/meron_details/input_meron_weight'

2018-11-28 08:39:28 - [TEST_STEP][PASSED] - setText: Text 'BB' is set on object 'Object Repository/Backoffice/match_mgmt/wala_details/input_wala_name'

2018-11-28 08:39:28 - [MESSAGE][PASSED] - Text 'BB' is set on object 'Object Repository/Backoffice/match_mgmt/wala_details/input_wala_name'

2018-11-28 08:39:28 - [TEST_STEP][PASSED] - setText: Text 'Farm 2' is set on object 'Object Repository/Backoffice/match_mgmt/wala_details/input_wala_farm'

2018-11-28 08:39:29 - [MESSAGE][PASSED] - Text 'Farm 2' is set on object 'Object Repository/Backoffice/match_mgmt/wala_details/input_wala_farm'

2018-11-28 08:39:29 - [TEST_STEP][PASSED] - setText: Text 'Breed 2' is set on object 'Object Repository/Backoffice/match_mgmt/wala_details/input_wala_breed'

2018-11-28 08:39:29 - [MESSAGE][PASSED] - Text 'Breed 2' is set on object 'Object Repository/Backoffice/match_mgmt/wala_details/input_wala_breed'

2018-11-28 08:39:29 - [TEST_STEP][PASSED] - setText: Text 'Weight 2' is set on object 'Object Repository/Backoffice/match_mgmt/wala_details/input_wala_weight'

2018-11-28 08:39:29 - [MESSAGE][PASSED] - Text 'Weight 2' is set on object 'Object Repository/Backoffice/match_mgmt/wala_details/input_wala_weight'

2018-11-28 08:39:29 - [TEST_STEP][PASSED] - click: Object: 'Object Repository/Backoffice/match_mgmt/input_submit_match' is clicked on

2018-11-28 08:39:32 - [MESSAGE][PASSED] - Object: 'Object Repository/Backoffice/match_mgmt/input_submit_match' is clicked on

2018-11-28 08:39:32 - [TEST_STEP][PASSED] - delay: Delayed 1 second(s)

2018-11-28 08:39:33 - [MESSAGE][PASSED] - Delayed 1 second(s)

2018-11-28 08:39:33 - [TEST_STEP][PASSED] - click: Object: 'Object Repository/Backoffice/match_mgmt/button_create_match' is clicked on

2018-11-28 08:39:33 - [MESSAGE][PASSED] - Object: 'Object Repository/Backoffice/match_mgmt/button_create_match' is clicked on

2018-11-28 08:39:33 - [TEST_STEP][PASSED] - delay: Delayed 1 second(s)

2018-11-28 08:39:34 - [MESSAGE][PASSED] - Delayed 1 second(s)

2018-11-28 08:39:34 - [TEST_STEP][PASSED] - click: Object: 'Object Repository/Backoffice/match_mgmt/span_select_arena_name' is clicked on

2018-11-28 08:39:34 - [MESSAGE][PASSED] - Object: 'Object Repository/Backoffice/match_mgmt/span_select_arena_name' is clicked on

2018-11-28 08:39:34 - [TEST_STEP][PASSED] - setText: Text 'ALIXANDRA SPORTS COMPLEX - ASC' is set on object 'Object Repository/Backoffice/match_mgmt/input__select2-search__arena_name'

2018-11-28 08:39:36 - [MESSAGE][PASSED] - Text 'ALIXANDRA SPORTS COMPLEX - ASC' is set on object 'Object Repository/Backoffice/match_mgmt/input__select2-search__arena_name'

2018-11-28 08:39:36 - [TEST_STEP][PASSED] - sendKeys: Keys 'ENTER + ' sent to object: 'Object Repository/Backoffice/match_mgmt/input__select2-search__arena_name'

2018-11-28 08:39:36 - [MESSAGE][PASSED] - Keys 'ENTER + ' sent to object: 'Object Repository/Backoffice/match_mgmt/input__select2-search__arena_name'

2018-11-28 08:39:36 - [TEST_STEP][PASSED] - setText: Text 'AA' is set on object 'Object Repository/Backoffice/match_mgmt/meron_details/input_meron_name'

2018-11-28 08:39:36 - [MESSAGE][PASSED] - Text 'AA' is set on object 'Object Repository/Backoffice/match_mgmt/meron_details/input_meron_name'

2018-11-28 08:39:36 - [TEST_STEP][PASSED] - setText: Text 'Farm 1' is set on object 'Object Repository/Backoffice/match_mgmt/meron_details/input_meron_farm'

2018-11-28 08:39:37 - [MESSAGE][PASSED] - Text 'Farm 1' is set on object 'Object Repository/Backoffice/match_mgmt/meron_details/input_meron_farm'

2018-11-28 08:39:37 - [TEST_STEP][PASSED] - setText: Text 'Breed 1' is set on object 'Object Repository/Backoffice/match_mgmt/meron_details/input_meron_breed'

2018-11-28 08:39:37 - [MESSAGE][PASSED] - Text 'Breed 1' is set on object 'Object Repository/Backoffice/match_mgmt/meron_details/input_meron_breed'

2018-11-28 08:39:37 - [TEST_STEP][PASSED] - setText: Text 'Weight 1' is set on object 'Object Repository/Backoffice/match_mgmt/meron_details/input_meron_weight'

2018-11-28 08:39:38 - [MESSAGE][PASSED] - Text 'Weight 1' is set on object 'Object Repository/Backoffice/match_mgmt/meron_details/input_meron_weight'

2018-11-28 08:39:38 - [TEST_STEP][PASSED] - setText: Text 'BB' is set on object 'Object Repository/Backoffice/match_mgmt/wala_details/input_wala_name'

2018-11-28 08:39:38 - [MESSAGE][PASSED] - Text 'BB' is set on object 'Object Repository/Backoffice/match_mgmt/wala_details/input_wala_name'

2018-11-28 08:39:38 - [TEST_STEP][PASSED] - setText: Text 'Farm 2' is set on object 'Object Repository/Backoffice/match_mgmt/wala_details/input_wala_farm'

2018-11-28 08:39:38 - [MESSAGE][PASSED] - Text 'Farm 2' is set on object 'Object Repository/Backoffice/match_mgmt/wala_details/input_wala_farm'

2018-11-28 08:39:38 - [TEST_STEP][PASSED] - setText: Text 'Breed 2' is set on object 'Object Repository/Backoffice/match_mgmt/wala_details/input_wala_breed'

2018-11-28 08:39:39 - [MESSAGE][PASSED] - Text 'Breed 2' is set on object 'Object Repository/Backoffice/match_mgmt/wala_details/input_wala_breed'

2018-11-28 08:39:39 - [TEST_STEP][PASSED] - setText: Text 'Weight 2' is set on object 'Object Repository/Backoffice/match_mgmt/wala_details/input_wala_weight'

2018-11-28 08:39:39 - [MESSAGE][PASSED] - Text 'Weight 2' is set on object 'Object Repository/Backoffice/match_mgmt/wala_details/input_wala_weight'

2018-11-28 08:39:39 - [TEST_STEP][PASSED] - click: Object: 'Object Repository/Backoffice/match_mgmt/input_submit_match' is clicked on

2018-11-28 08:39:42 - [MESSAGE][PASSED] - Object: 'Object Repository/Backoffice/match_mgmt/input_submit_match' is clicked on

2018-11-28 08:39:42 - [TEST_STEP][PASSED] - delay: Delayed 1 second(s)

2018-11-28 08:39:43 - [MESSAGE][PASSED] - Delayed 1 second(s)

2018-11-28 08:39:43 - [TEST_STEP][PASSED] - click: Object: 'Object Repository/Backoffice/match_mgmt/button_create_match' is clicked on

2018-11-28 08:39:43 - [MESSAGE][PASSED] - Object: 'Object Repository/Backoffice/match_mgmt/button_create_match' is clicked on

2018-11-28 08:39:43 - [TEST_STEP][PASSED] - delay: Delayed 1 second(s)

2018-11-28 08:39:44 - [MESSAGE][PASSED] - Delayed 1 second(s)

2018-11-28 08:39:44 - [TEST_STEP][PASSED] - click: Object: 'Object Repository/Backoffice/match_mgmt/span_select_arena_name' is clicked on

2018-11-28 08:39:45 - [MESSAGE][PASSED] - Object: 'Object Repository/Backoffice/match_mgmt/span_select_arena_name' is clicked on

2018-11-28 08:39:45 - [TEST_STEP][PASSED] - setText: Text 'ALIXANDRA SPORTS COMPLEX - ASC' is set on object 'Object Repository/Backoffice/match_mgmt/input__select2-search__arena_name'

2018-11-28 08:39:47 - [MESSAGE][PASSED] - Text 'ALIXANDRA SPORTS COMPLEX - ASC' is set on object 'Object Repository/Backoffice/match_mgmt/input__select2-search__arena_name'

2018-11-28 08:39:47 - [TEST_STEP][PASSED] - sendKeys: Keys 'ENTER + ' sent to object: 'Object Repository/Backoffice/match_mgmt/input__select2-search__arena_name'

2018-11-28 08:39:47 - [MESSAGE][PASSED] - Keys 'ENTER + ' sent to object: 'Object Repository/Backoffice/match_mgmt/input__select2-search__arena_name'

2018-11-28 08:39:47 - [TEST_STEP][PASSED] - setText: Text 'AA' is set on object 'Object Repository/Backoffice/match_mgmt/meron_details/input_meron_name'

2018-11-28 08:39:48 - [MESSAGE][PASSED] - Text 'AA' is set on object 'Object Repository/Backoffice/match_mgmt/meron_details/input_meron_name'

2018-11-28 08:39:48 - [TEST_STEP][PASSED] - setText: Text 'Farm 1' is set on object 'Object Repository/Backoffice/match_mgmt/meron_details/input_meron_farm'

2018-11-28 08:39:48 - [MESSAGE][PASSED] - Text 'Farm 1' is set on object 'Object Repository/Backoffice/match_mgmt/meron_details/input_meron_farm'

2018-11-28 08:39:48 - [TEST_STEP][PASSED] - setText: Text 'Breed 1' is set on object 'Object Repository/Backoffice/match_mgmt/meron_details/input_meron_breed'

2018-11-28 08:39:49 - [MESSAGE][PASSED] - Text 'Breed 1' is set on object 'Object Repository/Backoffice/match_mgmt/meron_details/input_meron_breed'

2018-11-28 08:39:49 - [TEST_STEP][PASSED] - setText: Text 'Weight 1' is set on object 'Object Repository/Backoffice/match_mgmt/meron_details/input_meron_weight'

2018-11-28 08:39:49 - [MESSAGE][PASSED] - Text 'Weight 1' is set on object 'Object Repository/Backoffice/match_mgmt/meron_details/input_meron_weight'

2018-11-28 08:39:49 - [TEST_STEP][PASSED] - setText: Text 'BB' is set on object 'Object Repository/Backoffice/match_mgmt/wala_details/input_wala_name'

2018-11-28 08:39:49 - [MESSAGE][PASSED] - Text 'BB' is set on object 'Object Repository/Backoffice/match_mgmt/wala_details/input_wala_name'

2018-11-28 08:39:49 - [TEST_STEP][PASSED] - setText: Text 'Farm 2' is set on object 'Object Repository/Backoffice/match_mgmt/wala_details/input_wala_farm'

2018-11-28 08:39:50 - [MESSAGE][PASSED] - Text 'Farm 2' is set on object 'Object Repository/Backoffice/match_mgmt/wala_details/input_wala_farm'

2018-11-28 08:39:50 - [TEST_STEP][PASSED] - setText: Text 'Breed 2' is set on object 'Object Repository/Backoffice/match_mgmt/wala_details/input_wala_breed'

2018-11-28 08:39:50 - [MESSAGE][PASSED] - Text 'Breed 2' is set on object 'Object Repository/Backoffice/match_mgmt/wala_details/input_wala_breed'

2018-11-28 08:39:50 - [TEST_STEP][PASSED] - setText: Text 'Weight 2' is set on object 'Object Repository/Backoffice/match_mgmt/wala_details/input_wala_weight'

2018-11-28 08:39:50 - [MESSAGE][PASSED] - Text 'Weight 2' is set on object 'Object Repository/Backoffice/match_mgmt/wala_details/input_wala_weight'

2018-11-28 08:39:50 - [TEST_STEP][PASSED] - click: Object: 'Object Repository/Backoffice/match_mgmt/input_submit_match' is clicked on

2018-11-28 08:39:54 - [MESSAGE][PASSED] - Object: 'Object Repository/Backoffice/match_mgmt/input_submit_match' is clicked on

2018-11-28 08:39:54 - [TEST_STEP][PASSED] - delay: Delayed 1 second(s)

2018-11-28 08:39:55 - [MESSAGE][PASSED] - Delayed 1 second(s)

2018-11-28 08:39:55 - [TEST_STEP][PASSED] - click: Object: 'Object Repository/Backoffice/match_mgmt/button_create_match' is clicked on

2018-11-28 08:39:56 - [MESSAGE][PASSED] - Object: 'Object Repository/Backoffice/match_mgmt/button_create_match' is clicked on

2018-11-28 08:39:56 - [TEST_STEP][PASSED] - delay: Delayed 1 second(s)

2018-11-28 08:39:57 - [MESSAGE][PASSED] - Delayed 1 second(s)

2018-11-28 08:39:57 - [TEST_STEP][PASSED] - click: Object: 'Object Repository/Backoffice/match_mgmt/span_select_arena_name' is clicked on

2018-11-28 08:39:57 - [MESSAGE][PASSED] - Object: 'Object Repository/Backoffice/match_mgmt/span_select_arena_name' is clicked on

2018-11-28 08:39:57 - [TEST_STEP][PASSED] - setText: Text 'ALIXANDRA SPORTS COMPLEX - ASC' is set on object 'Object Repository/Backoffice/match_mgmt/input__select2-search__arena_name'

2018-11-28 08:39:58 - [MESSAGE][PASSED] - Text 'ALIXANDRA SPORTS COMPLEX - ASC' is set on object 'Object Repository/Backoffice/match_mgmt/input__select2-search__arena_name'

2018-11-28 08:39:58 - [TEST_STEP][PASSED] - sendKeys: Keys 'ENTER + ' sent to object: 'Object Repository/Backoffice/match_mgmt/input__select2-search__arena_name'

2018-11-28 08:39:58 - [MESSAGE][PASSED] - Keys 'ENTER + ' sent to object: 'Object Repository/Backoffice/match_mgmt/input__select2-search__arena_name'

2018-11-28 08:39:58 - [TEST_STEP][PASSED] - setText: Text 'AA' is set on object 'Object Repository/Backoffice/match_mgmt/meron_details/input_meron_name'

2018-11-28 08:39:59 - [MESSAGE][PASSED] - Text 'AA' is set on object 'Object Repository/Backoffice/match_mgmt/meron_details/input_meron_name'

2018-11-28 08:39:59 - [TEST_STEP][PASSED] - setText: Text 'Farm 1' is set on object 'Object Repository/Backoffice/match_mgmt/meron_details/input_meron_farm'

2018-11-28 08:39:59 - [MESSAGE][PASSED] - Text 'Farm 1' is set on object 'Object Repository/Backoffice/match_mgmt/meron_details/input_meron_farm'

2018-11-28 08:39:59 - [TEST_STEP][PASSED] - setText: Text 'Breed 1' is set on object 'Object Repository/Backoffice/match_mgmt/meron_details/input_meron_breed'

2018-11-28 08:39:59 - [MESSAGE][PASSED] - Text 'Breed 1' is set on object 'Object Repository/Backoffice/match_mgmt/meron_details/input_meron_breed'

2018-11-28 08:39:59 - [TEST_STEP][PASSED] - setText: Text 'Weight 1' is set on object 'Object Repository/Backoffice/match_mgmt/meron_details/input_meron_weight'

2018-11-28 08:40:00 - [MESSAGE][PASSED] - Text 'Weight 1' is set on object 'Object Repository/Backoffice/match_mgmt/meron_details/input_meron_weight'

2018-11-28 08:40:00 - [TEST_STEP][PASSED] - setText: Text 'BB' is set on object 'Object Repository/Backoffice/match_mgmt/wala_details/input_wala_name'

2018-11-28 08:40:00 - [MESSAGE][PASSED] - Text 'BB' is set on object 'Object Repository/Backoffice/match_mgmt/wala_details/input_wala_name'

2018-11-28 08:40:00 - [TEST_STEP][PASSED] - setText: Text 'Farm 2' is set on object 'Object Repository/Backoffice/match_mgmt/wala_details/input_wala_farm'

2018-11-28 08:40:00 - [MESSAGE][PASSED] - Text 'Farm 2' is set on object 'Object Repository/Backoffice/match_mgmt/wala_details/input_wala_farm'

2018-11-28 08:40:00 - [TEST_STEP][PASSED] - setText: Text 'Breed 2' is set on object 'Object Repository/Backoffice/match_mgmt/wala_details/input_wala_breed'

2018-11-28 08:40:01 - [MESSAGE][PASSED] - Text 'Breed 2' is set on object 'Object Repository/Backoffice/match_mgmt/wala_details/input_wala_breed'

2018-11-28 08:40:01 - [TEST_STEP][PASSED] - setText: Text 'Weight 2' is set on object 'Object Repository/Backoffice/match_mgmt/wala_details/input_wala_weight'

2018-11-28 08:40:01 - [MESSAGE][PASSED] - Text 'Weight 2' is set on object 'Object Repository/Backoffice/match_mgmt/wala_details/input_wala_weight'

2018-11-28 08:40:01 - [TEST_STEP][PASSED] - click: Object: 'Object Repository/Backoffice/match_mgmt/input_submit_match' is clicked on

2018-11-28 08:40:03 - [MESSAGE][PASSED] - Object: 'Object Repository/Backoffice/match_mgmt/input_submit_match' is clicked on

2018-11-28 08:40:03 - [TEST_STEP][PASSED] - delay: Delayed 1 second(s)

2018-11-28 08:40:04 - [MESSAGE][PASSED] - Delayed 1 second(s)

2018-11-28 08:40:04 - [TEST_STEP][PASSED] - click: Object: 'Object Repository/Backoffice/match_mgmt/button_create_match' is clicked on

2018-11-28 08:40:04 - [MESSAGE][PASSED] - Object: 'Object Repository/Backoffice/match_mgmt/button_create_match' is clicked on

2018-11-28 08:40:04 - [TEST_STEP][PASSED] - delay: Delayed 1 second(s)

2018-11-28 08:40:05 - [MESSAGE][PASSED] - Delayed 1 second(s)

2018-11-28 08:40:05 - [TEST_STEP][PASSED] - click: Object: 'Object Repository/Backoffice/match_mgmt/span_select_arena_name' is clicked on

2018-11-28 08:40:06 - [MESSAGE][PASSED] - Object: 'Object Repository/Backoffice/match_mgmt/span_select_arena_name' is clicked on

2018-11-28 08:40:06 - [TEST_STEP][PASSED] - setText: Text 'ALIXANDRA SPORTS COMPLEX - ASC' is set on object 'Object Repository/Backoffice/match_mgmt/input__select2-search__arena_name'

2018-11-28 08:40:07 - [MESSAGE][PASSED] - Text 'ALIXANDRA SPORTS COMPLEX - ASC' is set on object 'Object Repository/Backoffice/match_mgmt/input__select2-search__arena_name'

2018-11-28 08:40:07 - [TEST_STEP][PASSED] - sendKeys: Keys 'ENTER + ' sent to object: 'Object Repository/Backoffice/match_mgmt/input__select2-search__arena_name'

2018-11-28 08:40:07 - [MESSAGE][PASSED] - Keys 'ENTER + ' sent to object: 'Object Repository/Backoffice/match_mgmt/input__select2-search__arena_name'

2018-11-28 08:40:07 - [TEST_STEP][PASSED] - setText: Text 'AA' is set on object 'Object Repository/Backoffice/match_mgmt/meron_details/input_meron_name'

2018-11-28 08:40:07 - [MESSAGE][PASSED] - Text 'AA' is set on object 'Object Repository/Backoffice/match_mgmt/meron_details/input_meron_name'

2018-11-28 08:40:07 - [TEST_STEP][PASSED] - setText: Text 'Farm 1' is set on object 'Object Repository/Backoffice/match_mgmt/meron_details/input_meron_farm'

2018-11-28 08:40:08 - [MESSAGE][PASSED] - Text 'Farm 1' is set on object 'Object Repository/Backoffice/match_mgmt/meron_details/input_meron_farm'

2018-11-28 08:40:08 - [TEST_STEP][PASSED] - setText: Text 'Breed 1' is set on object 'Object Repository/Backoffice/match_mgmt/meron_details/input_meron_breed'

2018-11-28 08:40:08 - [MESSAGE][PASSED] - Text 'Breed 1' is set on object 'Object Repository/Backoffice/match_mgmt/meron_details/input_meron_breed'

2018-11-28 08:40:08 - [TEST_STEP][PASSED] - setText: Text 'Weight 1' is set on object 'Object Repository/Backoffice/match_mgmt/meron_details/input_meron_weight'

2018-11-28 08:40:08 - [MESSAGE][PASSED] - Text 'Weight 1' is set on object 'Object Repository/Backoffice/match_mgmt/meron_details/input_meron_weight'

2018-11-28 08:40:08 - [TEST_STEP][PASSED] - setText: Text 'BB' is set on object 'Object Repository/Backoffice/match_mgmt/wala_details/input_wala_name'

2018-11-28 08:40:09 - [MESSAGE][PASSED] - Text 'BB' is set on object 'Object Repository/Backoffice/match_mgmt/wala_details/input_wala_name'

2018-11-28 08:40:09 - [TEST_STEP][PASSED] - setText: Text 'Farm 2' is set on object 'Object Repository/Backoffice/match_mgmt/wala_details/input_wala_farm'

2018-11-28 08:40:09 - [MESSAGE][PASSED] - Text 'Farm 2' is set on object 'Object Repository/Backoffice/match_mgmt/wala_details/input_wala_farm'

2018-11-28 08:40:09 - [TEST_STEP][PASSED] - setText: Text 'Breed 2' is set on object 'Object Repository/Backoffice/match_mgmt/wala_details/input_wala_breed'

2018-11-28 08:40:09 - [MESSAGE][PASSED] - Text 'Breed 2' is set on object 'Object Repository/Backoffice/match_mgmt/wala_details/input_wala_breed'

2018-11-28 08:40:09 - [TEST_STEP][PASSED] - setText: Text 'Weight 2' is set on object 'Object Repository/Backoffice/match_mgmt/wala_details/input_wala_weight'

2018-11-28 08:40:10 - [MESSAGE][PASSED] - Text 'Weight 2' is set on object 'Object Repository/Backoffice/match_mgmt/wala_details/input_wala_weight'

2018-11-28 08:40:10 - [TEST_STEP][PASSED] - click: Object: 'Object Repository/Backoffice/match_mgmt/input_submit_match' is clicked on

2018-11-28 08:40:13 - [MESSAGE][PASSED] - Object: 'Object Repository/Backoffice/match_mgmt/input_submit_match' is clicked on

2018-11-28 08:40:13 - [TEST_STEP][PASSED] - delay: Delayed 1 second(s)

2018-11-28 08:40:14 - [MESSAGE][PASSED] - Delayed 1 second(s)

2018-11-28 08:40:14 - [TEST_STEP][PASSED] - click: Object: 'Object Repository/Backoffice/match_mgmt/button_create_match' is clicked on

2018-11-28 08:40:14 - [MESSAGE][PASSED] - Object: 'Object Repository/Backoffice/match_mgmt/button_create_match' is clicked on

2018-11-28 08:40:14 - [TEST_STEP][PASSED] - delay: Delayed 1 second(s)

2018-11-28 08:40:15 - [MESSAGE][PASSED] - Delayed 1 second(s)

2018-11-28 08:40:15 - [TEST_STEP][PASSED] - click: Object: 'Object Repository/Backoffice/match_mgmt/span_select_arena_name' is clicked on

2018-11-28 08:40:15 - [MESSAGE][PASSED] - Object: 'Object Repository/Backoffice/match_mgmt/span_select_arena_name' is clicked on

2018-11-28 08:40:15 - [TEST_STEP][PASSED] - setText: Text 'ALIXANDRA SPORTS COMPLEX - ASC' is set on object 'Object Repository/Backoffice/match_mgmt/input__select2-search__arena_name'

2018-11-28 08:40:17 - [MESSAGE][PASSED] - Text 'ALIXANDRA SPORTS COMPLEX - ASC' is set on object 'Object Repository/Backoffice/match_mgmt/input__select2-search__arena_name'

2018-11-28 08:40:17 - [TEST_STEP][PASSED] - sendKeys: Keys 'ENTER + ' sent to object: 'Object Repository/Backoffice/match_mgmt/input__select2-search__arena_name'

2018-11-28 08:40:17 - [MESSAGE][PASSED] - Keys 'ENTER + ' sent to object: 'Object Repository/Backoffice/match_mgmt/input__select2-search__arena_name'

2018-11-28 08:40:17 - [TEST_STEP][PASSED] - setText: Text 'AA' is set on object 'Object Repository/Backoffice/match_mgmt/meron_details/input_meron_name'

2018-11-28 08:40:17 - [MESSAGE][PASSED] - Text 'AA' is set on object 'Object Repository/Backoffice/match_mgmt/meron_details/input_meron_name'

2018-11-28 08:40:17 - [TEST_STEP][PASSED] - setText: Text 'Farm 1' is set on object 'Object Repository/Backoffice/match_mgmt/meron_details/input_meron_farm'

2018-11-28 08:40:18 - [MESSAGE][PASSED] - Text 'Farm 1' is set on object 'Object Repository/Backoffice/match_mgmt/meron_details/input_meron_farm'

2018-11-28 08:40:18 - [TEST_STEP][PASSED] - setText: Text 'Breed 1' is set on object 'Object Repository/Backoffice/match_mgmt/meron_details/input_meron_breed'

2018-11-28 08:40:18 - [MESSAGE][PASSED] - Text 'Breed 1' is set on object 'Object Repository/Backoffice/match_mgmt/meron_details/input_meron_breed'

2018-11-28 08:40:18 - [TEST_STEP][PASSED] - setText: Text 'Weight 1' is set on object 'Object Repository/Backoffice/match_mgmt/meron_details/input_meron_weight'

2018-11-28 08:40:18 - [MESSAGE][PASSED] - Text 'Weight 1' is set on object 'Object Repository/Backoffice/match_mgmt/meron_details/input_meron_weight'

2018-11-28 08:40:18 - [TEST_STEP][PASSED] - setText: Text 'BB' is set on object 'Object Repository/Backoffice/match_mgmt/wala_details/input_wala_name'

2018-11-28 08:40:19 - [MESSAGE][PASSED] - Text 'BB' is set on object 'Object Repository/Backoffice/match_mgmt/wala_details/input_wala_name'

2018-11-28 08:40:19 - [TEST_STEP][PASSED] - setText: Text 'Farm 2' is set on object 'Object Repository/Backoffice/match_mgmt/wala_details/input_wala_farm'

2018-11-28 08:40:19 - [MESSAGE][PASSED] - Text 'Farm 2' is set on object 'Object Repository/Backoffice/match_mgmt/wala_details/input_wala_farm'

2018-11-28 08:40:19 - [TEST_STEP][PASSED] - setText: Text 'Breed 2' is set on object 'Object Repository/Backoffice/match_mgmt/wala_details/input_wala_breed'

2018-11-28 08:40:19 - [MESSAGE][PASSED] - Text 'Breed 2' is set on object 'Object Repository/Backoffice/match_mgmt/wala_details/input_wala_breed'

2018-11-28 08:40:19 - [TEST_STEP][PASSED] - setText: Text 'Weight 2' is set on object 'Object Repository/Backoffice/match_mgmt/wala_details/input_wala_weight'

2018-11-28 08:40:20 - [MESSAGE][PASSED] - Text 'Weight 2' is set on object 'Object Repository/Backoffice/match_mgmt/wala_details/input_wala_weight'

2018-11-28 08:40:20 - [TEST_STEP][PASSED] - click: Object: 'Object Repository/Backoffice/match_mgmt/input_submit_match' is clicked on

2018-11-28 08:40:22 - [MESSAGE][PASSED] - Object: 'Object Repository/Backoffice/match_mgmt/input_submit_match' is clicked on

2018-11-28 08:40:22 - [TEST_STEP][PASSED] - delay: Delayed 1 second(s)

2018-11-28 08:40:23 - [MESSAGE][PASSED] - Delayed 1 second(s)

2018-11-28 08:40:23 - [TEST_STEP][PASSED] - click: Object: 'Object Repository/Backoffice/match_mgmt/button_create_match' is clicked on

2018-11-28 08:40:24 - [MESSAGE][PASSED] - Object: 'Object Repository/Backoffice/match_mgmt/button_create_match' is clicked on

2018-11-28 08:40:24 - [TEST_STEP][PASSED] - delay: Delayed 1 second(s)

2018-11-28 08:40:25 - [MESSAGE][PASSED] - Delayed 1 second(s)

2018-11-28 08:40:25 - [TEST_STEP][PASSED] - click: Object: 'Object Repository/Backoffice/match_mgmt/span_select_arena_name' is clicked on

2018-11-28 08:40:25 - [MESSAGE][PASSED] - Object: 'Object Repository/Backoffice/match_mgmt/span_select_arena_name' is clicked on

2018-11-28 08:40:25 - [TEST_STEP][PASSED] - setText: Text 'ALIXANDRA SPORTS COMPLEX - ASC' is set on object 'Object Repository/Backoffice/match_mgmt/input__select2-search__arena_name'

2018-11-28 08:40:26 - [MESSAGE][PASSED] - Text 'ALIXANDRA SPORTS COMPLEX - ASC' is set on object 'Object Repository/Backoffice/match_mgmt/input__select2-search__arena_name'

2018-11-28 08:40:26 - [TEST_STEP][PASSED] - sendKeys: Keys 'ENTER + ' sent to object: 'Object Repository/Backoffice/match_mgmt/input__select2-search__arena_name'

2018-11-28 08:40:26 - [MESSAGE][PASSED] - Keys 'ENTER + ' sent to object: 'Object Repository/Backoffice/match_mgmt/input__select2-search__arena_name'

2018-11-28 08:40:26 - [TEST_STEP][PASSED] - setText: Text 'AA' is set on object 'Object Repository/Backoffice/match_mgmt/meron_details/input_meron_name'

2018-11-28 08:40:27 - [MESSAGE][PASSED] - Text 'AA' is set on object 'Object Repository/Backoffice/match_mgmt/meron_details/input_meron_name'

2018-11-28 08:40:27 - [TEST_STEP][PASSED] - setText: Text 'Farm 1' is set on object 'Object Repository/Backoffice/match_mgmt/meron_details/input_meron_farm'

2018-11-28 08:40:27 - [MESSAGE][PASSED] - Text 'Farm 1' is set on object 'Object Repository/Backoffice/match_mgmt/meron_details/input_meron_farm'

2018-11-28 08:40:27 - [TEST_STEP][PASSED] - setText: Text 'Breed 1' is set on object 'Object Repository/Backoffice/match_mgmt/meron_details/input_meron_breed'

2018-11-28 08:40:27 - [MESSAGE][PASSED] - Text 'Breed 1' is set on object 'Object Repository/Backoffice/match_mgmt/meron_details/input_meron_breed'

2018-11-28 08:40:27 - [TEST_STEP][PASSED] - setText: Text 'Weight 1' is set on object 'Object Repository/Backoffice/match_mgmt/meron_details/input_meron_weight'

2018-11-28 08:40:28 - [MESSAGE][PASSED] - Text 'Weight 1' is set on object 'Object Repository/Backoffice/match_mgmt/meron_details/input_meron_weight'

2018-11-28 08:40:28 - [TEST_STEP][PASSED] - setText: Text 'BB' is set on object 'Object Repository/Backoffice/match_mgmt/wala_details/input_wala_name'

2018-11-28 08:40:28 - [MESSAGE][PASSED] - Text 'BB' is set on object 'Object Repository/Backoffice/match_mgmt/wala_details/input_wala_name'

2018-11-28 08:40:28 - [TEST_STEP][PASSED] - setText: Text 'Farm 2' is set on object 'Object Repository/Backoffice/match_mgmt/wala_details/input_wala_farm'

2018-11-28 08:40:28 - [MESSAGE][PASSED] - Text 'Farm 2' is set on object 'Object Repository/Backoffice/match_mgmt/wala_details/input_wala_farm'

2018-11-28 08:40:28 - [TEST_STEP][PASSED] - setText: Text 'Breed 2' is set on object 'Object Repository/Backoffice/match_mgmt/wala_details/input_wala_breed'

2018-11-28 08:40:28 - [MESSAGE][PASSED] - Text 'Breed 2' is set on object 'Object Repository/Backoffice/match_mgmt/wala_details/input_wala_breed'

2018-11-28 08:40:28 - [TEST_STEP][PASSED] - setText: Text 'Weight 2' is set on object 'Object Repository/Backoffice/match_mgmt/wala_details/input_wala_weight'

2018-11-28 08:40:29 - [MESSAGE][PASSED] - Text 'Weight 2' is set on object 'Object Repository/Backoffice/match_mgmt/wala_details/input_wala_weight'

2018-11-28 08:40:29 - [TEST_STEP][PASSED] - click: Object: 'Object Repository/Backoffice/match_mgmt/input_submit_match' is clicked on

2018-11-28 08:40:31 - [MESSAGE][PASSED] - Object: 'Object Repository/Backoffice/match_mgmt/input_submit_match' is clicked on

2018-11-28 08:40:31 - [TEST_STEP][PASSED] - delay: Delayed 1 second(s)

2018-11-28 08:40:32 - [MESSAGE][PASSED] - Delayed 1 second(s)

2018-11-28 08:40:32 - [TEST_STEP][PASSED] - click: Object: 'Object Repository/Backoffice/match_mgmt/button_create_match' is clicked on

2018-11-28 08:40:32 - [MESSAGE][PASSED] - Object: 'Object Repository/Backoffice/match_mgmt/button_create_match' is clicked on

2018-11-28 08:40:32 - [TEST_STEP][PASSED] - delay: Delayed 1 second(s)

2018-11-28 08:40:33 - [MESSAGE][PASSED] - Delayed 1 second(s)

2018-11-28 08:40:33 - [TEST_STEP][PASSED] - click: Object: 'Object Repository/Backoffice/match_mgmt/span_select_arena_name' is clicked on

2018-11-28 08:40:33 - [MESSAGE][PASSED] - Object: 'Object Repository/Backoffice/match_mgmt/span_select_arena_name' is clicked on

2018-11-28 08:40:33 - [TEST_STEP][PASSED] - setText: Text 'ALIXANDRA SPORTS COMPLEX - ASC' is set on object 'Object Repository/Backoffice/match_mgmt/input__select2-search__arena_name'

2018-11-28 08:40:35 - [MESSAGE][PASSED] - Text 'ALIXANDRA SPORTS COMPLEX - ASC' is set on object 'Object Repository/Backoffice/match_mgmt/input__select2-search__arena_name'

2018-11-28 08:40:35 - [TEST_STEP][PASSED] - sendKeys: Keys 'ENTER + ' sent to object: 'Object Repository/Backoffice/match_mgmt/input__select2-search__arena_name'

2018-11-28 08:40:35 - [MESSAGE][PASSED] - Keys 'ENTER + ' sent to object: 'Object Repository/Backoffice/match_mgmt/input__select2-search__arena_name'

2018-11-28 08:40:35 - [TEST_STEP][PASSED] - setText: Text 'AA' is set on object 'Object Repository/Backoffice/match_mgmt/meron_details/input_meron_name'

2018-11-28 08:40:35 - [MESSAGE][PASSED] - Text 'AA' is set on object 'Object Repository/Backoffice/match_mgmt/meron_details/input_meron_name'

2018-11-28 08:40:35 - [TEST_STEP][PASSED] - setText: Text 'Farm 1' is set on object 'Object Repository/Backoffice/match_mgmt/meron_details/input_meron_farm'

2018-11-28 08:40:35 - [MESSAGE][PASSED] - Text 'Farm 1' is set on object 'Object Repository/Backoffice/match_mgmt/meron_details/input_meron_farm'

2018-11-28 08:40:35 - [TEST_STEP][PASSED] - setText: Text 'Breed 1' is set on object 'Object Repository/Backoffice/match_mgmt/meron_details/input_meron_breed'

2018-11-28 08:40:36 - [MESSAGE][PASSED] - Text 'Breed 1' is set on object 'Object Repository/Backoffice/match_mgmt/meron_details/input_meron_breed'

2018-11-28 08:40:36 - [TEST_STEP][PASSED] - setText: Text 'Weight 1' is set on object 'Object Repository/Backoffice/match_mgmt/meron_details/input_meron_weight'

2018-11-28 08:40:36 - [MESSAGE][PASSED] - Text 'Weight 1' is set on object 'Object Repository/Backoffice/match_mgmt/meron_details/input_meron_weight'

2018-11-28 08:40:36 - [TEST_STEP][PASSED] - setText: Text 'BB' is set on object 'Object Repository/Backoffice/match_mgmt/wala_details/input_wala_name'

2018-11-28 08:40:36 - [MESSAGE][PASSED] - Text 'BB' is set on object 'Object Repository/Backoffice/match_mgmt/wala_details/input_wala_name'

2018-11-28 08:40:36 - [TEST_STEP][PASSED] - setText: Text 'Farm 2' is set on object 'Object Repository/Backoffice/match_mgmt/wala_details/input_wala_farm'

2018-11-28 08:40:37 - [MESSAGE][PASSED] - Text 'Farm 2' is set on object 'Object Repository/Backoffice/match_mgmt/wala_details/input_wala_farm'

2018-11-28 08:40:37 - [TEST_STEP][PASSED] - setText: Text 'Breed 2' is set on object 'Object Repository/Backoffice/match_mgmt/wala_details/input_wala_breed'

2018-11-28 08:40:37 - [MESSAGE][PASSED] - Text 'Breed 2' is set on object 'Object Repository/Backoffice/match_mgmt/wala_details/input_wala_breed'

2018-11-28 08:40:37 - [TEST_STEP][PASSED] - setText: Text 'Weight 2' is set on object 'Object Repository/Backoffice/match_mgmt/wala_details/input_wala_weight'

2018-11-28 08:40:37 - [MESSAGE][PASSED] - Text 'Weight 2' is set on object 'Object Repository/Backoffice/match_mgmt/wala_details/input_wala_weight'

2018-11-28 08:40:37 - [TEST_STEP][PASSED] - click: Object: 'Object Repository/Backoffice/match_mgmt/input_submit_match' is clicked on

2018-11-28 08:40:40 - [MESSAGE][PASSED] - Object: 'Object Repository/Backoffice/match_mgmt/input_submit_match' is clicked on

2018-11-28 08:40:40 - [TEST_STEP][PASSED] - delay: Delayed 1 second(s)

2018-11-28 08:40:41 - [MESSAGE][PASSED] - Delayed 1 second(s)

2018-11-28 08:40:41 - [TEST_STEP][PASSED] - click: Object: 'Object Repository/Backoffice/match_mgmt/button_create_match' is clicked on

2018-11-28 08:40:41 - [MESSAGE][PASSED] - Object: 'Object Repository/Backoffice/match_mgmt/button_create_match' is clicked on

2018-11-28 08:40:41 - [TEST_STEP][PASSED] - delay: Delayed 1 second(s)

2018-11-28 08:40:42 - [MESSAGE][PASSED] - Delayed 1 second(s)

2018-11-28 08:40:42 - [TEST_STEP][PASSED] - click: Object: 'Object Repository/Backoffice/match_mgmt/span_select_arena_name' is clicked on

2018-11-28 08:40:42 - [MESSAGE][PASSED] - Object: 'Object Repository/Backoffice/match_mgmt/span_select_arena_name' is clicked on

2018-11-28 08:40:42 - [TEST_STEP][PASSED] - setText: Text 'ALIXANDRA SPORTS COMPLEX - ASC' is set on object 'Object Repository/Backoffice/match_mgmt/input__select2-search__arena_name'

2018-11-28 08:40:44 - [MESSAGE][PASSED] - Text 'ALIXANDRA SPORTS COMPLEX - ASC' is set on object 'Object Repository/Backoffice/match_mgmt/input__select2-search__arena_name'

2018-11-28 08:40:44 - [TEST_STEP][PASSED] - sendKeys: Keys 'ENTER + ' sent to object: 'Object Repository/Backoffice/match_mgmt/input__select2-search__arena_name'

2018-11-28 08:40:44 - [MESSAGE][PASSED] - Keys 'ENTER + ' sent to object: 'Object Repository/Backoffice/match_mgmt/input__select2-search__arena_name'

2018-11-28 08:40:44 - [TEST_STEP][PASSED] - setText: Text 'AA' is set on object 'Object Repository/Backoffice/match_mgmt/meron_details/input_meron_name'

2018-11-28 08:40:44 - [MESSAGE][PASSED] - Text 'AA' is set on object 'Object Repository/Backoffice/match_mgmt/meron_details/input_meron_name'

2018-11-28 08:40:44 - [TEST_STEP][PASSED] - setText: Text 'Farm 1' is set on object 'Object Repository/Backoffice/match_mgmt/meron_details/input_meron_farm'

2018-11-28 08:40:44 - [MESSAGE][PASSED] - Text 'Farm 1' is set on object 'Object Repository/Backoffice/match_mgmt/meron_details/input_meron_farm'

2018-11-28 08:40:44 - [TEST_STEP][PASSED] - setText: Text 'Breed 1' is set on object 'Object Repository/Backoffice/match_mgmt/meron_details/input_meron_breed'

2018-11-28 08:40:45 - [MESSAGE][PASSED] - Text 'Breed 1' is set on object 'Object Repository/Backoffice/match_mgmt/meron_details/input_meron_breed'

2018-11-28 08:40:45 - [TEST_STEP][PASSED] - setText: Text 'Weight 1' is set on object 'Object Repository/Backoffice/match_mgmt/meron_details/input_meron_weight'

2018-11-28 08:40:45 - [MESSAGE][PASSED] - Text 'Weight 1' is set on object 'Object Repository/Backoffice/match_mgmt/meron_details/input_meron_weight'

2018-11-28 08:40:45 - [TEST_STEP][PASSED] - setText: Text 'BB' is set on object 'Object Repository/Backoffice/match_mgmt/wala_details/input_wala_name'

2018-11-28 08:40:45 - [MESSAGE][PASSED] - Text 'BB' is set on object 'Object Repository/Backoffice/match_mgmt/wala_details/input_wala_name'

2018-11-28 08:40:45 - [TEST_STEP][PASSED] - setText: Text 'Farm 2' is set on object 'Object Repository/Backoffice/match_mgmt/wala_details/input_wala_farm'

2018-11-28 08:40:46 - [MESSAGE][PASSED] - Text 'Farm 2' is set on object 'Object Repository/Backoffice/match_mgmt/wala_details/input_wala_farm'

2018-11-28 08:40:46 - [TEST_STEP][PASSED] - setText: Text 'Breed 2' is set on object 'Object Repository/Backoffice/match_mgmt/wala_details/input_wala_breed'

2018-11-28 08:40:46 - [MESSAGE][PASSED] - Text 'Breed 2' is set on object 'Object Repository/Backoffice/match_mgmt/wala_details/input_wala_breed'

2018-11-28 08:40:46 - [TEST_STEP][PASSED] - setText: Text 'Weight 2' is set on object 'Object Repository/Backoffice/match_mgmt/wala_details/input_wala_weight'

2018-11-28 08:40:46 - [MESSAGE][PASSED] - Text 'Weight 2' is set on object 'Object Repository/Backoffice/match_mgmt/wala_details/input_wala_weight'

2018-11-28 08:40:46 - [TEST_STEP][PASSED] - click: Object: 'Object Repository/Backoffice/match_mgmt/input_submit_match' is clicked on

2018-11-28 08:40:48 - [MESSAGE][PASSED] - Object: 'Object Repository/Backoffice/match_mgmt/input_submit_match' is clicked on

2018-11-28 08:40:48 - [TEST_STEP][PASSED] - delay: Delayed 1 second(s)

2018-11-28 08:40:49 - [MESSAGE][PASSED] - Delayed 1 second(s)

2018-11-28 08:40:49 - [TEST_STEP][PASSED] - click: Object: 'Object Repository/Backoffice/match_mgmt/button_create_match' is clicked on

2018-11-28 08:40:50 - [MESSAGE][PASSED] - Object: 'Object Repository/Backoffice/match_mgmt/button_create_match' is clicked on

2018-11-28 08:40:50 - [TEST_STEP][PASSED] - delay: Delayed 1 second(s)

2018-11-28 08:40:51 - [MESSAGE][PASSED] - Delayed 1 second(s)

2018-11-28 08:40:51 - [TEST_STEP][PASSED] - click: Object: 'Object Repository/Backoffice/match_mgmt/span_select_arena_name' is clicked on

2018-11-28 08:40:51 - [MESSAGE][PASSED] - Object: 'Object Repository/Backoffice/match_mgmt/span_select_arena_name' is clicked on

2018-11-28 08:40:51 - [TEST_STEP][PASSED] - setText: Text 'ALIXANDRA SPORTS COMPLEX - ASC' is set on object 'Object Repository/Backoffice/match_mgmt/input__select2-search__arena_name'

2018-11-28 08:40:52 - [MESSAGE][PASSED] - Text 'ALIXANDRA SPORTS COMPLEX - ASC' is set on object 'Object Repository/Backoffice/match_mgmt/input__select2-search__arena_name'

2018-11-28 08:40:52 - [TEST_STEP][PASSED] - sendKeys: Keys 'ENTER + ' sent to object: 'Object Repository/Backoffice/match_mgmt/input__select2-search__arena_name'

2018-11-28 08:40:52 - [MESSAGE][PASSED] - Keys 'ENTER + ' sent to object: 'Object Repository/Backoffice/match_mgmt/input__select2-search__arena_name'

2018-11-28 08:40:52 - [TEST_STEP][PASSED] - setText: Text 'AA' is set on object 'Object Repository/Backoffice/match_mgmt/meron_details/input_meron_name'

2018-11-28 08:40:53 - [MESSAGE][PASSED] - Text 'AA' is set on object 'Object Repository/Backoffice/match_mgmt/meron_details/input_meron_name'

2018-11-28 08:40:53 - [TEST_STEP][PASSED] - setText: Text 'Farm 1' is set on object 'Object Repository/Backoffice/match_mgmt/meron_details/input_meron_farm'

2018-11-28 08:40:53 - [MESSAGE][PASSED] - Text 'Farm 1' is set on object 'Object Repository/Backoffice/match_mgmt/meron_details/input_meron_farm'

2018-11-28 08:40:53 - [TEST_STEP][PASSED] - setText: Text 'Breed 1' is set on object 'Object Repository/Backoffice/match_mgmt/meron_details/input_meron_breed'

2018-11-28 08:40:53 - [MESSAGE][PASSED] - Text 'Breed 1' is set on object 'Object Repository/Backoffice/match_mgmt/meron_details/input_meron_breed'

2018-11-28 08:40:53 - [TEST_STEP][PASSED] - setText: Text 'Weight 1' is set on object 'Object Repository/Backoffice/match_mgmt/meron_details/input_meron_weight'

2018-11-28 08:40:54 - [MESSAGE][PASSED] - Text 'Weight 1' is set on object 'Object Repository/Backoffice/match_mgmt/meron_details/input_meron_weight'

2018-11-28 08:40:54 - [TEST_STEP][PASSED] - setText: Text 'BB' is set on object 'Object Repository/Backoffice/match_mgmt/wala_details/input_wala_name'

2018-11-28 08:40:54 - [MESSAGE][PASSED] - Text 'BB' is set on object 'Object Repository/Backoffice/match_mgmt/wala_details/input_wala_name'

2018-11-28 08:40:54 - [TEST_STEP][PASSED] - setText: Text 'Farm 2' is set on object 'Object Repository/Backoffice/match_mgmt/wala_details/input_wala_farm'

2018-11-28 08:40:54 - [MESSAGE][PASSED] - Text 'Farm 2' is set on object 'Object Repository/Backoffice/match_mgmt/wala_details/input_wala_farm'

2018-11-28 08:40:54 - [TEST_STEP][PASSED] - setText: Text 'Breed 2' is set on object 'Object Repository/Backoffice/match_mgmt/wala_details/input_wala_breed'

2018-11-28 08:40:55 - [MESSAGE][PASSED] - Text 'Breed 2' is set on object 'Object Repository/Backoffice/match_mgmt/wala_details/input_wala_breed'

2018-11-28 08:40:55 - [TEST_STEP][PASSED] - setText: Text 'Weight 2' is set on object 'Object Repository/Backoffice/match_mgmt/wala_details/input_wala_weight'

2018-11-28 08:40:55 - [MESSAGE][PASSED] - Text 'Weight 2' is set on object 'Object Repository/Backoffice/match_mgmt/wala_details/input_wala_weight'

2018-11-28 08:40:55 - [TEST_STEP][PASSED] - click: Object: 'Object Repository/Backoffice/match_mgmt/input_submit_match' is clicked on

2018-11-28 08:40:57 - [MESSAGE][PASSED] - Object: 'Object Repository/Backoffice/match_mgmt/input_submit_match' is clicked on

2018-11-28 08:40:57 - [TEST_STEP][PASSED] - delay: Delayed 1 second(s)

2018-11-28 08:40:58 - [MESSAGE][PASSED] - Delayed 1 second(s)

2018-11-28 08:40:58 - [TEST_STEP][PASSED] - click: Object: 'Object Repository/Backoffice/match_mgmt/button_create_match' is clicked on

2018-11-28 08:40:59 - [MESSAGE][PASSED] - Object: 'Object Repository/Backoffice/match_mgmt/button_create_match' is clicked on

2018-11-28 08:40:59 - [TEST_STEP][PASSED] - delay: Delayed 1 second(s)

2018-11-28 08:41:00 - [MESSAGE][PASSED] - Delayed 1 second(s)

2018-11-28 08:41:00 - [TEST_STEP][PASSED] - click: Object: 'Object Repository/Backoffice/match_mgmt/span_select_arena_name' is clicked on

2018-11-28 08:41:00 - [MESSAGE][PASSED] - Object: 'Object Repository/Backoffice/match_mgmt/span_select_arena_name' is clicked on

2018-11-28 08:41:00 - [TEST_STEP][PASSED] - setText: Text 'ALIXANDRA SPORTS COMPLEX - ASC' is set on object 'Object Repository/Backoffice/match_mgmt/input__select2-search__arena_name'

2018-11-28 08:41:01 - [MESSAGE][PASSED] - Text 'ALIXANDRA SPORTS COMPLEX - ASC' is set on object 'Object Repository/Backoffice/match_mgmt/input__select2-search__arena_name'

2018-11-28 08:41:01 - [TEST_STEP][PASSED] - sendKeys: Keys 'ENTER + ' sent to object: 'Object Repository/Backoffice/match_mgmt/input__select2-search__arena_name'

2018-11-28 08:41:01 - [MESSAGE][PASSED] - Keys 'ENTER + ' sent to object: 'Object Repository/Backoffice/match_mgmt/input__select2-search__arena_name'

2018-11-28 08:41:01 - [TEST_STEP][PASSED] - setText: Text 'AA' is set on object 'Object Repository/Backoffice/match_mgmt/meron_details/input_meron_name'

2018-11-28 08:41:02 - [MESSAGE][PASSED] - Text 'AA' is set on object 'Object Repository/Backoffice/match_mgmt/meron_details/input_meron_name'

2018-11-28 08:41:02 - [TEST_STEP][PASSED] - setText: Text 'Farm 1' is set on object 'Object Repository/Backoffice/match_mgmt/meron_details/input_meron_farm'

2018-11-28 08:41:02 - [MESSAGE][PASSED] - Text 'Farm 1' is set on object 'Object Repository/Backoffice/match_mgmt/meron_details/input_meron_farm'

2018-11-28 08:41:02 - [TEST_STEP][PASSED] - setText: Text 'Breed 1' is set on object 'Object Repository/Backoffice/match_mgmt/meron_details/input_meron_breed'

2018-11-28 08:41:02 - [MESSAGE][PASSED] - Text 'Breed 1' is set on object 'Object Repository/Backoffice/match_mgmt/meron_details/input_meron_breed'

2018-11-28 08:41:02 - [TEST_STEP][PASSED] - setText: Text 'Weight 1' is set on object 'Object Repository/Backoffice/match_mgmt/meron_details/input_meron_weight'

2018-11-28 08:41:02 - [MESSAGE][PASSED] - Text 'Weight 1' is set on object 'Object Repository/Backoffice/match_mgmt/meron_details/input_meron_weight'

2018-11-28 08:41:02 - [TEST_STEP][PASSED] - setText: Text 'BB' is set on object 'Object Repository/Backoffice/match_mgmt/wala_details/input_wala_name'

2018-11-28 08:41:03 - [MESSAGE][PASSED] - Text 'BB' is set on object 'Object Repository/Backoffice/match_mgmt/wala_details/input_wala_name'

2018-11-28 08:41:03 - [TEST_STEP][PASSED] - setText: Text 'Farm 2' is set on object 'Object Repository/Backoffice/match_mgmt/wala_details/input_wala_farm'

2018-11-28 08:41:03 - [MESSAGE][PASSED] - Text 'Farm 2' is set on object 'Object Repository/Backoffice/match_mgmt/wala_details/input_wala_farm'

2018-11-28 08:41:03 - [TEST_STEP][PASSED] - setText: Text 'Breed 2' is set on object 'Object Repository/Backoffice/match_mgmt/wala_details/input_wala_breed'

2018-11-28 08:41:03 - [MESSAGE][PASSED] - Text 'Breed 2' is set on object 'Object Repository/Backoffice/match_mgmt/wala_details/input_wala_breed'

2018-11-28 08:41:03 - [TEST_STEP][PASSED] - setText: Text 'Weight 2' is set on object 'Object Repository/Backoffice/match_mgmt/wala_details/input_wala_weight'

2018-11-28 08:41:03 - [MESSAGE][PASSED] - Text 'Weight 2' is set on object 'Object Repository/Backoffice/match_mgmt/wala_details/input_wala_weight'

2018-11-28 08:41:03 - [TEST_STEP][PASSED] - click: Object: 'Object Repository/Backoffice/match_mgmt/input_submit_match' is clicked on

2018-11-28 08:41:06 - [MESSAGE][PASSED] - Object: 'Object Repository/Backoffice/match_mgmt/input_submit_match' is clicked on

2018-11-28 08:41:06 - [TEST_STEP][PASSED] - delay: Delayed 1 second(s)

2018-11-28 08:41:07 - [MESSAGE][PASSED] - Delayed 1 second(s)

2018-11-28 08:41:07 - [TEST_STEP][PASSED] - click: Object: 'Object Repository/Backoffice/match_mgmt/button_create_match' is clicked on

2018-11-28 08:41:07 - [MESSAGE][PASSED] - Object: 'Object Repository/Backoffice/match_mgmt/button_create_match' is clicked on

2018-11-28 08:41:07 - [TEST_STEP][PASSED] - delay: Delayed 1 second(s)

2018-11-28 08:41:08 - [MESSAGE][PASSED] - Delayed 1 second(s)

2018-11-28 08:41:08 - [TEST_STEP][PASSED] - click: Object: 'Object Repository/Backoffice/match_mgmt/span_select_arena_name' is clicked on

2018-11-28 08:41:08 - [MESSAGE][PASSED] - Object: 'Object Repository/Backoffice/match_mgmt/span_select_arena_name' is clicked on

2018-11-28 08:41:08 - [TEST_STEP][PASSED] - setText: Text 'ALIXANDRA SPORTS COMPLEX - ASC' is set on object 'Object Repository/Backoffice/match_mgmt/input__select2-search__arena_name'

2018-11-28 08:41:10 - [MESSAGE][PASSED] - Text 'ALIXANDRA SPORTS COMPLEX - ASC' is set on object 'Object Repository/Backoffice/match_mgmt/input__select2-search__arena_name'

2018-11-28 08:41:10 - [TEST_STEP][PASSED] - sendKeys: Keys 'ENTER + ' sent to object: 'Object Repository/Backoffice/match_mgmt/input__select2-search__arena_name'

2018-11-28 08:41:10 - [MESSAGE][PASSED] - Keys 'ENTER + ' sent to object: 'Object Repository/Backoffice/match_mgmt/input__select2-search__arena_name'

2018-11-28 08:41:10 - [TEST_STEP][PASSED] - setText: Text 'AA' is set on object 'Object Repository/Backoffice/match_mgmt/meron_details/input_meron_name'

2018-11-28 08:41:10 - [MESSAGE][PASSED] - Text 'AA' is set on object 'Object Repository/Backoffice/match_mgmt/meron_details/input_meron_name'

2018-11-28 08:41:10 - [TEST_STEP][PASSED] - setText: Text 'Farm 1' is set on object 'Object Repository/Backoffice/match_mgmt/meron_details/input_meron_farm'

2018-11-28 08:41:10 - [MESSAGE][PASSED] - Text 'Farm 1' is set on object 'Object Repository/Backoffice/match_mgmt/meron_details/input_meron_farm'

2018-11-28 08:41:10 - [TEST_STEP][PASSED] - setText: Text 'Breed 1' is set on object 'Object Repository/Backoffice/match_mgmt/meron_details/input_meron_breed'

2018-11-28 08:41:11 - [MESSAGE][PASSED] - Text 'Breed 1' is set on object 'Object Repository/Backoffice/match_mgmt/meron_details/input_meron_breed'

2018-11-28 08:41:11 - [TEST_STEP][PASSED] - setText: Text 'Weight 1' is set on object 'Object Repository/Backoffice/match_mgmt/meron_details/input_meron_weight'

2018-11-28 08:41:11 - [MESSAGE][PASSED] - Text 'Weight 1' is set on object 'Object Repository/Backoffice/match_mgmt/meron_details/input_meron_weight'

2018-11-28 08:41:11 - [TEST_STEP][PASSED] - setText: Text 'BB' is set on object 'Object Repository/Backoffice/match_mgmt/wala_details/input_wala_name'

2018-11-28 08:41:11 - [MESSAGE][PASSED] - Text 'BB' is set on object 'Object Repository/Backoffice/match_mgmt/wala_details/input_wala_name'

2018-11-28 08:41:11 - [TEST_STEP][PASSED] - setText: Text 'Farm 2' is set on object 'Object Repository/Backoffice/match_mgmt/wala_details/input_wala_farm'

2018-11-28 08:41:12 - [MESSAGE][PASSED] - Text 'Farm 2' is set on object 'Object Repository/Backoffice/match_mgmt/wala_details/input_wala_farm'

2018-11-28 08:41:12 - [TEST_STEP][PASSED] - setText: Text 'Breed 2' is set on object 'Object Repository/Backoffice/match_mgmt/wala_details/input_wala_breed'

2018-11-28 08:41:12 - [MESSAGE][PASSED] - Text 'Breed 2' is set on object 'Object Repository/Backoffice/match_mgmt/wala_details/input_wala_breed'

2018-11-28 08:41:12 - [TEST_STEP][PASSED] - setText: Text 'Weight 2' is set on object 'Object Repository/Backoffice/match_mgmt/wala_details/input_wala_weight'

2018-11-28 08:41:12 - [MESSAGE][PASSED] - Text 'Weight 2' is set on object 'Object Repository/Backoffice/match_mgmt/wala_details/input_wala_weight'

2018-11-28 08:41:12 - [TEST_STEP][PASSED] - click: Object: 'Object Repository/Backoffice/match_mgmt/input_submit_match' is clicked on

2018-11-28 08:41:15 - [MESSAGE][PASSED] - Object: 'Object Repository/Backoffice/match_mgmt/input_submit_match' is clicked on

2018-11-28 08:41:15 - [TEST_STEP][PASSED] - delay: Delayed 1 second(s)

2018-11-28 08:41:16 - [MESSAGE][PASSED] - Delayed 1 second(s)

2018-11-28 08:41:16 - [TEST_STEP][PASSED] - click: Object: 'Object Repository/Backoffice/match_mgmt/button_create_match' is clicked on

2018-11-28 08:41:16 - [MESSAGE][PASSED] - Object: 'Object Repository/Backoffice/match_mgmt/button_create_match' is clicked on

2018-11-28 08:41:16 - [TEST_STEP][PASSED] - delay: Delayed 1 second(s)

2018-11-28 08:41:17 - [MESSAGE][PASSED] - Delayed 1 second(s)

2018-11-28 08:41:17 - [TEST_STEP][PASSED] - click: Object: 'Object Repository/Backoffice/match_mgmt/span_select_arena_name' is clicked on

2018-11-28 08:41:17 - [MESSAGE][PASSED] - Object: 'Object Repository/Backoffice/match_mgmt/span_select_arena_name' is clicked on

2018-11-28 08:41:17 - [TEST_STEP][PASSED] - setText: Text 'ALIXANDRA SPORTS COMPLEX - ASC' is set on object 'Object Repository/Backoffice/match_mgmt/input__select2-search__arena_name'

2018-11-28 08:41:19 - [MESSAGE][PASSED] - Text 'ALIXANDRA SPORTS COMPLEX - ASC' is set on object 'Object Repository/Backoffice/match_mgmt/input__select2-search__arena_name'

2018-11-28 08:41:19 - [TEST_STEP][PASSED] - sendKeys: Keys 'ENTER + ' sent to object: 'Object Repository/Backoffice/match_mgmt/input__select2-search__arena_name'

2018-11-28 08:41:19 - [MESSAGE][PASSED] - Keys 'ENTER + ' sent to object: 'Object Repository/Backoffice/match_mgmt/input__select2-search__arena_name'

2018-11-28 08:41:19 - [TEST_STEP][PASSED] - setText: Text 'AA' is set on object 'Object Repository/Backoffice/match_mgmt/meron_details/input_meron_name'

2018-11-28 08:41:19 - [MESSAGE][PASSED] - Text 'AA' is set on object 'Object Repository/Backoffice/match_mgmt/meron_details/input_meron_name'

2018-11-28 08:41:19 - [TEST_STEP][PASSED] - setText: Text 'Farm 1' is set on object 'Object Repository/Backoffice/match_mgmt/meron_details/input_meron_farm'

2018-11-28 08:41:19 - [MESSAGE][PASSED] - Text 'Farm 1' is set on object 'Object Repository/Backoffice/match_mgmt/meron_details/input_meron_farm'

2018-11-28 08:41:19 - [TEST_STEP][PASSED] - setText: Text 'Breed 1' is set on object 'Object Repository/Backoffice/match_mgmt/meron_details/input_meron_breed'

2018-11-28 08:41:20 - [MESSAGE][PASSED] - Text 'Breed 1' is set on object 'Object Repository/Backoffice/match_mgmt/meron_details/input_meron_breed'

2018-11-28 08:41:20 - [TEST_STEP][PASSED] - setText: Text 'Weight 1' is set on object 'Object Repository/Backoffice/match_mgmt/meron_details/input_meron_weight'

2018-11-28 08:41:20 - [MESSAGE][PASSED] - Text 'Weight 1' is set on object 'Object Repository/Backoffice/match_mgmt/meron_details/input_meron_weight'

2018-11-28 08:41:20 - [TEST_STEP][PASSED] - setText: Text 'BB' is set on object 'Object Repository/Backoffice/match_mgmt/wala_details/input_wala_name'

2018-11-28 08:41:20 - [MESSAGE][PASSED] - Text 'BB' is set on object 'Object Repository/Backoffice/match_mgmt/wala_details/input_wala_name'

2018-11-28 08:41:20 - [TEST_STEP][PASSED] - setText: Text 'Farm 2' is set on object 'Object Repository/Backoffice/match_mgmt/wala_details/input_wala_farm'

2018-11-28 08:41:21 - [MESSAGE][PASSED] - Text 'Farm 2' is set on object 'Object Repository/Backoffice/match_mgmt/wala_details/input_wala_farm'

2018-11-28 08:41:21 - [TEST_STEP][PASSED] - setText: Text 'Breed 2' is set on object 'Object Repository/Backoffice/match_mgmt/wala_details/input_wala_breed'

2018-11-28 08:41:21 - [MESSAGE][PASSED] - Text 'Breed 2' is set on object 'Object Repository/Backoffice/match_mgmt/wala_details/input_wala_breed'

2018-11-28 08:41:21 - [TEST_STEP][PASSED] - setText: Text 'Weight 2' is set on object 'Object Repository/Backoffice/match_mgmt/wala_details/input_wala_weight'

2018-11-28 08:41:21 - [MESSAGE][PASSED] - Text 'Weight 2' is set on object 'Object Repository/Backoffice/match_mgmt/wala_details/input_wala_weight'

2018-11-28 08:41:21 - [TEST_STEP][PASSED] - click: Object: 'Object Repository/Backoffice/match_mgmt/input_submit_match' is clicked on

2018-11-28 08:41:24 - [MESSAGE][PASSED] - Object: 'Object Repository/Backoffice/match_mgmt/input_submit_match' is clicked on

2018-11-28 08:41:24 - [TEST_STEP][PASSED] - delay: Delayed 1 second(s)

2018-11-28 08:41:25 - [MESSAGE][PASSED] - Delayed 1 second(s)

2018-11-28 08:41:25 - [TEST_STEP][PASSED] - click: Object: 'Object Repository/Backoffice/match_mgmt/button_create_match' is clicked on

2018-11-28 08:41:25 - [MESSAGE][PASSED] - Object: 'Object Repository/Backoffice/match_mgmt/button_create_match' is clicked on

2018-11-28 08:41:25 - [TEST_STEP][PASSED] - delay: Delayed 1 second(s)

2018-11-28 08:41:26 - [MESSAGE][PASSED] - Delayed 1 second(s)

2018-11-28 08:41:26 - [TEST_STEP][PASSED] - click: Object: 'Object Repository/Backoffice/match_mgmt/span_select_arena_name' is clicked on

2018-11-28 08:41:26 - [MESSAGE][PASSED] - Object: 'Object Repository/Backoffice/match_mgmt/span_select_arena_name' is clicked on

2018-11-28 08:41:26 - [TEST_STEP][PASSED] - setText: Text 'ALIXANDRA SPORTS COMPLEX - ASC' is set on object 'Object Repository/Backoffice/match_mgmt/input__select2-search__arena_name'

2018-11-28 08:41:28 - [MESSAGE][PASSED] - Text 'ALIXANDRA SPORTS COMPLEX - ASC' is set on object 'Object Repository/Backoffice/match_mgmt/input__select2-search__arena_name'

2018-11-28 08:41:28 - [TEST_STEP][PASSED] - sendKeys: Keys 'ENTER + ' sent to object: 'Object Repository/Backoffice/match_mgmt/input__select2-search__arena_name'

2018-11-28 08:41:28 - [MESSAGE][PASSED] - Keys 'ENTER + ' sent to object: 'Object Repository/Backoffice/match_mgmt/input__select2-search__arena_name'

2018-11-28 08:41:28 - [TEST_STEP][PASSED] - setText: Text 'AA' is set on object 'Object Repository/Backoffice/match_mgmt/meron_details/input_meron_name'

2018-11-28 08:41:28 - [MESSAGE][PASSED] - Text 'AA' is set on object 'Object Repository/Backoffice/match_mgmt/meron_details/input_meron_name'

2018-11-28 08:41:28 - [TEST_STEP][PASSED] - setText: Text 'Farm 1' is set on object 'Object Repository/Backoffice/match_mgmt/meron_details/input_meron_farm'

2018-11-28 08:41:28 - [MESSAGE][PASSED] - Text 'Farm 1' is set on object 'Object Repository/Backoffice/match_mgmt/meron_details/input_meron_farm'

2018-11-28 08:41:28 - [TEST_STEP][PASSED] - setText: Text 'Breed 1' is set on object 'Object Repository/Backoffice/match_mgmt/meron_details/input_meron_breed'

2018-11-28 08:41:29 - [MESSAGE][PASSED] - Text 'Breed 1' is set on object 'Object Repository/Backoffice/match_mgmt/meron_details/input_meron_breed'

2018-11-28 08:41:29 - [TEST_STEP][PASSED] - setText: Text 'Weight 1' is set on object 'Object Repository/Backoffice/match_mgmt/meron_details/input_meron_weight'

2018-11-28 08:41:29 - [MESSAGE][PASSED] - Text 'Weight 1' is set on object 'Object Repository/Backoffice/match_mgmt/meron_details/input_meron_weight'

2018-11-28 08:41:29 - [TEST_STEP][PASSED] - setText: Text 'BB' is set on object 'Object Repository/Backoffice/match_mgmt/wala_details/input_wala_name'

2018-11-28 08:41:29 - [MESSAGE][PASSED] - Text 'BB' is set on object 'Object Repository/Backoffice/match_mgmt/wala_details/input_wala_name'

2018-11-28 08:41:29 - [TEST_STEP][PASSED] - setText: Text 'Farm 2' is set on object 'Object Repository/Backoffice/match_mgmt/wala_details/input_wala_farm'

2018-11-28 08:41:30 - [MESSAGE][PASSED] - Text 'Farm 2' is set on object 'Object Repository/Backoffice/match_mgmt/wala_details/input_wala_farm'

2018-11-28 08:41:30 - [TEST_STEP][PASSED] - setText: Text 'Breed 2' is set on object 'Object Repository/Backoffice/match_mgmt/wala_details/input_wala_breed'

2018-11-28 08:41:30 - [MESSAGE][PASSED] - Text 'Breed 2' is set on object 'Object Repository/Backoffice/match_mgmt/wala_details/input_wala_breed'

2018-11-28 08:41:30 - [TEST_STEP][PASSED] - setText: Text 'Weight 2' is set on object 'Object Repository/Backoffice/match_mgmt/wala_details/input_wala_weight'

2018-11-28 08:41:30 - [MESSAGE][PASSED] - Text 'Weight 2' is set on object 'Object Repository/Backoffice/match_mgmt/wala_details/input_wala_weight'

2018-11-28 08:41:30 - [TEST_STEP][PASSED] - click: Object: 'Object Repository/Backoffice/match_mgmt/input_submit_match' is clicked on

2018-11-28 08:41:33 - [MESSAGE][PASSED] - Object: 'Object Repository/Backoffice/match_mgmt/input_submit_match' is clicked on

2018-11-28 08:41:33 - [TEST_STEP][PASSED] - delay: Delayed 1 second(s)

2018-11-28 08:41:34 - [MESSAGE][PASSED] - Delayed 1 second(s)

2018-11-28 08:41:34 - [TEST_STEP][PASSED] - click: Object: 'Object Repository/Backoffice/match_mgmt/button_create_match' is clicked on

2018-11-28 08:41:34 - [MESSAGE][PASSED] - Object: 'Object Repository/Backoffice/match_mgmt/button_create_match' is clicked on

2018-11-28 08:41:34 - [TEST_STEP][PASSED] - delay: Delayed 1 second(s)

2018-11-28 08:41:35 - [MESSAGE][PASSED] - Delayed 1 second(s)

2018-11-28 08:41:35 - [TEST_STEP][PASSED] - click: Object: 'Object Repository/Backoffice/match_mgmt/span_select_arena_name' is clicked on

2018-11-28 08:41:36 - [MESSAGE][PASSED] - Object: 'Object Repository/Backoffice/match_mgmt/span_select_arena_name' is clicked on

2018-11-28 08:41:36 - [TEST_STEP][PASSED] - setText: Text 'ALIXANDRA SPORTS COMPLEX - ASC' is set on object 'Object Repository/Backoffice/match_mgmt/input__select2-search__arena_name'

2018-11-28 08:41:37 - [MESSAGE][PASSED] - Text 'ALIXANDRA SPORTS COMPLEX - ASC' is set on object 'Object Repository/Backoffice/match_mgmt/input__select2-search__arena_name'

2018-11-28 08:41:37 - [TEST_STEP][PASSED] - sendKeys: Keys 'ENTER + ' sent to object: 'Object Repository/Backoffice/match_mgmt/input__select2-search__arena_name'

2018-11-28 08:41:37 - [MESSAGE][PASSED] - Keys 'ENTER + ' sent to object: 'Object Repository/Backoffice/match_mgmt/input__select2-search__arena_name'

2018-11-28 08:41:37 - [TEST_STEP][PASSED] - setText: Text 'AA' is set on object 'Object Repository/Backoffice/match_mgmt/meron_details/input_meron_name'

2018-11-28 08:41:37 - [MESSAGE][PASSED] - Text 'AA' is set on object 'Object Repository/Backoffice/match_mgmt/meron_details/input_meron_name'

2018-11-28 08:41:37 - [TEST_STEP][PASSED] - setText: Text 'Farm 1' is set on object 'Object Repository/Backoffice/match_mgmt/meron_details/input_meron_farm'

2018-11-28 08:41:38 - [MESSAGE][PASSED] - Text 'Farm 1' is set on object 'Object Repository/Backoffice/match_mgmt/meron_details/input_meron_farm'

2018-11-28 08:41:38 - [TEST_STEP][PASSED] - setText: Text 'Breed 1' is set on object 'Object Repository/Backoffice/match_mgmt/meron_details/input_meron_breed'

2018-11-28 08:41:38 - [MESSAGE][PASSED] - Text 'Breed 1' is set on object 'Object Repository/Backoffice/match_mgmt/meron_details/input_meron_breed'

2018-11-28 08:41:38 - [TEST_STEP][PASSED] - setText: Text 'Weight 1' is set on object 'Object Repository/Backoffice/match_mgmt/meron_details/input_meron_weight'

2018-11-28 08:41:38 - [MESSAGE][PASSED] - Text 'Weight 1' is set on object 'Object Repository/Backoffice/match_mgmt/meron_details/input_meron_weight'

2018-11-28 08:41:38 - [TEST_STEP][PASSED] - setText: Text 'BB' is set on object 'Object Repository/Backoffice/match_mgmt/wala_details/input_wala_name'

2018-11-28 08:41:39 - [MESSAGE][PASSED] - Text 'BB' is set on object 'Object Repository/Backoffice/match_mgmt/wala_details/input_wala_name'

2018-11-28 08:41:39 - [TEST_STEP][PASSED] - setText: Text 'Farm 2' is set on object 'Object Repository/Backoffice/match_mgmt/wala_details/input_wala_farm'

2018-11-28 08:41:39 - [MESSAGE][PASSED] - Text 'Farm 2' is set on object 'Object Repository/Backoffice/match_mgmt/wala_details/input_wala_farm'

2018-11-28 08:41:39 - [TEST_STEP][PASSED] - setText: Text 'Breed 2' is set on object 'Object Repository/Backoffice/match_mgmt/wala_details/input_wala_breed'

2018-11-28 08:41:39 - [MESSAGE][PASSED] - Text 'Breed 2' is set on object 'Object Repository/Backoffice/match_mgmt/wala_details/input_wala_breed'

2018-11-28 08:41:39 - [TEST_STEP][PASSED] - setText: Text 'Weight 2' is set on object 'Object Repository/Backoffice/match_mgmt/wala_details/input_wala_weight'

2018-11-28 08:41:40 - [MESSAGE][PASSED] - Text 'Weight 2' is set on object 'Object Repository/Backoffice/match_mgmt/wala_details/input_wala_weight'

2018-11-28 08:41:40 - [TEST_STEP][PASSED] - click: Object: 'Object Repository/Backoffice/match_mgmt/input_submit_match' is clicked on

2018-11-28 08:41:42 - [MESSAGE][PASSED] - Object: 'Object Repository/Backoffice/match_mgmt/input_submit_match' is clicked on

2018-11-28 08:41:42 - [TEST_STEP][PASSED] - delay: Delayed 1 second(s)

2018-11-28 08:41:43 - [MESSAGE][PASSED] - Delayed 1 second(s)

2018-11-28 08:41:43 - [TEST_STEP][PASSED] - click: Object: 'Object Repository/Backoffice/match_mgmt/button_create_match' is clicked on

2018-11-28 08:41:43 - [MESSAGE][PASSED] - Object: 'Object Repository/Backoffice/match_mgmt/button_create_match' is clicked on

2018-11-28 08:41:43 - [TEST_STEP][PASSED] - delay: Delayed 1 second(s)

2018-11-28 08:41:44 - [MESSAGE][PASSED] - Delayed 1 second(s)

2018-11-28 08:41:44 - [TEST_STEP][PASSED] - click: Object: 'Object Repository/Backoffice/match_mgmt/span_select_arena_name' is clicked on

2018-11-28 08:41:44 - [MESSAGE][PASSED] - Object: 'Object Repository/Backoffice/match_mgmt/span_select_arena_name' is clicked on

2018-11-28 08:41:44 - [TEST_STEP][PASSED] - setText: Text 'ALIXANDRA SPORTS COMPLEX - ASC' is set on object 'Object Repository/Backoffice/match_mgmt/input__select2-search__arena_name'

2018-11-28 08:41:46 - [MESSAGE][PASSED] - Text 'ALIXANDRA SPORTS COMPLEX - ASC' is set on object 'Object Repository/Backoffice/match_mgmt/input__select2-search__arena_name'

2018-11-28 08:41:46 - [TEST_STEP][PASSED] - sendKeys: Keys 'ENTER + ' sent to object: 'Object Repository/Backoffice/match_mgmt/input__select2-search__arena_name'

2018-11-28 08:41:46 - [MESSAGE][PASSED] - Keys 'ENTER + ' sent to object: 'Object Repository/Backoffice/match_mgmt/input__select2-search__arena_name'

2018-11-28 08:41:46 - [TEST_STEP][PASSED] - setText: Text 'AA' is set on object 'Object Repository/Backoffice/match_mgmt/meron_details/input_meron_name'

2018-11-28 08:41:46 - [MESSAGE][PASSED] - Text 'AA' is set on object 'Object Repository/Backoffice/match_mgmt/meron_details/input_meron_name'

2018-11-28 08:41:46 - [TEST_STEP][PASSED] - setText: Text 'Farm 1' is set on object 'Object Repository/Backoffice/match_mgmt/meron_details/input_meron_farm'

2018-11-28 08:41:46 - [MESSAGE][PASSED] - Text 'Farm 1' is set on object 'Object Repository/Backoffice/match_mgmt/meron_details/input_meron_farm'

2018-11-28 08:41:46 - [TEST_STEP][PASSED] - setText: Text 'Breed 1' is set on object 'Object Repository/Backoffice/match_mgmt/meron_details/input_meron_breed'

2018-11-28 08:41:47 - [MESSAGE][PASSED] - Text 'Breed 1' is set on object 'Object Repository/Backoffice/match_mgmt/meron_details/input_meron_breed'

2018-11-28 08:41:47 - [TEST_STEP][PASSED] - setText: Text 'Weight 1' is set on object 'Object Repository/Backoffice/match_mgmt/meron_details/input_meron_weight'

2018-11-28 08:41:47 - [MESSAGE][PASSED] - Text 'Weight 1' is set on object 'Object Repository/Backoffice/match_mgmt/meron_details/input_meron_weight'

2018-11-28 08:41:47 - [TEST_STEP][PASSED] - setText: Text 'BB' is set on object 'Object Repository/Backoffice/match_mgmt/wala_details/input_wala_name'

2018-11-28 08:41:47 - [MESSAGE][PASSED] - Text 'BB' is set on object 'Object Repository/Backoffice/match_mgmt/wala_details/input_wala_name'

2018-11-28 08:41:47 - [TEST_STEP][PASSED] - setText: Text 'Farm 2' is set on object 'Object Repository/Backoffice/match_mgmt/wala_details/input_wala_farm'

2018-11-28 08:41:48 - [MESSAGE][PASSED] - Text 'Farm 2' is set on object 'Object Repository/Backoffice/match_mgmt/wala_details/input_wala_farm'

2018-11-28 08:41:48 - [TEST_STEP][PASSED] - setText: Text 'Breed 2' is set on object 'Object Repository/Backoffice/match_mgmt/wala_details/input_wala_breed'

2018-11-28 08:41:48 - [MESSAGE][PASSED] - Text 'Breed 2' is set on object 'Object Repository/Backoffice/match_mgmt/wala_details/input_wala_breed'

2018-11-28 08:41:48 - [TEST_STEP][PASSED] - setText: Text 'Weight 2' is set on object 'Object Repository/Backoffice/match_mgmt/wala_details/input_wala_weight'

2018-11-28 08:41:48 - [MESSAGE][PASSED] - Text 'Weight 2' is set on object 'Object Repository/Backoffice/match_mgmt/wala_details/input_wala_weight'

2018-11-28 08:41:48 - [TEST_STEP][PASSED] - click: Object: 'Object Repository/Backoffice/match_mgmt/input_submit_match' is clicked on

2018-11-28 08:41:50 - [MESSAGE][PASSED] - Object: 'Object Repository/Backoffice/match_mgmt/input_submit_match' is clicked on

2018-11-28 08:41:50 - [TEST_STEP][PASSED] - delay: Delayed 1 second(s)

2018-11-28 08:41:51 - [MESSAGE][PASSED] - Delayed 1 second(s)

2018-11-28 08:41:51 - [TEST_STEP][PASSED] - click: Object: 'Object Repository/Backoffice/match_mgmt/button_create_match' is clicked on

2018-11-28 08:41:51 - [MESSAGE][PASSED] - Object: 'Object Repository/Backoffice/match_mgmt/button_create_match' is clicked on

2018-11-28 08:41:51 - [TEST_STEP][PASSED] - delay: Delayed 1 second(s)

2018-11-28 08:41:52 - [MESSAGE][PASSED] - Delayed 1 second(s)

2018-11-28 08:41:52 - [TEST_STEP][PASSED] - click: Object: 'Object Repository/Backoffice/match_mgmt/span_select_arena_name' is clicked on

2018-11-28 08:41:52 - [MESSAGE][PASSED] - Object: 'Object Repository/Backoffice/match_mgmt/span_select_arena_name' is clicked on

2018-11-28 08:41:52 - [TEST_STEP][PASSED] - setText: Text 'ALIXANDRA SPORTS COMPLEX - ASC' is set on object 'Object Repository/Backoffice/match_mgmt/input__select2-search__arena_name'

2018-11-28 08:41:54 - [MESSAGE][PASSED] - Text 'ALIXANDRA SPORTS COMPLEX - ASC' is set on object 'Object Repository/Backoffice/match_mgmt/input__select2-search__arena_name'

2018-11-28 08:41:54 - [TEST_STEP][PASSED] - sendKeys: Keys 'ENTER + ' sent to object: 'Object Repository/Backoffice/match_mgmt/input__select2-search__arena_name'

2018-11-28 08:41:54 - [MESSAGE][PASSED] - Keys 'ENTER + ' sent to object: 'Object Repository/Backoffice/match_mgmt/input__select2-search__arena_name'

2018-11-28 08:41:54 - [TEST_STEP][PASSED] - setText: Text 'AA' is set on object 'Object Repository/Backoffice/match_mgmt/meron_details/input_meron_name'

2018-11-28 08:41:54 - [MESSAGE][PASSED] - Text 'AA' is set on object 'Object Repository/Backoffice/match_mgmt/meron_details/input_meron_name'

2018-11-28 08:41:54 - [TEST_STEP][PASSED] - setText: Text 'Farm 1' is set on object 'Object Repository/Backoffice/match_mgmt/meron_details/input_meron_farm'

2018-11-28 08:41:55 - [MESSAGE][PASSED] - Text 'Farm 1' is set on object 'Object Repository/Backoffice/match_mgmt/meron_details/input_meron_farm'

2018-11-28 08:41:55 - [TEST_STEP][PASSED] - setText: Text 'Breed 1' is set on object 'Object Repository/Backoffice/match_mgmt/meron_details/input_meron_breed'

2018-11-28 08:41:55 - [MESSAGE][PASSED] - Text 'Breed 1' is set on object 'Object Repository/Backoffice/match_mgmt/meron_details/input_meron_breed'

2018-11-28 08:41:55 - [TEST_STEP][PASSED] - setText: Text 'Weight 1' is set on object 'Object Repository/Backoffice/match_mgmt/meron_details/input_meron_weight'

2018-11-28 08:41:56 - [MESSAGE][PASSED] - Text 'Weight 1' is set on object 'Object Repository/Backoffice/match_mgmt/meron_details/input_meron_weight'

2018-11-28 08:41:56 - [TEST_STEP][PASSED] - setText: Text 'BB' is set on object 'Object Repository/Backoffice/match_mgmt/wala_details/input_wala_name'

2018-11-28 08:41:56 - [MESSAGE][PASSED] - Text 'BB' is set on object 'Object Repository/Backoffice/match_mgmt/wala_details/input_wala_name'

2018-11-28 08:41:56 - [TEST_STEP][PASSED] - setText: Text 'Farm 2' is set on object 'Object Repository/Backoffice/match_mgmt/wala_details/input_wala_farm'

2018-11-28 08:41:56 - [MESSAGE][PASSED] - Text 'Farm 2' is set on object 'Object Repository/Backoffice/match_mgmt/wala_details/input_wala_farm'

2018-11-28 08:41:56 - [TEST_STEP][PASSED] - setText: Text 'Breed 2' is set on object 'Object Repository/Backoffice/match_mgmt/wala_details/input_wala_breed'

2018-11-28 08:41:56 - [MESSAGE][PASSED] - Text 'Breed 2' is set on object 'Object Repository/Backoffice/match_mgmt/wala_details/input_wala_breed'

2018-11-28 08:41:56 - [TEST_STEP][PASSED] - setText: Text 'Weight 2' is set on object 'Object Repository/Backoffice/match_mgmt/wala_details/input_wala_weight'

2018-11-28 08:41:57 - [MESSAGE][PASSED] - Text 'Weight 2' is set on object 'Object Repository/Backoffice/match_mgmt/wala_details/input_wala_weight'

2018-11-28 08:41:57 - [TEST_STEP][PASSED] - click: Object: 'Object Repository/Backoffice/match_mgmt/input_submit_match' is clicked on

2018-11-28 08:41:59 - [MESSAGE][PASSED] - Object: 'Object Repository/Backoffice/match_mgmt/input_submit_match' is clicked on

2018-11-28 08:41:59 - [TEST_STEP][PASSED] - delay: Delayed 1 second(s)

2018-11-28 08:42:00 - [MESSAGE][PASSED] - Delayed 1 second(s)

2018-11-28 08:42:00 - [TEST_STEP][PASSED] - click: Object: 'Object Repository/Backoffice/match_mgmt/button_create_match' is clicked on

2018-11-28 08:42:00 - [MESSAGE][PASSED] - Object: 'Object Repository/Backoffice/match_mgmt/button_create_match' is clicked on

2018-11-28 08:42:00 - [TEST_STEP][PASSED] - delay: Delayed 1 second(s)

2018-11-28 08:42:01 - [MESSAGE][PASSED] - Delayed 1 second(s)

2018-11-28 08:42:01 - [TEST_STEP][PASSED] - click: Object: 'Object Repository/Backoffice/match_mgmt/span_select_arena_name' is clicked on

2018-11-28 08:42:01 - [MESSAGE][PASSED] - Object: 'Object Repository/Backoffice/match_mgmt/span_select_arena_name' is clicked on

2018-11-28 08:42:01 - [TEST_STEP][PASSED] - setText: Text 'ALIXANDRA SPORTS COMPLEX - ASC' is set on object 'Object Repository/Backoffice/match_mgmt/input__select2-search__arena_name'

2018-11-28 08:42:03 - [MESSAGE][PASSED] - Text 'ALIXANDRA SPORTS COMPLEX - ASC' is set on object 'Object Repository/Backoffice/match_mgmt/input__select2-search__arena_name'

2018-11-28 08:42:03 - [TEST_STEP][PASSED] - sendKeys: Keys 'ENTER + ' sent to object: 'Object Repository/Backoffice/match_mgmt/input__select2-search__arena_name'

2018-11-28 08:42:03 - [MESSAGE][PASSED] - Keys 'ENTER + ' sent to object: 'Object Repository/Backoffice/match_mgmt/input__select2-search__arena_name'

2018-11-28 08:42:03 - [TEST_STEP][PASSED] - setText: Text 'AA' is set on object 'Object Repository/Backoffice/match_mgmt/meron_details/input_meron_name'

2018-11-28 08:42:03 - [MESSAGE][PASSED] - Text 'AA' is set on object 'Object Repository/Backoffice/match_mgmt/meron_details/input_meron_name'

2018-11-28 08:42:03 - [TEST_STEP][PASSED] - setText: Text 'Farm 1' is set on object 'Object Repository/Backoffice/match_mgmt/meron_details/input_meron_farm'

2018-11-28 08:42:03 - [MESSAGE][PASSED] - Text 'Farm 1' is set on object 'Object Repository/Backoffice/match_mgmt/meron_details/input_meron_farm'

2018-11-28 08:42:03 - [TEST_STEP][PASSED] - setText: Text 'Breed 1' is set on object 'Object Repository/Backoffice/match_mgmt/meron_details/input_meron_breed'

2018-11-28 08:42:04 - [MESSAGE][PASSED] - Text 'Breed 1' is set on object 'Object Repository/Backoffice/match_mgmt/meron_details/input_meron_breed'

2018-11-28 08:42:04 - [TEST_STEP][PASSED] - setText: Text 'Weight 1' is set on object 'Object Repository/Backoffice/match_mgmt/meron_details/input_meron_weight'

2018-11-28 08:42:04 - [MESSAGE][PASSED] - Text 'Weight 1' is set on object 'Object Repository/Backoffice/match_mgmt/meron_details/input_meron_weight'

2018-11-28 08:42:04 - [TEST_STEP][PASSED] - setText: Text 'BB' is set on object 'Object Repository/Backoffice/match_mgmt/wala_details/input_wala_name'

2018-11-28 08:42:04 - [MESSAGE][PASSED] - Text 'BB' is set on object 'Object Repository/Backoffice/match_mgmt/wala_details/input_wala_name'

2018-11-28 08:42:04 - [TEST_STEP][PASSED] - setText: Text 'Farm 2' is set on object 'Object Repository/Backoffice/match_mgmt/wala_details/input_wala_farm'

2018-11-28 08:42:05 - [MESSAGE][PASSED] - Text 'Farm 2' is set on object 'Object Repository/Backoffice/match_mgmt/wala_details/input_wala_farm'

2018-11-28 08:42:05 - [TEST_STEP][PASSED] - setText: Text 'Breed 2' is set on object 'Object Repository/Backoffice/match_mgmt/wala_details/input_wala_breed'

2018-11-28 08:42:05 - [MESSAGE][PASSED] - Text 'Breed 2' is set on object 'Object Repository/Backoffice/match_mgmt/wala_details/input_wala_breed'

2018-11-28 08:42:05 - [TEST_STEP][PASSED] - setText: Text 'Weight 2' is set on object 'Object Repository/Backoffice/match_mgmt/wala_details/input_wala_weight'

2018-11-28 08:42:05 - [MESSAGE][PASSED] - Text 'Weight 2' is set on object 'Object Repository/Backoffice/match_mgmt/wala_details/input_wala_weight'

2018-11-28 08:42:05 - [TEST_STEP][PASSED] - click: Object: 'Object Repository/Backoffice/match_mgmt/input_submit_match' is clicked on

2018-11-28 08:42:08 - [MESSAGE][PASSED] - Object: 'Object Repository/Backoffice/match_mgmt/input_submit_match' is clicked on

2018-11-28 08:42:08 - [TEST_STEP][PASSED] - delay: Delayed 1 second(s)

2018-11-28 08:42:09 - [MESSAGE][PASSED] - Delayed 1 second(s)

2018-11-28 08:42:09 - [TEST_STEP][PASSED] - click: Object: 'Object Repository/Backoffice/match_mgmt/button_create_match' is clicked on

2018-11-28 08:42:09 - [MESSAGE][PASSED] - Object: 'Object Repository/Backoffice/match_mgmt/button_create_match' is clicked on

2018-11-28 08:42:09 - [TEST_STEP][PASSED] - delay: Delayed 1 second(s)

2018-11-28 08:42:10 - [MESSAGE][PASSED] - Delayed 1 second(s)

2018-11-28 08:42:10 - [TEST_STEP][PASSED] - click: Object: 'Object Repository/Backoffice/match_mgmt/span_select_arena_name' is clicked on

2018-11-28 08:42:10 - [MESSAGE][PASSED] - Object: 'Object Repository/Backoffice/match_mgmt/span_select_arena_name' is clicked on

2018-11-28 08:42:10 - [TEST_STEP][PASSED] - setText: Text 'ALIXANDRA SPORTS COMPLEX - ASC' is set on object 'Object Repository/Backoffice/match_mgmt/input__select2-search__arena_name'

2018-11-28 08:42:12 - [MESSAGE][PASSED] - Text 'ALIXANDRA SPORTS COMPLEX - ASC' is set on object 'Object Repository/Backoffice/match_mgmt/input__select2-search__arena_name'

2018-11-28 08:42:12 - [TEST_STEP][PASSED] - sendKeys: Keys 'ENTER + ' sent to object: 'Object Repository/Backoffice/match_mgmt/input__select2-search__arena_name'

2018-11-28 08:42:12 - [MESSAGE][PASSED] - Keys 'ENTER + ' sent to object: 'Object Repository/Backoffice/match_mgmt/input__select2-search__arena_name'

2018-11-28 08:42:12 - [TEST_STEP][PASSED] - setText: Text 'AA' is set on object 'Object Repository/Backoffice/match_mgmt/meron_details/input_meron_name'

2018-11-28 08:42:12 - [MESSAGE][PASSED] - Text 'AA' is set on object 'Object Repository/Backoffice/match_mgmt/meron_details/input_meron_name'

2018-11-28 08:42:12 - [TEST_STEP][PASSED] - setText: Text 'Farm 1' is set on object 'Object Repository/Backoffice/match_mgmt/meron_details/input_meron_farm'

2018-11-28 08:42:13 - [MESSAGE][PASSED] - Text 'Farm 1' is set on object 'Object Repository/Backoffice/match_mgmt/meron_details/input_meron_farm'

2018-11-28 08:42:13 - [TEST_STEP][PASSED] - setText: Text 'Breed 1' is set on object 'Object Repository/Backoffice/match_mgmt/meron_details/input_meron_breed'

2018-11-28 08:42:13 - [MESSAGE][PASSED] - Text 'Breed 1' is set on object 'Object Repository/Backoffice/match_mgmt/meron_details/input_meron_breed'

2018-11-28 08:42:13 - [TEST_STEP][PASSED] - setText: Text 'Weight 1' is set on object 'Object Repository/Backoffice/match_mgmt/meron_details/input_meron_weight'

2018-11-28 08:42:13 - [MESSAGE][PASSED] - Text 'Weight 1' is set on object 'Object Repository/Backoffice/match_mgmt/meron_details/input_meron_weight'

2018-11-28 08:42:13 - [TEST_STEP][PASSED] - setText: Text 'BB' is set on object 'Object Repository/Backoffice/match_mgmt/wala_details/input_wala_name'

2018-11-28 08:42:14 - [MESSAGE][PASSED] - Text 'BB' is set on object 'Object Repository/Backoffice/match_mgmt/wala_details/input_wala_name'

2018-11-28 08:42:14 - [TEST_STEP][PASSED] - setText: Text 'Farm 2' is set on object 'Object Repository/Backoffice/match_mgmt/wala_details/input_wala_farm'

2018-11-28 08:42:14 - [MESSAGE][PASSED] - Text 'Farm 2' is set on object 'Object Repository/Backoffice/match_mgmt/wala_details/input_wala_farm'

2018-11-28 08:42:14 - [TEST_STEP][PASSED] - setText: Text 'Breed 2' is set on object 'Object Repository/Backoffice/match_mgmt/wala_details/input_wala_breed'

2018-11-28 08:42:14 - [MESSAGE][PASSED] - Text 'Breed 2' is set on object 'Object Repository/Backoffice/match_mgmt/wala_details/input_wala_breed'

2018-11-28 08:42:14 - [TEST_STEP][PASSED] - setText: Text 'Weight 2' is set on object 'Object Repository/Backoffice/match_mgmt/wala_details/input_wala_weight'

2018-11-28 08:42:15 - [MESSAGE][PASSED] - Text 'Weight 2' is set on object 'Object Repository/Backoffice/match_mgmt/wala_details/input_wala_weight'

2018-11-28 08:42:15 - [TEST_STEP][PASSED] - click: Object: 'Object Repository/Backoffice/match_mgmt/input_submit_match' is clicked on

2018-11-28 08:42:17 - [MESSAGE][PASSED] - Object: 'Object Repository/Backoffice/match_mgmt/input_submit_match' is clicked on

2018-11-28 08:42:17 - [TEST_STEP][PASSED] - delay: Delayed 1 second(s)

2018-11-28 08:42:18 - [MESSAGE][PASSED] - Delayed 1 second(s)

2018-11-28 08:42:18 - [TEST_STEP][PASSED] - click: Object: 'Object Repository/Backoffice/match_mgmt/button_create_match' is clicked on

2018-11-28 08:42:18 - [MESSAGE][PASSED] - Object: 'Object Repository/Backoffice/match_mgmt/button_create_match' is clicked on

2018-11-28 08:42:18 - [TEST_STEP][PASSED] - delay: Delayed 1 second(s)

2018-11-28 08:42:19 - [MESSAGE][PASSED] - Delayed 1 second(s)

2018-11-28 08:42:19 - [TEST_STEP][PASSED] - click: Object: 'Object Repository/Backoffice/match_mgmt/span_select_arena_name' is clicked on

2018-11-28 08:42:19 - [MESSAGE][PASSED] - Object: 'Object Repository/Backoffice/match_mgmt/span_select_arena_name' is clicked on

2018-11-28 08:42:19 - [TEST_STEP][PASSED] - setText: Text 'ALIXANDRA SPORTS COMPLEX - ASC' is set on object 'Object Repository/Backoffice/match_mgmt/input__select2-search__arena_name'

2018-11-28 08:42:21 - [MESSAGE][PASSED] - Text 'ALIXANDRA SPORTS COMPLEX - ASC' is set on object 'Object Repository/Backoffice/match_mgmt/input__select2-search__arena_name'

2018-11-28 08:42:21 - [TEST_STEP][PASSED] - sendKeys: Keys 'ENTER + ' sent to object: 'Object Repository/Backoffice/match_mgmt/input__select2-search__arena_name'

2018-11-28 08:42:21 - [MESSAGE][PASSED] - Keys 'ENTER + ' sent to object: 'Object Repository/Backoffice/match_mgmt/input__select2-search__arena_name'

2018-11-28 08:42:21 - [TEST_STEP][PASSED] - setText: Text 'AA' is set on object 'Object Repository/Backoffice/match_mgmt/meron_details/input_meron_name'

2018-11-28 08:42:21 - [MESSAGE][PASSED] - Text 'AA' is set on object 'Object Repository/Backoffice/match_mgmt/meron_details/input_meron_name'

2018-11-28 08:42:21 - [TEST_STEP][PASSED] - setText: Text 'Farm 1' is set on object 'Object Repository/Backoffice/match_mgmt/meron_details/input_meron_farm'

2018-11-28 08:42:22 - [MESSAGE][PASSED] - Text 'Farm 1' is set on object 'Object Repository/Backoffice/match_mgmt/meron_details/input_meron_farm'

2018-11-28 08:42:22 - [TEST_STEP][PASSED] - setText: Text 'Breed 1' is set on object 'Object Repository/Backoffice/match_mgmt/meron_details/input_meron_breed'

2018-11-28 08:42:22 - [MESSAGE][PASSED] - Text 'Breed 1' is set on object 'Object Repository/Backoffice/match_mgmt/meron_details/input_meron_breed'

2018-11-28 08:42:22 - [TEST_STEP][PASSED] - setText: Text 'Weight 1' is set on object 'Object Repository/Backoffice/match_mgmt/meron_details/input_meron_weight'

2018-11-28 08:42:22 - [MESSAGE][PASSED] - Text 'Weight 1' is set on object 'Object Repository/Backoffice/match_mgmt/meron_details/input_meron_weight'

2018-11-28 08:42:22 - [TEST_STEP][PASSED] - setText: Text 'BB' is set on object 'Object Repository/Backoffice/match_mgmt/wala_details/input_wala_name'

2018-11-28 08:42:23 - [MESSAGE][PASSED] - Text 'BB' is set on object 'Object Repository/Backoffice/match_mgmt/wala_details/input_wala_name'

2018-11-28 08:42:23 - [TEST_STEP][PASSED] - setText: Text 'Farm 2' is set on object 'Object Repository/Backoffice/match_mgmt/wala_details/input_wala_farm'

2018-11-28 08:42:23 - [MESSAGE][PASSED] - Text 'Farm 2' is set on object 'Object Repository/Backoffice/match_mgmt/wala_details/input_wala_farm'

2018-11-28 08:42:23 - [TEST_STEP][PASSED] - setText: Text 'Breed 2' is set on object 'Object Repository/Backoffice/match_mgmt/wala_details/input_wala_breed'

2018-11-28 08:42:23 - [MESSAGE][PASSED] - Text 'Breed 2' is set on object 'Object Repository/Backoffice/match_mgmt/wala_details/input_wala_breed'

2018-11-28 08:42:23 - [TEST_STEP][PASSED] - setText: Text 'Weight 2' is set on object 'Object Repository/Backoffice/match_mgmt/wala_details/input_wala_weight'

2018-11-28 08:42:24 - [MESSAGE][PASSED] - Text 'Weight 2' is set on object 'Object Repository/Backoffice/match_mgmt/wala_details/input_wala_weight'

2018-11-28 08:42:24 - [TEST_STEP][PASSED] - click: Object: 'Object Repository/Backoffice/match_mgmt/input_submit_match' is clicked on

2018-11-28 08:42:26 - [MESSAGE][PASSED] - Object: 'Object Repository/Backoffice/match_mgmt/input_submit_match' is clicked on

2018-11-28 08:42:26 - [TEST_STEP][PASSED] - delay: Delayed 1 second(s)

2018-11-28 08:42:27 - [MESSAGE][PASSED] - Delayed 1 second(s)

2018-11-28 08:42:27 - [TEST_STEP][PASSED] - click: Object: 'Object Repository/Backoffice/match_mgmt/button_create_match' is clicked on

2018-11-28 08:42:27 - [MESSAGE][PASSED] - Object: 'Object Repository/Backoffice/match_mgmt/button_create_match' is clicked on

2018-11-28 08:42:27 - [TEST_STEP][PASSED] - delay: Delayed 1 second(s)

2018-11-28 08:42:28 - [MESSAGE][PASSED] - Delayed 1 second(s)

2018-11-28 08:42:28 - [TEST_STEP][PASSED] - click: Object: 'Object Repository/Backoffice/match_mgmt/span_select_arena_name' is clicked on

2018-11-28 08:42:28 - [MESSAGE][PASSED] - Object: 'Object Repository/Backoffice/match_mgmt/span_select_arena_name' is clicked on

2018-11-28 08:42:28 - [TEST_STEP][PASSED] - setText: Text 'ALIXANDRA SPORTS COMPLEX - ASC' is set on object 'Object Repository/Backoffice/match_mgmt/input__select2-search__arena_name'

2018-11-28 08:42:30 - [MESSAGE][PASSED] - Text 'ALIXANDRA SPORTS COMPLEX - ASC' is set on object 'Object Repository/Backoffice/match_mgmt/input__select2-search__arena_name'

2018-11-28 08:42:30 - [TEST_STEP][PASSED] - sendKeys: Keys 'ENTER + ' sent to object: 'Object Repository/Backoffice/match_mgmt/input__select2-search__arena_name'

2018-11-28 08:42:30 - [MESSAGE][PASSED] - Keys 'ENTER + ' sent to object: 'Object Repository/Backoffice/match_mgmt/input__select2-search__arena_name'

2018-11-28 08:42:30 - [TEST_STEP][PASSED] - setText: Text 'AA' is set on object 'Object Repository/Backoffice/match_mgmt/meron_details/input_meron_name'

2018-11-28 08:42:30 - [MESSAGE][PASSED] - Text 'AA' is set on object 'Object Repository/Backoffice/match_mgmt/meron_details/input_meron_name'

2018-11-28 08:42:30 - [TEST_STEP][PASSED] - setText: Text 'Farm 1' is set on object 'Object Repository/Backoffice/match_mgmt/meron_details/input_meron_farm'

2018-11-28 08:42:30 - [MESSAGE][PASSED] - Text 'Farm 1' is set on object 'Object Repository/Backoffice/match_mgmt/meron_details/input_meron_farm'

2018-11-28 08:42:30 - [TEST_STEP][PASSED] - setText: Text 'Breed 1' is set on object 'Object Repository/Backoffice/match_mgmt/meron_details/input_meron_breed'

2018-11-28 08:42:31 - [MESSAGE][PASSED] - Text 'Breed 1' is set on object 'Object Repository/Backoffice/match_mgmt/meron_details/input_meron_breed'

2018-11-28 08:42:31 - [TEST_STEP][PASSED] - setText: Text 'Weight 1' is set on object 'Object Repository/Backoffice/match_mgmt/meron_details/input_meron_weight'

2018-11-28 08:42:31 - [MESSAGE][PASSED] - Text 'Weight 1' is set on object 'Object Repository/Backoffice/match_mgmt/meron_details/input_meron_weight'

2018-11-28 08:42:31 - [TEST_STEP][PASSED] - setText: Text 'BB' is set on object 'Object Repository/Backoffice/match_mgmt/wala_details/input_wala_name'

2018-11-28 08:42:31 - [MESSAGE][PASSED] - Text 'BB' is set on object 'Object Repository/Backoffice/match_mgmt/wala_details/input_wala_name'

2018-11-28 08:42:31 - [TEST_STEP][PASSED] - setText: Text 'Farm 2' is set on object 'Object Repository/Backoffice/match_mgmt/wala_details/input_wala_farm'

2018-11-28 08:42:32 - [MESSAGE][PASSED] - Text 'Farm 2' is set on object 'Object Repository/Backoffice/match_mgmt/wala_details/input_wala_farm'

2018-11-28 08:42:32 - [TEST_STEP][PASSED] - setText: Text 'Breed 2' is set on object 'Object Repository/Backoffice/match_mgmt/wala_details/input_wala_breed'

2018-11-28 08:42:32 - [MESSAGE][PASSED] - Text 'Breed 2' is set on object 'Object Repository/Backoffice/match_mgmt/wala_details/input_wala_breed'

2018-11-28 08:42:32 - [TEST_STEP][PASSED] - setText: Text 'Weight 2' is set on object 'Object Repository/Backoffice/match_mgmt/wala_details/input_wala_weight'

2018-11-28 08:42:32 - [MESSAGE][PASSED] - Text 'Weight 2' is set on object 'Object Repository/Backoffice/match_mgmt/wala_details/input_wala_weight'

2018-11-28 08:42:32 - [TEST_STEP][PASSED] - click: Object: 'Object Repository/Backoffice/match_mgmt/input_submit_match' is clicked on

2018-11-28 08:42:35 - [MESSAGE][PASSED] - Object: 'Object Repository/Backoffice/match_mgmt/input_submit_match' is clicked on

2018-11-28 08:42:35 - [TEST_STEP][PASSED] - delay: Delayed 1 second(s)

2018-11-28 08:42:36 - [MESSAGE][PASSED] - Delayed 1 second(s)

2018-11-28 08:42:36 - [TEST_STEP][PASSED] - click: Object: 'Object Repository/Backoffice/match_mgmt/button_create_match' is clicked on

2018-11-28 08:42:36 - [MESSAGE][PASSED] - Object: 'Object Repository/Backoffice/match_mgmt/button_create_match' is clicked on

2018-11-28 08:42:36 - [TEST_STEP][PASSED] - delay: Delayed 1 second(s)

2018-11-28 08:42:37 - [MESSAGE][PASSED] - Delayed 1 second(s)

2018-11-28 08:42:37 - [TEST_STEP][PASSED] - click: Object: 'Object Repository/Backoffice/match_mgmt/span_select_arena_name' is clicked on

2018-11-28 08:42:37 - [MESSAGE][PASSED] - Object: 'Object Repository/Backoffice/match_mgmt/span_select_arena_name' is clicked on

2018-11-28 08:42:37 - [TEST_STEP][PASSED] - setText: Text 'ALIXANDRA SPORTS COMPLEX - ASC' is set on object 'Object Repository/Backoffice/match_mgmt/input__select2-search__arena_name'

2018-11-28 08:42:39 - [MESSAGE][PASSED] - Text 'ALIXANDRA SPORTS COMPLEX - ASC' is set on object 'Object Repository/Backoffice/match_mgmt/input__select2-search__arena_name'

2018-11-28 08:42:39 - [TEST_STEP][PASSED] - sendKeys: Keys 'ENTER + ' sent to object: 'Object Repository/Backoffice/match_mgmt/input__select2-search__arena_name'

2018-11-28 08:42:39 - [MESSAGE][PASSED] - Keys 'ENTER + ' sent to object: 'Object Repository/Backoffice/match_mgmt/input__select2-search__arena_name'

2018-11-28 08:42:39 - [TEST_STEP][PASSED] - setText: Text 'AA' is set on object 'Object Repository/Backoffice/match_mgmt/meron_details/input_meron_name'

2018-11-28 08:42:39 - [MESSAGE][PASSED] - Text 'AA' is set on object 'Object Repository/Backoffice/match_mgmt/meron_details/input_meron_name'

2018-11-28 08:42:39 - [TEST_STEP][PASSED] - setText: Text 'Farm 1' is set on object 'Object Repository/Backoffice/match_mgmt/meron_details/input_meron_farm'

2018-11-28 08:42:40 - [MESSAGE][PASSED] - Text 'Farm 1' is set on object 'Object Repository/Backoffice/match_mgmt/meron_details/input_meron_farm'

2018-11-28 08:42:40 - [TEST_STEP][PASSED] - setText: Text 'Breed 1' is set on object 'Object Repository/Backoffice/match_mgmt/meron_details/input_meron_breed'

2018-11-28 08:42:40 - [MESSAGE][PASSED] - Text 'Breed 1' is set on object 'Object Repository/Backoffice/match_mgmt/meron_details/input_meron_breed'

2018-11-28 08:42:40 - [TEST_STEP][PASSED] - setText: Text 'Weight 1' is set on object 'Object Repository/Backoffice/match_mgmt/meron_details/input_meron_weight'

2018-11-28 08:42:40 - [MESSAGE][PASSED] - Text 'Weight 1' is set on object 'Object Repository/Backoffice/match_mgmt/meron_details/input_meron_weight'

2018-11-28 08:42:40 - [TEST_STEP][PASSED] - setText: Text 'BB' is set on object 'Object Repository/Backoffice/match_mgmt/wala_details/input_wala_name'

2018-11-28 08:42:40 - [MESSAGE][PASSED] - Text 'BB' is set on object 'Object Repository/Backoffice/match_mgmt/wala_details/input_wala_name'

2018-11-28 08:42:40 - [TEST_STEP][PASSED] - setText: Text 'Farm 2' is set on object 'Object Repository/Backoffice/match_mgmt/wala_details/input_wala_farm'

2018-11-28 08:42:41 - [MESSAGE][PASSED] - Text 'Farm 2' is set on object 'Object Repository/Backoffice/match_mgmt/wala_details/input_wala_farm'

2018-11-28 08:42:41 - [TEST_STEP][PASSED] - setText: Text 'Breed 2' is set on object 'Object Repository/Backoffice/match_mgmt/wala_details/input_wala_breed'

2018-11-28 08:42:41 - [MESSAGE][PASSED] - Text 'Breed 2' is set on object 'Object Repository/Backoffice/match_mgmt/wala_details/input_wala_breed'

2018-11-28 08:42:41 - [TEST_STEP][PASSED] - setText: Text 'Weight 2' is set on object 'Object Repository/Backoffice/match_mgmt/wala_details/input_wala_weight'

2018-11-28 08:42:41 - [MESSAGE][PASSED] - Text 'Weight 2' is set on object 'Object Repository/Backoffice/match_mgmt/wala_details/input_wala_weight'

2018-11-28 08:42:41 - [TEST_STEP][PASSED] - click: Object: 'Object Repository/Backoffice/match_mgmt/input_submit_match' is clicked on

2018-11-28 08:42:44 - [MESSAGE][PASSED] - Object: 'Object Repository/Backoffice/match_mgmt/input_submit_match' is clicked on

2018-11-28 08:42:44 - [TEST_STEP][PASSED] - delay: Delayed 1 second(s)

2018-11-28 08:42:45 - [MESSAGE][PASSED] - Delayed 1 second(s)

2018-11-28 08:42:45 - [TEST_STEP][PASSED] - click: Object: 'Object Repository/Backoffice/match_mgmt/button_create_match' is clicked on

2018-11-28 08:42:45 - [MESSAGE][PASSED] - Object: 'Object Repository/Backoffice/match_mgmt/button_create_match' is clicked on

2018-11-28 08:42:45 - [TEST_STEP][PASSED] - delay: Delayed 1 second(s)

2018-11-28 08:42:46 - [MESSAGE][PASSED] - Delayed 1 second(s)

2018-11-28 08:42:46 - [TEST_STEP][PASSED] - click: Object: 'Object Repository/Backoffice/match_mgmt/span_select_arena_name' is clicked on

2018-11-28 08:42:47 - [MESSAGE][PASSED] - Object: 'Object Repository/Backoffice/match_mgmt/span_select_arena_name' is clicked on

2018-11-28 08:42:47 - [TEST_STEP][PASSED] - setText: Text 'ALIXANDRA SPORTS COMPLEX - ASC' is set on object 'Object Repository/Backoffice/match_mgmt/input__select2-search__arena_name'

2018-11-28 08:42:48 - [MESSAGE][PASSED] - Text 'ALIXANDRA SPORTS COMPLEX - ASC' is set on object 'Object Repository/Backoffice/match_mgmt/input__select2-search__arena_name'

2018-11-28 08:42:48 - [TEST_STEP][PASSED] - sendKeys: Keys 'ENTER + ' sent to object: 'Object Repository/Backoffice/match_mgmt/input__select2-search__arena_name'

2018-11-28 08:42:48 - [MESSAGE][PASSED] - Keys 'ENTER + ' sent to object: 'Object Repository/Backoffice/match_mgmt/input__select2-search__arena_name'

2018-11-28 08:42:48 - [TEST_STEP][PASSED] - setText: Text 'AA' is set on object 'Object Repository/Backoffice/match_mgmt/meron_details/input_meron_name'

2018-11-28 08:42:48 - [MESSAGE][PASSED] - Text 'AA' is set on object 'Object Repository/Backoffice/match_mgmt/meron_details/input_meron_name'

2018-11-28 08:42:48 - [TEST_STEP][PASSED] - setText: Text 'Farm 1' is set on object 'Object Repository/Backoffice/match_mgmt/meron_details/input_meron_farm'

2018-11-28 08:42:49 - [MESSAGE][PASSED] - Text 'Farm 1' is set on object 'Object Repository/Backoffice/match_mgmt/meron_details/input_meron_farm'

2018-11-28 08:42:49 - [TEST_STEP][PASSED] - setText: Text 'Breed 1' is set on object 'Object Repository/Backoffice/match_mgmt/meron_details/input_meron_breed'

2018-11-28 08:42:49 - [MESSAGE][PASSED] - Text 'Breed 1' is set on object 'Object Repository/Backoffice/match_mgmt/meron_details/input_meron_breed'

2018-11-28 08:42:49 - [TEST_STEP][PASSED] - setText: Text 'Weight 1' is set on object 'Object Repository/Backoffice/match_mgmt/meron_details/input_meron_weight'

2018-11-28 08:42:49 - [MESSAGE][PASSED] - Text 'Weight 1' is set on object 'Object Repository/Backoffice/match_mgmt/meron_details/input_meron_weight'

2018-11-28 08:42:49 - [TEST_STEP][PASSED] - setText: Text 'BB' is set on object 'Object Repository/Backoffice/match_mgmt/wala_details/input_wala_name'

2018-11-28 08:42:50 - [MESSAGE][PASSED] - Text 'BB' is set on object 'Object Repository/Backoffice/match_mgmt/wala_details/input_wala_name'

2018-11-28 08:42:50 - [TEST_STEP][PASSED] - setText: Text 'Farm 2' is set on object 'Object Repository/Backoffice/match_mgmt/wala_details/input_wala_farm'

2018-11-28 08:42:50 - [MESSAGE][PASSED] - Text 'Farm 2' is set on object 'Object Repository/Backoffice/match_mgmt/wala_details/input_wala_farm'

2018-11-28 08:42:50 - [TEST_STEP][PASSED] - setText: Text 'Breed 2' is set on object 'Object Repository/Backoffice/match_mgmt/wala_details/input_wala_breed'

2018-11-28 08:42:50 - [MESSAGE][PASSED] - Text 'Breed 2' is set on object 'Object Repository/Backoffice/match_mgmt/wala_details/input_wala_breed'

2018-11-28 08:42:50 - [TEST_STEP][PASSED] - setText: Text 'Weight 2' is set on object 'Object Repository/Backoffice/match_mgmt/wala_details/input_wala_weight'

2018-11-28 08:42:51 - [MESSAGE][PASSED] - Text 'Weight 2' is set on object 'Object Repository/Backoffice/match_mgmt/wala_details/input_wala_weight'

2018-11-28 08:42:51 - [TEST_STEP][PASSED] - click: Object: 'Object Repository/Backoffice/match_mgmt/input_submit_match' is clicked on

2018-11-28 08:42:53 - [MESSAGE][PASSED] - Object: 'Object Repository/Backoffice/match_mgmt/input_submit_match' is clicked on

2018-11-28 08:42:53 - [TEST_STEP][PASSED] - delay: Delayed 1 second(s)

2018-11-28 08:42:54 - [MESSAGE][PASSED] - Delayed 1 second(s)

2018-11-28 08:42:54 - [TEST_STEP][PASSED] - click: Object: 'Object Repository/Backoffice/match_mgmt/button_create_match' is clicked on

2018-11-28 08:42:54 - [MESSAGE][PASSED] - Object: 'Object Repository/Backoffice/match_mgmt/button_create_match' is clicked on

2018-11-28 08:42:54 - [TEST_STEP][PASSED] - delay: Delayed 1 second(s)

2018-11-28 08:42:55 - [MESSAGE][PASSED] - Delayed 1 second(s)

2018-11-28 08:42:55 - [TEST_STEP][PASSED] - click: Object: 'Object Repository/Backoffice/match_mgmt/span_select_arena_name' is clicked on

2018-11-28 08:42:56 - [MESSAGE][PASSED] - Object: 'Object Repository/Backoffice/match_mgmt/span_select_arena_name' is clicked on

2018-11-28 08:42:56 - [TEST_STEP][PASSED] - setText: Text 'ALIXANDRA SPORTS COMPLEX - ASC' is set on object 'Object Repository/Backoffice/match_mgmt/input__select2-search__arena_name'

2018-11-28 08:42:57 - [MESSAGE][PASSED] - Text 'ALIXANDRA SPORTS COMPLEX - ASC' is set on object 'Object Repository/Backoffice/match_mgmt/input__select2-search__arena_name'

2018-11-28 08:42:57 - [TEST_STEP][PASSED] - sendKeys: Keys 'ENTER + ' sent to object: 'Object Repository/Backoffice/match_mgmt/input__select2-search__arena_name'

2018-11-28 08:42:57 - [MESSAGE][PASSED] - Keys 'ENTER + ' sent to object: 'Object Repository/Backoffice/match_mgmt/input__select2-search__arena_name'

2018-11-28 08:42:57 - [TEST_STEP][PASSED] - setText: Text 'AA' is set on object 'Object Repository/Backoffice/match_mgmt/meron_details/input_meron_name'

2018-11-28 08:42:58 - [MESSAGE][PASSED] - Text 'AA' is set on object 'Object Repository/Backoffice/match_mgmt/meron_details/input_meron_name'

2018-11-28 08:42:58 - [TEST_STEP][PASSED] - setText: Text 'Farm 1' is set on object 'Object Repository/Backoffice/match_mgmt/meron_details/input_meron_farm'

2018-11-28 08:42:58 - [MESSAGE][PASSED] - Text 'Farm 1' is set on object 'Object Repository/Backoffice/match_mgmt/meron_details/input_meron_farm'

2018-11-28 08:42:58 - [TEST_STEP][PASSED] - setText: Text 'Breed 1' is set on object 'Object Repository/Backoffice/match_mgmt/meron_details/input_meron_breed'

2018-11-28 08:42:58 - [MESSAGE][PASSED] - Text 'Breed 1' is set on object 'Object Repository/Backoffice/match_mgmt/meron_details/input_meron_breed'

2018-11-28 08:42:58 - [TEST_STEP][PASSED] - setText: Text 'Weight 1' is set on object 'Object Repository/Backoffice/match_mgmt/meron_details/input_meron_weight'

2018-11-28 08:42:59 - [MESSAGE][PASSED] - Text 'Weight 1' is set on object 'Object Repository/Backoffice/match_mgmt/meron_details/input_meron_weight'

2018-11-28 08:42:59 - [TEST_STEP][PASSED] - setText: Text 'BB' is set on object 'Object Repository/Backoffice/match_mgmt/wala_details/input_wala_name'

2018-11-28 08:42:59 - [MESSAGE][PASSED] - Text 'BB' is set on object 'Object Repository/Backoffice/match_mgmt/wala_details/input_wala_name'

2018-11-28 08:42:59 - [TEST_STEP][PASSED] - setText: Text 'Farm 2' is set on object 'Object Repository/Backoffice/match_mgmt/wala_details/input_wala_farm'

2018-11-28 08:42:59 - [MESSAGE][PASSED] - Text 'Farm 2' is set on object 'Object Repository/Backoffice/match_mgmt/wala_details/input_wala_farm'

2018-11-28 08:42:59 - [TEST_STEP][PASSED] - setText: Text 'Breed 2' is set on object 'Object Repository/Backoffice/match_mgmt/wala_details/input_wala_breed'

2018-11-28 08:42:59 - [MESSAGE][PASSED] - Text 'Breed 2' is set on object 'Object Repository/Backoffice/match_mgmt/wala_details/input_wala_breed'

2018-11-28 08:42:59 - [TEST_STEP][PASSED] - setText: Text 'Weight 2' is set on object 'Object Repository/Backoffice/match_mgmt/wala_details/input_wala_weight'

2018-11-28 08:43:00 - [MESSAGE][PASSED] - Text 'Weight 2' is set on object 'Object Repository/Backoffice/match_mgmt/wala_details/input_wala_weight'

2018-11-28 08:43:00 - [TEST_STEP][PASSED] - click: Object: 'Object Repository/Backoffice/match_mgmt/input_submit_match' is clicked on

2018-11-28 08:43:02 - [MESSAGE][PASSED] - Object: 'Object Repository/Backoffice/match_mgmt/input_submit_match' is clicked on

2018-11-28 08:43:02 - [TEST_STEP][PASSED] - delay: Delayed 1 second(s)

2018-11-28 08:43:03 - [MESSAGE][PASSED] - Delayed 1 second(s)

2018-11-28 08:43:03 - [TEST_STEP][PASSED] - click: Object: 'Object Repository/Backoffice/match_mgmt/button_create_match' is clicked on

2018-11-28 08:43:03 - [MESSAGE][PASSED] - Object: 'Object Repository/Backoffice/match_mgmt/button_create_match' is clicked on

2018-11-28 08:43:03 - [TEST_STEP][PASSED] - delay: Delayed 1 second(s)

2018-11-28 08:43:04 - [MESSAGE][PASSED] - Delayed 1 second(s)

2018-11-28 08:43:04 - [TEST_STEP][PASSED] - click: Object: 'Object Repository/Backoffice/match_mgmt/span_select_arena_name' is clicked on

2018-11-28 08:43:05 - [MESSAGE][PASSED] - Object: 'Object Repository/Backoffice/match_mgmt/span_select_arena_name' is clicked on

2018-11-28 08:43:05 - [TEST_STEP][PASSED] - setText: Text 'ALIXANDRA SPORTS COMPLEX - ASC' is set on object 'Object Repository/Backoffice/match_mgmt/input__select2-search__arena_name'

2018-11-28 08:43:06 - [MESSAGE][PASSED] - Text 'ALIXANDRA SPORTS COMPLEX - ASC' is set on object 'Object Repository/Backoffice/match_mgmt/input__select2-search__arena_name'

2018-11-28 08:43:06 - [TEST_STEP][PASSED] - sendKeys: Keys 'ENTER + ' sent to object: 'Object Repository/Backoffice/match_mgmt/input__select2-search__arena_name'

2018-11-28 08:43:06 - [MESSAGE][PASSED] - Keys 'ENTER + ' sent to object: 'Object Repository/Backoffice/match_mgmt/input__select2-search__arena_name'

2018-11-28 08:43:06 - [TEST_STEP][PASSED] - setText: Text 'AA' is set on object 'Object Repository/Backoffice/match_mgmt/meron_details/input_meron_name'

2018-11-28 08:43:07 - [MESSAGE][PASSED] - Text 'AA' is set on object 'Object Repository/Backoffice/match_mgmt/meron_details/input_meron_name'

2018-11-28 08:43:07 - [TEST_STEP][PASSED] - setText: Text 'Farm 1' is set on object 'Object Repository/Backoffice/match_mgmt/meron_details/input_meron_farm'

2018-11-28 08:43:07 - [MESSAGE][PASSED] - Text 'Farm 1' is set on object 'Object Repository/Backoffice/match_mgmt/meron_details/input_meron_farm'

2018-11-28 08:43:07 - [TEST_STEP][PASSED] - setText: Text 'Breed 1' is set on object 'Object Repository/Backoffice/match_mgmt/meron_details/input_meron_breed'

2018-11-28 08:43:07 - [MESSAGE][PASSED] - Text 'Breed 1' is set on object 'Object Repository/Backoffice/match_mgmt/meron_details/input_meron_breed'

2018-11-28 08:43:07 - [TEST_STEP][PASSED] - setText: Text 'Weight 1' is set on object 'Object Repository/Backoffice/match_mgmt/meron_details/input_meron_weight'

2018-11-28 08:43:08 - [MESSAGE][PASSED] - Text 'Weight 1' is set on object 'Object Repository/Backoffice/match_mgmt/meron_details/input_meron_weight'

2018-11-28 08:43:08 - [TEST_STEP][PASSED] - setText: Text 'BB' is set on object 'Object Repository/Backoffice/match_mgmt/wala_details/input_wala_name'

2018-11-28 08:43:08 - [MESSAGE][PASSED] - Text 'BB' is set on object 'Object Repository/Backoffice/match_mgmt/wala_details/input_wala_name'

2018-11-28 08:43:08 - [TEST_STEP][PASSED] - setText: Text 'Farm 2' is set on object 'Object Repository/Backoffice/match_mgmt/wala_details/input_wala_farm'

2018-11-28 08:43:08 - [MESSAGE][PASSED] - Text 'Farm 2' is set on object 'Object Repository/Backoffice/match_mgmt/wala_details/input_wala_farm'

2018-11-28 08:43:08 - [TEST_STEP][PASSED] - setText: Text 'Breed 2' is set on object 'Object Repository/Backoffice/match_mgmt/wala_details/input_wala_breed'

2018-11-28 08:43:09 - [MESSAGE][PASSED] - Text 'Breed 2' is set on object 'Object Repository/Backoffice/match_mgmt/wala_details/input_wala_breed'

2018-11-28 08:43:09 - [TEST_STEP][PASSED] - setText: Text 'Weight 2' is set on object 'Object Repository/Backoffice/match_mgmt/wala_details/input_wala_weight'

2018-11-28 08:43:09 - [MESSAGE][PASSED] - Text 'Weight 2' is set on object 'Object Repository/Backoffice/match_mgmt/wala_details/input_wala_weight'

2018-11-28 08:43:09 - [TEST_STEP][PASSED] - click: Object: 'Object Repository/Backoffice/match_mgmt/input_submit_match' is clicked on

2018-11-28 08:43:11 - [MESSAGE][PASSED] - Object: 'Object Repository/Backoffice/match_mgmt/input_submit_match' is clicked on

2018-11-28 08:43:11 - [TEST_STEP][PASSED] - delay: Delayed 1 second(s)

2018-11-28 08:43:12 - [MESSAGE][PASSED] - Delayed 1 second(s)

2018-11-28 08:43:12 - [TEST_STEP][PASSED] - click: Object: 'Object Repository/Backoffice/match_mgmt/button_create_match' is clicked on

2018-11-28 08:43:13 - [MESSAGE][PASSED] - Object: 'Object Repository/Backoffice/match_mgmt/button_create_match' is clicked on

2018-11-28 08:43:13 - [TEST_STEP][PASSED] - delay: Delayed 1 second(s)

2018-11-28 08:43:14 - [MESSAGE][PASSED] - Delayed 1 second(s)

2018-11-28 08:43:14 - [TEST_STEP][PASSED] - click: Object: 'Object Repository/Backoffice/match_mgmt/span_select_arena_name' is clicked on

2018-11-28 08:43:14 - [MESSAGE][PASSED] - Object: 'Object Repository/Backoffice/match_mgmt/span_select_arena_name' is clicked on

2018-11-28 08:43:14 - [TEST_STEP][PASSED] - setText: Text 'ALIXANDRA SPORTS COMPLEX - ASC' is set on object 'Object Repository/Backoffice/match_mgmt/input__select2-search__arena_name'

2018-11-28 08:43:15 - [MESSAGE][PASSED] - Text 'ALIXANDRA SPORTS COMPLEX - ASC' is set on object 'Object Repository/Backoffice/match_mgmt/input__select2-search__arena_name'

2018-11-28 08:43:15 - [TEST_STEP][PASSED] - sendKeys: Keys 'ENTER + ' sent to object: 'Object Repository/Backoffice/match_mgmt/input__select2-search__arena_name'

2018-11-28 08:43:15 - [MESSAGE][PASSED] - Keys 'ENTER + ' sent to object: 'Object Repository/Backoffice/match_mgmt/input__select2-search__arena_name'

2018-11-28 08:43:15 - [TEST_STEP][PASSED] - setText: Text 'AA' is set on object 'Object Repository/Backoffice/match_mgmt/meron_details/input_meron_name'

2018-11-28 08:43:16 - [MESSAGE][PASSED] - Text 'AA' is set on object 'Object Repository/Backoffice/match_mgmt/meron_details/input_meron_name'

2018-11-28 08:43:16 - [TEST_STEP][PASSED] - setText: Text 'Farm 1' is set on object 'Object Repository/Backoffice/match_mgmt/meron_details/input_meron_farm'

2018-11-28 08:43:16 - [MESSAGE][PASSED] - Text 'Farm 1' is set on object 'Object Repository/Backoffice/match_mgmt/meron_details/input_meron_farm'

2018-11-28 08:43:16 - [TEST_STEP][PASSED] - setText: Text 'Breed 1' is set on object 'Object Repository/Backoffice/match_mgmt/meron_details/input_meron_breed'

2018-11-28 08:43:16 - [MESSAGE][PASSED] - Text 'Breed 1' is set on object 'Object Repository/Backoffice/match_mgmt/meron_details/input_meron_breed'

2018-11-28 08:43:16 - [TEST_STEP][PASSED] - setText: Text 'Weight 1' is set on object 'Object Repository/Backoffice/match_mgmt/meron_details/input_meron_weight'

2018-11-28 08:43:17 - [MESSAGE][PASSED] - Text 'Weight 1' is set on object 'Object Repository/Backoffice/match_mgmt/meron_details/input_meron_weight'

2018-11-28 08:43:17 - [TEST_STEP][PASSED] - setText: Text 'BB' is set on object 'Object Repository/Backoffice/match_mgmt/wala_details/input_wala_name'

2018-11-28 08:43:17 - [MESSAGE][PASSED] - Text 'BB' is set on object 'Object Repository/Backoffice/match_mgmt/wala_details/input_wala_name'

2018-11-28 08:43:17 - [TEST_STEP][PASSED] - setText: Text 'Farm 2' is set on object 'Object Repository/Backoffice/match_mgmt/wala_details/input_wala_farm'

2018-11-28 08:43:17 - [MESSAGE][PASSED] - Text 'Farm 2' is set on object 'Object Repository/Backoffice/match_mgmt/wala_details/input_wala_farm'

2018-11-28 08:43:17 - [TEST_STEP][PASSED] - setText: Text 'Breed 2' is set on object 'Object Repository/Backoffice/match_mgmt/wala_details/input_wala_breed'

2018-11-28 08:43:17 - [MESSAGE][PASSED] - Text 'Breed 2' is set on object 'Object Repository/Backoffice/match_mgmt/wala_details/input_wala_breed'

2018-11-28 08:43:17 - [TEST_STEP][PASSED] - setText: Text 'Weight 2' is set on object 'Object Repository/Backoffice/match_mgmt/wala_details/input_wala_weight'

2018-11-28 08:43:18 - [MESSAGE][PASSED] - Text 'Weight 2' is set on object 'Object Repository/Backoffice/match_mgmt/wala_details/input_wala_weight'

2018-11-28 08:43:18 - [TEST_STEP][PASSED] - click: Object: 'Object Repository/Backoffice/match_mgmt/input_submit_match' is clicked on

2018-11-28 08:43:20 - [MESSAGE][PASSED] - Object: 'Object Repository/Backoffice/match_mgmt/input_submit_match' is clicked on

2018-11-28 08:43:20 - [TEST_STEP][PASSED] - delay: Delayed 1 second(s)

2018-11-28 08:43:21 - [MESSAGE][PASSED] - Delayed 1 second(s)

2018-11-28 08:43:21 - [TEST_STEP][PASSED] - click: Object: 'Object Repository/Backoffice/match_mgmt/button_create_match' is clicked on

2018-11-28 08:43:21 - [MESSAGE][PASSED] - Object: 'Object Repository/Backoffice/match_mgmt/button_create_match' is clicked on

2018-11-28 08:43:21 - [TEST_STEP][PASSED] - delay: Delayed 1 second(s)

2018-11-28 08:43:22 - [MESSAGE][PASSED] - Delayed 1 second(s)

2018-11-28 08:43:22 - [TEST_STEP][PASSED] - click: Object: 'Object Repository/Backoffice/match_mgmt/span_select_arena_name' is clicked on

2018-11-28 08:43:23 - [MESSAGE][PASSED] - Object: 'Object Repository/Backoffice/match_mgmt/span_select_arena_name' is clicked on

2018-11-28 08:43:23 - [TEST_STEP][PASSED] - setText: Text 'ALIXANDRA SPORTS COMPLEX - ASC' is set on object 'Object Repository/Backoffice/match_mgmt/input__select2-search__arena_name'

2018-11-28 08:43:24 - [MESSAGE][PASSED] - Text 'ALIXANDRA SPORTS COMPLEX - ASC' is set on object 'Object Repository/Backoffice/match_mgmt/input__select2-search__arena_name'

2018-11-28 08:43:24 - [TEST_STEP][PASSED] - sendKeys: Keys 'ENTER + ' sent to object: 'Object Repository/Backoffice/match_mgmt/input__select2-search__arena_name'

2018-11-28 08:43:24 - [MESSAGE][PASSED] - Keys 'ENTER + ' sent to object: 'Object Repository/Backoffice/match_mgmt/input__select2-search__arena_name'

2018-11-28 08:43:24 - [TEST_STEP][PASSED] - setText: Text 'AA' is set on object 'Object Repository/Backoffice/match_mgmt/meron_details/input_meron_name'

2018-11-28 08:43:25 - [MESSAGE][PASSED] - Text 'AA' is set on object 'Object Repository/Backoffice/match_mgmt/meron_details/input_meron_name'

2018-11-28 08:43:25 - [TEST_STEP][PASSED] - setText: Text 'Farm 1' is set on object 'Object Repository/Backoffice/match_mgmt/meron_details/input_meron_farm'

2018-11-28 08:43:25 - [MESSAGE][PASSED] - Text 'Farm 1' is set on object 'Object Repository/Backoffice/match_mgmt/meron_details/input_meron_farm'

2018-11-28 08:43:25 - [TEST_STEP][PASSED] - setText: Text 'Breed 1' is set on object 'Object Repository/Backoffice/match_mgmt/meron_details/input_meron_breed'

2018-11-28 08:43:25 - [MESSAGE][PASSED] - Text 'Breed 1' is set on object 'Object Repository/Backoffice/match_mgmt/meron_details/input_meron_breed'

2018-11-28 08:43:25 - [TEST_STEP][PASSED] - setText: Text 'Weight 1' is set on object 'Object Repository/Backoffice/match_mgmt/meron_details/input_meron_weight'

2018-11-28 08:43:26 - [MESSAGE][PASSED] - Text 'Weight 1' is set on object 'Object Repository/Backoffice/match_mgmt/meron_details/input_meron_weight'

2018-11-28 08:43:26 - [TEST_STEP][PASSED] - setText: Text 'BB' is set on object 'Object Repository/Backoffice/match_mgmt/wala_details/input_wala_name'

2018-11-28 08:43:26 - [MESSAGE][PASSED] - Text 'BB' is set on object 'Object Repository/Backoffice/match_mgmt/wala_details/input_wala_name'

2018-11-28 08:43:26 - [TEST_STEP][PASSED] - setText: Text 'Farm 2' is set on object 'Object Repository/Backoffice/match_mgmt/wala_details/input_wala_farm'

2018-11-28 08:43:26 - [MESSAGE][PASSED] - Text 'Farm 2' is set on object 'Object Repository/Backoffice/match_mgmt/wala_details/input_wala_farm'

2018-11-28 08:43:26 - [TEST_STEP][PASSED] - setText: Text 'Breed 2' is set on object 'Object Repository/Backoffice/match_mgmt/wala_details/input_wala_breed'

2018-11-28 08:43:26 - [MESSAGE][PASSED] - Text 'Breed 2' is set on object 'Object Repository/Backoffice/match_mgmt/wala_details/input_wala_breed'

2018-11-28 08:43:26 - [TEST_STEP][PASSED] - setText: Text 'Weight 2' is set on object 'Object Repository/Backoffice/match_mgmt/wala_details/input_wala_weight'

2018-11-28 08:43:27 - [MESSAGE][PASSED] - Text 'Weight 2' is set on object 'Object Repository/Backoffice/match_mgmt/wala_details/input_wala_weight'

2018-11-28 08:43:27 - [TEST_STEP][PASSED] - click: Object: 'Object Repository/Backoffice/match_mgmt/input_submit_match' is clicked on

2018-11-28 08:43:29 - [MESSAGE][PASSED] - Object: 'Object Repository/Backoffice/match_mgmt/input_submit_match' is clicked on

2018-11-28 08:43:29 - [TEST_STEP][PASSED] - delay: Delayed 1 second(s)

2018-11-28 08:43:30 - [MESSAGE][PASSED] - Delayed 1 second(s)

2018-11-28 08:43:30 - [TEST_STEP][PASSED] - click: Object: 'Object Repository/Backoffice/match_mgmt/button_create_match' is clicked on

2018-11-28 08:43:31 - [MESSAGE][PASSED] - Object: 'Object Repository/Backoffice/match_mgmt/button_create_match' is clicked on

2018-11-28 08:43:31 - [TEST_STEP][PASSED] - delay: Delayed 1 second(s)

2018-11-28 08:43:32 - [MESSAGE][PASSED] - Delayed 1 second(s)

2018-11-28 08:43:32 - [TEST_STEP][PASSED] - click: Object: 'Object Repository/Backoffice/match_mgmt/span_select_arena_name' is clicked on

2018-11-28 08:43:32 - [MESSAGE][PASSED] - Object: 'Object Repository/Backoffice/match_mgmt/span_select_arena_name' is clicked on

2018-11-28 08:43:32 - [TEST_STEP][PASSED] - setText: Text 'ALIXANDRA SPORTS COMPLEX - ASC' is set on object 'Object Repository/Backoffice/match_mgmt/input__select2-search__arena_name'

2018-11-28 08:43:33 - [MESSAGE][PASSED] - Text 'ALIXANDRA SPORTS COMPLEX - ASC' is set on object 'Object Repository/Backoffice/match_mgmt/input__select2-search__arena_name'

2018-11-28 08:43:33 - [TEST_STEP][PASSED] - sendKeys: Keys 'ENTER + ' sent to object: 'Object Repository/Backoffice/match_mgmt/input__select2-search__arena_name'

2018-11-28 08:43:33 - [MESSAGE][PASSED] - Keys 'ENTER + ' sent to object: 'Object Repository/Backoffice/match_mgmt/input__select2-search__arena_name'

2018-11-28 08:43:33 - [TEST_STEP][PASSED] - setText: Text 'AA' is set on object 'Object Repository/Backoffice/match_mgmt/meron_details/input_meron_name'

2018-11-28 08:43:34 - [MESSAGE][PASSED] - Text 'AA' is set on object 'Object Repository/Backoffice/match_mgmt/meron_details/input_meron_name'

2018-11-28 08:43:34 - [TEST_STEP][PASSED] - setText: Text 'Farm 1' is set on object 'Object Repository/Backoffice/match_mgmt/meron_details/input_meron_farm'

2018-11-28 08:43:34 - [MESSAGE][PASSED] - Text 'Farm 1' is set on object 'Object Repository/Backoffice/match_mgmt/meron_details/input_meron_farm'

2018-11-28 08:43:34 - [TEST_STEP][PASSED] - setText: Text 'Breed 1' is set on object 'Object Repository/Backoffice/match_mgmt/meron_details/input_meron_breed'

2018-11-28 08:43:34 - [MESSAGE][PASSED] - Text 'Breed 1' is set on object 'Object Repository/Backoffice/match_mgmt/meron_details/input_meron_breed'

2018-11-28 08:43:34 - [TEST_STEP][PASSED] - setText: Text 'Weight 1' is set on object 'Object Repository/Backoffice/match_mgmt/meron_details/input_meron_weight'

2018-11-28 08:43:35 - [MESSAGE][PASSED] - Text 'Weight 1' is set on object 'Object Repository/Backoffice/match_mgmt/meron_details/input_meron_weight'

2018-11-28 08:43:35 - [TEST_STEP][PASSED] - setText: Text 'BB' is set on object 'Object Repository/Backoffice/match_mgmt/wala_details/input_wala_name'

2018-11-28 08:43:35 - [MESSAGE][PASSED] - Text 'BB' is set on object 'Object Repository/Backoffice/match_mgmt/wala_details/input_wala_name'

2018-11-28 08:43:35 - [TEST_STEP][PASSED] - setText: Text 'Farm 2' is set on object 'Object Repository/Backoffice/match_mgmt/wala_details/input_wala_farm'

2018-11-28 08:43:35 - [MESSAGE][PASSED] - Text 'Farm 2' is set on object 'Object Repository/Backoffice/match_mgmt/wala_details/input_wala_farm'

2018-11-28 08:43:35 - [TEST_STEP][PASSED] - setText: Text 'Breed 2' is set on object 'Object Repository/Backoffice/match_mgmt/wala_details/input_wala_breed'

2018-11-28 08:43:36 - [MESSAGE][PASSED] - Text 'Breed 2' is set on object 'Object Repository/Backoffice/match_mgmt/wala_details/input_wala_breed'

2018-11-28 08:43:36 - [TEST_STEP][PASSED] - setText: Text 'Weight 2' is set on object 'Object Repository/Backoffice/match_mgmt/wala_details/input_wala_weight'

2018-11-28 08:43:36 - [MESSAGE][PASSED] - Text 'Weight 2' is set on object 'Object Repository/Backoffice/match_mgmt/wala_details/input_wala_weight'

2018-11-28 08:43:36 - [TEST_STEP][PASSED] - click: Object: 'Object Repository/Backoffice/match_mgmt/input_submit_match' is clicked on

2018-11-28 08:43:38 - [MESSAGE][PASSED] - Object: 'Object Repository/Backoffice/match_mgmt/input_submit_match' is clicked on

2018-11-28 08:43:38 - [TEST_STEP][PASSED] - delay: Delayed 1 second(s)

2018-11-28 08:43:39 - [MESSAGE][PASSED] - Delayed 1 second(s)

2018-11-28 08:43:39 - [TEST_STEP][PASSED] - click: Object: 'Object Repository/Backoffice/match_mgmt/button_create_match' is clicked on

2018-11-28 08:43:39 - [MESSAGE][PASSED] - Object: 'Object Repository/Backoffice/match_mgmt/button_create_match' is clicked on

2018-11-28 08:43:39 - [TEST_STEP][PASSED] - delay: Delayed 1 second(s)

2018-11-28 08:43:40 - [MESSAGE][PASSED] - Delayed 1 second(s)

2018-11-28 08:43:40 - [TEST_STEP][PASSED] - click: Object: 'Object Repository/Backoffice/match_mgmt/span_select_arena_name' is clicked on

2018-11-28 08:43:41 - [MESSAGE][PASSED] - Object: 'Object Repository/Backoffice/match_mgmt/span_select_arena_name' is clicked on

2018-11-28 08:43:41 - [TEST_STEP][PASSED] - setText: Text 'ALIXANDRA SPORTS COMPLEX - ASC' is set on object 'Object Repository/Backoffice/match_mgmt/input__select2-search__arena_name'

2018-11-28 08:43:42 - [MESSAGE][PASSED] - Text 'ALIXANDRA SPORTS COMPLEX - ASC' is set on object 'Object Repository/Backoffice/match_mgmt/input__select2-search__arena_name'

2018-11-28 08:43:42 - [TEST_STEP][PASSED] - sendKeys: Keys 'ENTER + ' sent to object: 'Object Repository/Backoffice/match_mgmt/input__select2-search__arena_name'

2018-11-28 08:43:42 - [MESSAGE][PASSED] - Keys 'ENTER + ' sent to object: 'Object Repository/Backoffice/match_mgmt/input__select2-search__arena_name'

2018-11-28 08:43:42 - [TEST_STEP][PASSED] - setText: Text 'AA' is set on object 'Object Repository/Backoffice/match_mgmt/meron_details/input_meron_name'

2018-11-28 08:43:42 - [MESSAGE][PASSED] - Text 'AA' is set on object 'Object Repository/Backoffice/match_mgmt/meron_details/input_meron_name'

2018-11-28 08:43:42 - [TEST_STEP][PASSED] - setText: Text 'Farm 1' is set on object 'Object Repository/Backoffice/match_mgmt/meron_details/input_meron_farm'

2018-11-28 08:43:43 - [MESSAGE][PASSED] - Text 'Farm 1' is set on object 'Object Repository/Backoffice/match_mgmt/meron_details/input_meron_farm'

2018-11-28 08:43:43 - [TEST_STEP][PASSED] - setText: Text 'Breed 1' is set on object 'Object Repository/Backoffice/match_mgmt/meron_details/input_meron_breed'

2018-11-28 08:43:43 - [MESSAGE][PASSED] - Text 'Breed 1' is set on object 'Object Repository/Backoffice/match_mgmt/meron_details/input_meron_breed'

2018-11-28 08:43:43 - [TEST_STEP][PASSED] - setText: Text 'Weight 1' is set on object 'Object Repository/Backoffice/match_mgmt/meron_details/input_meron_weight'

2018-11-28 08:43:43 - [MESSAGE][PASSED] - Text 'Weight 1' is set on object 'Object Repository/Backoffice/match_mgmt/meron_details/input_meron_weight'

2018-11-28 08:43:43 - [TEST_STEP][PASSED] - setText: Text 'BB' is set on object 'Object Repository/Backoffice/match_mgmt/wala_details/input_wala_name'

2018-11-28 08:43:44 - [MESSAGE][PASSED] - Text 'BB' is set on object 'Object Repository/Backoffice/match_mgmt/wala_details/input_wala_name'

2018-11-28 08:43:44 - [TEST_STEP][PASSED] - setText: Text 'Farm 2' is set on object 'Object Repository/Backoffice/match_mgmt/wala_details/input_wala_farm'

2018-11-28 08:43:44 - [MESSAGE][PASSED] - Text 'Farm 2' is set on object 'Object Repository/Backoffice/match_mgmt/wala_details/input_wala_farm'

2018-11-28 08:43:44 - [TEST_STEP][PASSED] - setText: Text 'Breed 2' is set on object 'Object Repository/Backoffice/match_mgmt/wala_details/input_wala_breed'

2018-11-28 08:43:44 - [MESSAGE][PASSED] - Text 'Breed 2' is set on object 'Object Repository/Backoffice/match_mgmt/wala_details/input_wala_breed'

2018-11-28 08:43:44 - [TEST_STEP][PASSED] - setText: Text 'Weight 2' is set on object 'Object Repository/Backoffice/match_mgmt/wala_details/input_wala_weight'

2018-11-28 08:43:44 - [MESSAGE][PASSED] - Text 'Weight 2' is set on object 'Object Repository/Backoffice/match_mgmt/wala_details/input_wala_weight'

2018-11-28 08:43:44 - [TEST_STEP][PASSED] - click: Object: 'Object Repository/Backoffice/match_mgmt/input_submit_match' is clicked on

2018-11-28 08:43:47 - [MESSAGE][PASSED] - Object: 'Object Repository/Backoffice/match_mgmt/input_submit_match' is clicked on

2018-11-28 08:43:47 - [TEST_STEP][PASSED] - delay: Delayed 1 second(s)

2018-11-28 08:43:48 - [MESSAGE][PASSED] - Delayed 1 second(s)

2018-11-28 08:43:48 - [TEST_STEP][PASSED] - click: Object: 'Object Repository/Backoffice/match_mgmt/button_create_match' is clicked on

2018-11-28 08:43:48 - [MESSAGE][PASSED] - Object: 'Object Repository/Backoffice/match_mgmt/button_create_match' is clicked on

2018-11-28 08:43:48 - [TEST_STEP][PASSED] - delay: Delayed 1 second(s)

2018-11-28 08:43:49 - [MESSAGE][PASSED] - Delayed 1 second(s)

2018-11-28 08:43:49 - [TEST_STEP][PASSED] - click: Object: 'Object Repository/Backoffice/match_mgmt/span_select_arena_name' is clicked on

2018-11-28 08:43:49 - [MESSAGE][PASSED] - Object: 'Object Repository/Backoffice/match_mgmt/span_select_arena_name' is clicked on

2018-11-28 08:43:49 - [TEST_STEP][PASSED] - setText: Text 'ALIXANDRA SPORTS COMPLEX - ASC' is set on object 'Object Repository/Backoffice/match_mgmt/input__select2-search__arena_name'

2018-11-28 08:43:51 - [MESSAGE][PASSED] - Text 'ALIXANDRA SPORTS COMPLEX - ASC' is set on object 'Object Repository/Backoffice/match_mgmt/input__select2-search__arena_name'

2018-11-28 08:43:51 - [TEST_STEP][PASSED] - sendKeys: Keys 'ENTER + ' sent to object: 'Object Repository/Backoffice/match_mgmt/input__select2-search__arena_name'

2018-11-28 08:43:51 - [MESSAGE][PASSED] - Keys 'ENTER + ' sent to object: 'Object Repository/Backoffice/match_mgmt/input__select2-search__arena_name'

2018-11-28 08:43:51 - [TEST_STEP][PASSED] - setText: Text 'AA' is set on object 'Object Repository/Backoffice/match_mgmt/meron_details/input_meron_name'

2018-11-28 08:43:51 - [MESSAGE][PASSED] - Text 'AA' is set on object 'Object Repository/Backoffice/match_mgmt/meron_details/input_meron_name'

2018-11-28 08:43:51 - [TEST_STEP][PASSED] - setText: Text 'Farm 1' is set on object 'Object Repository/Backoffice/match_mgmt/meron_details/input_meron_farm'

2018-11-28 08:43:51 - [MESSAGE][PASSED] - Text 'Farm 1' is set on object 'Object Repository/Backoffice/match_mgmt/meron_details/input_meron_farm'

2018-11-28 08:43:51 - [TEST_STEP][PASSED] - setText: Text 'Breed 1' is set on object 'Object Repository/Backoffice/match_mgmt/meron_details/input_meron_breed'

2018-11-28 08:43:52 - [MESSAGE][PASSED] - Text 'Breed 1' is set on object 'Object Repository/Backoffice/match_mgmt/meron_details/input_meron_breed'

2018-11-28 08:43:52 - [TEST_STEP][PASSED] - setText: Text 'Weight 1' is set on object 'Object Repository/Backoffice/match_mgmt/meron_details/input_meron_weight'

2018-11-28 08:43:52 - [MESSAGE][PASSED] - Text 'Weight 1' is set on object 'Object Repository/Backoffice/match_mgmt/meron_details/input_meron_weight'

2018-11-28 08:43:52 - [TEST_STEP][PASSED] - setText: Text 'BB' is set on object 'Object Repository/Backoffice/match_mgmt/wala_details/input_wala_name'

2018-11-28 08:43:52 - [MESSAGE][PASSED] - Text 'BB' is set on object 'Object Repository/Backoffice/match_mgmt/wala_details/input_wala_name'

2018-11-28 08:43:52 - [TEST_STEP][PASSED] - setText: Text 'Farm 2' is set on object 'Object Repository/Backoffice/match_mgmt/wala_details/input_wala_farm'

2018-11-28 08:43:53 - [MESSAGE][PASSED] - Text 'Farm 2' is set on object 'Object Repository/Backoffice/match_mgmt/wala_details/input_wala_farm'

2018-11-28 08:43:53 - [TEST_STEP][PASSED] - setText: Text 'Breed 2' is set on object 'Object Repository/Backoffice/match_mgmt/wala_details/input_wala_breed'

2018-11-28 08:43:53 - [MESSAGE][PASSED] - Text 'Breed 2' is set on object 'Object Repository/Backoffice/match_mgmt/wala_details/input_wala_breed'

2018-11-28 08:43:53 - [TEST_STEP][PASSED] - setText: Text 'Weight 2' is set on object 'Object Repository/Backoffice/match_mgmt/wala_details/input_wala_weight'

2018-11-28 08:43:53 - [MESSAGE][PASSED] - Text 'Weight 2' is set on object 'Object Repository/Backoffice/match_mgmt/wala_details/input_wala_weight'

2018-11-28 08:43:53 - [TEST_STEP][PASSED] - click: Object: 'Object Repository/Backoffice/match_mgmt/input_submit_match' is clicked on

2018-11-28 08:43:55 - [MESSAGE][PASSED] - Object: 'Object Repository/Backoffice/match_mgmt/input_submit_match' is clicked on

2018-11-28 08:43:55 - [TEST_STEP][PASSED] - delay: Delayed 1 second(s)

2018-11-28 08:43:56 - [MESSAGE][PASSED] - Delayed 1 second(s)

2018-11-28 08:43:56 - [TEST_STEP][PASSED] - click: Object: 'Object Repository/Backoffice/match_mgmt/button_create_match' is clicked on

2018-11-28 08:43:57 - [MESSAGE][PASSED] - Object: 'Object Repository/Backoffice/match_mgmt/button_create_match' is clicked on

2018-11-28 08:43:57 - [TEST_STEP][PASSED] - delay: Delayed 1 second(s)

2018-11-28 08:43:58 - [MESSAGE][PASSED] - Delayed 1 second(s)

2018-11-28 08:43:58 - [TEST_STEP][PASSED] - click: Object: 'Object Repository/Backoffice/match_mgmt/span_select_arena_name' is clicked on

2018-11-28 08:43:58 - [MESSAGE][PASSED] - Object: 'Object Repository/Backoffice/match_mgmt/span_select_arena_name' is clicked on

2018-11-28 08:43:58 - [TEST_STEP][PASSED] - setText: Text 'ALIXANDRA SPORTS COMPLEX - ASC' is set on object 'Object Repository/Backoffice/match_mgmt/input__select2-search__arena_name'

2018-11-28 08:43:59 - [MESSAGE][PASSED] - Text 'ALIXANDRA SPORTS COMPLEX - ASC' is set on object 'Object Repository/Backoffice/match_mgmt/input__select2-search__arena_name'

2018-11-28 08:43:59 - [TEST_STEP][PASSED] - sendKeys: Keys 'ENTER + ' sent to object: 'Object Repository/Backoffice/match_mgmt/input__select2-search__arena_name'

2018-11-28 08:43:59 - [MESSAGE][PASSED] - Keys 'ENTER + ' sent to object: 'Object Repository/Backoffice/match_mgmt/input__select2-search__arena_name'

2018-11-28 08:43:59 - [TEST_STEP][PASSED] - setText: Text 'AA' is set on object 'Object Repository/Backoffice/match_mgmt/meron_details/input_meron_name'

2018-11-28 08:44:00 - [MESSAGE][PASSED] - Text 'AA' is set on object 'Object Repository/Backoffice/match_mgmt/meron_details/input_meron_name'

2018-11-28 08:44:00 - [TEST_STEP][PASSED] - setText: Text 'Farm 1' is set on object 'Object Repository/Backoffice/match_mgmt/meron_details/input_meron_farm'

2018-11-28 08:44:00 - [MESSAGE][PASSED] - Text 'Farm 1' is set on object 'Object Repository/Backoffice/match_mgmt/meron_details/input_meron_farm'

2018-11-28 08:44:00 - [TEST_STEP][PASSED] - setText: Text 'Breed 1' is set on object 'Object Repository/Backoffice/match_mgmt/meron_details/input_meron_breed'

2018-11-28 08:44:00 - [MESSAGE][PASSED] - Text 'Breed 1' is set on object 'Object Repository/Backoffice/match_mgmt/meron_details/input_meron_breed'

2018-11-28 08:44:00 - [TEST_STEP][PASSED] - setText: Text 'Weight 1' is set on object 'Object Repository/Backoffice/match_mgmt/meron_details/input_meron_weight'

2018-11-28 08:44:00 - [MESSAGE][PASSED] - Text 'Weight 1' is set on object 'Object Repository/Backoffice/match_mgmt/meron_details/input_meron_weight'

2018-11-28 08:44:00 - [TEST_STEP][PASSED] - setText: Text 'BB' is set on object 'Object Repository/Backoffice/match_mgmt/wala_details/input_wala_name'

2018-11-28 08:44:01 - [MESSAGE][PASSED] - Text 'BB' is set on object 'Object Repository/Backoffice/match_mgmt/wala_details/input_wala_name'

2018-11-28 08:44:01 - [TEST_STEP][PASSED] - setText: Text 'Farm 2' is set on object 'Object Repository/Backoffice/match_mgmt/wala_details/input_wala_farm'

2018-11-28 08:44:01 - [MESSAGE][PASSED] - Text 'Farm 2' is set on object 'Object Repository/Backoffice/match_mgmt/wala_details/input_wala_farm'

2018-11-28 08:44:01 - [TEST_STEP][PASSED] - setText: Text 'Breed 2' is set on object 'Object Repository/Backoffice/match_mgmt/wala_details/input_wala_breed'

2018-11-28 08:44:01 - [MESSAGE][PASSED] - Text 'Breed 2' is set on object 'Object Repository/Backoffice/match_mgmt/wala_details/input_wala_breed'

2018-11-28 08:44:01 - [TEST_STEP][PASSED] - setText: Text 'Weight 2' is set on object 'Object Repository/Backoffice/match_mgmt/wala_details/input_wala_weight'

2018-11-28 08:44:02 - [MESSAGE][PASSED] - Text 'Weight 2' is set on object 'Object Repository/Backoffice/match_mgmt/wala_details/input_wala_weight'

2018-11-28 08:44:02 - [TEST_STEP][PASSED] - click: Object: 'Object Repository/Backoffice/match_mgmt/input_submit_match' is clicked on

2018-11-28 08:44:04 - [MESSAGE][PASSED] - Object: 'Object Repository/Backoffice/match_mgmt/input_submit_match' is clicked on

2018-11-28 08:44:04 - [TEST_STEP][PASSED] - delay: Delayed 1 second(s)

2018-11-28 08:44:05 - [MESSAGE][PASSED] - Delayed 1 second(s)

2018-11-28 08:44:05 - [TEST_STEP][PASSED] - click: Object: 'Object Repository/Backoffice/match_mgmt/button_create_match' is clicked on

2018-11-28 08:44:06 - [MESSAGE][PASSED] - Object: 'Object Repository/Backoffice/match_mgmt/button_create_match' is clicked on

2018-11-28 08:44:06 - [TEST_STEP][PASSED] - delay: Delayed 1 second(s)

2018-11-28 08:44:07 - [MESSAGE][PASSED] - Delayed 1 second(s)

2018-11-28 08:44:07 - [TEST_STEP][PASSED] - click: Object: 'Object Repository/Backoffice/match_mgmt/span_select_arena_name' is clicked on

2018-11-28 08:44:07 - [MESSAGE][PASSED] - Object: 'Object Repository/Backoffice/match_mgmt/span_select_arena_name' is clicked on

2018-11-28 08:44:07 - [TEST_STEP][PASSED] - setText: Text 'ALIXANDRA SPORTS COMPLEX - ASC' is set on object 'Object Repository/Backoffice/match_mgmt/input__select2-search__arena_name'

2018-11-28 08:44:08 - [MESSAGE][PASSED] - Text 'ALIXANDRA SPORTS COMPLEX - ASC' is set on object 'Object Repository/Backoffice/match_mgmt/input__select2-search__arena_name'

2018-11-28 08:44:08 - [TEST_STEP][PASSED] - sendKeys: Keys 'ENTER + ' sent to object: 'Object Repository/Backoffice/match_mgmt/input__select2-search__arena_name'

2018-11-28 08:44:09 - [MESSAGE][PASSED] - Keys 'ENTER + ' sent to object: 'Object Repository/Backoffice/match_mgmt/input__select2-search__arena_name'

2018-11-28 08:44:09 - [TEST_STEP][PASSED] - setText: Text 'AA' is set on object 'Object Repository/Backoffice/match_mgmt/meron_details/input_meron_name'

2018-11-28 08:44:09 - [MESSAGE][PASSED] - Text 'AA' is set on object 'Object Repository/Backoffice/match_mgmt/meron_details/input_meron_name'

2018-11-28 08:44:09 - [TEST_STEP][PASSED] - setText: Text 'Farm 1' is set on object 'Object Repository/Backoffice/match_mgmt/meron_details/input_meron_farm'

2018-11-28 08:44:09 - [MESSAGE][PASSED] - Text 'Farm 1' is set on object 'Object Repository/Backoffice/match_mgmt/meron_details/input_meron_farm'

2018-11-28 08:44:09 - [TEST_STEP][PASSED] - setText: Text 'Breed 1' is set on object 'Object Repository/Backoffice/match_mgmt/meron_details/input_meron_breed'

2018-11-28 08:44:09 - [MESSAGE][PASSED] - Text 'Breed 1' is set on object 'Object Repository/Backoffice/match_mgmt/meron_details/input_meron_breed'

2018-11-28 08:44:09 - [TEST_STEP][PASSED] - setText: Text 'Weight 1' is set on object 'Object Repository/Backoffice/match_mgmt/meron_details/input_meron_weight'

2018-11-28 08:44:10 - [MESSAGE][PASSED] - Text 'Weight 1' is set on object 'Object Repository/Backoffice/match_mgmt/meron_details/input_meron_weight'

2018-11-28 08:44:10 - [TEST_STEP][PASSED] - setText: Text 'BB' is set on object 'Object Repository/Backoffice/match_mgmt/wala_details/input_wala_name'

2018-11-28 08:44:10 - [MESSAGE][PASSED] - Text 'BB' is set on object 'Object Repository/Backoffice/match_mgmt/wala_details/input_wala_name'

2018-11-28 08:44:10 - [TEST_STEP][PASSED] - setText: Text 'Farm 2' is set on object 'Object Repository/Backoffice/match_mgmt/wala_details/input_wala_farm'

2018-11-28 08:44:10 - [MESSAGE][PASSED] - Text 'Farm 2' is set on object 'Object Repository/Backoffice/match_mgmt/wala_details/input_wala_farm'

2018-11-28 08:44:10 - [TEST_STEP][PASSED] - setText: Text 'Breed 2' is set on object 'Object Repository/Backoffice/match_mgmt/wala_details/input_wala_breed'

2018-11-28 08:44:11 - [MESSAGE][PASSED] - Text 'Breed 2' is set on object 'Object Repository/Backoffice/match_mgmt/wala_details/input_wala_breed'

2018-11-28 08:44:11 - [TEST_STEP][PASSED] - setText: Text 'Weight 2' is set on object 'Object Repository/Backoffice/match_mgmt/wala_details/input_wala_weight'

2018-11-28 08:44:11 - [MESSAGE][PASSED] - Text 'Weight 2' is set on object 'Object Repository/Backoffice/match_mgmt/wala_details/input_wala_weight'

2018-11-28 08:44:11 - [TEST_STEP][PASSED] - click: Object: 'Object Repository/Backoffice/match_mgmt/input_submit_match' is clicked on

2018-11-28 08:44:13 - [MESSAGE][PASSED] - Object: 'Object Repository/Backoffice/match_mgmt/input_submit_match' is clicked on

2018-11-28 08:44:13 - [TEST_STEP][PASSED] - delay: Delayed 1 second(s)

2018-11-28 08:44:14 - [MESSAGE][PASSED] - Delayed 1 second(s)

2018-11-28 08:44:14 - [TEST_STEP][PASSED] - click: Object: 'Object Repository/Backoffice/match_mgmt/button_create_match' is clicked on

2018-11-28 08:44:14 - [MESSAGE][PASSED] - Object: 'Object Repository/Backoffice/match_mgmt/button_create_match' is clicked on

2018-11-28 08:44:14 - [TEST_STEP][PASSED] - delay: Delayed 1 second(s)

2018-11-28 08:44:15 - [MESSAGE][PASSED] - Delayed 1 second(s)

2018-11-28 08:44:15 - [TEST_STEP][PASSED] - click: Object: 'Object Repository/Backoffice/match_mgmt/span_select_arena_name' is clicked on

2018-11-28 08:44:15 - [MESSAGE][PASSED] - Object: 'Object Repository/Backoffice/match_mgmt/span_select_arena_name' is clicked on

2018-11-28 08:44:15 - [TEST_STEP][PASSED] - setText: Text 'ALIXANDRA SPORTS COMPLEX - ASC' is set on object 'Object Repository/Backoffice/match_mgmt/input__select2-search__arena_name'

2018-11-28 08:44:17 - [MESSAGE][PASSED] - Text 'ALIXANDRA SPORTS COMPLEX - ASC' is set on object 'Object Repository/Backoffice/match_mgmt/input__select2-search__arena_name'

2018-11-28 08:44:17 - [TEST_STEP][PASSED] - sendKeys: Keys 'ENTER + ' sent to object: 'Object Repository/Backoffice/match_mgmt/input__select2-search__arena_name'

2018-11-28 08:44:17 - [MESSAGE][PASSED] - Keys 'ENTER + ' sent to object: 'Object Repository/Backoffice/match_mgmt/input__select2-search__arena_name'

2018-11-28 08:44:17 - [TEST_STEP][PASSED] - setText: Text 'AA' is set on object 'Object Repository/Backoffice/match_mgmt/meron_details/input_meron_name'

2018-11-28 08:44:17 - [MESSAGE][PASSED] - Text 'AA' is set on object 'Object Repository/Backoffice/match_mgmt/meron_details/input_meron_name'

2018-11-28 08:44:17 - [TEST_STEP][PASSED] - setText: Text 'Farm 1' is set on object 'Object Repository/Backoffice/match_mgmt/meron_details/input_meron_farm'

2018-11-28 08:44:17 - [MESSAGE][PASSED] - Text 'Farm 1' is set on object 'Object Repository/Backoffice/match_mgmt/meron_details/input_meron_farm'

2018-11-28 08:44:17 - [TEST_STEP][PASSED] - setText: Text 'Breed 1' is set on object 'Object Repository/Backoffice/match_mgmt/meron_details/input_meron_breed'

2018-11-28 08:44:18 - [MESSAGE][PASSED] - Text 'Breed 1' is set on object 'Object Repository/Backoffice/match_mgmt/meron_details/input_meron_breed'

2018-11-28 08:44:18 - [TEST_STEP][PASSED] - setText: Text 'Weight 1' is set on object 'Object Repository/Backoffice/match_mgmt/meron_details/input_meron_weight'

2018-11-28 08:44:18 - [MESSAGE][PASSED] - Text 'Weight 1' is set on object 'Object Repository/Backoffice/match_mgmt/meron_details/input_meron_weight'

2018-11-28 08:44:18 - [TEST_STEP][PASSED] - setText: Text 'BB' is set on object 'Object Repository/Backoffice/match_mgmt/wala_details/input_wala_name'

2018-11-28 08:44:18 - [MESSAGE][PASSED] - Text 'BB' is set on object 'Object Repository/Backoffice/match_mgmt/wala_details/input_wala_name'

2018-11-28 08:44:18 - [TEST_STEP][PASSED] - setText: Text 'Farm 2' is set on object 'Object Repository/Backoffice/match_mgmt/wala_details/input_wala_farm'

2018-11-28 08:44:19 - [MESSAGE][PASSED] - Text 'Farm 2' is set on object 'Object Repository/Backoffice/match_mgmt/wala_details/input_wala_farm'

2018-11-28 08:44:19 - [TEST_STEP][PASSED] - setText: Text 'Breed 2' is set on object 'Object Repository/Backoffice/match_mgmt/wala_details/input_wala_breed'

2018-11-28 08:44:19 - [MESSAGE][PASSED] - Text 'Breed 2' is set on object 'Object Repository/Backoffice/match_mgmt/wala_details/input_wala_breed'

2018-11-28 08:44:19 - [TEST_STEP][PASSED] - setText: Text 'Weight 2' is set on object 'Object Repository/Backoffice/match_mgmt/wala_details/input_wala_weight'

2018-11-28 08:44:19 - [MESSAGE][PASSED] - Text 'Weight 2' is set on object 'Object Repository/Backoffice/match_mgmt/wala_details/input_wala_weight'

2018-11-28 08:44:19 - [TEST_STEP][PASSED] - click: Object: 'Object Repository/Backoffice/match_mgmt/input_submit_match' is clicked on

2018-11-28 08:44:21 - [MESSAGE][PASSED] - Object: 'Object Repository/Backoffice/match_mgmt/input_submit_match' is clicked on

2018-11-28 08:44:21 - [TEST_STEP][PASSED] - delay: Delayed 1 second(s)

2018-11-28 08:44:22 - [MESSAGE][PASSED] - Delayed 1 second(s)

2018-11-28 08:44:22 - [TEST_STEP][PASSED] - click: Object: 'Object Repository/Backoffice/match_mgmt/button_create_match' is clicked on

2018-11-28 08:44:23 - [MESSAGE][PASSED] - Object: 'Object Repository/Backoffice/match_mgmt/button_create_match' is clicked on

2018-11-28 08:44:23 - [TEST_STEP][PASSED] - delay: Delayed 1 second(s)

2018-11-28 08:44:24 - [MESSAGE][PASSED] - Delayed 1 second(s)

2018-11-28 08:44:24 - [TEST_STEP][PASSED] - click: Object: 'Object Repository/Backoffice/match_mgmt/span_select_arena_name' is clicked on

2018-11-28 08:44:24 - [MESSAGE][PASSED] - Object: 'Object Repository/Backoffice/match_mgmt/span_select_arena_name' is clicked on

2018-11-28 08:44:24 - [TEST_STEP][PASSED] - setText: Text 'ALIXANDRA SPORTS COMPLEX - ASC' is set on object 'Object Repository/Backoffice/match_mgmt/input__select2-search__arena_name'

2018-11-28 08:44:25 - [MESSAGE][PASSED] - Text 'ALIXANDRA SPORTS COMPLEX - ASC' is set on object 'Object Repository/Backoffice/match_mgmt/input__select2-search__arena_name'

2018-11-28 08:44:25 - [TEST_STEP][PASSED] - sendKeys: Keys 'ENTER + ' sent to object: 'Object Repository/Backoffice/match_mgmt/input__select2-search__arena_name'

2018-11-28 08:44:26 - [MESSAGE][PASSED] - Keys 'ENTER + ' sent to object: 'Object Repository/Backoffice/match_mgmt/input__select2-search__arena_name'

2018-11-28 08:44:26 - [TEST_STEP][PASSED] - setText: Text 'AA' is set on object 'Object Repository/Backoffice/match_mgmt/meron_details/input_meron_name'

2018-11-28 08:44:26 - [MESSAGE][PASSED] - Text 'AA' is set on object 'Object Repository/Backoffice/match_mgmt/meron_details/input_meron_name'

2018-11-28 08:44:26 - [TEST_STEP][PASSED] - setText: Text 'Farm 1' is set on object 'Object Repository/Backoffice/match_mgmt/meron_details/input_meron_farm'

2018-11-28 08:44:26 - [MESSAGE][PASSED] - Text 'Farm 1' is set on object 'Object Repository/Backoffice/match_mgmt/meron_details/input_meron_farm'

2018-11-28 08:44:26 - [TEST_STEP][PASSED] - setText: Text 'Breed 1' is set on object 'Object Repository/Backoffice/match_mgmt/meron_details/input_meron_breed'

2018-11-28 08:44:26 - [MESSAGE][PASSED] - Text 'Breed 1' is set on object 'Object Repository/Backoffice/match_mgmt/meron_details/input_meron_breed'

2018-11-28 08:44:26 - [TEST_STEP][PASSED] - setText: Text 'Weight 1' is set on object 'Object Repository/Backoffice/match_mgmt/meron_details/input_meron_weight'

2018-11-28 08:44:27 - [MESSAGE][PASSED] - Text 'Weight 1' is set on object 'Object Repository/Backoffice/match_mgmt/meron_details/input_meron_weight'

2018-11-28 08:44:27 - [TEST_STEP][PASSED] - setText: Text 'BB' is set on object 'Object Repository/Backoffice/match_mgmt/wala_details/input_wala_name'

2018-11-28 08:44:27 - [MESSAGE][PASSED] - Text 'BB' is set on object 'Object Repository/Backoffice/match_mgmt/wala_details/input_wala_name'

2018-11-28 08:44:27 - [TEST_STEP][PASSED] - setText: Text 'Farm 2' is set on object 'Object Repository/Backoffice/match_mgmt/wala_details/input_wala_farm'

2018-11-28 08:44:27 - [MESSAGE][PASSED] - Text 'Farm 2' is set on object 'Object Repository/Backoffice/match_mgmt/wala_details/input_wala_farm'

2018-11-28 08:44:27 - [TEST_STEP][PASSED] - setText: Text 'Breed 2' is set on object 'Object Repository/Backoffice/match_mgmt/wala_details/input_wala_breed'

2018-11-28 08:44:28 - [MESSAGE][PASSED] - Text 'Breed 2' is set on object 'Object Repository/Backoffice/match_mgmt/wala_details/input_wala_breed'

2018-11-28 08:44:28 - [TEST_STEP][PASSED] - setText: Text 'Weight 2' is set on object 'Object Repository/Backoffice/match_mgmt/wala_details/input_wala_weight'

2018-11-28 08:44:28 - [MESSAGE][PASSED] - Text 'Weight 2' is set on object 'Object Repository/Backoffice/match_mgmt/wala_details/input_wala_weight'

2018-11-28 08:44:28 - [TEST_STEP][PASSED] - click: Object: 'Object Repository/Backoffice/match_mgmt/input_submit_match' is clicked on

2018-11-28 08:44:30 - [MESSAGE][PASSED] - Object: 'Object Repository/Backoffice/match_mgmt/input_submit_match' is clicked on

2018-11-28 08:44:30 - [TEST_STEP][PASSED] - delay: Delayed 1 second(s)

2018-11-28 08:44:31 - [MESSAGE][PASSED] - Delayed 1 second(s)

2018-11-28 08:44:31 - [TEST_STEP][PASSED] - click: Object: 'Object Repository/Backoffice/match_mgmt/button_create_match' is clicked on

2018-11-28 08:44:32 - [MESSAGE][PASSED] - Object: 'Object Repository/Backoffice/match_mgmt/button_create_match' is clicked on

2018-11-28 08:44:32 - [TEST_STEP][PASSED] - delay: Delayed 1 second(s)

2018-11-28 08:44:33 - [MESSAGE][PASSED] - Delayed 1 second(s)

2018-11-28 08:44:33 - [TEST_STEP][PASSED] - click: Object: 'Object Repository/Backoffice/match_mgmt/span_select_arena_name' is clicked on

2018-11-28 08:44:33 - [MESSAGE][PASSED] - Object: 'Object Repository/Backoffice/match_mgmt/span_select_arena_name' is clicked on

2018-11-28 08:44:33 - [TEST_STEP][PASSED] - setText: Text 'ALIXANDRA SPORTS COMPLEX - ASC' is set on object 'Object Repository/Backoffice/match_mgmt/input__select2-search__arena_name'

2018-11-28 08:44:34 - [MESSAGE][PASSED] - Text 'ALIXANDRA SPORTS COMPLEX - ASC' is set on object 'Object Repository/Backoffice/match_mgmt/input__select2-search__arena_name'

2018-11-28 08:44:34 - [TEST_STEP][PASSED] - sendKeys: Keys 'ENTER + ' sent to object: 'Object Repository/Backoffice/match_mgmt/input__select2-search__arena_name'

2018-11-28 08:44:34 - [MESSAGE][PASSED] - Keys 'ENTER + ' sent to object: 'Object Repository/Backoffice/match_mgmt/input__select2-search__arena_name'

2018-11-28 08:44:34 - [TEST_STEP][PASSED] - setText: Text 'AA' is set on object 'Object Repository/Backoffice/match_mgmt/meron_details/input_meron_name'

2018-11-28 08:44:35 - [MESSAGE][PASSED] - Text 'AA' is set on object 'Object Repository/Backoffice/match_mgmt/meron_details/input_meron_name'

2018-11-28 08:44:35 - [TEST_STEP][PASSED] - setText: Text 'Farm 1' is set on object 'Object Repository/Backoffice/match_mgmt/meron_details/input_meron_farm'

2018-11-28 08:44:35 - [MESSAGE][PASSED] - Text 'Farm 1' is set on object 'Object Repository/Backoffice/match_mgmt/meron_details/input_meron_farm'

2018-11-28 08:44:35 - [TEST_STEP][PASSED] - setText: Text 'Breed 1' is set on object 'Object Repository/Backoffice/match_mgmt/meron_details/input_meron_breed'

2018-11-28 08:44:35 - [MESSAGE][PASSED] - Text 'Breed 1' is set on object 'Object Repository/Backoffice/match_mgmt/meron_details/input_meron_breed'

2018-11-28 08:44:35 - [TEST_STEP][PASSED] - setText: Text 'Weight 1' is set on object 'Object Repository/Backoffice/match_mgmt/meron_details/input_meron_weight'

2018-11-28 08:44:36 - [MESSAGE][PASSED] - Text 'Weight 1' is set on object 'Object Repository/Backoffice/match_mgmt/meron_details/input_meron_weight'

2018-11-28 08:44:36 - [TEST_STEP][PASSED] - setText: Text 'BB' is set on object 'Object Repository/Backoffice/match_mgmt/wala_details/input_wala_name'

2018-11-28 08:44:36 - [MESSAGE][PASSED] - Text 'BB' is set on object 'Object Repository/Backoffice/match_mgmt/wala_details/input_wala_name'

2018-11-28 08:44:36 - [TEST_STEP][PASSED] - setText: Text 'Farm 2' is set on object 'Object Repository/Backoffice/match_mgmt/wala_details/input_wala_farm'

2018-11-28 08:44:36 - [MESSAGE][PASSED] - Text 'Farm 2' is set on object 'Object Repository/Backoffice/match_mgmt/wala_details/input_wala_farm'

2018-11-28 08:44:36 - [TEST_STEP][PASSED] - setText: Text 'Breed 2' is set on object 'Object Repository/Backoffice/match_mgmt/wala_details/input_wala_breed'

2018-11-28 08:44:36 - [MESSAGE][PASSED] - Text 'Breed 2' is set on object 'Object Repository/Backoffice/match_mgmt/wala_details/input_wala_breed'

2018-11-28 08:44:36 - [TEST_STEP][PASSED] - setText: Text 'Weight 2' is set on object 'Object Repository/Backoffice/match_mgmt/wala_details/input_wala_weight'

2018-11-28 08:44:37 - [MESSAGE][PASSED] - Text 'Weight 2' is set on object 'Object Repository/Backoffice/match_mgmt/wala_details/input_wala_weight'

2018-11-28 08:44:37 - [TEST_STEP][PASSED] - click: Object: 'Object Repository/Backoffice/match_mgmt/input_submit_match' is clicked on

2018-11-28 08:44:39 - [MESSAGE][PASSED] - Object: 'Object Repository/Backoffice/match_mgmt/input_submit_match' is clicked on

2018-11-28 08:44:39 - [TEST_STEP][PASSED] - delay: Delayed 1 second(s)

2018-11-28 08:44:40 - [MESSAGE][PASSED] - Delayed 1 second(s)

2018-11-28 08:44:40 - [TEST_STEP][PASSED] - click: Object: 'Object Repository/Backoffice/match_mgmt/button_create_match' is clicked on

2018-11-28 08:44:41 - [MESSAGE][PASSED] - Object: 'Object Repository/Backoffice/match_mgmt/button_create_match' is clicked on

2018-11-28 08:44:41 - [TEST_STEP][PASSED] - delay: Delayed 1 second(s)

2018-11-28 08:44:42 - [MESSAGE][PASSED] - Delayed 1 second(s)

2018-11-28 08:44:42 - [TEST_STEP][PASSED] - click: Object: 'Object Repository/Backoffice/match_mgmt/span_select_arena_name' is clicked on

2018-11-28 08:44:42 - [MESSAGE][PASSED] - Object: 'Object Repository/Backoffice/match_mgmt/span_select_arena_name' is clicked on

2018-11-28 08:44:42 - [TEST_STEP][PASSED] - setText: Text 'ALIXANDRA SPORTS COMPLEX - ASC' is set on object 'Object Repository/Backoffice/match_mgmt/input__select2-search__arena_name'

2018-11-28 08:44:43 - [MESSAGE][PASSED] - Text 'ALIXANDRA SPORTS COMPLEX - ASC' is set on object 'Object Repository/Backoffice/match_mgmt/input__select2-search__arena_name'

2018-11-28 08:44:43 - [TEST_STEP][PASSED] - sendKeys: Keys 'ENTER + ' sent to object: 'Object Repository/Backoffice/match_mgmt/input__select2-search__arena_name'

2018-11-28 08:44:44 - [MESSAGE][PASSED] - Keys 'ENTER + ' sent to object: 'Object Repository/Backoffice/match_mgmt/input__select2-search__arena_name'

2018-11-28 08:44:44 - [TEST_STEP][PASSED] - setText: Text 'AA' is set on object 'Object Repository/Backoffice/match_mgmt/meron_details/input_meron_name'

2018-11-28 08:44:44 - [MESSAGE][PASSED] - Text 'AA' is set on object 'Object Repository/Backoffice/match_mgmt/meron_details/input_meron_name'

2018-11-28 08:44:44 - [TEST_STEP][PASSED] - setText: Text 'Farm 1' is set on object 'Object Repository/Backoffice/match_mgmt/meron_details/input_meron_farm'

2018-11-28 08:44:44 - [MESSAGE][PASSED] - Text 'Farm 1' is set on object 'Object Repository/Backoffice/match_mgmt/meron_details/input_meron_farm'

2018-11-28 08:44:44 - [TEST_STEP][PASSED] - setText: Text 'Breed 1' is set on object 'Object Repository/Backoffice/match_mgmt/meron_details/input_meron_breed'

2018-11-28 08:44:45 - [MESSAGE][PASSED] - Text 'Breed 1' is set on object 'Object Repository/Backoffice/match_mgmt/meron_details/input_meron_breed'

2018-11-28 08:44:45 - [TEST_STEP][PASSED] - setText: Text 'Weight 1' is set on object 'Object Repository/Backoffice/match_mgmt/meron_details/input_meron_weight'

2018-11-28 08:44:45 - [MESSAGE][PASSED] - Text 'Weight 1' is set on object 'Object Repository/Backoffice/match_mgmt/meron_details/input_meron_weight'

2018-11-28 08:44:45 - [TEST_STEP][PASSED] - setText: Text 'BB' is set on object 'Object Repository/Backoffice/match_mgmt/wala_details/input_wala_name'

2018-11-28 08:44:45 - [MESSAGE][PASSED] - Text 'BB' is set on object 'Object Repository/Backoffice/match_mgmt/wala_details/input_wala_name'

2018-11-28 08:44:45 - [TEST_STEP][PASSED] - setText: Text 'Farm 2' is set on object 'Object Repository/Backoffice/match_mgmt/wala_details/input_wala_farm'

2018-11-28 08:44:45 - [MESSAGE][PASSED] - Text 'Farm 2' is set on object 'Object Repository/Backoffice/match_mgmt/wala_details/input_wala_farm'

2018-11-28 08:44:45 - [TEST_STEP][PASSED] - setText: Text 'Breed 2' is set on object 'Object Repository/Backoffice/match_mgmt/wala_details/input_wala_breed'

2018-11-28 08:44:46 - [MESSAGE][PASSED] - Text 'Breed 2' is set on object 'Object Repository/Backoffice/match_mgmt/wala_details/input_wala_breed'

2018-11-28 08:44:46 - [TEST_STEP][PASSED] - setText: Text 'Weight 2' is set on object 'Object Repository/Backoffice/match_mgmt/wala_details/input_wala_weight'

2018-11-28 08:44:46 - [MESSAGE][PASSED] - Text 'Weight 2' is set on object 'Object Repository/Backoffice/match_mgmt/wala_details/input_wala_weight'

2018-11-28 08:44:46 - [TEST_STEP][PASSED] - click: Object: 'Object Repository/Backoffice/match_mgmt/input_submit_match' is clicked on

2018-11-28 08:44:48 - [MESSAGE][PASSED] - Object: 'Object Repository/Backoffice/match_mgmt/input_submit_match' is clicked on

2018-11-28 08:44:48 - [TEST_STEP][PASSED] - delay: Delayed 1 second(s)

2018-11-28 08:44:49 - [MESSAGE][PASSED] - Delayed 1 second(s)

2018-11-28 08:44:49 - [TEST_STEP][PASSED] - click: Object: 'Object Repository/Backoffice/match_mgmt/button_create_match' is clicked on

2018-11-28 08:44:49 - [MESSAGE][PASSED] - Object: 'Object Repository/Backoffice/match_mgmt/button_create_match' is clicked on

2018-11-28 08:44:49 - [TEST_STEP][PASSED] - delay: Delayed 1 second(s)

2018-11-28 08:44:50 - [MESSAGE][PASSED] - Delayed 1 second(s)

2018-11-28 08:44:50 - [TEST_STEP][PASSED] - click: Object: 'Object Repository/Backoffice/match_mgmt/span_select_arena_name' is clicked on

2018-11-28 08:44:50 - [MESSAGE][PASSED] - Object: 'Object Repository/Backoffice/match_mgmt/span_select_arena_name' is clicked on

2018-11-28 08:44:51 - [TEST_STEP][PASSED] - setText: Text 'ALIXANDRA SPORTS COMPLEX - ASC' is set on object 'Object Repository/Backoffice/match_mgmt/input__select2-search__arena_name'

2018-11-28 08:44:52 - [MESSAGE][PASSED] - Text 'ALIXANDRA SPORTS COMPLEX - ASC' is set on object 'Object Repository/Backoffice/match_mgmt/input__select2-search__arena_name'

2018-11-28 08:44:52 - [TEST_STEP][PASSED] - sendKeys: Keys 'ENTER + ' sent to object: 'Object Repository/Backoffice/match_mgmt/input__select2-search__arena_name'

2018-11-28 08:44:52 - [MESSAGE][PASSED] - Keys 'ENTER + ' sent to object: 'Object Repository/Backoffice/match_mgmt/input__select2-search__arena_name'

2018-11-28 08:44:52 - [TEST_STEP][PASSED] - setText: Text 'AA' is set on object 'Object Repository/Backoffice/match_mgmt/meron_details/input_meron_name'

2018-11-28 08:44:52 - [MESSAGE][PASSED] - Text 'AA' is set on object 'Object Repository/Backoffice/match_mgmt/meron_details/input_meron_name'

2018-11-28 08:44:52 - [TEST_STEP][PASSED] - setText: Text 'Farm 1' is set on object 'Object Repository/Backoffice/match_mgmt/meron_details/input_meron_farm'

2018-11-28 08:44:53 - [MESSAGE][PASSED] - Text 'Farm 1' is set on object 'Object Repository/Backoffice/match_mgmt/meron_details/input_meron_farm'

2018-11-28 08:44:53 - [TEST_STEP][PASSED] - setText: Text 'Breed 1' is set on object 'Object Repository/Backoffice/match_mgmt/meron_details/input_meron_breed'

2018-11-28 08:44:53 - [MESSAGE][PASSED] - Text 'Breed 1' is set on object 'Object Repository/Backoffice/match_mgmt/meron_details/input_meron_breed'

2018-11-28 08:44:53 - [TEST_STEP][PASSED] - setText: Text 'Weight 1' is set on object 'Object Repository/Backoffice/match_mgmt/meron_details/input_meron_weight'

2018-11-28 08:44:53 - [MESSAGE][PASSED] - Text 'Weight 1' is set on object 'Object Repository/Backoffice/match_mgmt/meron_details/input_meron_weight'

2018-11-28 08:44:53 - [TEST_STEP][PASSED] - setText: Text 'BB' is set on object 'Object Repository/Backoffice/match_mgmt/wala_details/input_wala_name'

2018-11-28 08:44:54 - [MESSAGE][PASSED] - Text 'BB' is set on object 'Object Repository/Backoffice/match_mgmt/wala_details/input_wala_name'

2018-11-28 08:44:54 - [TEST_STEP][PASSED] - setText: Text 'Farm 2' is set on object 'Object Repository/Backoffice/match_mgmt/wala_details/input_wala_farm'

2018-11-28 08:44:54 - [MESSAGE][PASSED] - Text 'Farm 2' is set on object 'Object Repository/Backoffice/match_mgmt/wala_details/input_wala_farm'

2018-11-28 08:44:54 - [TEST_STEP][PASSED] - setText: Text 'Breed 2' is set on object 'Object Repository/Backoffice/match_mgmt/wala_details/input_wala_breed'

2018-11-28 08:44:54 - [MESSAGE][PASSED] - Text 'Breed 2' is set on object 'Object Repository/Backoffice/match_mgmt/wala_details/input_wala_breed'

2018-11-28 08:44:54 - [TEST_STEP][PASSED] - setText: Text 'Weight 2' is set on object 'Object Repository/Backoffice/match_mgmt/wala_details/input_wala_weight'

2018-11-28 08:44:55 - [MESSAGE][PASSED] - Text 'Weight 2' is set on object 'Object Repository/Backoffice/match_mgmt/wala_details/input_wala_weight'

2018-11-28 08:44:55 - [TEST_STEP][PASSED] - click: Object: 'Object Repository/Backoffice/match_mgmt/input_submit_match' is clicked on

2018-11-28 08:44:57 - [MESSAGE][PASSED] - Object: 'Object Repository/Backoffice/match_mgmt/input_submit_match' is clicked on

2018-11-28 08:44:57 - [TEST_STEP][PASSED] - delay: Delayed 1 second(s)

2018-11-28 08:44:58 - [MESSAGE][PASSED] - Delayed 1 second(s)

2018-11-28 08:44:58 - [TEST_STEP][PASSED] - click: Object: 'Object Repository/Backoffice/match_mgmt/button_create_match' is clicked on

2018-11-28 08:44:59 - [MESSAGE][PASSED] - Object: 'Object Repository/Backoffice/match_mgmt/button_create_match' is clicked on

2018-11-28 08:44:59 - [TEST_STEP][PASSED] - delay: Delayed 1 second(s)

2018-11-28 08:45:00 - [MESSAGE][PASSED] - Delayed 1 second(s)

2018-11-28 08:45:00 - [TEST_STEP][PASSED] - click: Object: 'Object Repository/Backoffice/match_mgmt/span_select_arena_name' is clicked on

2018-11-28 08:45:00 - [MESSAGE][PASSED] - Object: 'Object Repository/Backoffice/match_mgmt/span_select_arena_name' is clicked on

2018-11-28 08:45:00 - [TEST_STEP][PASSED] - setText: Text 'ALIXANDRA SPORTS COMPLEX - ASC' is set on object 'Object Repository/Backoffice/match_mgmt/input__select2-search__arena_name'

2018-11-28 08:45:01 - [MESSAGE][PASSED] - Text 'ALIXANDRA SPORTS COMPLEX - ASC' is set on object 'Object Repository/Backoffice/match_mgmt/input__select2-search__arena_name'

2018-11-28 08:45:01 - [TEST_STEP][PASSED] - sendKeys: Keys 'ENTER + ' sent to object: 'Object Repository/Backoffice/match_mgmt/input__select2-search__arena_name'

2018-11-28 08:45:01 - [MESSAGE][PASSED] - Keys 'ENTER + ' sent to object: 'Object Repository/Backoffice/match_mgmt/input__select2-search__arena_name'

2018-11-28 08:45:01 - [TEST_STEP][PASSED] - setText: Text 'AA' is set on object 'Object Repository/Backoffice/match_mgmt/meron_details/input_meron_name'

2018-11-28 08:45:02 - [MESSAGE][PASSED] - Text 'AA' is set on object 'Object Repository/Backoffice/match_mgmt/meron_details/input_meron_name'

2018-11-28 08:45:02 - [TEST_STEP][PASSED] - setText: Text 'Farm 1' is set on object 'Object Repository/Backoffice/match_mgmt/meron_details/input_meron_farm'

2018-11-28 08:45:02 - [MESSAGE][PASSED] - Text 'Farm 1' is set on object 'Object Repository/Backoffice/match_mgmt/meron_details/input_meron_farm'

2018-11-28 08:45:02 - [TEST_STEP][PASSED] - setText: Text 'Breed 1' is set on object 'Object Repository/Backoffice/match_mgmt/meron_details/input_meron_breed'

2018-11-28 08:45:04 - [MESSAGE][PASSED] - Text 'Breed 1' is set on object 'Object Repository/Backoffice/match_mgmt/meron_details/input_meron_breed'

2018-11-28 08:45:04 - [TEST_STEP][PASSED] - setText: Text 'Weight 1' is set on object 'Object Repository/Backoffice/match_mgmt/meron_details/input_meron_weight'

2018-11-28 08:45:04 - [MESSAGE][PASSED] - Text 'Weight 1' is set on object 'Object Repository/Backoffice/match_mgmt/meron_details/input_meron_weight'

2018-11-28 08:45:04 - [TEST_STEP][PASSED] - setText: Text 'BB' is set on object 'Object Repository/Backoffice/match_mgmt/wala_details/input_wala_name'

2018-11-28 08:45:05 - [MESSAGE][PASSED] - Text 'BB' is set on object 'Object Repository/Backoffice/match_mgmt/wala_details/input_wala_name'

2018-11-28 08:45:05 - [TEST_STEP][PASSED] - setText: Text 'Farm 2' is set on object 'Object Repository/Backoffice/match_mgmt/wala_details/input_wala_farm'

2018-11-28 08:45:05 - [MESSAGE][PASSED] - Text 'Farm 2' is set on object 'Object Repository/Backoffice/match_mgmt/wala_details/input_wala_farm'

2018-11-28 08:45:05 - [TEST_STEP][PASSED] - setText: Text 'Breed 2' is set on object 'Object Repository/Backoffice/match_mgmt/wala_details/input_wala_breed'

2018-11-28 08:45:05 - [MESSAGE][PASSED] - Text 'Breed 2' is set on object 'Object Repository/Backoffice/match_mgmt/wala_details/input_wala_breed'

2018-11-28 08:45:05 - [TEST_STEP][PASSED] - setText: Text 'Weight 2' is set on object 'Object Repository/Backoffice/match_mgmt/wala_details/input_wala_weight'

2018-11-28 08:45:06 - [MESSAGE][PASSED] - Text 'Weight 2' is set on object 'Object Repository/Backoffice/match_mgmt/wala_details/input_wala_weight'

2018-11-28 08:45:06 - [TEST_STEP][PASSED] - click: Object: 'Object Repository/Backoffice/match_mgmt/input_submit_match' is clicked on

2018-11-28 08:45:09 - [MESSAGE][PASSED] - Object: 'Object Repository/Backoffice/match_mgmt/input_submit_match' is clicked on

2018-11-28 08:45:09 - [TEST_STEP][PASSED] - delay: Delayed 1 second(s)

2018-11-28 08:45:10 - [MESSAGE][PASSED] - Delayed 1 second(s)

2018-11-28 08:45:10 - [TEST_STEP][PASSED] - click: Object: 'Object Repository/Backoffice/match_mgmt/button_create_match' is clicked on

2018-11-28 08:45:10 - [MESSAGE][PASSED] - Object: 'Object Repository/Backoffice/match_mgmt/button_create_match' is clicked on

2018-11-28 08:45:10 - [TEST_STEP][PASSED] - delay: Delayed 1 second(s)

2018-11-28 08:45:11 - [MESSAGE][PASSED] - Delayed 1 second(s)

2018-11-28 08:45:11 - [TEST_STEP][PASSED] - click: Object: 'Object Repository/Backoffice/match_mgmt/span_select_arena_name' is clicked on

2018-11-28 08:45:11 - [MESSAGE][PASSED] - Object: 'Object Repository/Backoffice/match_mgmt/span_select_arena_name' is clicked on

2018-11-28 08:45:11 - [TEST_STEP][PASSED] - setText: Text 'ALIXANDRA SPORTS COMPLEX - ASC' is set on object 'Object Repository/Backoffice/match_mgmt/input__select2-search__arena_name'

2018-11-28 08:45:13 - [MESSAGE][PASSED] - Text 'ALIXANDRA SPORTS COMPLEX - ASC' is set on object 'Object Repository/Backoffice/match_mgmt/input__select2-search__arena_name'

2018-11-28 08:45:13 - [TEST_STEP][PASSED] - sendKeys: Keys 'ENTER + ' sent to object: 'Object Repository/Backoffice/match_mgmt/input__select2-search__arena_name'

2018-11-28 08:45:13 - [MESSAGE][PASSED] - Keys 'ENTER + ' sent to object: 'Object Repository/Backoffice/match_mgmt/input__select2-search__arena_name'

2018-11-28 08:45:13 - [TEST_STEP][PASSED] - setText: Text 'AA' is set on object 'Object Repository/Backoffice/match_mgmt/meron_details/input_meron_name'

2018-11-28 08:45:13 - [MESSAGE][PASSED] - Text 'AA' is set on object 'Object Repository/Backoffice/match_mgmt/meron_details/input_meron_name'

2018-11-28 08:45:13 - [TEST_STEP][PASSED] - setText: Text 'Farm 1' is set on object 'Object Repository/Backoffice/match_mgmt/meron_details/input_meron_farm'

2018-11-28 08:45:14 - [MESSAGE][PASSED] - Text 'Farm 1' is set on object 'Object Repository/Backoffice/match_mgmt/meron_details/input_meron_farm'

2018-11-28 08:45:14 - [TEST_STEP][PASSED] - setText: Text 'Breed 1' is set on object 'Object Repository/Backoffice/match_mgmt/meron_details/input_meron_breed'

2018-11-28 08:45:14 - [MESSAGE][PASSED] - Text 'Breed 1' is set on object 'Object Repository/Backoffice/match_mgmt/meron_details/input_meron_breed'

2018-11-28 08:45:14 - [TEST_STEP][PASSED] - setText: Text 'Weight 1' is set on object 'Object Repository/Backoffice/match_mgmt/meron_details/input_meron_weight'

2018-11-28 08:45:14 - [MESSAGE][PASSED] - Text 'Weight 1' is set on object 'Object Repository/Backoffice/match_mgmt/meron_details/input_meron_weight'

2018-11-28 08:45:14 - [TEST_STEP][PASSED] - setText: Text 'BB' is set on object 'Object Repository/Backoffice/match_mgmt/wala_details/input_wala_name'

2018-11-28 08:45:15 - [MESSAGE][PASSED] - Text 'BB' is set on object 'Object Repository/Backoffice/match_mgmt/wala_details/input_wala_name'

2018-11-28 08:45:15 - [TEST_STEP][PASSED] - setText: Text 'Farm 2' is set on object 'Object Repository/Backoffice/match_mgmt/wala_details/input_wala_farm'

2018-11-28 08:45:15 - [MESSAGE][PASSED] - Text 'Farm 2' is set on object 'Object Repository/Backoffice/match_mgmt/wala_details/input_wala_farm'

2018-11-28 08:45:15 - [TEST_STEP][PASSED] - setText: Text 'Breed 2' is set on object 'Object Repository/Backoffice/match_mgmt/wala_details/input_wala_breed'

2018-11-28 08:45:15 - [MESSAGE][PASSED] - Text 'Breed 2' is set on object 'Object Repository/Backoffice/match_mgmt/wala_details/input_wala_breed'

2018-11-28 08:45:15 - [TEST_STEP][PASSED] - setText: Text 'Weight 2' is set on object 'Object Repository/Backoffice/match_mgmt/wala_details/input_wala_weight'

2018-11-28 08:45:16 - [MESSAGE][PASSED] - Text 'Weight 2' is set on object 'Object Repository/Backoffice/match_mgmt/wala_details/input_wala_weight'

2018-11-28 08:45:16 - [TEST_STEP][PASSED] - click: Object: 'Object Repository/Backoffice/match_mgmt/input_submit_match' is clicked on

2018-11-28 08:45:19 - [MESSAGE][PASSED] - Object: 'Object Repository/Backoffice/match_mgmt/input_submit_match' is clicked on

2018-11-28 08:45:19 - [TEST_STEP][PASSED] - delay: Delayed 1 second(s)

2018-11-28 08:45:20 - [MESSAGE][PASSED] - Delayed 1 second(s)

2018-11-28 08:45:20 - [TEST_STEP][PASSED] - click: Object: 'Object Repository/Backoffice/match_mgmt/button_create_match' is clicked on

2018-11-28 08:45:20 - [MESSAGE][PASSED] - Object: 'Object Repository/Backoffice/match_mgmt/button_create_match' is clicked on

2018-11-28 08:45:20 - [TEST_STEP][PASSED] - delay: Delayed 1 second(s)

2018-11-28 08:45:21 - [MESSAGE][PASSED] - Delayed 1 second(s)

2018-11-28 08:45:21 - [TEST_STEP][PASSED] - click: Object: 'Object Repository/Backoffice/match_mgmt/span_select_arena_name' is clicked on

2018-11-28 08:45:21 - [MESSAGE][PASSED] - Object: 'Object Repository/Backoffice/match_mgmt/span_select_arena_name' is clicked on

2018-11-28 08:45:21 - [TEST_STEP][PASSED] - setText: Text 'ALIXANDRA SPORTS COMPLEX - ASC' is set on object 'Object Repository/Backoffice/match_mgmt/input__select2-search__arena_name'

2018-11-28 08:45:23 - [MESSAGE][PASSED] - Text 'ALIXANDRA SPORTS COMPLEX - ASC' is set on object 'Object Repository/Backoffice/match_mgmt/input__select2-search__arena_name'

2018-11-28 08:45:23 - [TEST_STEP][PASSED] - sendKeys: Keys 'ENTER + ' sent to object: 'Object Repository/Backoffice/match_mgmt/input__select2-search__arena_name'

2018-11-28 08:45:23 - [MESSAGE][PASSED] - Keys 'ENTER + ' sent to object: 'Object Repository/Backoffice/match_mgmt/input__select2-search__arena_name'

2018-11-28 08:45:23 - [TEST_STEP][PASSED] - setText: Text 'AA' is set on object 'Object Repository/Backoffice/match_mgmt/meron_details/input_meron_name'

2018-11-28 08:45:23 - [MESSAGE][PASSED] - Text 'AA' is set on object 'Object Repository/Backoffice/match_mgmt/meron_details/input_meron_name'

2018-11-28 08:45:23 - [TEST_STEP][PASSED] - setText: Text 'Farm 1' is set on object 'Object Repository/Backoffice/match_mgmt/meron_details/input_meron_farm'

2018-11-28 08:45:24 - [MESSAGE][PASSED] - Text 'Farm 1' is set on object 'Object Repository/Backoffice/match_mgmt/meron_details/input_meron_farm'

2018-11-28 08:45:24 - [TEST_STEP][PASSED] - setText: Text 'Breed 1' is set on object 'Object Repository/Backoffice/match_mgmt/meron_details/input_meron_breed'

2018-11-28 08:45:24 - [MESSAGE][PASSED] - Text 'Breed 1' is set on object 'Object Repository/Backoffice/match_mgmt/meron_details/input_meron_breed'

2018-11-28 08:45:24 - [TEST_STEP][PASSED] - setText: Text 'Weight 1' is set on object 'Object Repository/Backoffice/match_mgmt/meron_details/input_meron_weight'

2018-11-28 08:45:24 - [MESSAGE][PASSED] - Text 'Weight 1' is set on object 'Object Repository/Backoffice/match_mgmt/meron_details/input_meron_weight'

2018-11-28 08:45:24 - [TEST_STEP][PASSED] - setText: Text 'BB' is set on object 'Object Repository/Backoffice/match_mgmt/wala_details/input_wala_name'

2018-11-28 08:45:25 - [MESSAGE][PASSED] - Text 'BB' is set on object 'Object Repository/Backoffice/match_mgmt/wala_details/input_wala_name'

2018-11-28 08:45:25 - [TEST_STEP][PASSED] - setText: Text 'Farm 2' is set on object 'Object Repository/Backoffice/match_mgmt/wala_details/input_wala_farm'

2018-11-28 08:45:25 - [MESSAGE][PASSED] - Text 'Farm 2' is set on object 'Object Repository/Backoffice/match_mgmt/wala_details/input_wala_farm'

2018-11-28 08:45:25 - [TEST_STEP][PASSED] - setText: Text 'Breed 2' is set on object 'Object Repository/Backoffice/match_mgmt/wala_details/input_wala_breed'

2018-11-28 08:45:26 - [MESSAGE][PASSED] - Text 'Breed 2' is set on object 'Object Repository/Backoffice/match_mgmt/wala_details/input_wala_breed'

2018-11-28 08:45:26 - [TEST_STEP][PASSED] - setText: Text 'Weight 2' is set on object 'Object Repository/Backoffice/match_mgmt/wala_details/input_wala_weight'

2018-11-28 08:45:26 - [MESSAGE][PASSED] - Text 'Weight 2' is set on object 'Object Repository/Backoffice/match_mgmt/wala_details/input_wala_weight'

2018-11-28 08:45:26 - [TEST_STEP][PASSED] - click: Object: 'Object Repository/Backoffice/match_mgmt/input_submit_match' is clicked on

2018-11-28 08:45:29 - [MESSAGE][PASSED] - Object: 'Object Repository/Backoffice/match_mgmt/input_submit_match' is clicked on

2018-11-28 08:45:29 - [TEST_STEP][PASSED] - delay: Delayed 1 second(s)

2018-11-28 08:45:30 - [MESSAGE][PASSED] - Delayed 1 second(s)

2018-11-28 08:45:30 - [TEST_STEP][PASSED] - click: Object: 'Object Repository/Backoffice/match_mgmt/button_create_match' is clicked on

2018-11-28 08:45:30 - [MESSAGE][PASSED] - Object: 'Object Repository/Backoffice/match_mgmt/button_create_match' is clicked on

2018-11-28 08:45:30 - [TEST_STEP][PASSED] - delay: Delayed 1 second(s)

2018-11-28 08:45:31 - [MESSAGE][PASSED] - Delayed 1 second(s)

2018-11-28 08:45:31 - [TEST_STEP][PASSED] - click: Object: 'Object Repository/Backoffice/match_mgmt/span_select_arena_name' is clicked on

2018-11-28 08:45:31 - [MESSAGE][PASSED] - Object: 'Object Repository/Backoffice/match_mgmt/span_select_arena_name' is clicked on

2018-11-28 08:45:31 - [TEST_STEP][PASSED] - setText: Text 'ALIXANDRA SPORTS COMPLEX - ASC' is set on object 'Object Repository/Backoffice/match_mgmt/input__select2-search__arena_name'

2018-11-28 08:45:33 - [MESSAGE][PASSED] - Text 'ALIXANDRA SPORTS COMPLEX - ASC' is set on object 'Object Repository/Backoffice/match_mgmt/input__select2-search__arena_name'

2018-11-28 08:45:33 - [TEST_STEP][PASSED] - sendKeys: Keys 'ENTER + ' sent to object: 'Object Repository/Backoffice/match_mgmt/input__select2-search__arena_name'

2018-11-28 08:45:33 - [MESSAGE][PASSED] - Keys 'ENTER + ' sent to object: 'Object Repository/Backoffice/match_mgmt/input__select2-search__arena_name'

2018-11-28 08:45:33 - [TEST_STEP][PASSED] - setText: Text 'AA' is set on object 'Object Repository/Backoffice/match_mgmt/meron_details/input_meron_name'

2018-11-28 08:45:34 - [MESSAGE][PASSED] - Text 'AA' is set on object 'Object Repository/Backoffice/match_mgmt/meron_details/input_meron_name'

2018-11-28 08:45:34 - [TEST_STEP][PASSED] - setText: Text 'Farm 1' is set on object 'Object Repository/Backoffice/match_mgmt/meron_details/input_meron_farm'

2018-11-28 08:45:34 - [MESSAGE][PASSED] - Text 'Farm 1' is set on object 'Object Repository/Backoffice/match_mgmt/meron_details/input_meron_farm'

2018-11-28 08:45:34 - [TEST_STEP][PASSED] - setText: Text 'Breed 1' is set on object 'Object Repository/Backoffice/match_mgmt/meron_details/input_meron_breed'

2018-11-28 08:45:34 - [MESSAGE][PASSED] - Text 'Breed 1' is set on object 'Object Repository/Backoffice/match_mgmt/meron_details/input_meron_breed'

2018-11-28 08:45:34 - [TEST_STEP][PASSED] - setText: Text 'Weight 1' is set on object 'Object Repository/Backoffice/match_mgmt/meron_details/input_meron_weight'

2018-11-28 08:45:35 - [MESSAGE][PASSED] - Text 'Weight 1' is set on object 'Object Repository/Backoffice/match_mgmt/meron_details/input_meron_weight'

2018-11-28 08:45:35 - [TEST_STEP][PASSED] - setText: Text 'BB' is set on object 'Object Repository/Backoffice/match_mgmt/wala_details/input_wala_name'

2018-11-28 08:45:35 - [MESSAGE][PASSED] - Text 'BB' is set on object 'Object Repository/Backoffice/match_mgmt/wala_details/input_wala_name'

2018-11-28 08:45:35 - [TEST_STEP][PASSED] - setText: Text 'Farm 2' is set on object 'Object Repository/Backoffice/match_mgmt/wala_details/input_wala_farm'

2018-11-28 08:45:35 - [MESSAGE][PASSED] - Text 'Farm 2' is set on object 'Object Repository/Backoffice/match_mgmt/wala_details/input_wala_farm'

2018-11-28 08:45:35 - [TEST_STEP][PASSED] - setText: Text 'Breed 2' is set on object 'Object Repository/Backoffice/match_mgmt/wala_details/input_wala_breed'

2018-11-28 08:45:36 - [MESSAGE][PASSED] - Text 'Breed 2' is set on object 'Object Repository/Backoffice/match_mgmt/wala_details/input_wala_breed'

2018-11-28 08:45:36 - [TEST_STEP][PASSED] - setText: Text 'Weight 2' is set on object 'Object Repository/Backoffice/match_mgmt/wala_details/input_wala_weight'

2018-11-28 08:45:36 - [MESSAGE][PASSED] - Text 'Weight 2' is set on object 'Object Repository/Backoffice/match_mgmt/wala_details/input_wala_weight'

2018-11-28 08:45:36 - [TEST_STEP][PASSED] - click: Object: 'Object Repository/Backoffice/match_mgmt/input_submit_match' is clicked on

2018-11-28 08:45:39 - [MESSAGE][PASSED] - Object: 'Object Repository/Backoffice/match_mgmt/input_submit_match' is clicked on

2018-11-28 08:45:39 - [TEST_STEP][PASSED] - delay: Delayed 1 second(s)

2018-11-28 08:45:40 - [MESSAGE][PASSED] - Delayed 1 second(s)

2018-11-28 08:45:40 - [TEST_STEP][PASSED] - click: Object: 'Object Repository/Backoffice/match_mgmt/button_create_match' is clicked on

2018-11-28 08:45:40 - [MESSAGE][PASSED] - Object: 'Object Repository/Backoffice/match_mgmt/button_create_match' is clicked on

2018-11-28 08:45:40 - [TEST_STEP][PASSED] - delay: Delayed 1 second(s)

2018-11-28 08:45:41 - [MESSAGE][PASSED] - Delayed 1 second(s)

2018-11-28 08:45:41 - [TEST_STEP][PASSED] - click: Object: 'Object Repository/Backoffice/match_mgmt/span_select_arena_name' is clicked on

2018-11-28 08:45:42 - [MESSAGE][PASSED] - Object: 'Object Repository/Backoffice/match_mgmt/span_select_arena_name' is clicked on

2018-11-28 08:45:42 - [TEST_STEP][PASSED] - setText: Text 'ALIXANDRA SPORTS COMPLEX - ASC' is set on object 'Object Repository/Backoffice/match_mgmt/input__select2-search__arena_name'

2018-11-28 08:45:43 - [MESSAGE][PASSED] - Text 'ALIXANDRA SPORTS COMPLEX - ASC' is set on object 'Object Repository/Backoffice/match_mgmt/input__select2-search__arena_name'

2018-11-28 08:45:43 - [TEST_STEP][PASSED] - sendKeys: Keys 'ENTER + ' sent to object: 'Object Repository/Backoffice/match_mgmt/input__select2-search__arena_name'

2018-11-28 08:45:43 - [MESSAGE][PASSED] - Keys 'ENTER + ' sent to object: 'Object Repository/Backoffice/match_mgmt/input__select2-search__arena_name'

2018-11-28 08:45:43 - [TEST_STEP][PASSED] - setText: Text 'AA' is set on object 'Object Repository/Backoffice/match_mgmt/meron_details/input_meron_name'

2018-11-28 08:45:44 - [MESSAGE][PASSED] - Text 'AA' is set on object 'Object Repository/Backoffice/match_mgmt/meron_details/input_meron_name'

2018-11-28 08:45:44 - [TEST_STEP][PASSED] - setText: Text 'Farm 1' is set on object 'Object Repository/Backoffice/match_mgmt/meron_details/input_meron_farm'

2018-11-28 08:45:44 - [MESSAGE][PASSED] - Text 'Farm 1' is set on object 'Object Repository/Backoffice/match_mgmt/meron_details/input_meron_farm'

2018-11-28 08:45:44 - [TEST_STEP][PASSED] - setText: Text 'Breed 1' is set on object 'Object Repository/Backoffice/match_mgmt/meron_details/input_meron_breed'

2018-11-28 08:45:45 - [MESSAGE][PASSED] - Text 'Breed 1' is set on object 'Object Repository/Backoffice/match_mgmt/meron_details/input_meron_breed'

2018-11-28 08:45:45 - [TEST_STEP][PASSED] - setText: Text 'Weight 1' is set on object 'Object Repository/Backoffice/match_mgmt/meron_details/input_meron_weight'

2018-11-28 08:45:45 - [MESSAGE][PASSED] - Text 'Weight 1' is set on object 'Object Repository/Backoffice/match_mgmt/meron_details/input_meron_weight'

2018-11-28 08:45:45 - [TEST_STEP][PASSED] - setText: Text 'BB' is set on object 'Object Repository/Backoffice/match_mgmt/wala_details/input_wala_name'

2018-11-28 08:45:45 - [MESSAGE][PASSED] - Text 'BB' is set on object 'Object Repository/Backoffice/match_mgmt/wala_details/input_wala_name'

2018-11-28 08:45:45 - [TEST_STEP][PASSED] - setText: Text 'Farm 2' is set on object 'Object Repository/Backoffice/match_mgmt/wala_details/input_wala_farm'

2018-11-28 08:45:46 - [MESSAGE][PASSED] - Text 'Farm 2' is set on object 'Object Repository/Backoffice/match_mgmt/wala_details/input_wala_farm'

2018-11-28 08:45:46 - [TEST_STEP][PASSED] - setText: Text 'Breed 2' is set on object 'Object Repository/Backoffice/match_mgmt/wala_details/input_wala_breed'

2018-11-28 08:45:46 - [MESSAGE][PASSED] - Text 'Breed 2' is set on object 'Object Repository/Backoffice/match_mgmt/wala_details/input_wala_breed'

2018-11-28 08:45:46 - [TEST_STEP][PASSED] - setText: Text 'Weight 2' is set on object 'Object Repository/Backoffice/match_mgmt/wala_details/input_wala_weight'

2018-11-28 08:45:46 - [MESSAGE][PASSED] - Text 'Weight 2' is set on object 'Object Repository/Backoffice/match_mgmt/wala_details/input_wala_weight'

2018-11-28 08:45:46 - [TEST_STEP][PASSED] - click: Object: 'Object Repository/Backoffice/match_mgmt/input_submit_match' is clicked on

2018-11-28 08:45:49 - [MESSAGE][PASSED] - Object: 'Object Repository/Backoffice/match_mgmt/input_submit_match' is clicked on

2018-11-28 08:45:49 - [TEST_STEP][PASSED] - delay: Delayed 1 second(s)

2018-11-28 08:45:50 - [MESSAGE][PASSED] - Delayed 1 second(s)

2018-11-28 08:45:50 - [TEST_STEP][PASSED] - click: Object: 'Object Repository/Backoffice/match_mgmt/button_create_match' is clicked on

2018-11-28 08:45:50 - [MESSAGE][PASSED] - Object: 'Object Repository/Backoffice/match_mgmt/button_create_match' is clicked on

2018-11-28 08:45:50 - [TEST_STEP][PASSED] - delay: Delayed 1 second(s)

2018-11-28 08:45:51 - [MESSAGE][PASSED] - Delayed 1 second(s)

2018-11-28 08:45:51 - [TEST_STEP][PASSED] - click: Object: 'Object Repository/Backoffice/match_mgmt/span_select_arena_name' is clicked on

2018-11-28 08:45:51 - [MESSAGE][PASSED] - Object: 'Object Repository/Backoffice/match_mgmt/span_select_arena_name' is clicked on

2018-11-28 08:45:51 - [TEST_STEP][PASSED] - setText: Text 'ALIXANDRA SPORTS COMPLEX - ASC' is set on object 'Object Repository/Backoffice/match_mgmt/input__select2-search__arena_name'

2018-11-28 08:45:52 - [MESSAGE][PASSED] - Text 'ALIXANDRA SPORTS COMPLEX - ASC' is set on object 'Object Repository/Backoffice/match_mgmt/input__select2-search__arena_name'

2018-11-28 08:45:52 - [TEST_STEP][PASSED] - sendKeys: Keys 'ENTER + ' sent to object: 'Object Repository/Backoffice/match_mgmt/input__select2-search__arena_name'

2018-11-28 08:45:52 - [MESSAGE][PASSED] - Keys 'ENTER + ' sent to object: 'Object Repository/Backoffice/match_mgmt/input__select2-search__arena_name'

2018-11-28 08:45:52 - [TEST_STEP][PASSED] - setText: Text 'AA' is set on object 'Object Repository/Backoffice/match_mgmt/meron_details/input_meron_name'

2018-11-28 08:45:53 - [MESSAGE][PASSED] - Text 'AA' is set on object 'Object Repository/Backoffice/match_mgmt/meron_details/input_meron_name'

2018-11-28 08:45:53 - [TEST_STEP][PASSED] - setText: Text 'Farm 1' is set on object 'Object Repository/Backoffice/match_mgmt/meron_details/input_meron_farm'

2018-11-28 08:45:53 - [MESSAGE][PASSED] - Text 'Farm 1' is set on object 'Object Repository/Backoffice/match_mgmt/meron_details/input_meron_farm'

2018-11-28 08:45:53 - [TEST_STEP][PASSED] - setText: Text 'Breed 1' is set on object 'Object Repository/Backoffice/match_mgmt/meron_details/input_meron_breed'

2018-11-28 08:45:53 - [MESSAGE][PASSED] - Text 'Breed 1' is set on object 'Object Repository/Backoffice/match_mgmt/meron_details/input_meron_breed'

2018-11-28 08:45:53 - [TEST_STEP][PASSED] - setText: Text 'Weight 1' is set on object 'Object Repository/Backoffice/match_mgmt/meron_details/input_meron_weight'

2018-11-28 08:45:54 - [MESSAGE][PASSED] - Text 'Weight 1' is set on object 'Object Repository/Backoffice/match_mgmt/meron_details/input_meron_weight'

2018-11-28 08:45:54 - [TEST_STEP][PASSED] - setText: Text 'BB' is set on object 'Object Repository/Backoffice/match_mgmt/wala_details/input_wala_name'

2018-11-28 08:45:54 - [MESSAGE][PASSED] - Text 'BB' is set on object 'Object Repository/Backoffice/match_mgmt/wala_details/input_wala_name'

2018-11-28 08:45:54 - [TEST_STEP][PASSED] - setText: Text 'Farm 2' is set on object 'Object Repository/Backoffice/match_mgmt/wala_details/input_wala_farm'

2018-11-28 08:45:54 - [MESSAGE][PASSED] - Text 'Farm 2' is set on object 'Object Repository/Backoffice/match_mgmt/wala_details/input_wala_farm'

2018-11-28 08:45:54 - [TEST_STEP][PASSED] - setText: Text 'Breed 2' is set on object 'Object Repository/Backoffice/match_mgmt/wala_details/input_wala_breed'

2018-11-28 08:45:55 - [MESSAGE][PASSED] - Text 'Breed 2' is set on object 'Object Repository/Backoffice/match_mgmt/wala_details/input_wala_breed'

2018-11-28 08:45:55 - [TEST_STEP][PASSED] - setText: Text 'Weight 2' is set on object 'Object Repository/Backoffice/match_mgmt/wala_details/input_wala_weight'

2018-11-28 08:45:55 - [MESSAGE][PASSED] - Text 'Weight 2' is set on object 'Object Repository/Backoffice/match_mgmt/wala_details/input_wala_weight'

2018-11-28 08:45:55 - [TEST_STEP][PASSED] - click: Object: 'Object Repository/Backoffice/match_mgmt/input_submit_match' is clicked on

2018-11-28 08:45:58 - [MESSAGE][PASSED] - Object: 'Object Repository/Backoffice/match_mgmt/input_submit_match' is clicked on

2018-11-28 08:45:58 - [TEST_STEP][PASSED] - delay: Delayed 1 second(s)

2018-11-28 08:45:59 - [MESSAGE][PASSED] - Delayed 1 second(s)

2018-11-28 08:45:59 - [TEST_STEP][PASSED] - click: Object: 'Object Repository/Backoffice/match_mgmt/button_create_match' is clicked on

2018-11-28 08:45:59 - [MESSAGE][PASSED] - Object: 'Object Repository/Backoffice/match_mgmt/button_create_match' is clicked on

2018-11-28 08:45:59 - [TEST_STEP][PASSED] - delay: Delayed 1 second(s)

2018-11-28 08:46:00 - [MESSAGE][PASSED] - Delayed 1 second(s)

2018-11-28 08:46:00 - [TEST_STEP][PASSED] - click: Object: 'Object Repository/Backoffice/match_mgmt/span_select_arena_name' is clicked on

2018-11-28 08:46:01 - [MESSAGE][PASSED] - Object: 'Object Repository/Backoffice/match_mgmt/span_select_arena_name' is clicked on

2018-11-28 08:46:01 - [TEST_STEP][PASSED] - setText: Text 'ALIXANDRA SPORTS COMPLEX - ASC' is set on object 'Object Repository/Backoffice/match_mgmt/input__select2-search__arena_name'

2018-11-28 08:46:02 - [MESSAGE][PASSED] - Text 'ALIXANDRA SPORTS COMPLEX - ASC' is set on object 'Object Repository/Backoffice/match_mgmt/input__select2-search__arena_name'

2018-11-28 08:46:02 - [TEST_STEP][PASSED] - sendKeys: Keys 'ENTER + ' sent to object: 'Object Repository/Backoffice/match_mgmt/input__select2-search__arena_name'

2018-11-28 08:46:02 - [MESSAGE][PASSED] - Keys 'ENTER + ' sent to object: 'Object Repository/Backoffice/match_mgmt/input__select2-search__arena_name'

2018-11-28 08:46:02 - [TEST_STEP][PASSED] - setText: Text 'AA' is set on object 'Object Repository/Backoffice/match_mgmt/meron_details/input_meron_name'

2018-11-28 08:46:03 - [MESSAGE][PASSED] - Text 'AA' is set on object 'Object Repository/Backoffice/match_mgmt/meron_details/input_meron_name'

2018-11-28 08:46:03 - [TEST_STEP][PASSED] - setText: Text 'Farm 1' is set on object 'Object Repository/Backoffice/match_mgmt/meron_details/input_meron_farm'

2018-11-28 08:46:03 - [MESSAGE][PASSED] - Text 'Farm 1' is set on object 'Object Repository/Backoffice/match_mgmt/meron_details/input_meron_farm'

2018-11-28 08:46:03 - [TEST_STEP][PASSED] - setText: Text 'Breed 1' is set on object 'Object Repository/Backoffice/match_mgmt/meron_details/input_meron_breed'

2018-11-28 08:46:03 - [MESSAGE][PASSED] - Text 'Breed 1' is set on object 'Object Repository/Backoffice/match_mgmt/meron_details/input_meron_breed'

2018-11-28 08:46:03 - [TEST_STEP][PASSED] - setText: Text 'Weight 1' is set on object 'Object Repository/Backoffice/match_mgmt/meron_details/input_meron_weight'

2018-11-28 08:46:04 - [MESSAGE][PASSED] - Text 'Weight 1' is set on object 'Object Repository/Backoffice/match_mgmt/meron_details/input_meron_weight'

2018-11-28 08:46:04 - [TEST_STEP][PASSED] - setText: Text 'BB' is set on object 'Object Repository/Backoffice/match_mgmt/wala_details/input_wala_name'

2018-11-28 08:46:04 - [MESSAGE][PASSED] - Text 'BB' is set on object 'Object Repository/Backoffice/match_mgmt/wala_details/input_wala_name'

2018-11-28 08:46:04 - [TEST_STEP][PASSED] - setText: Text 'Farm 2' is set on object 'Object Repository/Backoffice/match_mgmt/wala_details/input_wala_farm'

2018-11-28 08:46:04 - [MESSAGE][PASSED] - Text 'Farm 2' is set on object 'Object Repository/Backoffice/match_mgmt/wala_details/input_wala_farm'

2018-11-28 08:46:04 - [TEST_STEP][PASSED] - setText: Text 'Breed 2' is set on object 'Object Repository/Backoffice/match_mgmt/wala_details/input_wala_breed'

2018-11-28 08:46:05 - [MESSAGE][PASSED] - Text 'Breed 2' is set on object 'Object Repository/Backoffice/match_mgmt/wala_details/input_wala_breed'

2018-11-28 08:46:05 - [TEST_STEP][PASSED] - setText: Text 'Weight 2' is set on object 'Object Repository/Backoffice/match_mgmt/wala_details/input_wala_weight'

2018-11-28 08:46:05 - [MESSAGE][PASSED] - Text 'Weight 2' is set on object 'Object Repository/Backoffice/match_mgmt/wala_details/input_wala_weight'

2018-11-28 08:46:05 - [TEST_STEP][PASSED] - click: Object: 'Object Repository/Backoffice/match_mgmt/input_submit_match' is clicked on

2018-11-28 08:46:08 - [MESSAGE][PASSED] - Object: 'Object Repository/Backoffice/match_mgmt/input_submit_match' is clicked on

2018-11-28 08:46:08 - [TEST_STEP][PASSED] - delay: Delayed 1 second(s)

2018-11-28 08:46:09 - [MESSAGE][PASSED] - Delayed 1 second(s)

2018-11-28 08:46:09 - [TEST_STEP][PASSED] - click: Object: 'Object Repository/Backoffice/match_mgmt/button_create_match' is clicked on

2018-11-28 08:46:09 - [MESSAGE][PASSED] - Object: 'Object Repository/Backoffice/match_mgmt/button_create_match' is clicked on

2018-11-28 08:46:09 - [TEST_STEP][PASSED] - delay: Delayed 1 second(s)

2018-11-28 08:46:10 - [MESSAGE][PASSED] - Delayed 1 second(s)

2018-11-28 08:46:10 - [TEST_STEP][PASSED] - click: Object: 'Object Repository/Backoffice/match_mgmt/span_select_arena_name' is clicked on

2018-11-28 08:46:10 - [MESSAGE][PASSED] - Object: 'Object Repository/Backoffice/match_mgmt/span_select_arena_name' is clicked on

2018-11-28 08:46:10 - [TEST_STEP][PASSED] - setText: Text 'ALIXANDRA SPORTS COMPLEX - ASC' is set on object 'Object Repository/Backoffice/match_mgmt/input__select2-search__arena_name'

2018-11-28 08:46:12 - [MESSAGE][PASSED] - Text 'ALIXANDRA SPORTS COMPLEX - ASC' is set on object 'Object Repository/Backoffice/match_mgmt/input__select2-search__arena_name'

2018-11-28 08:46:12 - [TEST_STEP][PASSED] - sendKeys: Keys 'ENTER + ' sent to object: 'Object Repository/Backoffice/match_mgmt/input__select2-search__arena_name'

2018-11-28 08:46:12 - [MESSAGE][PASSED] - Keys 'ENTER + ' sent to object: 'Object Repository/Backoffice/match_mgmt/input__select2-search__arena_name'

2018-11-28 08:46:12 - [TEST_STEP][PASSED] - setText: Text 'AA' is set on object 'Object Repository/Backoffice/match_mgmt/meron_details/input_meron_name'

2018-11-28 08:46:12 - [MESSAGE][PASSED] - Text 'AA' is set on object 'Object Repository/Backoffice/match_mgmt/meron_details/input_meron_name'

2018-11-28 08:46:12 - [TEST_STEP][PASSED] - setText: Text 'Farm 1' is set on object 'Object Repository/Backoffice/match_mgmt/meron_details/input_meron_farm'

2018-11-28 08:46:13 - [MESSAGE][PASSED] - Text 'Farm 1' is set on object 'Object Repository/Backoffice/match_mgmt/meron_details/input_meron_farm'

2018-11-28 08:46:13 - [TEST_STEP][PASSED] - setText: Text 'Breed 1' is set on object 'Object Repository/Backoffice/match_mgmt/meron_details/input_meron_breed'

2018-11-28 08:46:13 - [MESSAGE][PASSED] - Text 'Breed 1' is set on object 'Object Repository/Backoffice/match_mgmt/meron_details/input_meron_breed'

2018-11-28 08:46:13 - [TEST_STEP][PASSED] - setText: Text 'Weight 1' is set on object 'Object Repository/Backoffice/match_mgmt/meron_details/input_meron_weight'

2018-11-28 08:46:14 - [MESSAGE][PASSED] - Text 'Weight 1' is set on object 'Object Repository/Backoffice/match_mgmt/meron_details/input_meron_weight'

2018-11-28 08:46:14 - [TEST_STEP][PASSED] - setText: Text 'BB' is set on object 'Object Repository/Backoffice/match_mgmt/wala_details/input_wala_name'

2018-11-28 08:46:14 - [MESSAGE][PASSED] - Text 'BB' is set on object 'Object Repository/Backoffice/match_mgmt/wala_details/input_wala_name'

2018-11-28 08:46:14 - [TEST_STEP][PASSED] - setText: Text 'Farm 2' is set on object 'Object Repository/Backoffice/match_mgmt/wala_details/input_wala_farm'

2018-11-28 08:46:14 - [MESSAGE][PASSED] - Text 'Farm 2' is set on object 'Object Repository/Backoffice/match_mgmt/wala_details/input_wala_farm'

2018-11-28 08:46:14 - [TEST_STEP][PASSED] - setText: Text 'Breed 2' is set on object 'Object Repository/Backoffice/match_mgmt/wala_details/input_wala_breed'

2018-11-28 08:46:15 - [MESSAGE][PASSED] - Text 'Breed 2' is set on object 'Object Repository/Backoffice/match_mgmt/wala_details/input_wala_breed'

2018-11-28 08:46:15 - [TEST_STEP][PASSED] - setText: Text 'Weight 2' is set on object 'Object Repository/Backoffice/match_mgmt/wala_details/input_wala_weight'

2018-11-28 08:46:15 - [MESSAGE][PASSED] - Text 'Weight 2' is set on object 'Object Repository/Backoffice/match_mgmt/wala_details/input_wala_weight'

2018-11-28 08:46:15 - [TEST_STEP][PASSED] - click: Object: 'Object Repository/Backoffice/match_mgmt/input_submit_match' is clicked on

2018-11-28 08:46:17 - [MESSAGE][PASSED] - Object: 'Object Repository/Backoffice/match_mgmt/input_submit_match' is clicked on

2018-11-28 08:46:17 - [TEST_STEP][PASSED] - delay: Delayed 1 second(s)

2018-11-28 08:46:18 - [MESSAGE][PASSED] - Delayed 1 second(s)

2018-11-28 08:46:18 - [TEST_STEP][PASSED] - click: Object: 'Object Repository/Backoffice/match_mgmt/button_create_match' is clicked on

2018-11-28 08:46:19 - [MESSAGE][PASSED] - Object: 'Object Repository/Backoffice/match_mgmt/button_create_match' is clicked on

2018-11-28 08:46:19 - [TEST_STEP][PASSED] - delay: Delayed 1 second(s)

2018-11-28 08:46:20 - [MESSAGE][PASSED] - Delayed 1 second(s)

2018-11-28 08:46:20 - [TEST_STEP][PASSED] - click: Object: 'Object Repository/Backoffice/match_mgmt/span_select_arena_name' is clicked on

2018-11-28 08:46:20 - [MESSAGE][PASSED] - Object: 'Object Repository/Backoffice/match_mgmt/span_select_arena_name' is clicked on

2018-11-28 08:46:20 - [TEST_STEP][PASSED] - setText: Text 'ALIXANDRA SPORTS COMPLEX - ASC' is set on object 'Object Repository/Backoffice/match_mgmt/input__select2-search__arena_name'

2018-11-28 08:46:21 - [MESSAGE][PASSED] - Text 'ALIXANDRA SPORTS COMPLEX - ASC' is set on object 'Object Repository/Backoffice/match_mgmt/input__select2-search__arena_name'

2018-11-28 08:46:21 - [TEST_STEP][PASSED] - sendKeys: Keys 'ENTER + ' sent to object: 'Object Repository/Backoffice/match_mgmt/input__select2-search__arena_name'

2018-11-28 08:46:22 - [MESSAGE][PASSED] - Keys 'ENTER + ' sent to object: 'Object Repository/Backoffice/match_mgmt/input__select2-search__arena_name'

2018-11-28 08:46:22 - [TEST_STEP][PASSED] - setText: Text 'AA' is set on object 'Object Repository/Backoffice/match_mgmt/meron_details/input_meron_name'

2018-11-28 08:46:22 - [MESSAGE][PASSED] - Text 'AA' is set on object 'Object Repository/Backoffice/match_mgmt/meron_details/input_meron_name'

2018-11-28 08:46:22 - [TEST_STEP][PASSED] - setText: Text 'Farm 1' is set on object 'Object Repository/Backoffice/match_mgmt/meron_details/input_meron_farm'

2018-11-28 08:46:22 - [MESSAGE][PASSED] - Text 'Farm 1' is set on object 'Object Repository/Backoffice/match_mgmt/meron_details/input_meron_farm'

2018-11-28 08:46:22 - [TEST_STEP][PASSED] - setText: Text 'Breed 1' is set on object 'Object Repository/Backoffice/match_mgmt/meron_details/input_meron_breed'

2018-11-28 08:46:23 - [MESSAGE][PASSED] - Text 'Breed 1' is set on object 'Object Repository/Backoffice/match_mgmt/meron_details/input_meron_breed'

2018-11-28 08:46:23 - [TEST_STEP][PASSED] - setText: Text 'Weight 1' is set on object 'Object Repository/Backoffice/match_mgmt/meron_details/input_meron_weight'

2018-11-28 08:46:23 - [MESSAGE][PASSED] - Text 'Weight 1' is set on object 'Object Repository/Backoffice/match_mgmt/meron_details/input_meron_weight'

2018-11-28 08:46:23 - [TEST_STEP][PASSED] - setText: Text 'BB' is set on object 'Object Repository/Backoffice/match_mgmt/wala_details/input_wala_name'

2018-11-28 08:46:23 - [MESSAGE][PASSED] - Text 'BB' is set on object 'Object Repository/Backoffice/match_mgmt/wala_details/input_wala_name'

2018-11-28 08:46:23 - [TEST_STEP][PASSED] - setText: Text 'Farm 2' is set on object 'Object Repository/Backoffice/match_mgmt/wala_details/input_wala_farm'

2018-11-28 08:46:24 - [MESSAGE][PASSED] - Text 'Farm 2' is set on object 'Object Repository/Backoffice/match_mgmt/wala_details/input_wala_farm'

2018-11-28 08:46:24 - [TEST_STEP][PASSED] - setText: Text 'Breed 2' is set on object 'Object Repository/Backoffice/match_mgmt/wala_details/input_wala_breed'

2018-11-28 08:46:24 - [MESSAGE][PASSED] - Text 'Breed 2' is set on object 'Object Repository/Backoffice/match_mgmt/wala_details/input_wala_breed'

2018-11-28 08:46:24 - [TEST_STEP][PASSED] - setText: Text 'Weight 2' is set on object 'Object Repository/Backoffice/match_mgmt/wala_details/input_wala_weight'

2018-11-28 08:46:24 - [MESSAGE][PASSED] - Text 'Weight 2' is set on object 'Object Repository/Backoffice/match_mgmt/wala_details/input_wala_weight'

2018-11-28 08:46:24 - [TEST_STEP][PASSED] - click: Object: 'Object Repository/Backoffice/match_mgmt/input_submit_match' is clicked on

2018-11-28 08:46:27 - [MESSAGE][PASSED] - Object: 'Object Repository/Backoffice/match_mgmt/input_submit_match' is clicked on

2018-11-28 08:46:27 - [TEST_STEP][PASSED] - delay: Delayed 1 second(s)

2018-11-28 08:46:28 - [MESSAGE][PASSED] - Delayed 1 second(s)

2018-11-28 08:46:28 - [TEST_STEP][PASSED] - click: Object: 'Object Repository/Backoffice/match_mgmt/button_create_match' is clicked on

2018-11-28 08:46:28 - [MESSAGE][PASSED] - Object: 'Object Repository/Backoffice/match_mgmt/button_create_match' is clicked on

2018-11-28 08:46:28 - [TEST_STEP][PASSED] - delay: Delayed 1 second(s)

2018-11-28 08:46:29 - [MESSAGE][PASSED] - Delayed 1 second(s)

2018-11-28 08:46:29 - [TEST_STEP][PASSED] - click: Object: 'Object Repository/Backoffice/match_mgmt/span_select_arena_name' is clicked on

2018-11-28 08:46:30 - [MESSAGE][PASSED] - Object: 'Object Repository/Backoffice/match_mgmt/span_select_arena_name' is clicked on

2018-11-28 08:46:30 - [TEST_STEP][PASSED] - setText: Text 'ALIXANDRA SPORTS COMPLEX - ASC' is set on object 'Object Repository/Backoffice/match_mgmt/input__select2-search__arena_name'

2018-11-28 08:46:31 - [MESSAGE][PASSED] - Text 'ALIXANDRA SPORTS COMPLEX - ASC' is set on object 'Object Repository/Backoffice/match_mgmt/input__select2-search__arena_name'

2018-11-28 08:46:31 - [TEST_STEP][PASSED] - sendKeys: Keys 'ENTER + ' sent to object: 'Object Repository/Backoffice/match_mgmt/input__select2-search__arena_name'

2018-11-28 08:46:31 - [MESSAGE][PASSED] - Keys 'ENTER + ' sent to object: 'Object Repository/Backoffice/match_mgmt/input__select2-search__arena_name'

2018-11-28 08:46:31 - [TEST_STEP][PASSED] - setText: Text 'AA' is set on object 'Object Repository/Backoffice/match_mgmt/meron_details/input_meron_name'

2018-11-28 08:46:32 - [MESSAGE][PASSED] - Text 'AA' is set on object 'Object Repository/Backoffice/match_mgmt/meron_details/input_meron_name'

2018-11-28 08:46:32 - [TEST_STEP][PASSED] - setText: Text 'Farm 1' is set on object 'Object Repository/Backoffice/match_mgmt/meron_details/input_meron_farm'

2018-11-28 08:46:32 - [MESSAGE][PASSED] - Text 'Farm 1' is set on object 'Object Repository/Backoffice/match_mgmt/meron_details/input_meron_farm'

2018-11-28 08:46:32 - [TEST_STEP][PASSED] - setText: Text 'Breed 1' is set on object 'Object Repository/Backoffice/match_mgmt/meron_details/input_meron_breed'

2018-11-28 08:46:32 - [MESSAGE][PASSED] - Text 'Breed 1' is set on object 'Object Repository/Backoffice/match_mgmt/meron_details/input_meron_breed'

2018-11-28 08:46:32 - [TEST_STEP][PASSED] - setText: Text 'Weight 1' is set on object 'Object Repository/Backoffice/match_mgmt/meron_details/input_meron_weight'

2018-11-28 08:46:33 - [MESSAGE][PASSED] - Text 'Weight 1' is set on object 'Object Repository/Backoffice/match_mgmt/meron_details/input_meron_weight'

2018-11-28 08:46:33 - [TEST_STEP][PASSED] - setText: Text 'BB' is set on object 'Object Repository/Backoffice/match_mgmt/wala_details/input_wala_name'

2018-11-28 08:46:33 - [MESSAGE][PASSED] - Text 'BB' is set on object 'Object Repository/Backoffice/match_mgmt/wala_details/input_wala_name'

2018-11-28 08:46:33 - [TEST_STEP][PASSED] - setText: Text 'Farm 2' is set on object 'Object Repository/Backoffice/match_mgmt/wala_details/input_wala_farm'

2018-11-28 08:46:33 - [MESSAGE][PASSED] - Text 'Farm 2' is set on object 'Object Repository/Backoffice/match_mgmt/wala_details/input_wala_farm'

2018-11-28 08:46:33 - [TEST_STEP][PASSED] - setText: Text 'Breed 2' is set on object 'Object Repository/Backoffice/match_mgmt/wala_details/input_wala_breed'

2018-11-28 08:46:34 - [MESSAGE][PASSED] - Text 'Breed 2' is set on object 'Object Repository/Backoffice/match_mgmt/wala_details/input_wala_breed'

2018-11-28 08:46:34 - [TEST_STEP][PASSED] - setText: Text 'Weight 2' is set on object 'Object Repository/Backoffice/match_mgmt/wala_details/input_wala_weight'

2018-11-28 08:46:34 - [MESSAGE][PASSED] - Text 'Weight 2' is set on object 'Object Repository/Backoffice/match_mgmt/wala_details/input_wala_weight'

2018-11-28 08:46:34 - [TEST_STEP][PASSED] - click: Object: 'Object Repository/Backoffice/match_mgmt/input_submit_match' is clicked on

2018-11-28 08:46:37 - [MESSAGE][PASSED] - Object: 'Object Repository/Backoffice/match_mgmt/input_submit_match' is clicked on

2018-11-28 08:46:37 - [TEST_STEP][PASSED] - delay: Delayed 1 second(s)

2018-11-28 08:46:38 - [MESSAGE][PASSED] - Delayed 1 second(s)

2018-11-28 08:46:38 - [TEST_STEP][PASSED] - click: Object: 'Object Repository/Backoffice/match_mgmt/button_create_match' is clicked on

2018-11-28 08:46:39 - [MESSAGE][PASSED] - Object: 'Object Repository/Backoffice/match_mgmt/button_create_match' is clicked on

2018-11-28 08:46:39 - [TEST_STEP][PASSED] - delay: Delayed 1 second(s)

2018-11-28 08:46:40 - [MESSAGE][PASSED] - Delayed 1 second(s)

2018-11-28 08:46:40 - [TEST_STEP][PASSED] - click: Object: 'Object Repository/Backoffice/match_mgmt/span_select_arena_name' is clicked on

2018-11-28 08:46:40 - [MESSAGE][PASSED] - Object: 'Object Repository/Backoffice/match_mgmt/span_select_arena_name' is clicked on

2018-11-28 08:46:40 - [TEST_STEP][PASSED] - setText: Text 'ALIXANDRA SPORTS COMPLEX - ASC' is set on object 'Object Repository/Backoffice/match_mgmt/input__select2-search__arena_name'

2018-11-28 08:46:41 - [MESSAGE][PASSED] - Text 'ALIXANDRA SPORTS COMPLEX - ASC' is set on object 'Object Repository/Backoffice/match_mgmt/input__select2-search__arena_name'

2018-11-28 08:46:41 - [TEST_STEP][PASSED] - sendKeys: Keys 'ENTER + ' sent to object: 'Object Repository/Backoffice/match_mgmt/input__select2-search__arena_name'

2018-11-28 08:46:42 - [MESSAGE][PASSED] - Keys 'ENTER + ' sent to object: 'Object Repository/Backoffice/match_mgmt/input__select2-search__arena_name'

2018-11-28 08:46:42 - [TEST_STEP][PASSED] - setText: Text 'AA' is set on object 'Object Repository/Backoffice/match_mgmt/meron_details/input_meron_name'

2018-11-28 08:46:42 - [MESSAGE][PASSED] - Text 'AA' is set on object 'Object Repository/Backoffice/match_mgmt/meron_details/input_meron_name'

2018-11-28 08:46:42 - [TEST_STEP][PASSED] - setText: Text 'Farm 1' is set on object 'Object Repository/Backoffice/match_mgmt/meron_details/input_meron_farm'

2018-11-28 08:46:42 - [MESSAGE][PASSED] - Text 'Farm 1' is set on object 'Object Repository/Backoffice/match_mgmt/meron_details/input_meron_farm'

2018-11-28 08:46:42 - [TEST_STEP][PASSED] - setText: Text 'Breed 1' is set on object 'Object Repository/Backoffice/match_mgmt/meron_details/input_meron_breed'

2018-11-28 08:46:43 - [MESSAGE][PASSED] - Text 'Breed 1' is set on object 'Object Repository/Backoffice/match_mgmt/meron_details/input_meron_breed'

2018-11-28 08:46:43 - [TEST_STEP][PASSED] - setText: Text 'Weight 1' is set on object 'Object Repository/Backoffice/match_mgmt/meron_details/input_meron_weight'

2018-11-28 08:46:43 - [MESSAGE][PASSED] - Text 'Weight 1' is set on object 'Object Repository/Backoffice/match_mgmt/meron_details/input_meron_weight'

2018-11-28 08:46:43 - [TEST_STEP][PASSED] - setText: Text 'BB' is set on object 'Object Repository/Backoffice/match_mgmt/wala_details/input_wala_name'

2018-11-28 08:46:43 - [MESSAGE][PASSED] - Text 'BB' is set on object 'Object Repository/Backoffice/match_mgmt/wala_details/input_wala_name'

2018-11-28 08:46:43 - [TEST_STEP][PASSED] - setText: Text 'Farm 2' is set on object 'Object Repository/Backoffice/match_mgmt/wala_details/input_wala_farm'

2018-11-28 08:46:44 - [MESSAGE][PASSED] - Text 'Farm 2' is set on object 'Object Repository/Backoffice/match_mgmt/wala_details/input_wala_farm'

2018-11-28 08:46:44 - [TEST_STEP][PASSED] - setText: Text 'Breed 2' is set on object 'Object Repository/Backoffice/match_mgmt/wala_details/input_wala_breed'

2018-11-28 08:46:44 - [MESSAGE][PASSED] - Text 'Breed 2' is set on object 'Object Repository/Backoffice/match_mgmt/wala_details/input_wala_breed'

2018-11-28 08:46:44 - [TEST_STEP][PASSED] - setText: Text 'Weight 2' is set on object 'Object Repository/Backoffice/match_mgmt/wala_details/input_wala_weight'

2018-11-28 08:46:44 - [MESSAGE][PASSED] - Text 'Weight 2' is set on object 'Object Repository/Backoffice/match_mgmt/wala_details/input_wala_weight'

2018-11-28 08:46:44 - [TEST_STEP][PASSED] - click: Object: 'Object Repository/Backoffice/match_mgmt/input_submit_match' is clicked on

2018-11-28 08:46:47 - [MESSAGE][PASSED] - Object: 'Object Repository/Backoffice/match_mgmt/input_submit_match' is clicked on

2018-11-28 08:46:47 - [TEST_STEP][PASSED] - delay: Delayed 1 second(s)

2018-11-28 08:46:48 - [MESSAGE][PASSED] - Delayed 1 second(s)

2018-11-28 08:46:48 - [TEST_STEP][PASSED] - click: Object: 'Object Repository/Backoffice/match_mgmt/button_create_match' is clicked on

2018-11-28 08:46:48 - [MESSAGE][PASSED] - Object: 'Object Repository/Backoffice/match_mgmt/button_create_match' is clicked on

2018-11-28 08:46:48 - [TEST_STEP][PASSED] - delay: Delayed 1 second(s)

2018-11-28 08:46:49 - [MESSAGE][PASSED] - Delayed 1 second(s)

2018-11-28 08:46:49 - [TEST_STEP][PASSED] - click: Object: 'Object Repository/Backoffice/match_mgmt/span_select_arena_name' is clicked on

2018-11-28 08:46:50 - [MESSAGE][PASSED] - Object: 'Object Repository/Backoffice/match_mgmt/span_select_arena_name' is clicked on

2018-11-28 08:46:50 - [TEST_STEP][PASSED] - setText: Text 'ALIXANDRA SPORTS COMPLEX - ASC' is set on object 'Object Repository/Backoffice/match_mgmt/input__select2-search__arena_name'

2018-11-28 08:46:51 - [MESSAGE][PASSED] - Text 'ALIXANDRA SPORTS COMPLEX - ASC' is set on object 'Object Repository/Backoffice/match_mgmt/input__select2-search__arena_name'

2018-11-28 08:46:51 - [TEST_STEP][PASSED] - sendKeys: Keys 'ENTER + ' sent to object: 'Object Repository/Backoffice/match_mgmt/input__select2-search__arena_name'

2018-11-28 08:46:51 - [MESSAGE][PASSED] - Keys 'ENTER + ' sent to object: 'Object Repository/Backoffice/match_mgmt/input__select2-search__arena_name'

2018-11-28 08:46:51 - [TEST_STEP][PASSED] - setText: Text 'AA' is set on object 'Object Repository/Backoffice/match_mgmt/meron_details/input_meron_name'

2018-11-28 08:46:52 - [MESSAGE][PASSED] - Text 'AA' is set on object 'Object Repository/Backoffice/match_mgmt/meron_details/input_meron_name'

2018-11-28 08:46:52 - [TEST_STEP][PASSED] - setText: Text 'Farm 1' is set on object 'Object Repository/Backoffice/match_mgmt/meron_details/input_meron_farm'

2018-11-28 08:46:52 - [MESSAGE][PASSED] - Text 'Farm 1' is set on object 'Object Repository/Backoffice/match_mgmt/meron_details/input_meron_farm'

2018-11-28 08:46:52 - [TEST_STEP][PASSED] - setText: Text 'Breed 1' is set on object 'Object Repository/Backoffice/match_mgmt/meron_details/input_meron_breed'

2018-11-28 08:46:53 - [MESSAGE][PASSED] - Text 'Breed 1' is set on object 'Object Repository/Backoffice/match_mgmt/meron_details/input_meron_breed'

2018-11-28 08:46:53 - [TEST_STEP][PASSED] - setText: Text 'Weight 1' is set on object 'Object Repository/Backoffice/match_mgmt/meron_details/input_meron_weight'

2018-11-28 08:46:53 - [MESSAGE][PASSED] - Text 'Weight 1' is set on object 'Object Repository/Backoffice/match_mgmt/meron_details/input_meron_weight'

2018-11-28 08:46:53 - [TEST_STEP][PASSED] - setText: Text 'BB' is set on object 'Object Repository/Backoffice/match_mgmt/wala_details/input_wala_name'

2018-11-28 08:46:53 - [MESSAGE][PASSED] - Text 'BB' is set on object 'Object Repository/Backoffice/match_mgmt/wala_details/input_wala_name'

2018-11-28 08:46:53 - [TEST_STEP][PASSED] - setText: Text 'Farm 2' is set on object 'Object Repository/Backoffice/match_mgmt/wala_details/input_wala_farm'

2018-11-28 08:46:54 - [MESSAGE][PASSED] - Text 'Farm 2' is set on object 'Object Repository/Backoffice/match_mgmt/wala_details/input_wala_farm'

2018-11-28 08:46:54 - [TEST_STEP][PASSED] - setText: Text 'Breed 2' is set on object 'Object Repository/Backoffice/match_mgmt/wala_details/input_wala_breed'

2018-11-28 08:46:54 - [MESSAGE][PASSED] - Text 'Breed 2' is set on object 'Object Repository/Backoffice/match_mgmt/wala_details/input_wala_breed'

2018-11-28 08:46:54 - [TEST_STEP][PASSED] - setText: Text 'Weight 2' is set on object 'Object Repository/Backoffice/match_mgmt/wala_details/input_wala_weight'

2018-11-28 08:46:54 - [MESSAGE][PASSED] - Text 'Weight 2' is set on object 'Object Repository/Backoffice/match_mgmt/wala_details/input_wala_weight'

2018-11-28 08:46:54 - [TEST_STEP][PASSED] - click: Object: 'Object Repository/Backoffice/match_mgmt/input_submit_match' is clicked on

2018-11-28 08:46:58 - [MESSAGE][PASSED] - Object: 'Object Repository/Backoffice/match_mgmt/input_submit_match' is clicked on

2018-11-28 08:46:58 - [TEST_STEP][PASSED] - delay: Delayed 1 second(s)

2018-11-28 08:46:59 - [MESSAGE][PASSED] - Delayed 1 second(s)

2018-11-28 08:46:59 - [TEST_STEP][PASSED] - click: Object: 'Object Repository/Backoffice/match_mgmt/button_create_match' is clicked on

2018-11-28 08:47:00 - [MESSAGE][PASSED] - Object: 'Object Repository/Backoffice/match_mgmt/button_create_match' is clicked on

2018-11-28 08:47:00 - [TEST_STEP][PASSED] - delay: Delayed 1 second(s)

2018-11-28 08:47:01 - [MESSAGE][PASSED] - Delayed 1 second(s)

2018-11-28 08:47:01 - [TEST_STEP][PASSED] - click: Object: 'Object Repository/Backoffice/match_mgmt/span_select_arena_name' is clicked on

2018-11-28 08:47:01 - [MESSAGE][PASSED] - Object: 'Object Repository/Backoffice/match_mgmt/span_select_arena_name' is clicked on

2018-11-28 08:47:01 - [TEST_STEP][PASSED] - setText: Text 'ALIXANDRA SPORTS COMPLEX - ASC' is set on object 'Object Repository/Backoffice/match_mgmt/input__select2-search__arena_name'

2018-11-28 08:47:03 - [MESSAGE][PASSED] - Text 'ALIXANDRA SPORTS COMPLEX - ASC' is set on object 'Object Repository/Backoffice/match_mgmt/input__select2-search__arena_name'

2018-11-28 08:47:03 - [TEST_STEP][PASSED] - sendKeys: Keys 'ENTER + ' sent to object: 'Object Repository/Backoffice/match_mgmt/input__select2-search__arena_name'

2018-11-28 08:47:03 - [MESSAGE][PASSED] - Keys 'ENTER + ' sent to object: 'Object Repository/Backoffice/match_mgmt/input__select2-search__arena_name'

2018-11-28 08:47:03 - [TEST_STEP][PASSED] - setText: Text 'AA' is set on object 'Object Repository/Backoffice/match_mgmt/meron_details/input_meron_name'

2018-11-28 08:47:03 - [MESSAGE][PASSED] - Text 'AA' is set on object 'Object Repository/Backoffice/match_mgmt/meron_details/input_meron_name'

2018-11-28 08:47:03 - [TEST_STEP][PASSED] - setText: Text 'Farm 1' is set on object 'Object Repository/Backoffice/match_mgmt/meron_details/input_meron_farm'

2018-11-28 08:47:03 - [MESSAGE][PASSED] - Text 'Farm 1' is set on object 'Object Repository/Backoffice/match_mgmt/meron_details/input_meron_farm'

2018-11-28 08:47:03 - [TEST_STEP][PASSED] - setText: Text 'Breed 1' is set on object 'Object Repository/Backoffice/match_mgmt/meron_details/input_meron_breed'

2018-11-28 08:47:04 - [MESSAGE][PASSED] - Text 'Breed 1' is set on object 'Object Repository/Backoffice/match_mgmt/meron_details/input_meron_breed'

2018-11-28 08:47:04 - [TEST_STEP][PASSED] - setText: Text 'Weight 1' is set on object 'Object Repository/Backoffice/match_mgmt/meron_details/input_meron_weight'

2018-11-28 08:47:04 - [MESSAGE][PASSED] - Text 'Weight 1' is set on object 'Object Repository/Backoffice/match_mgmt/meron_details/input_meron_weight'

2018-11-28 08:47:04 - [TEST_STEP][PASSED] - setText: Text 'BB' is set on object 'Object Repository/Backoffice/match_mgmt/wala_details/input_wala_name'

2018-11-28 08:47:05 - [MESSAGE][PASSED] - Text 'BB' is set on object 'Object Repository/Backoffice/match_mgmt/wala_details/input_wala_name'

2018-11-28 08:47:05 - [TEST_STEP][PASSED] - setText: Text 'Farm 2' is set on object 'Object Repository/Backoffice/match_mgmt/wala_details/input_wala_farm'

2018-11-28 08:47:05 - [MESSAGE][PASSED] - Text 'Farm 2' is set on object 'Object Repository/Backoffice/match_mgmt/wala_details/input_wala_farm'

2018-11-28 08:47:05 - [TEST_STEP][PASSED] - setText: Text 'Breed 2' is set on object 'Object Repository/Backoffice/match_mgmt/wala_details/input_wala_breed'

2018-11-28 08:47:05 - [MESSAGE][PASSED] - Text 'Breed 2' is set on object 'Object Repository/Backoffice/match_mgmt/wala_details/input_wala_breed'

2018-11-28 08:47:05 - [TEST_STEP][PASSED] - setText: Text 'Weight 2' is set on object 'Object Repository/Backoffice/match_mgmt/wala_details/input_wala_weight'

2018-11-28 08:47:06 - [MESSAGE][PASSED] - Text 'Weight 2' is set on object 'Object Repository/Backoffice/match_mgmt/wala_details/input_wala_weight'

2018-11-28 08:47:06 - [TEST_STEP][PASSED] - click: Object: 'Object Repository/Backoffice/match_mgmt/input_submit_match' is clicked on

2018-11-28 08:47:09 - [MESSAGE][PASSED] - Object: 'Object Repository/Backoffice/match_mgmt/input_submit_match' is clicked on

2018-11-28 08:47:09 - [TEST_STEP][PASSED] - delay: Delayed 1 second(s)

2018-11-28 08:47:10 - [MESSAGE][PASSED] - Delayed 1 second(s)

2018-11-28 08:47:10 - [TEST_STEP][PASSED] - click: Object: 'Object Repository/Backoffice/match_mgmt/button_create_match' is clicked on

2018-11-28 08:47:11 - [MESSAGE][PASSED] - Object: 'Object Repository/Backoffice/match_mgmt/button_create_match' is clicked on

2018-11-28 08:47:11 - [TEST_STEP][PASSED] - delay: Delayed 1 second(s)

2018-11-28 08:47:12 - [MESSAGE][PASSED] - Delayed 1 second(s)

2018-11-28 08:47:12 - [TEST_STEP][PASSED] - click: Object: 'Object Repository/Backoffice/match_mgmt/span_select_arena_name' is clicked on

2018-11-28 08:47:12 - [MESSAGE][PASSED] - Object: 'Object Repository/Backoffice/match_mgmt/span_select_arena_name' is clicked on

2018-11-28 08:47:12 - [TEST_STEP][PASSED] - setText: Text 'ALIXANDRA SPORTS COMPLEX - ASC' is set on object 'Object Repository/Backoffice/match_mgmt/input__select2-search__arena_name'

2018-11-28 08:47:13 - [MESSAGE][PASSED] - Text 'ALIXANDRA SPORTS COMPLEX - ASC' is set on object 'Object Repository/Backoffice/match_mgmt/input__select2-search__arena_name'

2018-11-28 08:47:13 - [TEST_STEP][PASSED] - sendKeys: Keys 'ENTER + ' sent to object: 'Object Repository/Backoffice/match_mgmt/input__select2-search__arena_name'

2018-11-28 08:47:13 - [MESSAGE][PASSED] - Keys 'ENTER + ' sent to object: 'Object Repository/Backoffice/match_mgmt/input__select2-search__arena_name'

2018-11-28 08:47:13 - [TEST_STEP][PASSED] - setText: Text 'AA' is set on object 'Object Repository/Backoffice/match_mgmt/meron_details/input_meron_name'

2018-11-28 08:47:14 - [MESSAGE][PASSED] - Text 'AA' is set on object 'Object Repository/Backoffice/match_mgmt/meron_details/input_meron_name'

2018-11-28 08:47:14 - [TEST_STEP][PASSED] - setText: Text 'Farm 1' is set on object 'Object Repository/Backoffice/match_mgmt/meron_details/input_meron_farm'

2018-11-28 08:47:14 - [MESSAGE][PASSED] - Text 'Farm 1' is set on object 'Object Repository/Backoffice/match_mgmt/meron_details/input_meron_farm'

2018-11-28 08:47:14 - [TEST_STEP][PASSED] - setText: Text 'Breed 1' is set on object 'Object Repository/Backoffice/match_mgmt/meron_details/input_meron_breed'

2018-11-28 08:47:14 - [MESSAGE][PASSED] - Text 'Breed 1' is set on object 'Object Repository/Backoffice/match_mgmt/meron_details/input_meron_breed'

2018-11-28 08:47:14 - [TEST_STEP][PASSED] - setText: Text 'Weight 1' is set on object 'Object Repository/Backoffice/match_mgmt/meron_details/input_meron_weight'

2018-11-28 08:47:15 - [MESSAGE][PASSED] - Text 'Weight 1' is set on object 'Object Repository/Backoffice/match_mgmt/meron_details/input_meron_weight'

2018-11-28 08:47:15 - [TEST_STEP][PASSED] - setText: Text 'BB' is set on object 'Object Repository/Backoffice/match_mgmt/wala_details/input_wala_name'

2018-11-28 08:47:15 - [MESSAGE][PASSED] - Text 'BB' is set on object 'Object Repository/Backoffice/match_mgmt/wala_details/input_wala_name'

2018-11-28 08:47:15 - [TEST_STEP][PASSED] - setText: Text 'Farm 2' is set on object 'Object Repository/Backoffice/match_mgmt/wala_details/input_wala_farm'

2018-11-28 08:47:16 - [MESSAGE][PASSED] - Text 'Farm 2' is set on object 'Object Repository/Backoffice/match_mgmt/wala_details/input_wala_farm'

2018-11-28 08:47:16 - [TEST_STEP][PASSED] - setText: Text 'Breed 2' is set on object 'Object Repository/Backoffice/match_mgmt/wala_details/input_wala_breed'

2018-11-28 08:47:16 - [MESSAGE][PASSED] - Text 'Breed 2' is set on object 'Object Repository/Backoffice/match_mgmt/wala_details/input_wala_breed'

2018-11-28 08:47:16 - [TEST_STEP][PASSED] - setText: Text 'Weight 2' is set on object 'Object Repository/Backoffice/match_mgmt/wala_details/input_wala_weight'

2018-11-28 08:47:16 - [MESSAGE][PASSED] - Text 'Weight 2' is set on object 'Object Repository/Backoffice/match_mgmt/wala_details/input_wala_weight'

2018-11-28 08:47:16 - [TEST_STEP][PASSED] - click: Object: 'Object Repository/Backoffice/match_mgmt/input_submit_match' is clicked on

2018-11-28 08:47:20 - [MESSAGE][PASSED] - Object: 'Object Repository/Backoffice/match_mgmt/input_submit_match' is clicked on

2018-11-28 08:47:20 - [TEST_STEP][PASSED] - delay: Delayed 1 second(s)

2018-11-28 08:47:21 - [MESSAGE][PASSED] - Delayed 1 second(s)

2018-11-28 08:47:21 - [TEST_STEP][PASSED] - click: Object: 'Object Repository/Backoffice/match_mgmt/button_create_match' is clicked on

2018-11-28 08:47:21 - [MESSAGE][PASSED] - Object: 'Object Repository/Backoffice/match_mgmt/button_create_match' is clicked on

2018-11-28 08:47:21 - [TEST_STEP][PASSED] - delay: Delayed 1 second(s)

2018-11-28 08:47:22 - [MESSAGE][PASSED] - Delayed 1 second(s)

2018-11-28 08:47:22 - [TEST_STEP][PASSED] - click: Object: 'Object Repository/Backoffice/match_mgmt/span_select_arena_name' is clicked on

2018-11-28 08:47:22 - [MESSAGE][PASSED] - Object: 'Object Repository/Backoffice/match_mgmt/span_select_arena_name' is clicked on

2018-11-28 08:47:22 - [TEST_STEP][PASSED] - setText: Text 'ALIXANDRA SPORTS COMPLEX - ASC' is set on object 'Object Repository/Backoffice/match_mgmt/input__select2-search__arena_name'

2018-11-28 08:47:24 - [MESSAGE][PASSED] - Text 'ALIXANDRA SPORTS COMPLEX - ASC' is set on object 'Object Repository/Backoffice/match_mgmt/input__select2-search__arena_name'

2018-11-28 08:47:24 - [TEST_STEP][PASSED] - sendKeys: Keys 'ENTER + ' sent to object: 'Object Repository/Backoffice/match_mgmt/input__select2-search__arena_name'

2018-11-28 08:47:24 - [MESSAGE][PASSED] - Keys 'ENTER + ' sent to object: 'Object Repository/Backoffice/match_mgmt/input__select2-search__arena_name'

2018-11-28 08:47:24 - [TEST_STEP][PASSED] - setText: Text 'AA' is set on object 'Object Repository/Backoffice/match_mgmt/meron_details/input_meron_name'

2018-11-28 08:47:24 - [MESSAGE][PASSED] - Text 'AA' is set on object 'Object Repository/Backoffice/match_mgmt/meron_details/input_meron_name'

2018-11-28 08:47:24 - [TEST_STEP][PASSED] - setText: Text 'Farm 1' is set on object 'Object Repository/Backoffice/match_mgmt/meron_details/input_meron_farm'

2018-11-28 08:47:25 - [MESSAGE][PASSED] - Text 'Farm 1' is set on object 'Object Repository/Backoffice/match_mgmt/meron_details/input_meron_farm'

2018-11-28 08:47:25 - [TEST_STEP][PASSED] - setText: Text 'Breed 1' is set on object 'Object Repository/Backoffice/match_mgmt/meron_details/input_meron_breed'

2018-11-28 08:47:25 - [MESSAGE][PASSED] - Text 'Breed 1' is set on object 'Object Repository/Backoffice/match_mgmt/meron_details/input_meron_breed'

2018-11-28 08:47:25 - [TEST_STEP][PASSED] - setText: Text 'Weight 1' is set on object 'Object Repository/Backoffice/match_mgmt/meron_details/input_meron_weight'

2018-11-28 08:47:25 - [MESSAGE][PASSED] - Text 'Weight 1' is set on object 'Object Repository/Backoffice/match_mgmt/meron_details/input_meron_weight'

2018-11-28 08:47:25 - [TEST_STEP][PASSED] - setText: Text 'BB' is set on object 'Object Repository/Backoffice/match_mgmt/wala_details/input_wala_name'

2018-11-28 08:47:26 - [MESSAGE][PASSED] - Text 'BB' is set on object 'Object Repository/Backoffice/match_mgmt/wala_details/input_wala_name'

2018-11-28 08:47:26 - [TEST_STEP][PASSED] - setText: Text 'Farm 2' is set on object 'Object Repository/Backoffice/match_mgmt/wala_details/input_wala_farm'

2018-11-28 08:47:26 - [MESSAGE][PASSED] - Text 'Farm 2' is set on object 'Object Repository/Backoffice/match_mgmt/wala_details/input_wala_farm'

2018-11-28 08:47:26 - [TEST_STEP][PASSED] - setText: Text 'Breed 2' is set on object 'Object Repository/Backoffice/match_mgmt/wala_details/input_wala_breed'

2018-11-28 08:47:26 - [MESSAGE][PASSED] - Text 'Breed 2' is set on object 'Object Repository/Backoffice/match_mgmt/wala_details/input_wala_breed'

2018-11-28 08:47:26 - [TEST_STEP][PASSED] - setText: Text 'Weight 2' is set on object 'Object Repository/Backoffice/match_mgmt/wala_details/input_wala_weight'

2018-11-28 08:47:27 - [MESSAGE][PASSED] - Text 'Weight 2' is set on object 'Object Repository/Backoffice/match_mgmt/wala_details/input_wala_weight'

2018-11-28 08:47:27 - [TEST_STEP][PASSED] - click: Object: 'Object Repository/Backoffice/match_mgmt/input_submit_match' is clicked on

2018-11-28 08:47:31 - [MESSAGE][PASSED] - Object: 'Object Repository/Backoffice/match_mgmt/input_submit_match' is clicked on

2018-11-28 08:47:31 - [TEST_STEP][PASSED] - delay: Delayed 1 second(s)

2018-11-28 08:47:32 - [MESSAGE][PASSED] - Delayed 1 second(s)

2018-11-28 08:47:32 - [TEST_STEP][PASSED] - click: Object: 'Object Repository/Backoffice/match_mgmt/button_create_match' is clicked on

2018-11-28 08:47:32 - [MESSAGE][PASSED] - Object: 'Object Repository/Backoffice/match_mgmt/button_create_match' is clicked on

2018-11-28 08:47:32 - [TEST_STEP][PASSED] - delay: Delayed 1 second(s)

2018-11-28 08:47:33 - [MESSAGE][PASSED] - Delayed 1 second(s)

2018-11-28 08:47:33 - [TEST_STEP][PASSED] - click: Object: 'Object Repository/Backoffice/match_mgmt/span_select_arena_name' is clicked on

2018-11-28 08:47:33 - [MESSAGE][PASSED] - Object: 'Object Repository/Backoffice/match_mgmt/span_select_arena_name' is clicked on

2018-11-28 08:47:33 - [TEST_STEP][PASSED] - setText: Text 'ALIXANDRA SPORTS COMPLEX - ASC' is set on object 'Object Repository/Backoffice/match_mgmt/input__select2-search__arena_name'

2018-11-28 08:47:35 - [MESSAGE][PASSED] - Text 'ALIXANDRA SPORTS COMPLEX - ASC' is set on object 'Object Repository/Backoffice/match_mgmt/input__select2-search__arena_name'

2018-11-28 08:47:35 - [TEST_STEP][PASSED] - sendKeys: Keys 'ENTER + ' sent to object: 'Object Repository/Backoffice/match_mgmt/input__select2-search__arena_name'

2018-11-28 08:47:35 - [MESSAGE][PASSED] - Keys 'ENTER + ' sent to object: 'Object Repository/Backoffice/match_mgmt/input__select2-search__arena_name'

2018-11-28 08:47:35 - [TEST_STEP][PASSED] - setText: Text 'AA' is set on object 'Object Repository/Backoffice/match_mgmt/meron_details/input_meron_name'

2018-11-28 08:47:35 - [MESSAGE][PASSED] - Text 'AA' is set on object 'Object Repository/Backoffice/match_mgmt/meron_details/input_meron_name'

2018-11-28 08:47:35 - [TEST_STEP][PASSED] - setText: Text 'Farm 1' is set on object 'Object Repository/Backoffice/match_mgmt/meron_details/input_meron_farm'

2018-11-28 08:47:35 - [MESSAGE][PASSED] - Text 'Farm 1' is set on object 'Object Repository/Backoffice/match_mgmt/meron_details/input_meron_farm'

2018-11-28 08:47:35 - [TEST_STEP][PASSED] - setText: Text 'Breed 1' is set on object 'Object Repository/Backoffice/match_mgmt/meron_details/input_meron_breed'

2018-11-28 08:47:36 - [MESSAGE][PASSED] - Text 'Breed 1' is set on object 'Object Repository/Backoffice/match_mgmt/meron_details/input_meron_breed'

2018-11-28 08:47:36 - [TEST_STEP][PASSED] - setText: Text 'Weight 1' is set on object 'Object Repository/Backoffice/match_mgmt/meron_details/input_meron_weight'

2018-11-28 08:47:36 - [MESSAGE][PASSED] - Text 'Weight 1' is set on object 'Object Repository/Backoffice/match_mgmt/meron_details/input_meron_weight'

2018-11-28 08:47:36 - [TEST_STEP][PASSED] - setText: Text 'BB' is set on object 'Object Repository/Backoffice/match_mgmt/wala_details/input_wala_name'

2018-11-28 08:47:37 - [MESSAGE][PASSED] - Text 'BB' is set on object 'Object Repository/Backoffice/match_mgmt/wala_details/input_wala_name'

2018-11-28 08:47:37 - [TEST_STEP][PASSED] - setText: Text 'Farm 2' is set on object 'Object Repository/Backoffice/match_mgmt/wala_details/input_wala_farm'

2018-11-28 08:47:37 - [MESSAGE][PASSED] - Text 'Farm 2' is set on object 'Object Repository/Backoffice/match_mgmt/wala_details/input_wala_farm'

2018-11-28 08:47:37 - [TEST_STEP][PASSED] - setText: Text 'Breed 2' is set on object 'Object Repository/Backoffice/match_mgmt/wala_details/input_wala_breed'

2018-11-28 08:47:37 - [MESSAGE][PASSED] - Text 'Breed 2' is set on object 'Object Repository/Backoffice/match_mgmt/wala_details/input_wala_breed'

2018-11-28 08:47:37 - [TEST_STEP][PASSED] - setText: Text 'Weight 2' is set on object 'Object Repository/Backoffice/match_mgmt/wala_details/input_wala_weight'

2018-11-28 08:47:38 - [MESSAGE][PASSED] - Text 'Weight 2' is set on object 'Object Repository/Backoffice/match_mgmt/wala_details/input_wala_weight'

2018-11-28 08:47:38 - [TEST_STEP][PASSED] - click: Object: 'Object Repository/Backoffice/match_mgmt/input_submit_match' is clicked on

2018-11-28 08:47:41 - [MESSAGE][PASSED] - Object: 'Object Repository/Backoffice/match_mgmt/input_submit_match' is clicked on

2018-11-28 08:47:41 - [TEST_STEP][PASSED] - delay: Delayed 1 second(s)

2018-11-28 08:47:42 - [MESSAGE][PASSED] - Delayed 1 second(s)

2018-11-28 08:47:42 - [TEST_STEP][PASSED] - click: Object: 'Object Repository/Backoffice/match_mgmt/button_create_match' is clicked on

2018-11-28 08:47:42 - [MESSAGE][PASSED] - Object: 'Object Repository/Backoffice/match_mgmt/button_create_match' is clicked on

2018-11-28 08:47:42 - [TEST_STEP][PASSED] - delay: Delayed 1 second(s)

2018-11-28 08:47:43 - [MESSAGE][PASSED] - Delayed 1 second(s)

2018-11-28 08:47:43 - [TEST_STEP][PASSED] - click: Object: 'Object Repository/Backoffice/match_mgmt/span_select_arena_name' is clicked on

2018-11-28 08:47:44 - [MESSAGE][PASSED] - Object: 'Object Repository/Backoffice/match_mgmt/span_select_arena_name' is clicked on

2018-11-28 08:47:44 - [TEST_STEP][PASSED] - setText: Text 'ALIXANDRA SPORTS COMPLEX - ASC' is set on object 'Object Repository/Backoffice/match_mgmt/input__select2-search__arena_name'

2018-11-28 08:47:45 - [MESSAGE][PASSED] - Text 'ALIXANDRA SPORTS COMPLEX - ASC' is set on object 'Object Repository/Backoffice/match_mgmt/input__select2-search__arena_name'

2018-11-28 08:47:45 - [TEST_STEP][PASSED] - sendKeys: Keys 'ENTER + ' sent to object: 'Object Repository/Backoffice/match_mgmt/input__select2-search__arena_name'

2018-11-28 08:47:45 - [MESSAGE][PASSED] - Keys 'ENTER + ' sent to object: 'Object Repository/Backoffice/match_mgmt/input__select2-search__arena_name'

2018-11-28 08:47:45 - [TEST_STEP][PASSED] - setText: Text 'AA' is set on object 'Object Repository/Backoffice/match_mgmt/meron_details/input_meron_name'

2018-11-28 08:47:46 - [MESSAGE][PASSED] - Text 'AA' is set on object 'Object Repository/Backoffice/match_mgmt/meron_details/input_meron_name'

2018-11-28 08:47:46 - [TEST_STEP][PASSED] - setText: Text 'Farm 1' is set on object 'Object Repository/Backoffice/match_mgmt/meron_details/input_meron_farm'

2018-11-28 08:47:46 - [MESSAGE][PASSED] - Text 'Farm 1' is set on object 'Object Repository/Backoffice/match_mgmt/meron_details/input_meron_farm'

2018-11-28 08:47:46 - [TEST_STEP][PASSED] - setText: Text 'Breed 1' is set on object 'Object Repository/Backoffice/match_mgmt/meron_details/input_meron_breed'

2018-11-28 08:47:46 - [MESSAGE][PASSED] - Text 'Breed 1' is set on object 'Object Repository/Backoffice/match_mgmt/meron_details/input_meron_breed'

2018-11-28 08:47:46 - [TEST_STEP][PASSED] - setText: Text 'Weight 1' is set on object 'Object Repository/Backoffice/match_mgmt/meron_details/input_meron_weight'

2018-11-28 08:47:47 - [MESSAGE][PASSED] - Text 'Weight 1' is set on object 'Object Repository/Backoffice/match_mgmt/meron_details/input_meron_weight'

2018-11-28 08:47:47 - [TEST_STEP][PASSED] - setText: Text 'BB' is set on object 'Object Repository/Backoffice/match_mgmt/wala_details/input_wala_name'

2018-11-28 08:47:47 - [MESSAGE][PASSED] - Text 'BB' is set on object 'Object Repository/Backoffice/match_mgmt/wala_details/input_wala_name'

2018-11-28 08:47:47 - [TEST_STEP][PASSED] - setText: Text 'Farm 2' is set on object 'Object Repository/Backoffice/match_mgmt/wala_details/input_wala_farm'

2018-11-28 08:47:48 - [MESSAGE][PASSED] - Text 'Farm 2' is set on object 'Object Repository/Backoffice/match_mgmt/wala_details/input_wala_farm'

2018-11-28 08:47:48 - [TEST_STEP][PASSED] - setText: Text 'Breed 2' is set on object 'Object Repository/Backoffice/match_mgmt/wala_details/input_wala_breed'

2018-11-28 08:47:48 - [MESSAGE][PASSED] - Text 'Breed 2' is set on object 'Object Repository/Backoffice/match_mgmt/wala_details/input_wala_breed'

2018-11-28 08:47:48 - [TEST_STEP][PASSED] - setText: Text 'Weight 2' is set on object 'Object Repository/Backoffice/match_mgmt/wala_details/input_wala_weight'

2018-11-28 08:47:48 - [MESSAGE][PASSED] - Text 'Weight 2' is set on object 'Object Repository/Backoffice/match_mgmt/wala_details/input_wala_weight'

2018-11-28 08:47:48 - [TEST_STEP][PASSED] - click: Object: 'Object Repository/Backoffice/match_mgmt/input_submit_match' is clicked on

2018-11-28 08:47:52 - [MESSAGE][PASSED] - Object: 'Object Repository/Backoffice/match_mgmt/input_submit_match' is clicked on

2018-11-28 08:47:52 - [TEST_STEP][PASSED] - delay: Delayed 1 second(s)

2018-11-28 08:47:53 - [MESSAGE][PASSED] - Delayed 1 second(s)

2018-11-28 08:47:53 - [TEST_STEP][PASSED] - click: Object: 'Object Repository/Backoffice/match_mgmt/button_create_match' is clicked on

2018-11-28 08:47:53 - [MESSAGE][PASSED] - Object: 'Object Repository/Backoffice/match_mgmt/button_create_match' is clicked on

2018-11-28 08:47:53 - [TEST_STEP][PASSED] - delay: Delayed 1 second(s)

2018-11-28 08:47:54 - [MESSAGE][PASSED] - Delayed 1 second(s)

2018-11-28 08:47:54 - [TEST_STEP][PASSED] - click: Object: 'Object Repository/Backoffice/match_mgmt/span_select_arena_name' is clicked on

2018-11-28 08:47:54 - [MESSAGE][PASSED] - Object: 'Object Repository/Backoffice/match_mgmt/span_select_arena_name' is clicked on

2018-11-28 08:47:54 - [TEST_STEP][PASSED] - setText: Text 'ALIXANDRA SPORTS COMPLEX - ASC' is set on object 'Object Repository/Backoffice/match_mgmt/input__select2-search__arena_name'

2018-11-28 08:47:56 - [MESSAGE][PASSED] - Text 'ALIXANDRA SPORTS COMPLEX - ASC' is set on object 'Object Repository/Backoffice/match_mgmt/input__select2-search__arena_name'

2018-11-28 08:47:56 - [TEST_STEP][PASSED] - sendKeys: Keys 'ENTER + ' sent to object: 'Object Repository/Backoffice/match_mgmt/input__select2-search__arena_name'

2018-11-28 08:47:56 - [MESSAGE][PASSED] - Keys 'ENTER + ' sent to object: 'Object Repository/Backoffice/match_mgmt/input__select2-search__arena_name'

2018-11-28 08:47:56 - [TEST_STEP][PASSED] - setText: Text 'AA' is set on object 'Object Repository/Backoffice/match_mgmt/meron_details/input_meron_name'

2018-11-28 08:47:57 - [MESSAGE][PASSED] - Text 'AA' is set on object 'Object Repository/Backoffice/match_mgmt/meron_details/input_meron_name'

2018-11-28 08:47:57 - [TEST_STEP][PASSED] - setText: Text 'Farm 1' is set on object 'Object Repository/Backoffice/match_mgmt/meron_details/input_meron_farm'

2018-11-28 08:47:57 - [MESSAGE][PASSED] - Text 'Farm 1' is set on object 'Object Repository/Backoffice/match_mgmt/meron_details/input_meron_farm'

2018-11-28 08:47:57 - [TEST_STEP][PASSED] - setText: Text 'Breed 1' is set on object 'Object Repository/Backoffice/match_mgmt/meron_details/input_meron_breed'

2018-11-28 08:47:57 - [MESSAGE][PASSED] - Text 'Breed 1' is set on object 'Object Repository/Backoffice/match_mgmt/meron_details/input_meron_breed'

2018-11-28 08:47:57 - [TEST_STEP][PASSED] - setText: Text 'Weight 1' is set on object 'Object Repository/Backoffice/match_mgmt/meron_details/input_meron_weight'

2018-11-28 08:47:58 - [MESSAGE][PASSED] - Text 'Weight 1' is set on object 'Object Repository/Backoffice/match_mgmt/meron_details/input_meron_weight'

2018-11-28 08:47:58 - [TEST_STEP][PASSED] - setText: Text 'BB' is set on object 'Object Repository/Backoffice/match_mgmt/wala_details/input_wala_name'

2018-11-28 08:47:59 - [MESSAGE][PASSED] - Text 'BB' is set on object 'Object Repository/Backoffice/match_mgmt/wala_details/input_wala_name'

2018-11-28 08:47:59 - [TEST_STEP][PASSED] - setText: Text 'Farm 2' is set on object 'Object Repository/Backoffice/match_mgmt/wala_details/input_wala_farm'

2018-11-28 08:47:59 - [MESSAGE][PASSED] - Text 'Farm 2' is set on object 'Object Repository/Backoffice/match_mgmt/wala_details/input_wala_farm'

2018-11-28 08:47:59 - [TEST_STEP][PASSED] - setText: Text 'Breed 2' is set on object 'Object Repository/Backoffice/match_mgmt/wala_details/input_wala_breed'

2018-11-28 08:47:59 - [MESSAGE][PASSED] - Text 'Breed 2' is set on object 'Object Repository/Backoffice/match_mgmt/wala_details/input_wala_breed'

2018-11-28 08:47:59 - [TEST_STEP][PASSED] - setText: Text 'Weight 2' is set on object 'Object Repository/Backoffice/match_mgmt/wala_details/input_wala_weight'

2018-11-28 08:47:59 - [MESSAGE][PASSED] - Text 'Weight 2' is set on object 'Object Repository/Backoffice/match_mgmt/wala_details/input_wala_weight'

2018-11-28 08:47:59 - [TEST_STEP][PASSED] - click: Object: 'Object Repository/Backoffice/match_mgmt/input_submit_match' is clicked on

2018-11-28 08:48:08 - [MESSAGE][PASSED] - Object: 'Object Repository/Backoffice/match_mgmt/input_submit_match' is clicked on

2018-11-28 08:48:08 - [TEST_STEP][PASSED] - delay: Delayed 1 second(s)

2018-11-28 08:48:09 - [MESSAGE][PASSED] - Delayed 1 second(s)

2018-11-28 08:48:09 - [TEST_STEP][PASSED] - click: Object: 'Object Repository/Backoffice/match_mgmt/button_create_match' is clicked on

2018-11-28 08:48:10 - [MESSAGE][PASSED] - Object: 'Object Repository/Backoffice/match_mgmt/button_create_match' is clicked on

2018-11-28 08:48:10 - [TEST_STEP][PASSED] - delay: Delayed 1 second(s)

2018-11-28 08:48:11 - [MESSAGE][PASSED] - Delayed 1 second(s)

2018-11-28 08:48:11 - [TEST_STEP][PASSED] - click: Object: 'Object Repository/Backoffice/match_mgmt/span_select_arena_name' is clicked on

2018-11-28 08:48:11 - [MESSAGE][PASSED] - Object: 'Object Repository/Backoffice/match_mgmt/span_select_arena_name' is clicked on

2018-11-28 08:48:11 - [TEST_STEP][PASSED] - setText: Text 'ALIXANDRA SPORTS COMPLEX - ASC' is set on object 'Object Repository/Backoffice/match_mgmt/input__select2-search__arena_name'

2018-11-28 08:48:13 - [MESSAGE][PASSED] - Text 'ALIXANDRA SPORTS COMPLEX - ASC' is set on object 'Object Repository/Backoffice/match_mgmt/input__select2-search__arena_name'

2018-11-28 08:48:13 - [TEST_STEP][PASSED] - sendKeys: Keys 'ENTER + ' sent to object: 'Object Repository/Backoffice/match_mgmt/input__select2-search__arena_name'

2018-11-28 08:48:13 - [MESSAGE][PASSED] - Keys 'ENTER + ' sent to object: 'Object Repository/Backoffice/match_mgmt/input__select2-search__arena_name'

2018-11-28 08:48:13 - [TEST_STEP][PASSED] - setText: Text 'AA' is set on object 'Object Repository/Backoffice/match_mgmt/meron_details/input_meron_name'

2018-11-28 08:48:14 - [MESSAGE][PASSED] - Text 'AA' is set on object 'Object Repository/Backoffice/match_mgmt/meron_details/input_meron_name'

2018-11-28 08:48:14 - [TEST_STEP][PASSED] - setText: Text 'Farm 1' is set on object 'Object Repository/Backoffice/match_mgmt/meron_details/input_meron_farm'

2018-11-28 08:48:14 - [MESSAGE][PASSED] - Text 'Farm 1' is set on object 'Object Repository/Backoffice/match_mgmt/meron_details/input_meron_farm'

2018-11-28 08:48:14 - [TEST_STEP][PASSED] - setText: Text 'Breed 1' is set on object 'Object Repository/Backoffice/match_mgmt/meron_details/input_meron_breed'

2018-11-28 08:48:14 - [MESSAGE][PASSED] - Text 'Breed 1' is set on object 'Object Repository/Backoffice/match_mgmt/meron_details/input_meron_breed'

2018-11-28 08:48:14 - [TEST_STEP][PASSED] - setText: Text 'Weight 1' is set on object 'Object Repository/Backoffice/match_mgmt/meron_details/input_meron_weight'

2018-11-28 08:48:15 - [MESSAGE][PASSED] - Text 'Weight 1' is set on object 'Object Repository/Backoffice/match_mgmt/meron_details/input_meron_weight'

2018-11-28 08:48:15 - [TEST_STEP][PASSED] - setText: Text 'BB' is set on object 'Object Repository/Backoffice/match_mgmt/wala_details/input_wala_name'

2018-11-28 08:48:15 - [MESSAGE][PASSED] - Text 'BB' is set on object 'Object Repository/Backoffice/match_mgmt/wala_details/input_wala_name'

2018-11-28 08:48:15 - [TEST_STEP][PASSED] - setText: Text 'Farm 2' is set on object 'Object Repository/Backoffice/match_mgmt/wala_details/input_wala_farm'

2018-11-28 08:48:16 - [MESSAGE][PASSED] - Text 'Farm 2' is set on object 'Object Repository/Backoffice/match_mgmt/wala_details/input_wala_farm'

2018-11-28 08:48:16 - [TEST_STEP][PASSED] - setText: Text 'Breed 2' is set on object 'Object Repository/Backoffice/match_mgmt/wala_details/input_wala_breed'

2018-11-28 08:48:16 - [MESSAGE][PASSED] - Text 'Breed 2' is set on object 'Object Repository/Backoffice/match_mgmt/wala_details/input_wala_breed'

2018-11-28 08:48:16 - [TEST_STEP][PASSED] - setText: Text 'Weight 2' is set on object 'Object Repository/Backoffice/match_mgmt/wala_details/input_wala_weight'

2018-11-28 08:48:16 - [MESSAGE][PASSED] - Text 'Weight 2' is set on object 'Object Repository/Backoffice/match_mgmt/wala_details/input_wala_weight'

2018-11-28 08:48:16 - [TEST_STEP][PASSED] - click: Object: 'Object Repository/Backoffice/match_mgmt/input_submit_match' is clicked on

2018-11-28 08:48:19 - [MESSAGE][PASSED] - Object: 'Object Repository/Backoffice/match_mgmt/input_submit_match' is clicked on

2018-11-28 08:48:19 - [TEST_STEP][PASSED] - delay: Delayed 1 second(s)

2018-11-28 08:48:20 - [MESSAGE][PASSED] - Delayed 1 second(s)

2018-11-28 08:48:20 - [TEST_STEP][PASSED] - click: Object: 'Object Repository/Backoffice/match_mgmt/button_create_match' is clicked on

2018-11-28 08:48:21 - [MESSAGE][PASSED] - Object: 'Object Repository/Backoffice/match_mgmt/button_create_match' is clicked on

2018-11-28 08:48:21 - [TEST_STEP][PASSED] - delay: Delayed 1 second(s)

2018-11-28 08:48:22 - [MESSAGE][PASSED] - Delayed 1 second(s)

2018-11-28 08:48:22 - [TEST_STEP][PASSED] - click: Object: 'Object Repository/Backoffice/match_mgmt/span_select_arena_name' is clicked on

2018-11-28 08:48:22 - [MESSAGE][PASSED] - Object: 'Object Repository/Backoffice/match_mgmt/span_select_arena_name' is clicked on

2018-11-28 08:48:22 - [TEST_STEP][PASSED] - setText: Text 'ALIXANDRA SPORTS COMPLEX - ASC' is set on object 'Object Repository/Backoffice/match_mgmt/input__select2-search__arena_name'

2018-11-28 08:48:23 - [MESSAGE][PASSED] - Text 'ALIXANDRA SPORTS COMPLEX - ASC' is set on object 'Object Repository/Backoffice/match_mgmt/input__select2-search__arena_name'

2018-11-28 08:48:23 - [TEST_STEP][PASSED] - sendKeys: Keys 'ENTER + ' sent to object: 'Object Repository/Backoffice/match_mgmt/input__select2-search__arena_name'

2018-11-28 08:48:23 - [MESSAGE][PASSED] - Keys 'ENTER + ' sent to object: 'Object Repository/Backoffice/match_mgmt/input__select2-search__arena_name'

2018-11-28 08:48:23 - [TEST_STEP][PASSED] - setText: Text 'AA' is set on object 'Object Repository/Backoffice/match_mgmt/meron_details/input_meron_name'

2018-11-28 08:48:24 - [MESSAGE][PASSED] - Text 'AA' is set on object 'Object Repository/Backoffice/match_mgmt/meron_details/input_meron_name'

2018-11-28 08:48:24 - [TEST_STEP][PASSED] - setText: Text 'Farm 1' is set on object 'Object Repository/Backoffice/match_mgmt/meron_details/input_meron_farm'

2018-11-28 08:48:24 - [MESSAGE][PASSED] - Text 'Farm 1' is set on object 'Object Repository/Backoffice/match_mgmt/meron_details/input_meron_farm'

2018-11-28 08:48:24 - [TEST_STEP][PASSED] - setText: Text 'Breed 1' is set on object 'Object Repository/Backoffice/match_mgmt/meron_details/input_meron_breed'

2018-11-28 08:48:24 - [MESSAGE][PASSED] - Text 'Breed 1' is set on object 'Object Repository/Backoffice/match_mgmt/meron_details/input_meron_breed'

2018-11-28 08:48:24 - [TEST_STEP][PASSED] - setText: Text 'Weight 1' is set on object 'Object Repository/Backoffice/match_mgmt/meron_details/input_meron_weight'

2018-11-28 08:48:25 - [MESSAGE][PASSED] - Text 'Weight 1' is set on object 'Object Repository/Backoffice/match_mgmt/meron_details/input_meron_weight'

2018-11-28 08:48:25 - [TEST_STEP][PASSED] - setText: Text 'BB' is set on object 'Object Repository/Backoffice/match_mgmt/wala_details/input_wala_name'

2018-11-28 08:48:25 - [MESSAGE][PASSED] - Text 'BB' is set on object 'Object Repository/Backoffice/match_mgmt/wala_details/input_wala_name'

2018-11-28 08:48:25 - [TEST_STEP][PASSED] - setText: Text 'Farm 2' is set on object 'Object Repository/Backoffice/match_mgmt/wala_details/input_wala_farm'

2018-11-28 08:48:25 - [MESSAGE][PASSED] - Text 'Farm 2' is set on object 'Object Repository/Backoffice/match_mgmt/wala_details/input_wala_farm'

2018-11-28 08:48:25 - [TEST_STEP][PASSED] - setText: Text 'Breed 2' is set on object 'Object Repository/Backoffice/match_mgmt/wala_details/input_wala_breed'

2018-11-28 08:48:25 - [MESSAGE][PASSED] - Text 'Breed 2' is set on object 'Object Repository/Backoffice/match_mgmt/wala_details/input_wala_breed'

2018-11-28 08:48:25 - [TEST_STEP][PASSED] - setText: Text 'Weight 2' is set on object 'Object Repository/Backoffice/match_mgmt/wala_details/input_wala_weight'

2018-11-28 08:48:26 - [MESSAGE][PASSED] - Text 'Weight 2' is set on object 'Object Repository/Backoffice/match_mgmt/wala_details/input_wala_weight'

2018-11-28 08:48:26 - [TEST_STEP][PASSED] - click: Object: 'Object Repository/Backoffice/match_mgmt/input_submit_match' is clicked on

2018-11-28 08:48:29 - [MESSAGE][PASSED] - Object: 'Object Repository/Backoffice/match_mgmt/input_submit_match' is clicked on

2018-11-28 08:48:29 - [TEST_STEP][PASSED] - delay: Delayed 1 second(s)

2018-11-28 08:48:30 - [MESSAGE][PASSED] - Delayed 1 second(s)

2018-11-28 08:48:30 - [TEST_STEP][PASSED] - click: Object: 'Object Repository/Backoffice/match_mgmt/button_create_match' is clicked on

2018-11-28 08:48:30 - [MESSAGE][PASSED] - Object: 'Object Repository/Backoffice/match_mgmt/button_create_match' is clicked on

2018-11-28 08:48:30 - [TEST_STEP][PASSED] - delay: Delayed 1 second(s)

2018-11-28 08:48:31 - [MESSAGE][PASSED] - Delayed 1 second(s)

2018-11-28 08:48:31 - [TEST_STEP][PASSED] - click: Object: 'Object Repository/Backoffice/match_mgmt/span_select_arena_name' is clicked on

2018-11-28 08:48:31 - [MESSAGE][PASSED] - Object: 'Object Repository/Backoffice/match_mgmt/span_select_arena_name' is clicked on

2018-11-28 08:48:31 - [TEST_STEP][PASSED] - setText: Text 'ALIXANDRA SPORTS COMPLEX - ASC' is set on object 'Object Repository/Backoffice/match_mgmt/input__select2-search__arena_name'

2018-11-28 08:48:32 - [MESSAGE][PASSED] - Text 'ALIXANDRA SPORTS COMPLEX - ASC' is set on object 'Object Repository/Backoffice/match_mgmt/input__select2-search__arena_name'

2018-11-28 08:48:32 - [TEST_STEP][PASSED] - sendKeys: Keys 'ENTER + ' sent to object: 'Object Repository/Backoffice/match_mgmt/input__select2-search__arena_name'

2018-11-28 08:48:33 - [MESSAGE][PASSED] - Keys 'ENTER + ' sent to object: 'Object Repository/Backoffice/match_mgmt/input__select2-search__arena_name'

2018-11-28 08:48:33 - [TEST_STEP][PASSED] - setText: Text 'AA' is set on object 'Object Repository/Backoffice/match_mgmt/meron_details/input_meron_name'

2018-11-28 08:48:33 - [MESSAGE][PASSED] - Text 'AA' is set on object 'Object Repository/Backoffice/match_mgmt/meron_details/input_meron_name'

2018-11-28 08:48:33 - [TEST_STEP][PASSED] - setText: Text 'Farm 1' is set on object 'Object Repository/Backoffice/match_mgmt/meron_details/input_meron_farm'

2018-11-28 08:48:33 - [MESSAGE][PASSED] - Text 'Farm 1' is set on object 'Object Repository/Backoffice/match_mgmt/meron_details/input_meron_farm'

2018-11-28 08:48:33 - [TEST_STEP][PASSED] - setText: Text 'Breed 1' is set on object 'Object Repository/Backoffice/match_mgmt/meron_details/input_meron_breed'

2018-11-28 08:48:33 - [MESSAGE][PASSED] - Text 'Breed 1' is set on object 'Object Repository/Backoffice/match_mgmt/meron_details/input_meron_breed'

2018-11-28 08:48:33 - [TEST_STEP][PASSED] - setText: Text 'Weight 1' is set on object 'Object Repository/Backoffice/match_mgmt/meron_details/input_meron_weight'

2018-11-28 08:48:33 - [MESSAGE][PASSED] - Text 'Weight 1' is set on object 'Object Repository/Backoffice/match_mgmt/meron_details/input_meron_weight'

2018-11-28 08:48:33 - [TEST_STEP][PASSED] - setText: Text 'BB' is set on object 'Object Repository/Backoffice/match_mgmt/wala_details/input_wala_name'

2018-11-28 08:48:34 - [MESSAGE][PASSED] - Text 'BB' is set on object 'Object Repository/Backoffice/match_mgmt/wala_details/input_wala_name'

2018-11-28 08:48:34 - [TEST_STEP][PASSED] - setText: Text 'Farm 2' is set on object 'Object Repository/Backoffice/match_mgmt/wala_details/input_wala_farm'

2018-11-28 08:48:34 - [MESSAGE][PASSED] - Text 'Farm 2' is set on object 'Object Repository/Backoffice/match_mgmt/wala_details/input_wala_farm'

2018-11-28 08:48:34 - [TEST_STEP][PASSED] - setText: Text 'Breed 2' is set on object 'Object Repository/Backoffice/match_mgmt/wala_details/input_wala_breed'

2018-11-28 08:48:34 - [MESSAGE][PASSED] - Text 'Breed 2' is set on object 'Object Repository/Backoffice/match_mgmt/wala_details/input_wala_breed'

2018-11-28 08:48:34 - [TEST_STEP][PASSED] - setText: Text 'Weight 2' is set on object 'Object Repository/Backoffice/match_mgmt/wala_details/input_wala_weight'

2018-11-28 08:48:35 - [MESSAGE][PASSED] - Text 'Weight 2' is set on object 'Object Repository/Backoffice/match_mgmt/wala_details/input_wala_weight'

2018-11-28 08:48:35 - [TEST_STEP][PASSED] - click: Object: 'Object Repository/Backoffice/match_mgmt/input_submit_match' is clicked on

2018-11-28 08:48:37 - [MESSAGE][PASSED] - Object: 'Object Repository/Backoffice/match_mgmt/input_submit_match' is clicked on

2018-11-28 08:48:37 - [TEST_STEP][PASSED] - delay: Delayed 1 second(s)

2018-11-28 08:48:38 - [MESSAGE][PASSED] - Delayed 1 second(s)

2018-11-28 08:48:38 - [TEST_STEP][PASSED] - click: Object: 'Object Repository/Backoffice/match_mgmt/button_create_match' is clicked on

2018-11-28 08:48:38 - [MESSAGE][PASSED] - Object: 'Object Repository/Backoffice/match_mgmt/button_create_match' is clicked on

2018-11-28 08:48:38 - [TEST_STEP][PASSED] - delay: Delayed 1 second(s)

2018-11-28 08:48:39 - [MESSAGE][PASSED] - Delayed 1 second(s)

2018-11-28 08:48:39 - [TEST_STEP][PASSED] - click: Object: 'Object Repository/Backoffice/match_mgmt/span_select_arena_name' is clicked on

2018-11-28 08:48:39 - [MESSAGE][PASSED] - Object: 'Object Repository/Backoffice/match_mgmt/span_select_arena_name' is clicked on

2018-11-28 08:48:39 - [TEST_STEP][PASSED] - setText: Text 'ALIXANDRA SPORTS COMPLEX - ASC' is set on object 'Object Repository/Backoffice/match_mgmt/input__select2-search__arena_name'

2018-11-28 08:48:41 - [MESSAGE][PASSED] - Text 'ALIXANDRA SPORTS COMPLEX - ASC' is set on object 'Object Repository/Backoffice/match_mgmt/input__select2-search__arena_name'

2018-11-28 08:48:41 - [TEST_STEP][PASSED] - sendKeys: Keys 'ENTER + ' sent to object: 'Object Repository/Backoffice/match_mgmt/input__select2-search__arena_name'

2018-11-28 08:48:41 - [MESSAGE][PASSED] - Keys 'ENTER + ' sent to object: 'Object Repository/Backoffice/match_mgmt/input__select2-search__arena_name'

2018-11-28 08:48:41 - [TEST_STEP][PASSED] - setText: Text 'AA' is set on object 'Object Repository/Backoffice/match_mgmt/meron_details/input_meron_name'

2018-11-28 08:48:41 - [MESSAGE][PASSED] - Text 'AA' is set on object 'Object Repository/Backoffice/match_mgmt/meron_details/input_meron_name'

2018-11-28 08:48:41 - [TEST_STEP][PASSED] - setText: Text 'Farm 1' is set on object 'Object Repository/Backoffice/match_mgmt/meron_details/input_meron_farm'

2018-11-28 08:48:42 - [MESSAGE][PASSED] - Text 'Farm 1' is set on object 'Object Repository/Backoffice/match_mgmt/meron_details/input_meron_farm'

2018-11-28 08:48:42 - [TEST_STEP][PASSED] - setText: Text 'Breed 1' is set on object 'Object Repository/Backoffice/match_mgmt/meron_details/input_meron_breed'

2018-11-28 08:48:42 - [MESSAGE][PASSED] - Text 'Breed 1' is set on object 'Object Repository/Backoffice/match_mgmt/meron_details/input_meron_breed'

2018-11-28 08:48:42 - [TEST_STEP][PASSED] - setText: Text 'Weight 1' is set on object 'Object Repository/Backoffice/match_mgmt/meron_details/input_meron_weight'

2018-11-28 08:48:42 - [MESSAGE][PASSED] - Text 'Weight 1' is set on object 'Object Repository/Backoffice/match_mgmt/meron_details/input_meron_weight'

2018-11-28 08:48:42 - [TEST_STEP][PASSED] - setText: Text 'BB' is set on object 'Object Repository/Backoffice/match_mgmt/wala_details/input_wala_name'

2018-11-28 08:48:43 - [MESSAGE][PASSED] - Text 'BB' is set on object 'Object Repository/Backoffice/match_mgmt/wala_details/input_wala_name'

2018-11-28 08:48:43 - [TEST_STEP][PASSED] - setText: Text 'Farm 2' is set on object 'Object Repository/Backoffice/match_mgmt/wala_details/input_wala_farm'

2018-11-28 08:48:43 - [MESSAGE][PASSED] - Text 'Farm 2' is set on object 'Object Repository/Backoffice/match_mgmt/wala_details/input_wala_farm'

2018-11-28 08:48:43 - [TEST_STEP][PASSED] - setText: Text 'Breed 2' is set on object 'Object Repository/Backoffice/match_mgmt/wala_details/input_wala_breed'

2018-11-28 08:48:43 - [MESSAGE][PASSED] - Text 'Breed 2' is set on object 'Object Repository/Backoffice/match_mgmt/wala_details/input_wala_breed'

2018-11-28 08:48:43 - [TEST_STEP][PASSED] - setText: Text 'Weight 2' is set on object 'Object Repository/Backoffice/match_mgmt/wala_details/input_wala_weight'

2018-11-28 08:48:44 - [MESSAGE][PASSED] - Text 'Weight 2' is set on object 'Object Repository/Backoffice/match_mgmt/wala_details/input_wala_weight'

2018-11-28 08:48:44 - [TEST_STEP][PASSED] - click: Object: 'Object Repository/Backoffice/match_mgmt/input_submit_match' is clicked on

2018-11-28 08:48:46 - [MESSAGE][PASSED] - Object: 'Object Repository/Backoffice/match_mgmt/input_submit_match' is clicked on

2018-11-28 08:48:46 - [TEST_STEP][PASSED] - delay: Delayed 1 second(s)

2018-11-28 08:48:47 - [MESSAGE][PASSED] - Delayed 1 second(s)

2018-11-28 08:48:47 - [TEST_STEP][PASSED] - click: Object: 'Object Repository/Backoffice/match_mgmt/button_create_match' is clicked on

2018-11-28 08:48:47 - [MESSAGE][PASSED] - Object: 'Object Repository/Backoffice/match_mgmt/button_create_match' is clicked on

2018-11-28 08:48:47 - [TEST_STEP][PASSED] - delay: Delayed 1 second(s)

2018-11-28 08:48:48 - [MESSAGE][PASSED] - Delayed 1 second(s)

2018-11-28 08:48:48 - [TEST_STEP][PASSED] - click: Object: 'Object Repository/Backoffice/match_mgmt/span_select_arena_name' is clicked on

2018-11-28 08:48:49 - [MESSAGE][PASSED] - Object: 'Object Repository/Backoffice/match_mgmt/span_select_arena_name' is clicked on

2018-11-28 08:48:49 - [TEST_STEP][PASSED] - setText: Text 'ALIXANDRA SPORTS COMPLEX - ASC' is set on object 'Object Repository/Backoffice/match_mgmt/input__select2-search__arena_name'

2018-11-28 08:48:50 - [MESSAGE][PASSED] - Text 'ALIXANDRA SPORTS COMPLEX - ASC' is set on object 'Object Repository/Backoffice/match_mgmt/input__select2-search__arena_name'

2018-11-28 08:48:50 - [TEST_STEP][PASSED] - sendKeys: Keys 'ENTER + ' sent to object: 'Object Repository/Backoffice/match_mgmt/input__select2-search__arena_name'

2018-11-28 08:48:50 - [MESSAGE][PASSED] - Keys 'ENTER + ' sent to object: 'Object Repository/Backoffice/match_mgmt/input__select2-search__arena_name'

2018-11-28 08:48:50 - [TEST_STEP][PASSED] - setText: Text 'AA' is set on object 'Object Repository/Backoffice/match_mgmt/meron_details/input_meron_name'

2018-11-28 08:48:51 - [MESSAGE][PASSED] - Text 'AA' is set on object 'Object Repository/Backoffice/match_mgmt/meron_details/input_meron_name'

2018-11-28 08:48:51 - [TEST_STEP][PASSED] - setText: Text 'Farm 1' is set on object 'Object Repository/Backoffice/match_mgmt/meron_details/input_meron_farm'

2018-11-28 08:48:51 - [MESSAGE][PASSED] - Text 'Farm 1' is set on object 'Object Repository/Backoffice/match_mgmt/meron_details/input_meron_farm'

2018-11-28 08:48:51 - [TEST_STEP][PASSED] - setText: Text 'Breed 1' is set on object 'Object Repository/Backoffice/match_mgmt/meron_details/input_meron_breed'

2018-11-28 08:48:51 - [MESSAGE][PASSED] - Text 'Breed 1' is set on object 'Object Repository/Backoffice/match_mgmt/meron_details/input_meron_breed'

2018-11-28 08:48:51 - [TEST_STEP][PASSED] - setText: Text 'Weight 1' is set on object 'Object Repository/Backoffice/match_mgmt/meron_details/input_meron_weight'

2018-11-28 08:48:52 - [MESSAGE][PASSED] - Text 'Weight 1' is set on object 'Object Repository/Backoffice/match_mgmt/meron_details/input_meron_weight'

2018-11-28 08:48:52 - [TEST_STEP][PASSED] - setText: Text 'BB' is set on object 'Object Repository/Backoffice/match_mgmt/wala_details/input_wala_name'

2018-11-28 08:48:52 - [MESSAGE][PASSED] - Text 'BB' is set on object 'Object Repository/Backoffice/match_mgmt/wala_details/input_wala_name'

2018-11-28 08:48:52 - [TEST_STEP][PASSED] - setText: Text 'Farm 2' is set on object 'Object Repository/Backoffice/match_mgmt/wala_details/input_wala_farm'

2018-11-28 08:48:52 - [MESSAGE][PASSED] - Text 'Farm 2' is set on object 'Object Repository/Backoffice/match_mgmt/wala_details/input_wala_farm'

2018-11-28 08:48:52 - [TEST_STEP][PASSED] - setText: Text 'Breed 2' is set on object 'Object Repository/Backoffice/match_mgmt/wala_details/input_wala_breed'

2018-11-28 08:48:52 - [MESSAGE][PASSED] - Text 'Breed 2' is set on object 'Object Repository/Backoffice/match_mgmt/wala_details/input_wala_breed'

2018-11-28 08:48:52 - [TEST_STEP][PASSED] - setText: Text 'Weight 2' is set on object 'Object Repository/Backoffice/match_mgmt/wala_details/input_wala_weight'

2018-11-28 08:48:53 - [MESSAGE][PASSED] - Text 'Weight 2' is set on object 'Object Repository/Backoffice/match_mgmt/wala_details/input_wala_weight'

2018-11-28 08:48:53 - [TEST_STEP][PASSED] - click: Object: 'Object Repository/Backoffice/match_mgmt/input_submit_match' is clicked on

2018-11-28 08:48:55 - [MESSAGE][PASSED] - Object: 'Object Repository/Backoffice/match_mgmt/input_submit_match' is clicked on

2018-11-28 08:48:55 - [TEST_STEP][PASSED] - delay: Delayed 1 second(s)

2018-11-28 08:48:56 - [MESSAGE][PASSED] - Delayed 1 second(s)

2018-11-28 08:48:56 - [TEST_STEP][PASSED] - click: Object: 'Object Repository/Backoffice/match_mgmt/button_create_match' is clicked on

2018-11-28 08:48:56 - [MESSAGE][PASSED] - Object: 'Object Repository/Backoffice/match_mgmt/button_create_match' is clicked on

2018-11-28 08:48:56 - [TEST_STEP][PASSED] - delay: Delayed 1 second(s)

2018-11-28 08:48:57 - [MESSAGE][PASSED] - Delayed 1 second(s)

2018-11-28 08:48:57 - [TEST_STEP][PASSED] - click: Object: 'Object Repository/Backoffice/match_mgmt/span_select_arena_name' is clicked on

2018-11-28 08:48:57 - [MESSAGE][PASSED] - Object: 'Object Repository/Backoffice/match_mgmt/span_select_arena_name' is clicked on

2018-11-28 08:48:57 - [TEST_STEP][PASSED] - setText: Text 'ALIXANDRA SPORTS COMPLEX - ASC' is set on object 'Object Repository/Backoffice/match_mgmt/input__select2-search__arena_name'

2018-11-28 08:48:59 - [MESSAGE][PASSED] - Text 'ALIXANDRA SPORTS COMPLEX - ASC' is set on object 'Object Repository/Backoffice/match_mgmt/input__select2-search__arena_name'

2018-11-28 08:48:59 - [TEST_STEP][PASSED] - sendKeys: Keys 'ENTER + ' sent to object: 'Object Repository/Backoffice/match_mgmt/input__select2-search__arena_name'

2018-11-28 08:48:59 - [MESSAGE][PASSED] - Keys 'ENTER + ' sent to object: 'Object Repository/Backoffice/match_mgmt/input__select2-search__arena_name'

2018-11-28 08:48:59 - [TEST_STEP][PASSED] - setText: Text 'AA' is set on object 'Object Repository/Backoffice/match_mgmt/meron_details/input_meron_name'

2018-11-28 08:48:59 - [MESSAGE][PASSED] - Text 'AA' is set on object 'Object Repository/Backoffice/match_mgmt/meron_details/input_meron_name'

2018-11-28 08:48:59 - [TEST_STEP][PASSED] - setText: Text 'Farm 1' is set on object 'Object Repository/Backoffice/match_mgmt/meron_details/input_meron_farm'

2018-11-28 08:48:59 - [MESSAGE][PASSED] - Text 'Farm 1' is set on object 'Object Repository/Backoffice/match_mgmt/meron_details/input_meron_farm'

2018-11-28 08:48:59 - [TEST_STEP][PASSED] - setText: Text 'Breed 1' is set on object 'Object Repository/Backoffice/match_mgmt/meron_details/input_meron_breed'

2018-11-28 08:49:00 - [MESSAGE][PASSED] - Text 'Breed 1' is set on object 'Object Repository/Backoffice/match_mgmt/meron_details/input_meron_breed'

2018-11-28 08:49:00 - [TEST_STEP][PASSED] - setText: Text 'Weight 1' is set on object 'Object Repository/Backoffice/match_mgmt/meron_details/input_meron_weight'

2018-11-28 08:49:00 - [MESSAGE][PASSED] - Text 'Weight 1' is set on object 'Object Repository/Backoffice/match_mgmt/meron_details/input_meron_weight'

2018-11-28 08:49:00 - [TEST_STEP][PASSED] - setText: Text 'BB' is set on object 'Object Repository/Backoffice/match_mgmt/wala_details/input_wala_name'

2018-11-28 08:49:00 - [MESSAGE][PASSED] - Text 'BB' is set on object 'Object Repository/Backoffice/match_mgmt/wala_details/input_wala_name'

2018-11-28 08:49:00 - [TEST_STEP][PASSED] - setText: Text 'Farm 2' is set on object 'Object Repository/Backoffice/match_mgmt/wala_details/input_wala_farm'

2018-11-28 08:49:01 - [MESSAGE][PASSED] - Text 'Farm 2' is set on object 'Object Repository/Backoffice/match_mgmt/wala_details/input_wala_farm'

2018-11-28 08:49:01 - [TEST_STEP][PASSED] - setText: Text 'Breed 2' is set on object 'Object Repository/Backoffice/match_mgmt/wala_details/input_wala_breed'

2018-11-28 08:49:01 - [MESSAGE][PASSED] - Text 'Breed 2' is set on object 'Object Repository/Backoffice/match_mgmt/wala_details/input_wala_breed'

2018-11-28 08:49:01 - [TEST_STEP][PASSED] - setText: Text 'Weight 2' is set on object 'Object Repository/Backoffice/match_mgmt/wala_details/input_wala_weight'

2018-11-28 08:49:01 - [MESSAGE][PASSED] - Text 'Weight 2' is set on object 'Object Repository/Backoffice/match_mgmt/wala_details/input_wala_weight'

2018-11-28 08:49:01 - [TEST_STEP][PASSED] - click: Object: 'Object Repository/Backoffice/match_mgmt/input_submit_match' is clicked on

2018-11-28 08:49:03 - [MESSAGE][PASSED] - Object: 'Object Repository/Backoffice/match_mgmt/input_submit_match' is clicked on

2018-11-28 08:49:03 - [TEST_STEP][PASSED] - delay: Delayed 1 second(s)

2018-11-28 08:49:04 - [MESSAGE][PASSED] - Delayed 1 second(s)

2018-11-28 08:49:04 - [TEST_STEP][PASSED] - click: Object: 'Object Repository/Backoffice/match_mgmt/button_create_match' is clicked on

2018-11-28 08:49:05 - [MESSAGE][PASSED] - Object: 'Object Repository/Backoffice/match_mgmt/button_create_match' is clicked on

2018-11-28 08:49:05 - [TEST_STEP][PASSED] - delay: Delayed 1 second(s)

2018-11-28 08:49:06 - [MESSAGE][PASSED] - Delayed 1 second(s)

2018-11-28 08:49:06 - [TEST_STEP][PASSED] - click: Object: 'Object Repository/Backoffice/match_mgmt/span_select_arena_name' is clicked on

2018-11-28 08:49:06 - [MESSAGE][PASSED] - Object: 'Object Repository/Backoffice/match_mgmt/span_select_arena_name' is clicked on

2018-11-28 08:49:06 - [TEST_STEP][PASSED] - setText: Text 'ALIXANDRA SPORTS COMPLEX - ASC' is set on object 'Object Repository/Backoffice/match_mgmt/input__select2-search__arena_name'

2018-11-28 08:49:07 - [MESSAGE][PASSED] - Text 'ALIXANDRA SPORTS COMPLEX - ASC' is set on object 'Object Repository/Backoffice/match_mgmt/input__select2-search__arena_name'

2018-11-28 08:49:07 - [TEST_STEP][PASSED] - sendKeys: Keys 'ENTER + ' sent to object: 'Object Repository/Backoffice/match_mgmt/input__select2-search__arena_name'

2018-11-28 08:49:08 - [MESSAGE][PASSED] - Keys 'ENTER + ' sent to object: 'Object Repository/Backoffice/match_mgmt/input__select2-search__arena_name'

2018-11-28 08:49:08 - [TEST_STEP][PASSED] - setText: Text 'AA' is set on object 'Object Repository/Backoffice/match_mgmt/meron_details/input_meron_name'

2018-11-28 08:49:08 - [MESSAGE][PASSED] - Text 'AA' is set on object 'Object Repository/Backoffice/match_mgmt/meron_details/input_meron_name'

2018-11-28 08:49:08 - [TEST_STEP][PASSED] - setText: Text 'Farm 1' is set on object 'Object Repository/Backoffice/match_mgmt/meron_details/input_meron_farm'

2018-11-28 08:49:08 - [MESSAGE][PASSED] - Text 'Farm 1' is set on object 'Object Repository/Backoffice/match_mgmt/meron_details/input_meron_farm'

2018-11-28 08:49:08 - [TEST_STEP][PASSED] - setText: Text 'Breed 1' is set on object 'Object Repository/Backoffice/match_mgmt/meron_details/input_meron_breed'

2018-11-28 08:49:09 - [MESSAGE][PASSED] - Text 'Breed 1' is set on object 'Object Repository/Backoffice/match_mgmt/meron_details/input_meron_breed'

2018-11-28 08:49:09 - [TEST_STEP][PASSED] - setText: Text 'Weight 1' is set on object 'Object Repository/Backoffice/match_mgmt/meron_details/input_meron_weight'

2018-11-28 08:49:09 - [MESSAGE][PASSED] - Text 'Weight 1' is set on object 'Object Repository/Backoffice/match_mgmt/meron_details/input_meron_weight'

2018-11-28 08:49:09 - [TEST_STEP][PASSED] - setText: Text 'BB' is set on object 'Object Repository/Backoffice/match_mgmt/wala_details/input_wala_name'

2018-11-28 08:49:09 - [MESSAGE][PASSED] - Text 'BB' is set on object 'Object Repository/Backoffice/match_mgmt/wala_details/input_wala_name'

2018-11-28 08:49:09 - [TEST_STEP][PASSED] - setText: Text 'Farm 2' is set on object 'Object Repository/Backoffice/match_mgmt/wala_details/input_wala_farm'

2018-11-28 08:49:09 - [MESSAGE][PASSED] - Text 'Farm 2' is set on object 'Object Repository/Backoffice/match_mgmt/wala_details/input_wala_farm'

2018-11-28 08:49:09 - [TEST_STEP][PASSED] - setText: Text 'Breed 2' is set on object 'Object Repository/Backoffice/match_mgmt/wala_details/input_wala_breed'

2018-11-28 08:49:10 - [MESSAGE][PASSED] - Text 'Breed 2' is set on object 'Object Repository/Backoffice/match_mgmt/wala_details/input_wala_breed'

2018-11-28 08:49:10 - [TEST_STEP][PASSED] - setText: Text 'Weight 2' is set on object 'Object Repository/Backoffice/match_mgmt/wala_details/input_wala_weight'

2018-11-28 08:49:10 - [MESSAGE][PASSED] - Text 'Weight 2' is set on object 'Object Repository/Backoffice/match_mgmt/wala_details/input_wala_weight'

2018-11-28 08:49:10 - [TEST_STEP][PASSED] - click: Object: 'Object Repository/Backoffice/match_mgmt/input_submit_match' is clicked on

2018-11-28 08:49:13 - [MESSAGE][PASSED] - Object: 'Object Repository/Backoffice/match_mgmt/input_submit_match' is clicked on

2018-11-28 08:49:13 - [TEST_STEP][PASSED] - delay: Delayed 1 second(s)

2018-11-28 08:49:14 - [MESSAGE][PASSED] - Delayed 1 second(s)

2018-11-28 08:49:14 - [TEST_STEP][PASSED] - click: Object: 'Object Repository/Backoffice/match_mgmt/button_create_match' is clicked on

2018-11-28 08:49:14 - [MESSAGE][PASSED] - Object: 'Object Repository/Backoffice/match_mgmt/button_create_match' is clicked on

2018-11-28 08:49:14 - [TEST_STEP][PASSED] - delay: Delayed 1 second(s)

2018-11-28 08:49:15 - [MESSAGE][PASSED] - Delayed 1 second(s)

2018-11-28 08:49:15 - [TEST_STEP][PASSED] - click: Object: 'Object Repository/Backoffice/match_mgmt/span_select_arena_name' is clicked on

2018-11-28 08:49:15 - [MESSAGE][PASSED] - Object: 'Object Repository/Backoffice/match_mgmt/span_select_arena_name' is clicked on

2018-11-28 08:49:15 - [TEST_STEP][PASSED] - setText: Text 'ALIXANDRA SPORTS COMPLEX - ASC' is set on object 'Object Repository/Backoffice/match_mgmt/input__select2-search__arena_name'

2018-11-28 08:49:17 - [MESSAGE][PASSED] - Text 'ALIXANDRA SPORTS COMPLEX - ASC' is set on object 'Object Repository/Backoffice/match_mgmt/input__select2-search__arena_name'

2018-11-28 08:49:17 - [TEST_STEP][PASSED] - sendKeys: Keys 'ENTER + ' sent to object: 'Object Repository/Backoffice/match_mgmt/input__select2-search__arena_name'

2018-11-28 08:49:17 - [MESSAGE][PASSED] - Keys 'ENTER + ' sent to object: 'Object Repository/Backoffice/match_mgmt/input__select2-search__arena_name'

2018-11-28 08:49:17 - [TEST_STEP][PASSED] - setText: Text 'AA' is set on object 'Object Repository/Backoffice/match_mgmt/meron_details/input_meron_name'

2018-11-28 08:49:17 - [MESSAGE][PASSED] - Text 'AA' is set on object 'Object Repository/Backoffice/match_mgmt/meron_details/input_meron_name'

2018-11-28 08:49:17 - [TEST_STEP][PASSED] - setText: Text 'Farm 1' is set on object 'Object Repository/Backoffice/match_mgmt/meron_details/input_meron_farm'

2018-11-28 08:49:17 - [MESSAGE][PASSED] - Text 'Farm 1' is set on object 'Object Repository/Backoffice/match_mgmt/meron_details/input_meron_farm'

2018-11-28 08:49:17 - [TEST_STEP][PASSED] - setText: Text 'Breed 1' is set on object 'Object Repository/Backoffice/match_mgmt/meron_details/input_meron_breed'

2018-11-28 08:49:18 - [MESSAGE][PASSED] - Text 'Breed 1' is set on object 'Object Repository/Backoffice/match_mgmt/meron_details/input_meron_breed'

2018-11-28 08:49:18 - [TEST_STEP][PASSED] - setText: Text 'Weight 1' is set on object 'Object Repository/Backoffice/match_mgmt/meron_details/input_meron_weight'

2018-11-28 08:49:18 - [MESSAGE][PASSED] - Text 'Weight 1' is set on object 'Object Repository/Backoffice/match_mgmt/meron_details/input_meron_weight'

2018-11-28 08:49:18 - [TEST_STEP][PASSED] - setText: Text 'BB' is set on object 'Object Repository/Backoffice/match_mgmt/wala_details/input_wala_name'

2018-11-28 08:49:18 - [MESSAGE][PASSED] - Text 'BB' is set on object 'Object Repository/Backoffice/match_mgmt/wala_details/input_wala_name'

2018-11-28 08:49:18 - [TEST_STEP][PASSED] - setText: Text 'Farm 2' is set on object 'Object Repository/Backoffice/match_mgmt/wala_details/input_wala_farm'

2018-11-28 08:49:18 - [MESSAGE][PASSED] - Text 'Farm 2' is set on object 'Object Repository/Backoffice/match_mgmt/wala_details/input_wala_farm'

2018-11-28 08:49:18 - [TEST_STEP][PASSED] - setText: Text 'Breed 2' is set on object 'Object Repository/Backoffice/match_mgmt/wala_details/input_wala_breed'

2018-11-28 08:49:19 - [MESSAGE][PASSED] - Text 'Breed 2' is set on object 'Object Repository/Backoffice/match_mgmt/wala_details/input_wala_breed'

2018-11-28 08:49:19 - [TEST_STEP][PASSED] - setText: Text 'Weight 2' is set on object 'Object Repository/Backoffice/match_mgmt/wala_details/input_wala_weight'

2018-11-28 08:49:19 - [MESSAGE][PASSED] - Text 'Weight 2' is set on object 'Object Repository/Backoffice/match_mgmt/wala_details/input_wala_weight'

2018-11-28 08:49:19 - [TEST_STEP][PASSED] - click: Object: 'Object Repository/Backoffice/match_mgmt/input_submit_match' is clicked on

2018-11-28 08:49:22 - [MESSAGE][PASSED] - Object: 'Object Repository/Backoffice/match_mgmt/input_submit_match' is clicked on

2018-11-28 08:49:22 - [TEST_STEP][PASSED] - delay: Delayed 1 second(s)

2018-11-28 08:49:23 - [MESSAGE][PASSED] - Delayed 1 second(s)

2018-11-28 08:49:23 - [TEST_STEP][PASSED] - click: Object: 'Object Repository/Backoffice/match_mgmt/button_create_match' is clicked on

2018-11-28 08:49:23 - [MESSAGE][PASSED] - Object: 'Object Repository/Backoffice/match_mgmt/button_create_match' is clicked on

2018-11-28 08:49:23 - [TEST_STEP][PASSED] - delay: Delayed 1 second(s)

2018-11-28 08:49:24 - [MESSAGE][PASSED] - Delayed 1 second(s)

2018-11-28 08:49:24 - [TEST_STEP][PASSED] - click: Object: 'Object Repository/Backoffice/match_mgmt/span_select_arena_name' is clicked on

2018-11-28 08:49:24 - [MESSAGE][PASSED] - Object: 'Object Repository/Backoffice/match_mgmt/span_select_arena_name' is clicked on

2018-11-28 08:49:24 - [TEST_STEP][PASSED] - setText: Text 'ALIXANDRA SPORTS COMPLEX - ASC' is set on object 'Object Repository/Backoffice/match_mgmt/input__select2-search__arena_name'

2018-11-28 08:49:26 - [MESSAGE][PASSED] - Text 'ALIXANDRA SPORTS COMPLEX - ASC' is set on object 'Object Repository/Backoffice/match_mgmt/input__select2-search__arena_name'

2018-11-28 08:49:26 - [TEST_STEP][PASSED] - sendKeys: Keys 'ENTER + ' sent to object: 'Object Repository/Backoffice/match_mgmt/input__select2-search__arena_name'

2018-11-28 08:49:26 - [MESSAGE][PASSED] - Keys 'ENTER + ' sent to object: 'Object Repository/Backoffice/match_mgmt/input__select2-search__arena_name'

2018-11-28 08:49:26 - [TEST_STEP][PASSED] - setText: Text 'AA' is set on object 'Object Repository/Backoffice/match_mgmt/meron_details/input_meron_name'

2018-11-28 08:49:26 - [MESSAGE][PASSED] - Text 'AA' is set on object 'Object Repository/Backoffice/match_mgmt/meron_details/input_meron_name'

2018-11-28 08:49:26 - [TEST_STEP][PASSED] - setText: Text 'Farm 1' is set on object 'Object Repository/Backoffice/match_mgmt/meron_details/input_meron_farm'

2018-11-28 08:49:26 - [MESSAGE][PASSED] - Text 'Farm 1' is set on object 'Object Repository/Backoffice/match_mgmt/meron_details/input_meron_farm'

2018-11-28 08:49:26 - [TEST_STEP][PASSED] - setText: Text 'Breed 1' is set on object 'Object Repository/Backoffice/match_mgmt/meron_details/input_meron_breed'

2018-11-28 08:49:26 - [MESSAGE][PASSED] - Text 'Breed 1' is set on object 'Object Repository/Backoffice/match_mgmt/meron_details/input_meron_breed'

2018-11-28 08:49:26 - [TEST_STEP][PASSED] - setText: Text 'Weight 1' is set on object 'Object Repository/Backoffice/match_mgmt/meron_details/input_meron_weight'

2018-11-28 08:49:27 - [MESSAGE][PASSED] - Text 'Weight 1' is set on object 'Object Repository/Backoffice/match_mgmt/meron_details/input_meron_weight'

2018-11-28 08:49:27 - [TEST_STEP][PASSED] - setText: Text 'BB' is set on object 'Object Repository/Backoffice/match_mgmt/wala_details/input_wala_name'

2018-11-28 08:49:27 - [MESSAGE][PASSED] - Text 'BB' is set on object 'Object Repository/Backoffice/match_mgmt/wala_details/input_wala_name'

2018-11-28 08:49:27 - [TEST_STEP][PASSED] - setText: Text 'Farm 2' is set on object 'Object Repository/Backoffice/match_mgmt/wala_details/input_wala_farm'

2018-11-28 08:49:27 - [MESSAGE][PASSED] - Text 'Farm 2' is set on object 'Object Repository/Backoffice/match_mgmt/wala_details/input_wala_farm'

2018-11-28 08:49:27 - [TEST_STEP][PASSED] - setText: Text 'Breed 2' is set on object 'Object Repository/Backoffice/match_mgmt/wala_details/input_wala_breed'

2018-11-28 08:49:28 - [MESSAGE][PASSED] - Text 'Breed 2' is set on object 'Object Repository/Backoffice/match_mgmt/wala_details/input_wala_breed'

2018-11-28 08:49:28 - [TEST_STEP][PASSED] - setText: Text 'Weight 2' is set on object 'Object Repository/Backoffice/match_mgmt/wala_details/input_wala_weight'

2018-11-28 08:49:28 - [MESSAGE][PASSED] - Text 'Weight 2' is set on object 'Object Repository/Backoffice/match_mgmt/wala_details/input_wala_weight'

2018-11-28 08:49:28 - [TEST_STEP][PASSED] - click: Object: 'Object Repository/Backoffice/match_mgmt/input_submit_match' is clicked on

2018-11-28 08:49:30 - [MESSAGE][PASSED] - Object: 'Object Repository/Backoffice/match_mgmt/input_submit_match' is clicked on

2018-11-28 08:49:30 - [TEST_STEP][PASSED] - delay: Delayed 1 second(s)

2018-11-28 08:49:31 - [MESSAGE][PASSED] - Delayed 1 second(s)

2018-11-28 08:49:31 - [TEST_STEP][PASSED] - click: Object: 'Object Repository/Backoffice/match_mgmt/button_create_match' is clicked on

2018-11-28 08:49:32 - [MESSAGE][PASSED] - Object: 'Object Repository/Backoffice/match_mgmt/button_create_match' is clicked on

2018-11-28 08:49:32 - [TEST_STEP][PASSED] - delay: Delayed 1 second(s)

2018-11-28 08:49:33 - [MESSAGE][PASSED] - Delayed 1 second(s)

2018-11-28 08:49:33 - [TEST_STEP][PASSED] - click: Object: 'Object Repository/Backoffice/match_mgmt/span_select_arena_name' is clicked on

2018-11-28 08:49:33 - [MESSAGE][PASSED] - Object: 'Object Repository/Backoffice/match_mgmt/span_select_arena_name' is clicked on

2018-11-28 08:49:33 - [TEST_STEP][PASSED] - setText: Text 'ALIXANDRA SPORTS COMPLEX - ASC' is set on object 'Object Repository/Backoffice/match_mgmt/input__select2-search__arena_name'

2018-11-28 08:49:34 - [MESSAGE][PASSED] - Text 'ALIXANDRA SPORTS COMPLEX - ASC' is set on object 'Object Repository/Backoffice/match_mgmt/input__select2-search__arena_name'

2018-11-28 08:49:34 - [TEST_STEP][PASSED] - sendKeys: Keys 'ENTER + ' sent to object: 'Object Repository/Backoffice/match_mgmt/input__select2-search__arena_name'

2018-11-28 08:49:34 - [MESSAGE][PASSED] - Keys 'ENTER + ' sent to object: 'Object Repository/Backoffice/match_mgmt/input__select2-search__arena_name'

2018-11-28 08:49:34 - [TEST_STEP][PASSED] - setText: Text 'AA' is set on object 'Object Repository/Backoffice/match_mgmt/meron_details/input_meron_name'

2018-11-28 08:49:35 - [MESSAGE][PASSED] - Text 'AA' is set on object 'Object Repository/Backoffice/match_mgmt/meron_details/input_meron_name'

2018-11-28 08:49:35 - [TEST_STEP][PASSED] - setText: Text 'Farm 1' is set on object 'Object Repository/Backoffice/match_mgmt/meron_details/input_meron_farm'

2018-11-28 08:49:35 - [MESSAGE][PASSED] - Text 'Farm 1' is set on object 'Object Repository/Backoffice/match_mgmt/meron_details/input_meron_farm'

2018-11-28 08:49:35 - [TEST_STEP][PASSED] - setText: Text 'Breed 1' is set on object 'Object Repository/Backoffice/match_mgmt/meron_details/input_meron_breed'

2018-11-28 08:49:35 - [MESSAGE][PASSED] - Text 'Breed 1' is set on object 'Object Repository/Backoffice/match_mgmt/meron_details/input_meron_breed'

2018-11-28 08:49:35 - [TEST_STEP][PASSED] - setText: Text 'Weight 1' is set on object 'Object Repository/Backoffice/match_mgmt/meron_details/input_meron_weight'

2018-11-28 08:49:36 - [MESSAGE][PASSED] - Text 'Weight 1' is set on object 'Object Repository/Backoffice/match_mgmt/meron_details/input_meron_weight'

2018-11-28 08:49:36 - [TEST_STEP][PASSED] - setText: Text 'BB' is set on object 'Object Repository/Backoffice/match_mgmt/wala_details/input_wala_name'

2018-11-28 08:49:36 - [MESSAGE][PASSED] - Text 'BB' is set on object 'Object Repository/Backoffice/match_mgmt/wala_details/input_wala_name'

2018-11-28 08:49:36 - [TEST_STEP][PASSED] - setText: Text 'Farm 2' is set on object 'Object Repository/Backoffice/match_mgmt/wala_details/input_wala_farm'

2018-11-28 08:49:36 - [MESSAGE][PASSED] - Text 'Farm 2' is set on object 'Object Repository/Backoffice/match_mgmt/wala_details/input_wala_farm'

2018-11-28 08:49:36 - [TEST_STEP][PASSED] - setText: Text 'Breed 2' is set on object 'Object Repository/Backoffice/match_mgmt/wala_details/input_wala_breed'

2018-11-28 08:49:36 - [MESSAGE][PASSED] - Text 'Breed 2' is set on object 'Object Repository/Backoffice/match_mgmt/wala_details/input_wala_breed'

2018-11-28 08:49:36 - [TEST_STEP][PASSED] - setText: Text 'Weight 2' is set on object 'Object Repository/Backoffice/match_mgmt/wala_details/input_wala_weight'

2018-11-28 08:49:37 - [MESSAGE][PASSED] - Text 'Weight 2' is set on object 'Object Repository/Backoffice/match_mgmt/wala_details/input_wala_weight'

2018-11-28 08:49:37 - [TEST_STEP][PASSED] - click: Object: 'Object Repository/Backoffice/match_mgmt/input_submit_match' is clicked on

2018-11-28 08:49:40 - [MESSAGE][PASSED] - Object: 'Object Repository/Backoffice/match_mgmt/input_submit_match' is clicked on

2018-11-28 08:49:40 - [TEST_STEP][PASSED] - delay: Delayed 1 second(s)

2018-11-28 08:49:41 - [MESSAGE][PASSED] - Delayed 1 second(s)

2018-11-28 08:49:41 - [TEST_STEP][PASSED] - click: Object: 'Object Repository/Backoffice/match_mgmt/button_create_match' is clicked on

2018-11-28 08:49:41 - [MESSAGE][PASSED] - Object: 'Object Repository/Backoffice/match_mgmt/button_create_match' is clicked on

2018-11-28 08:49:41 - [TEST_STEP][PASSED] - delay: Delayed 1 second(s)

2018-11-28 08:49:42 - [MESSAGE][PASSED] - Delayed 1 second(s)

2018-11-28 08:49:42 - [TEST_STEP][PASSED] - click: Object: 'Object Repository/Backoffice/match_mgmt/span_select_arena_name' is clicked on

2018-11-28 08:49:42 - [MESSAGE][PASSED] - Object: 'Object Repository/Backoffice/match_mgmt/span_select_arena_name' is clicked on

2018-11-28 08:49:42 - [TEST_STEP][PASSED] - setText: Text 'ALIXANDRA SPORTS COMPLEX - ASC' is set on object 'Object Repository/Backoffice/match_mgmt/input__select2-search__arena_name'

2018-11-28 08:49:43 - [MESSAGE][PASSED] - Text 'ALIXANDRA SPORTS COMPLEX - ASC' is set on object 'Object Repository/Backoffice/match_mgmt/input__select2-search__arena_name'

2018-11-28 08:49:43 - [TEST_STEP][PASSED] - sendKeys: Keys 'ENTER + ' sent to object: 'Object Repository/Backoffice/match_mgmt/input__select2-search__arena_name'

2018-11-28 08:49:44 - [MESSAGE][PASSED] - Keys 'ENTER + ' sent to object: 'Object Repository/Backoffice/match_mgmt/input__select2-search__arena_name'

2018-11-28 08:49:44 - [TEST_STEP][PASSED] - setText: Text 'AA' is set on object 'Object Repository/Backoffice/match_mgmt/meron_details/input_meron_name'

2018-11-28 08:49:44 - [MESSAGE][PASSED] - Text 'AA' is set on object 'Object Repository/Backoffice/match_mgmt/meron_details/input_meron_name'

2018-11-28 08:49:44 - [TEST_STEP][PASSED] - setText: Text 'Farm 1' is set on object 'Object Repository/Backoffice/match_mgmt/meron_details/input_meron_farm'

2018-11-28 08:49:44 - [MESSAGE][PASSED] - Text 'Farm 1' is set on object 'Object Repository/Backoffice/match_mgmt/meron_details/input_meron_farm'

2018-11-28 08:49:44 - [TEST_STEP][PASSED] - setText: Text 'Breed 1' is set on object 'Object Repository/Backoffice/match_mgmt/meron_details/input_meron_breed'

2018-11-28 08:49:45 - [MESSAGE][PASSED] - Text 'Breed 1' is set on object 'Object Repository/Backoffice/match_mgmt/meron_details/input_meron_breed'

2018-11-28 08:49:45 - [TEST_STEP][PASSED] - setText: Text 'Weight 1' is set on object 'Object Repository/Backoffice/match_mgmt/meron_details/input_meron_weight'

2018-11-28 08:49:45 - [MESSAGE][PASSED] - Text 'Weight 1' is set on object 'Object Repository/Backoffice/match_mgmt/meron_details/input_meron_weight'

2018-11-28 08:49:45 - [TEST_STEP][PASSED] - setText: Text 'BB' is set on object 'Object Repository/Backoffice/match_mgmt/wala_details/input_wala_name'

2018-11-28 08:49:45 - [MESSAGE][PASSED] - Text 'BB' is set on object 'Object Repository/Backoffice/match_mgmt/wala_details/input_wala_name'

2018-11-28 08:49:45 - [TEST_STEP][PASSED] - setText: Text 'Farm 2' is set on object 'Object Repository/Backoffice/match_mgmt/wala_details/input_wala_farm'

2018-11-28 08:49:45 - [MESSAGE][PASSED] - Text 'Farm 2' is set on object 'Object Repository/Backoffice/match_mgmt/wala_details/input_wala_farm'

2018-11-28 08:49:45 - [TEST_STEP][PASSED] - setText: Text 'Breed 2' is set on object 'Object Repository/Backoffice/match_mgmt/wala_details/input_wala_breed'

2018-11-28 08:49:46 - [MESSAGE][PASSED] - Text 'Breed 2' is set on object 'Object Repository/Backoffice/match_mgmt/wala_details/input_wala_breed'

2018-11-28 08:49:46 - [TEST_STEP][PASSED] - setText: Text 'Weight 2' is set on object 'Object Repository/Backoffice/match_mgmt/wala_details/input_wala_weight'

2018-11-28 08:49:46 - [MESSAGE][PASSED] - Text 'Weight 2' is set on object 'Object Repository/Backoffice/match_mgmt/wala_details/input_wala_weight'

2018-11-28 08:49:46 - [TEST_STEP][PASSED] - click: Object: 'Object Repository/Backoffice/match_mgmt/input_submit_match' is clicked on

2018-11-28 08:49:48 - [MESSAGE][PASSED] - Object: 'Object Repository/Backoffice/match_mgmt/input_submit_match' is clicked on

2018-11-28 08:49:48 - [TEST_STEP][PASSED] - delay: Delayed 1 second(s)

2018-11-28 08:49:49 - [MESSAGE][PASSED] - Delayed 1 second(s)

2018-11-28 08:49:49 - [TEST_STEP][PASSED] - click: Object: 'Object Repository/Backoffice/match_mgmt/button_create_match' is clicked on

2018-11-28 08:49:50 - [MESSAGE][PASSED] - Object: 'Object Repository/Backoffice/match_mgmt/button_create_match' is clicked on

2018-11-28 08:49:50 - [TEST_STEP][PASSED] - delay: Delayed 1 second(s)

2018-11-28 08:49:51 - [MESSAGE][PASSED] - Delayed 1 second(s)

2018-11-28 08:49:51 - [TEST_STEP][PASSED] - click: Object: 'Object Repository/Backoffice/match_mgmt/span_select_arena_name' is clicked on

2018-11-28 08:49:51 - [MESSAGE][PASSED] - Object: 'Object Repository/Backoffice/match_mgmt/span_select_arena_name' is clicked on

2018-11-28 08:49:51 - [TEST_STEP][PASSED] - setText: Text 'ALIXANDRA SPORTS COMPLEX - ASC' is set on object 'Object Repository/Backoffice/match_mgmt/input__select2-search__arena_name'

2018-11-28 08:49:52 - [MESSAGE][PASSED] - Text 'ALIXANDRA SPORTS COMPLEX - ASC' is set on object 'Object Repository/Backoffice/match_mgmt/input__select2-search__arena_name'

2018-11-28 08:49:52 - [TEST_STEP][PASSED] - sendKeys: Keys 'ENTER + ' sent to object: 'Object Repository/Backoffice/match_mgmt/input__select2-search__arena_name'

2018-11-28 08:49:52 - [MESSAGE][PASSED] - Keys 'ENTER + ' sent to object: 'Object Repository/Backoffice/match_mgmt/input__select2-search__arena_name'

2018-11-28 08:49:52 - [TEST_STEP][PASSED] - setText: Text 'AA' is set on object 'Object Repository/Backoffice/match_mgmt/meron_details/input_meron_name'

2018-11-28 08:49:53 - [MESSAGE][PASSED] - Text 'AA' is set on object 'Object Repository/Backoffice/match_mgmt/meron_details/input_meron_name'

2018-11-28 08:49:53 - [TEST_STEP][PASSED] - setText: Text 'Farm 1' is set on object 'Object Repository/Backoffice/match_mgmt/meron_details/input_meron_farm'

2018-11-28 08:49:53 - [MESSAGE][PASSED] - Text 'Farm 1' is set on object 'Object Repository/Backoffice/match_mgmt/meron_details/input_meron_farm'

2018-11-28 08:49:53 - [TEST_STEP][PASSED] - setText: Text 'Breed 1' is set on object 'Object Repository/Backoffice/match_mgmt/meron_details/input_meron_breed'

2018-11-28 08:49:53 - [MESSAGE][PASSED] - Text 'Breed 1' is set on object 'Object Repository/Backoffice/match_mgmt/meron_details/input_meron_breed'

2018-11-28 08:49:53 - [TEST_STEP][PASSED] - setText: Text 'Weight 1' is set on object 'Object Repository/Backoffice/match_mgmt/meron_details/input_meron_weight'

2018-11-28 08:49:54 - [MESSAGE][PASSED] - Text 'Weight 1' is set on object 'Object Repository/Backoffice/match_mgmt/meron_details/input_meron_weight'

2018-11-28 08:49:54 - [TEST_STEP][PASSED] - setText: Text 'BB' is set on object 'Object Repository/Backoffice/match_mgmt/wala_details/input_wala_name'

2018-11-28 08:49:54 - [MESSAGE][PASSED] - Text 'BB' is set on object 'Object Repository/Backoffice/match_mgmt/wala_details/input_wala_name'

2018-11-28 08:49:54 - [TEST_STEP][PASSED] - setText: Text 'Farm 2' is set on object 'Object Repository/Backoffice/match_mgmt/wala_details/input_wala_farm'

2018-11-28 08:49:54 - [MESSAGE][PASSED] - Text 'Farm 2' is set on object 'Object Repository/Backoffice/match_mgmt/wala_details/input_wala_farm'

2018-11-28 08:49:54 - [TEST_STEP][PASSED] - setText: Text 'Breed 2' is set on object 'Object Repository/Backoffice/match_mgmt/wala_details/input_wala_breed'

2018-11-28 08:49:54 - [MESSAGE][PASSED] - Text 'Breed 2' is set on object 'Object Repository/Backoffice/match_mgmt/wala_details/input_wala_breed'

2018-11-28 08:49:54 - [TEST_STEP][PASSED] - setText: Text 'Weight 2' is set on object 'Object Repository/Backoffice/match_mgmt/wala_details/input_wala_weight'

2018-11-28 08:49:55 - [MESSAGE][PASSED] - Text 'Weight 2' is set on object 'Object Repository/Backoffice/match_mgmt/wala_details/input_wala_weight'

2018-11-28 08:49:55 - [TEST_STEP][PASSED] - click: Object: 'Object Repository/Backoffice/match_mgmt/input_submit_match' is clicked on

2018-11-28 08:49:58 - [MESSAGE][PASSED] - Object: 'Object Repository/Backoffice/match_mgmt/input_submit_match' is clicked on

2018-11-28 08:49:58 - [TEST_STEP][PASSED] - delay: Delayed 1 second(s)

2018-11-28 08:49:59 - [MESSAGE][PASSED] - Delayed 1 second(s)

2018-11-28 08:49:59 - [TEST_STEP][PASSED] - click: Object: 'Object Repository/Backoffice/match_mgmt/button_create_match' is clicked on

2018-11-28 08:49:59 - [MESSAGE][PASSED] - Object: 'Object Repository/Backoffice/match_mgmt/button_create_match' is clicked on

2018-11-28 08:49:59 - [TEST_STEP][PASSED] - delay: Delayed 1 second(s)

2018-11-28 08:50:00 - [MESSAGE][PASSED] - Delayed 1 second(s)

2018-11-28 08:50:00 - [TEST_STEP][PASSED] - click: Object: 'Object Repository/Backoffice/match_mgmt/span_select_arena_name' is clicked on

2018-11-28 08:50:00 - [MESSAGE][PASSED] - Object: 'Object Repository/Backoffice/match_mgmt/span_select_arena_name' is clicked on

2018-11-28 08:50:00 - [TEST_STEP][PASSED] - setText: Text 'ALIXANDRA SPORTS COMPLEX - ASC' is set on object 'Object Repository/Backoffice/match_mgmt/input__select2-search__arena_name'

2018-11-28 08:50:02 - [MESSAGE][PASSED] - Text 'ALIXANDRA SPORTS COMPLEX - ASC' is set on object 'Object Repository/Backoffice/match_mgmt/input__select2-search__arena_name'

2018-11-28 08:50:02 - [TEST_STEP][PASSED] - sendKeys: Keys 'ENTER + ' sent to object: 'Object Repository/Backoffice/match_mgmt/input__select2-search__arena_name'

2018-11-28 08:50:02 - [MESSAGE][PASSED] - Keys 'ENTER + ' sent to object: 'Object Repository/Backoffice/match_mgmt/input__select2-search__arena_name'

2018-11-28 08:50:02 - [TEST_STEP][PASSED] - setText: Text 'AA' is set on object 'Object Repository/Backoffice/match_mgmt/meron_details/input_meron_name'

2018-11-28 08:50:02 - [MESSAGE][PASSED] - Text 'AA' is set on object 'Object Repository/Backoffice/match_mgmt/meron_details/input_meron_name'

2018-11-28 08:50:02 - [TEST_STEP][PASSED] - setText: Text 'Farm 1' is set on object 'Object Repository/Backoffice/match_mgmt/meron_details/input_meron_farm'

2018-11-28 08:50:02 - [MESSAGE][PASSED] - Text 'Farm 1' is set on object 'Object Repository/Backoffice/match_mgmt/meron_details/input_meron_farm'

2018-11-28 08:50:02 - [TEST_STEP][PASSED] - setText: Text 'Breed 1' is set on object 'Object Repository/Backoffice/match_mgmt/meron_details/input_meron_breed'

2018-11-28 08:50:02 - [MESSAGE][PASSED] - Text 'Breed 1' is set on object 'Object Repository/Backoffice/match_mgmt/meron_details/input_meron_breed'

2018-11-28 08:50:02 - [TEST_STEP][PASSED] - setText: Text 'Weight 1' is set on object 'Object Repository/Backoffice/match_mgmt/meron_details/input_meron_weight'

2018-11-28 08:50:03 - [MESSAGE][PASSED] - Text 'Weight 1' is set on object 'Object Repository/Backoffice/match_mgmt/meron_details/input_meron_weight'

2018-11-28 08:50:03 - [TEST_STEP][PASSED] - setText: Text 'BB' is set on object 'Object Repository/Backoffice/match_mgmt/wala_details/input_wala_name'

2018-11-28 08:50:03 - [MESSAGE][PASSED] - Text 'BB' is set on object 'Object Repository/Backoffice/match_mgmt/wala_details/input_wala_name'

2018-11-28 08:50:03 - [TEST_STEP][PASSED] - setText: Text 'Farm 2' is set on object 'Object Repository/Backoffice/match_mgmt/wala_details/input_wala_farm'

2018-11-28 08:50:03 - [MESSAGE][PASSED] - Text 'Farm 2' is set on object 'Object Repository/Backoffice/match_mgmt/wala_details/input_wala_farm'

2018-11-28 08:50:03 - [TEST_STEP][PASSED] - setText: Text 'Breed 2' is set on object 'Object Repository/Backoffice/match_mgmt/wala_details/input_wala_breed'

2018-11-28 08:50:03 - [MESSAGE][PASSED] - Text 'Breed 2' is set on object 'Object Repository/Backoffice/match_mgmt/wala_details/input_wala_breed'

2018-11-28 08:50:03 - [TEST_STEP][PASSED] - setText: Text 'Weight 2' is set on object 'Object Repository/Backoffice/match_mgmt/wala_details/input_wala_weight'

2018-11-28 08:50:04 - [MESSAGE][PASSED] - Text 'Weight 2' is set on object 'Object Repository/Backoffice/match_mgmt/wala_details/input_wala_weight'

2018-11-28 08:50:04 - [TEST_STEP][PASSED] - click: Object: 'Object Repository/Backoffice/match_mgmt/input_submit_match' is clicked on

2018-11-28 08:50:06 - [MESSAGE][PASSED] - Object: 'Object Repository/Backoffice/match_mgmt/input_submit_match' is clicked on

2018-11-28 08:50:06 - [TEST_STEP][PASSED] - delay: Delayed 1 second(s)

2018-11-28 08:50:07 - [MESSAGE][PASSED] - Delayed 1 second(s)

2018-11-28 08:50:07 - [TEST_STEP][PASSED] - click: Object: 'Object Repository/Backoffice/match_mgmt/button_create_match' is clicked on

2018-11-28 08:50:07 - [MESSAGE][PASSED] - Object: 'Object Repository/Backoffice/match_mgmt/button_create_match' is clicked on

2018-11-28 08:50:07 - [TEST_STEP][PASSED] - delay: Delayed 1 second(s)

2018-11-28 08:50:08 - [MESSAGE][PASSED] - Delayed 1 second(s)

2018-11-28 08:50:08 - [TEST_STEP][PASSED] - click: Object: 'Object Repository/Backoffice/match_mgmt/span_select_arena_name' is clicked on

2018-11-28 08:50:08 - [MESSAGE][PASSED] - Object: 'Object Repository/Backoffice/match_mgmt/span_select_arena_name' is clicked on

2018-11-28 08:50:08 - [TEST_STEP][PASSED] - setText: Text 'ALIXANDRA SPORTS COMPLEX - ASC' is set on object 'Object Repository/Backoffice/match_mgmt/input__select2-search__arena_name'

2018-11-28 08:50:10 - [MESSAGE][PASSED] - Text 'ALIXANDRA SPORTS COMPLEX - ASC' is set on object 'Object Repository/Backoffice/match_mgmt/input__select2-search__arena_name'

2018-11-28 08:50:10 - [TEST_STEP][PASSED] - sendKeys: Keys 'ENTER + ' sent to object: 'Object Repository/Backoffice/match_mgmt/input__select2-search__arena_name'

2018-11-28 08:50:10 - [MESSAGE][PASSED] - Keys 'ENTER + ' sent to object: 'Object Repository/Backoffice/match_mgmt/input__select2-search__arena_name'

2018-11-28 08:50:10 - [TEST_STEP][PASSED] - setText: Text 'AA' is set on object 'Object Repository/Backoffice/match_mgmt/meron_details/input_meron_name'

2018-11-28 08:50:10 - [MESSAGE][PASSED] - Text 'AA' is set on object 'Object Repository/Backoffice/match_mgmt/meron_details/input_meron_name'

2018-11-28 08:50:10 - [TEST_STEP][PASSED] - setText: Text 'Farm 1' is set on object 'Object Repository/Backoffice/match_mgmt/meron_details/input_meron_farm'

2018-11-28 08:50:11 - [MESSAGE][PASSED] - Text 'Farm 1' is set on object 'Object Repository/Backoffice/match_mgmt/meron_details/input_meron_farm'

2018-11-28 08:50:11 - [TEST_STEP][PASSED] - setText: Text 'Breed 1' is set on object 'Object Repository/Backoffice/match_mgmt/meron_details/input_meron_breed'

2018-11-28 08:50:11 - [MESSAGE][PASSED] - Text 'Breed 1' is set on object 'Object Repository/Backoffice/match_mgmt/meron_details/input_meron_breed'

2018-11-28 08:50:11 - [TEST_STEP][PASSED] - setText: Text 'Weight 1' is set on object 'Object Repository/Backoffice/match_mgmt/meron_details/input_meron_weight'

2018-11-28 08:50:11 - [MESSAGE][PASSED] - Text 'Weight 1' is set on object 'Object Repository/Backoffice/match_mgmt/meron_details/input_meron_weight'

2018-11-28 08:50:11 - [TEST_STEP][PASSED] - setText: Text 'BB' is set on object 'Object Repository/Backoffice/match_mgmt/wala_details/input_wala_name'

2018-11-28 08:50:12 - [MESSAGE][PASSED] - Text 'BB' is set on object 'Object Repository/Backoffice/match_mgmt/wala_details/input_wala_name'

2018-11-28 08:50:12 - [TEST_STEP][PASSED] - setText: Text 'Farm 2' is set on object 'Object Repository/Backoffice/match_mgmt/wala_details/input_wala_farm'

2018-11-28 08:50:12 - [MESSAGE][PASSED] - Text 'Farm 2' is set on object 'Object Repository/Backoffice/match_mgmt/wala_details/input_wala_farm'

2018-11-28 08:50:12 - [TEST_STEP][PASSED] - setText: Text 'Breed 2' is set on object 'Object Repository/Backoffice/match_mgmt/wala_details/input_wala_breed'

2018-11-28 08:50:12 - [MESSAGE][PASSED] - Text 'Breed 2' is set on object 'Object Repository/Backoffice/match_mgmt/wala_details/input_wala_breed'

2018-11-28 08:50:12 - [TEST_STEP][PASSED] - setText: Text 'Weight 2' is set on object 'Object Repository/Backoffice/match_mgmt/wala_details/input_wala_weight'

2018-11-28 08:50:12 - [MESSAGE][PASSED] - Text 'Weight 2' is set on object 'Object Repository/Backoffice/match_mgmt/wala_details/input_wala_weight'

2018-11-28 08:50:12 - [TEST_STEP][PASSED] - click: Object: 'Object Repository/Backoffice/match_mgmt/input_submit_match' is clicked on

2018-11-28 08:50:15 - [MESSAGE][PASSED] - Object: 'Object Repository/Backoffice/match_mgmt/input_submit_match' is clicked on

2018-11-28 08:50:15 - [TEST_STEP][PASSED] - delay: Delayed 1 second(s)

2018-11-28 08:50:16 - [MESSAGE][PASSED] - Delayed 1 second(s)

2018-11-28 08:50:16 - [TEST_STEP][PASSED] - click: Object: 'Object Repository/Backoffice/match_mgmt/button_create_match' is clicked on

2018-11-28 08:50:16 - [MESSAGE][PASSED] - Object: 'Object Repository/Backoffice/match_mgmt/button_create_match' is clicked on

2018-11-28 08:50:16 - [TEST_STEP][PASSED] - delay: Delayed 1 second(s)

2018-11-28 08:50:17 - [MESSAGE][PASSED] - Delayed 1 second(s)

2018-11-28 08:50:17 - [TEST_STEP][PASSED] - click: Object: 'Object Repository/Backoffice/match_mgmt/span_select_arena_name' is clicked on

2018-11-28 08:50:18 - [MESSAGE][PASSED] - Object: 'Object Repository/Backoffice/match_mgmt/span_select_arena_name' is clicked on

2018-11-28 08:50:18 - [TEST_STEP][PASSED] - setText: Text 'ALIXANDRA SPORTS COMPLEX - ASC' is set on object 'Object Repository/Backoffice/match_mgmt/input__select2-search__arena_name'

2018-11-28 08:50:19 - [MESSAGE][PASSED] - Text 'ALIXANDRA SPORTS COMPLEX - ASC' is set on object 'Object Repository/Backoffice/match_mgmt/input__select2-search__arena_name'

2018-11-28 08:50:19 - [TEST_STEP][PASSED] - sendKeys: Keys 'ENTER + ' sent to object: 'Object Repository/Backoffice/match_mgmt/input__select2-search__arena_name'

2018-11-28 08:50:19 - [MESSAGE][PASSED] - Keys 'ENTER + ' sent to object: 'Object Repository/Backoffice/match_mgmt/input__select2-search__arena_name'

2018-11-28 08:50:19 - [TEST_STEP][PASSED] - setText: Text 'AA' is set on object 'Object Repository/Backoffice/match_mgmt/meron_details/input_meron_name'

2018-11-28 08:50:19 - [MESSAGE][PASSED] - Text 'AA' is set on object 'Object Repository/Backoffice/match_mgmt/meron_details/input_meron_name'

2018-11-28 08:50:19 - [TEST_STEP][PASSED] - setText: Text 'Farm 1' is set on object 'Object Repository/Backoffice/match_mgmt/meron_details/input_meron_farm'

2018-11-28 08:50:20 - [MESSAGE][PASSED] - Text 'Farm 1' is set on object 'Object Repository/Backoffice/match_mgmt/meron_details/input_meron_farm'

2018-11-28 08:50:20 - [TEST_STEP][PASSED] - setText: Text 'Breed 1' is set on object 'Object Repository/Backoffice/match_mgmt/meron_details/input_meron_breed'

2018-11-28 08:50:20 - [MESSAGE][PASSED] - Text 'Breed 1' is set on object 'Object Repository/Backoffice/match_mgmt/meron_details/input_meron_breed'

2018-11-28 08:50:20 - [TEST_STEP][PASSED] - setText: Text 'Weight 1' is set on object 'Object Repository/Backoffice/match_mgmt/meron_details/input_meron_weight'

2018-11-28 08:50:20 - [MESSAGE][PASSED] - Text 'Weight 1' is set on object 'Object Repository/Backoffice/match_mgmt/meron_details/input_meron_weight'

2018-11-28 08:50:20 - [TEST_STEP][PASSED] - setText: Text 'BB' is set on object 'Object Repository/Backoffice/match_mgmt/wala_details/input_wala_name'

2018-11-28 08:50:21 - [MESSAGE][PASSED] - Text 'BB' is set on object 'Object Repository/Backoffice/match_mgmt/wala_details/input_wala_name'

2018-11-28 08:50:21 - [TEST_STEP][PASSED] - setText: Text 'Farm 2' is set on object 'Object Repository/Backoffice/match_mgmt/wala_details/input_wala_farm'

2018-11-28 08:50:21 - [MESSAGE][PASSED] - Text 'Farm 2' is set on object 'Object Repository/Backoffice/match_mgmt/wala_details/input_wala_farm'

2018-11-28 08:50:21 - [TEST_STEP][PASSED] - setText: Text 'Breed 2' is set on object 'Object Repository/Backoffice/match_mgmt/wala_details/input_wala_breed'

2018-11-28 08:50:21 - [MESSAGE][PASSED] - Text 'Breed 2' is set on object 'Object Repository/Backoffice/match_mgmt/wala_details/input_wala_breed'

2018-11-28 08:50:21 - [TEST_STEP][PASSED] - setText: Text 'Weight 2' is set on object 'Object Repository/Backoffice/match_mgmt/wala_details/input_wala_weight'

2018-11-28 08:50:22 - [MESSAGE][PASSED] - Text 'Weight 2' is set on object 'Object Repository/Backoffice/match_mgmt/wala_details/input_wala_weight'

2018-11-28 08:50:22 - [TEST_STEP][PASSED] - click: Object: 'Object Repository/Backoffice/match_mgmt/input_submit_match' is clicked on

2018-11-28 08:50:24 - [MESSAGE][PASSED] - Object: 'Object Repository/Backoffice/match_mgmt/input_submit_match' is clicked on

2018-11-28 08:50:24 - [TEST_STEP][PASSED] - delay: Delayed 1 second(s)

2018-11-28 08:50:25 - [MESSAGE][PASSED] - Delayed 1 second(s)

2018-11-28 08:50:25 - [TEST_STEP][PASSED] - click: Object: 'Object Repository/Backoffice/match_mgmt/button_create_match' is clicked on

2018-11-28 08:50:25 - [MESSAGE][PASSED] - Object: 'Object Repository/Backoffice/match_mgmt/button_create_match' is clicked on

2018-11-28 08:50:25 - [TEST_STEP][PASSED] - delay: Delayed 1 second(s)

2018-11-28 08:50:26 - [MESSAGE][PASSED] - Delayed 1 second(s)

2018-11-28 08:50:26 - [TEST_STEP][PASSED] - click: Object: 'Object Repository/Backoffice/match_mgmt/span_select_arena_name' is clicked on

2018-11-28 08:50:27 - [MESSAGE][PASSED] - Object: 'Object Repository/Backoffice/match_mgmt/span_select_arena_name' is clicked on

2018-11-28 08:50:27 - [TEST_STEP][PASSED] - setText: Text 'ALIXANDRA SPORTS COMPLEX - ASC' is set on object 'Object Repository/Backoffice/match_mgmt/input__select2-search__arena_name'

2018-11-28 08:50:28 - [MESSAGE][PASSED] - Text 'ALIXANDRA SPORTS COMPLEX - ASC' is set on object 'Object Repository/Backoffice/match_mgmt/input__select2-search__arena_name'

2018-11-28 08:50:28 - [TEST_STEP][PASSED] - sendKeys: Keys 'ENTER + ' sent to object: 'Object Repository/Backoffice/match_mgmt/input__select2-search__arena_name'

2018-11-28 08:50:28 - [MESSAGE][PASSED] - Keys 'ENTER + ' sent to object: 'Object Repository/Backoffice/match_mgmt/input__select2-search__arena_name'

2018-11-28 08:50:28 - [TEST_STEP][PASSED] - setText: Text 'AA' is set on object 'Object Repository/Backoffice/match_mgmt/meron_details/input_meron_name'

2018-11-28 08:50:28 - [MESSAGE][PASSED] - Text 'AA' is set on object 'Object Repository/Backoffice/match_mgmt/meron_details/input_meron_name'

2018-11-28 08:50:28 - [TEST_STEP][PASSED] - setText: Text 'Farm 1' is set on object 'Object Repository/Backoffice/match_mgmt/meron_details/input_meron_farm'

2018-11-28 08:50:29 - [MESSAGE][PASSED] - Text 'Farm 1' is set on object 'Object Repository/Backoffice/match_mgmt/meron_details/input_meron_farm'

2018-11-28 08:50:29 - [TEST_STEP][PASSED] - setText: Text 'Breed 1' is set on object 'Object Repository/Backoffice/match_mgmt/meron_details/input_meron_breed'

2018-11-28 08:50:29 - [MESSAGE][PASSED] - Text 'Breed 1' is set on object 'Object Repository/Backoffice/match_mgmt/meron_details/input_meron_breed'

2018-11-28 08:50:29 - [TEST_STEP][PASSED] - setText: Text 'Weight 1' is set on object 'Object Repository/Backoffice/match_mgmt/meron_details/input_meron_weight'

2018-11-28 08:50:29 - [MESSAGE][PASSED] - Text 'Weight 1' is set on object 'Object Repository/Backoffice/match_mgmt/meron_details/input_meron_weight'

2018-11-28 08:50:29 - [TEST_STEP][PASSED] - setText: Text 'BB' is set on object 'Object Repository/Backoffice/match_mgmt/wala_details/input_wala_name'

2018-11-28 08:50:30 - [MESSAGE][PASSED] - Text 'BB' is set on object 'Object Repository/Backoffice/match_mgmt/wala_details/input_wala_name'

2018-11-28 08:50:30 - [TEST_STEP][PASSED] - setText: Text 'Farm 2' is set on object 'Object Repository/Backoffice/match_mgmt/wala_details/input_wala_farm'

2018-11-28 08:50:30 - [MESSAGE][PASSED] - Text 'Farm 2' is set on object 'Object Repository/Backoffice/match_mgmt/wala_details/input_wala_farm'

2018-11-28 08:50:30 - [TEST_STEP][PASSED] - setText: Text 'Breed 2' is set on object 'Object Repository/Backoffice/match_mgmt/wala_details/input_wala_breed'

2018-11-28 08:50:30 - [MESSAGE][PASSED] - Text 'Breed 2' is set on object 'Object Repository/Backoffice/match_mgmt/wala_details/input_wala_breed'

2018-11-28 08:50:30 - [TEST_STEP][PASSED] - setText: Text 'Weight 2' is set on object 'Object Repository/Backoffice/match_mgmt/wala_details/input_wala_weight'

2018-11-28 08:50:31 - [MESSAGE][PASSED] - Text 'Weight 2' is set on object 'Object Repository/Backoffice/match_mgmt/wala_details/input_wala_weight'

2018-11-28 08:50:31 - [TEST_STEP][PASSED] - click: Object: 'Object Repository/Backoffice/match_mgmt/input_submit_match' is clicked on

2018-11-28 08:50:33 - [MESSAGE][PASSED] - Object: 'Object Repository/Backoffice/match_mgmt/input_submit_match' is clicked on

2018-11-28 08:50:33 - [TEST_STEP][PASSED] - delay: Delayed 1 second(s)

2018-11-28 08:50:34 - [MESSAGE][PASSED] - Delayed 1 second(s)

2018-11-28 08:50:34 - [TEST_STEP][PASSED] - click: Object: 'Object Repository/Backoffice/match_mgmt/button_create_match' is clicked on

2018-11-28 08:50:34 - [MESSAGE][PASSED] - Object: 'Object Repository/Backoffice/match_mgmt/button_create_match' is clicked on

2018-11-28 08:50:34 - [TEST_STEP][PASSED] - delay: Delayed 1 second(s)

2018-11-28 08:50:35 - [MESSAGE][PASSED] - Delayed 1 second(s)

2018-11-28 08:50:35 - [TEST_STEP][PASSED] - click: Object: 'Object Repository/Backoffice/match_mgmt/span_select_arena_name' is clicked on

2018-11-28 08:50:36 - [MESSAGE][PASSED] - Object: 'Object Repository/Backoffice/match_mgmt/span_select_arena_name' is clicked on

2018-11-28 08:50:36 - [TEST_STEP][PASSED] - setText: Text 'ALIXANDRA SPORTS COMPLEX - ASC' is set on object 'Object Repository/Backoffice/match_mgmt/input__select2-search__arena_name'

2018-11-28 08:50:37 - [MESSAGE][PASSED] - Text 'ALIXANDRA SPORTS COMPLEX - ASC' is set on object 'Object Repository/Backoffice/match_mgmt/input__select2-search__arena_name'

2018-11-28 08:50:37 - [TEST_STEP][PASSED] - sendKeys: Keys 'ENTER + ' sent to object: 'Object Repository/Backoffice/match_mgmt/input__select2-search__arena_name'

2018-11-28 08:50:37 - [MESSAGE][PASSED] - Keys 'ENTER + ' sent to object: 'Object Repository/Backoffice/match_mgmt/input__select2-search__arena_name'

2018-11-28 08:50:37 - [TEST_STEP][PASSED] - setText: Text 'AA' is set on object 'Object Repository/Backoffice/match_mgmt/meron_details/input_meron_name'

2018-11-28 08:50:38 - [MESSAGE][PASSED] - Text 'AA' is set on object 'Object Repository/Backoffice/match_mgmt/meron_details/input_meron_name'

2018-11-28 08:50:38 - [TEST_STEP][PASSED] - setText: Text 'Farm 1' is set on object 'Object Repository/Backoffice/match_mgmt/meron_details/input_meron_farm'

2018-11-28 08:50:38 - [MESSAGE][PASSED] - Text 'Farm 1' is set on object 'Object Repository/Backoffice/match_mgmt/meron_details/input_meron_farm'

2018-11-28 08:50:38 - [TEST_STEP][PASSED] - setText: Text 'Breed 1' is set on object 'Object Repository/Backoffice/match_mgmt/meron_details/input_meron_breed'

2018-11-28 08:50:38 - [MESSAGE][PASSED] - Text 'Breed 1' is set on object 'Object Repository/Backoffice/match_mgmt/meron_details/input_meron_breed'

2018-11-28 08:50:38 - [TEST_STEP][PASSED] - setText: Text 'Weight 1' is set on object 'Object Repository/Backoffice/match_mgmt/meron_details/input_meron_weight'

2018-11-28 08:50:39 - [MESSAGE][PASSED] - Text 'Weight 1' is set on object 'Object Repository/Backoffice/match_mgmt/meron_details/input_meron_weight'

2018-11-28 08:50:39 - [TEST_STEP][PASSED] - setText: Text 'BB' is set on object 'Object Repository/Backoffice/match_mgmt/wala_details/input_wala_name'

2018-11-28 08:50:39 - [MESSAGE][PASSED] - Text 'BB' is set on object 'Object Repository/Backoffice/match_mgmt/wala_details/input_wala_name'

2018-11-28 08:50:39 - [TEST_STEP][PASSED] - setText: Text 'Farm 2' is set on object 'Object Repository/Backoffice/match_mgmt/wala_details/input_wala_farm'

2018-11-28 08:50:39 - [MESSAGE][PASSED] - Text 'Farm 2' is set on object 'Object Repository/Backoffice/match_mgmt/wala_details/input_wala_farm'

2018-11-28 08:50:39 - [TEST_STEP][PASSED] - setText: Text 'Breed 2' is set on object 'Object Repository/Backoffice/match_mgmt/wala_details/input_wala_breed'

2018-11-28 08:50:39 - [MESSAGE][PASSED] - Text 'Breed 2' is set on object 'Object Repository/Backoffice/match_mgmt/wala_details/input_wala_breed'

2018-11-28 08:50:39 - [TEST_STEP][PASSED] - setText: Text 'Weight 2' is set on object 'Object Repository/Backoffice/match_mgmt/wala_details/input_wala_weight'

2018-11-28 08:50:40 - [MESSAGE][PASSED] - Text 'Weight 2' is set on object 'Object Repository/Backoffice/match_mgmt/wala_details/input_wala_weight'

2018-11-28 08:50:40 - [TEST_STEP][PASSED] - click: Object: 'Object Repository/Backoffice/match_mgmt/input_submit_match' is clicked on

2018-11-28 08:50:42 - [MESSAGE][PASSED] - Object: 'Object Repository/Backoffice/match_mgmt/input_submit_match' is clicked on

2018-11-28 08:50:42 - [TEST_STEP][PASSED] - delay: Delayed 1 second(s)

2018-11-28 08:50:43 - [MESSAGE][PASSED] - Delayed 1 second(s)

2018-11-28 08:50:43 - [TEST_STEP][PASSED] - click: Object: 'Object Repository/Backoffice/match_mgmt/button_create_match' is clicked on

2018-11-28 08:50:43 - [MESSAGE][PASSED] - Object: 'Object Repository/Backoffice/match_mgmt/button_create_match' is clicked on

2018-11-28 08:50:43 - [TEST_STEP][PASSED] - delay: Delayed 1 second(s)

2018-11-28 08:50:44 - [MESSAGE][PASSED] - Delayed 1 second(s)

2018-11-28 08:50:44 - [TEST_STEP][PASSED] - click: Object: 'Object Repository/Backoffice/match_mgmt/span_select_arena_name' is clicked on

2018-11-28 08:50:44 - [MESSAGE][PASSED] - Object: 'Object Repository/Backoffice/match_mgmt/span_select_arena_name' is clicked on

2018-11-28 08:50:44 - [TEST_STEP][PASSED] - setText: Text 'ALIXANDRA SPORTS COMPLEX - ASC' is set on object 'Object Repository/Backoffice/match_mgmt/input__select2-search__arena_name'

2018-11-28 08:50:46 - [MESSAGE][PASSED] - Text 'ALIXANDRA SPORTS COMPLEX - ASC' is set on object 'Object Repository/Backoffice/match_mgmt/input__select2-search__arena_name'

2018-11-28 08:50:46 - [TEST_STEP][PASSED] - sendKeys: Keys 'ENTER + ' sent to object: 'Object Repository/Backoffice/match_mgmt/input__select2-search__arena_name'

2018-11-28 08:50:46 - [MESSAGE][PASSED] - Keys 'ENTER + ' sent to object: 'Object Repository/Backoffice/match_mgmt/input__select2-search__arena_name'

2018-11-28 08:50:46 - [TEST_STEP][PASSED] - setText: Text 'AA' is set on object 'Object Repository/Backoffice/match_mgmt/meron_details/input_meron_name'

2018-11-28 08:50:46 - [MESSAGE][PASSED] - Text 'AA' is set on object 'Object Repository/Backoffice/match_mgmt/meron_details/input_meron_name'

2018-11-28 08:50:46 - [TEST_STEP][PASSED] - setText: Text 'Farm 1' is set on object 'Object Repository/Backoffice/match_mgmt/meron_details/input_meron_farm'

2018-11-28 08:50:46 - [MESSAGE][PASSED] - Text 'Farm 1' is set on object 'Object Repository/Backoffice/match_mgmt/meron_details/input_meron_farm'

2018-11-28 08:50:46 - [TEST_STEP][PASSED] - setText: Text 'Breed 1' is set on object 'Object Repository/Backoffice/match_mgmt/meron_details/input_meron_breed'

2018-11-28 08:50:47 - [MESSAGE][PASSED] - Text 'Breed 1' is set on object 'Object Repository/Backoffice/match_mgmt/meron_details/input_meron_breed'

2018-11-28 08:50:47 - [TEST_STEP][PASSED] - setText: Text 'Weight 1' is set on object 'Object Repository/Backoffice/match_mgmt/meron_details/input_meron_weight'

2018-11-28 08:50:47 - [MESSAGE][PASSED] - Text 'Weight 1' is set on object 'Object Repository/Backoffice/match_mgmt/meron_details/input_meron_weight'

2018-11-28 08:50:47 - [TEST_STEP][PASSED] - setText: Text 'BB' is set on object 'Object Repository/Backoffice/match_mgmt/wala_details/input_wala_name'

2018-11-28 08:50:47 - [MESSAGE][PASSED] - Text 'BB' is set on object 'Object Repository/Backoffice/match_mgmt/wala_details/input_wala_name'

2018-11-28 08:50:47 - [TEST_STEP][PASSED] - setText: Text 'Farm 2' is set on object 'Object Repository/Backoffice/match_mgmt/wala_details/input_wala_farm'

2018-11-28 08:50:48 - [MESSAGE][PASSED] - Text 'Farm 2' is set on object 'Object Repository/Backoffice/match_mgmt/wala_details/input_wala_farm'

2018-11-28 08:50:48 - [TEST_STEP][PASSED] - setText: Text 'Breed 2' is set on object 'Object Repository/Backoffice/match_mgmt/wala_details/input_wala_breed'

2018-11-28 08:50:48 - [MESSAGE][PASSED] - Text 'Breed 2' is set on object 'Object Repository/Backoffice/match_mgmt/wala_details/input_wala_breed'

2018-11-28 08:50:48 - [TEST_STEP][PASSED] - setText: Text 'Weight 2' is set on object 'Object Repository/Backoffice/match_mgmt/wala_details/input_wala_weight'

2018-11-28 08:50:48 - [MESSAGE][PASSED] - Text 'Weight 2' is set on object 'Object Repository/Backoffice/match_mgmt/wala_details/input_wala_weight'

2018-11-28 08:50:48 - [TEST_STEP][PASSED] - click: Object: 'Object Repository/Backoffice/match_mgmt/input_submit_match' is clicked on

2018-11-28 08:50:51 - [MESSAGE][PASSED] - Object: 'Object Repository/Backoffice/match_mgmt/input_submit_match' is clicked on

2018-11-28 08:50:51 - [TEST_STEP][PASSED] - delay: Delayed 1 second(s)

2018-11-28 08:50:52 - [MESSAGE][PASSED] - Delayed 1 second(s)

2018-11-28 08:50:52 - [TEST_STEP][PASSED] - click: Object: 'Object Repository/Backoffice/match_mgmt/button_create_match' is clicked on

2018-11-28 08:50:52 - [MESSAGE][PASSED] - Object: 'Object Repository/Backoffice/match_mgmt/button_create_match' is clicked on

2018-11-28 08:50:52 - [TEST_STEP][PASSED] - delay: Delayed 1 second(s)

2018-11-28 08:50:53 - [MESSAGE][PASSED] - Delayed 1 second(s)

2018-11-28 08:50:53 - [TEST_STEP][PASSED] - click: Object: 'Object Repository/Backoffice/match_mgmt/span_select_arena_name' is clicked on

2018-11-28 08:50:54 - [MESSAGE][PASSED] - Object: 'Object Repository/Backoffice/match_mgmt/span_select_arena_name' is clicked on

2018-11-28 08:50:54 - [TEST_STEP][PASSED] - setText: Text 'ALIXANDRA SPORTS COMPLEX - ASC' is set on object 'Object Repository/Backoffice/match_mgmt/input__select2-search__arena_name'

2018-11-28 08:50:55 - [MESSAGE][PASSED] - Text 'ALIXANDRA SPORTS COMPLEX - ASC' is set on object 'Object Repository/Backoffice/match_mgmt/input__select2-search__arena_name'

2018-11-28 08:50:55 - [TEST_STEP][PASSED] - sendKeys: Keys 'ENTER + ' sent to object: 'Object Repository/Backoffice/match_mgmt/input__select2-search__arena_name'

2018-11-28 08:50:55 - [MESSAGE][PASSED] - Keys 'ENTER + ' sent to object: 'Object Repository/Backoffice/match_mgmt/input__select2-search__arena_name'

2018-11-28 08:50:55 - [TEST_STEP][PASSED] - setText: Text 'AA' is set on object 'Object Repository/Backoffice/match_mgmt/meron_details/input_meron_name'

2018-11-28 08:50:56 - [MESSAGE][PASSED] - Text 'AA' is set on object 'Object Repository/Backoffice/match_mgmt/meron_details/input_meron_name'

2018-11-28 08:50:56 - [TEST_STEP][PASSED] - setText: Text 'Farm 1' is set on object 'Object Repository/Backoffice/match_mgmt/meron_details/input_meron_farm'

2018-11-28 08:50:56 - [MESSAGE][PASSED] - Text 'Farm 1' is set on object 'Object Repository/Backoffice/match_mgmt/meron_details/input_meron_farm'

2018-11-28 08:50:56 - [TEST_STEP][PASSED] - setText: Text 'Breed 1' is set on object 'Object Repository/Backoffice/match_mgmt/meron_details/input_meron_breed'

2018-11-28 08:50:56 - [MESSAGE][PASSED] - Text 'Breed 1' is set on object 'Object Repository/Backoffice/match_mgmt/meron_details/input_meron_breed'

2018-11-28 08:50:56 - [TEST_STEP][PASSED] - setText: Text 'Weight 1' is set on object 'Object Repository/Backoffice/match_mgmt/meron_details/input_meron_weight'

2018-11-28 08:50:57 - [MESSAGE][PASSED] - Text 'Weight 1' is set on object 'Object Repository/Backoffice/match_mgmt/meron_details/input_meron_weight'

2018-11-28 08:50:57 - [TEST_STEP][PASSED] - setText: Text 'BB' is set on object 'Object Repository/Backoffice/match_mgmt/wala_details/input_wala_name'

2018-11-28 08:50:57 - [MESSAGE][PASSED] - Text 'BB' is set on object 'Object Repository/Backoffice/match_mgmt/wala_details/input_wala_name'

2018-11-28 08:50:57 - [TEST_STEP][PASSED] - setText: Text 'Farm 2' is set on object 'Object Repository/Backoffice/match_mgmt/wala_details/input_wala_farm'

2018-11-28 08:50:57 - [MESSAGE][PASSED] - Text 'Farm 2' is set on object 'Object Repository/Backoffice/match_mgmt/wala_details/input_wala_farm'

2018-11-28 08:50:57 - [TEST_STEP][PASSED] - setText: Text 'Breed 2' is set on object 'Object Repository/Backoffice/match_mgmt/wala_details/input_wala_breed'

2018-11-28 08:50:58 - [MESSAGE][PASSED] - Text 'Breed 2' is set on object 'Object Repository/Backoffice/match_mgmt/wala_details/input_wala_breed'

2018-11-28 08:50:58 - [TEST_STEP][PASSED] - setText: Text 'Weight 2' is set on object 'Object Repository/Backoffice/match_mgmt/wala_details/input_wala_weight'

2018-11-28 08:50:58 - [MESSAGE][PASSED] - Text 'Weight 2' is set on object 'Object Repository/Backoffice/match_mgmt/wala_details/input_wala_weight'

2018-11-28 08:50:58 - [TEST_STEP][PASSED] - click: Object: 'Object Repository/Backoffice/match_mgmt/input_submit_match' is clicked on

2018-11-28 08:51:00 - [MESSAGE][PASSED] - Object: 'Object Repository/Backoffice/match_mgmt/input_submit_match' is clicked on

2018-11-28 08:51:00 - [TEST_STEP][PASSED] - delay: Delayed 1 second(s)

2018-11-28 08:51:01 - [MESSAGE][PASSED] - Delayed 1 second(s)

2018-11-28 08:51:01 - [TEST_STEP][PASSED] - click: Object: 'Object Repository/Backoffice/match_mgmt/button_create_match' is clicked on

2018-11-28 08:51:01 - [MESSAGE][PASSED] - Object: 'Object Repository/Backoffice/match_mgmt/button_create_match' is clicked on

2018-11-28 08:51:01 - [TEST_STEP][PASSED] - delay: Delayed 1 second(s)

2018-11-28 08:51:02 - [MESSAGE][PASSED] - Delayed 1 second(s)

2018-11-28 08:51:02 - [TEST_STEP][PASSED] - click: Object: 'Object Repository/Backoffice/match_mgmt/span_select_arena_name' is clicked on

2018-11-28 08:51:03 - [MESSAGE][PASSED] - Object: 'Object Repository/Backoffice/match_mgmt/span_select_arena_name' is clicked on

2018-11-28 08:51:03 - [TEST_STEP][PASSED] - setText: Text 'ALIXANDRA SPORTS COMPLEX - ASC' is set on object 'Object Repository/Backoffice/match_mgmt/input__select2-search__arena_name'

2018-11-28 08:51:04 - [MESSAGE][PASSED] - Text 'ALIXANDRA SPORTS COMPLEX - ASC' is set on object 'Object Repository/Backoffice/match_mgmt/input__select2-search__arena_name'

2018-11-28 08:51:04 - [TEST_STEP][PASSED] - sendKeys: Keys 'ENTER + ' sent to object: 'Object Repository/Backoffice/match_mgmt/input__select2-search__arena_name'

2018-11-28 08:51:04 - [MESSAGE][PASSED] - Keys 'ENTER + ' sent to object: 'Object Repository/Backoffice/match_mgmt/input__select2-search__arena_name'

2018-11-28 08:51:04 - [TEST_STEP][PASSED] - setText: Text 'AA' is set on object 'Object Repository/Backoffice/match_mgmt/meron_details/input_meron_name'

2018-11-28 08:51:05 - [MESSAGE][PASSED] - Text 'AA' is set on object 'Object Repository/Backoffice/match_mgmt/meron_details/input_meron_name'

2018-11-28 08:51:05 - [TEST_STEP][PASSED] - setText: Text 'Farm 1' is set on object 'Object Repository/Backoffice/match_mgmt/meron_details/input_meron_farm'

2018-11-28 08:51:05 - [MESSAGE][PASSED] - Text 'Farm 1' is set on object 'Object Repository/Backoffice/match_mgmt/meron_details/input_meron_farm'

2018-11-28 08:51:05 - [TEST_STEP][PASSED] - setText: Text 'Breed 1' is set on object 'Object Repository/Backoffice/match_mgmt/meron_details/input_meron_breed'

2018-11-28 08:51:05 - [MESSAGE][PASSED] - Text 'Breed 1' is set on object 'Object Repository/Backoffice/match_mgmt/meron_details/input_meron_breed'

2018-11-28 08:51:05 - [TEST_STEP][PASSED] - setText: Text 'Weight 1' is set on object 'Object Repository/Backoffice/match_mgmt/meron_details/input_meron_weight'

2018-11-28 08:51:06 - [MESSAGE][PASSED] - Text 'Weight 1' is set on object 'Object Repository/Backoffice/match_mgmt/meron_details/input_meron_weight'

2018-11-28 08:51:06 - [TEST_STEP][PASSED] - setText: Text 'BB' is set on object 'Object Repository/Backoffice/match_mgmt/wala_details/input_wala_name'

2018-11-28 08:51:06 - [MESSAGE][PASSED] - Text 'BB' is set on object 'Object Repository/Backoffice/match_mgmt/wala_details/input_wala_name'

2018-11-28 08:51:06 - [TEST_STEP][PASSED] - setText: Text 'Farm 2' is set on object 'Object Repository/Backoffice/match_mgmt/wala_details/input_wala_farm'

2018-11-28 08:51:06 - [MESSAGE][PASSED] - Text 'Farm 2' is set on object 'Object Repository/Backoffice/match_mgmt/wala_details/input_wala_farm'

2018-11-28 08:51:06 - [TEST_STEP][PASSED] - setText: Text 'Breed 2' is set on object 'Object Repository/Backoffice/match_mgmt/wala_details/input_wala_breed'

2018-11-28 08:51:07 - [MESSAGE][PASSED] - Text 'Breed 2' is set on object 'Object Repository/Backoffice/match_mgmt/wala_details/input_wala_breed'

2018-11-28 08:51:07 - [TEST_STEP][PASSED] - setText: Text 'Weight 2' is set on object 'Object Repository/Backoffice/match_mgmt/wala_details/input_wala_weight'

2018-11-28 08:51:07 - [MESSAGE][PASSED] - Text 'Weight 2' is set on object 'Object Repository/Backoffice/match_mgmt/wala_details/input_wala_weight'

2018-11-28 08:51:07 - [TEST_STEP][PASSED] - click: Object: 'Object Repository/Backoffice/match_mgmt/input_submit_match' is clicked on

2018-11-28 08:51:09 - [MESSAGE][PASSED] - Object: 'Object Repository/Backoffice/match_mgmt/input_submit_match' is clicked on

2018-11-28 08:51:09 - [TEST_STEP][PASSED] - delay: Delayed 1 second(s)

2018-11-28 08:51:10 - [MESSAGE][PASSED] - Delayed 1 second(s)

2018-11-28 08:51:10 - [TEST_STEP][PASSED] - click: Object: 'Object Repository/Backoffice/match_mgmt/button_create_match' is clicked on

2018-11-28 08:51:10 - [MESSAGE][PASSED] - Object: 'Object Repository/Backoffice/match_mgmt/button_create_match' is clicked on

2018-11-28 08:51:10 - [TEST_STEP][PASSED] - delay: Delayed 1 second(s)

2018-11-28 08:51:11 - [MESSAGE][PASSED] - Delayed 1 second(s)

2018-11-28 08:51:11 - [TEST_STEP][PASSED] - click: Object: 'Object Repository/Backoffice/match_mgmt/span_select_arena_name' is clicked on

2018-11-28 08:51:12 - [MESSAGE][PASSED] - Object: 'Object Repository/Backoffice/match_mgmt/span_select_arena_name' is clicked on

2018-11-28 08:51:12 - [TEST_STEP][PASSED] - setText: Text 'ALIXANDRA SPORTS COMPLEX - ASC' is set on object 'Object Repository/Backoffice/match_mgmt/input__select2-search__arena_name'

2018-11-28 08:51:13 - [MESSAGE][PASSED] - Text 'ALIXANDRA SPORTS COMPLEX - ASC' is set on object 'Object Repository/Backoffice/match_mgmt/input__select2-search__arena_name'

2018-11-28 08:51:13 - [TEST_STEP][PASSED] - sendKeys: Keys 'ENTER + ' sent to object: 'Object Repository/Backoffice/match_mgmt/input__select2-search__arena_name'

2018-11-28 08:51:13 - [MESSAGE][PASSED] - Keys 'ENTER + ' sent to object: 'Object Repository/Backoffice/match_mgmt/input__select2-search__arena_name'

2018-11-28 08:51:13 - [TEST_STEP][PASSED] - setText: Text 'AA' is set on object 'Object Repository/Backoffice/match_mgmt/meron_details/input_meron_name'

2018-11-28 08:51:14 - [MESSAGE][PASSED] - Text 'AA' is set on object 'Object Repository/Backoffice/match_mgmt/meron_details/input_meron_name'

2018-11-28 08:51:14 - [TEST_STEP][PASSED] - setText: Text 'Farm 1' is set on object 'Object Repository/Backoffice/match_mgmt/meron_details/input_meron_farm'

2018-11-28 08:51:14 - [MESSAGE][PASSED] - Text 'Farm 1' is set on object 'Object Repository/Backoffice/match_mgmt/meron_details/input_meron_farm'

2018-11-28 08:51:14 - [TEST_STEP][PASSED] - setText: Text 'Breed 1' is set on object 'Object Repository/Backoffice/match_mgmt/meron_details/input_meron_breed'

2018-11-28 08:51:14 - [MESSAGE][PASSED] - Text 'Breed 1' is set on object 'Object Repository/Backoffice/match_mgmt/meron_details/input_meron_breed'

2018-11-28 08:51:14 - [TEST_STEP][PASSED] - setText: Text 'Weight 1' is set on object 'Object Repository/Backoffice/match_mgmt/meron_details/input_meron_weight'

2018-11-28 08:51:15 - [MESSAGE][PASSED] - Text 'Weight 1' is set on object 'Object Repository/Backoffice/match_mgmt/meron_details/input_meron_weight'

2018-11-28 08:51:15 - [TEST_STEP][PASSED] - setText: Text 'BB' is set on object 'Object Repository/Backoffice/match_mgmt/wala_details/input_wala_name'

2018-11-28 08:51:15 - [MESSAGE][PASSED] - Text 'BB' is set on object 'Object Repository/Backoffice/match_mgmt/wala_details/input_wala_name'

2018-11-28 08:51:15 - [TEST_STEP][PASSED] - setText: Text 'Farm 2' is set on object 'Object Repository/Backoffice/match_mgmt/wala_details/input_wala_farm'

2018-11-28 08:51:15 - [MESSAGE][PASSED] - Text 'Farm 2' is set on object 'Object Repository/Backoffice/match_mgmt/wala_details/input_wala_farm'

2018-11-28 08:51:15 - [TEST_STEP][PASSED] - setText: Text 'Breed 2' is set on object 'Object Repository/Backoffice/match_mgmt/wala_details/input_wala_breed'

2018-11-28 08:51:15 - [MESSAGE][PASSED] - Text 'Breed 2' is set on object 'Object Repository/Backoffice/match_mgmt/wala_details/input_wala_breed'

2018-11-28 08:51:15 - [TEST_STEP][PASSED] - setText: Text 'Weight 2' is set on object 'Object Repository/Backoffice/match_mgmt/wala_details/input_wala_weight'

2018-11-28 08:51:15 - [MESSAGE][PASSED] - Text 'Weight 2' is set on object 'Object Repository/Backoffice/match_mgmt/wala_details/input_wala_weight'

2018-11-28 08:51:15 - [TEST_STEP][PASSED] - click: Object: 'Object Repository/Backoffice/match_mgmt/input_submit_match' is clicked on

2018-11-28 08:51:18 - [MESSAGE][PASSED] - Object: 'Object Repository/Backoffice/match_mgmt/input_submit_match' is clicked on

2018-11-28 08:51:18 - [TEST_STEP][PASSED] - delay: Delayed 1 second(s)

2018-11-28 08:51:19 - [MESSAGE][PASSED] - Delayed 1 second(s)

2018-11-28 08:51:19 - [TEST_STEP][PASSED] - click: Object: 'Object Repository/Backoffice/match_mgmt/button_create_match' is clicked on

2018-11-28 08:51:19 - [MESSAGE][PASSED] - Object: 'Object Repository/Backoffice/match_mgmt/button_create_match' is clicked on

2018-11-28 08:51:19 - [TEST_STEP][PASSED] - delay: Delayed 1 second(s)

2018-11-28 08:51:20 - [MESSAGE][PASSED] - Delayed 1 second(s)

2018-11-28 08:51:20 - [TEST_STEP][PASSED] - click: Object: 'Object Repository/Backoffice/match_mgmt/span_select_arena_name' is clicked on

2018-11-28 08:51:21 - [MESSAGE][PASSED] - Object: 'Object Repository/Backoffice/match_mgmt/span_select_arena_name' is clicked on

2018-11-28 08:51:21 - [TEST_STEP][PASSED] - setText: Text 'ALIXANDRA SPORTS COMPLEX - ASC' is set on object 'Object Repository/Backoffice/match_mgmt/input__select2-search__arena_name'

2018-11-28 08:51:22 - [MESSAGE][PASSED] - Text 'ALIXANDRA SPORTS COMPLEX - ASC' is set on object 'Object Repository/Backoffice/match_mgmt/input__select2-search__arena_name'

2018-11-28 08:51:22 - [TEST_STEP][PASSED] - sendKeys: Keys 'ENTER + ' sent to object: 'Object Repository/Backoffice/match_mgmt/input__select2-search__arena_name'

2018-11-28 08:51:22 - [MESSAGE][PASSED] - Keys 'ENTER + ' sent to object: 'Object Repository/Backoffice/match_mgmt/input__select2-search__arena_name'

2018-11-28 08:51:22 - [TEST_STEP][PASSED] - setText: Text 'AA' is set on object 'Object Repository/Backoffice/match_mgmt/meron_details/input_meron_name'

2018-11-28 08:51:23 - [MESSAGE][PASSED] - Text 'AA' is set on object 'Object Repository/Backoffice/match_mgmt/meron_details/input_meron_name'

2018-11-28 08:51:23 - [TEST_STEP][PASSED] - setText: Text 'Farm 1' is set on object 'Object Repository/Backoffice/match_mgmt/meron_details/input_meron_farm'

2018-11-28 08:51:23 - [MESSAGE][PASSED] - Text 'Farm 1' is set on object 'Object Repository/Backoffice/match_mgmt/meron_details/input_meron_farm'

2018-11-28 08:51:23 - [TEST_STEP][PASSED] - setText: Text 'Breed 1' is set on object 'Object Repository/Backoffice/match_mgmt/meron_details/input_meron_breed'

2018-11-28 08:51:23 - [MESSAGE][PASSED] - Text 'Breed 1' is set on object 'Object Repository/Backoffice/match_mgmt/meron_details/input_meron_breed'

2018-11-28 08:51:23 - [TEST_STEP][PASSED] - setText: Text 'Weight 1' is set on object 'Object Repository/Backoffice/match_mgmt/meron_details/input_meron_weight'

2018-11-28 08:51:24 - [MESSAGE][PASSED] - Text 'Weight 1' is set on object 'Object Repository/Backoffice/match_mgmt/meron_details/input_meron_weight'

2018-11-28 08:51:24 - [TEST_STEP][PASSED] - setText: Text 'BB' is set on object 'Object Repository/Backoffice/match_mgmt/wala_details/input_wala_name'

2018-11-28 08:51:24 - [MESSAGE][PASSED] - Text 'BB' is set on object 'Object Repository/Backoffice/match_mgmt/wala_details/input_wala_name'

2018-11-28 08:51:24 - [TEST_STEP][PASSED] - setText: Text 'Farm 2' is set on object 'Object Repository/Backoffice/match_mgmt/wala_details/input_wala_farm'

2018-11-28 08:51:24 - [MESSAGE][PASSED] - Text 'Farm 2' is set on object 'Object Repository/Backoffice/match_mgmt/wala_details/input_wala_farm'

2018-11-28 08:51:24 - [TEST_STEP][PASSED] - setText: Text 'Breed 2' is set on object 'Object Repository/Backoffice/match_mgmt/wala_details/input_wala_breed'

2018-11-28 08:51:24 - [MESSAGE][PASSED] - Text 'Breed 2' is set on object 'Object Repository/Backoffice/match_mgmt/wala_details/input_wala_breed'

2018-11-28 08:51:24 - [TEST_STEP][PASSED] - setText: Text 'Weight 2' is set on object 'Object Repository/Backoffice/match_mgmt/wala_details/input_wala_weight'

2018-11-28 08:51:25 - [MESSAGE][PASSED] - Text 'Weight 2' is set on object 'Object Repository/Backoffice/match_mgmt/wala_details/input_wala_weight'

2018-11-28 08:51:25 - [TEST_STEP][PASSED] - click: Object: 'Object Repository/Backoffice/match_mgmt/input_submit_match' is clicked on

2018-11-28 08:51:27 - [MESSAGE][PASSED] - Object: 'Object Repository/Backoffice/match_mgmt/input_submit_match' is clicked on

2018-11-28 08:51:27 - [TEST_STEP][PASSED] - delay: Delayed 1 second(s)

2018-11-28 08:51:28 - [MESSAGE][PASSED] - Delayed 1 second(s)

2018-11-28 08:51:28 - [TEST_STEP][PASSED] - click: Object: 'Object Repository/Backoffice/match_mgmt/button_create_match' is clicked on

2018-11-28 08:51:28 - [MESSAGE][PASSED] - Object: 'Object Repository/Backoffice/match_mgmt/button_create_match' is clicked on

2018-11-28 08:51:28 - [TEST_STEP][PASSED] - delay: Delayed 1 second(s)

2018-11-28 08:51:29 - [MESSAGE][PASSED] - Delayed 1 second(s)

2018-11-28 08:51:29 - [TEST_STEP][PASSED] - click: Object: 'Object Repository/Backoffice/match_mgmt/span_select_arena_name' is clicked on

2018-11-28 08:51:29 - [MESSAGE][PASSED] - Object: 'Object Repository/Backoffice/match_mgmt/span_select_arena_name' is clicked on

2018-11-28 08:51:29 - [TEST_STEP][PASSED] - setText: Text 'ALIXANDRA SPORTS COMPLEX - ASC' is set on object 'Object Repository/Backoffice/match_mgmt/input__select2-search__arena_name'

2018-11-28 08:51:31 - [MESSAGE][PASSED] - Text 'ALIXANDRA SPORTS COMPLEX - ASC' is set on object 'Object Repository/Backoffice/match_mgmt/input__select2-search__arena_name'

2018-11-28 08:51:31 - [TEST_STEP][PASSED] - sendKeys: Keys 'ENTER + ' sent to object: 'Object Repository/Backoffice/match_mgmt/input__select2-search__arena_name'

2018-11-28 08:51:31 - [MESSAGE][PASSED] - Keys 'ENTER + ' sent to object: 'Object Repository/Backoffice/match_mgmt/input__select2-search__arena_name'

2018-11-28 08:51:31 - [TEST_STEP][PASSED] - setText: Text 'AA' is set on object 'Object Repository/Backoffice/match_mgmt/meron_details/input_meron_name'

2018-11-28 08:51:31 - [MESSAGE][PASSED] - Text 'AA' is set on object 'Object Repository/Backoffice/match_mgmt/meron_details/input_meron_name'

2018-11-28 08:51:31 - [TEST_STEP][PASSED] - setText: Text 'Farm 1' is set on object 'Object Repository/Backoffice/match_mgmt/meron_details/input_meron_farm'

2018-11-28 08:51:32 - [MESSAGE][PASSED] - Text 'Farm 1' is set on object 'Object Repository/Backoffice/match_mgmt/meron_details/input_meron_farm'

2018-11-28 08:51:32 - [TEST_STEP][PASSED] - setText: Text 'Breed 1' is set on object 'Object Repository/Backoffice/match_mgmt/meron_details/input_meron_breed'

2018-11-28 08:51:32 - [MESSAGE][PASSED] - Text 'Breed 1' is set on object 'Object Repository/Backoffice/match_mgmt/meron_details/input_meron_breed'

2018-11-28 08:51:32 - [TEST_STEP][PASSED] - setText: Text 'Weight 1' is set on object 'Object Repository/Backoffice/match_mgmt/meron_details/input_meron_weight'

2018-11-28 08:51:32 - [MESSAGE][PASSED] - Text 'Weight 1' is set on object 'Object Repository/Backoffice/match_mgmt/meron_details/input_meron_weight'

2018-11-28 08:51:32 - [TEST_STEP][PASSED] - setText: Text 'BB' is set on object 'Object Repository/Backoffice/match_mgmt/wala_details/input_wala_name'

2018-11-28 08:51:32 - [MESSAGE][PASSED] - Text 'BB' is set on object 'Object Repository/Backoffice/match_mgmt/wala_details/input_wala_name'

2018-11-28 08:51:32 - [TEST_STEP][PASSED] - setText: Text 'Farm 2' is set on object 'Object Repository/Backoffice/match_mgmt/wala_details/input_wala_farm'

2018-11-28 08:51:33 - [MESSAGE][PASSED] - Text 'Farm 2' is set on object 'Object Repository/Backoffice/match_mgmt/wala_details/input_wala_farm'

2018-11-28 08:51:33 - [TEST_STEP][PASSED] - setText: Text 'Breed 2' is set on object 'Object Repository/Backoffice/match_mgmt/wala_details/input_wala_breed'

2018-11-28 08:51:33 - [MESSAGE][PASSED] - Text 'Breed 2' is set on object 'Object Repository/Backoffice/match_mgmt/wala_details/input_wala_breed'

2018-11-28 08:51:33 - [TEST_STEP][PASSED] - setText: Text 'Weight 2' is set on object 'Object Repository/Backoffice/match_mgmt/wala_details/input_wala_weight'

2018-11-28 08:51:33 - [MESSAGE][PASSED] - Text 'Weight 2' is set on object 'Object Repository/Backoffice/match_mgmt/wala_details/input_wala_weight'

2018-11-28 08:51:33 - [TEST_STEP][PASSED] - click: Object: 'Object Repository/Backoffice/match_mgmt/input_submit_match' is clicked on

2018-11-28 08:51:36 - [MESSAGE][PASSED] - Object: 'Object Repository/Backoffice/match_mgmt/input_submit_match' is clicked on

2018-11-28 08:51:36 - [TEST_STEP][PASSED] - delay: Delayed 1 second(s)

2018-11-28 08:51:37 - [MESSAGE][PASSED] - Delayed 1 second(s)

2018-11-28 08:51:37 - [TEST_STEP][PASSED] - click: Object: 'Object Repository/Backoffice/match_mgmt/button_create_match' is clicked on

2018-11-28 08:51:37 - [MESSAGE][PASSED] - Object: 'Object Repository/Backoffice/match_mgmt/button_create_match' is clicked on

2018-11-28 08:51:37 - [TEST_STEP][PASSED] - delay: Delayed 1 second(s)

2018-11-28 08:51:38 - [MESSAGE][PASSED] - Delayed 1 second(s)

2018-11-28 08:51:38 - [TEST_STEP][PASSED] - click: Object: 'Object Repository/Backoffice/match_mgmt/span_select_arena_name' is clicked on

2018-11-28 08:51:38 - [MESSAGE][PASSED] - Object: 'Object Repository/Backoffice/match_mgmt/span_select_arena_name' is clicked on

2018-11-28 08:51:38 - [TEST_STEP][PASSED] - setText: Text 'ALIXANDRA SPORTS COMPLEX - ASC' is set on object 'Object Repository/Backoffice/match_mgmt/input__select2-search__arena_name'

2018-11-28 08:51:40 - [MESSAGE][PASSED] - Text 'ALIXANDRA SPORTS COMPLEX - ASC' is set on object 'Object Repository/Backoffice/match_mgmt/input__select2-search__arena_name'

2018-11-28 08:51:40 - [TEST_STEP][PASSED] - sendKeys: Keys 'ENTER + ' sent to object: 'Object Repository/Backoffice/match_mgmt/input__select2-search__arena_name'

2018-11-28 08:51:40 - [MESSAGE][PASSED] - Keys 'ENTER + ' sent to object: 'Object Repository/Backoffice/match_mgmt/input__select2-search__arena_name'

2018-11-28 08:51:40 - [TEST_STEP][PASSED] - setText: Text 'AA' is set on object 'Object Repository/Backoffice/match_mgmt/meron_details/input_meron_name'

2018-11-28 08:51:40 - [MESSAGE][PASSED] - Text 'AA' is set on object 'Object Repository/Backoffice/match_mgmt/meron_details/input_meron_name'

2018-11-28 08:51:40 - [TEST_STEP][PASSED] - setText: Text 'Farm 1' is set on object 'Object Repository/Backoffice/match_mgmt/meron_details/input_meron_farm'

2018-11-28 08:51:41 - [MESSAGE][PASSED] - Text 'Farm 1' is set on object 'Object Repository/Backoffice/match_mgmt/meron_details/input_meron_farm'

2018-11-28 08:51:41 - [TEST_STEP][PASSED] - setText: Text 'Breed 1' is set on object 'Object Repository/Backoffice/match_mgmt/meron_details/input_meron_breed'

2018-11-28 08:51:41 - [MESSAGE][PASSED] - Text 'Breed 1' is set on object 'Object Repository/Backoffice/match_mgmt/meron_details/input_meron_breed'

2018-11-28 08:51:41 - [TEST_STEP][PASSED] - setText: Text 'Weight 1' is set on object 'Object Repository/Backoffice/match_mgmt/meron_details/input_meron_weight'

2018-11-28 08:51:41 - [MESSAGE][PASSED] - Text 'Weight 1' is set on object 'Object Repository/Backoffice/match_mgmt/meron_details/input_meron_weight'

2018-11-28 08:51:41 - [TEST_STEP][PASSED] - setText: Text 'BB' is set on object 'Object Repository/Backoffice/match_mgmt/wala_details/input_wala_name'

2018-11-28 08:51:42 - [MESSAGE][PASSED] - Text 'BB' is set on object 'Object Repository/Backoffice/match_mgmt/wala_details/input_wala_name'

2018-11-28 08:51:42 - [TEST_STEP][PASSED] - setText: Text 'Farm 2' is set on object 'Object Repository/Backoffice/match_mgmt/wala_details/input_wala_farm'

2018-11-28 08:51:42 - [MESSAGE][PASSED] - Text 'Farm 2' is set on object 'Object Repository/Backoffice/match_mgmt/wala_details/input_wala_farm'

2018-11-28 08:51:42 - [TEST_STEP][PASSED] - setText: Text 'Breed 2' is set on object 'Object Repository/Backoffice/match_mgmt/wala_details/input_wala_breed'

2018-11-28 08:51:42 - [MESSAGE][PASSED] - Text 'Breed 2' is set on object 'Object Repository/Backoffice/match_mgmt/wala_details/input_wala_breed'

2018-11-28 08:51:42 - [TEST_STEP][PASSED] - setText: Text 'Weight 2' is set on object 'Object Repository/Backoffice/match_mgmt/wala_details/input_wala_weight'

2018-11-28 08:51:43 - [MESSAGE][PASSED] - Text 'Weight 2' is set on object 'Object Repository/Backoffice/match_mgmt/wala_details/input_wala_weight'

2018-11-28 08:51:43 - [TEST_STEP][PASSED] - click: Object: 'Object Repository/Backoffice/match_mgmt/input_submit_match' is clicked on

2018-11-28 08:51:45 - [MESSAGE][PASSED] - Object: 'Object Repository/Backoffice/match_mgmt/input_submit_match' is clicked on

2018-11-28 08:51:45 - [TEST_STEP][PASSED] - delay: Delayed 1 second(s)

2018-11-28 08:51:46 - [MESSAGE][PASSED] - Delayed 1 second(s)

2018-11-28 08:51:46 - [TEST_STEP][PASSED] - click: Object: 'Object Repository/Backoffice/match_mgmt/button_create_match' is clicked on

2018-11-28 08:51:46 - [MESSAGE][PASSED] - Object: 'Object Repository/Backoffice/match_mgmt/button_create_match' is clicked on

2018-11-28 08:51:46 - [TEST_STEP][PASSED] - delay: Delayed 1 second(s)

2018-11-28 08:51:47 - [MESSAGE][PASSED] - Delayed 1 second(s)

2018-11-28 08:51:47 - [TEST_STEP][PASSED] - click: Object: 'Object Repository/Backoffice/match_mgmt/span_select_arena_name' is clicked on

2018-11-28 08:51:47 - [MESSAGE][PASSED] - Object: 'Object Repository/Backoffice/match_mgmt/span_select_arena_name' is clicked on

2018-11-28 08:51:47 - [TEST_STEP][PASSED] - setText: Text 'ALIXANDRA SPORTS COMPLEX - ASC' is set on object 'Object Repository/Backoffice/match_mgmt/input__select2-search__arena_name'

2018-11-28 08:51:49 - [MESSAGE][PASSED] - Text 'ALIXANDRA SPORTS COMPLEX - ASC' is set on object 'Object Repository/Backoffice/match_mgmt/input__select2-search__arena_name'

2018-11-28 08:51:49 - [TEST_STEP][PASSED] - sendKeys: Keys 'ENTER + ' sent to object: 'Object Repository/Backoffice/match_mgmt/input__select2-search__arena_name'

2018-11-28 08:51:49 - [MESSAGE][PASSED] - Keys 'ENTER + ' sent to object: 'Object Repository/Backoffice/match_mgmt/input__select2-search__arena_name'

2018-11-28 08:51:49 - [TEST_STEP][PASSED] - setText: Text 'AA' is set on object 'Object Repository/Backoffice/match_mgmt/meron_details/input_meron_name'

2018-11-28 08:51:49 - [MESSAGE][PASSED] - Text 'AA' is set on object 'Object Repository/Backoffice/match_mgmt/meron_details/input_meron_name'

2018-11-28 08:51:49 - [TEST_STEP][PASSED] - setText: Text 'Farm 1' is set on object 'Object Repository/Backoffice/match_mgmt/meron_details/input_meron_farm'

2018-11-28 08:51:50 - [MESSAGE][PASSED] - Text 'Farm 1' is set on object 'Object Repository/Backoffice/match_mgmt/meron_details/input_meron_farm'

2018-11-28 08:51:50 - [TEST_STEP][PASSED] - setText: Text 'Breed 1' is set on object 'Object Repository/Backoffice/match_mgmt/meron_details/input_meron_breed'

2018-11-28 08:51:50 - [MESSAGE][PASSED] - Text 'Breed 1' is set on object 'Object Repository/Backoffice/match_mgmt/meron_details/input_meron_breed'

2018-11-28 08:51:50 - [TEST_STEP][PASSED] - setText: Text 'Weight 1' is set on object 'Object Repository/Backoffice/match_mgmt/meron_details/input_meron_weight'

2018-11-28 08:51:50 - [MESSAGE][PASSED] - Text 'Weight 1' is set on object 'Object Repository/Backoffice/match_mgmt/meron_details/input_meron_weight'

2018-11-28 08:51:50 - [TEST_STEP][PASSED] - setText: Text 'BB' is set on object 'Object Repository/Backoffice/match_mgmt/wala_details/input_wala_name'

2018-11-28 08:51:51 - [MESSAGE][PASSED] - Text 'BB' is set on object 'Object Repository/Backoffice/match_mgmt/wala_details/input_wala_name'

2018-11-28 08:51:51 - [TEST_STEP][PASSED] - setText: Text 'Farm 2' is set on object 'Object Repository/Backoffice/match_mgmt/wala_details/input_wala_farm'

2018-11-28 08:51:51 - [MESSAGE][PASSED] - Text 'Farm 2' is set on object 'Object Repository/Backoffice/match_mgmt/wala_details/input_wala_farm'

2018-11-28 08:51:51 - [TEST_STEP][PASSED] - setText: Text 'Breed 2' is set on object 'Object Repository/Backoffice/match_mgmt/wala_details/input_wala_breed'

2018-11-28 08:51:51 - [MESSAGE][PASSED] - Text 'Breed 2' is set on object 'Object Repository/Backoffice/match_mgmt/wala_details/input_wala_breed'

2018-11-28 08:51:51 - [TEST_STEP][PASSED] - setText: Text 'Weight 2' is set on object 'Object Repository/Backoffice/match_mgmt/wala_details/input_wala_weight'

2018-11-28 08:51:52 - [MESSAGE][PASSED] - Text 'Weight 2' is set on object 'Object Repository/Backoffice/match_mgmt/wala_details/input_wala_weight'

2018-11-28 08:51:52 - [TEST_STEP][PASSED] - click: Object: 'Object Repository/Backoffice/match_mgmt/input_submit_match' is clicked on

2018-11-28 08:51:54 - [MESSAGE][PASSED] - Object: 'Object Repository/Backoffice/match_mgmt/input_submit_match' is clicked on

2018-11-28 08:51:54 - [TEST_STEP][PASSED] - delay: Delayed 1 second(s)

2018-11-28 08:51:55 - [MESSAGE][PASSED] - Delayed 1 second(s)

2018-11-28 08:51:55 - [TEST_STEP][PASSED] - click: Object: 'Object Repository/Backoffice/match_mgmt/button_create_match' is clicked on

2018-11-28 08:51:55 - [MESSAGE][PASSED] - Object: 'Object Repository/Backoffice/match_mgmt/button_create_match' is clicked on

2018-11-28 08:51:55 - [TEST_STEP][PASSED] - delay: Delayed 1 second(s)

2018-11-28 08:51:56 - [MESSAGE][PASSED] - Delayed 1 second(s)

2018-11-28 08:51:56 - [TEST_STEP][PASSED] - click: Object: 'Object Repository/Backoffice/match_mgmt/span_select_arena_name' is clicked on

2018-11-28 08:51:57 - [MESSAGE][PASSED] - Object: 'Object Repository/Backoffice/match_mgmt/span_select_arena_name' is clicked on

2018-11-28 08:51:57 - [TEST_STEP][PASSED] - setText: Text 'ALIXANDRA SPORTS COMPLEX - ASC' is set on object 'Object Repository/Backoffice/match_mgmt/input__select2-search__arena_name'

2018-11-28 08:51:58 - [MESSAGE][PASSED] - Text 'ALIXANDRA SPORTS COMPLEX - ASC' is set on object 'Object Repository/Backoffice/match_mgmt/input__select2-search__arena_name'

2018-11-28 08:51:58 - [TEST_STEP][PASSED] - sendKeys: Keys 'ENTER + ' sent to object: 'Object Repository/Backoffice/match_mgmt/input__select2-search__arena_name'

2018-11-28 08:51:58 - [MESSAGE][PASSED] - Keys 'ENTER + ' sent to object: 'Object Repository/Backoffice/match_mgmt/input__select2-search__arena_name'

2018-11-28 08:51:58 - [TEST_STEP][PASSED] - setText: Text 'AA' is set on object 'Object Repository/Backoffice/match_mgmt/meron_details/input_meron_name'

2018-11-28 08:51:59 - [MESSAGE][PASSED] - Text 'AA' is set on object 'Object Repository/Backoffice/match_mgmt/meron_details/input_meron_name'

2018-11-28 08:51:59 - [TEST_STEP][PASSED] - setText: Text 'Farm 1' is set on object 'Object Repository/Backoffice/match_mgmt/meron_details/input_meron_farm'

2018-11-28 08:51:59 - [MESSAGE][PASSED] - Text 'Farm 1' is set on object 'Object Repository/Backoffice/match_mgmt/meron_details/input_meron_farm'

2018-11-28 08:51:59 - [TEST_STEP][PASSED] - setText: Text 'Breed 1' is set on object 'Object Repository/Backoffice/match_mgmt/meron_details/input_meron_breed'

2018-11-28 08:51:59 - [MESSAGE][PASSED] - Text 'Breed 1' is set on object 'Object Repository/Backoffice/match_mgmt/meron_details/input_meron_breed'

2018-11-28 08:51:59 - [TEST_STEP][PASSED] - setText: Text 'Weight 1' is set on object 'Object Repository/Backoffice/match_mgmt/meron_details/input_meron_weight'

2018-11-28 08:52:00 - [MESSAGE][PASSED] - Text 'Weight 1' is set on object 'Object Repository/Backoffice/match_mgmt/meron_details/input_meron_weight'

2018-11-28 08:52:00 - [TEST_STEP][PASSED] - setText: Text 'BB' is set on object 'Object Repository/Backoffice/match_mgmt/wala_details/input_wala_name'

2018-11-28 08:52:00 - [MESSAGE][PASSED] - Text 'BB' is set on object 'Object Repository/Backoffice/match_mgmt/wala_details/input_wala_name'

2018-11-28 08:52:00 - [TEST_STEP][PASSED] - setText: Text 'Farm 2' is set on object 'Object Repository/Backoffice/match_mgmt/wala_details/input_wala_farm'

2018-11-28 08:52:00 - [MESSAGE][PASSED] - Text 'Farm 2' is set on object 'Object Repository/Backoffice/match_mgmt/wala_details/input_wala_farm'

2018-11-28 08:52:00 - [TEST_STEP][PASSED] - setText: Text 'Breed 2' is set on object 'Object Repository/Backoffice/match_mgmt/wala_details/input_wala_breed'

2018-11-28 08:52:00 - [MESSAGE][PASSED] - Text 'Breed 2' is set on object 'Object Repository/Backoffice/match_mgmt/wala_details/input_wala_breed'

2018-11-28 08:52:00 - [TEST_STEP][PASSED] - setText: Text 'Weight 2' is set on object 'Object Repository/Backoffice/match_mgmt/wala_details/input_wala_weight'

2018-11-28 08:52:01 - [MESSAGE][PASSED] - Text 'Weight 2' is set on object 'Object Repository/Backoffice/match_mgmt/wala_details/input_wala_weight'

2018-11-28 08:52:01 - [TEST_STEP][PASSED] - click: Object: 'Object Repository/Backoffice/match_mgmt/input_submit_match' is clicked on

2018-11-28 08:52:03 - [MESSAGE][PASSED] - Object: 'Object Repository/Backoffice/match_mgmt/input_submit_match' is clicked on

2018-11-28 08:52:03 - [TEST_STEP][PASSED] - delay: Delayed 1 second(s)

2018-11-28 08:52:04 - [MESSAGE][PASSED] - Delayed 1 second(s)

2018-11-28 08:52:04 - [TEST_STEP][PASSED] - click: Object: 'Object Repository/Backoffice/match_mgmt/button_create_match' is clicked on

2018-11-28 08:52:04 - [MESSAGE][PASSED] - Object: 'Object Repository/Backoffice/match_mgmt/button_create_match' is clicked on

2018-11-28 08:52:04 - [TEST_STEP][PASSED] - delay: Delayed 1 second(s)

2018-11-28 08:52:05 - [MESSAGE][PASSED] - Delayed 1 second(s)

2018-11-28 08:52:05 - [TEST_STEP][PASSED] - click: Object: 'Object Repository/Backoffice/match_mgmt/span_select_arena_name' is clicked on

2018-11-28 08:52:06 - [MESSAGE][PASSED] - Object: 'Object Repository/Backoffice/match_mgmt/span_select_arena_name' is clicked on

2018-11-28 08:52:06 - [TEST_STEP][PASSED] - setText: Text 'ALIXANDRA SPORTS COMPLEX - ASC' is set on object 'Object Repository/Backoffice/match_mgmt/input__select2-search__arena_name'

2018-11-28 08:52:07 - [MESSAGE][PASSED] - Text 'ALIXANDRA SPORTS COMPLEX - ASC' is set on object 'Object Repository/Backoffice/match_mgmt/input__select2-search__arena_name'

2018-11-28 08:52:07 - [TEST_STEP][PASSED] - sendKeys: Keys 'ENTER + ' sent to object: 'Object Repository/Backoffice/match_mgmt/input__select2-search__arena_name'

2018-11-28 08:52:07 - [MESSAGE][PASSED] - Keys 'ENTER + ' sent to object: 'Object Repository/Backoffice/match_mgmt/input__select2-search__arena_name'

2018-11-28 08:52:07 - [TEST_STEP][PASSED] - setText: Text 'AA' is set on object 'Object Repository/Backoffice/match_mgmt/meron_details/input_meron_name'

2018-11-28 08:52:08 - [MESSAGE][PASSED] - Text 'AA' is set on object 'Object Repository/Backoffice/match_mgmt/meron_details/input_meron_name'

2018-11-28 08:52:08 - [TEST_STEP][PASSED] - setText: Text 'Farm 1' is set on object 'Object Repository/Backoffice/match_mgmt/meron_details/input_meron_farm'

2018-11-28 08:52:08 - [MESSAGE][PASSED] - Text 'Farm 1' is set on object 'Object Repository/Backoffice/match_mgmt/meron_details/input_meron_farm'

2018-11-28 08:52:08 - [TEST_STEP][PASSED] - setText: Text 'Breed 1' is set on object 'Object Repository/Backoffice/match_mgmt/meron_details/input_meron_breed'

2018-11-28 08:52:08 - [MESSAGE][PASSED] - Text 'Breed 1' is set on object 'Object Repository/Backoffice/match_mgmt/meron_details/input_meron_breed'

2018-11-28 08:52:08 - [TEST_STEP][PASSED] - setText: Text 'Weight 1' is set on object 'Object Repository/Backoffice/match_mgmt/meron_details/input_meron_weight'

2018-11-28 08:52:09 - [MESSAGE][PASSED] - Text 'Weight 1' is set on object 'Object Repository/Backoffice/match_mgmt/meron_details/input_meron_weight'

2018-11-28 08:52:09 - [TEST_STEP][PASSED] - setText: Text 'BB' is set on object 'Object Repository/Backoffice/match_mgmt/wala_details/input_wala_name'

2018-11-28 08:52:09 - [MESSAGE][PASSED] - Text 'BB' is set on object 'Object Repository/Backoffice/match_mgmt/wala_details/input_wala_name'

2018-11-28 08:52:09 - [TEST_STEP][PASSED] - setText: Text 'Farm 2' is set on object 'Object Repository/Backoffice/match_mgmt/wala_details/input_wala_farm'

2018-11-28 08:52:09 - [MESSAGE][PASSED] - Text 'Farm 2' is set on object 'Object Repository/Backoffice/match_mgmt/wala_details/input_wala_farm'

2018-11-28 08:52:09 - [TEST_STEP][PASSED] - setText: Text 'Breed 2' is set on object 'Object Repository/Backoffice/match_mgmt/wala_details/input_wala_breed'

2018-11-28 08:52:09 - [MESSAGE][PASSED] - Text 'Breed 2' is set on object 'Object Repository/Backoffice/match_mgmt/wala_details/input_wala_breed'

2018-11-28 08:52:09 - [TEST_STEP][PASSED] - setText: Text 'Weight 2' is set on object 'Object Repository/Backoffice/match_mgmt/wala_details/input_wala_weight'

2018-11-28 08:52:10 - [MESSAGE][PASSED] - Text 'Weight 2' is set on object 'Object Repository/Backoffice/match_mgmt/wala_details/input_wala_weight'

2018-11-28 08:52:10 - [TEST_STEP][PASSED] - click: Object: 'Object Repository/Backoffice/match_mgmt/input_submit_match' is clicked on

2018-11-28 08:52:12 - [MESSAGE][PASSED] - Object: 'Object Repository/Backoffice/match_mgmt/input_submit_match' is clicked on

2018-11-28 08:52:12 - [TEST_STEP][PASSED] - delay: Delayed 1 second(s)

2018-11-28 08:52:13 - [MESSAGE][PASSED] - Delayed 1 second(s)

2018-11-28 08:52:13 - [TEST_STEP][PASSED] - click: Object: 'Object Repository/Backoffice/match_mgmt/button_create_match' is clicked on

2018-11-28 08:52:13 - [MESSAGE][PASSED] - Object: 'Object Repository/Backoffice/match_mgmt/button_create_match' is clicked on

2018-11-28 08:52:13 - [TEST_STEP][PASSED] - delay: Delayed 1 second(s)

2018-11-28 08:52:14 - [MESSAGE][PASSED] - Delayed 1 second(s)

2018-11-28 08:52:14 - [TEST_STEP][PASSED] - click: Object: 'Object Repository/Backoffice/match_mgmt/span_select_arena_name' is clicked on

2018-11-28 08:52:14 - [MESSAGE][PASSED] - Object: 'Object Repository/Backoffice/match_mgmt/span_select_arena_name' is clicked on

2018-11-28 08:52:14 - [TEST_STEP][PASSED] - setText: Text 'ALIXANDRA SPORTS COMPLEX - ASC' is set on object 'Object Repository/Backoffice/match_mgmt/input__select2-search__arena_name'

2018-11-28 08:52:15 - [MESSAGE][PASSED] - Text 'ALIXANDRA SPORTS COMPLEX - ASC' is set on object 'Object Repository/Backoffice/match_mgmt/input__select2-search__arena_name'

2018-11-28 08:52:15 - [TEST_STEP][PASSED] - sendKeys: Keys 'ENTER + ' sent to object: 'Object Repository/Backoffice/match_mgmt/input__select2-search__arena_name'

2018-11-28 08:52:16 - [MESSAGE][PASSED] - Keys 'ENTER + ' sent to object: 'Object Repository/Backoffice/match_mgmt/input__select2-search__arena_name'

2018-11-28 08:52:16 - [TEST_STEP][PASSED] - setText: Text 'AA' is set on object 'Object Repository/Backoffice/match_mgmt/meron_details/input_meron_name'

2018-11-28 08:52:16 - [MESSAGE][PASSED] - Text 'AA' is set on object 'Object Repository/Backoffice/match_mgmt/meron_details/input_meron_name'

2018-11-28 08:52:16 - [TEST_STEP][PASSED] - setText: Text 'Farm 1' is set on object 'Object Repository/Backoffice/match_mgmt/meron_details/input_meron_farm'

2018-11-28 08:52:16 - [MESSAGE][PASSED] - Text 'Farm 1' is set on object 'Object Repository/Backoffice/match_mgmt/meron_details/input_meron_farm'

2018-11-28 08:52:16 - [TEST_STEP][PASSED] - setText: Text 'Breed 1' is set on object 'Object Repository/Backoffice/match_mgmt/meron_details/input_meron_breed'

2018-11-28 08:52:16 - [MESSAGE][PASSED] - Text 'Breed 1' is set on object 'Object Repository/Backoffice/match_mgmt/meron_details/input_meron_breed'

2018-11-28 08:52:16 - [TEST_STEP][PASSED] - setText: Text 'Weight 1' is set on object 'Object Repository/Backoffice/match_mgmt/meron_details/input_meron_weight'

2018-11-28 08:52:17 - [MESSAGE][PASSED] - Text 'Weight 1' is set on object 'Object Repository/Backoffice/match_mgmt/meron_details/input_meron_weight'

2018-11-28 08:52:17 - [TEST_STEP][PASSED] - setText: Text 'BB' is set on object 'Object Repository/Backoffice/match_mgmt/wala_details/input_wala_name'

2018-11-28 08:52:17 - [MESSAGE][PASSED] - Text 'BB' is set on object 'Object Repository/Backoffice/match_mgmt/wala_details/input_wala_name'

2018-11-28 08:52:17 - [TEST_STEP][PASSED] - setText: Text 'Farm 2' is set on object 'Object Repository/Backoffice/match_mgmt/wala_details/input_wala_farm'

2018-11-28 08:52:17 - [MESSAGE][PASSED] - Text 'Farm 2' is set on object 'Object Repository/Backoffice/match_mgmt/wala_details/input_wala_farm'

2018-11-28 08:52:17 - [TEST_STEP][PASSED] - setText: Text 'Breed 2' is set on object 'Object Repository/Backoffice/match_mgmt/wala_details/input_wala_breed'

2018-11-28 08:52:18 - [MESSAGE][PASSED] - Text 'Breed 2' is set on object 'Object Repository/Backoffice/match_mgmt/wala_details/input_wala_breed'

2018-11-28 08:52:18 - [TEST_STEP][PASSED] - setText: Text 'Weight 2' is set on object 'Object Repository/Backoffice/match_mgmt/wala_details/input_wala_weight'

2018-11-28 08:52:18 - [MESSAGE][PASSED] - Text 'Weight 2' is set on object 'Object Repository/Backoffice/match_mgmt/wala_details/input_wala_weight'

2018-11-28 08:52:18 - [TEST_STEP][PASSED] - click: Object: 'Object Repository/Backoffice/match_mgmt/input_submit_match' is clicked on

2018-11-28 08:52:20 - [MESSAGE][PASSED] - Object: 'Object Repository/Backoffice/match_mgmt/input_submit_match' is clicked on

2018-11-28 08:52:20 - [TEST_STEP][PASSED] - delay: Delayed 1 second(s)

2018-11-28 08:52:21 - [MESSAGE][PASSED] - Delayed 1 second(s)

2018-11-28 08:52:21 - [TEST_STEP][PASSED] - click: Object: 'Object Repository/Backoffice/match_mgmt/button_create_match' is clicked on

2018-11-28 08:52:22 - [MESSAGE][PASSED] - Object: 'Object Repository/Backoffice/match_mgmt/button_create_match' is clicked on

2018-11-28 08:52:22 - [TEST_STEP][PASSED] - delay: Delayed 1 second(s)

2018-11-28 08:52:23 - [MESSAGE][PASSED] - Delayed 1 second(s)

2018-11-28 08:52:23 - [TEST_STEP][PASSED] - click: Object: 'Object Repository/Backoffice/match_mgmt/span_select_arena_name' is clicked on

2018-11-28 08:52:23 - [MESSAGE][PASSED] - Object: 'Object Repository/Backoffice/match_mgmt/span_select_arena_name' is clicked on

2018-11-28 08:52:23 - [TEST_STEP][PASSED] - setText: Text 'ALIXANDRA SPORTS COMPLEX - ASC' is set on object 'Object Repository/Backoffice/match_mgmt/input__select2-search__arena_name'

2018-11-28 08:52:24 - [MESSAGE][PASSED] - Text 'ALIXANDRA SPORTS COMPLEX - ASC' is set on object 'Object Repository/Backoffice/match_mgmt/input__select2-search__arena_name'

2018-11-28 08:52:24 - [TEST_STEP][PASSED] - sendKeys: Keys 'ENTER + ' sent to object: 'Object Repository/Backoffice/match_mgmt/input__select2-search__arena_name'

2018-11-28 08:52:24 - [MESSAGE][PASSED] - Keys 'ENTER + ' sent to object: 'Object Repository/Backoffice/match_mgmt/input__select2-search__arena_name'

2018-11-28 08:52:24 - [TEST_STEP][PASSED] - setText: Text 'AA' is set on object 'Object Repository/Backoffice/match_mgmt/meron_details/input_meron_name'

2018-11-28 08:52:25 - [MESSAGE][PASSED] - Text 'AA' is set on object 'Object Repository/Backoffice/match_mgmt/meron_details/input_meron_name'

2018-11-28 08:52:25 - [TEST_STEP][PASSED] - setText: Text 'Farm 1' is set on object 'Object Repository/Backoffice/match_mgmt/meron_details/input_meron_farm'

2018-11-28 08:52:25 - [MESSAGE][PASSED] - Text 'Farm 1' is set on object 'Object Repository/Backoffice/match_mgmt/meron_details/input_meron_farm'

2018-11-28 08:52:25 - [TEST_STEP][PASSED] - setText: Text 'Breed 1' is set on object 'Object Repository/Backoffice/match_mgmt/meron_details/input_meron_breed'

2018-11-28 08:52:25 - [MESSAGE][PASSED] - Text 'Breed 1' is set on object 'Object Repository/Backoffice/match_mgmt/meron_details/input_meron_breed'

2018-11-28 08:52:25 - [TEST_STEP][PASSED] - setText: Text 'Weight 1' is set on object 'Object Repository/Backoffice/match_mgmt/meron_details/input_meron_weight'

2018-11-28 08:52:26 - [MESSAGE][PASSED] - Text 'Weight 1' is set on object 'Object Repository/Backoffice/match_mgmt/meron_details/input_meron_weight'

2018-11-28 08:52:26 - [TEST_STEP][PASSED] - setText: Text 'BB' is set on object 'Object Repository/Backoffice/match_mgmt/wala_details/input_wala_name'

2018-11-28 08:52:26 - [MESSAGE][PASSED] - Text 'BB' is set on object 'Object Repository/Backoffice/match_mgmt/wala_details/input_wala_name'

2018-11-28 08:52:26 - [TEST_STEP][PASSED] - setText: Text 'Farm 2' is set on object 'Object Repository/Backoffice/match_mgmt/wala_details/input_wala_farm'

2018-11-28 08:52:26 - [MESSAGE][PASSED] - Text 'Farm 2' is set on object 'Object Repository/Backoffice/match_mgmt/wala_details/input_wala_farm'

2018-11-28 08:52:26 - [TEST_STEP][PASSED] - setText: Text 'Breed 2' is set on object 'Object Repository/Backoffice/match_mgmt/wala_details/input_wala_breed'

2018-11-28 08:52:27 - [MESSAGE][PASSED] - Text 'Breed 2' is set on object 'Object Repository/Backoffice/match_mgmt/wala_details/input_wala_breed'

2018-11-28 08:52:27 - [TEST_STEP][PASSED] - setText: Text 'Weight 2' is set on object 'Object Repository/Backoffice/match_mgmt/wala_details/input_wala_weight'

2018-11-28 08:52:27 - [MESSAGE][PASSED] - Text 'Weight 2' is set on object 'Object Repository/Backoffice/match_mgmt/wala_details/input_wala_weight'

2018-11-28 08:52:27 - [TEST_STEP][PASSED] - click: Object: 'Object Repository/Backoffice/match_mgmt/input_submit_match' is clicked on

2018-11-28 08:52:29 - [MESSAGE][PASSED] - Object: 'Object Repository/Backoffice/match_mgmt/input_submit_match' is clicked on

2018-11-28 08:52:29 - [TEST_STEP][PASSED] - delay: Delayed 1 second(s)

2018-11-28 08:52:30 - [MESSAGE][PASSED] - Delayed 1 second(s)

2018-11-28 08:52:30 - [TEST_STEP][PASSED] - click: Object: 'Object Repository/Backoffice/match_mgmt/button_create_match' is clicked on

2018-11-28 08:52:30 - [MESSAGE][PASSED] - Object: 'Object Repository/Backoffice/match_mgmt/button_create_match' is clicked on

2018-11-28 08:52:30 - [TEST_STEP][PASSED] - delay: Delayed 1 second(s)

2018-11-28 08:52:31 - [MESSAGE][PASSED] - Delayed 1 second(s)

2018-11-28 08:52:31 - [TEST_STEP][PASSED] - click: Object: 'Object Repository/Backoffice/match_mgmt/span_select_arena_name' is clicked on

2018-11-28 08:52:31 - [MESSAGE][PASSED] - Object: 'Object Repository/Backoffice/match_mgmt/span_select_arena_name' is clicked on

2018-11-28 08:52:31 - [TEST_STEP][PASSED] - setText: Text 'ALIXANDRA SPORTS COMPLEX - ASC' is set on object 'Object Repository/Backoffice/match_mgmt/input__select2-search__arena_name'

2018-11-28 08:52:33 - [MESSAGE][PASSED] - Text 'ALIXANDRA SPORTS COMPLEX - ASC' is set on object 'Object Repository/Backoffice/match_mgmt/input__select2-search__arena_name'

2018-11-28 08:52:33 - [TEST_STEP][PASSED] - sendKeys: Keys 'ENTER + ' sent to object: 'Object Repository/Backoffice/match_mgmt/input__select2-search__arena_name'

2018-11-28 08:52:33 - [MESSAGE][PASSED] - Keys 'ENTER + ' sent to object: 'Object Repository/Backoffice/match_mgmt/input__select2-search__arena_name'

2018-11-28 08:52:33 - [TEST_STEP][PASSED] - setText: Text 'AA' is set on object 'Object Repository/Backoffice/match_mgmt/meron_details/input_meron_name'

2018-11-28 08:52:33 - [MESSAGE][PASSED] - Text 'AA' is set on object 'Object Repository/Backoffice/match_mgmt/meron_details/input_meron_name'

2018-11-28 08:52:33 - [TEST_STEP][PASSED] - setText: Text 'Farm 1' is set on object 'Object Repository/Backoffice/match_mgmt/meron_details/input_meron_farm'

2018-11-28 08:52:34 - [MESSAGE][PASSED] - Text 'Farm 1' is set on object 'Object Repository/Backoffice/match_mgmt/meron_details/input_meron_farm'

2018-11-28 08:52:34 - [TEST_STEP][PASSED] - setText: Text 'Breed 1' is set on object 'Object Repository/Backoffice/match_mgmt/meron_details/input_meron_breed'

2018-11-28 08:52:34 - [MESSAGE][PASSED] - Text 'Breed 1' is set on object 'Object Repository/Backoffice/match_mgmt/meron_details/input_meron_breed'

2018-11-28 08:52:34 - [TEST_STEP][PASSED] - setText: Text 'Weight 1' is set on object 'Object Repository/Backoffice/match_mgmt/meron_details/input_meron_weight'

2018-11-28 08:52:34 - [MESSAGE][PASSED] - Text 'Weight 1' is set on object 'Object Repository/Backoffice/match_mgmt/meron_details/input_meron_weight'

2018-11-28 08:52:34 - [TEST_STEP][PASSED] - setText: Text 'BB' is set on object 'Object Repository/Backoffice/match_mgmt/wala_details/input_wala_name'

2018-11-28 08:52:35 - [MESSAGE][PASSED] - Text 'BB' is set on object 'Object Repository/Backoffice/match_mgmt/wala_details/input_wala_name'

2018-11-28 08:52:35 - [TEST_STEP][PASSED] - setText: Text 'Farm 2' is set on object 'Object Repository/Backoffice/match_mgmt/wala_details/input_wala_farm'

2018-11-28 08:52:35 - [MESSAGE][PASSED] - Text 'Farm 2' is set on object 'Object Repository/Backoffice/match_mgmt/wala_details/input_wala_farm'

2018-11-28 08:52:35 - [TEST_STEP][PASSED] - setText: Text 'Breed 2' is set on object 'Object Repository/Backoffice/match_mgmt/wala_details/input_wala_breed'

2018-11-28 08:52:35 - [MESSAGE][PASSED] - Text 'Breed 2' is set on object 'Object Repository/Backoffice/match_mgmt/wala_details/input_wala_breed'

2018-11-28 08:52:35 - [TEST_STEP][PASSED] - setText: Text 'Weight 2' is set on object 'Object Repository/Backoffice/match_mgmt/wala_details/input_wala_weight'

2018-11-28 08:52:36 - [MESSAGE][PASSED] - Text 'Weight 2' is set on object 'Object Repository/Backoffice/match_mgmt/wala_details/input_wala_weight'

2018-11-28 08:52:36 - [TEST_STEP][PASSED] - click: Object: 'Object Repository/Backoffice/match_mgmt/input_submit_match' is clicked on

2018-11-28 08:52:38 - [MESSAGE][PASSED] - Object: 'Object Repository/Backoffice/match_mgmt/input_submit_match' is clicked on

2018-11-28 08:52:38 - [TEST_STEP][PASSED] - delay: Delayed 1 second(s)

2018-11-28 08:52:39 - [MESSAGE][PASSED] - Delayed 1 second(s)

2018-11-28 08:52:39 - [TEST_STEP][PASSED] - click: Object: 'Object Repository/Backoffice/match_mgmt/button_create_match' is clicked on

2018-11-28 08:52:39 - [MESSAGE][PASSED] - Object: 'Object Repository/Backoffice/match_mgmt/button_create_match' is clicked on

2018-11-28 08:52:39 - [TEST_STEP][PASSED] - delay: Delayed 1 second(s)

2018-11-28 08:52:40 - [MESSAGE][PASSED] - Delayed 1 second(s)

2018-11-28 08:52:40 - [TEST_STEP][PASSED] - click: Object: 'Object Repository/Backoffice/match_mgmt/span_select_arena_name' is clicked on

2018-11-28 08:52:40 - [MESSAGE][PASSED] - Object: 'Object Repository/Backoffice/match_mgmt/span_select_arena_name' is clicked on

2018-11-28 08:52:40 - [TEST_STEP][PASSED] - setText: Text 'ALIXANDRA SPORTS COMPLEX - ASC' is set on object 'Object Repository/Backoffice/match_mgmt/input__select2-search__arena_name'

2018-11-28 08:52:42 - [MESSAGE][PASSED] - Text 'ALIXANDRA SPORTS COMPLEX - ASC' is set on object 'Object Repository/Backoffice/match_mgmt/input__select2-search__arena_name'

2018-11-28 08:52:42 - [TEST_STEP][PASSED] - sendKeys: Keys 'ENTER + ' sent to object: 'Object Repository/Backoffice/match_mgmt/input__select2-search__arena_name'

2018-11-28 08:52:42 - [MESSAGE][PASSED] - Keys 'ENTER + ' sent to object: 'Object Repository/Backoffice/match_mgmt/input__select2-search__arena_name'

2018-11-28 08:52:42 - [TEST_STEP][PASSED] - setText: Text 'AA' is set on object 'Object Repository/Backoffice/match_mgmt/meron_details/input_meron_name'

2018-11-28 08:52:42 - [MESSAGE][PASSED] - Text 'AA' is set on object 'Object Repository/Backoffice/match_mgmt/meron_details/input_meron_name'

2018-11-28 08:52:42 - [TEST_STEP][PASSED] - setText: Text 'Farm 1' is set on object 'Object Repository/Backoffice/match_mgmt/meron_details/input_meron_farm'

2018-11-28 08:52:42 - [MESSAGE][PASSED] - Text 'Farm 1' is set on object 'Object Repository/Backoffice/match_mgmt/meron_details/input_meron_farm'

2018-11-28 08:52:42 - [TEST_STEP][PASSED] - setText: Text 'Breed 1' is set on object 'Object Repository/Backoffice/match_mgmt/meron_details/input_meron_breed'

2018-11-28 08:52:43 - [MESSAGE][PASSED] - Text 'Breed 1' is set on object 'Object Repository/Backoffice/match_mgmt/meron_details/input_meron_breed'

2018-11-28 08:52:43 - [TEST_STEP][PASSED] - setText: Text 'Weight 1' is set on object 'Object Repository/Backoffice/match_mgmt/meron_details/input_meron_weight'

2018-11-28 08:52:43 - [MESSAGE][PASSED] - Text 'Weight 1' is set on object 'Object Repository/Backoffice/match_mgmt/meron_details/input_meron_weight'

2018-11-28 08:52:43 - [TEST_STEP][PASSED] - setText: Text 'BB' is set on object 'Object Repository/Backoffice/match_mgmt/wala_details/input_wala_name'

2018-11-28 08:52:43 - [MESSAGE][PASSED] - Text 'BB' is set on object 'Object Repository/Backoffice/match_mgmt/wala_details/input_wala_name'

2018-11-28 08:52:43 - [TEST_STEP][PASSED] - setText: Text 'Farm 2' is set on object 'Object Repository/Backoffice/match_mgmt/wala_details/input_wala_farm'

2018-11-28 08:52:44 - [MESSAGE][PASSED] - Text 'Farm 2' is set on object 'Object Repository/Backoffice/match_mgmt/wala_details/input_wala_farm'

2018-11-28 08:52:44 - [TEST_STEP][PASSED] - setText: Text 'Breed 2' is set on object 'Object Repository/Backoffice/match_mgmt/wala_details/input_wala_breed'

2018-11-28 08:52:44 - [MESSAGE][PASSED] - Text 'Breed 2' is set on object 'Object Repository/Backoffice/match_mgmt/wala_details/input_wala_breed'

2018-11-28 08:52:44 - [TEST_STEP][PASSED] - setText: Text 'Weight 2' is set on object 'Object Repository/Backoffice/match_mgmt/wala_details/input_wala_weight'

2018-11-28 08:52:44 - [MESSAGE][PASSED] - Text 'Weight 2' is set on object 'Object Repository/Backoffice/match_mgmt/wala_details/input_wala_weight'

2018-11-28 08:52:44 - [TEST_STEP][PASSED] - click: Object: 'Object Repository/Backoffice/match_mgmt/input_submit_match' is clicked on

2018-11-28 08:52:47 - [MESSAGE][PASSED] - Object: 'Object Repository/Backoffice/match_mgmt/input_submit_match' is clicked on

2018-11-28 08:52:47 - [TEST_STEP][PASSED] - delay: Delayed 1 second(s)

2018-11-28 08:52:48 - [MESSAGE][PASSED] - Delayed 1 second(s)

2018-11-28 08:52:48 - [TEST_STEP][PASSED] - click: Object: 'Object Repository/Backoffice/match_mgmt/button_create_match' is clicked on

2018-11-28 08:52:48 - [MESSAGE][PASSED] - Object: 'Object Repository/Backoffice/match_mgmt/button_create_match' is clicked on

2018-11-28 08:52:48 - [TEST_STEP][PASSED] - delay: Delayed 1 second(s)

2018-11-28 08:52:49 - [MESSAGE][PASSED] - Delayed 1 second(s)

2018-11-28 08:52:49 - [TEST_STEP][PASSED] - click: Object: 'Object Repository/Backoffice/match_mgmt/span_select_arena_name' is clicked on

2018-11-28 08:52:49 - [MESSAGE][PASSED] - Object: 'Object Repository/Backoffice/match_mgmt/span_select_arena_name' is clicked on

2018-11-28 08:52:49 - [TEST_STEP][PASSED] - setText: Text 'ALIXANDRA SPORTS COMPLEX - ASC' is set on object 'Object Repository/Backoffice/match_mgmt/input__select2-search__arena_name'

2018-11-28 08:52:50 - [MESSAGE][PASSED] - Text 'ALIXANDRA SPORTS COMPLEX - ASC' is set on object 'Object Repository/Backoffice/match_mgmt/input__select2-search__arena_name'

2018-11-28 08:52:50 - [TEST_STEP][PASSED] - sendKeys: Keys 'ENTER + ' sent to object: 'Object Repository/Backoffice/match_mgmt/input__select2-search__arena_name'

2018-11-28 08:52:50 - [MESSAGE][PASSED] - Keys 'ENTER + ' sent to object: 'Object Repository/Backoffice/match_mgmt/input__select2-search__arena_name'

2018-11-28 08:52:50 - [TEST_STEP][PASSED] - setText: Text 'AA' is set on object 'Object Repository/Backoffice/match_mgmt/meron_details/input_meron_name'

2018-11-28 08:52:51 - [MESSAGE][PASSED] - Text 'AA' is set on object 'Object Repository/Backoffice/match_mgmt/meron_details/input_meron_name'

2018-11-28 08:52:51 - [TEST_STEP][PASSED] - setText: Text 'Farm 1' is set on object 'Object Repository/Backoffice/match_mgmt/meron_details/input_meron_farm'

2018-11-28 08:52:51 - [MESSAGE][PASSED] - Text 'Farm 1' is set on object 'Object Repository/Backoffice/match_mgmt/meron_details/input_meron_farm'

2018-11-28 08:52:51 - [TEST_STEP][PASSED] - setText: Text 'Breed 1' is set on object 'Object Repository/Backoffice/match_mgmt/meron_details/input_meron_breed'

2018-11-28 08:52:51 - [MESSAGE][PASSED] - Text 'Breed 1' is set on object 'Object Repository/Backoffice/match_mgmt/meron_details/input_meron_breed'

2018-11-28 08:52:51 - [TEST_STEP][PASSED] - setText: Text 'Weight 1' is set on object 'Object Repository/Backoffice/match_mgmt/meron_details/input_meron_weight'

2018-11-28 08:52:52 - [MESSAGE][PASSED] - Text 'Weight 1' is set on object 'Object Repository/Backoffice/match_mgmt/meron_details/input_meron_weight'

2018-11-28 08:52:52 - [TEST_STEP][PASSED] - setText: Text 'BB' is set on object 'Object Repository/Backoffice/match_mgmt/wala_details/input_wala_name'

2018-11-28 08:52:52 - [MESSAGE][PASSED] - Text 'BB' is set on object 'Object Repository/Backoffice/match_mgmt/wala_details/input_wala_name'

2018-11-28 08:52:52 - [TEST_STEP][PASSED] - setText: Text 'Farm 2' is set on object 'Object Repository/Backoffice/match_mgmt/wala_details/input_wala_farm'

2018-11-28 08:52:52 - [MESSAGE][PASSED] - Text 'Farm 2' is set on object 'Object Repository/Backoffice/match_mgmt/wala_details/input_wala_farm'

2018-11-28 08:52:52 - [TEST_STEP][PASSED] - setText: Text 'Breed 2' is set on object 'Object Repository/Backoffice/match_mgmt/wala_details/input_wala_breed'

2018-11-28 08:52:52 - [MESSAGE][PASSED] - Text 'Breed 2' is set on object 'Object Repository/Backoffice/match_mgmt/wala_details/input_wala_breed'

2018-11-28 08:52:52 - [TEST_STEP][PASSED] - setText: Text 'Weight 2' is set on object 'Object Repository/Backoffice/match_mgmt/wala_details/input_wala_weight'

2018-11-28 08:52:53 - [MESSAGE][PASSED] - Text 'Weight 2' is set on object 'Object Repository/Backoffice/match_mgmt/wala_details/input_wala_weight'

2018-11-28 08:52:53 - [TEST_STEP][PASSED] - click: Object: 'Object Repository/Backoffice/match_mgmt/input_submit_match' is clicked on

2018-11-28 08:52:55 - [MESSAGE][PASSED] - Object: 'Object Repository/Backoffice/match_mgmt/input_submit_match' is clicked on

2018-11-28 08:52:55 - [TEST_STEP][PASSED] - delay: Delayed 1 second(s)

2018-11-28 08:52:56 - [MESSAGE][PASSED] - Delayed 1 second(s)

2018-11-28 08:52:56 - [TEST_STEP][PASSED] - click: Object: 'Object Repository/Backoffice/match_mgmt/button_create_match' is clicked on

2018-11-28 08:52:56 - [MESSAGE][PASSED] - Object: 'Object Repository/Backoffice/match_mgmt/button_create_match' is clicked on

2018-11-28 08:52:56 - [TEST_STEP][PASSED] - delay: Delayed 1 second(s)

2018-11-28 08:52:57 - [MESSAGE][PASSED] - Delayed 1 second(s)

2018-11-28 08:52:57 - [TEST_STEP][PASSED] - click: Object: 'Object Repository/Backoffice/match_mgmt/span_select_arena_name' is clicked on

2018-11-28 08:52:58 - [MESSAGE][PASSED] - Object: 'Object Repository/Backoffice/match_mgmt/span_select_arena_name' is clicked on

2018-11-28 08:52:58 - [TEST_STEP][PASSED] - setText: Text 'ALIXANDRA SPORTS COMPLEX - ASC' is set on object 'Object Repository/Backoffice/match_mgmt/input__select2-search__arena_name'

2018-11-28 08:52:59 - [MESSAGE][PASSED] - Text 'ALIXANDRA SPORTS COMPLEX - ASC' is set on object 'Object Repository/Backoffice/match_mgmt/input__select2-search__arena_name'

2018-11-28 08:52:59 - [TEST_STEP][PASSED] - sendKeys: Keys 'ENTER + ' sent to object: 'Object Repository/Backoffice/match_mgmt/input__select2-search__arena_name'

2018-11-28 08:52:59 - [MESSAGE][PASSED] - Keys 'ENTER + ' sent to object: 'Object Repository/Backoffice/match_mgmt/input__select2-search__arena_name'

2018-11-28 08:52:59 - [TEST_STEP][PASSED] - setText: Text 'AA' is set on object 'Object Repository/Backoffice/match_mgmt/meron_details/input_meron_name'

2018-11-28 08:52:59 - [MESSAGE][PASSED] - Text 'AA' is set on object 'Object Repository/Backoffice/match_mgmt/meron_details/input_meron_name'

2018-11-28 08:52:59 - [TEST_STEP][PASSED] - setText: Text 'Farm 1' is set on object 'Object Repository/Backoffice/match_mgmt/meron_details/input_meron_farm'

2018-11-28 08:53:00 - [MESSAGE][PASSED] - Text 'Farm 1' is set on object 'Object Repository/Backoffice/match_mgmt/meron_details/input_meron_farm'

2018-11-28 08:53:00 - [TEST_STEP][PASSED] - setText: Text 'Breed 1' is set on object 'Object Repository/Backoffice/match_mgmt/meron_details/input_meron_breed'

2018-11-28 08:53:00 - [MESSAGE][PASSED] - Text 'Breed 1' is set on object 'Object Repository/Backoffice/match_mgmt/meron_details/input_meron_breed'

2018-11-28 08:53:00 - [TEST_STEP][PASSED] - setText: Text 'Weight 1' is set on object 'Object Repository/Backoffice/match_mgmt/meron_details/input_meron_weight'

2018-11-28 08:53:00 - [MESSAGE][PASSED] - Text 'Weight 1' is set on object 'Object Repository/Backoffice/match_mgmt/meron_details/input_meron_weight'

2018-11-28 08:53:00 - [TEST_STEP][PASSED] - setText: Text 'BB' is set on object 'Object Repository/Backoffice/match_mgmt/wala_details/input_wala_name'

2018-11-28 08:53:01 - [MESSAGE][PASSED] - Text 'BB' is set on object 'Object Repository/Backoffice/match_mgmt/wala_details/input_wala_name'

2018-11-28 08:53:01 - [TEST_STEP][PASSED] - setText: Text 'Farm 2' is set on object 'Object Repository/Backoffice/match_mgmt/wala_details/input_wala_farm'

2018-11-28 08:53:01 - [MESSAGE][PASSED] - Text 'Farm 2' is set on object 'Object Repository/Backoffice/match_mgmt/wala_details/input_wala_farm'

2018-11-28 08:53:01 - [TEST_STEP][PASSED] - setText: Text 'Breed 2' is set on object 'Object Repository/Backoffice/match_mgmt/wala_details/input_wala_breed'

2018-11-28 08:53:01 - [MESSAGE][PASSED] - Text 'Breed 2' is set on object 'Object Repository/Backoffice/match_mgmt/wala_details/input_wala_breed'

2018-11-28 08:53:01 - [TEST_STEP][PASSED] - setText: Text 'Weight 2' is set on object 'Object Repository/Backoffice/match_mgmt/wala_details/input_wala_weight'

2018-11-28 08:53:01 - [MESSAGE][PASSED] - Text 'Weight 2' is set on object 'Object Repository/Backoffice/match_mgmt/wala_details/input_wala_weight'

2018-11-28 08:53:01 - [TEST_STEP][PASSED] - click: Object: 'Object Repository/Backoffice/match_mgmt/input_submit_match' is clicked on

2018-11-28 08:53:04 - [MESSAGE][PASSED] - Object: 'Object Repository/Backoffice/match_mgmt/input_submit_match' is clicked on

2018-11-28 08:53:04 - [TEST_STEP][PASSED] - delay: Delayed 1 second(s)

2018-11-28 08:53:05 - [MESSAGE][PASSED] - Delayed 1 second(s)

2018-11-28 08:53:05 - [TEST_STEP][PASSED] - click: Object: 'Object Repository/Backoffice/match_mgmt/button_create_match' is clicked on

2018-11-28 08:53:05 - [MESSAGE][PASSED] - Object: 'Object Repository/Backoffice/match_mgmt/button_create_match' is clicked on

2018-11-28 08:53:05 - [TEST_STEP][PASSED] - delay: Delayed 1 second(s)

2018-11-28 08:53:06 - [MESSAGE][PASSED] - Delayed 1 second(s)

2018-11-28 08:53:06 - [TEST_STEP][PASSED] - click: Object: 'Object Repository/Backoffice/match_mgmt/span_select_arena_name' is clicked on

2018-11-28 08:53:07 - [MESSAGE][PASSED] - Object: 'Object Repository/Backoffice/match_mgmt/span_select_arena_name' is clicked on

2018-11-28 08:53:07 - [TEST_STEP][PASSED] - setText: Text 'ALIXANDRA SPORTS COMPLEX - ASC' is set on object 'Object Repository/Backoffice/match_mgmt/input__select2-search__arena_name'

2018-11-28 08:53:08 - [MESSAGE][PASSED] - Text 'ALIXANDRA SPORTS COMPLEX - ASC' is set on object 'Object Repository/Backoffice/match_mgmt/input__select2-search__arena_name'

2018-11-28 08:53:08 - [TEST_STEP][PASSED] - sendKeys: Keys 'ENTER + ' sent to object: 'Object Repository/Backoffice/match_mgmt/input__select2-search__arena_name'

2018-11-28 08:53:08 - [MESSAGE][PASSED] - Keys 'ENTER + ' sent to object: 'Object Repository/Backoffice/match_mgmt/input__select2-search__arena_name'

2018-11-28 08:53:08 - [TEST_STEP][PASSED] - setText: Text 'AA' is set on object 'Object Repository/Backoffice/match_mgmt/meron_details/input_meron_name'

2018-11-28 08:53:09 - [MESSAGE][PASSED] - Text 'AA' is set on object 'Object Repository/Backoffice/match_mgmt/meron_details/input_meron_name'

2018-11-28 08:53:09 - [TEST_STEP][PASSED] - setText: Text 'Farm 1' is set on object 'Object Repository/Backoffice/match_mgmt/meron_details/input_meron_farm'

2018-11-28 08:53:09 - [MESSAGE][PASSED] - Text 'Farm 1' is set on object 'Object Repository/Backoffice/match_mgmt/meron_details/input_meron_farm'

2018-11-28 08:53:09 - [TEST_STEP][PASSED] - setText: Text 'Breed 1' is set on object 'Object Repository/Backoffice/match_mgmt/meron_details/input_meron_breed'

2018-11-28 08:53:09 - [MESSAGE][PASSED] - Text 'Breed 1' is set on object 'Object Repository/Backoffice/match_mgmt/meron_details/input_meron_breed'

2018-11-28 08:53:09 - [TEST_STEP][PASSED] - setText: Text 'Weight 1' is set on object 'Object Repository/Backoffice/match_mgmt/meron_details/input_meron_weight'

2018-11-28 08:53:10 - [MESSAGE][PASSED] - Text 'Weight 1' is set on object 'Object Repository/Backoffice/match_mgmt/meron_details/input_meron_weight'

2018-11-28 08:53:10 - [TEST_STEP][PASSED] - setText: Text 'BB' is set on object 'Object Repository/Backoffice/match_mgmt/wala_details/input_wala_name'

2018-11-28 08:53:10 - [MESSAGE][PASSED] - Text 'BB' is set on object 'Object Repository/Backoffice/match_mgmt/wala_details/input_wala_name'

2018-11-28 08:53:10 - [TEST_STEP][PASSED] - setText: Text 'Farm 2' is set on object 'Object Repository/Backoffice/match_mgmt/wala_details/input_wala_farm'

2018-11-28 08:53:10 - [MESSAGE][PASSED] - Text 'Farm 2' is set on object 'Object Repository/Backoffice/match_mgmt/wala_details/input_wala_farm'

2018-11-28 08:53:10 - [TEST_STEP][PASSED] - setText: Text 'Breed 2' is set on object 'Object Repository/Backoffice/match_mgmt/wala_details/input_wala_breed'

2018-11-28 08:53:11 - [MESSAGE][PASSED] - Text 'Breed 2' is set on object 'Object Repository/Backoffice/match_mgmt/wala_details/input_wala_breed'

2018-11-28 08:53:11 - [TEST_STEP][PASSED] - setText: Text 'Weight 2' is set on object 'Object Repository/Backoffice/match_mgmt/wala_details/input_wala_weight'

2018-11-28 08:53:11 - [MESSAGE][PASSED] - Text 'Weight 2' is set on object 'Object Repository/Backoffice/match_mgmt/wala_details/input_wala_weight'

2018-11-28 08:53:11 - [TEST_STEP][PASSED] - click: Object: 'Object Repository/Backoffice/match_mgmt/input_submit_match' is clicked on

2018-11-28 08:53:14 - [MESSAGE][PASSED] - Object: 'Object Repository/Backoffice/match_mgmt/input_submit_match' is clicked on

2018-11-28 08:53:14 - [TEST_STEP][PASSED] - delay: Delayed 1 second(s)

2018-11-28 08:53:15 - [MESSAGE][PASSED] - Delayed 1 second(s)

2018-11-28 08:53:15 - [TEST_STEP][PASSED] - click: Object: 'Object Repository/Backoffice/match_mgmt/button_create_match' is clicked on

2018-11-28 08:53:15 - [MESSAGE][PASSED] - Object: 'Object Repository/Backoffice/match_mgmt/button_create_match' is clicked on

2018-11-28 08:53:15 - [TEST_STEP][PASSED] - delay: Delayed 1 second(s)

2018-11-28 08:53:16 - [MESSAGE][PASSED] - Delayed 1 second(s)

2018-11-28 08:53:16 - [TEST_STEP][PASSED] - click: Object: 'Object Repository/Backoffice/match_mgmt/span_select_arena_name' is clicked on

2018-11-28 08:53:16 - [MESSAGE][PASSED] - Object: 'Object Repository/Backoffice/match_mgmt/span_select_arena_name' is clicked on

2018-11-28 08:53:16 - [TEST_STEP][PASSED] - setText: Text 'ALIXANDRA SPORTS COMPLEX - ASC' is set on object 'Object Repository/Backoffice/match_mgmt/input__select2-search__arena_name'

2018-11-28 08:53:18 - [MESSAGE][PASSED] - Text 'ALIXANDRA SPORTS COMPLEX - ASC' is set on object 'Object Repository/Backoffice/match_mgmt/input__select2-search__arena_name'

2018-11-28 08:53:18 - [TEST_STEP][PASSED] - sendKeys: Keys 'ENTER + ' sent to object: 'Object Repository/Backoffice/match_mgmt/input__select2-search__arena_name'

2018-11-28 08:53:18 - [MESSAGE][PASSED] - Keys 'ENTER + ' sent to object: 'Object Repository/Backoffice/match_mgmt/input__select2-search__arena_name'

2018-11-28 08:53:18 - [TEST_STEP][PASSED] - setText: Text 'AA' is set on object 'Object Repository/Backoffice/match_mgmt/meron_details/input_meron_name'

2018-11-28 08:53:18 - [MESSAGE][PASSED] - Text 'AA' is set on object 'Object Repository/Backoffice/match_mgmt/meron_details/input_meron_name'

2018-11-28 08:53:18 - [TEST_STEP][PASSED] - setText: Text 'Farm 1' is set on object 'Object Repository/Backoffice/match_mgmt/meron_details/input_meron_farm'

2018-11-28 08:53:19 - [MESSAGE][PASSED] - Text 'Farm 1' is set on object 'Object Repository/Backoffice/match_mgmt/meron_details/input_meron_farm'

2018-11-28 08:53:19 - [TEST_STEP][PASSED] - setText: Text 'Breed 1' is set on object 'Object Repository/Backoffice/match_mgmt/meron_details/input_meron_breed'

2018-11-28 08:53:19 - [MESSAGE][PASSED] - Text 'Breed 1' is set on object 'Object Repository/Backoffice/match_mgmt/meron_details/input_meron_breed'

2018-11-28 08:53:19 - [TEST_STEP][PASSED] - setText: Text 'Weight 1' is set on object 'Object Repository/Backoffice/match_mgmt/meron_details/input_meron_weight'

2018-11-28 08:53:19 - [MESSAGE][PASSED] - Text 'Weight 1' is set on object 'Object Repository/Backoffice/match_mgmt/meron_details/input_meron_weight'

2018-11-28 08:53:19 - [TEST_STEP][PASSED] - setText: Text 'BB' is set on object 'Object Repository/Backoffice/match_mgmt/wala_details/input_wala_name'

2018-11-28 08:53:19 - [MESSAGE][PASSED] - Text 'BB' is set on object 'Object Repository/Backoffice/match_mgmt/wala_details/input_wala_name'

2018-11-28 08:53:19 - [TEST_STEP][PASSED] - setText: Text 'Farm 2' is set on object 'Object Repository/Backoffice/match_mgmt/wala_details/input_wala_farm'

2018-11-28 08:53:20 - [MESSAGE][PASSED] - Text 'Farm 2' is set on object 'Object Repository/Backoffice/match_mgmt/wala_details/input_wala_farm'

2018-11-28 08:53:20 - [TEST_STEP][PASSED] - setText: Text 'Breed 2' is set on object 'Object Repository/Backoffice/match_mgmt/wala_details/input_wala_breed'

2018-11-28 08:53:20 - [MESSAGE][PASSED] - Text 'Breed 2' is set on object 'Object Repository/Backoffice/match_mgmt/wala_details/input_wala_breed'

2018-11-28 08:53:20 - [TEST_STEP][PASSED] - setText: Text 'Weight 2' is set on object 'Object Repository/Backoffice/match_mgmt/wala_details/input_wala_weight'

2018-11-28 08:53:20 - [MESSAGE][PASSED] - Text 'Weight 2' is set on object 'Object Repository/Backoffice/match_mgmt/wala_details/input_wala_weight'

2018-11-28 08:53:20 - [TEST_STEP][PASSED] - click: Object: 'Object Repository/Backoffice/match_mgmt/input_submit_match' is clicked on

2018-11-28 08:53:21 - [MESSAGE][PASSED] - Object: 'Object Repository/Backoffice/match_mgmt/input_submit_match' is clicked on

2018-11-28 08:53:21 - [TEST_STEP][PASSED] - delay: Delayed 1 second(s)

2018-11-28 08:53:22 - [MESSAGE][PASSED] - Delayed 1 second(s)

2018-11-28 08:53:22 - [TEST_STEP][FAILED] - click: Unable to click on object 'Object Repository/Backoffice/match_mgmt/button_create_match' (Root cause: org.openqa.selenium.WebDriverException: unknown error: Element <button class="btn btn-success btn-xs btn-circle" data-toggle="modal" href="#add-match">...</button> is not clickable at point (140, 388). Other element would receive the click: <div class="modal fade in" id="add-match" tabindex="" role="basic" aria-hidden="true" style="display: block;">...</div>
  (Session info: chrome=70.0.3538.102)
  (Driver info: chromedriver=2.35.528161 (5b82f2d2aae0ca24b877009200ced9065a772e73),platform=Windows NT 10.0.14393 x86_64) (WARNING: The server did not provide any stacktrace information)
Command duration or timeout: 0 milliseconds
Build info: version: '3.7.1', revision: '8a0099a', time: '2017-11-06T21:07:36.161Z'
System info: host: 'WIN-A9QUABO2G0M', ip: '192.168.111.1', os.name: 'Windows Server 2016', os.arch: 'amd64', os.version: '10.0', java.version: '1.8.0_181'
Driver info: com.kms.katalon.selenium.driver.CChromeDriver
Capabilities {acceptInsecureCerts: false, acceptSslCerts: false, applicationCacheEnabled: false, browserConnectionEnabled: false, browserName: chrome, chrome: {chromedriverVersion: 2.35.528161 (5b82f2d2aae0ca..., userDataDir: C:\Users\ADMINI~1\AppData\L...}, cssSelectorsEnabled: true, databaseEnabled: false, handlesAlerts: true, hasTouchScreen: false, javascriptEnabled: true, locationContextEnabled: true, mobileEmulationEnabled: false, nativeEvents: true, networkConnectionEnabled: false, pageLoadStrategy: normal, platform: XP, platformName: XP, rotatable: false, setWindowRect: true, takesHeapSnapshot: true, takesScreenshot: true, unexpectedAlertBehaviour: , unhandledPromptBehavior: , version: 70.0.3538.102, webStorageEnabled: true}
Session ID: f82b1bc39b7544752e1ed250d150792f)

2018-11-28 08:53:22 - [MESSAGE][FAILED] - Unable to click on object 'Object Repository/Backoffice/match_mgmt/button_create_match' (Root cause: org.openqa.selenium.WebDriverException: unknown error: Element <button class="btn btn-success btn-xs btn-circle" data-toggle="modal" href="#add-match">...</button> is not clickable at point (140, 388). Other element would receive the click: <div class="modal fade in" id="add-match" tabindex="" role="basic" aria-hidden="true" style="display: block;">...</div>
  (Session info: chrome=70.0.3538.102)
  (Driver info: chromedriver=2.35.528161 (5b82f2d2aae0ca24b877009200ced9065a772e73),platform=Windows NT 10.0.14393 x86_64) (WARNING: The server did not provide any stacktrace information)
Command duration or timeout: 0 milliseconds
Build info: version: '3.7.1', revision: '8a0099a', time: '2017-11-06T21:07:36.161Z'
System info: host: 'WIN-A9QUABO2G0M', ip: '192.168.111.1', os.name: 'Windows Server 2016', os.arch: 'amd64', os.version: '10.0', java.version: '1.8.0_181'
Driver info: com.kms.katalon.selenium.driver.CChromeDriver
Capabilities {acceptInsecureCerts: false, acceptSslCerts: false, applicationCacheEnabled: false, browserConnectionEnabled: false, browserName: chrome, chrome: {chromedriverVersion: 2.35.528161 (5b82f2d2aae0ca..., userDataDir: C:\Users\ADMINI~1\AppData\L...}, cssSelectorsEnabled: true, databaseEnabled: false, handlesAlerts: true, hasTouchScreen: false, javascriptEnabled: true, locationContextEnabled: true, mobileEmulationEnabled: false, nativeEvents: true, networkConnectionEnabled: false, pageLoadStrategy: normal, platform: XP, platformName: XP, rotatable: false, setWindowRect: true, takesHeapSnapshot: true, takesScreenshot: true, unexpectedAlertBehaviour: , unhandledPromptBehavior: , version: 70.0.3538.102, webStorageEnabled: true}
Session ID: f82b1bc39b7544752e1ed250d150792f)]]></system-out>
         <system-err><![CDATA[2018-11-28 08:29:21 - [TEST_CASE][FAILED] - Test Cases/Backoffice/create_match/create_match_loop_with_open_match: Test Cases/Backoffice/create_match/create_match_loop_with_open_match FAILED because (of) (Stack trace: com.kms.katalon.core.exception.StepFailedException: Unable to click on object 'Object Repository/Backoffice/match_mgmt/button_create_match' (Root cause: org.openqa.selenium.WebDriverException: unknown error: Element <button class="btn btn-success btn-xs btn-circle" data-toggle="modal" href="#add-match">...</button> is not clickable at point (140, 388). Other element would receive the click: <div class="modal fade in" id="add-match" tabindex="" role="basic" aria-hidden="true" style="display: block;">...</div>
  (Session info: chrome=70.0.3538.102)
  (Driver info: chromedriver=2.35.528161 (5b82f2d2aae0ca24b877009200ced9065a772e73),platform=Windows NT 10.0.14393 x86_64) (WARNING: The server did not provide any stacktrace information)
Command duration or timeout: 0 milliseconds
Build info: version: '3.7.1', revision: '8a0099a', time: '2017-11-06T21:07:36.161Z'
System info: host: 'WIN-A9QUABO2G0M', ip: '192.168.111.1', os.name: 'Windows Server 2016', os.arch: 'amd64', os.version: '10.0', java.version: '1.8.0_181'
Driver info: com.kms.katalon.selenium.driver.CChromeDriver
Capabilities {acceptInsecureCerts: false, acceptSslCerts: false, applicationCacheEnabled: false, browserConnectionEnabled: false, browserName: chrome, chrome: {chromedriverVersion: 2.35.528161 (5b82f2d2aae0ca..., userDataDir: C:\Users\ADMINI~1\AppData\L...}, cssSelectorsEnabled: true, databaseEnabled: false, handlesAlerts: true, hasTouchScreen: false, javascriptEnabled: true, locationContextEnabled: true, mobileEmulationEnabled: false, nativeEvents: true, networkConnectionEnabled: false, pageLoadStrategy: normal, platform: XP, platformName: XP, rotatable: false, setWindowRect: true, takesHeapSnapshot: true, takesScreenshot: true, unexpectedAlertBehaviour: , unhandledPromptBehavior: , version: 70.0.3538.102, webStorageEnabled: true}
Session ID: f82b1bc39b7544752e1ed250d150792f)
	at com.kms.katalon.core.keyword.internal.KeywordMain.stepFailed(KeywordMain.groovy:36)
	at com.kms.katalon.core.webui.keyword.internal.WebUIKeywordMain.stepFailed(WebUIKeywordMain.groovy:65)
	at com.kms.katalon.core.webui.keyword.internal.WebUIKeywordMain.runKeyword(WebUIKeywordMain.groovy:27)
	at com.kms.katalon.core.webui.keyword.builtin.ClickKeyword.click(ClickKeyword.groovy:86)
	at com.kms.katalon.core.webui.keyword.builtin.ClickKeyword.execute(ClickKeyword.groovy:67)
	at com.kms.katalon.core.keyword.internal.KeywordExecutor.executeKeywordForPlatform(KeywordExecutor.groovy:53)
	at com.kms.katalon.core.webui.keyword.WebUiBuiltInKeywords.click(WebUiBuiltInKeywords.groovy:616)
	at com.kms.katalon.core.webui.keyword.WebUiBuiltInKeywords$click$4.call(Unknown Source)
	at Script1543288636183.run(Script1543288636183.groovy:87)
	at com.kms.katalon.core.main.ScriptEngine.run(ScriptEngine.java:183)
	at com.kms.katalon.core.main.ScriptEngine.runScriptAsRawText(ScriptEngine.java:108)
	at com.kms.katalon.core.main.TestCaseExecutor.runScript(TestCaseExecutor.java:294)
	at com.kms.katalon.core.main.TestCaseExecutor.doExecute(TestCaseExecutor.java:285)
	at com.kms.katalon.core.main.TestCaseExecutor.processExecutionPhase(TestCaseExecutor.java:264)
	at com.kms.katalon.core.main.TestCaseExecutor.accessMainPhase(TestCaseExecutor.java:256)
	at com.kms.katalon.core.main.TestCaseExecutor.execute(TestCaseExecutor.java:200)
	at com.kms.katalon.core.main.TestSuiteExecutor.accessTestCaseMainPhase(TestSuiteExecutor.java:129)
	at com.kms.katalon.core.main.TestSuiteExecutor.accessTestSuiteMainPhase(TestSuiteExecutor.java:112)
	at com.kms.katalon.core.main.TestSuiteExecutor.execute(TestSuiteExecutor.java:81)
	at com.kms.katalon.core.main.TestCaseMain.startTestSuite(TestCaseMain.java:142)
	at com.kms.katalon.core.main.TestCaseMain$startTestSuite$0.call(Unknown Source)
	at org.codehaus.groovy.runtime.callsite.CallSiteArray.defaultCall(CallSiteArray.java:48)
	at org.codehaus.groovy.runtime.callsite.AbstractCallSite.call(AbstractCallSite.java:113)
	at org.codehaus.groovy.runtime.callsite.AbstractCallSite.call(AbstractCallSite.java:141)
	at TempTestSuite1543364932111.run(TempTestSuite1543364932111.groovy:36)
	at groovy.lang.GroovyShell.runScriptOrMainOrTestOrRunnable(GroovyShell.java:263)
	at groovy.lang.GroovyShell.run(GroovyShell.java:518)
	at groovy.lang.GroovyShell.run(GroovyShell.java:507)
	at groovy.ui.GroovyMain.processOnce(GroovyMain.java:653)
	at groovy.ui.GroovyMain.run(GroovyMain.java:384)
	at groovy.ui.GroovyMain.process(GroovyMain.java:370)
	at groovy.ui.GroovyMain.processArgs(GroovyMain.java:129)
	at groovy.ui.GroovyMain.main(GroovyMain.java:109)
	at sun.reflect.NativeMethodAccessorImpl.invoke0(Native Method)
	at sun.reflect.NativeMethodAccessorImpl.invoke(NativeMethodAccessorImpl.java:62)
	at sun.reflect.DelegatingMethodAccessorImpl.invoke(DelegatingMethodAccessorImpl.java:43)
	at java.lang.reflect.Method.invoke(Method.java:498)
	at org.codehaus.groovy.tools.GroovyStarter.rootLoader(GroovyStarter.java:109)
	at org.codehaus.groovy.tools.GroovyStarter.main(GroovyStarter.java:131)
)]]></system-err>
      </testcase>
      <system-out><![CDATA[2018-11-28 08:29:21 - [TEST_SUITE][FAILED] - match_ASC: Test Cases/Backoffice/create_match/create_match_loop_with_open_match FAILED because (of) (Stack trace: com.kms.katalon.core.exception.StepFailedException: Unable to click on object 'Object Repository/Backoffice/match_mgmt/button_create_match' (Root cause: org.openqa.selenium.WebDriverException: unknown error: Element <button class="btn btn-success btn-xs btn-circle" data-toggle="modal" href="#add-match">...</button> is not clickable at point (140, 388). Other element would receive the click: <div class="modal fade in" id="add-match" tabindex="" role="basic" aria-hidden="true" style="display: block;">...</div>
  (Session info: chrome=70.0.3538.102)
  (Driver info: chromedriver=2.35.528161 (5b82f2d2aae0ca24b877009200ced9065a772e73),platform=Windows NT 10.0.14393 x86_64) (WARNING: The server did not provide any stacktrace information)
Command duration or timeout: 0 milliseconds
Build info: version: '3.7.1', revision: '8a0099a', time: '2017-11-06T21:07:36.161Z'
System info: host: 'WIN-A9QUABO2G0M', ip: '192.168.111.1', os.name: 'Windows Server 2016', os.arch: 'amd64', os.version: '10.0', java.version: '1.8.0_181'
Driver info: com.kms.katalon.selenium.driver.CChromeDriver
Capabilities {acceptInsecureCerts: false, acceptSslCerts: false, applicationCacheEnabled: false, browserConnectionEnabled: false, browserName: chrome, chrome: {chromedriverVersion: 2.35.528161 (5b82f2d2aae0ca..., userDataDir: C:\Users\ADMINI~1\AppData\L...}, cssSelectorsEnabled: true, databaseEnabled: false, handlesAlerts: true, hasTouchScreen: false, javascriptEnabled: true, locationContextEnabled: true, mobileEmulationEnabled: false, nativeEvents: true, networkConnectionEnabled: false, pageLoadStrategy: normal, platform: XP, platformName: XP, rotatable: false, setWindowRect: true, takesHeapSnapshot: true, takesScreenshot: true, unexpectedAlertBehaviour: , unhandledPromptBehavior: , version: 70.0.3538.102, webStorageEnabled: true}
Session ID: f82b1bc39b7544752e1ed250d150792f)
	at com.kms.katalon.core.keyword.internal.KeywordMain.stepFailed(KeywordMain.groovy:36)
	at com.kms.katalon.core.webui.keyword.internal.WebUIKeywordMain.stepFailed(WebUIKeywordMain.groovy:65)
	at com.kms.katalon.core.webui.keyword.internal.WebUIKeywordMain.runKeyword(WebUIKeywordMain.groovy:27)
	at com.kms.katalon.core.webui.keyword.builtin.ClickKeyword.click(ClickKeyword.groovy:86)
	at com.kms.katalon.core.webui.keyword.builtin.ClickKeyword.execute(ClickKeyword.groovy:67)
	at com.kms.katalon.core.keyword.internal.KeywordExecutor.executeKeywordForPlatform(KeywordExecutor.groovy:53)
	at com.kms.katalon.core.webui.keyword.WebUiBuiltInKeywords.click(WebUiBuiltInKeywords.groovy:616)
	at com.kms.katalon.core.webui.keyword.WebUiBuiltInKeywords$click$4.call(Unknown Source)
	at Script1543288636183.run(Script1543288636183.groovy:87)
	at com.kms.katalon.core.main.ScriptEngine.run(ScriptEngine.java:183)
	at com.kms.katalon.core.main.ScriptEngine.runScriptAsRawText(ScriptEngine.java:108)
	at com.kms.katalon.core.main.TestCaseExecutor.runScript(TestCaseExecutor.java:294)
	at com.kms.katalon.core.main.TestCaseExecutor.doExecute(TestCaseExecutor.java:285)
	at com.kms.katalon.core.main.TestCaseExecutor.processExecutionPhase(TestCaseExecutor.java:264)
	at com.kms.katalon.core.main.TestCaseExecutor.accessMainPhase(TestCaseExecutor.java:256)
	at com.kms.katalon.core.main.TestCaseExecutor.execute(TestCaseExecutor.java:200)
	at com.kms.katalon.core.main.TestSuiteExecutor.accessTestCaseMainPhase(TestSuiteExecutor.java:129)
	at com.kms.katalon.core.main.TestSuiteExecutor.accessTestSuiteMainPhase(TestSuiteExecutor.java:112)
	at com.kms.katalon.core.main.TestSuiteExecutor.execute(TestSuiteExecutor.java:81)
	at com.kms.katalon.core.main.TestCaseMain.startTestSuite(TestCaseMain.java:142)
	at com.kms.katalon.core.main.TestCaseMain$startTestSuite$0.call(Unknown Source)
	at org.codehaus.groovy.runtime.callsite.CallSiteArray.defaultCall(CallSiteArray.java:48)
	at org.codehaus.groovy.runtime.callsite.AbstractCallSite.call(AbstractCallSite.java:113)
	at org.codehaus.groovy.runtime.callsite.AbstractCallSite.call(AbstractCallSite.java:141)
	at TempTestSuite1543364932111.run(TempTestSuite1543364932111.groovy:36)
	at groovy.lang.GroovyShell.runScriptOrMainOrTestOrRunnable(GroovyShell.java:263)
	at groovy.lang.GroovyShell.run(GroovyShell.java:518)
	at groovy.lang.GroovyShell.run(GroovyShell.java:507)
	at groovy.ui.GroovyMain.processOnce(GroovyMain.java:653)
	at groovy.ui.GroovyMain.run(GroovyMain.java:384)
	at groovy.ui.GroovyMain.process(GroovyMain.java:370)
	at groovy.ui.GroovyMain.processArgs(GroovyMain.java:129)
	at groovy.ui.GroovyMain.main(GroovyMain.java:109)
	at sun.reflect.NativeMethodAccessorImpl.invoke0(Native Method)
	at sun.reflect.NativeMethodAccessorImpl.invoke(NativeMethodAccessorImpl.java:62)
	at sun.reflect.DelegatingMethodAccessorImpl.invoke(DelegatingMethodAccessorImpl.java:43)
	at java.lang.reflect.Method.invoke(Method.java:498)
	at org.codehaus.groovy.tools.GroovyStarter.rootLoader(GroovyStarter.java:109)
	at org.codehaus.groovy.tools.GroovyStarter.main(GroovyStarter.java:131)
)]]></system-out>
      <system-err><![CDATA[2018-11-28 08:29:21 - [TEST_SUITE][FAILED] - match_ASC: Test Cases/Backoffice/create_match/create_match_loop_with_open_match FAILED because (of) (Stack trace: com.kms.katalon.core.exception.StepFailedException: Unable to click on object 'Object Repository/Backoffice/match_mgmt/button_create_match' (Root cause: org.openqa.selenium.WebDriverException: unknown error: Element <button class="btn btn-success btn-xs btn-circle" data-toggle="modal" href="#add-match">...</button> is not clickable at point (140, 388). Other element would receive the click: <div class="modal fade in" id="add-match" tabindex="" role="basic" aria-hidden="true" style="display: block;">...</div>
  (Session info: chrome=70.0.3538.102)
  (Driver info: chromedriver=2.35.528161 (5b82f2d2aae0ca24b877009200ced9065a772e73),platform=Windows NT 10.0.14393 x86_64) (WARNING: The server did not provide any stacktrace information)
Command duration or timeout: 0 milliseconds
Build info: version: '3.7.1', revision: '8a0099a', time: '2017-11-06T21:07:36.161Z'
System info: host: 'WIN-A9QUABO2G0M', ip: '192.168.111.1', os.name: 'Windows Server 2016', os.arch: 'amd64', os.version: '10.0', java.version: '1.8.0_181'
Driver info: com.kms.katalon.selenium.driver.CChromeDriver
Capabilities {acceptInsecureCerts: false, acceptSslCerts: false, applicationCacheEnabled: false, browserConnectionEnabled: false, browserName: chrome, chrome: {chromedriverVersion: 2.35.528161 (5b82f2d2aae0ca..., userDataDir: C:\Users\ADMINI~1\AppData\L...}, cssSelectorsEnabled: true, databaseEnabled: false, handlesAlerts: true, hasTouchScreen: false, javascriptEnabled: true, locationContextEnabled: true, mobileEmulationEnabled: false, nativeEvents: true, networkConnectionEnabled: false, pageLoadStrategy: normal, platform: XP, platformName: XP, rotatable: false, setWindowRect: true, takesHeapSnapshot: true, takesScreenshot: true, unexpectedAlertBehaviour: , unhandledPromptBehavior: , version: 70.0.3538.102, webStorageEnabled: true}
Session ID: f82b1bc39b7544752e1ed250d150792f)
	at com.kms.katalon.core.keyword.internal.KeywordMain.stepFailed(KeywordMain.groovy:36)
	at com.kms.katalon.core.webui.keyword.internal.WebUIKeywordMain.stepFailed(WebUIKeywordMain.groovy:65)
	at com.kms.katalon.core.webui.keyword.internal.WebUIKeywordMain.runKeyword(WebUIKeywordMain.groovy:27)
	at com.kms.katalon.core.webui.keyword.builtin.ClickKeyword.click(ClickKeyword.groovy:86)
	at com.kms.katalon.core.webui.keyword.builtin.ClickKeyword.execute(ClickKeyword.groovy:67)
	at com.kms.katalon.core.keyword.internal.KeywordExecutor.executeKeywordForPlatform(KeywordExecutor.groovy:53)
	at com.kms.katalon.core.webui.keyword.WebUiBuiltInKeywords.click(WebUiBuiltInKeywords.groovy:616)
	at com.kms.katalon.core.webui.keyword.WebUiBuiltInKeywords$click$4.call(Unknown Source)
	at Script1543288636183.run(Script1543288636183.groovy:87)
	at com.kms.katalon.core.main.ScriptEngine.run(ScriptEngine.java:183)
	at com.kms.katalon.core.main.ScriptEngine.runScriptAsRawText(ScriptEngine.java:108)
	at com.kms.katalon.core.main.TestCaseExecutor.runScript(TestCaseExecutor.java:294)
	at com.kms.katalon.core.main.TestCaseExecutor.doExecute(TestCaseExecutor.java:285)
	at com.kms.katalon.core.main.TestCaseExecutor.processExecutionPhase(TestCaseExecutor.java:264)
	at com.kms.katalon.core.main.TestCaseExecutor.accessMainPhase(TestCaseExecutor.java:256)
	at com.kms.katalon.core.main.TestCaseExecutor.execute(TestCaseExecutor.java:200)
	at com.kms.katalon.core.main.TestSuiteExecutor.accessTestCaseMainPhase(TestSuiteExecutor.java:129)
	at com.kms.katalon.core.main.TestSuiteExecutor.accessTestSuiteMainPhase(TestSuiteExecutor.java:112)
	at com.kms.katalon.core.main.TestSuiteExecutor.execute(TestSuiteExecutor.java:81)
	at com.kms.katalon.core.main.TestCaseMain.startTestSuite(TestCaseMain.java:142)
	at com.kms.katalon.core.main.TestCaseMain$startTestSuite$0.call(Unknown Source)
	at org.codehaus.groovy.runtime.callsite.CallSiteArray.defaultCall(CallSiteArray.java:48)
	at org.codehaus.groovy.runtime.callsite.AbstractCallSite.call(AbstractCallSite.java:113)
	at org.codehaus.groovy.runtime.callsite.AbstractCallSite.call(AbstractCallSite.java:141)
	at TempTestSuite1543364932111.run(TempTestSuite1543364932111.groovy:36)
	at groovy.lang.GroovyShell.runScriptOrMainOrTestOrRunnable(GroovyShell.java:263)
	at groovy.lang.GroovyShell.run(GroovyShell.java:518)
	at groovy.lang.GroovyShell.run(GroovyShell.java:507)
	at groovy.ui.GroovyMain.processOnce(GroovyMain.java:653)
	at groovy.ui.GroovyMain.run(GroovyMain.java:384)
	at groovy.ui.GroovyMain.process(GroovyMain.java:370)
	at groovy.ui.GroovyMain.processArgs(GroovyMain.java:129)
	at groovy.ui.GroovyMain.main(GroovyMain.java:109)
	at sun.reflect.NativeMethodAccessorImpl.invoke0(Native Method)
	at sun.reflect.NativeMethodAccessorImpl.invoke(NativeMethodAccessorImpl.java:62)
	at sun.reflect.DelegatingMethodAccessorImpl.invoke(DelegatingMethodAccessorImpl.java:43)
	at java.lang.reflect.Method.invoke(Method.java:498)
	at org.codehaus.groovy.tools.GroovyStarter.rootLoader(GroovyStarter.java:109)
	at org.codehaus.groovy.tools.GroovyStarter.main(GroovyStarter.java:131)
)]]></system-err>
   </testsuite>
</testsuites>
