<?xml version="1.0" encoding="UTF-8"?>
<testsuites name="match_BC" time="431" tests="1" failures="0" errors="0">
   <testsuite name="match_BC" tests="1" failures="0" errors="0" time="431" timestamp="2019-01-10 10:21:14" hostname="Administrator - WIN-A9QUABO2G0M" id="Test Suites/Backoffice/create_match/create_match_loop_with_open_match (sequential) (dev)/match_BC">
      <properties>
         <property name="deviceName" value=""/>
         <property name="devicePlatform" value=""/>
         <property name="logFolder" value="C:\\Users\\Administrator\\git\\JANINE_QA\\Reports\\Backoffice\\create_match\\create_match_loop_with_open_match (sequential) (dev)\\match_BC\\20190110_100554"/>
         <property name="logFiles" value="C:\\Users\\Administrator\\git\\JANINE_QA\\Reports\\Backoffice\\create_match\\create_match_loop_with_open_match (sequential) (dev)\\match_BC\\20190110_100554\\execution0.log"/>
         <property name="attachments" value=""/>
         <property name="hostName" value="Administrator - WIN-A9QUABO2G0M"/>
         <property name="os" value="Windows Server 2016 64bit"/>
         <property name="katalonVersion" value="5.10.1.1"/>
         <property name="browser" value="Chrome 71.0.3578.98"/>
         <property name="hostAddress" value="192.168.111.1"/>
         <property name="sessionId" value="bd5fbdbb5c24d62bddd79619d91f1b85"/>
         <property name="seleniumVersion" value="3.7.1"/>
         <property name="proxyInformation" value="ProxyInformation{proxyOption=NO_PROXY, proxyServerType=HTTP, password=, proxyServerAddress=, proxyServerPort=0}"/>
         <property name="platform" value="Windows Server 2016"/>
      </properties>
      <testcase name="Test Cases/DEV/Backoffice/create_match/create_match_loop_with_open_match" classname="Test Cases/DEV/Backoffice/create_match/create_match_loop_with_open_match" status="PASSED">
         <system-out><![CDATA[2019-01-10 10:21:15 - [TEST_CASE][PASSED] - Test Cases/DEV/Backoffice/create_match/create_match_loop_with_open_match: Test Cases/DEV/Backoffice/create_match/create_match_loop_with_open_match

2019-01-10 10:21:16 - [TEST_STEP][PASSED] - mj.loginBackofficeDev.login(): mj.loginBackofficeDev.login is PASSED

2019-01-10 10:21:17 - [MESSAGE][INFO] - Starting 'Chrome' driver

2019-01-10 10:21:17 - [MESSAGE][INFO] - Action delay is set to 0 seconds

2019-01-10 10:21:20 - [MESSAGE][PASSED] - Browser is opened with url: ''

2019-01-10 10:21:21 - [MESSAGE][PASSED] - Current window maximized

2019-01-10 10:21:23 - [MESSAGE][PASSED] - Navigate to 'http://dev-admin.ucf88.com/login' successfully

2019-01-10 10:21:23 - [MESSAGE][PASSED] - Text 'janine' is set on object 'Object Repository/Backoffice/login_page/input_username'

2019-01-10 10:21:23 - [MESSAGE][PASSED] - Text ****** has been set on object 'Object Repository/Backoffice/login_page/input_password'

2019-01-10 10:21:26 - [MESSAGE][PASSED] - Object: 'Object Repository/Backoffice/login_page/button_login' is clicked on

2019-01-10 10:21:26 - [MESSAGE][PASSED] - mj.loginBackofficeDev.login is PASSED

2019-01-10 10:21:26 - [TEST_STEP][PASSED] - mouseOver(findTestObject("Backoffice/headers/span_betting")): Object: 'Object Repository/Backoffice/headers/span_betting' is hovered

2019-01-10 10:21:27 - [MESSAGE][PASSED] - Object: 'Object Repository/Backoffice/headers/span_betting' is hovered

2019-01-10 10:21:27 - [TEST_STEP][PASSED] - delay(1): Delayed 1 second(s)

2019-01-10 10:21:28 - [MESSAGE][PASSED] - Delayed 1 second(s)

2019-01-10 10:21:28 - [TEST_STEP][PASSED] - waitForElementVisible(findTestObject("Backoffice/headers/span_match"), 2): Object 'Object Repository/Backoffice/headers/span_match' is visible

2019-01-10 10:21:28 - [MESSAGE][PASSED] - Object 'Object Repository/Backoffice/headers/span_match' is visible

2019-01-10 10:21:28 - [TEST_STEP][PASSED] - click(findTestObject("Backoffice/headers/span_match")): Object: 'Object Repository/Backoffice/headers/span_match' is clicked on

2019-01-10 10:21:31 - [MESSAGE][PASSED] - Object: 'Object Repository/Backoffice/headers/span_match' is clicked on

2019-01-10 10:21:31 - [TEST_STEP][PASSED] - delay(1): Delayed 1 second(s)

2019-01-10 10:21:32 - [MESSAGE][PASSED] - Delayed 1 second(s)

2019-01-10 10:21:32 - [TEST_STEP][PASSED] - verifyElementPresent(findTestObject("Backoffice/match_mgmt/button_create_match"), 2): Object 'Object Repository/Backoffice/match_mgmt/button_create_match' is present

2019-01-10 10:21:32 - [MESSAGE][PASSED] - Object 'Object Repository/Backoffice/match_mgmt/button_create_match' is present

2019-01-10 10:21:32 - [TEST_STEP][PASSED] - click(findTestObject("Backoffice/match_mgmt/button_create_match")): Object: 'Object Repository/Backoffice/match_mgmt/button_create_match' is clicked on

2019-01-10 10:21:32 - [MESSAGE][PASSED] - Object: 'Object Repository/Backoffice/match_mgmt/button_create_match' is clicked on

2019-01-10 10:21:32 - [TEST_STEP][PASSED] - delay(1): Delayed 1 second(s)

2019-01-10 10:21:33 - [MESSAGE][PASSED] - Delayed 1 second(s)

2019-01-10 10:21:33 - [TEST_STEP][PASSED] - click(findTestObject("Backoffice/match_mgmt/span_select_arena_name")): Object: 'Object Repository/Backoffice/match_mgmt/span_select_arena_name' is clicked on

2019-01-10 10:21:33 - [MESSAGE][PASSED] - Object: 'Object Repository/Backoffice/match_mgmt/span_select_arena_name' is clicked on

2019-01-10 10:21:33 - [TEST_STEP][PASSED] - setText(findTestObject("Backoffice/match_mgmt/input__select2-search__arena_name"), Arena_Acronym): Text 'BALAGTAS COCKPIT - BC' is set on object 'Object Repository/Backoffice/match_mgmt/input__select2-search__arena_name'

2019-01-10 10:21:34 - [MESSAGE][PASSED] - Text 'BALAGTAS COCKPIT - BC' is set on object 'Object Repository/Backoffice/match_mgmt/input__select2-search__arena_name'

2019-01-10 10:21:34 - [TEST_STEP][PASSED] - sendKeys(findTestObject("Backoffice/match_mgmt/input__select2-search__arena_name"), Keys.chord(ENTER)): Keys 'ENTER + ' sent to object: 'Object Repository/Backoffice/match_mgmt/input__select2-search__arena_name'

2019-01-10 10:21:35 - [MESSAGE][PASSED] - Keys 'ENTER + ' sent to object: 'Object Repository/Backoffice/match_mgmt/input__select2-search__arena_name'

2019-01-10 10:21:35 - [TEST_STEP][PASSED] - setText(findTestObject("Backoffice/match_mgmt/meron_details/input_meron_name"), Meron_Name): Text 'AA' is set on object 'Object Repository/Backoffice/match_mgmt/meron_details/input_meron_name'

2019-01-10 10:21:35 - [MESSAGE][PASSED] - Text 'AA' is set on object 'Object Repository/Backoffice/match_mgmt/meron_details/input_meron_name'

2019-01-10 10:21:35 - [TEST_STEP][PASSED] - setText(findTestObject("Backoffice/match_mgmt/meron_details/input_meron_weight"), Meron_Weight): Text 'Weight 1' is set on object 'Object Repository/Backoffice/match_mgmt/meron_details/input_meron_weight'

2019-01-10 10:21:35 - [MESSAGE][PASSED] - Text 'Weight 1' is set on object 'Object Repository/Backoffice/match_mgmt/meron_details/input_meron_weight'

2019-01-10 10:21:35 - [TEST_STEP][PASSED] - setText(findTestObject("Backoffice/match_mgmt/wala_details/input_wala_name"), Wala_Name): Text 'BB' is set on object 'Object Repository/Backoffice/match_mgmt/wala_details/input_wala_name'

2019-01-10 10:21:36 - [MESSAGE][PASSED] - Text 'BB' is set on object 'Object Repository/Backoffice/match_mgmt/wala_details/input_wala_name'

2019-01-10 10:21:36 - [TEST_STEP][PASSED] - setText(findTestObject("Backoffice/match_mgmt/wala_details/input_wala_weight"), Wala_Weight): Text 'Weight 2' is set on object 'Object Repository/Backoffice/match_mgmt/wala_details/input_wala_weight'

2019-01-10 10:21:36 - [MESSAGE][PASSED] - Text 'Weight 2' is set on object 'Object Repository/Backoffice/match_mgmt/wala_details/input_wala_weight'

2019-01-10 10:21:36 - [TEST_STEP][PASSED] - click(findTestObject("Backoffice/match_mgmt/input_submit_match")): Object: 'Object Repository/Backoffice/match_mgmt/input_submit_match' is clicked on

2019-01-10 10:21:40 - [MESSAGE][PASSED] - Object: 'Object Repository/Backoffice/match_mgmt/input_submit_match' is clicked on

2019-01-10 10:21:40 - [TEST_STEP][PASSED] - click(findTestObject("Backoffice/match_mgmt/span_link_match")): Object: 'Object Repository/Backoffice/match_mgmt/span_link_match' is clicked on

2019-01-10 10:21:41 - [MESSAGE][PASSED] - Object: 'Object Repository/Backoffice/match_mgmt/span_link_match' is clicked on

2019-01-10 10:21:41 - [TEST_STEP][PASSED] - switchToWindowIndex(1): Switched to window with index: '1'

2019-01-10 10:21:41 - [MESSAGE][PASSED] - Switched to window with index: '1'

2019-01-10 10:21:41 - [TEST_STEP][PASSED] - delay(1): Delayed 1 second(s)

2019-01-10 10:21:42 - [MESSAGE][PASSED] - Delayed 1 second(s)

2019-01-10 10:21:42 - [TEST_STEP][PASSED] - click(findTestObject("Backoffice/match_mgmt/open_match/button_open_match")): Object: 'Object Repository/Backoffice/match_mgmt/open_match/button_open_match' is clicked on

2019-01-10 10:21:43 - [MESSAGE][PASSED] - Object: 'Object Repository/Backoffice/match_mgmt/open_match/button_open_match' is clicked on

2019-01-10 10:21:43 - [TEST_STEP][PASSED] - delay(1): Delayed 1 second(s)

2019-01-10 10:21:44 - [MESSAGE][PASSED] - Delayed 1 second(s)

2019-01-10 10:21:44 - [TEST_STEP][PASSED] - waitForElementVisible(findTestObject("Backoffice/match_mgmt/settlement/button_finished_yes_i_agree"), 1): Object 'Object Repository/Backoffice/match_mgmt/settlement/button_finished_yes_i_agree' is visible

2019-01-10 10:21:44 - [MESSAGE][PASSED] - Object 'Object Repository/Backoffice/match_mgmt/settlement/button_finished_yes_i_agree' is visible

2019-01-10 10:21:44 - [TEST_STEP][PASSED] - delay(1): Delayed 1 second(s)

2019-01-10 10:21:45 - [MESSAGE][PASSED] - Delayed 1 second(s)

2019-01-10 10:21:45 - [TEST_STEP][PASSED] - click(findTestObject("Backoffice/match_mgmt/settlement/button_finished_yes_i_agree")): Object: 'Object Repository/Backoffice/match_mgmt/settlement/button_finished_yes_i_agree' is clicked on

2019-01-10 10:21:45 - [MESSAGE][PASSED] - Object: 'Object Repository/Backoffice/match_mgmt/settlement/button_finished_yes_i_agree' is clicked on

2019-01-10 10:21:45 - [TEST_STEP][PASSED] - delay(2): Delayed 2 second(s)

2019-01-10 10:21:47 - [MESSAGE][PASSED] - Delayed 2 second(s)

2019-01-10 10:21:47 - [TEST_STEP][PASSED] - closeWindowIndex(1): Window with index 1 is closed

2019-01-10 10:21:47 - [MESSAGE][PASSED] - Window with index 1 is closed

2019-01-10 10:21:47 - [TEST_STEP][PASSED] - switchToWindowIndex(0): Switched to window with index: '0'

2019-01-10 10:21:47 - [MESSAGE][PASSED] - Switched to window with index: '0'

2019-01-10 10:21:47 - [TEST_STEP][PASSED] - verifyElementPresent(findTestObject("Backoffice/match_mgmt/button_create_match"), 2): Object 'Object Repository/Backoffice/match_mgmt/button_create_match' is present

2019-01-10 10:21:47 - [MESSAGE][PASSED] - Object 'Object Repository/Backoffice/match_mgmt/button_create_match' is present

2019-01-10 10:21:47 - [TEST_STEP][PASSED] - delay(1): Delayed 1 second(s)

2019-01-10 10:21:48 - [MESSAGE][PASSED] - Delayed 1 second(s)

2019-01-10 10:21:48 - [TEST_STEP][PASSED] - for ([loop = 1, loop <= 49, (loop++)]): Delayed 1 second(s)

2019-01-10 10:21:48 - [TEST_STEP][PASSED] - click(findTestObject("Backoffice/match_mgmt/button_create_match")): Object: 'Object Repository/Backoffice/match_mgmt/button_create_match' is clicked on

2019-01-10 10:21:49 - [MESSAGE][PASSED] - Object: 'Object Repository/Backoffice/match_mgmt/button_create_match' is clicked on

2019-01-10 10:21:49 - [TEST_STEP][PASSED] - delay(1): Delayed 1 second(s)

2019-01-10 10:21:50 - [MESSAGE][PASSED] - Delayed 1 second(s)

2019-01-10 10:21:50 - [TEST_STEP][PASSED] - click(findTestObject("Backoffice/match_mgmt/span_select_arena_name")): Object: 'Object Repository/Backoffice/match_mgmt/span_select_arena_name' is clicked on

2019-01-10 10:21:50 - [MESSAGE][PASSED] - Object: 'Object Repository/Backoffice/match_mgmt/span_select_arena_name' is clicked on

2019-01-10 10:21:50 - [TEST_STEP][PASSED] - setText(findTestObject("Backoffice/match_mgmt/input__select2-search__arena_name"), Arena_Acronym): Text 'BALAGTAS COCKPIT - BC' is set on object 'Object Repository/Backoffice/match_mgmt/input__select2-search__arena_name'

2019-01-10 10:21:51 - [MESSAGE][PASSED] - Text 'BALAGTAS COCKPIT - BC' is set on object 'Object Repository/Backoffice/match_mgmt/input__select2-search__arena_name'

2019-01-10 10:21:51 - [TEST_STEP][PASSED] - sendKeys(findTestObject("Backoffice/match_mgmt/input__select2-search__arena_name"), Keys.chord(ENTER)): Keys 'ENTER + ' sent to object: 'Object Repository/Backoffice/match_mgmt/input__select2-search__arena_name'

2019-01-10 10:21:51 - [MESSAGE][PASSED] - Keys 'ENTER + ' sent to object: 'Object Repository/Backoffice/match_mgmt/input__select2-search__arena_name'

2019-01-10 10:21:51 - [TEST_STEP][PASSED] - setText(findTestObject("Backoffice/match_mgmt/meron_details/input_meron_name"), Meron_Name): Text 'AA' is set on object 'Object Repository/Backoffice/match_mgmt/meron_details/input_meron_name'

2019-01-10 10:21:51 - [MESSAGE][PASSED] - Text 'AA' is set on object 'Object Repository/Backoffice/match_mgmt/meron_details/input_meron_name'

2019-01-10 10:21:51 - [TEST_STEP][PASSED] - setText(findTestObject("Backoffice/match_mgmt/meron_details/input_meron_weight"), Meron_Weight): Text 'Weight 1' is set on object 'Object Repository/Backoffice/match_mgmt/meron_details/input_meron_weight'

2019-01-10 10:21:52 - [MESSAGE][PASSED] - Text 'Weight 1' is set on object 'Object Repository/Backoffice/match_mgmt/meron_details/input_meron_weight'

2019-01-10 10:21:52 - [TEST_STEP][PASSED] - setText(findTestObject("Backoffice/match_mgmt/wala_details/input_wala_name"), Wala_Name): Text 'BB' is set on object 'Object Repository/Backoffice/match_mgmt/wala_details/input_wala_name'

2019-01-10 10:21:52 - [MESSAGE][PASSED] - Text 'BB' is set on object 'Object Repository/Backoffice/match_mgmt/wala_details/input_wala_name'

2019-01-10 10:21:52 - [TEST_STEP][PASSED] - setText(findTestObject("Backoffice/match_mgmt/wala_details/input_wala_weight"), Wala_Weight): Text 'Weight 2' is set on object 'Object Repository/Backoffice/match_mgmt/wala_details/input_wala_weight'

2019-01-10 10:21:53 - [MESSAGE][PASSED] - Text 'Weight 2' is set on object 'Object Repository/Backoffice/match_mgmt/wala_details/input_wala_weight'

2019-01-10 10:21:53 - [TEST_STEP][PASSED] - click(findTestObject("Backoffice/match_mgmt/input_submit_match")): Object: 'Object Repository/Backoffice/match_mgmt/input_submit_match' is clicked on

2019-01-10 10:21:56 - [MESSAGE][PASSED] - Object: 'Object Repository/Backoffice/match_mgmt/input_submit_match' is clicked on

2019-01-10 10:21:56 - [TEST_STEP][PASSED] - delay(1): Delayed 1 second(s)

2019-01-10 10:21:57 - [MESSAGE][PASSED] - Delayed 1 second(s)

2019-01-10 10:21:57 - [TEST_STEP][PASSED] - click(findTestObject("Backoffice/match_mgmt/button_create_match")): Object: 'Object Repository/Backoffice/match_mgmt/button_create_match' is clicked on

2019-01-10 10:21:57 - [MESSAGE][PASSED] - Object: 'Object Repository/Backoffice/match_mgmt/button_create_match' is clicked on

2019-01-10 10:21:57 - [TEST_STEP][PASSED] - delay(1): Delayed 1 second(s)

2019-01-10 10:21:58 - [MESSAGE][PASSED] - Delayed 1 second(s)

2019-01-10 10:21:58 - [TEST_STEP][PASSED] - click(findTestObject("Backoffice/match_mgmt/span_select_arena_name")): Object: 'Object Repository/Backoffice/match_mgmt/span_select_arena_name' is clicked on

2019-01-10 10:21:59 - [MESSAGE][PASSED] - Object: 'Object Repository/Backoffice/match_mgmt/span_select_arena_name' is clicked on

2019-01-10 10:21:59 - [TEST_STEP][PASSED] - setText(findTestObject("Backoffice/match_mgmt/input__select2-search__arena_name"), Arena_Acronym): Text 'BALAGTAS COCKPIT - BC' is set on object 'Object Repository/Backoffice/match_mgmt/input__select2-search__arena_name'

2019-01-10 10:21:59 - [MESSAGE][PASSED] - Text 'BALAGTAS COCKPIT - BC' is set on object 'Object Repository/Backoffice/match_mgmt/input__select2-search__arena_name'

2019-01-10 10:21:59 - [TEST_STEP][PASSED] - sendKeys(findTestObject("Backoffice/match_mgmt/input__select2-search__arena_name"), Keys.chord(ENTER)): Keys 'ENTER + ' sent to object: 'Object Repository/Backoffice/match_mgmt/input__select2-search__arena_name'

2019-01-10 10:22:00 - [MESSAGE][PASSED] - Keys 'ENTER + ' sent to object: 'Object Repository/Backoffice/match_mgmt/input__select2-search__arena_name'

2019-01-10 10:22:00 - [TEST_STEP][PASSED] - setText(findTestObject("Backoffice/match_mgmt/meron_details/input_meron_name"), Meron_Name): Text 'AA' is set on object 'Object Repository/Backoffice/match_mgmt/meron_details/input_meron_name'

2019-01-10 10:22:00 - [MESSAGE][PASSED] - Text 'AA' is set on object 'Object Repository/Backoffice/match_mgmt/meron_details/input_meron_name'

2019-01-10 10:22:00 - [TEST_STEP][PASSED] - setText(findTestObject("Backoffice/match_mgmt/meron_details/input_meron_weight"), Meron_Weight): Text 'Weight 1' is set on object 'Object Repository/Backoffice/match_mgmt/meron_details/input_meron_weight'

2019-01-10 10:22:00 - [MESSAGE][PASSED] - Text 'Weight 1' is set on object 'Object Repository/Backoffice/match_mgmt/meron_details/input_meron_weight'

2019-01-10 10:22:00 - [TEST_STEP][PASSED] - setText(findTestObject("Backoffice/match_mgmt/wala_details/input_wala_name"), Wala_Name): Text 'BB' is set on object 'Object Repository/Backoffice/match_mgmt/wala_details/input_wala_name'

2019-01-10 10:22:00 - [MESSAGE][PASSED] - Text 'BB' is set on object 'Object Repository/Backoffice/match_mgmt/wala_details/input_wala_name'

2019-01-10 10:22:00 - [TEST_STEP][PASSED] - setText(findTestObject("Backoffice/match_mgmt/wala_details/input_wala_weight"), Wala_Weight): Text 'Weight 2' is set on object 'Object Repository/Backoffice/match_mgmt/wala_details/input_wala_weight'

2019-01-10 10:22:01 - [MESSAGE][PASSED] - Text 'Weight 2' is set on object 'Object Repository/Backoffice/match_mgmt/wala_details/input_wala_weight'

2019-01-10 10:22:01 - [TEST_STEP][PASSED] - click(findTestObject("Backoffice/match_mgmt/input_submit_match")): Object: 'Object Repository/Backoffice/match_mgmt/input_submit_match' is clicked on

2019-01-10 10:22:04 - [MESSAGE][PASSED] - Object: 'Object Repository/Backoffice/match_mgmt/input_submit_match' is clicked on

2019-01-10 10:22:04 - [TEST_STEP][PASSED] - delay(1): Delayed 1 second(s)

2019-01-10 10:22:05 - [MESSAGE][PASSED] - Delayed 1 second(s)

2019-01-10 10:22:05 - [TEST_STEP][PASSED] - click(findTestObject("Backoffice/match_mgmt/button_create_match")): Object: 'Object Repository/Backoffice/match_mgmt/button_create_match' is clicked on

2019-01-10 10:22:05 - [MESSAGE][PASSED] - Object: 'Object Repository/Backoffice/match_mgmt/button_create_match' is clicked on

2019-01-10 10:22:05 - [TEST_STEP][PASSED] - delay(1): Delayed 1 second(s)

2019-01-10 10:22:06 - [MESSAGE][PASSED] - Delayed 1 second(s)

2019-01-10 10:22:06 - [TEST_STEP][PASSED] - click(findTestObject("Backoffice/match_mgmt/span_select_arena_name")): Object: 'Object Repository/Backoffice/match_mgmt/span_select_arena_name' is clicked on

2019-01-10 10:22:06 - [MESSAGE][PASSED] - Object: 'Object Repository/Backoffice/match_mgmt/span_select_arena_name' is clicked on

2019-01-10 10:22:06 - [TEST_STEP][PASSED] - setText(findTestObject("Backoffice/match_mgmt/input__select2-search__arena_name"), Arena_Acronym): Text 'BALAGTAS COCKPIT - BC' is set on object 'Object Repository/Backoffice/match_mgmt/input__select2-search__arena_name'

2019-01-10 10:22:07 - [MESSAGE][PASSED] - Text 'BALAGTAS COCKPIT - BC' is set on object 'Object Repository/Backoffice/match_mgmt/input__select2-search__arena_name'

2019-01-10 10:22:07 - [TEST_STEP][PASSED] - sendKeys(findTestObject("Backoffice/match_mgmt/input__select2-search__arena_name"), Keys.chord(ENTER)): Keys 'ENTER + ' sent to object: 'Object Repository/Backoffice/match_mgmt/input__select2-search__arena_name'

2019-01-10 10:22:08 - [MESSAGE][PASSED] - Keys 'ENTER + ' sent to object: 'Object Repository/Backoffice/match_mgmt/input__select2-search__arena_name'

2019-01-10 10:22:08 - [TEST_STEP][PASSED] - setText(findTestObject("Backoffice/match_mgmt/meron_details/input_meron_name"), Meron_Name): Text 'AA' is set on object 'Object Repository/Backoffice/match_mgmt/meron_details/input_meron_name'

2019-01-10 10:22:08 - [MESSAGE][PASSED] - Text 'AA' is set on object 'Object Repository/Backoffice/match_mgmt/meron_details/input_meron_name'

2019-01-10 10:22:08 - [TEST_STEP][PASSED] - setText(findTestObject("Backoffice/match_mgmt/meron_details/input_meron_weight"), Meron_Weight): Text 'Weight 1' is set on object 'Object Repository/Backoffice/match_mgmt/meron_details/input_meron_weight'

2019-01-10 10:22:08 - [MESSAGE][PASSED] - Text 'Weight 1' is set on object 'Object Repository/Backoffice/match_mgmt/meron_details/input_meron_weight'

2019-01-10 10:22:08 - [TEST_STEP][PASSED] - setText(findTestObject("Backoffice/match_mgmt/wala_details/input_wala_name"), Wala_Name): Text 'BB' is set on object 'Object Repository/Backoffice/match_mgmt/wala_details/input_wala_name'

2019-01-10 10:22:09 - [MESSAGE][PASSED] - Text 'BB' is set on object 'Object Repository/Backoffice/match_mgmt/wala_details/input_wala_name'

2019-01-10 10:22:09 - [TEST_STEP][PASSED] - setText(findTestObject("Backoffice/match_mgmt/wala_details/input_wala_weight"), Wala_Weight): Text 'Weight 2' is set on object 'Object Repository/Backoffice/match_mgmt/wala_details/input_wala_weight'

2019-01-10 10:22:09 - [MESSAGE][PASSED] - Text 'Weight 2' is set on object 'Object Repository/Backoffice/match_mgmt/wala_details/input_wala_weight'

2019-01-10 10:22:09 - [TEST_STEP][PASSED] - click(findTestObject("Backoffice/match_mgmt/input_submit_match")): Object: 'Object Repository/Backoffice/match_mgmt/input_submit_match' is clicked on

2019-01-10 10:22:12 - [MESSAGE][PASSED] - Object: 'Object Repository/Backoffice/match_mgmt/input_submit_match' is clicked on

2019-01-10 10:22:12 - [TEST_STEP][PASSED] - delay(1): Delayed 1 second(s)

2019-01-10 10:22:13 - [MESSAGE][PASSED] - Delayed 1 second(s)

2019-01-10 10:22:13 - [TEST_STEP][PASSED] - click(findTestObject("Backoffice/match_mgmt/button_create_match")): Object: 'Object Repository/Backoffice/match_mgmt/button_create_match' is clicked on

2019-01-10 10:22:13 - [MESSAGE][PASSED] - Object: 'Object Repository/Backoffice/match_mgmt/button_create_match' is clicked on

2019-01-10 10:22:13 - [TEST_STEP][PASSED] - delay(1): Delayed 1 second(s)

2019-01-10 10:22:14 - [MESSAGE][PASSED] - Delayed 1 second(s)

2019-01-10 10:22:14 - [TEST_STEP][PASSED] - click(findTestObject("Backoffice/match_mgmt/span_select_arena_name")): Object: 'Object Repository/Backoffice/match_mgmt/span_select_arena_name' is clicked on

2019-01-10 10:22:15 - [MESSAGE][PASSED] - Object: 'Object Repository/Backoffice/match_mgmt/span_select_arena_name' is clicked on

2019-01-10 10:22:15 - [TEST_STEP][PASSED] - setText(findTestObject("Backoffice/match_mgmt/input__select2-search__arena_name"), Arena_Acronym): Text 'BALAGTAS COCKPIT - BC' is set on object 'Object Repository/Backoffice/match_mgmt/input__select2-search__arena_name'

2019-01-10 10:22:16 - [MESSAGE][PASSED] - Text 'BALAGTAS COCKPIT - BC' is set on object 'Object Repository/Backoffice/match_mgmt/input__select2-search__arena_name'

2019-01-10 10:22:16 - [TEST_STEP][PASSED] - sendKeys(findTestObject("Backoffice/match_mgmt/input__select2-search__arena_name"), Keys.chord(ENTER)): Keys 'ENTER + ' sent to object: 'Object Repository/Backoffice/match_mgmt/input__select2-search__arena_name'

2019-01-10 10:22:16 - [MESSAGE][PASSED] - Keys 'ENTER + ' sent to object: 'Object Repository/Backoffice/match_mgmt/input__select2-search__arena_name'

2019-01-10 10:22:16 - [TEST_STEP][PASSED] - setText(findTestObject("Backoffice/match_mgmt/meron_details/input_meron_name"), Meron_Name): Text 'AA' is set on object 'Object Repository/Backoffice/match_mgmt/meron_details/input_meron_name'

2019-01-10 10:22:16 - [MESSAGE][PASSED] - Text 'AA' is set on object 'Object Repository/Backoffice/match_mgmt/meron_details/input_meron_name'

2019-01-10 10:22:16 - [TEST_STEP][PASSED] - setText(findTestObject("Backoffice/match_mgmt/meron_details/input_meron_weight"), Meron_Weight): Text 'Weight 1' is set on object 'Object Repository/Backoffice/match_mgmt/meron_details/input_meron_weight'

2019-01-10 10:22:17 - [MESSAGE][PASSED] - Text 'Weight 1' is set on object 'Object Repository/Backoffice/match_mgmt/meron_details/input_meron_weight'

2019-01-10 10:22:17 - [TEST_STEP][PASSED] - setText(findTestObject("Backoffice/match_mgmt/wala_details/input_wala_name"), Wala_Name): Text 'BB' is set on object 'Object Repository/Backoffice/match_mgmt/wala_details/input_wala_name'

2019-01-10 10:22:17 - [MESSAGE][PASSED] - Text 'BB' is set on object 'Object Repository/Backoffice/match_mgmt/wala_details/input_wala_name'

2019-01-10 10:22:17 - [TEST_STEP][PASSED] - setText(findTestObject("Backoffice/match_mgmt/wala_details/input_wala_weight"), Wala_Weight): Text 'Weight 2' is set on object 'Object Repository/Backoffice/match_mgmt/wala_details/input_wala_weight'

2019-01-10 10:22:17 - [MESSAGE][PASSED] - Text 'Weight 2' is set on object 'Object Repository/Backoffice/match_mgmt/wala_details/input_wala_weight'

2019-01-10 10:22:17 - [TEST_STEP][PASSED] - click(findTestObject("Backoffice/match_mgmt/input_submit_match")): Object: 'Object Repository/Backoffice/match_mgmt/input_submit_match' is clicked on

2019-01-10 10:22:20 - [MESSAGE][PASSED] - Object: 'Object Repository/Backoffice/match_mgmt/input_submit_match' is clicked on

2019-01-10 10:22:20 - [TEST_STEP][PASSED] - delay(1): Delayed 1 second(s)

2019-01-10 10:22:21 - [MESSAGE][PASSED] - Delayed 1 second(s)

2019-01-10 10:22:21 - [TEST_STEP][PASSED] - click(findTestObject("Backoffice/match_mgmt/button_create_match")): Object: 'Object Repository/Backoffice/match_mgmt/button_create_match' is clicked on

2019-01-10 10:22:22 - [MESSAGE][PASSED] - Object: 'Object Repository/Backoffice/match_mgmt/button_create_match' is clicked on

2019-01-10 10:22:22 - [TEST_STEP][PASSED] - delay(1): Delayed 1 second(s)

2019-01-10 10:22:23 - [MESSAGE][PASSED] - Delayed 1 second(s)

2019-01-10 10:22:23 - [TEST_STEP][PASSED] - click(findTestObject("Backoffice/match_mgmt/span_select_arena_name")): Object: 'Object Repository/Backoffice/match_mgmt/span_select_arena_name' is clicked on

2019-01-10 10:22:23 - [MESSAGE][PASSED] - Object: 'Object Repository/Backoffice/match_mgmt/span_select_arena_name' is clicked on

2019-01-10 10:22:23 - [TEST_STEP][PASSED] - setText(findTestObject("Backoffice/match_mgmt/input__select2-search__arena_name"), Arena_Acronym): Text 'BALAGTAS COCKPIT - BC' is set on object 'Object Repository/Backoffice/match_mgmt/input__select2-search__arena_name'

2019-01-10 10:22:24 - [MESSAGE][PASSED] - Text 'BALAGTAS COCKPIT - BC' is set on object 'Object Repository/Backoffice/match_mgmt/input__select2-search__arena_name'

2019-01-10 10:22:24 - [TEST_STEP][PASSED] - sendKeys(findTestObject("Backoffice/match_mgmt/input__select2-search__arena_name"), Keys.chord(ENTER)): Keys 'ENTER + ' sent to object: 'Object Repository/Backoffice/match_mgmt/input__select2-search__arena_name'

2019-01-10 10:22:24 - [MESSAGE][PASSED] - Keys 'ENTER + ' sent to object: 'Object Repository/Backoffice/match_mgmt/input__select2-search__arena_name'

2019-01-10 10:22:24 - [TEST_STEP][PASSED] - setText(findTestObject("Backoffice/match_mgmt/meron_details/input_meron_name"), Meron_Name): Text 'AA' is set on object 'Object Repository/Backoffice/match_mgmt/meron_details/input_meron_name'

2019-01-10 10:22:24 - [MESSAGE][PASSED] - Text 'AA' is set on object 'Object Repository/Backoffice/match_mgmt/meron_details/input_meron_name'

2019-01-10 10:22:24 - [TEST_STEP][PASSED] - setText(findTestObject("Backoffice/match_mgmt/meron_details/input_meron_weight"), Meron_Weight): Text 'Weight 1' is set on object 'Object Repository/Backoffice/match_mgmt/meron_details/input_meron_weight'

2019-01-10 10:22:25 - [MESSAGE][PASSED] - Text 'Weight 1' is set on object 'Object Repository/Backoffice/match_mgmt/meron_details/input_meron_weight'

2019-01-10 10:22:25 - [TEST_STEP][PASSED] - setText(findTestObject("Backoffice/match_mgmt/wala_details/input_wala_name"), Wala_Name): Text 'BB' is set on object 'Object Repository/Backoffice/match_mgmt/wala_details/input_wala_name'

2019-01-10 10:22:25 - [MESSAGE][PASSED] - Text 'BB' is set on object 'Object Repository/Backoffice/match_mgmt/wala_details/input_wala_name'

2019-01-10 10:22:25 - [TEST_STEP][PASSED] - setText(findTestObject("Backoffice/match_mgmt/wala_details/input_wala_weight"), Wala_Weight): Text 'Weight 2' is set on object 'Object Repository/Backoffice/match_mgmt/wala_details/input_wala_weight'

2019-01-10 10:22:26 - [MESSAGE][PASSED] - Text 'Weight 2' is set on object 'Object Repository/Backoffice/match_mgmt/wala_details/input_wala_weight'

2019-01-10 10:22:26 - [TEST_STEP][PASSED] - click(findTestObject("Backoffice/match_mgmt/input_submit_match")): Object: 'Object Repository/Backoffice/match_mgmt/input_submit_match' is clicked on

2019-01-10 10:22:29 - [MESSAGE][PASSED] - Object: 'Object Repository/Backoffice/match_mgmt/input_submit_match' is clicked on

2019-01-10 10:22:29 - [TEST_STEP][PASSED] - delay(1): Delayed 1 second(s)

2019-01-10 10:22:30 - [MESSAGE][PASSED] - Delayed 1 second(s)

2019-01-10 10:22:30 - [TEST_STEP][PASSED] - click(findTestObject("Backoffice/match_mgmt/button_create_match")): Object: 'Object Repository/Backoffice/match_mgmt/button_create_match' is clicked on

2019-01-10 10:22:30 - [MESSAGE][PASSED] - Object: 'Object Repository/Backoffice/match_mgmt/button_create_match' is clicked on

2019-01-10 10:22:30 - [TEST_STEP][PASSED] - delay(1): Delayed 1 second(s)

2019-01-10 10:22:31 - [MESSAGE][PASSED] - Delayed 1 second(s)

2019-01-10 10:22:31 - [TEST_STEP][PASSED] - click(findTestObject("Backoffice/match_mgmt/span_select_arena_name")): Object: 'Object Repository/Backoffice/match_mgmt/span_select_arena_name' is clicked on

2019-01-10 10:22:31 - [MESSAGE][PASSED] - Object: 'Object Repository/Backoffice/match_mgmt/span_select_arena_name' is clicked on

2019-01-10 10:22:31 - [TEST_STEP][PASSED] - setText(findTestObject("Backoffice/match_mgmt/input__select2-search__arena_name"), Arena_Acronym): Text 'BALAGTAS COCKPIT - BC' is set on object 'Object Repository/Backoffice/match_mgmt/input__select2-search__arena_name'

2019-01-10 10:22:33 - [MESSAGE][PASSED] - Text 'BALAGTAS COCKPIT - BC' is set on object 'Object Repository/Backoffice/match_mgmt/input__select2-search__arena_name'

2019-01-10 10:22:33 - [TEST_STEP][PASSED] - sendKeys(findTestObject("Backoffice/match_mgmt/input__select2-search__arena_name"), Keys.chord(ENTER)): Keys 'ENTER + ' sent to object: 'Object Repository/Backoffice/match_mgmt/input__select2-search__arena_name'

2019-01-10 10:22:33 - [MESSAGE][PASSED] - Keys 'ENTER + ' sent to object: 'Object Repository/Backoffice/match_mgmt/input__select2-search__arena_name'

2019-01-10 10:22:33 - [TEST_STEP][PASSED] - setText(findTestObject("Backoffice/match_mgmt/meron_details/input_meron_name"), Meron_Name): Text 'AA' is set on object 'Object Repository/Backoffice/match_mgmt/meron_details/input_meron_name'

2019-01-10 10:22:33 - [MESSAGE][PASSED] - Text 'AA' is set on object 'Object Repository/Backoffice/match_mgmt/meron_details/input_meron_name'

2019-01-10 10:22:33 - [TEST_STEP][PASSED] - setText(findTestObject("Backoffice/match_mgmt/meron_details/input_meron_weight"), Meron_Weight): Text 'Weight 1' is set on object 'Object Repository/Backoffice/match_mgmt/meron_details/input_meron_weight'

2019-01-10 10:22:33 - [MESSAGE][PASSED] - Text 'Weight 1' is set on object 'Object Repository/Backoffice/match_mgmt/meron_details/input_meron_weight'

2019-01-10 10:22:33 - [TEST_STEP][PASSED] - setText(findTestObject("Backoffice/match_mgmt/wala_details/input_wala_name"), Wala_Name): Text 'BB' is set on object 'Object Repository/Backoffice/match_mgmt/wala_details/input_wala_name'

2019-01-10 10:22:34 - [MESSAGE][PASSED] - Text 'BB' is set on object 'Object Repository/Backoffice/match_mgmt/wala_details/input_wala_name'

2019-01-10 10:22:34 - [TEST_STEP][PASSED] - setText(findTestObject("Backoffice/match_mgmt/wala_details/input_wala_weight"), Wala_Weight): Text 'Weight 2' is set on object 'Object Repository/Backoffice/match_mgmt/wala_details/input_wala_weight'

2019-01-10 10:22:34 - [MESSAGE][PASSED] - Text 'Weight 2' is set on object 'Object Repository/Backoffice/match_mgmt/wala_details/input_wala_weight'

2019-01-10 10:22:34 - [TEST_STEP][PASSED] - click(findTestObject("Backoffice/match_mgmt/input_submit_match")): Object: 'Object Repository/Backoffice/match_mgmt/input_submit_match' is clicked on

2019-01-10 10:22:37 - [MESSAGE][PASSED] - Object: 'Object Repository/Backoffice/match_mgmt/input_submit_match' is clicked on

2019-01-10 10:22:37 - [TEST_STEP][PASSED] - delay(1): Delayed 1 second(s)

2019-01-10 10:22:38 - [MESSAGE][PASSED] - Delayed 1 second(s)

2019-01-10 10:22:38 - [TEST_STEP][PASSED] - click(findTestObject("Backoffice/match_mgmt/button_create_match")): Object: 'Object Repository/Backoffice/match_mgmt/button_create_match' is clicked on

2019-01-10 10:22:38 - [MESSAGE][PASSED] - Object: 'Object Repository/Backoffice/match_mgmt/button_create_match' is clicked on

2019-01-10 10:22:38 - [TEST_STEP][PASSED] - delay(1): Delayed 1 second(s)

2019-01-10 10:22:39 - [MESSAGE][PASSED] - Delayed 1 second(s)

2019-01-10 10:22:39 - [TEST_STEP][PASSED] - click(findTestObject("Backoffice/match_mgmt/span_select_arena_name")): Object: 'Object Repository/Backoffice/match_mgmt/span_select_arena_name' is clicked on

2019-01-10 10:22:40 - [MESSAGE][PASSED] - Object: 'Object Repository/Backoffice/match_mgmt/span_select_arena_name' is clicked on

2019-01-10 10:22:40 - [TEST_STEP][PASSED] - setText(findTestObject("Backoffice/match_mgmt/input__select2-search__arena_name"), Arena_Acronym): Text 'BALAGTAS COCKPIT - BC' is set on object 'Object Repository/Backoffice/match_mgmt/input__select2-search__arena_name'

2019-01-10 10:22:41 - [MESSAGE][PASSED] - Text 'BALAGTAS COCKPIT - BC' is set on object 'Object Repository/Backoffice/match_mgmt/input__select2-search__arena_name'

2019-01-10 10:22:41 - [TEST_STEP][PASSED] - sendKeys(findTestObject("Backoffice/match_mgmt/input__select2-search__arena_name"), Keys.chord(ENTER)): Keys 'ENTER + ' sent to object: 'Object Repository/Backoffice/match_mgmt/input__select2-search__arena_name'

2019-01-10 10:22:41 - [MESSAGE][PASSED] - Keys 'ENTER + ' sent to object: 'Object Repository/Backoffice/match_mgmt/input__select2-search__arena_name'

2019-01-10 10:22:41 - [TEST_STEP][PASSED] - setText(findTestObject("Backoffice/match_mgmt/meron_details/input_meron_name"), Meron_Name): Text 'AA' is set on object 'Object Repository/Backoffice/match_mgmt/meron_details/input_meron_name'

2019-01-10 10:22:41 - [MESSAGE][PASSED] - Text 'AA' is set on object 'Object Repository/Backoffice/match_mgmt/meron_details/input_meron_name'

2019-01-10 10:22:41 - [TEST_STEP][PASSED] - setText(findTestObject("Backoffice/match_mgmt/meron_details/input_meron_weight"), Meron_Weight): Text 'Weight 1' is set on object 'Object Repository/Backoffice/match_mgmt/meron_details/input_meron_weight'

2019-01-10 10:22:42 - [MESSAGE][PASSED] - Text 'Weight 1' is set on object 'Object Repository/Backoffice/match_mgmt/meron_details/input_meron_weight'

2019-01-10 10:22:42 - [TEST_STEP][PASSED] - setText(findTestObject("Backoffice/match_mgmt/wala_details/input_wala_name"), Wala_Name): Text 'BB' is set on object 'Object Repository/Backoffice/match_mgmt/wala_details/input_wala_name'

2019-01-10 10:22:42 - [MESSAGE][PASSED] - Text 'BB' is set on object 'Object Repository/Backoffice/match_mgmt/wala_details/input_wala_name'

2019-01-10 10:22:42 - [TEST_STEP][PASSED] - setText(findTestObject("Backoffice/match_mgmt/wala_details/input_wala_weight"), Wala_Weight): Text 'Weight 2' is set on object 'Object Repository/Backoffice/match_mgmt/wala_details/input_wala_weight'

2019-01-10 10:22:42 - [MESSAGE][PASSED] - Text 'Weight 2' is set on object 'Object Repository/Backoffice/match_mgmt/wala_details/input_wala_weight'

2019-01-10 10:22:42 - [TEST_STEP][PASSED] - click(findTestObject("Backoffice/match_mgmt/input_submit_match")): Object: 'Object Repository/Backoffice/match_mgmt/input_submit_match' is clicked on

2019-01-10 10:22:45 - [MESSAGE][PASSED] - Object: 'Object Repository/Backoffice/match_mgmt/input_submit_match' is clicked on

2019-01-10 10:22:45 - [TEST_STEP][PASSED] - delay(1): Delayed 1 second(s)

2019-01-10 10:22:46 - [MESSAGE][PASSED] - Delayed 1 second(s)

2019-01-10 10:22:46 - [TEST_STEP][PASSED] - click(findTestObject("Backoffice/match_mgmt/button_create_match")): Object: 'Object Repository/Backoffice/match_mgmt/button_create_match' is clicked on

2019-01-10 10:22:47 - [MESSAGE][PASSED] - Object: 'Object Repository/Backoffice/match_mgmt/button_create_match' is clicked on

2019-01-10 10:22:47 - [TEST_STEP][PASSED] - delay(1): Delayed 1 second(s)

2019-01-10 10:22:48 - [MESSAGE][PASSED] - Delayed 1 second(s)

2019-01-10 10:22:48 - [TEST_STEP][PASSED] - click(findTestObject("Backoffice/match_mgmt/span_select_arena_name")): Object: 'Object Repository/Backoffice/match_mgmt/span_select_arena_name' is clicked on

2019-01-10 10:22:48 - [MESSAGE][PASSED] - Object: 'Object Repository/Backoffice/match_mgmt/span_select_arena_name' is clicked on

2019-01-10 10:22:48 - [TEST_STEP][PASSED] - setText(findTestObject("Backoffice/match_mgmt/input__select2-search__arena_name"), Arena_Acronym): Text 'BALAGTAS COCKPIT - BC' is set on object 'Object Repository/Backoffice/match_mgmt/input__select2-search__arena_name'

2019-01-10 10:22:49 - [MESSAGE][PASSED] - Text 'BALAGTAS COCKPIT - BC' is set on object 'Object Repository/Backoffice/match_mgmt/input__select2-search__arena_name'

2019-01-10 10:22:49 - [TEST_STEP][PASSED] - sendKeys(findTestObject("Backoffice/match_mgmt/input__select2-search__arena_name"), Keys.chord(ENTER)): Keys 'ENTER + ' sent to object: 'Object Repository/Backoffice/match_mgmt/input__select2-search__arena_name'

2019-01-10 10:22:49 - [MESSAGE][PASSED] - Keys 'ENTER + ' sent to object: 'Object Repository/Backoffice/match_mgmt/input__select2-search__arena_name'

2019-01-10 10:22:49 - [TEST_STEP][PASSED] - setText(findTestObject("Backoffice/match_mgmt/meron_details/input_meron_name"), Meron_Name): Text 'AA' is set on object 'Object Repository/Backoffice/match_mgmt/meron_details/input_meron_name'

2019-01-10 10:22:49 - [MESSAGE][PASSED] - Text 'AA' is set on object 'Object Repository/Backoffice/match_mgmt/meron_details/input_meron_name'

2019-01-10 10:22:49 - [TEST_STEP][PASSED] - setText(findTestObject("Backoffice/match_mgmt/meron_details/input_meron_weight"), Meron_Weight): Text 'Weight 1' is set on object 'Object Repository/Backoffice/match_mgmt/meron_details/input_meron_weight'

2019-01-10 10:22:50 - [MESSAGE][PASSED] - Text 'Weight 1' is set on object 'Object Repository/Backoffice/match_mgmt/meron_details/input_meron_weight'

2019-01-10 10:22:50 - [TEST_STEP][PASSED] - setText(findTestObject("Backoffice/match_mgmt/wala_details/input_wala_name"), Wala_Name): Text 'BB' is set on object 'Object Repository/Backoffice/match_mgmt/wala_details/input_wala_name'

2019-01-10 10:22:50 - [MESSAGE][PASSED] - Text 'BB' is set on object 'Object Repository/Backoffice/match_mgmt/wala_details/input_wala_name'

2019-01-10 10:22:50 - [TEST_STEP][PASSED] - setText(findTestObject("Backoffice/match_mgmt/wala_details/input_wala_weight"), Wala_Weight): Text 'Weight 2' is set on object 'Object Repository/Backoffice/match_mgmt/wala_details/input_wala_weight'

2019-01-10 10:22:50 - [MESSAGE][PASSED] - Text 'Weight 2' is set on object 'Object Repository/Backoffice/match_mgmt/wala_details/input_wala_weight'

2019-01-10 10:22:50 - [TEST_STEP][PASSED] - click(findTestObject("Backoffice/match_mgmt/input_submit_match")): Object: 'Object Repository/Backoffice/match_mgmt/input_submit_match' is clicked on

2019-01-10 10:22:54 - [MESSAGE][PASSED] - Object: 'Object Repository/Backoffice/match_mgmt/input_submit_match' is clicked on

2019-01-10 10:22:54 - [TEST_STEP][PASSED] - delay(1): Delayed 1 second(s)

2019-01-10 10:22:55 - [MESSAGE][PASSED] - Delayed 1 second(s)

2019-01-10 10:22:55 - [TEST_STEP][PASSED] - click(findTestObject("Backoffice/match_mgmt/button_create_match")): Object: 'Object Repository/Backoffice/match_mgmt/button_create_match' is clicked on

2019-01-10 10:22:55 - [MESSAGE][PASSED] - Object: 'Object Repository/Backoffice/match_mgmt/button_create_match' is clicked on

2019-01-10 10:22:55 - [TEST_STEP][PASSED] - delay(1): Delayed 1 second(s)

2019-01-10 10:22:56 - [MESSAGE][PASSED] - Delayed 1 second(s)

2019-01-10 10:22:56 - [TEST_STEP][PASSED] - click(findTestObject("Backoffice/match_mgmt/span_select_arena_name")): Object: 'Object Repository/Backoffice/match_mgmt/span_select_arena_name' is clicked on

2019-01-10 10:22:56 - [MESSAGE][PASSED] - Object: 'Object Repository/Backoffice/match_mgmt/span_select_arena_name' is clicked on

2019-01-10 10:22:56 - [TEST_STEP][PASSED] - setText(findTestObject("Backoffice/match_mgmt/input__select2-search__arena_name"), Arena_Acronym): Text 'BALAGTAS COCKPIT - BC' is set on object 'Object Repository/Backoffice/match_mgmt/input__select2-search__arena_name'

2019-01-10 10:22:57 - [MESSAGE][PASSED] - Text 'BALAGTAS COCKPIT - BC' is set on object 'Object Repository/Backoffice/match_mgmt/input__select2-search__arena_name'

2019-01-10 10:22:57 - [TEST_STEP][PASSED] - sendKeys(findTestObject("Backoffice/match_mgmt/input__select2-search__arena_name"), Keys.chord(ENTER)): Keys 'ENTER + ' sent to object: 'Object Repository/Backoffice/match_mgmt/input__select2-search__arena_name'

2019-01-10 10:22:57 - [MESSAGE][PASSED] - Keys 'ENTER + ' sent to object: 'Object Repository/Backoffice/match_mgmt/input__select2-search__arena_name'

2019-01-10 10:22:57 - [TEST_STEP][PASSED] - setText(findTestObject("Backoffice/match_mgmt/meron_details/input_meron_name"), Meron_Name): Text 'AA' is set on object 'Object Repository/Backoffice/match_mgmt/meron_details/input_meron_name'

2019-01-10 10:22:57 - [MESSAGE][PASSED] - Text 'AA' is set on object 'Object Repository/Backoffice/match_mgmt/meron_details/input_meron_name'

2019-01-10 10:22:57 - [TEST_STEP][PASSED] - setText(findTestObject("Backoffice/match_mgmt/meron_details/input_meron_weight"), Meron_Weight): Text 'Weight 1' is set on object 'Object Repository/Backoffice/match_mgmt/meron_details/input_meron_weight'

2019-01-10 10:22:58 - [MESSAGE][PASSED] - Text 'Weight 1' is set on object 'Object Repository/Backoffice/match_mgmt/meron_details/input_meron_weight'

2019-01-10 10:22:58 - [TEST_STEP][PASSED] - setText(findTestObject("Backoffice/match_mgmt/wala_details/input_wala_name"), Wala_Name): Text 'BB' is set on object 'Object Repository/Backoffice/match_mgmt/wala_details/input_wala_name'

2019-01-10 10:22:58 - [MESSAGE][PASSED] - Text 'BB' is set on object 'Object Repository/Backoffice/match_mgmt/wala_details/input_wala_name'

2019-01-10 10:22:58 - [TEST_STEP][PASSED] - setText(findTestObject("Backoffice/match_mgmt/wala_details/input_wala_weight"), Wala_Weight): Text 'Weight 2' is set on object 'Object Repository/Backoffice/match_mgmt/wala_details/input_wala_weight'

2019-01-10 10:22:58 - [MESSAGE][PASSED] - Text 'Weight 2' is set on object 'Object Repository/Backoffice/match_mgmt/wala_details/input_wala_weight'

2019-01-10 10:22:58 - [TEST_STEP][PASSED] - click(findTestObject("Backoffice/match_mgmt/input_submit_match")): Object: 'Object Repository/Backoffice/match_mgmt/input_submit_match' is clicked on

2019-01-10 10:23:01 - [MESSAGE][PASSED] - Object: 'Object Repository/Backoffice/match_mgmt/input_submit_match' is clicked on

2019-01-10 10:23:01 - [TEST_STEP][PASSED] - delay(1): Delayed 1 second(s)

2019-01-10 10:23:02 - [MESSAGE][PASSED] - Delayed 1 second(s)

2019-01-10 10:23:02 - [TEST_STEP][PASSED] - click(findTestObject("Backoffice/match_mgmt/button_create_match")): Object: 'Object Repository/Backoffice/match_mgmt/button_create_match' is clicked on

2019-01-10 10:23:03 - [MESSAGE][PASSED] - Object: 'Object Repository/Backoffice/match_mgmt/button_create_match' is clicked on

2019-01-10 10:23:03 - [TEST_STEP][PASSED] - delay(1): Delayed 1 second(s)

2019-01-10 10:23:04 - [MESSAGE][PASSED] - Delayed 1 second(s)

2019-01-10 10:23:04 - [TEST_STEP][PASSED] - click(findTestObject("Backoffice/match_mgmt/span_select_arena_name")): Object: 'Object Repository/Backoffice/match_mgmt/span_select_arena_name' is clicked on

2019-01-10 10:23:04 - [MESSAGE][PASSED] - Object: 'Object Repository/Backoffice/match_mgmt/span_select_arena_name' is clicked on

2019-01-10 10:23:04 - [TEST_STEP][PASSED] - setText(findTestObject("Backoffice/match_mgmt/input__select2-search__arena_name"), Arena_Acronym): Text 'BALAGTAS COCKPIT - BC' is set on object 'Object Repository/Backoffice/match_mgmt/input__select2-search__arena_name'

2019-01-10 10:23:05 - [MESSAGE][PASSED] - Text 'BALAGTAS COCKPIT - BC' is set on object 'Object Repository/Backoffice/match_mgmt/input__select2-search__arena_name'

2019-01-10 10:23:05 - [TEST_STEP][PASSED] - sendKeys(findTestObject("Backoffice/match_mgmt/input__select2-search__arena_name"), Keys.chord(ENTER)): Keys 'ENTER + ' sent to object: 'Object Repository/Backoffice/match_mgmt/input__select2-search__arena_name'

2019-01-10 10:23:05 - [MESSAGE][PASSED] - Keys 'ENTER + ' sent to object: 'Object Repository/Backoffice/match_mgmt/input__select2-search__arena_name'

2019-01-10 10:23:05 - [TEST_STEP][PASSED] - setText(findTestObject("Backoffice/match_mgmt/meron_details/input_meron_name"), Meron_Name): Text 'AA' is set on object 'Object Repository/Backoffice/match_mgmt/meron_details/input_meron_name'

2019-01-10 10:23:05 - [MESSAGE][PASSED] - Text 'AA' is set on object 'Object Repository/Backoffice/match_mgmt/meron_details/input_meron_name'

2019-01-10 10:23:05 - [TEST_STEP][PASSED] - setText(findTestObject("Backoffice/match_mgmt/meron_details/input_meron_weight"), Meron_Weight): Text 'Weight 1' is set on object 'Object Repository/Backoffice/match_mgmt/meron_details/input_meron_weight'

2019-01-10 10:23:06 - [MESSAGE][PASSED] - Text 'Weight 1' is set on object 'Object Repository/Backoffice/match_mgmt/meron_details/input_meron_weight'

2019-01-10 10:23:06 - [TEST_STEP][PASSED] - setText(findTestObject("Backoffice/match_mgmt/wala_details/input_wala_name"), Wala_Name): Text 'BB' is set on object 'Object Repository/Backoffice/match_mgmt/wala_details/input_wala_name'

2019-01-10 10:23:06 - [MESSAGE][PASSED] - Text 'BB' is set on object 'Object Repository/Backoffice/match_mgmt/wala_details/input_wala_name'

2019-01-10 10:23:06 - [TEST_STEP][PASSED] - setText(findTestObject("Backoffice/match_mgmt/wala_details/input_wala_weight"), Wala_Weight): Text 'Weight 2' is set on object 'Object Repository/Backoffice/match_mgmt/wala_details/input_wala_weight'

2019-01-10 10:23:07 - [MESSAGE][PASSED] - Text 'Weight 2' is set on object 'Object Repository/Backoffice/match_mgmt/wala_details/input_wala_weight'

2019-01-10 10:23:07 - [TEST_STEP][PASSED] - click(findTestObject("Backoffice/match_mgmt/input_submit_match")): Object: 'Object Repository/Backoffice/match_mgmt/input_submit_match' is clicked on

2019-01-10 10:23:10 - [MESSAGE][PASSED] - Object: 'Object Repository/Backoffice/match_mgmt/input_submit_match' is clicked on

2019-01-10 10:23:10 - [TEST_STEP][PASSED] - delay(1): Delayed 1 second(s)

2019-01-10 10:23:11 - [MESSAGE][PASSED] - Delayed 1 second(s)

2019-01-10 10:23:11 - [TEST_STEP][PASSED] - click(findTestObject("Backoffice/match_mgmt/button_create_match")): Object: 'Object Repository/Backoffice/match_mgmt/button_create_match' is clicked on

2019-01-10 10:23:11 - [MESSAGE][PASSED] - Object: 'Object Repository/Backoffice/match_mgmt/button_create_match' is clicked on

2019-01-10 10:23:11 - [TEST_STEP][PASSED] - delay(1): Delayed 1 second(s)

2019-01-10 10:23:12 - [MESSAGE][PASSED] - Delayed 1 second(s)

2019-01-10 10:23:12 - [TEST_STEP][PASSED] - click(findTestObject("Backoffice/match_mgmt/span_select_arena_name")): Object: 'Object Repository/Backoffice/match_mgmt/span_select_arena_name' is clicked on

2019-01-10 10:23:13 - [MESSAGE][PASSED] - Object: 'Object Repository/Backoffice/match_mgmt/span_select_arena_name' is clicked on

2019-01-10 10:23:13 - [TEST_STEP][PASSED] - setText(findTestObject("Backoffice/match_mgmt/input__select2-search__arena_name"), Arena_Acronym): Text 'BALAGTAS COCKPIT - BC' is set on object 'Object Repository/Backoffice/match_mgmt/input__select2-search__arena_name'

2019-01-10 10:23:13 - [MESSAGE][PASSED] - Text 'BALAGTAS COCKPIT - BC' is set on object 'Object Repository/Backoffice/match_mgmt/input__select2-search__arena_name'

2019-01-10 10:23:13 - [TEST_STEP][PASSED] - sendKeys(findTestObject("Backoffice/match_mgmt/input__select2-search__arena_name"), Keys.chord(ENTER)): Keys 'ENTER + ' sent to object: 'Object Repository/Backoffice/match_mgmt/input__select2-search__arena_name'

2019-01-10 10:23:13 - [MESSAGE][PASSED] - Keys 'ENTER + ' sent to object: 'Object Repository/Backoffice/match_mgmt/input__select2-search__arena_name'

2019-01-10 10:23:13 - [TEST_STEP][PASSED] - setText(findTestObject("Backoffice/match_mgmt/meron_details/input_meron_name"), Meron_Name): Text 'AA' is set on object 'Object Repository/Backoffice/match_mgmt/meron_details/input_meron_name'

2019-01-10 10:23:14 - [MESSAGE][PASSED] - Text 'AA' is set on object 'Object Repository/Backoffice/match_mgmt/meron_details/input_meron_name'

2019-01-10 10:23:14 - [TEST_STEP][PASSED] - setText(findTestObject("Backoffice/match_mgmt/meron_details/input_meron_weight"), Meron_Weight): Text 'Weight 1' is set on object 'Object Repository/Backoffice/match_mgmt/meron_details/input_meron_weight'

2019-01-10 10:23:14 - [MESSAGE][PASSED] - Text 'Weight 1' is set on object 'Object Repository/Backoffice/match_mgmt/meron_details/input_meron_weight'

2019-01-10 10:23:14 - [TEST_STEP][PASSED] - setText(findTestObject("Backoffice/match_mgmt/wala_details/input_wala_name"), Wala_Name): Text 'BB' is set on object 'Object Repository/Backoffice/match_mgmt/wala_details/input_wala_name'

2019-01-10 10:23:14 - [MESSAGE][PASSED] - Text 'BB' is set on object 'Object Repository/Backoffice/match_mgmt/wala_details/input_wala_name'

2019-01-10 10:23:14 - [TEST_STEP][PASSED] - setText(findTestObject("Backoffice/match_mgmt/wala_details/input_wala_weight"), Wala_Weight): Text 'Weight 2' is set on object 'Object Repository/Backoffice/match_mgmt/wala_details/input_wala_weight'

2019-01-10 10:23:15 - [MESSAGE][PASSED] - Text 'Weight 2' is set on object 'Object Repository/Backoffice/match_mgmt/wala_details/input_wala_weight'

2019-01-10 10:23:15 - [TEST_STEP][PASSED] - click(findTestObject("Backoffice/match_mgmt/input_submit_match")): Object: 'Object Repository/Backoffice/match_mgmt/input_submit_match' is clicked on

2019-01-10 10:23:18 - [MESSAGE][PASSED] - Object: 'Object Repository/Backoffice/match_mgmt/input_submit_match' is clicked on

2019-01-10 10:23:18 - [TEST_STEP][PASSED] - delay(1): Delayed 1 second(s)

2019-01-10 10:23:19 - [MESSAGE][PASSED] - Delayed 1 second(s)

2019-01-10 10:23:19 - [TEST_STEP][PASSED] - click(findTestObject("Backoffice/match_mgmt/button_create_match")): Object: 'Object Repository/Backoffice/match_mgmt/button_create_match' is clicked on

2019-01-10 10:23:19 - [MESSAGE][PASSED] - Object: 'Object Repository/Backoffice/match_mgmt/button_create_match' is clicked on

2019-01-10 10:23:19 - [TEST_STEP][PASSED] - delay(1): Delayed 1 second(s)

2019-01-10 10:23:20 - [MESSAGE][PASSED] - Delayed 1 second(s)

2019-01-10 10:23:20 - [TEST_STEP][PASSED] - click(findTestObject("Backoffice/match_mgmt/span_select_arena_name")): Object: 'Object Repository/Backoffice/match_mgmt/span_select_arena_name' is clicked on

2019-01-10 10:23:20 - [MESSAGE][PASSED] - Object: 'Object Repository/Backoffice/match_mgmt/span_select_arena_name' is clicked on

2019-01-10 10:23:20 - [TEST_STEP][PASSED] - setText(findTestObject("Backoffice/match_mgmt/input__select2-search__arena_name"), Arena_Acronym): Text 'BALAGTAS COCKPIT - BC' is set on object 'Object Repository/Backoffice/match_mgmt/input__select2-search__arena_name'

2019-01-10 10:23:21 - [MESSAGE][PASSED] - Text 'BALAGTAS COCKPIT - BC' is set on object 'Object Repository/Backoffice/match_mgmt/input__select2-search__arena_name'

2019-01-10 10:23:21 - [TEST_STEP][PASSED] - sendKeys(findTestObject("Backoffice/match_mgmt/input__select2-search__arena_name"), Keys.chord(ENTER)): Keys 'ENTER + ' sent to object: 'Object Repository/Backoffice/match_mgmt/input__select2-search__arena_name'

2019-01-10 10:23:21 - [MESSAGE][PASSED] - Keys 'ENTER + ' sent to object: 'Object Repository/Backoffice/match_mgmt/input__select2-search__arena_name'

2019-01-10 10:23:21 - [TEST_STEP][PASSED] - setText(findTestObject("Backoffice/match_mgmt/meron_details/input_meron_name"), Meron_Name): Text 'AA' is set on object 'Object Repository/Backoffice/match_mgmt/meron_details/input_meron_name'

2019-01-10 10:23:21 - [MESSAGE][PASSED] - Text 'AA' is set on object 'Object Repository/Backoffice/match_mgmt/meron_details/input_meron_name'

2019-01-10 10:23:21 - [TEST_STEP][PASSED] - setText(findTestObject("Backoffice/match_mgmt/meron_details/input_meron_weight"), Meron_Weight): Text 'Weight 1' is set on object 'Object Repository/Backoffice/match_mgmt/meron_details/input_meron_weight'

2019-01-10 10:23:21 - [MESSAGE][PASSED] - Text 'Weight 1' is set on object 'Object Repository/Backoffice/match_mgmt/meron_details/input_meron_weight'

2019-01-10 10:23:21 - [TEST_STEP][PASSED] - setText(findTestObject("Backoffice/match_mgmt/wala_details/input_wala_name"), Wala_Name): Text 'BB' is set on object 'Object Repository/Backoffice/match_mgmt/wala_details/input_wala_name'

2019-01-10 10:23:22 - [MESSAGE][PASSED] - Text 'BB' is set on object 'Object Repository/Backoffice/match_mgmt/wala_details/input_wala_name'

2019-01-10 10:23:22 - [TEST_STEP][PASSED] - setText(findTestObject("Backoffice/match_mgmt/wala_details/input_wala_weight"), Wala_Weight): Text 'Weight 2' is set on object 'Object Repository/Backoffice/match_mgmt/wala_details/input_wala_weight'

2019-01-10 10:23:22 - [MESSAGE][PASSED] - Text 'Weight 2' is set on object 'Object Repository/Backoffice/match_mgmt/wala_details/input_wala_weight'

2019-01-10 10:23:22 - [TEST_STEP][PASSED] - click(findTestObject("Backoffice/match_mgmt/input_submit_match")): Object: 'Object Repository/Backoffice/match_mgmt/input_submit_match' is clicked on

2019-01-10 10:23:25 - [MESSAGE][PASSED] - Object: 'Object Repository/Backoffice/match_mgmt/input_submit_match' is clicked on

2019-01-10 10:23:25 - [TEST_STEP][PASSED] - delay(1): Delayed 1 second(s)

2019-01-10 10:23:26 - [MESSAGE][PASSED] - Delayed 1 second(s)

2019-01-10 10:23:26 - [TEST_STEP][PASSED] - click(findTestObject("Backoffice/match_mgmt/button_create_match")): Object: 'Object Repository/Backoffice/match_mgmt/button_create_match' is clicked on

2019-01-10 10:23:26 - [MESSAGE][PASSED] - Object: 'Object Repository/Backoffice/match_mgmt/button_create_match' is clicked on

2019-01-10 10:23:26 - [TEST_STEP][PASSED] - delay(1): Delayed 1 second(s)

2019-01-10 10:23:27 - [MESSAGE][PASSED] - Delayed 1 second(s)

2019-01-10 10:23:27 - [TEST_STEP][PASSED] - click(findTestObject("Backoffice/match_mgmt/span_select_arena_name")): Object: 'Object Repository/Backoffice/match_mgmt/span_select_arena_name' is clicked on

2019-01-10 10:23:27 - [MESSAGE][PASSED] - Object: 'Object Repository/Backoffice/match_mgmt/span_select_arena_name' is clicked on

2019-01-10 10:23:27 - [TEST_STEP][PASSED] - setText(findTestObject("Backoffice/match_mgmt/input__select2-search__arena_name"), Arena_Acronym): Text 'BALAGTAS COCKPIT - BC' is set on object 'Object Repository/Backoffice/match_mgmt/input__select2-search__arena_name'

2019-01-10 10:23:28 - [MESSAGE][PASSED] - Text 'BALAGTAS COCKPIT - BC' is set on object 'Object Repository/Backoffice/match_mgmt/input__select2-search__arena_name'

2019-01-10 10:23:28 - [TEST_STEP][PASSED] - sendKeys(findTestObject("Backoffice/match_mgmt/input__select2-search__arena_name"), Keys.chord(ENTER)): Keys 'ENTER + ' sent to object: 'Object Repository/Backoffice/match_mgmt/input__select2-search__arena_name'

2019-01-10 10:23:28 - [MESSAGE][PASSED] - Keys 'ENTER + ' sent to object: 'Object Repository/Backoffice/match_mgmt/input__select2-search__arena_name'

2019-01-10 10:23:28 - [TEST_STEP][PASSED] - setText(findTestObject("Backoffice/match_mgmt/meron_details/input_meron_name"), Meron_Name): Text 'AA' is set on object 'Object Repository/Backoffice/match_mgmt/meron_details/input_meron_name'

2019-01-10 10:23:29 - [MESSAGE][PASSED] - Text 'AA' is set on object 'Object Repository/Backoffice/match_mgmt/meron_details/input_meron_name'

2019-01-10 10:23:29 - [TEST_STEP][PASSED] - setText(findTestObject("Backoffice/match_mgmt/meron_details/input_meron_weight"), Meron_Weight): Text 'Weight 1' is set on object 'Object Repository/Backoffice/match_mgmt/meron_details/input_meron_weight'

2019-01-10 10:23:29 - [MESSAGE][PASSED] - Text 'Weight 1' is set on object 'Object Repository/Backoffice/match_mgmt/meron_details/input_meron_weight'

2019-01-10 10:23:29 - [TEST_STEP][PASSED] - setText(findTestObject("Backoffice/match_mgmt/wala_details/input_wala_name"), Wala_Name): Text 'BB' is set on object 'Object Repository/Backoffice/match_mgmt/wala_details/input_wala_name'

2019-01-10 10:23:29 - [MESSAGE][PASSED] - Text 'BB' is set on object 'Object Repository/Backoffice/match_mgmt/wala_details/input_wala_name'

2019-01-10 10:23:29 - [TEST_STEP][PASSED] - setText(findTestObject("Backoffice/match_mgmt/wala_details/input_wala_weight"), Wala_Weight): Text 'Weight 2' is set on object 'Object Repository/Backoffice/match_mgmt/wala_details/input_wala_weight'

2019-01-10 10:23:30 - [MESSAGE][PASSED] - Text 'Weight 2' is set on object 'Object Repository/Backoffice/match_mgmt/wala_details/input_wala_weight'

2019-01-10 10:23:30 - [TEST_STEP][PASSED] - click(findTestObject("Backoffice/match_mgmt/input_submit_match")): Object: 'Object Repository/Backoffice/match_mgmt/input_submit_match' is clicked on

2019-01-10 10:23:33 - [MESSAGE][PASSED] - Object: 'Object Repository/Backoffice/match_mgmt/input_submit_match' is clicked on

2019-01-10 10:23:33 - [TEST_STEP][PASSED] - delay(1): Delayed 1 second(s)

2019-01-10 10:23:34 - [MESSAGE][PASSED] - Delayed 1 second(s)

2019-01-10 10:23:34 - [TEST_STEP][PASSED] - click(findTestObject("Backoffice/match_mgmt/button_create_match")): Object: 'Object Repository/Backoffice/match_mgmt/button_create_match' is clicked on

2019-01-10 10:23:34 - [MESSAGE][PASSED] - Object: 'Object Repository/Backoffice/match_mgmt/button_create_match' is clicked on

2019-01-10 10:23:34 - [TEST_STEP][PASSED] - delay(1): Delayed 1 second(s)

2019-01-10 10:23:35 - [MESSAGE][PASSED] - Delayed 1 second(s)

2019-01-10 10:23:35 - [TEST_STEP][PASSED] - click(findTestObject("Backoffice/match_mgmt/span_select_arena_name")): Object: 'Object Repository/Backoffice/match_mgmt/span_select_arena_name' is clicked on

2019-01-10 10:23:35 - [MESSAGE][PASSED] - Object: 'Object Repository/Backoffice/match_mgmt/span_select_arena_name' is clicked on

2019-01-10 10:23:35 - [TEST_STEP][PASSED] - setText(findTestObject("Backoffice/match_mgmt/input__select2-search__arena_name"), Arena_Acronym): Text 'BALAGTAS COCKPIT - BC' is set on object 'Object Repository/Backoffice/match_mgmt/input__select2-search__arena_name'

2019-01-10 10:23:36 - [MESSAGE][PASSED] - Text 'BALAGTAS COCKPIT - BC' is set on object 'Object Repository/Backoffice/match_mgmt/input__select2-search__arena_name'

2019-01-10 10:23:36 - [TEST_STEP][PASSED] - sendKeys(findTestObject("Backoffice/match_mgmt/input__select2-search__arena_name"), Keys.chord(ENTER)): Keys 'ENTER + ' sent to object: 'Object Repository/Backoffice/match_mgmt/input__select2-search__arena_name'

2019-01-10 10:23:36 - [MESSAGE][PASSED] - Keys 'ENTER + ' sent to object: 'Object Repository/Backoffice/match_mgmt/input__select2-search__arena_name'

2019-01-10 10:23:36 - [TEST_STEP][PASSED] - setText(findTestObject("Backoffice/match_mgmt/meron_details/input_meron_name"), Meron_Name): Text 'AA' is set on object 'Object Repository/Backoffice/match_mgmt/meron_details/input_meron_name'

2019-01-10 10:23:37 - [MESSAGE][PASSED] - Text 'AA' is set on object 'Object Repository/Backoffice/match_mgmt/meron_details/input_meron_name'

2019-01-10 10:23:37 - [TEST_STEP][PASSED] - setText(findTestObject("Backoffice/match_mgmt/meron_details/input_meron_weight"), Meron_Weight): Text 'Weight 1' is set on object 'Object Repository/Backoffice/match_mgmt/meron_details/input_meron_weight'

2019-01-10 10:23:37 - [MESSAGE][PASSED] - Text 'Weight 1' is set on object 'Object Repository/Backoffice/match_mgmt/meron_details/input_meron_weight'

2019-01-10 10:23:37 - [TEST_STEP][PASSED] - setText(findTestObject("Backoffice/match_mgmt/wala_details/input_wala_name"), Wala_Name): Text 'BB' is set on object 'Object Repository/Backoffice/match_mgmt/wala_details/input_wala_name'

2019-01-10 10:23:37 - [MESSAGE][PASSED] - Text 'BB' is set on object 'Object Repository/Backoffice/match_mgmt/wala_details/input_wala_name'

2019-01-10 10:23:37 - [TEST_STEP][PASSED] - setText(findTestObject("Backoffice/match_mgmt/wala_details/input_wala_weight"), Wala_Weight): Text 'Weight 2' is set on object 'Object Repository/Backoffice/match_mgmt/wala_details/input_wala_weight'

2019-01-10 10:23:38 - [MESSAGE][PASSED] - Text 'Weight 2' is set on object 'Object Repository/Backoffice/match_mgmt/wala_details/input_wala_weight'

2019-01-10 10:23:38 - [TEST_STEP][PASSED] - click(findTestObject("Backoffice/match_mgmt/input_submit_match")): Object: 'Object Repository/Backoffice/match_mgmt/input_submit_match' is clicked on

2019-01-10 10:23:41 - [MESSAGE][PASSED] - Object: 'Object Repository/Backoffice/match_mgmt/input_submit_match' is clicked on

2019-01-10 10:23:41 - [TEST_STEP][PASSED] - delay(1): Delayed 1 second(s)

2019-01-10 10:23:42 - [MESSAGE][PASSED] - Delayed 1 second(s)

2019-01-10 10:23:42 - [TEST_STEP][PASSED] - click(findTestObject("Backoffice/match_mgmt/button_create_match")): Object: 'Object Repository/Backoffice/match_mgmt/button_create_match' is clicked on

2019-01-10 10:23:42 - [MESSAGE][PASSED] - Object: 'Object Repository/Backoffice/match_mgmt/button_create_match' is clicked on

2019-01-10 10:23:42 - [TEST_STEP][PASSED] - delay(1): Delayed 1 second(s)

2019-01-10 10:23:43 - [MESSAGE][PASSED] - Delayed 1 second(s)

2019-01-10 10:23:43 - [TEST_STEP][PASSED] - click(findTestObject("Backoffice/match_mgmt/span_select_arena_name")): Object: 'Object Repository/Backoffice/match_mgmt/span_select_arena_name' is clicked on

2019-01-10 10:23:43 - [MESSAGE][PASSED] - Object: 'Object Repository/Backoffice/match_mgmt/span_select_arena_name' is clicked on

2019-01-10 10:23:43 - [TEST_STEP][PASSED] - setText(findTestObject("Backoffice/match_mgmt/input__select2-search__arena_name"), Arena_Acronym): Text 'BALAGTAS COCKPIT - BC' is set on object 'Object Repository/Backoffice/match_mgmt/input__select2-search__arena_name'

2019-01-10 10:23:45 - [MESSAGE][PASSED] - Text 'BALAGTAS COCKPIT - BC' is set on object 'Object Repository/Backoffice/match_mgmt/input__select2-search__arena_name'

2019-01-10 10:23:45 - [TEST_STEP][PASSED] - sendKeys(findTestObject("Backoffice/match_mgmt/input__select2-search__arena_name"), Keys.chord(ENTER)): Keys 'ENTER + ' sent to object: 'Object Repository/Backoffice/match_mgmt/input__select2-search__arena_name'

2019-01-10 10:23:45 - [MESSAGE][PASSED] - Keys 'ENTER + ' sent to object: 'Object Repository/Backoffice/match_mgmt/input__select2-search__arena_name'

2019-01-10 10:23:45 - [TEST_STEP][PASSED] - setText(findTestObject("Backoffice/match_mgmt/meron_details/input_meron_name"), Meron_Name): Text 'AA' is set on object 'Object Repository/Backoffice/match_mgmt/meron_details/input_meron_name'

2019-01-10 10:23:45 - [MESSAGE][PASSED] - Text 'AA' is set on object 'Object Repository/Backoffice/match_mgmt/meron_details/input_meron_name'

2019-01-10 10:23:45 - [TEST_STEP][PASSED] - setText(findTestObject("Backoffice/match_mgmt/meron_details/input_meron_weight"), Meron_Weight): Text 'Weight 1' is set on object 'Object Repository/Backoffice/match_mgmt/meron_details/input_meron_weight'

2019-01-10 10:23:45 - [MESSAGE][PASSED] - Text 'Weight 1' is set on object 'Object Repository/Backoffice/match_mgmt/meron_details/input_meron_weight'

2019-01-10 10:23:45 - [TEST_STEP][PASSED] - setText(findTestObject("Backoffice/match_mgmt/wala_details/input_wala_name"), Wala_Name): Text 'BB' is set on object 'Object Repository/Backoffice/match_mgmt/wala_details/input_wala_name'

2019-01-10 10:23:46 - [MESSAGE][PASSED] - Text 'BB' is set on object 'Object Repository/Backoffice/match_mgmt/wala_details/input_wala_name'

2019-01-10 10:23:46 - [TEST_STEP][PASSED] - setText(findTestObject("Backoffice/match_mgmt/wala_details/input_wala_weight"), Wala_Weight): Text 'Weight 2' is set on object 'Object Repository/Backoffice/match_mgmt/wala_details/input_wala_weight'

2019-01-10 10:23:46 - [MESSAGE][PASSED] - Text 'Weight 2' is set on object 'Object Repository/Backoffice/match_mgmt/wala_details/input_wala_weight'

2019-01-10 10:23:46 - [TEST_STEP][PASSED] - click(findTestObject("Backoffice/match_mgmt/input_submit_match")): Object: 'Object Repository/Backoffice/match_mgmt/input_submit_match' is clicked on

2019-01-10 10:23:49 - [MESSAGE][PASSED] - Object: 'Object Repository/Backoffice/match_mgmt/input_submit_match' is clicked on

2019-01-10 10:23:49 - [TEST_STEP][PASSED] - delay(1): Delayed 1 second(s)

2019-01-10 10:23:50 - [MESSAGE][PASSED] - Delayed 1 second(s)

2019-01-10 10:23:50 - [TEST_STEP][PASSED] - click(findTestObject("Backoffice/match_mgmt/button_create_match")): Object: 'Object Repository/Backoffice/match_mgmt/button_create_match' is clicked on

2019-01-10 10:23:50 - [MESSAGE][PASSED] - Object: 'Object Repository/Backoffice/match_mgmt/button_create_match' is clicked on

2019-01-10 10:23:50 - [TEST_STEP][PASSED] - delay(1): Delayed 1 second(s)

2019-01-10 10:23:51 - [MESSAGE][PASSED] - Delayed 1 second(s)

2019-01-10 10:23:51 - [TEST_STEP][PASSED] - click(findTestObject("Backoffice/match_mgmt/span_select_arena_name")): Object: 'Object Repository/Backoffice/match_mgmt/span_select_arena_name' is clicked on

2019-01-10 10:23:52 - [MESSAGE][PASSED] - Object: 'Object Repository/Backoffice/match_mgmt/span_select_arena_name' is clicked on

2019-01-10 10:23:52 - [TEST_STEP][PASSED] - setText(findTestObject("Backoffice/match_mgmt/input__select2-search__arena_name"), Arena_Acronym): Text 'BALAGTAS COCKPIT - BC' is set on object 'Object Repository/Backoffice/match_mgmt/input__select2-search__arena_name'

2019-01-10 10:23:53 - [MESSAGE][PASSED] - Text 'BALAGTAS COCKPIT - BC' is set on object 'Object Repository/Backoffice/match_mgmt/input__select2-search__arena_name'

2019-01-10 10:23:53 - [TEST_STEP][PASSED] - sendKeys(findTestObject("Backoffice/match_mgmt/input__select2-search__arena_name"), Keys.chord(ENTER)): Keys 'ENTER + ' sent to object: 'Object Repository/Backoffice/match_mgmt/input__select2-search__arena_name'

2019-01-10 10:23:53 - [MESSAGE][PASSED] - Keys 'ENTER + ' sent to object: 'Object Repository/Backoffice/match_mgmt/input__select2-search__arena_name'

2019-01-10 10:23:53 - [TEST_STEP][PASSED] - setText(findTestObject("Backoffice/match_mgmt/meron_details/input_meron_name"), Meron_Name): Text 'AA' is set on object 'Object Repository/Backoffice/match_mgmt/meron_details/input_meron_name'

2019-01-10 10:23:53 - [MESSAGE][PASSED] - Text 'AA' is set on object 'Object Repository/Backoffice/match_mgmt/meron_details/input_meron_name'

2019-01-10 10:23:53 - [TEST_STEP][PASSED] - setText(findTestObject("Backoffice/match_mgmt/meron_details/input_meron_weight"), Meron_Weight): Text 'Weight 1' is set on object 'Object Repository/Backoffice/match_mgmt/meron_details/input_meron_weight'

2019-01-10 10:23:54 - [MESSAGE][PASSED] - Text 'Weight 1' is set on object 'Object Repository/Backoffice/match_mgmt/meron_details/input_meron_weight'

2019-01-10 10:23:54 - [TEST_STEP][PASSED] - setText(findTestObject("Backoffice/match_mgmt/wala_details/input_wala_name"), Wala_Name): Text 'BB' is set on object 'Object Repository/Backoffice/match_mgmt/wala_details/input_wala_name'

2019-01-10 10:23:54 - [MESSAGE][PASSED] - Text 'BB' is set on object 'Object Repository/Backoffice/match_mgmt/wala_details/input_wala_name'

2019-01-10 10:23:54 - [TEST_STEP][PASSED] - setText(findTestObject("Backoffice/match_mgmt/wala_details/input_wala_weight"), Wala_Weight): Text 'Weight 2' is set on object 'Object Repository/Backoffice/match_mgmt/wala_details/input_wala_weight'

2019-01-10 10:23:54 - [MESSAGE][PASSED] - Text 'Weight 2' is set on object 'Object Repository/Backoffice/match_mgmt/wala_details/input_wala_weight'

2019-01-10 10:23:54 - [TEST_STEP][PASSED] - click(findTestObject("Backoffice/match_mgmt/input_submit_match")): Object: 'Object Repository/Backoffice/match_mgmt/input_submit_match' is clicked on

2019-01-10 10:23:58 - [MESSAGE][PASSED] - Object: 'Object Repository/Backoffice/match_mgmt/input_submit_match' is clicked on

2019-01-10 10:23:58 - [TEST_STEP][PASSED] - delay(1): Delayed 1 second(s)

2019-01-10 10:23:59 - [MESSAGE][PASSED] - Delayed 1 second(s)

2019-01-10 10:23:59 - [TEST_STEP][PASSED] - click(findTestObject("Backoffice/match_mgmt/button_create_match")): Object: 'Object Repository/Backoffice/match_mgmt/button_create_match' is clicked on

2019-01-10 10:23:59 - [MESSAGE][PASSED] - Object: 'Object Repository/Backoffice/match_mgmt/button_create_match' is clicked on

2019-01-10 10:23:59 - [TEST_STEP][PASSED] - delay(1): Delayed 1 second(s)

2019-01-10 10:24:00 - [MESSAGE][PASSED] - Delayed 1 second(s)

2019-01-10 10:24:00 - [TEST_STEP][PASSED] - click(findTestObject("Backoffice/match_mgmt/span_select_arena_name")): Object: 'Object Repository/Backoffice/match_mgmt/span_select_arena_name' is clicked on

2019-01-10 10:24:00 - [MESSAGE][PASSED] - Object: 'Object Repository/Backoffice/match_mgmt/span_select_arena_name' is clicked on

2019-01-10 10:24:00 - [TEST_STEP][PASSED] - setText(findTestObject("Backoffice/match_mgmt/input__select2-search__arena_name"), Arena_Acronym): Text 'BALAGTAS COCKPIT - BC' is set on object 'Object Repository/Backoffice/match_mgmt/input__select2-search__arena_name'

2019-01-10 10:24:01 - [MESSAGE][PASSED] - Text 'BALAGTAS COCKPIT - BC' is set on object 'Object Repository/Backoffice/match_mgmt/input__select2-search__arena_name'

2019-01-10 10:24:01 - [TEST_STEP][PASSED] - sendKeys(findTestObject("Backoffice/match_mgmt/input__select2-search__arena_name"), Keys.chord(ENTER)): Keys 'ENTER + ' sent to object: 'Object Repository/Backoffice/match_mgmt/input__select2-search__arena_name'

2019-01-10 10:24:01 - [MESSAGE][PASSED] - Keys 'ENTER + ' sent to object: 'Object Repository/Backoffice/match_mgmt/input__select2-search__arena_name'

2019-01-10 10:24:01 - [TEST_STEP][PASSED] - setText(findTestObject("Backoffice/match_mgmt/meron_details/input_meron_name"), Meron_Name): Text 'AA' is set on object 'Object Repository/Backoffice/match_mgmt/meron_details/input_meron_name'

2019-01-10 10:24:02 - [MESSAGE][PASSED] - Text 'AA' is set on object 'Object Repository/Backoffice/match_mgmt/meron_details/input_meron_name'

2019-01-10 10:24:02 - [TEST_STEP][PASSED] - setText(findTestObject("Backoffice/match_mgmt/meron_details/input_meron_weight"), Meron_Weight): Text 'Weight 1' is set on object 'Object Repository/Backoffice/match_mgmt/meron_details/input_meron_weight'

2019-01-10 10:24:02 - [MESSAGE][PASSED] - Text 'Weight 1' is set on object 'Object Repository/Backoffice/match_mgmt/meron_details/input_meron_weight'

2019-01-10 10:24:02 - [TEST_STEP][PASSED] - setText(findTestObject("Backoffice/match_mgmt/wala_details/input_wala_name"), Wala_Name): Text 'BB' is set on object 'Object Repository/Backoffice/match_mgmt/wala_details/input_wala_name'

2019-01-10 10:24:02 - [MESSAGE][PASSED] - Text 'BB' is set on object 'Object Repository/Backoffice/match_mgmt/wala_details/input_wala_name'

2019-01-10 10:24:02 - [TEST_STEP][PASSED] - setText(findTestObject("Backoffice/match_mgmt/wala_details/input_wala_weight"), Wala_Weight): Text 'Weight 2' is set on object 'Object Repository/Backoffice/match_mgmt/wala_details/input_wala_weight'

2019-01-10 10:24:03 - [MESSAGE][PASSED] - Text 'Weight 2' is set on object 'Object Repository/Backoffice/match_mgmt/wala_details/input_wala_weight'

2019-01-10 10:24:03 - [TEST_STEP][PASSED] - click(findTestObject("Backoffice/match_mgmt/input_submit_match")): Object: 'Object Repository/Backoffice/match_mgmt/input_submit_match' is clicked on

2019-01-10 10:24:06 - [MESSAGE][PASSED] - Object: 'Object Repository/Backoffice/match_mgmt/input_submit_match' is clicked on

2019-01-10 10:24:06 - [TEST_STEP][PASSED] - delay(1): Delayed 1 second(s)

2019-01-10 10:24:07 - [MESSAGE][PASSED] - Delayed 1 second(s)

2019-01-10 10:24:07 - [TEST_STEP][PASSED] - click(findTestObject("Backoffice/match_mgmt/button_create_match")): Object: 'Object Repository/Backoffice/match_mgmt/button_create_match' is clicked on

2019-01-10 10:24:07 - [MESSAGE][PASSED] - Object: 'Object Repository/Backoffice/match_mgmt/button_create_match' is clicked on

2019-01-10 10:24:07 - [TEST_STEP][PASSED] - delay(1): Delayed 1 second(s)

2019-01-10 10:24:08 - [MESSAGE][PASSED] - Delayed 1 second(s)

2019-01-10 10:24:08 - [TEST_STEP][PASSED] - click(findTestObject("Backoffice/match_mgmt/span_select_arena_name")): Object: 'Object Repository/Backoffice/match_mgmt/span_select_arena_name' is clicked on

2019-01-10 10:24:08 - [MESSAGE][PASSED] - Object: 'Object Repository/Backoffice/match_mgmt/span_select_arena_name' is clicked on

2019-01-10 10:24:08 - [TEST_STEP][PASSED] - setText(findTestObject("Backoffice/match_mgmt/input__select2-search__arena_name"), Arena_Acronym): Text 'BALAGTAS COCKPIT - BC' is set on object 'Object Repository/Backoffice/match_mgmt/input__select2-search__arena_name'

2019-01-10 10:24:09 - [MESSAGE][PASSED] - Text 'BALAGTAS COCKPIT - BC' is set on object 'Object Repository/Backoffice/match_mgmt/input__select2-search__arena_name'

2019-01-10 10:24:09 - [TEST_STEP][PASSED] - sendKeys(findTestObject("Backoffice/match_mgmt/input__select2-search__arena_name"), Keys.chord(ENTER)): Keys 'ENTER + ' sent to object: 'Object Repository/Backoffice/match_mgmt/input__select2-search__arena_name'

2019-01-10 10:24:09 - [MESSAGE][PASSED] - Keys 'ENTER + ' sent to object: 'Object Repository/Backoffice/match_mgmt/input__select2-search__arena_name'

2019-01-10 10:24:09 - [TEST_STEP][PASSED] - setText(findTestObject("Backoffice/match_mgmt/meron_details/input_meron_name"), Meron_Name): Text 'AA' is set on object 'Object Repository/Backoffice/match_mgmt/meron_details/input_meron_name'

2019-01-10 10:24:10 - [MESSAGE][PASSED] - Text 'AA' is set on object 'Object Repository/Backoffice/match_mgmt/meron_details/input_meron_name'

2019-01-10 10:24:10 - [TEST_STEP][PASSED] - setText(findTestObject("Backoffice/match_mgmt/meron_details/input_meron_weight"), Meron_Weight): Text 'Weight 1' is set on object 'Object Repository/Backoffice/match_mgmt/meron_details/input_meron_weight'

2019-01-10 10:24:10 - [MESSAGE][PASSED] - Text 'Weight 1' is set on object 'Object Repository/Backoffice/match_mgmt/meron_details/input_meron_weight'

2019-01-10 10:24:10 - [TEST_STEP][PASSED] - setText(findTestObject("Backoffice/match_mgmt/wala_details/input_wala_name"), Wala_Name): Text 'BB' is set on object 'Object Repository/Backoffice/match_mgmt/wala_details/input_wala_name'

2019-01-10 10:24:10 - [MESSAGE][PASSED] - Text 'BB' is set on object 'Object Repository/Backoffice/match_mgmt/wala_details/input_wala_name'

2019-01-10 10:24:10 - [TEST_STEP][PASSED] - setText(findTestObject("Backoffice/match_mgmt/wala_details/input_wala_weight"), Wala_Weight): Text 'Weight 2' is set on object 'Object Repository/Backoffice/match_mgmt/wala_details/input_wala_weight'

2019-01-10 10:24:11 - [MESSAGE][PASSED] - Text 'Weight 2' is set on object 'Object Repository/Backoffice/match_mgmt/wala_details/input_wala_weight'

2019-01-10 10:24:11 - [TEST_STEP][PASSED] - click(findTestObject("Backoffice/match_mgmt/input_submit_match")): Object: 'Object Repository/Backoffice/match_mgmt/input_submit_match' is clicked on

2019-01-10 10:24:14 - [MESSAGE][PASSED] - Object: 'Object Repository/Backoffice/match_mgmt/input_submit_match' is clicked on

2019-01-10 10:24:14 - [TEST_STEP][PASSED] - delay(1): Delayed 1 second(s)

2019-01-10 10:24:15 - [MESSAGE][PASSED] - Delayed 1 second(s)

2019-01-10 10:24:15 - [TEST_STEP][PASSED] - click(findTestObject("Backoffice/match_mgmt/button_create_match")): Object: 'Object Repository/Backoffice/match_mgmt/button_create_match' is clicked on

2019-01-10 10:24:15 - [MESSAGE][PASSED] - Object: 'Object Repository/Backoffice/match_mgmt/button_create_match' is clicked on

2019-01-10 10:24:15 - [TEST_STEP][PASSED] - delay(1): Delayed 1 second(s)

2019-01-10 10:24:16 - [MESSAGE][PASSED] - Delayed 1 second(s)

2019-01-10 10:24:16 - [TEST_STEP][PASSED] - click(findTestObject("Backoffice/match_mgmt/span_select_arena_name")): Object: 'Object Repository/Backoffice/match_mgmt/span_select_arena_name' is clicked on

2019-01-10 10:24:16 - [MESSAGE][PASSED] - Object: 'Object Repository/Backoffice/match_mgmt/span_select_arena_name' is clicked on

2019-01-10 10:24:16 - [TEST_STEP][PASSED] - setText(findTestObject("Backoffice/match_mgmt/input__select2-search__arena_name"), Arena_Acronym): Text 'BALAGTAS COCKPIT - BC' is set on object 'Object Repository/Backoffice/match_mgmt/input__select2-search__arena_name'

2019-01-10 10:24:17 - [MESSAGE][PASSED] - Text 'BALAGTAS COCKPIT - BC' is set on object 'Object Repository/Backoffice/match_mgmt/input__select2-search__arena_name'

2019-01-10 10:24:17 - [TEST_STEP][PASSED] - sendKeys(findTestObject("Backoffice/match_mgmt/input__select2-search__arena_name"), Keys.chord(ENTER)): Keys 'ENTER + ' sent to object: 'Object Repository/Backoffice/match_mgmt/input__select2-search__arena_name'

2019-01-10 10:24:17 - [MESSAGE][PASSED] - Keys 'ENTER + ' sent to object: 'Object Repository/Backoffice/match_mgmt/input__select2-search__arena_name'

2019-01-10 10:24:17 - [TEST_STEP][PASSED] - setText(findTestObject("Backoffice/match_mgmt/meron_details/input_meron_name"), Meron_Name): Text 'AA' is set on object 'Object Repository/Backoffice/match_mgmt/meron_details/input_meron_name'

2019-01-10 10:24:18 - [MESSAGE][PASSED] - Text 'AA' is set on object 'Object Repository/Backoffice/match_mgmt/meron_details/input_meron_name'

2019-01-10 10:24:18 - [TEST_STEP][PASSED] - setText(findTestObject("Backoffice/match_mgmt/meron_details/input_meron_weight"), Meron_Weight): Text 'Weight 1' is set on object 'Object Repository/Backoffice/match_mgmt/meron_details/input_meron_weight'

2019-01-10 10:24:18 - [MESSAGE][PASSED] - Text 'Weight 1' is set on object 'Object Repository/Backoffice/match_mgmt/meron_details/input_meron_weight'

2019-01-10 10:24:18 - [TEST_STEP][PASSED] - setText(findTestObject("Backoffice/match_mgmt/wala_details/input_wala_name"), Wala_Name): Text 'BB' is set on object 'Object Repository/Backoffice/match_mgmt/wala_details/input_wala_name'

2019-01-10 10:24:18 - [MESSAGE][PASSED] - Text 'BB' is set on object 'Object Repository/Backoffice/match_mgmt/wala_details/input_wala_name'

2019-01-10 10:24:18 - [TEST_STEP][PASSED] - setText(findTestObject("Backoffice/match_mgmt/wala_details/input_wala_weight"), Wala_Weight): Text 'Weight 2' is set on object 'Object Repository/Backoffice/match_mgmt/wala_details/input_wala_weight'

2019-01-10 10:24:19 - [MESSAGE][PASSED] - Text 'Weight 2' is set on object 'Object Repository/Backoffice/match_mgmt/wala_details/input_wala_weight'

2019-01-10 10:24:19 - [TEST_STEP][PASSED] - click(findTestObject("Backoffice/match_mgmt/input_submit_match")): Object: 'Object Repository/Backoffice/match_mgmt/input_submit_match' is clicked on

2019-01-10 10:24:22 - [MESSAGE][PASSED] - Object: 'Object Repository/Backoffice/match_mgmt/input_submit_match' is clicked on

2019-01-10 10:24:22 - [TEST_STEP][PASSED] - delay(1): Delayed 1 second(s)

2019-01-10 10:24:23 - [MESSAGE][PASSED] - Delayed 1 second(s)

2019-01-10 10:24:23 - [TEST_STEP][PASSED] - click(findTestObject("Backoffice/match_mgmt/button_create_match")): Object: 'Object Repository/Backoffice/match_mgmt/button_create_match' is clicked on

2019-01-10 10:24:23 - [MESSAGE][PASSED] - Object: 'Object Repository/Backoffice/match_mgmt/button_create_match' is clicked on

2019-01-10 10:24:23 - [TEST_STEP][PASSED] - delay(1): Delayed 1 second(s)

2019-01-10 10:24:24 - [MESSAGE][PASSED] - Delayed 1 second(s)

2019-01-10 10:24:24 - [TEST_STEP][PASSED] - click(findTestObject("Backoffice/match_mgmt/span_select_arena_name")): Object: 'Object Repository/Backoffice/match_mgmt/span_select_arena_name' is clicked on

2019-01-10 10:24:24 - [MESSAGE][PASSED] - Object: 'Object Repository/Backoffice/match_mgmt/span_select_arena_name' is clicked on

2019-01-10 10:24:24 - [TEST_STEP][PASSED] - setText(findTestObject("Backoffice/match_mgmt/input__select2-search__arena_name"), Arena_Acronym): Text 'BALAGTAS COCKPIT - BC' is set on object 'Object Repository/Backoffice/match_mgmt/input__select2-search__arena_name'

2019-01-10 10:24:25 - [MESSAGE][PASSED] - Text 'BALAGTAS COCKPIT - BC' is set on object 'Object Repository/Backoffice/match_mgmt/input__select2-search__arena_name'

2019-01-10 10:24:25 - [TEST_STEP][PASSED] - sendKeys(findTestObject("Backoffice/match_mgmt/input__select2-search__arena_name"), Keys.chord(ENTER)): Keys 'ENTER + ' sent to object: 'Object Repository/Backoffice/match_mgmt/input__select2-search__arena_name'

2019-01-10 10:24:25 - [MESSAGE][PASSED] - Keys 'ENTER + ' sent to object: 'Object Repository/Backoffice/match_mgmt/input__select2-search__arena_name'

2019-01-10 10:24:25 - [TEST_STEP][PASSED] - setText(findTestObject("Backoffice/match_mgmt/meron_details/input_meron_name"), Meron_Name): Text 'AA' is set on object 'Object Repository/Backoffice/match_mgmt/meron_details/input_meron_name'

2019-01-10 10:24:25 - [MESSAGE][PASSED] - Text 'AA' is set on object 'Object Repository/Backoffice/match_mgmt/meron_details/input_meron_name'

2019-01-10 10:24:25 - [TEST_STEP][PASSED] - setText(findTestObject("Backoffice/match_mgmt/meron_details/input_meron_weight"), Meron_Weight): Text 'Weight 1' is set on object 'Object Repository/Backoffice/match_mgmt/meron_details/input_meron_weight'

2019-01-10 10:24:26 - [MESSAGE][PASSED] - Text 'Weight 1' is set on object 'Object Repository/Backoffice/match_mgmt/meron_details/input_meron_weight'

2019-01-10 10:24:26 - [TEST_STEP][PASSED] - setText(findTestObject("Backoffice/match_mgmt/wala_details/input_wala_name"), Wala_Name): Text 'BB' is set on object 'Object Repository/Backoffice/match_mgmt/wala_details/input_wala_name'

2019-01-10 10:24:26 - [MESSAGE][PASSED] - Text 'BB' is set on object 'Object Repository/Backoffice/match_mgmt/wala_details/input_wala_name'

2019-01-10 10:24:26 - [TEST_STEP][PASSED] - setText(findTestObject("Backoffice/match_mgmt/wala_details/input_wala_weight"), Wala_Weight): Text 'Weight 2' is set on object 'Object Repository/Backoffice/match_mgmt/wala_details/input_wala_weight'

2019-01-10 10:24:26 - [MESSAGE][PASSED] - Text 'Weight 2' is set on object 'Object Repository/Backoffice/match_mgmt/wala_details/input_wala_weight'

2019-01-10 10:24:26 - [TEST_STEP][PASSED] - click(findTestObject("Backoffice/match_mgmt/input_submit_match")): Object: 'Object Repository/Backoffice/match_mgmt/input_submit_match' is clicked on

2019-01-10 10:24:30 - [MESSAGE][PASSED] - Object: 'Object Repository/Backoffice/match_mgmt/input_submit_match' is clicked on

2019-01-10 10:24:30 - [TEST_STEP][PASSED] - delay(1): Delayed 1 second(s)

2019-01-10 10:24:31 - [MESSAGE][PASSED] - Delayed 1 second(s)

2019-01-10 10:24:31 - [TEST_STEP][PASSED] - click(findTestObject("Backoffice/match_mgmt/button_create_match")): Object: 'Object Repository/Backoffice/match_mgmt/button_create_match' is clicked on

2019-01-10 10:24:31 - [MESSAGE][PASSED] - Object: 'Object Repository/Backoffice/match_mgmt/button_create_match' is clicked on

2019-01-10 10:24:31 - [TEST_STEP][PASSED] - delay(1): Delayed 1 second(s)

2019-01-10 10:24:32 - [MESSAGE][PASSED] - Delayed 1 second(s)

2019-01-10 10:24:32 - [TEST_STEP][PASSED] - click(findTestObject("Backoffice/match_mgmt/span_select_arena_name")): Object: 'Object Repository/Backoffice/match_mgmt/span_select_arena_name' is clicked on

2019-01-10 10:24:32 - [MESSAGE][PASSED] - Object: 'Object Repository/Backoffice/match_mgmt/span_select_arena_name' is clicked on

2019-01-10 10:24:32 - [TEST_STEP][PASSED] - setText(findTestObject("Backoffice/match_mgmt/input__select2-search__arena_name"), Arena_Acronym): Text 'BALAGTAS COCKPIT - BC' is set on object 'Object Repository/Backoffice/match_mgmt/input__select2-search__arena_name'

2019-01-10 10:24:33 - [MESSAGE][PASSED] - Text 'BALAGTAS COCKPIT - BC' is set on object 'Object Repository/Backoffice/match_mgmt/input__select2-search__arena_name'

2019-01-10 10:24:33 - [TEST_STEP][PASSED] - sendKeys(findTestObject("Backoffice/match_mgmt/input__select2-search__arena_name"), Keys.chord(ENTER)): Keys 'ENTER + ' sent to object: 'Object Repository/Backoffice/match_mgmt/input__select2-search__arena_name'

2019-01-10 10:24:33 - [MESSAGE][PASSED] - Keys 'ENTER + ' sent to object: 'Object Repository/Backoffice/match_mgmt/input__select2-search__arena_name'

2019-01-10 10:24:33 - [TEST_STEP][PASSED] - setText(findTestObject("Backoffice/match_mgmt/meron_details/input_meron_name"), Meron_Name): Text 'AA' is set on object 'Object Repository/Backoffice/match_mgmt/meron_details/input_meron_name'

2019-01-10 10:24:33 - [MESSAGE][PASSED] - Text 'AA' is set on object 'Object Repository/Backoffice/match_mgmt/meron_details/input_meron_name'

2019-01-10 10:24:33 - [TEST_STEP][PASSED] - setText(findTestObject("Backoffice/match_mgmt/meron_details/input_meron_weight"), Meron_Weight): Text 'Weight 1' is set on object 'Object Repository/Backoffice/match_mgmt/meron_details/input_meron_weight'

2019-01-10 10:24:34 - [MESSAGE][PASSED] - Text 'Weight 1' is set on object 'Object Repository/Backoffice/match_mgmt/meron_details/input_meron_weight'

2019-01-10 10:24:34 - [TEST_STEP][PASSED] - setText(findTestObject("Backoffice/match_mgmt/wala_details/input_wala_name"), Wala_Name): Text 'BB' is set on object 'Object Repository/Backoffice/match_mgmt/wala_details/input_wala_name'

2019-01-10 10:24:34 - [MESSAGE][PASSED] - Text 'BB' is set on object 'Object Repository/Backoffice/match_mgmt/wala_details/input_wala_name'

2019-01-10 10:24:34 - [TEST_STEP][PASSED] - setText(findTestObject("Backoffice/match_mgmt/wala_details/input_wala_weight"), Wala_Weight): Text 'Weight 2' is set on object 'Object Repository/Backoffice/match_mgmt/wala_details/input_wala_weight'

2019-01-10 10:24:34 - [MESSAGE][PASSED] - Text 'Weight 2' is set on object 'Object Repository/Backoffice/match_mgmt/wala_details/input_wala_weight'

2019-01-10 10:24:34 - [TEST_STEP][PASSED] - click(findTestObject("Backoffice/match_mgmt/input_submit_match")): Object: 'Object Repository/Backoffice/match_mgmt/input_submit_match' is clicked on

2019-01-10 10:24:37 - [MESSAGE][PASSED] - Object: 'Object Repository/Backoffice/match_mgmt/input_submit_match' is clicked on

2019-01-10 10:24:37 - [TEST_STEP][PASSED] - delay(1): Delayed 1 second(s)

2019-01-10 10:24:38 - [MESSAGE][PASSED] - Delayed 1 second(s)

2019-01-10 10:24:38 - [TEST_STEP][PASSED] - click(findTestObject("Backoffice/match_mgmt/button_create_match")): Object: 'Object Repository/Backoffice/match_mgmt/button_create_match' is clicked on

2019-01-10 10:24:38 - [MESSAGE][PASSED] - Object: 'Object Repository/Backoffice/match_mgmt/button_create_match' is clicked on

2019-01-10 10:24:38 - [TEST_STEP][PASSED] - delay(1): Delayed 1 second(s)

2019-01-10 10:24:39 - [MESSAGE][PASSED] - Delayed 1 second(s)

2019-01-10 10:24:39 - [TEST_STEP][PASSED] - click(findTestObject("Backoffice/match_mgmt/span_select_arena_name")): Object: 'Object Repository/Backoffice/match_mgmt/span_select_arena_name' is clicked on

2019-01-10 10:24:40 - [MESSAGE][PASSED] - Object: 'Object Repository/Backoffice/match_mgmt/span_select_arena_name' is clicked on

2019-01-10 10:24:40 - [TEST_STEP][PASSED] - setText(findTestObject("Backoffice/match_mgmt/input__select2-search__arena_name"), Arena_Acronym): Text 'BALAGTAS COCKPIT - BC' is set on object 'Object Repository/Backoffice/match_mgmt/input__select2-search__arena_name'

2019-01-10 10:24:40 - [MESSAGE][PASSED] - Text 'BALAGTAS COCKPIT - BC' is set on object 'Object Repository/Backoffice/match_mgmt/input__select2-search__arena_name'

2019-01-10 10:24:40 - [TEST_STEP][PASSED] - sendKeys(findTestObject("Backoffice/match_mgmt/input__select2-search__arena_name"), Keys.chord(ENTER)): Keys 'ENTER + ' sent to object: 'Object Repository/Backoffice/match_mgmt/input__select2-search__arena_name'

2019-01-10 10:24:40 - [MESSAGE][PASSED] - Keys 'ENTER + ' sent to object: 'Object Repository/Backoffice/match_mgmt/input__select2-search__arena_name'

2019-01-10 10:24:40 - [TEST_STEP][PASSED] - setText(findTestObject("Backoffice/match_mgmt/meron_details/input_meron_name"), Meron_Name): Text 'AA' is set on object 'Object Repository/Backoffice/match_mgmt/meron_details/input_meron_name'

2019-01-10 10:24:41 - [MESSAGE][PASSED] - Text 'AA' is set on object 'Object Repository/Backoffice/match_mgmt/meron_details/input_meron_name'

2019-01-10 10:24:41 - [TEST_STEP][PASSED] - setText(findTestObject("Backoffice/match_mgmt/meron_details/input_meron_weight"), Meron_Weight): Text 'Weight 1' is set on object 'Object Repository/Backoffice/match_mgmt/meron_details/input_meron_weight'

2019-01-10 10:24:41 - [MESSAGE][PASSED] - Text 'Weight 1' is set on object 'Object Repository/Backoffice/match_mgmt/meron_details/input_meron_weight'

2019-01-10 10:24:41 - [TEST_STEP][PASSED] - setText(findTestObject("Backoffice/match_mgmt/wala_details/input_wala_name"), Wala_Name): Text 'BB' is set on object 'Object Repository/Backoffice/match_mgmt/wala_details/input_wala_name'

2019-01-10 10:24:41 - [MESSAGE][PASSED] - Text 'BB' is set on object 'Object Repository/Backoffice/match_mgmt/wala_details/input_wala_name'

2019-01-10 10:24:41 - [TEST_STEP][PASSED] - setText(findTestObject("Backoffice/match_mgmt/wala_details/input_wala_weight"), Wala_Weight): Text 'Weight 2' is set on object 'Object Repository/Backoffice/match_mgmt/wala_details/input_wala_weight'

2019-01-10 10:24:42 - [MESSAGE][PASSED] - Text 'Weight 2' is set on object 'Object Repository/Backoffice/match_mgmt/wala_details/input_wala_weight'

2019-01-10 10:24:42 - [TEST_STEP][PASSED] - click(findTestObject("Backoffice/match_mgmt/input_submit_match")): Object: 'Object Repository/Backoffice/match_mgmt/input_submit_match' is clicked on

2019-01-10 10:24:45 - [MESSAGE][PASSED] - Object: 'Object Repository/Backoffice/match_mgmt/input_submit_match' is clicked on

2019-01-10 10:24:45 - [TEST_STEP][PASSED] - delay(1): Delayed 1 second(s)

2019-01-10 10:24:46 - [MESSAGE][PASSED] - Delayed 1 second(s)

2019-01-10 10:24:46 - [TEST_STEP][PASSED] - click(findTestObject("Backoffice/match_mgmt/button_create_match")): Object: 'Object Repository/Backoffice/match_mgmt/button_create_match' is clicked on

2019-01-10 10:24:47 - [MESSAGE][PASSED] - Object: 'Object Repository/Backoffice/match_mgmt/button_create_match' is clicked on

2019-01-10 10:24:47 - [TEST_STEP][PASSED] - delay(1): Delayed 1 second(s)

2019-01-10 10:24:48 - [MESSAGE][PASSED] - Delayed 1 second(s)

2019-01-10 10:24:48 - [TEST_STEP][PASSED] - click(findTestObject("Backoffice/match_mgmt/span_select_arena_name")): Object: 'Object Repository/Backoffice/match_mgmt/span_select_arena_name' is clicked on

2019-01-10 10:24:48 - [MESSAGE][PASSED] - Object: 'Object Repository/Backoffice/match_mgmt/span_select_arena_name' is clicked on

2019-01-10 10:24:48 - [TEST_STEP][PASSED] - setText(findTestObject("Backoffice/match_mgmt/input__select2-search__arena_name"), Arena_Acronym): Text 'BALAGTAS COCKPIT - BC' is set on object 'Object Repository/Backoffice/match_mgmt/input__select2-search__arena_name'

2019-01-10 10:24:49 - [MESSAGE][PASSED] - Text 'BALAGTAS COCKPIT - BC' is set on object 'Object Repository/Backoffice/match_mgmt/input__select2-search__arena_name'

2019-01-10 10:24:49 - [TEST_STEP][PASSED] - sendKeys(findTestObject("Backoffice/match_mgmt/input__select2-search__arena_name"), Keys.chord(ENTER)): Keys 'ENTER + ' sent to object: 'Object Repository/Backoffice/match_mgmt/input__select2-search__arena_name'

2019-01-10 10:24:49 - [MESSAGE][PASSED] - Keys 'ENTER + ' sent to object: 'Object Repository/Backoffice/match_mgmt/input__select2-search__arena_name'

2019-01-10 10:24:49 - [TEST_STEP][PASSED] - setText(findTestObject("Backoffice/match_mgmt/meron_details/input_meron_name"), Meron_Name): Text 'AA' is set on object 'Object Repository/Backoffice/match_mgmt/meron_details/input_meron_name'

2019-01-10 10:24:49 - [MESSAGE][PASSED] - Text 'AA' is set on object 'Object Repository/Backoffice/match_mgmt/meron_details/input_meron_name'

2019-01-10 10:24:49 - [TEST_STEP][PASSED] - setText(findTestObject("Backoffice/match_mgmt/meron_details/input_meron_weight"), Meron_Weight): Text 'Weight 1' is set on object 'Object Repository/Backoffice/match_mgmt/meron_details/input_meron_weight'

2019-01-10 10:24:50 - [MESSAGE][PASSED] - Text 'Weight 1' is set on object 'Object Repository/Backoffice/match_mgmt/meron_details/input_meron_weight'

2019-01-10 10:24:50 - [TEST_STEP][PASSED] - setText(findTestObject("Backoffice/match_mgmt/wala_details/input_wala_name"), Wala_Name): Text 'BB' is set on object 'Object Repository/Backoffice/match_mgmt/wala_details/input_wala_name'

2019-01-10 10:24:50 - [MESSAGE][PASSED] - Text 'BB' is set on object 'Object Repository/Backoffice/match_mgmt/wala_details/input_wala_name'

2019-01-10 10:24:50 - [TEST_STEP][PASSED] - setText(findTestObject("Backoffice/match_mgmt/wala_details/input_wala_weight"), Wala_Weight): Text 'Weight 2' is set on object 'Object Repository/Backoffice/match_mgmt/wala_details/input_wala_weight'

2019-01-10 10:24:50 - [MESSAGE][PASSED] - Text 'Weight 2' is set on object 'Object Repository/Backoffice/match_mgmt/wala_details/input_wala_weight'

2019-01-10 10:24:50 - [TEST_STEP][PASSED] - click(findTestObject("Backoffice/match_mgmt/input_submit_match")): Object: 'Object Repository/Backoffice/match_mgmt/input_submit_match' is clicked on

2019-01-10 10:24:54 - [MESSAGE][PASSED] - Object: 'Object Repository/Backoffice/match_mgmt/input_submit_match' is clicked on

2019-01-10 10:24:54 - [TEST_STEP][PASSED] - delay(1): Delayed 1 second(s)

2019-01-10 10:24:55 - [MESSAGE][PASSED] - Delayed 1 second(s)

2019-01-10 10:24:55 - [TEST_STEP][PASSED] - click(findTestObject("Backoffice/match_mgmt/button_create_match")): Object: 'Object Repository/Backoffice/match_mgmt/button_create_match' is clicked on

2019-01-10 10:24:55 - [MESSAGE][PASSED] - Object: 'Object Repository/Backoffice/match_mgmt/button_create_match' is clicked on

2019-01-10 10:24:55 - [TEST_STEP][PASSED] - delay(1): Delayed 1 second(s)

2019-01-10 10:24:56 - [MESSAGE][PASSED] - Delayed 1 second(s)

2019-01-10 10:24:56 - [TEST_STEP][PASSED] - click(findTestObject("Backoffice/match_mgmt/span_select_arena_name")): Object: 'Object Repository/Backoffice/match_mgmt/span_select_arena_name' is clicked on

2019-01-10 10:24:56 - [MESSAGE][PASSED] - Object: 'Object Repository/Backoffice/match_mgmt/span_select_arena_name' is clicked on

2019-01-10 10:24:56 - [TEST_STEP][PASSED] - setText(findTestObject("Backoffice/match_mgmt/input__select2-search__arena_name"), Arena_Acronym): Text 'BALAGTAS COCKPIT - BC' is set on object 'Object Repository/Backoffice/match_mgmt/input__select2-search__arena_name'

2019-01-10 10:24:57 - [MESSAGE][PASSED] - Text 'BALAGTAS COCKPIT - BC' is set on object 'Object Repository/Backoffice/match_mgmt/input__select2-search__arena_name'

2019-01-10 10:24:57 - [TEST_STEP][PASSED] - sendKeys(findTestObject("Backoffice/match_mgmt/input__select2-search__arena_name"), Keys.chord(ENTER)): Keys 'ENTER + ' sent to object: 'Object Repository/Backoffice/match_mgmt/input__select2-search__arena_name'

2019-01-10 10:24:57 - [MESSAGE][PASSED] - Keys 'ENTER + ' sent to object: 'Object Repository/Backoffice/match_mgmt/input__select2-search__arena_name'

2019-01-10 10:24:57 - [TEST_STEP][PASSED] - setText(findTestObject("Backoffice/match_mgmt/meron_details/input_meron_name"), Meron_Name): Text 'AA' is set on object 'Object Repository/Backoffice/match_mgmt/meron_details/input_meron_name'

2019-01-10 10:24:58 - [MESSAGE][PASSED] - Text 'AA' is set on object 'Object Repository/Backoffice/match_mgmt/meron_details/input_meron_name'

2019-01-10 10:24:58 - [TEST_STEP][PASSED] - setText(findTestObject("Backoffice/match_mgmt/meron_details/input_meron_weight"), Meron_Weight): Text 'Weight 1' is set on object 'Object Repository/Backoffice/match_mgmt/meron_details/input_meron_weight'

2019-01-10 10:24:58 - [MESSAGE][PASSED] - Text 'Weight 1' is set on object 'Object Repository/Backoffice/match_mgmt/meron_details/input_meron_weight'

2019-01-10 10:24:58 - [TEST_STEP][PASSED] - setText(findTestObject("Backoffice/match_mgmt/wala_details/input_wala_name"), Wala_Name): Text 'BB' is set on object 'Object Repository/Backoffice/match_mgmt/wala_details/input_wala_name'

2019-01-10 10:24:58 - [MESSAGE][PASSED] - Text 'BB' is set on object 'Object Repository/Backoffice/match_mgmt/wala_details/input_wala_name'

2019-01-10 10:24:58 - [TEST_STEP][PASSED] - setText(findTestObject("Backoffice/match_mgmt/wala_details/input_wala_weight"), Wala_Weight): Text 'Weight 2' is set on object 'Object Repository/Backoffice/match_mgmt/wala_details/input_wala_weight'

2019-01-10 10:24:59 - [MESSAGE][PASSED] - Text 'Weight 2' is set on object 'Object Repository/Backoffice/match_mgmt/wala_details/input_wala_weight'

2019-01-10 10:24:59 - [TEST_STEP][PASSED] - click(findTestObject("Backoffice/match_mgmt/input_submit_match")): Object: 'Object Repository/Backoffice/match_mgmt/input_submit_match' is clicked on

2019-01-10 10:25:02 - [MESSAGE][PASSED] - Object: 'Object Repository/Backoffice/match_mgmt/input_submit_match' is clicked on

2019-01-10 10:25:02 - [TEST_STEP][PASSED] - delay(1): Delayed 1 second(s)

2019-01-10 10:25:03 - [MESSAGE][PASSED] - Delayed 1 second(s)

2019-01-10 10:25:03 - [TEST_STEP][PASSED] - click(findTestObject("Backoffice/match_mgmt/button_create_match")): Object: 'Object Repository/Backoffice/match_mgmt/button_create_match' is clicked on

2019-01-10 10:25:04 - [MESSAGE][PASSED] - Object: 'Object Repository/Backoffice/match_mgmt/button_create_match' is clicked on

2019-01-10 10:25:04 - [TEST_STEP][PASSED] - delay(1): Delayed 1 second(s)

2019-01-10 10:25:05 - [MESSAGE][PASSED] - Delayed 1 second(s)

2019-01-10 10:25:05 - [TEST_STEP][PASSED] - click(findTestObject("Backoffice/match_mgmt/span_select_arena_name")): Object: 'Object Repository/Backoffice/match_mgmt/span_select_arena_name' is clicked on

2019-01-10 10:25:05 - [MESSAGE][PASSED] - Object: 'Object Repository/Backoffice/match_mgmt/span_select_arena_name' is clicked on

2019-01-10 10:25:05 - [TEST_STEP][PASSED] - setText(findTestObject("Backoffice/match_mgmt/input__select2-search__arena_name"), Arena_Acronym): Text 'BALAGTAS COCKPIT - BC' is set on object 'Object Repository/Backoffice/match_mgmt/input__select2-search__arena_name'

2019-01-10 10:25:06 - [MESSAGE][PASSED] - Text 'BALAGTAS COCKPIT - BC' is set on object 'Object Repository/Backoffice/match_mgmt/input__select2-search__arena_name'

2019-01-10 10:25:06 - [TEST_STEP][PASSED] - sendKeys(findTestObject("Backoffice/match_mgmt/input__select2-search__arena_name"), Keys.chord(ENTER)): Keys 'ENTER + ' sent to object: 'Object Repository/Backoffice/match_mgmt/input__select2-search__arena_name'

2019-01-10 10:25:06 - [MESSAGE][PASSED] - Keys 'ENTER + ' sent to object: 'Object Repository/Backoffice/match_mgmt/input__select2-search__arena_name'

2019-01-10 10:25:06 - [TEST_STEP][PASSED] - setText(findTestObject("Backoffice/match_mgmt/meron_details/input_meron_name"), Meron_Name): Text 'AA' is set on object 'Object Repository/Backoffice/match_mgmt/meron_details/input_meron_name'

2019-01-10 10:25:06 - [MESSAGE][PASSED] - Text 'AA' is set on object 'Object Repository/Backoffice/match_mgmt/meron_details/input_meron_name'

2019-01-10 10:25:06 - [TEST_STEP][PASSED] - setText(findTestObject("Backoffice/match_mgmt/meron_details/input_meron_weight"), Meron_Weight): Text 'Weight 1' is set on object 'Object Repository/Backoffice/match_mgmt/meron_details/input_meron_weight'

2019-01-10 10:25:07 - [MESSAGE][PASSED] - Text 'Weight 1' is set on object 'Object Repository/Backoffice/match_mgmt/meron_details/input_meron_weight'

2019-01-10 10:25:07 - [TEST_STEP][PASSED] - setText(findTestObject("Backoffice/match_mgmt/wala_details/input_wala_name"), Wala_Name): Text 'BB' is set on object 'Object Repository/Backoffice/match_mgmt/wala_details/input_wala_name'

2019-01-10 10:25:07 - [MESSAGE][PASSED] - Text 'BB' is set on object 'Object Repository/Backoffice/match_mgmt/wala_details/input_wala_name'

2019-01-10 10:25:07 - [TEST_STEP][PASSED] - setText(findTestObject("Backoffice/match_mgmt/wala_details/input_wala_weight"), Wala_Weight): Text 'Weight 2' is set on object 'Object Repository/Backoffice/match_mgmt/wala_details/input_wala_weight'

2019-01-10 10:25:08 - [MESSAGE][PASSED] - Text 'Weight 2' is set on object 'Object Repository/Backoffice/match_mgmt/wala_details/input_wala_weight'

2019-01-10 10:25:08 - [TEST_STEP][PASSED] - click(findTestObject("Backoffice/match_mgmt/input_submit_match")): Object: 'Object Repository/Backoffice/match_mgmt/input_submit_match' is clicked on

2019-01-10 10:25:11 - [MESSAGE][PASSED] - Object: 'Object Repository/Backoffice/match_mgmt/input_submit_match' is clicked on

2019-01-10 10:25:11 - [TEST_STEP][PASSED] - delay(1): Delayed 1 second(s)

2019-01-10 10:25:12 - [MESSAGE][PASSED] - Delayed 1 second(s)

2019-01-10 10:25:12 - [TEST_STEP][PASSED] - click(findTestObject("Backoffice/match_mgmt/button_create_match")): Object: 'Object Repository/Backoffice/match_mgmt/button_create_match' is clicked on

2019-01-10 10:25:12 - [MESSAGE][PASSED] - Object: 'Object Repository/Backoffice/match_mgmt/button_create_match' is clicked on

2019-01-10 10:25:12 - [TEST_STEP][PASSED] - delay(1): Delayed 1 second(s)

2019-01-10 10:25:13 - [MESSAGE][PASSED] - Delayed 1 second(s)

2019-01-10 10:25:13 - [TEST_STEP][PASSED] - click(findTestObject("Backoffice/match_mgmt/span_select_arena_name")): Object: 'Object Repository/Backoffice/match_mgmt/span_select_arena_name' is clicked on

2019-01-10 10:25:13 - [MESSAGE][PASSED] - Object: 'Object Repository/Backoffice/match_mgmt/span_select_arena_name' is clicked on

2019-01-10 10:25:13 - [TEST_STEP][PASSED] - setText(findTestObject("Backoffice/match_mgmt/input__select2-search__arena_name"), Arena_Acronym): Text 'BALAGTAS COCKPIT - BC' is set on object 'Object Repository/Backoffice/match_mgmt/input__select2-search__arena_name'

2019-01-10 10:25:14 - [MESSAGE][PASSED] - Text 'BALAGTAS COCKPIT - BC' is set on object 'Object Repository/Backoffice/match_mgmt/input__select2-search__arena_name'

2019-01-10 10:25:14 - [TEST_STEP][PASSED] - sendKeys(findTestObject("Backoffice/match_mgmt/input__select2-search__arena_name"), Keys.chord(ENTER)): Keys 'ENTER + ' sent to object: 'Object Repository/Backoffice/match_mgmt/input__select2-search__arena_name'

2019-01-10 10:25:14 - [MESSAGE][PASSED] - Keys 'ENTER + ' sent to object: 'Object Repository/Backoffice/match_mgmt/input__select2-search__arena_name'

2019-01-10 10:25:14 - [TEST_STEP][PASSED] - setText(findTestObject("Backoffice/match_mgmt/meron_details/input_meron_name"), Meron_Name): Text 'AA' is set on object 'Object Repository/Backoffice/match_mgmt/meron_details/input_meron_name'

2019-01-10 10:25:15 - [MESSAGE][PASSED] - Text 'AA' is set on object 'Object Repository/Backoffice/match_mgmt/meron_details/input_meron_name'

2019-01-10 10:25:15 - [TEST_STEP][PASSED] - setText(findTestObject("Backoffice/match_mgmt/meron_details/input_meron_weight"), Meron_Weight): Text 'Weight 1' is set on object 'Object Repository/Backoffice/match_mgmt/meron_details/input_meron_weight'

2019-01-10 10:25:15 - [MESSAGE][PASSED] - Text 'Weight 1' is set on object 'Object Repository/Backoffice/match_mgmt/meron_details/input_meron_weight'

2019-01-10 10:25:15 - [TEST_STEP][PASSED] - setText(findTestObject("Backoffice/match_mgmt/wala_details/input_wala_name"), Wala_Name): Text 'BB' is set on object 'Object Repository/Backoffice/match_mgmt/wala_details/input_wala_name'

2019-01-10 10:25:15 - [MESSAGE][PASSED] - Text 'BB' is set on object 'Object Repository/Backoffice/match_mgmt/wala_details/input_wala_name'

2019-01-10 10:25:15 - [TEST_STEP][PASSED] - setText(findTestObject("Backoffice/match_mgmt/wala_details/input_wala_weight"), Wala_Weight): Text 'Weight 2' is set on object 'Object Repository/Backoffice/match_mgmt/wala_details/input_wala_weight'

2019-01-10 10:25:16 - [MESSAGE][PASSED] - Text 'Weight 2' is set on object 'Object Repository/Backoffice/match_mgmt/wala_details/input_wala_weight'

2019-01-10 10:25:16 - [TEST_STEP][PASSED] - click(findTestObject("Backoffice/match_mgmt/input_submit_match")): Object: 'Object Repository/Backoffice/match_mgmt/input_submit_match' is clicked on

2019-01-10 10:25:18 - [MESSAGE][PASSED] - Object: 'Object Repository/Backoffice/match_mgmt/input_submit_match' is clicked on

2019-01-10 10:25:18 - [TEST_STEP][PASSED] - delay(1): Delayed 1 second(s)

2019-01-10 10:25:19 - [MESSAGE][PASSED] - Delayed 1 second(s)

2019-01-10 10:25:19 - [TEST_STEP][PASSED] - click(findTestObject("Backoffice/match_mgmt/button_create_match")): Object: 'Object Repository/Backoffice/match_mgmt/button_create_match' is clicked on

2019-01-10 10:25:20 - [MESSAGE][PASSED] - Object: 'Object Repository/Backoffice/match_mgmt/button_create_match' is clicked on

2019-01-10 10:25:20 - [TEST_STEP][PASSED] - delay(1): Delayed 1 second(s)

2019-01-10 10:25:21 - [MESSAGE][PASSED] - Delayed 1 second(s)

2019-01-10 10:25:21 - [TEST_STEP][PASSED] - click(findTestObject("Backoffice/match_mgmt/span_select_arena_name")): Object: 'Object Repository/Backoffice/match_mgmt/span_select_arena_name' is clicked on

2019-01-10 10:25:21 - [MESSAGE][PASSED] - Object: 'Object Repository/Backoffice/match_mgmt/span_select_arena_name' is clicked on

2019-01-10 10:25:21 - [TEST_STEP][PASSED] - setText(findTestObject("Backoffice/match_mgmt/input__select2-search__arena_name"), Arena_Acronym): Text 'BALAGTAS COCKPIT - BC' is set on object 'Object Repository/Backoffice/match_mgmt/input__select2-search__arena_name'

2019-01-10 10:25:22 - [MESSAGE][PASSED] - Text 'BALAGTAS COCKPIT - BC' is set on object 'Object Repository/Backoffice/match_mgmt/input__select2-search__arena_name'

2019-01-10 10:25:22 - [TEST_STEP][PASSED] - sendKeys(findTestObject("Backoffice/match_mgmt/input__select2-search__arena_name"), Keys.chord(ENTER)): Keys 'ENTER + ' sent to object: 'Object Repository/Backoffice/match_mgmt/input__select2-search__arena_name'

2019-01-10 10:25:22 - [MESSAGE][PASSED] - Keys 'ENTER + ' sent to object: 'Object Repository/Backoffice/match_mgmt/input__select2-search__arena_name'

2019-01-10 10:25:22 - [TEST_STEP][PASSED] - setText(findTestObject("Backoffice/match_mgmt/meron_details/input_meron_name"), Meron_Name): Text 'AA' is set on object 'Object Repository/Backoffice/match_mgmt/meron_details/input_meron_name'

2019-01-10 10:25:22 - [MESSAGE][PASSED] - Text 'AA' is set on object 'Object Repository/Backoffice/match_mgmt/meron_details/input_meron_name'

2019-01-10 10:25:22 - [TEST_STEP][PASSED] - setText(findTestObject("Backoffice/match_mgmt/meron_details/input_meron_weight"), Meron_Weight): Text 'Weight 1' is set on object 'Object Repository/Backoffice/match_mgmt/meron_details/input_meron_weight'

2019-01-10 10:25:23 - [MESSAGE][PASSED] - Text 'Weight 1' is set on object 'Object Repository/Backoffice/match_mgmt/meron_details/input_meron_weight'

2019-01-10 10:25:23 - [TEST_STEP][PASSED] - setText(findTestObject("Backoffice/match_mgmt/wala_details/input_wala_name"), Wala_Name): Text 'BB' is set on object 'Object Repository/Backoffice/match_mgmt/wala_details/input_wala_name'

2019-01-10 10:25:23 - [MESSAGE][PASSED] - Text 'BB' is set on object 'Object Repository/Backoffice/match_mgmt/wala_details/input_wala_name'

2019-01-10 10:25:23 - [TEST_STEP][PASSED] - setText(findTestObject("Backoffice/match_mgmt/wala_details/input_wala_weight"), Wala_Weight): Text 'Weight 2' is set on object 'Object Repository/Backoffice/match_mgmt/wala_details/input_wala_weight'

2019-01-10 10:25:24 - [MESSAGE][PASSED] - Text 'Weight 2' is set on object 'Object Repository/Backoffice/match_mgmt/wala_details/input_wala_weight'

2019-01-10 10:25:24 - [TEST_STEP][PASSED] - click(findTestObject("Backoffice/match_mgmt/input_submit_match")): Object: 'Object Repository/Backoffice/match_mgmt/input_submit_match' is clicked on

2019-01-10 10:25:27 - [MESSAGE][PASSED] - Object: 'Object Repository/Backoffice/match_mgmt/input_submit_match' is clicked on

2019-01-10 10:25:27 - [TEST_STEP][PASSED] - delay(1): Delayed 1 second(s)

2019-01-10 10:25:28 - [MESSAGE][PASSED] - Delayed 1 second(s)

2019-01-10 10:25:28 - [TEST_STEP][PASSED] - click(findTestObject("Backoffice/match_mgmt/button_create_match")): Object: 'Object Repository/Backoffice/match_mgmt/button_create_match' is clicked on

2019-01-10 10:25:28 - [MESSAGE][PASSED] - Object: 'Object Repository/Backoffice/match_mgmt/button_create_match' is clicked on

2019-01-10 10:25:28 - [TEST_STEP][PASSED] - delay(1): Delayed 1 second(s)

2019-01-10 10:25:29 - [MESSAGE][PASSED] - Delayed 1 second(s)

2019-01-10 10:25:29 - [TEST_STEP][PASSED] - click(findTestObject("Backoffice/match_mgmt/span_select_arena_name")): Object: 'Object Repository/Backoffice/match_mgmt/span_select_arena_name' is clicked on

2019-01-10 10:25:29 - [MESSAGE][PASSED] - Object: 'Object Repository/Backoffice/match_mgmt/span_select_arena_name' is clicked on

2019-01-10 10:25:29 - [TEST_STEP][PASSED] - setText(findTestObject("Backoffice/match_mgmt/input__select2-search__arena_name"), Arena_Acronym): Text 'BALAGTAS COCKPIT - BC' is set on object 'Object Repository/Backoffice/match_mgmt/input__select2-search__arena_name'

2019-01-10 10:25:30 - [MESSAGE][PASSED] - Text 'BALAGTAS COCKPIT - BC' is set on object 'Object Repository/Backoffice/match_mgmt/input__select2-search__arena_name'

2019-01-10 10:25:30 - [TEST_STEP][PASSED] - sendKeys(findTestObject("Backoffice/match_mgmt/input__select2-search__arena_name"), Keys.chord(ENTER)): Keys 'ENTER + ' sent to object: 'Object Repository/Backoffice/match_mgmt/input__select2-search__arena_name'

2019-01-10 10:25:30 - [MESSAGE][PASSED] - Keys 'ENTER + ' sent to object: 'Object Repository/Backoffice/match_mgmt/input__select2-search__arena_name'

2019-01-10 10:25:30 - [TEST_STEP][PASSED] - setText(findTestObject("Backoffice/match_mgmt/meron_details/input_meron_name"), Meron_Name): Text 'AA' is set on object 'Object Repository/Backoffice/match_mgmt/meron_details/input_meron_name'

2019-01-10 10:25:31 - [MESSAGE][PASSED] - Text 'AA' is set on object 'Object Repository/Backoffice/match_mgmt/meron_details/input_meron_name'

2019-01-10 10:25:31 - [TEST_STEP][PASSED] - setText(findTestObject("Backoffice/match_mgmt/meron_details/input_meron_weight"), Meron_Weight): Text 'Weight 1' is set on object 'Object Repository/Backoffice/match_mgmt/meron_details/input_meron_weight'

2019-01-10 10:25:31 - [MESSAGE][PASSED] - Text 'Weight 1' is set on object 'Object Repository/Backoffice/match_mgmt/meron_details/input_meron_weight'

2019-01-10 10:25:31 - [TEST_STEP][PASSED] - setText(findTestObject("Backoffice/match_mgmt/wala_details/input_wala_name"), Wala_Name): Text 'BB' is set on object 'Object Repository/Backoffice/match_mgmt/wala_details/input_wala_name'

2019-01-10 10:25:31 - [MESSAGE][PASSED] - Text 'BB' is set on object 'Object Repository/Backoffice/match_mgmt/wala_details/input_wala_name'

2019-01-10 10:25:31 - [TEST_STEP][PASSED] - setText(findTestObject("Backoffice/match_mgmt/wala_details/input_wala_weight"), Wala_Weight): Text 'Weight 2' is set on object 'Object Repository/Backoffice/match_mgmt/wala_details/input_wala_weight'

2019-01-10 10:25:32 - [MESSAGE][PASSED] - Text 'Weight 2' is set on object 'Object Repository/Backoffice/match_mgmt/wala_details/input_wala_weight'

2019-01-10 10:25:32 - [TEST_STEP][PASSED] - click(findTestObject("Backoffice/match_mgmt/input_submit_match")): Object: 'Object Repository/Backoffice/match_mgmt/input_submit_match' is clicked on

2019-01-10 10:25:35 - [MESSAGE][PASSED] - Object: 'Object Repository/Backoffice/match_mgmt/input_submit_match' is clicked on

2019-01-10 10:25:35 - [TEST_STEP][PASSED] - delay(1): Delayed 1 second(s)

2019-01-10 10:25:36 - [MESSAGE][PASSED] - Delayed 1 second(s)

2019-01-10 10:25:36 - [TEST_STEP][PASSED] - click(findTestObject("Backoffice/match_mgmt/button_create_match")): Object: 'Object Repository/Backoffice/match_mgmt/button_create_match' is clicked on

2019-01-10 10:25:36 - [MESSAGE][PASSED] - Object: 'Object Repository/Backoffice/match_mgmt/button_create_match' is clicked on

2019-01-10 10:25:36 - [TEST_STEP][PASSED] - delay(1): Delayed 1 second(s)

2019-01-10 10:25:37 - [MESSAGE][PASSED] - Delayed 1 second(s)

2019-01-10 10:25:37 - [TEST_STEP][PASSED] - click(findTestObject("Backoffice/match_mgmt/span_select_arena_name")): Object: 'Object Repository/Backoffice/match_mgmt/span_select_arena_name' is clicked on

2019-01-10 10:25:37 - [MESSAGE][PASSED] - Object: 'Object Repository/Backoffice/match_mgmt/span_select_arena_name' is clicked on

2019-01-10 10:25:37 - [TEST_STEP][PASSED] - setText(findTestObject("Backoffice/match_mgmt/input__select2-search__arena_name"), Arena_Acronym): Text 'BALAGTAS COCKPIT - BC' is set on object 'Object Repository/Backoffice/match_mgmt/input__select2-search__arena_name'

2019-01-10 10:25:38 - [MESSAGE][PASSED] - Text 'BALAGTAS COCKPIT - BC' is set on object 'Object Repository/Backoffice/match_mgmt/input__select2-search__arena_name'

2019-01-10 10:25:38 - [TEST_STEP][PASSED] - sendKeys(findTestObject("Backoffice/match_mgmt/input__select2-search__arena_name"), Keys.chord(ENTER)): Keys 'ENTER + ' sent to object: 'Object Repository/Backoffice/match_mgmt/input__select2-search__arena_name'

2019-01-10 10:25:38 - [MESSAGE][PASSED] - Keys 'ENTER + ' sent to object: 'Object Repository/Backoffice/match_mgmt/input__select2-search__arena_name'

2019-01-10 10:25:38 - [TEST_STEP][PASSED] - setText(findTestObject("Backoffice/match_mgmt/meron_details/input_meron_name"), Meron_Name): Text 'AA' is set on object 'Object Repository/Backoffice/match_mgmt/meron_details/input_meron_name'

2019-01-10 10:25:39 - [MESSAGE][PASSED] - Text 'AA' is set on object 'Object Repository/Backoffice/match_mgmt/meron_details/input_meron_name'

2019-01-10 10:25:39 - [TEST_STEP][PASSED] - setText(findTestObject("Backoffice/match_mgmt/meron_details/input_meron_weight"), Meron_Weight): Text 'Weight 1' is set on object 'Object Repository/Backoffice/match_mgmt/meron_details/input_meron_weight'

2019-01-10 10:25:39 - [MESSAGE][PASSED] - Text 'Weight 1' is set on object 'Object Repository/Backoffice/match_mgmt/meron_details/input_meron_weight'

2019-01-10 10:25:39 - [TEST_STEP][PASSED] - setText(findTestObject("Backoffice/match_mgmt/wala_details/input_wala_name"), Wala_Name): Text 'BB' is set on object 'Object Repository/Backoffice/match_mgmt/wala_details/input_wala_name'

2019-01-10 10:25:39 - [MESSAGE][PASSED] - Text 'BB' is set on object 'Object Repository/Backoffice/match_mgmt/wala_details/input_wala_name'

2019-01-10 10:25:39 - [TEST_STEP][PASSED] - setText(findTestObject("Backoffice/match_mgmt/wala_details/input_wala_weight"), Wala_Weight): Text 'Weight 2' is set on object 'Object Repository/Backoffice/match_mgmt/wala_details/input_wala_weight'

2019-01-10 10:25:40 - [MESSAGE][PASSED] - Text 'Weight 2' is set on object 'Object Repository/Backoffice/match_mgmt/wala_details/input_wala_weight'

2019-01-10 10:25:40 - [TEST_STEP][PASSED] - click(findTestObject("Backoffice/match_mgmt/input_submit_match")): Object: 'Object Repository/Backoffice/match_mgmt/input_submit_match' is clicked on

2019-01-10 10:25:42 - [MESSAGE][PASSED] - Object: 'Object Repository/Backoffice/match_mgmt/input_submit_match' is clicked on

2019-01-10 10:25:42 - [TEST_STEP][PASSED] - delay(1): Delayed 1 second(s)

2019-01-10 10:25:43 - [MESSAGE][PASSED] - Delayed 1 second(s)

2019-01-10 10:25:43 - [TEST_STEP][PASSED] - click(findTestObject("Backoffice/match_mgmt/button_create_match")): Object: 'Object Repository/Backoffice/match_mgmt/button_create_match' is clicked on

2019-01-10 10:25:44 - [MESSAGE][PASSED] - Object: 'Object Repository/Backoffice/match_mgmt/button_create_match' is clicked on

2019-01-10 10:25:44 - [TEST_STEP][PASSED] - delay(1): Delayed 1 second(s)

2019-01-10 10:25:45 - [MESSAGE][PASSED] - Delayed 1 second(s)

2019-01-10 10:25:45 - [TEST_STEP][PASSED] - click(findTestObject("Backoffice/match_mgmt/span_select_arena_name")): Object: 'Object Repository/Backoffice/match_mgmt/span_select_arena_name' is clicked on

2019-01-10 10:25:45 - [MESSAGE][PASSED] - Object: 'Object Repository/Backoffice/match_mgmt/span_select_arena_name' is clicked on

2019-01-10 10:25:45 - [TEST_STEP][PASSED] - setText(findTestObject("Backoffice/match_mgmt/input__select2-search__arena_name"), Arena_Acronym): Text 'BALAGTAS COCKPIT - BC' is set on object 'Object Repository/Backoffice/match_mgmt/input__select2-search__arena_name'

2019-01-10 10:25:46 - [MESSAGE][PASSED] - Text 'BALAGTAS COCKPIT - BC' is set on object 'Object Repository/Backoffice/match_mgmt/input__select2-search__arena_name'

2019-01-10 10:25:46 - [TEST_STEP][PASSED] - sendKeys(findTestObject("Backoffice/match_mgmt/input__select2-search__arena_name"), Keys.chord(ENTER)): Keys 'ENTER + ' sent to object: 'Object Repository/Backoffice/match_mgmt/input__select2-search__arena_name'

2019-01-10 10:25:46 - [MESSAGE][PASSED] - Keys 'ENTER + ' sent to object: 'Object Repository/Backoffice/match_mgmt/input__select2-search__arena_name'

2019-01-10 10:25:46 - [TEST_STEP][PASSED] - setText(findTestObject("Backoffice/match_mgmt/meron_details/input_meron_name"), Meron_Name): Text 'AA' is set on object 'Object Repository/Backoffice/match_mgmt/meron_details/input_meron_name'

2019-01-10 10:25:46 - [MESSAGE][PASSED] - Text 'AA' is set on object 'Object Repository/Backoffice/match_mgmt/meron_details/input_meron_name'

2019-01-10 10:25:46 - [TEST_STEP][PASSED] - setText(findTestObject("Backoffice/match_mgmt/meron_details/input_meron_weight"), Meron_Weight): Text 'Weight 1' is set on object 'Object Repository/Backoffice/match_mgmt/meron_details/input_meron_weight'

2019-01-10 10:25:47 - [MESSAGE][PASSED] - Text 'Weight 1' is set on object 'Object Repository/Backoffice/match_mgmt/meron_details/input_meron_weight'

2019-01-10 10:25:47 - [TEST_STEP][PASSED] - setText(findTestObject("Backoffice/match_mgmt/wala_details/input_wala_name"), Wala_Name): Text 'BB' is set on object 'Object Repository/Backoffice/match_mgmt/wala_details/input_wala_name'

2019-01-10 10:25:47 - [MESSAGE][PASSED] - Text 'BB' is set on object 'Object Repository/Backoffice/match_mgmt/wala_details/input_wala_name'

2019-01-10 10:25:47 - [TEST_STEP][PASSED] - setText(findTestObject("Backoffice/match_mgmt/wala_details/input_wala_weight"), Wala_Weight): Text 'Weight 2' is set on object 'Object Repository/Backoffice/match_mgmt/wala_details/input_wala_weight'

2019-01-10 10:25:47 - [MESSAGE][PASSED] - Text 'Weight 2' is set on object 'Object Repository/Backoffice/match_mgmt/wala_details/input_wala_weight'

2019-01-10 10:25:47 - [TEST_STEP][PASSED] - click(findTestObject("Backoffice/match_mgmt/input_submit_match")): Object: 'Object Repository/Backoffice/match_mgmt/input_submit_match' is clicked on

2019-01-10 10:25:50 - [MESSAGE][PASSED] - Object: 'Object Repository/Backoffice/match_mgmt/input_submit_match' is clicked on

2019-01-10 10:25:50 - [TEST_STEP][PASSED] - delay(1): Delayed 1 second(s)

2019-01-10 10:25:51 - [MESSAGE][PASSED] - Delayed 1 second(s)

2019-01-10 10:25:51 - [TEST_STEP][PASSED] - click(findTestObject("Backoffice/match_mgmt/button_create_match")): Object: 'Object Repository/Backoffice/match_mgmt/button_create_match' is clicked on

2019-01-10 10:25:51 - [MESSAGE][PASSED] - Object: 'Object Repository/Backoffice/match_mgmt/button_create_match' is clicked on

2019-01-10 10:25:51 - [TEST_STEP][PASSED] - delay(1): Delayed 1 second(s)

2019-01-10 10:25:52 - [MESSAGE][PASSED] - Delayed 1 second(s)

2019-01-10 10:25:52 - [TEST_STEP][PASSED] - click(findTestObject("Backoffice/match_mgmt/span_select_arena_name")): Object: 'Object Repository/Backoffice/match_mgmt/span_select_arena_name' is clicked on

2019-01-10 10:25:52 - [MESSAGE][PASSED] - Object: 'Object Repository/Backoffice/match_mgmt/span_select_arena_name' is clicked on

2019-01-10 10:25:52 - [TEST_STEP][PASSED] - setText(findTestObject("Backoffice/match_mgmt/input__select2-search__arena_name"), Arena_Acronym): Text 'BALAGTAS COCKPIT - BC' is set on object 'Object Repository/Backoffice/match_mgmt/input__select2-search__arena_name'

2019-01-10 10:25:53 - [MESSAGE][PASSED] - Text 'BALAGTAS COCKPIT - BC' is set on object 'Object Repository/Backoffice/match_mgmt/input__select2-search__arena_name'

2019-01-10 10:25:53 - [TEST_STEP][PASSED] - sendKeys(findTestObject("Backoffice/match_mgmt/input__select2-search__arena_name"), Keys.chord(ENTER)): Keys 'ENTER + ' sent to object: 'Object Repository/Backoffice/match_mgmt/input__select2-search__arena_name'

2019-01-10 10:25:53 - [MESSAGE][PASSED] - Keys 'ENTER + ' sent to object: 'Object Repository/Backoffice/match_mgmt/input__select2-search__arena_name'

2019-01-10 10:25:53 - [TEST_STEP][PASSED] - setText(findTestObject("Backoffice/match_mgmt/meron_details/input_meron_name"), Meron_Name): Text 'AA' is set on object 'Object Repository/Backoffice/match_mgmt/meron_details/input_meron_name'

2019-01-10 10:25:54 - [MESSAGE][PASSED] - Text 'AA' is set on object 'Object Repository/Backoffice/match_mgmt/meron_details/input_meron_name'

2019-01-10 10:25:54 - [TEST_STEP][PASSED] - setText(findTestObject("Backoffice/match_mgmt/meron_details/input_meron_weight"), Meron_Weight): Text 'Weight 1' is set on object 'Object Repository/Backoffice/match_mgmt/meron_details/input_meron_weight'

2019-01-10 10:25:54 - [MESSAGE][PASSED] - Text 'Weight 1' is set on object 'Object Repository/Backoffice/match_mgmt/meron_details/input_meron_weight'

2019-01-10 10:25:54 - [TEST_STEP][PASSED] - setText(findTestObject("Backoffice/match_mgmt/wala_details/input_wala_name"), Wala_Name): Text 'BB' is set on object 'Object Repository/Backoffice/match_mgmt/wala_details/input_wala_name'

2019-01-10 10:25:54 - [MESSAGE][PASSED] - Text 'BB' is set on object 'Object Repository/Backoffice/match_mgmt/wala_details/input_wala_name'

2019-01-10 10:25:54 - [TEST_STEP][PASSED] - setText(findTestObject("Backoffice/match_mgmt/wala_details/input_wala_weight"), Wala_Weight): Text 'Weight 2' is set on object 'Object Repository/Backoffice/match_mgmt/wala_details/input_wala_weight'

2019-01-10 10:25:55 - [MESSAGE][PASSED] - Text 'Weight 2' is set on object 'Object Repository/Backoffice/match_mgmt/wala_details/input_wala_weight'

2019-01-10 10:25:55 - [TEST_STEP][PASSED] - click(findTestObject("Backoffice/match_mgmt/input_submit_match")): Object: 'Object Repository/Backoffice/match_mgmt/input_submit_match' is clicked on

2019-01-10 10:25:58 - [MESSAGE][PASSED] - Object: 'Object Repository/Backoffice/match_mgmt/input_submit_match' is clicked on

2019-01-10 10:25:58 - [TEST_STEP][PASSED] - delay(1): Delayed 1 second(s)

2019-01-10 10:25:59 - [MESSAGE][PASSED] - Delayed 1 second(s)

2019-01-10 10:25:59 - [TEST_STEP][PASSED] - click(findTestObject("Backoffice/match_mgmt/button_create_match")): Object: 'Object Repository/Backoffice/match_mgmt/button_create_match' is clicked on

2019-01-10 10:25:59 - [MESSAGE][PASSED] - Object: 'Object Repository/Backoffice/match_mgmt/button_create_match' is clicked on

2019-01-10 10:25:59 - [TEST_STEP][PASSED] - delay(1): Delayed 1 second(s)

2019-01-10 10:26:00 - [MESSAGE][PASSED] - Delayed 1 second(s)

2019-01-10 10:26:00 - [TEST_STEP][PASSED] - click(findTestObject("Backoffice/match_mgmt/span_select_arena_name")): Object: 'Object Repository/Backoffice/match_mgmt/span_select_arena_name' is clicked on

2019-01-10 10:26:00 - [MESSAGE][PASSED] - Object: 'Object Repository/Backoffice/match_mgmt/span_select_arena_name' is clicked on

2019-01-10 10:26:00 - [TEST_STEP][PASSED] - setText(findTestObject("Backoffice/match_mgmt/input__select2-search__arena_name"), Arena_Acronym): Text 'BALAGTAS COCKPIT - BC' is set on object 'Object Repository/Backoffice/match_mgmt/input__select2-search__arena_name'

2019-01-10 10:26:01 - [MESSAGE][PASSED] - Text 'BALAGTAS COCKPIT - BC' is set on object 'Object Repository/Backoffice/match_mgmt/input__select2-search__arena_name'

2019-01-10 10:26:01 - [TEST_STEP][PASSED] - sendKeys(findTestObject("Backoffice/match_mgmt/input__select2-search__arena_name"), Keys.chord(ENTER)): Keys 'ENTER + ' sent to object: 'Object Repository/Backoffice/match_mgmt/input__select2-search__arena_name'

2019-01-10 10:26:01 - [MESSAGE][PASSED] - Keys 'ENTER + ' sent to object: 'Object Repository/Backoffice/match_mgmt/input__select2-search__arena_name'

2019-01-10 10:26:01 - [TEST_STEP][PASSED] - setText(findTestObject("Backoffice/match_mgmt/meron_details/input_meron_name"), Meron_Name): Text 'AA' is set on object 'Object Repository/Backoffice/match_mgmt/meron_details/input_meron_name'

2019-01-10 10:26:02 - [MESSAGE][PASSED] - Text 'AA' is set on object 'Object Repository/Backoffice/match_mgmt/meron_details/input_meron_name'

2019-01-10 10:26:02 - [TEST_STEP][PASSED] - setText(findTestObject("Backoffice/match_mgmt/meron_details/input_meron_weight"), Meron_Weight): Text 'Weight 1' is set on object 'Object Repository/Backoffice/match_mgmt/meron_details/input_meron_weight'

2019-01-10 10:26:02 - [MESSAGE][PASSED] - Text 'Weight 1' is set on object 'Object Repository/Backoffice/match_mgmt/meron_details/input_meron_weight'

2019-01-10 10:26:02 - [TEST_STEP][PASSED] - setText(findTestObject("Backoffice/match_mgmt/wala_details/input_wala_name"), Wala_Name): Text 'BB' is set on object 'Object Repository/Backoffice/match_mgmt/wala_details/input_wala_name'

2019-01-10 10:26:02 - [MESSAGE][PASSED] - Text 'BB' is set on object 'Object Repository/Backoffice/match_mgmt/wala_details/input_wala_name'

2019-01-10 10:26:02 - [TEST_STEP][PASSED] - setText(findTestObject("Backoffice/match_mgmt/wala_details/input_wala_weight"), Wala_Weight): Text 'Weight 2' is set on object 'Object Repository/Backoffice/match_mgmt/wala_details/input_wala_weight'

2019-01-10 10:26:03 - [MESSAGE][PASSED] - Text 'Weight 2' is set on object 'Object Repository/Backoffice/match_mgmt/wala_details/input_wala_weight'

2019-01-10 10:26:03 - [TEST_STEP][PASSED] - click(findTestObject("Backoffice/match_mgmt/input_submit_match")): Object: 'Object Repository/Backoffice/match_mgmt/input_submit_match' is clicked on

2019-01-10 10:26:06 - [MESSAGE][PASSED] - Object: 'Object Repository/Backoffice/match_mgmt/input_submit_match' is clicked on

2019-01-10 10:26:06 - [TEST_STEP][PASSED] - delay(1): Delayed 1 second(s)

2019-01-10 10:26:07 - [MESSAGE][PASSED] - Delayed 1 second(s)

2019-01-10 10:26:07 - [TEST_STEP][PASSED] - click(findTestObject("Backoffice/match_mgmt/button_create_match")): Object: 'Object Repository/Backoffice/match_mgmt/button_create_match' is clicked on

2019-01-10 10:26:07 - [MESSAGE][PASSED] - Object: 'Object Repository/Backoffice/match_mgmt/button_create_match' is clicked on

2019-01-10 10:26:07 - [TEST_STEP][PASSED] - delay(1): Delayed 1 second(s)

2019-01-10 10:26:08 - [MESSAGE][PASSED] - Delayed 1 second(s)

2019-01-10 10:26:08 - [TEST_STEP][PASSED] - click(findTestObject("Backoffice/match_mgmt/span_select_arena_name")): Object: 'Object Repository/Backoffice/match_mgmt/span_select_arena_name' is clicked on

2019-01-10 10:26:09 - [MESSAGE][PASSED] - Object: 'Object Repository/Backoffice/match_mgmt/span_select_arena_name' is clicked on

2019-01-10 10:26:09 - [TEST_STEP][PASSED] - setText(findTestObject("Backoffice/match_mgmt/input__select2-search__arena_name"), Arena_Acronym): Text 'BALAGTAS COCKPIT - BC' is set on object 'Object Repository/Backoffice/match_mgmt/input__select2-search__arena_name'

2019-01-10 10:26:09 - [MESSAGE][PASSED] - Text 'BALAGTAS COCKPIT - BC' is set on object 'Object Repository/Backoffice/match_mgmt/input__select2-search__arena_name'

2019-01-10 10:26:09 - [TEST_STEP][PASSED] - sendKeys(findTestObject("Backoffice/match_mgmt/input__select2-search__arena_name"), Keys.chord(ENTER)): Keys 'ENTER + ' sent to object: 'Object Repository/Backoffice/match_mgmt/input__select2-search__arena_name'

2019-01-10 10:26:10 - [MESSAGE][PASSED] - Keys 'ENTER + ' sent to object: 'Object Repository/Backoffice/match_mgmt/input__select2-search__arena_name'

2019-01-10 10:26:10 - [TEST_STEP][PASSED] - setText(findTestObject("Backoffice/match_mgmt/meron_details/input_meron_name"), Meron_Name): Text 'AA' is set on object 'Object Repository/Backoffice/match_mgmt/meron_details/input_meron_name'

2019-01-10 10:26:10 - [MESSAGE][PASSED] - Text 'AA' is set on object 'Object Repository/Backoffice/match_mgmt/meron_details/input_meron_name'

2019-01-10 10:26:10 - [TEST_STEP][PASSED] - setText(findTestObject("Backoffice/match_mgmt/meron_details/input_meron_weight"), Meron_Weight): Text 'Weight 1' is set on object 'Object Repository/Backoffice/match_mgmt/meron_details/input_meron_weight'

2019-01-10 10:26:10 - [MESSAGE][PASSED] - Text 'Weight 1' is set on object 'Object Repository/Backoffice/match_mgmt/meron_details/input_meron_weight'

2019-01-10 10:26:10 - [TEST_STEP][PASSED] - setText(findTestObject("Backoffice/match_mgmt/wala_details/input_wala_name"), Wala_Name): Text 'BB' is set on object 'Object Repository/Backoffice/match_mgmt/wala_details/input_wala_name'

2019-01-10 10:26:10 - [MESSAGE][PASSED] - Text 'BB' is set on object 'Object Repository/Backoffice/match_mgmt/wala_details/input_wala_name'

2019-01-10 10:26:10 - [TEST_STEP][PASSED] - setText(findTestObject("Backoffice/match_mgmt/wala_details/input_wala_weight"), Wala_Weight): Text 'Weight 2' is set on object 'Object Repository/Backoffice/match_mgmt/wala_details/input_wala_weight'

2019-01-10 10:26:11 - [MESSAGE][PASSED] - Text 'Weight 2' is set on object 'Object Repository/Backoffice/match_mgmt/wala_details/input_wala_weight'

2019-01-10 10:26:11 - [TEST_STEP][PASSED] - click(findTestObject("Backoffice/match_mgmt/input_submit_match")): Object: 'Object Repository/Backoffice/match_mgmt/input_submit_match' is clicked on

2019-01-10 10:26:14 - [MESSAGE][PASSED] - Object: 'Object Repository/Backoffice/match_mgmt/input_submit_match' is clicked on

2019-01-10 10:26:14 - [TEST_STEP][PASSED] - delay(1): Delayed 1 second(s)

2019-01-10 10:26:15 - [MESSAGE][PASSED] - Delayed 1 second(s)

2019-01-10 10:26:15 - [TEST_STEP][PASSED] - click(findTestObject("Backoffice/match_mgmt/button_create_match")): Object: 'Object Repository/Backoffice/match_mgmt/button_create_match' is clicked on

2019-01-10 10:26:15 - [MESSAGE][PASSED] - Object: 'Object Repository/Backoffice/match_mgmt/button_create_match' is clicked on

2019-01-10 10:26:15 - [TEST_STEP][PASSED] - delay(1): Delayed 1 second(s)

2019-01-10 10:26:16 - [MESSAGE][PASSED] - Delayed 1 second(s)

2019-01-10 10:26:16 - [TEST_STEP][PASSED] - click(findTestObject("Backoffice/match_mgmt/span_select_arena_name")): Object: 'Object Repository/Backoffice/match_mgmt/span_select_arena_name' is clicked on

2019-01-10 10:26:17 - [MESSAGE][PASSED] - Object: 'Object Repository/Backoffice/match_mgmt/span_select_arena_name' is clicked on

2019-01-10 10:26:17 - [TEST_STEP][PASSED] - setText(findTestObject("Backoffice/match_mgmt/input__select2-search__arena_name"), Arena_Acronym): Text 'BALAGTAS COCKPIT - BC' is set on object 'Object Repository/Backoffice/match_mgmt/input__select2-search__arena_name'

2019-01-10 10:26:18 - [MESSAGE][PASSED] - Text 'BALAGTAS COCKPIT - BC' is set on object 'Object Repository/Backoffice/match_mgmt/input__select2-search__arena_name'

2019-01-10 10:26:18 - [TEST_STEP][PASSED] - sendKeys(findTestObject("Backoffice/match_mgmt/input__select2-search__arena_name"), Keys.chord(ENTER)): Keys 'ENTER + ' sent to object: 'Object Repository/Backoffice/match_mgmt/input__select2-search__arena_name'

2019-01-10 10:26:18 - [MESSAGE][PASSED] - Keys 'ENTER + ' sent to object: 'Object Repository/Backoffice/match_mgmt/input__select2-search__arena_name'

2019-01-10 10:26:18 - [TEST_STEP][PASSED] - setText(findTestObject("Backoffice/match_mgmt/meron_details/input_meron_name"), Meron_Name): Text 'AA' is set on object 'Object Repository/Backoffice/match_mgmt/meron_details/input_meron_name'

2019-01-10 10:26:18 - [MESSAGE][PASSED] - Text 'AA' is set on object 'Object Repository/Backoffice/match_mgmt/meron_details/input_meron_name'

2019-01-10 10:26:18 - [TEST_STEP][PASSED] - setText(findTestObject("Backoffice/match_mgmt/meron_details/input_meron_weight"), Meron_Weight): Text 'Weight 1' is set on object 'Object Repository/Backoffice/match_mgmt/meron_details/input_meron_weight'

2019-01-10 10:26:19 - [MESSAGE][PASSED] - Text 'Weight 1' is set on object 'Object Repository/Backoffice/match_mgmt/meron_details/input_meron_weight'

2019-01-10 10:26:19 - [TEST_STEP][PASSED] - setText(findTestObject("Backoffice/match_mgmt/wala_details/input_wala_name"), Wala_Name): Text 'BB' is set on object 'Object Repository/Backoffice/match_mgmt/wala_details/input_wala_name'

2019-01-10 10:26:19 - [MESSAGE][PASSED] - Text 'BB' is set on object 'Object Repository/Backoffice/match_mgmt/wala_details/input_wala_name'

2019-01-10 10:26:19 - [TEST_STEP][PASSED] - setText(findTestObject("Backoffice/match_mgmt/wala_details/input_wala_weight"), Wala_Weight): Text 'Weight 2' is set on object 'Object Repository/Backoffice/match_mgmt/wala_details/input_wala_weight'

2019-01-10 10:26:19 - [MESSAGE][PASSED] - Text 'Weight 2' is set on object 'Object Repository/Backoffice/match_mgmt/wala_details/input_wala_weight'

2019-01-10 10:26:19 - [TEST_STEP][PASSED] - click(findTestObject("Backoffice/match_mgmt/input_submit_match")): Object: 'Object Repository/Backoffice/match_mgmt/input_submit_match' is clicked on

2019-01-10 10:26:22 - [MESSAGE][PASSED] - Object: 'Object Repository/Backoffice/match_mgmt/input_submit_match' is clicked on

2019-01-10 10:26:22 - [TEST_STEP][PASSED] - delay(1): Delayed 1 second(s)

2019-01-10 10:26:23 - [MESSAGE][PASSED] - Delayed 1 second(s)

2019-01-10 10:26:23 - [TEST_STEP][PASSED] - click(findTestObject("Backoffice/match_mgmt/button_create_match")): Object: 'Object Repository/Backoffice/match_mgmt/button_create_match' is clicked on

2019-01-10 10:26:23 - [MESSAGE][PASSED] - Object: 'Object Repository/Backoffice/match_mgmt/button_create_match' is clicked on

2019-01-10 10:26:24 - [TEST_STEP][PASSED] - delay(1): Delayed 1 second(s)

2019-01-10 10:26:25 - [MESSAGE][PASSED] - Delayed 1 second(s)

2019-01-10 10:26:25 - [TEST_STEP][PASSED] - click(findTestObject("Backoffice/match_mgmt/span_select_arena_name")): Object: 'Object Repository/Backoffice/match_mgmt/span_select_arena_name' is clicked on

2019-01-10 10:26:25 - [MESSAGE][PASSED] - Object: 'Object Repository/Backoffice/match_mgmt/span_select_arena_name' is clicked on

2019-01-10 10:26:25 - [TEST_STEP][PASSED] - setText(findTestObject("Backoffice/match_mgmt/input__select2-search__arena_name"), Arena_Acronym): Text 'BALAGTAS COCKPIT - BC' is set on object 'Object Repository/Backoffice/match_mgmt/input__select2-search__arena_name'

2019-01-10 10:26:26 - [MESSAGE][PASSED] - Text 'BALAGTAS COCKPIT - BC' is set on object 'Object Repository/Backoffice/match_mgmt/input__select2-search__arena_name'

2019-01-10 10:26:26 - [TEST_STEP][PASSED] - sendKeys(findTestObject("Backoffice/match_mgmt/input__select2-search__arena_name"), Keys.chord(ENTER)): Keys 'ENTER + ' sent to object: 'Object Repository/Backoffice/match_mgmt/input__select2-search__arena_name'

2019-01-10 10:26:26 - [MESSAGE][PASSED] - Keys 'ENTER + ' sent to object: 'Object Repository/Backoffice/match_mgmt/input__select2-search__arena_name'

2019-01-10 10:26:26 - [TEST_STEP][PASSED] - setText(findTestObject("Backoffice/match_mgmt/meron_details/input_meron_name"), Meron_Name): Text 'AA' is set on object 'Object Repository/Backoffice/match_mgmt/meron_details/input_meron_name'

2019-01-10 10:26:26 - [MESSAGE][PASSED] - Text 'AA' is set on object 'Object Repository/Backoffice/match_mgmt/meron_details/input_meron_name'

2019-01-10 10:26:26 - [TEST_STEP][PASSED] - setText(findTestObject("Backoffice/match_mgmt/meron_details/input_meron_weight"), Meron_Weight): Text 'Weight 1' is set on object 'Object Repository/Backoffice/match_mgmt/meron_details/input_meron_weight'

2019-01-10 10:26:27 - [MESSAGE][PASSED] - Text 'Weight 1' is set on object 'Object Repository/Backoffice/match_mgmt/meron_details/input_meron_weight'

2019-01-10 10:26:27 - [TEST_STEP][PASSED] - setText(findTestObject("Backoffice/match_mgmt/wala_details/input_wala_name"), Wala_Name): Text 'BB' is set on object 'Object Repository/Backoffice/match_mgmt/wala_details/input_wala_name'

2019-01-10 10:26:27 - [MESSAGE][PASSED] - Text 'BB' is set on object 'Object Repository/Backoffice/match_mgmt/wala_details/input_wala_name'

2019-01-10 10:26:27 - [TEST_STEP][PASSED] - setText(findTestObject("Backoffice/match_mgmt/wala_details/input_wala_weight"), Wala_Weight): Text 'Weight 2' is set on object 'Object Repository/Backoffice/match_mgmt/wala_details/input_wala_weight'

2019-01-10 10:26:27 - [MESSAGE][PASSED] - Text 'Weight 2' is set on object 'Object Repository/Backoffice/match_mgmt/wala_details/input_wala_weight'

2019-01-10 10:26:27 - [TEST_STEP][PASSED] - click(findTestObject("Backoffice/match_mgmt/input_submit_match")): Object: 'Object Repository/Backoffice/match_mgmt/input_submit_match' is clicked on

2019-01-10 10:26:30 - [MESSAGE][PASSED] - Object: 'Object Repository/Backoffice/match_mgmt/input_submit_match' is clicked on

2019-01-10 10:26:30 - [TEST_STEP][PASSED] - delay(1): Delayed 1 second(s)

2019-01-10 10:26:31 - [MESSAGE][PASSED] - Delayed 1 second(s)

2019-01-10 10:26:31 - [TEST_STEP][PASSED] - click(findTestObject("Backoffice/match_mgmt/button_create_match")): Object: 'Object Repository/Backoffice/match_mgmt/button_create_match' is clicked on

2019-01-10 10:26:32 - [MESSAGE][PASSED] - Object: 'Object Repository/Backoffice/match_mgmt/button_create_match' is clicked on

2019-01-10 10:26:32 - [TEST_STEP][PASSED] - delay(1): Delayed 1 second(s)

2019-01-10 10:26:33 - [MESSAGE][PASSED] - Delayed 1 second(s)

2019-01-10 10:26:33 - [TEST_STEP][PASSED] - click(findTestObject("Backoffice/match_mgmt/span_select_arena_name")): Object: 'Object Repository/Backoffice/match_mgmt/span_select_arena_name' is clicked on

2019-01-10 10:26:33 - [MESSAGE][PASSED] - Object: 'Object Repository/Backoffice/match_mgmt/span_select_arena_name' is clicked on

2019-01-10 10:26:33 - [TEST_STEP][PASSED] - setText(findTestObject("Backoffice/match_mgmt/input__select2-search__arena_name"), Arena_Acronym): Text 'BALAGTAS COCKPIT - BC' is set on object 'Object Repository/Backoffice/match_mgmt/input__select2-search__arena_name'

2019-01-10 10:26:34 - [MESSAGE][PASSED] - Text 'BALAGTAS COCKPIT - BC' is set on object 'Object Repository/Backoffice/match_mgmt/input__select2-search__arena_name'

2019-01-10 10:26:34 - [TEST_STEP][PASSED] - sendKeys(findTestObject("Backoffice/match_mgmt/input__select2-search__arena_name"), Keys.chord(ENTER)): Keys 'ENTER + ' sent to object: 'Object Repository/Backoffice/match_mgmt/input__select2-search__arena_name'

2019-01-10 10:26:34 - [MESSAGE][PASSED] - Keys 'ENTER + ' sent to object: 'Object Repository/Backoffice/match_mgmt/input__select2-search__arena_name'

2019-01-10 10:26:34 - [TEST_STEP][PASSED] - setText(findTestObject("Backoffice/match_mgmt/meron_details/input_meron_name"), Meron_Name): Text 'AA' is set on object 'Object Repository/Backoffice/match_mgmt/meron_details/input_meron_name'

2019-01-10 10:26:34 - [MESSAGE][PASSED] - Text 'AA' is set on object 'Object Repository/Backoffice/match_mgmt/meron_details/input_meron_name'

2019-01-10 10:26:34 - [TEST_STEP][PASSED] - setText(findTestObject("Backoffice/match_mgmt/meron_details/input_meron_weight"), Meron_Weight): Text 'Weight 1' is set on object 'Object Repository/Backoffice/match_mgmt/meron_details/input_meron_weight'

2019-01-10 10:26:35 - [MESSAGE][PASSED] - Text 'Weight 1' is set on object 'Object Repository/Backoffice/match_mgmt/meron_details/input_meron_weight'

2019-01-10 10:26:35 - [TEST_STEP][PASSED] - setText(findTestObject("Backoffice/match_mgmt/wala_details/input_wala_name"), Wala_Name): Text 'BB' is set on object 'Object Repository/Backoffice/match_mgmt/wala_details/input_wala_name'

2019-01-10 10:26:35 - [MESSAGE][PASSED] - Text 'BB' is set on object 'Object Repository/Backoffice/match_mgmt/wala_details/input_wala_name'

2019-01-10 10:26:35 - [TEST_STEP][PASSED] - setText(findTestObject("Backoffice/match_mgmt/wala_details/input_wala_weight"), Wala_Weight): Text 'Weight 2' is set on object 'Object Repository/Backoffice/match_mgmt/wala_details/input_wala_weight'

2019-01-10 10:26:35 - [MESSAGE][PASSED] - Text 'Weight 2' is set on object 'Object Repository/Backoffice/match_mgmt/wala_details/input_wala_weight'

2019-01-10 10:26:35 - [TEST_STEP][PASSED] - click(findTestObject("Backoffice/match_mgmt/input_submit_match")): Object: 'Object Repository/Backoffice/match_mgmt/input_submit_match' is clicked on

2019-01-10 10:26:39 - [MESSAGE][PASSED] - Object: 'Object Repository/Backoffice/match_mgmt/input_submit_match' is clicked on

2019-01-10 10:26:39 - [TEST_STEP][PASSED] - delay(1): Delayed 1 second(s)

2019-01-10 10:26:40 - [MESSAGE][PASSED] - Delayed 1 second(s)

2019-01-10 10:26:40 - [TEST_STEP][PASSED] - click(findTestObject("Backoffice/match_mgmt/button_create_match")): Object: 'Object Repository/Backoffice/match_mgmt/button_create_match' is clicked on

2019-01-10 10:26:40 - [MESSAGE][PASSED] - Object: 'Object Repository/Backoffice/match_mgmt/button_create_match' is clicked on

2019-01-10 10:26:40 - [TEST_STEP][PASSED] - delay(1): Delayed 1 second(s)

2019-01-10 10:26:41 - [MESSAGE][PASSED] - Delayed 1 second(s)

2019-01-10 10:26:41 - [TEST_STEP][PASSED] - click(findTestObject("Backoffice/match_mgmt/span_select_arena_name")): Object: 'Object Repository/Backoffice/match_mgmt/span_select_arena_name' is clicked on

2019-01-10 10:26:41 - [MESSAGE][PASSED] - Object: 'Object Repository/Backoffice/match_mgmt/span_select_arena_name' is clicked on

2019-01-10 10:26:41 - [TEST_STEP][PASSED] - setText(findTestObject("Backoffice/match_mgmt/input__select2-search__arena_name"), Arena_Acronym): Text 'BALAGTAS COCKPIT - BC' is set on object 'Object Repository/Backoffice/match_mgmt/input__select2-search__arena_name'

2019-01-10 10:26:42 - [MESSAGE][PASSED] - Text 'BALAGTAS COCKPIT - BC' is set on object 'Object Repository/Backoffice/match_mgmt/input__select2-search__arena_name'

2019-01-10 10:26:42 - [TEST_STEP][PASSED] - sendKeys(findTestObject("Backoffice/match_mgmt/input__select2-search__arena_name"), Keys.chord(ENTER)): Keys 'ENTER + ' sent to object: 'Object Repository/Backoffice/match_mgmt/input__select2-search__arena_name'

2019-01-10 10:26:42 - [MESSAGE][PASSED] - Keys 'ENTER + ' sent to object: 'Object Repository/Backoffice/match_mgmt/input__select2-search__arena_name'

2019-01-10 10:26:42 - [TEST_STEP][PASSED] - setText(findTestObject("Backoffice/match_mgmt/meron_details/input_meron_name"), Meron_Name): Text 'AA' is set on object 'Object Repository/Backoffice/match_mgmt/meron_details/input_meron_name'

2019-01-10 10:26:43 - [MESSAGE][PASSED] - Text 'AA' is set on object 'Object Repository/Backoffice/match_mgmt/meron_details/input_meron_name'

2019-01-10 10:26:43 - [TEST_STEP][PASSED] - setText(findTestObject("Backoffice/match_mgmt/meron_details/input_meron_weight"), Meron_Weight): Text 'Weight 1' is set on object 'Object Repository/Backoffice/match_mgmt/meron_details/input_meron_weight'

2019-01-10 10:26:43 - [MESSAGE][PASSED] - Text 'Weight 1' is set on object 'Object Repository/Backoffice/match_mgmt/meron_details/input_meron_weight'

2019-01-10 10:26:43 - [TEST_STEP][PASSED] - setText(findTestObject("Backoffice/match_mgmt/wala_details/input_wala_name"), Wala_Name): Text 'BB' is set on object 'Object Repository/Backoffice/match_mgmt/wala_details/input_wala_name'

2019-01-10 10:26:43 - [MESSAGE][PASSED] - Text 'BB' is set on object 'Object Repository/Backoffice/match_mgmt/wala_details/input_wala_name'

2019-01-10 10:26:43 - [TEST_STEP][PASSED] - setText(findTestObject("Backoffice/match_mgmt/wala_details/input_wala_weight"), Wala_Weight): Text 'Weight 2' is set on object 'Object Repository/Backoffice/match_mgmt/wala_details/input_wala_weight'

2019-01-10 10:26:44 - [MESSAGE][PASSED] - Text 'Weight 2' is set on object 'Object Repository/Backoffice/match_mgmt/wala_details/input_wala_weight'

2019-01-10 10:26:44 - [TEST_STEP][PASSED] - click(findTestObject("Backoffice/match_mgmt/input_submit_match")): Object: 'Object Repository/Backoffice/match_mgmt/input_submit_match' is clicked on

2019-01-10 10:26:47 - [MESSAGE][PASSED] - Object: 'Object Repository/Backoffice/match_mgmt/input_submit_match' is clicked on

2019-01-10 10:26:47 - [TEST_STEP][PASSED] - delay(1): Delayed 1 second(s)

2019-01-10 10:26:48 - [MESSAGE][PASSED] - Delayed 1 second(s)

2019-01-10 10:26:48 - [TEST_STEP][PASSED] - click(findTestObject("Backoffice/match_mgmt/button_create_match")): Object: 'Object Repository/Backoffice/match_mgmt/button_create_match' is clicked on

2019-01-10 10:26:48 - [MESSAGE][PASSED] - Object: 'Object Repository/Backoffice/match_mgmt/button_create_match' is clicked on

2019-01-10 10:26:48 - [TEST_STEP][PASSED] - delay(1): Delayed 1 second(s)

2019-01-10 10:26:49 - [MESSAGE][PASSED] - Delayed 1 second(s)

2019-01-10 10:26:49 - [TEST_STEP][PASSED] - click(findTestObject("Backoffice/match_mgmt/span_select_arena_name")): Object: 'Object Repository/Backoffice/match_mgmt/span_select_arena_name' is clicked on

2019-01-10 10:26:49 - [MESSAGE][PASSED] - Object: 'Object Repository/Backoffice/match_mgmt/span_select_arena_name' is clicked on

2019-01-10 10:26:49 - [TEST_STEP][PASSED] - setText(findTestObject("Backoffice/match_mgmt/input__select2-search__arena_name"), Arena_Acronym): Text 'BALAGTAS COCKPIT - BC' is set on object 'Object Repository/Backoffice/match_mgmt/input__select2-search__arena_name'

2019-01-10 10:26:50 - [MESSAGE][PASSED] - Text 'BALAGTAS COCKPIT - BC' is set on object 'Object Repository/Backoffice/match_mgmt/input__select2-search__arena_name'

2019-01-10 10:26:50 - [TEST_STEP][PASSED] - sendKeys(findTestObject("Backoffice/match_mgmt/input__select2-search__arena_name"), Keys.chord(ENTER)): Keys 'ENTER + ' sent to object: 'Object Repository/Backoffice/match_mgmt/input__select2-search__arena_name'

2019-01-10 10:26:50 - [MESSAGE][PASSED] - Keys 'ENTER + ' sent to object: 'Object Repository/Backoffice/match_mgmt/input__select2-search__arena_name'

2019-01-10 10:26:50 - [TEST_STEP][PASSED] - setText(findTestObject("Backoffice/match_mgmt/meron_details/input_meron_name"), Meron_Name): Text 'AA' is set on object 'Object Repository/Backoffice/match_mgmt/meron_details/input_meron_name'

2019-01-10 10:26:51 - [MESSAGE][PASSED] - Text 'AA' is set on object 'Object Repository/Backoffice/match_mgmt/meron_details/input_meron_name'

2019-01-10 10:26:51 - [TEST_STEP][PASSED] - setText(findTestObject("Backoffice/match_mgmt/meron_details/input_meron_weight"), Meron_Weight): Text 'Weight 1' is set on object 'Object Repository/Backoffice/match_mgmt/meron_details/input_meron_weight'

2019-01-10 10:26:51 - [MESSAGE][PASSED] - Text 'Weight 1' is set on object 'Object Repository/Backoffice/match_mgmt/meron_details/input_meron_weight'

2019-01-10 10:26:51 - [TEST_STEP][PASSED] - setText(findTestObject("Backoffice/match_mgmt/wala_details/input_wala_name"), Wala_Name): Text 'BB' is set on object 'Object Repository/Backoffice/match_mgmt/wala_details/input_wala_name'

2019-01-10 10:26:51 - [MESSAGE][PASSED] - Text 'BB' is set on object 'Object Repository/Backoffice/match_mgmt/wala_details/input_wala_name'

2019-01-10 10:26:51 - [TEST_STEP][PASSED] - setText(findTestObject("Backoffice/match_mgmt/wala_details/input_wala_weight"), Wala_Weight): Text 'Weight 2' is set on object 'Object Repository/Backoffice/match_mgmt/wala_details/input_wala_weight'

2019-01-10 10:26:52 - [MESSAGE][PASSED] - Text 'Weight 2' is set on object 'Object Repository/Backoffice/match_mgmt/wala_details/input_wala_weight'

2019-01-10 10:26:52 - [TEST_STEP][PASSED] - click(findTestObject("Backoffice/match_mgmt/input_submit_match")): Object: 'Object Repository/Backoffice/match_mgmt/input_submit_match' is clicked on

2019-01-10 10:26:54 - [MESSAGE][PASSED] - Object: 'Object Repository/Backoffice/match_mgmt/input_submit_match' is clicked on

2019-01-10 10:26:54 - [TEST_STEP][PASSED] - delay(1): Delayed 1 second(s)

2019-01-10 10:26:55 - [MESSAGE][PASSED] - Delayed 1 second(s)

2019-01-10 10:26:55 - [TEST_STEP][PASSED] - click(findTestObject("Backoffice/match_mgmt/button_create_match")): Object: 'Object Repository/Backoffice/match_mgmt/button_create_match' is clicked on

2019-01-10 10:26:56 - [MESSAGE][PASSED] - Object: 'Object Repository/Backoffice/match_mgmt/button_create_match' is clicked on

2019-01-10 10:26:56 - [TEST_STEP][PASSED] - delay(1): Delayed 1 second(s)

2019-01-10 10:26:57 - [MESSAGE][PASSED] - Delayed 1 second(s)

2019-01-10 10:26:57 - [TEST_STEP][PASSED] - click(findTestObject("Backoffice/match_mgmt/span_select_arena_name")): Object: 'Object Repository/Backoffice/match_mgmt/span_select_arena_name' is clicked on

2019-01-10 10:26:57 - [MESSAGE][PASSED] - Object: 'Object Repository/Backoffice/match_mgmt/span_select_arena_name' is clicked on

2019-01-10 10:26:57 - [TEST_STEP][PASSED] - setText(findTestObject("Backoffice/match_mgmt/input__select2-search__arena_name"), Arena_Acronym): Text 'BALAGTAS COCKPIT - BC' is set on object 'Object Repository/Backoffice/match_mgmt/input__select2-search__arena_name'

2019-01-10 10:26:58 - [MESSAGE][PASSED] - Text 'BALAGTAS COCKPIT - BC' is set on object 'Object Repository/Backoffice/match_mgmt/input__select2-search__arena_name'

2019-01-10 10:26:58 - [TEST_STEP][PASSED] - sendKeys(findTestObject("Backoffice/match_mgmt/input__select2-search__arena_name"), Keys.chord(ENTER)): Keys 'ENTER + ' sent to object: 'Object Repository/Backoffice/match_mgmt/input__select2-search__arena_name'

2019-01-10 10:26:58 - [MESSAGE][PASSED] - Keys 'ENTER + ' sent to object: 'Object Repository/Backoffice/match_mgmt/input__select2-search__arena_name'

2019-01-10 10:26:58 - [TEST_STEP][PASSED] - setText(findTestObject("Backoffice/match_mgmt/meron_details/input_meron_name"), Meron_Name): Text 'AA' is set on object 'Object Repository/Backoffice/match_mgmt/meron_details/input_meron_name'

2019-01-10 10:26:58 - [MESSAGE][PASSED] - Text 'AA' is set on object 'Object Repository/Backoffice/match_mgmt/meron_details/input_meron_name'

2019-01-10 10:26:58 - [TEST_STEP][PASSED] - setText(findTestObject("Backoffice/match_mgmt/meron_details/input_meron_weight"), Meron_Weight): Text 'Weight 1' is set on object 'Object Repository/Backoffice/match_mgmt/meron_details/input_meron_weight'

2019-01-10 10:26:59 - [MESSAGE][PASSED] - Text 'Weight 1' is set on object 'Object Repository/Backoffice/match_mgmt/meron_details/input_meron_weight'

2019-01-10 10:26:59 - [TEST_STEP][PASSED] - setText(findTestObject("Backoffice/match_mgmt/wala_details/input_wala_name"), Wala_Name): Text 'BB' is set on object 'Object Repository/Backoffice/match_mgmt/wala_details/input_wala_name'

2019-01-10 10:26:59 - [MESSAGE][PASSED] - Text 'BB' is set on object 'Object Repository/Backoffice/match_mgmt/wala_details/input_wala_name'

2019-01-10 10:26:59 - [TEST_STEP][PASSED] - setText(findTestObject("Backoffice/match_mgmt/wala_details/input_wala_weight"), Wala_Weight): Text 'Weight 2' is set on object 'Object Repository/Backoffice/match_mgmt/wala_details/input_wala_weight'

2019-01-10 10:26:59 - [MESSAGE][PASSED] - Text 'Weight 2' is set on object 'Object Repository/Backoffice/match_mgmt/wala_details/input_wala_weight'

2019-01-10 10:26:59 - [TEST_STEP][PASSED] - click(findTestObject("Backoffice/match_mgmt/input_submit_match")): Object: 'Object Repository/Backoffice/match_mgmt/input_submit_match' is clicked on

2019-01-10 10:27:03 - [MESSAGE][PASSED] - Object: 'Object Repository/Backoffice/match_mgmt/input_submit_match' is clicked on

2019-01-10 10:27:03 - [TEST_STEP][PASSED] - delay(1): Delayed 1 second(s)

2019-01-10 10:27:04 - [MESSAGE][PASSED] - Delayed 1 second(s)

2019-01-10 10:27:04 - [TEST_STEP][PASSED] - click(findTestObject("Backoffice/match_mgmt/button_create_match")): Object: 'Object Repository/Backoffice/match_mgmt/button_create_match' is clicked on

2019-01-10 10:27:04 - [MESSAGE][PASSED] - Object: 'Object Repository/Backoffice/match_mgmt/button_create_match' is clicked on

2019-01-10 10:27:04 - [TEST_STEP][PASSED] - delay(1): Delayed 1 second(s)

2019-01-10 10:27:05 - [MESSAGE][PASSED] - Delayed 1 second(s)

2019-01-10 10:27:05 - [TEST_STEP][PASSED] - click(findTestObject("Backoffice/match_mgmt/span_select_arena_name")): Object: 'Object Repository/Backoffice/match_mgmt/span_select_arena_name' is clicked on

2019-01-10 10:27:05 - [MESSAGE][PASSED] - Object: 'Object Repository/Backoffice/match_mgmt/span_select_arena_name' is clicked on

2019-01-10 10:27:05 - [TEST_STEP][PASSED] - setText(findTestObject("Backoffice/match_mgmt/input__select2-search__arena_name"), Arena_Acronym): Text 'BALAGTAS COCKPIT - BC' is set on object 'Object Repository/Backoffice/match_mgmt/input__select2-search__arena_name'

2019-01-10 10:27:06 - [MESSAGE][PASSED] - Text 'BALAGTAS COCKPIT - BC' is set on object 'Object Repository/Backoffice/match_mgmt/input__select2-search__arena_name'

2019-01-10 10:27:06 - [TEST_STEP][PASSED] - sendKeys(findTestObject("Backoffice/match_mgmt/input__select2-search__arena_name"), Keys.chord(ENTER)): Keys 'ENTER + ' sent to object: 'Object Repository/Backoffice/match_mgmt/input__select2-search__arena_name'

2019-01-10 10:27:06 - [MESSAGE][PASSED] - Keys 'ENTER + ' sent to object: 'Object Repository/Backoffice/match_mgmt/input__select2-search__arena_name'

2019-01-10 10:27:06 - [TEST_STEP][PASSED] - setText(findTestObject("Backoffice/match_mgmt/meron_details/input_meron_name"), Meron_Name): Text 'AA' is set on object 'Object Repository/Backoffice/match_mgmt/meron_details/input_meron_name'

2019-01-10 10:27:06 - [MESSAGE][PASSED] - Text 'AA' is set on object 'Object Repository/Backoffice/match_mgmt/meron_details/input_meron_name'

2019-01-10 10:27:06 - [TEST_STEP][PASSED] - setText(findTestObject("Backoffice/match_mgmt/meron_details/input_meron_weight"), Meron_Weight): Text 'Weight 1' is set on object 'Object Repository/Backoffice/match_mgmt/meron_details/input_meron_weight'

2019-01-10 10:27:07 - [MESSAGE][PASSED] - Text 'Weight 1' is set on object 'Object Repository/Backoffice/match_mgmt/meron_details/input_meron_weight'

2019-01-10 10:27:07 - [TEST_STEP][PASSED] - setText(findTestObject("Backoffice/match_mgmt/wala_details/input_wala_name"), Wala_Name): Text 'BB' is set on object 'Object Repository/Backoffice/match_mgmt/wala_details/input_wala_name'

2019-01-10 10:27:07 - [MESSAGE][PASSED] - Text 'BB' is set on object 'Object Repository/Backoffice/match_mgmt/wala_details/input_wala_name'

2019-01-10 10:27:07 - [TEST_STEP][PASSED] - setText(findTestObject("Backoffice/match_mgmt/wala_details/input_wala_weight"), Wala_Weight): Text 'Weight 2' is set on object 'Object Repository/Backoffice/match_mgmt/wala_details/input_wala_weight'

2019-01-10 10:27:08 - [MESSAGE][PASSED] - Text 'Weight 2' is set on object 'Object Repository/Backoffice/match_mgmt/wala_details/input_wala_weight'

2019-01-10 10:27:08 - [TEST_STEP][PASSED] - click(findTestObject("Backoffice/match_mgmt/input_submit_match")): Object: 'Object Repository/Backoffice/match_mgmt/input_submit_match' is clicked on

2019-01-10 10:27:11 - [MESSAGE][PASSED] - Object: 'Object Repository/Backoffice/match_mgmt/input_submit_match' is clicked on

2019-01-10 10:27:11 - [TEST_STEP][PASSED] - delay(1): Delayed 1 second(s)

2019-01-10 10:27:12 - [MESSAGE][PASSED] - Delayed 1 second(s)

2019-01-10 10:27:12 - [TEST_STEP][PASSED] - click(findTestObject("Backoffice/match_mgmt/button_create_match")): Object: 'Object Repository/Backoffice/match_mgmt/button_create_match' is clicked on

2019-01-10 10:27:12 - [MESSAGE][PASSED] - Object: 'Object Repository/Backoffice/match_mgmt/button_create_match' is clicked on

2019-01-10 10:27:12 - [TEST_STEP][PASSED] - delay(1): Delayed 1 second(s)

2019-01-10 10:27:13 - [MESSAGE][PASSED] - Delayed 1 second(s)

2019-01-10 10:27:13 - [TEST_STEP][PASSED] - click(findTestObject("Backoffice/match_mgmt/span_select_arena_name")): Object: 'Object Repository/Backoffice/match_mgmt/span_select_arena_name' is clicked on

2019-01-10 10:27:14 - [MESSAGE][PASSED] - Object: 'Object Repository/Backoffice/match_mgmt/span_select_arena_name' is clicked on

2019-01-10 10:27:14 - [TEST_STEP][PASSED] - setText(findTestObject("Backoffice/match_mgmt/input__select2-search__arena_name"), Arena_Acronym): Text 'BALAGTAS COCKPIT - BC' is set on object 'Object Repository/Backoffice/match_mgmt/input__select2-search__arena_name'

2019-01-10 10:27:15 - [MESSAGE][PASSED] - Text 'BALAGTAS COCKPIT - BC' is set on object 'Object Repository/Backoffice/match_mgmt/input__select2-search__arena_name'

2019-01-10 10:27:15 - [TEST_STEP][PASSED] - sendKeys(findTestObject("Backoffice/match_mgmt/input__select2-search__arena_name"), Keys.chord(ENTER)): Keys 'ENTER + ' sent to object: 'Object Repository/Backoffice/match_mgmt/input__select2-search__arena_name'

2019-01-10 10:27:15 - [MESSAGE][PASSED] - Keys 'ENTER + ' sent to object: 'Object Repository/Backoffice/match_mgmt/input__select2-search__arena_name'

2019-01-10 10:27:15 - [TEST_STEP][PASSED] - setText(findTestObject("Backoffice/match_mgmt/meron_details/input_meron_name"), Meron_Name): Text 'AA' is set on object 'Object Repository/Backoffice/match_mgmt/meron_details/input_meron_name'

2019-01-10 10:27:15 - [MESSAGE][PASSED] - Text 'AA' is set on object 'Object Repository/Backoffice/match_mgmt/meron_details/input_meron_name'

2019-01-10 10:27:15 - [TEST_STEP][PASSED] - setText(findTestObject("Backoffice/match_mgmt/meron_details/input_meron_weight"), Meron_Weight): Text 'Weight 1' is set on object 'Object Repository/Backoffice/match_mgmt/meron_details/input_meron_weight'

2019-01-10 10:27:16 - [MESSAGE][PASSED] - Text 'Weight 1' is set on object 'Object Repository/Backoffice/match_mgmt/meron_details/input_meron_weight'

2019-01-10 10:27:16 - [TEST_STEP][PASSED] - setText(findTestObject("Backoffice/match_mgmt/wala_details/input_wala_name"), Wala_Name): Text 'BB' is set on object 'Object Repository/Backoffice/match_mgmt/wala_details/input_wala_name'

2019-01-10 10:27:16 - [MESSAGE][PASSED] - Text 'BB' is set on object 'Object Repository/Backoffice/match_mgmt/wala_details/input_wala_name'

2019-01-10 10:27:16 - [TEST_STEP][PASSED] - setText(findTestObject("Backoffice/match_mgmt/wala_details/input_wala_weight"), Wala_Weight): Text 'Weight 2' is set on object 'Object Repository/Backoffice/match_mgmt/wala_details/input_wala_weight'

2019-01-10 10:27:16 - [MESSAGE][PASSED] - Text 'Weight 2' is set on object 'Object Repository/Backoffice/match_mgmt/wala_details/input_wala_weight'

2019-01-10 10:27:16 - [TEST_STEP][PASSED] - click(findTestObject("Backoffice/match_mgmt/input_submit_match")): Object: 'Object Repository/Backoffice/match_mgmt/input_submit_match' is clicked on

2019-01-10 10:27:19 - [MESSAGE][PASSED] - Object: 'Object Repository/Backoffice/match_mgmt/input_submit_match' is clicked on

2019-01-10 10:27:19 - [TEST_STEP][PASSED] - delay(1): Delayed 1 second(s)

2019-01-10 10:27:20 - [MESSAGE][PASSED] - Delayed 1 second(s)

2019-01-10 10:27:20 - [TEST_STEP][PASSED] - click(findTestObject("Backoffice/match_mgmt/button_create_match")): Object: 'Object Repository/Backoffice/match_mgmt/button_create_match' is clicked on

2019-01-10 10:27:21 - [MESSAGE][PASSED] - Object: 'Object Repository/Backoffice/match_mgmt/button_create_match' is clicked on

2019-01-10 10:27:21 - [TEST_STEP][PASSED] - delay(1): Delayed 1 second(s)

2019-01-10 10:27:22 - [MESSAGE][PASSED] - Delayed 1 second(s)

2019-01-10 10:27:22 - [TEST_STEP][PASSED] - click(findTestObject("Backoffice/match_mgmt/span_select_arena_name")): Object: 'Object Repository/Backoffice/match_mgmt/span_select_arena_name' is clicked on

2019-01-10 10:27:22 - [MESSAGE][PASSED] - Object: 'Object Repository/Backoffice/match_mgmt/span_select_arena_name' is clicked on

2019-01-10 10:27:22 - [TEST_STEP][PASSED] - setText(findTestObject("Backoffice/match_mgmt/input__select2-search__arena_name"), Arena_Acronym): Text 'BALAGTAS COCKPIT - BC' is set on object 'Object Repository/Backoffice/match_mgmt/input__select2-search__arena_name'

2019-01-10 10:27:23 - [MESSAGE][PASSED] - Text 'BALAGTAS COCKPIT - BC' is set on object 'Object Repository/Backoffice/match_mgmt/input__select2-search__arena_name'

2019-01-10 10:27:23 - [TEST_STEP][PASSED] - sendKeys(findTestObject("Backoffice/match_mgmt/input__select2-search__arena_name"), Keys.chord(ENTER)): Keys 'ENTER + ' sent to object: 'Object Repository/Backoffice/match_mgmt/input__select2-search__arena_name'

2019-01-10 10:27:23 - [MESSAGE][PASSED] - Keys 'ENTER + ' sent to object: 'Object Repository/Backoffice/match_mgmt/input__select2-search__arena_name'

2019-01-10 10:27:23 - [TEST_STEP][PASSED] - setText(findTestObject("Backoffice/match_mgmt/meron_details/input_meron_name"), Meron_Name): Text 'AA' is set on object 'Object Repository/Backoffice/match_mgmt/meron_details/input_meron_name'

2019-01-10 10:27:23 - [MESSAGE][PASSED] - Text 'AA' is set on object 'Object Repository/Backoffice/match_mgmt/meron_details/input_meron_name'

2019-01-10 10:27:23 - [TEST_STEP][PASSED] - setText(findTestObject("Backoffice/match_mgmt/meron_details/input_meron_weight"), Meron_Weight): Text 'Weight 1' is set on object 'Object Repository/Backoffice/match_mgmt/meron_details/input_meron_weight'

2019-01-10 10:27:24 - [MESSAGE][PASSED] - Text 'Weight 1' is set on object 'Object Repository/Backoffice/match_mgmt/meron_details/input_meron_weight'

2019-01-10 10:27:24 - [TEST_STEP][PASSED] - setText(findTestObject("Backoffice/match_mgmt/wala_details/input_wala_name"), Wala_Name): Text 'BB' is set on object 'Object Repository/Backoffice/match_mgmt/wala_details/input_wala_name'

2019-01-10 10:27:24 - [MESSAGE][PASSED] - Text 'BB' is set on object 'Object Repository/Backoffice/match_mgmt/wala_details/input_wala_name'

2019-01-10 10:27:24 - [TEST_STEP][PASSED] - setText(findTestObject("Backoffice/match_mgmt/wala_details/input_wala_weight"), Wala_Weight): Text 'Weight 2' is set on object 'Object Repository/Backoffice/match_mgmt/wala_details/input_wala_weight'

2019-01-10 10:27:25 - [MESSAGE][PASSED] - Text 'Weight 2' is set on object 'Object Repository/Backoffice/match_mgmt/wala_details/input_wala_weight'

2019-01-10 10:27:25 - [TEST_STEP][PASSED] - click(findTestObject("Backoffice/match_mgmt/input_submit_match")): Object: 'Object Repository/Backoffice/match_mgmt/input_submit_match' is clicked on

2019-01-10 10:27:28 - [MESSAGE][PASSED] - Object: 'Object Repository/Backoffice/match_mgmt/input_submit_match' is clicked on

2019-01-10 10:27:28 - [TEST_STEP][PASSED] - delay(1): Delayed 1 second(s)

2019-01-10 10:27:29 - [MESSAGE][PASSED] - Delayed 1 second(s)

2019-01-10 10:27:29 - [TEST_STEP][PASSED] - click(findTestObject("Backoffice/match_mgmt/button_create_match")): Object: 'Object Repository/Backoffice/match_mgmt/button_create_match' is clicked on

2019-01-10 10:27:29 - [MESSAGE][PASSED] - Object: 'Object Repository/Backoffice/match_mgmt/button_create_match' is clicked on

2019-01-10 10:27:29 - [TEST_STEP][PASSED] - delay(1): Delayed 1 second(s)

2019-01-10 10:27:30 - [MESSAGE][PASSED] - Delayed 1 second(s)

2019-01-10 10:27:30 - [TEST_STEP][PASSED] - click(findTestObject("Backoffice/match_mgmt/span_select_arena_name")): Object: 'Object Repository/Backoffice/match_mgmt/span_select_arena_name' is clicked on

2019-01-10 10:27:30 - [MESSAGE][PASSED] - Object: 'Object Repository/Backoffice/match_mgmt/span_select_arena_name' is clicked on

2019-01-10 10:27:30 - [TEST_STEP][PASSED] - setText(findTestObject("Backoffice/match_mgmt/input__select2-search__arena_name"), Arena_Acronym): Text 'BALAGTAS COCKPIT - BC' is set on object 'Object Repository/Backoffice/match_mgmt/input__select2-search__arena_name'

2019-01-10 10:27:31 - [MESSAGE][PASSED] - Text 'BALAGTAS COCKPIT - BC' is set on object 'Object Repository/Backoffice/match_mgmt/input__select2-search__arena_name'

2019-01-10 10:27:31 - [TEST_STEP][PASSED] - sendKeys(findTestObject("Backoffice/match_mgmt/input__select2-search__arena_name"), Keys.chord(ENTER)): Keys 'ENTER + ' sent to object: 'Object Repository/Backoffice/match_mgmt/input__select2-search__arena_name'

2019-01-10 10:27:31 - [MESSAGE][PASSED] - Keys 'ENTER + ' sent to object: 'Object Repository/Backoffice/match_mgmt/input__select2-search__arena_name'

2019-01-10 10:27:31 - [TEST_STEP][PASSED] - setText(findTestObject("Backoffice/match_mgmt/meron_details/input_meron_name"), Meron_Name): Text 'AA' is set on object 'Object Repository/Backoffice/match_mgmt/meron_details/input_meron_name'

2019-01-10 10:27:31 - [MESSAGE][PASSED] - Text 'AA' is set on object 'Object Repository/Backoffice/match_mgmt/meron_details/input_meron_name'

2019-01-10 10:27:31 - [TEST_STEP][PASSED] - setText(findTestObject("Backoffice/match_mgmt/meron_details/input_meron_weight"), Meron_Weight): Text 'Weight 1' is set on object 'Object Repository/Backoffice/match_mgmt/meron_details/input_meron_weight'

2019-01-10 10:27:32 - [MESSAGE][PASSED] - Text 'Weight 1' is set on object 'Object Repository/Backoffice/match_mgmt/meron_details/input_meron_weight'

2019-01-10 10:27:32 - [TEST_STEP][PASSED] - setText(findTestObject("Backoffice/match_mgmt/wala_details/input_wala_name"), Wala_Name): Text 'BB' is set on object 'Object Repository/Backoffice/match_mgmt/wala_details/input_wala_name'

2019-01-10 10:27:32 - [MESSAGE][PASSED] - Text 'BB' is set on object 'Object Repository/Backoffice/match_mgmt/wala_details/input_wala_name'

2019-01-10 10:27:32 - [TEST_STEP][PASSED] - setText(findTestObject("Backoffice/match_mgmt/wala_details/input_wala_weight"), Wala_Weight): Text 'Weight 2' is set on object 'Object Repository/Backoffice/match_mgmt/wala_details/input_wala_weight'

2019-01-10 10:27:32 - [MESSAGE][PASSED] - Text 'Weight 2' is set on object 'Object Repository/Backoffice/match_mgmt/wala_details/input_wala_weight'

2019-01-10 10:27:32 - [TEST_STEP][PASSED] - click(findTestObject("Backoffice/match_mgmt/input_submit_match")): Object: 'Object Repository/Backoffice/match_mgmt/input_submit_match' is clicked on

2019-01-10 10:27:36 - [MESSAGE][PASSED] - Object: 'Object Repository/Backoffice/match_mgmt/input_submit_match' is clicked on

2019-01-10 10:27:36 - [TEST_STEP][PASSED] - delay(1): Delayed 1 second(s)

2019-01-10 10:27:37 - [MESSAGE][PASSED] - Delayed 1 second(s)

2019-01-10 10:27:37 - [TEST_STEP][PASSED] - click(findTestObject("Backoffice/match_mgmt/button_create_match")): Object: 'Object Repository/Backoffice/match_mgmt/button_create_match' is clicked on

2019-01-10 10:27:37 - [MESSAGE][PASSED] - Object: 'Object Repository/Backoffice/match_mgmt/button_create_match' is clicked on

2019-01-10 10:27:37 - [TEST_STEP][PASSED] - delay(1): Delayed 1 second(s)

2019-01-10 10:27:38 - [MESSAGE][PASSED] - Delayed 1 second(s)

2019-01-10 10:27:38 - [TEST_STEP][PASSED] - click(findTestObject("Backoffice/match_mgmt/span_select_arena_name")): Object: 'Object Repository/Backoffice/match_mgmt/span_select_arena_name' is clicked on

2019-01-10 10:27:38 - [MESSAGE][PASSED] - Object: 'Object Repository/Backoffice/match_mgmt/span_select_arena_name' is clicked on

2019-01-10 10:27:38 - [TEST_STEP][PASSED] - setText(findTestObject("Backoffice/match_mgmt/input__select2-search__arena_name"), Arena_Acronym): Text 'BALAGTAS COCKPIT - BC' is set on object 'Object Repository/Backoffice/match_mgmt/input__select2-search__arena_name'

2019-01-10 10:27:39 - [MESSAGE][PASSED] - Text 'BALAGTAS COCKPIT - BC' is set on object 'Object Repository/Backoffice/match_mgmt/input__select2-search__arena_name'

2019-01-10 10:27:39 - [TEST_STEP][PASSED] - sendKeys(findTestObject("Backoffice/match_mgmt/input__select2-search__arena_name"), Keys.chord(ENTER)): Keys 'ENTER + ' sent to object: 'Object Repository/Backoffice/match_mgmt/input__select2-search__arena_name'

2019-01-10 10:27:39 - [MESSAGE][PASSED] - Keys 'ENTER + ' sent to object: 'Object Repository/Backoffice/match_mgmt/input__select2-search__arena_name'

2019-01-10 10:27:39 - [TEST_STEP][PASSED] - setText(findTestObject("Backoffice/match_mgmt/meron_details/input_meron_name"), Meron_Name): Text 'AA' is set on object 'Object Repository/Backoffice/match_mgmt/meron_details/input_meron_name'

2019-01-10 10:27:39 - [MESSAGE][PASSED] - Text 'AA' is set on object 'Object Repository/Backoffice/match_mgmt/meron_details/input_meron_name'

2019-01-10 10:27:39 - [TEST_STEP][PASSED] - setText(findTestObject("Backoffice/match_mgmt/meron_details/input_meron_weight"), Meron_Weight): Text 'Weight 1' is set on object 'Object Repository/Backoffice/match_mgmt/meron_details/input_meron_weight'

2019-01-10 10:27:40 - [MESSAGE][PASSED] - Text 'Weight 1' is set on object 'Object Repository/Backoffice/match_mgmt/meron_details/input_meron_weight'

2019-01-10 10:27:40 - [TEST_STEP][PASSED] - setText(findTestObject("Backoffice/match_mgmt/wala_details/input_wala_name"), Wala_Name): Text 'BB' is set on object 'Object Repository/Backoffice/match_mgmt/wala_details/input_wala_name'

2019-01-10 10:27:40 - [MESSAGE][PASSED] - Text 'BB' is set on object 'Object Repository/Backoffice/match_mgmt/wala_details/input_wala_name'

2019-01-10 10:27:40 - [TEST_STEP][PASSED] - setText(findTestObject("Backoffice/match_mgmt/wala_details/input_wala_weight"), Wala_Weight): Text 'Weight 2' is set on object 'Object Repository/Backoffice/match_mgmt/wala_details/input_wala_weight'

2019-01-10 10:27:40 - [MESSAGE][PASSED] - Text 'Weight 2' is set on object 'Object Repository/Backoffice/match_mgmt/wala_details/input_wala_weight'

2019-01-10 10:27:40 - [TEST_STEP][PASSED] - click(findTestObject("Backoffice/match_mgmt/input_submit_match")): Object: 'Object Repository/Backoffice/match_mgmt/input_submit_match' is clicked on

2019-01-10 10:27:43 - [MESSAGE][PASSED] - Object: 'Object Repository/Backoffice/match_mgmt/input_submit_match' is clicked on

2019-01-10 10:27:43 - [TEST_STEP][PASSED] - delay(1): Delayed 1 second(s)

2019-01-10 10:27:44 - [MESSAGE][PASSED] - Delayed 1 second(s)

2019-01-10 10:27:44 - [TEST_STEP][PASSED] - click(findTestObject("Backoffice/match_mgmt/button_create_match")): Object: 'Object Repository/Backoffice/match_mgmt/button_create_match' is clicked on

2019-01-10 10:27:45 - [MESSAGE][PASSED] - Object: 'Object Repository/Backoffice/match_mgmt/button_create_match' is clicked on

2019-01-10 10:27:45 - [TEST_STEP][PASSED] - delay(1): Delayed 1 second(s)

2019-01-10 10:27:46 - [MESSAGE][PASSED] - Delayed 1 second(s)

2019-01-10 10:27:46 - [TEST_STEP][PASSED] - click(findTestObject("Backoffice/match_mgmt/span_select_arena_name")): Object: 'Object Repository/Backoffice/match_mgmt/span_select_arena_name' is clicked on

2019-01-10 10:27:46 - [MESSAGE][PASSED] - Object: 'Object Repository/Backoffice/match_mgmt/span_select_arena_name' is clicked on

2019-01-10 10:27:46 - [TEST_STEP][PASSED] - setText(findTestObject("Backoffice/match_mgmt/input__select2-search__arena_name"), Arena_Acronym): Text 'BALAGTAS COCKPIT - BC' is set on object 'Object Repository/Backoffice/match_mgmt/input__select2-search__arena_name'

2019-01-10 10:27:47 - [MESSAGE][PASSED] - Text 'BALAGTAS COCKPIT - BC' is set on object 'Object Repository/Backoffice/match_mgmt/input__select2-search__arena_name'

2019-01-10 10:27:47 - [TEST_STEP][PASSED] - sendKeys(findTestObject("Backoffice/match_mgmt/input__select2-search__arena_name"), Keys.chord(ENTER)): Keys 'ENTER + ' sent to object: 'Object Repository/Backoffice/match_mgmt/input__select2-search__arena_name'

2019-01-10 10:27:47 - [MESSAGE][PASSED] - Keys 'ENTER + ' sent to object: 'Object Repository/Backoffice/match_mgmt/input__select2-search__arena_name'

2019-01-10 10:27:47 - [TEST_STEP][PASSED] - setText(findTestObject("Backoffice/match_mgmt/meron_details/input_meron_name"), Meron_Name): Text 'AA' is set on object 'Object Repository/Backoffice/match_mgmt/meron_details/input_meron_name'

2019-01-10 10:27:47 - [MESSAGE][PASSED] - Text 'AA' is set on object 'Object Repository/Backoffice/match_mgmt/meron_details/input_meron_name'

2019-01-10 10:27:47 - [TEST_STEP][PASSED] - setText(findTestObject("Backoffice/match_mgmt/meron_details/input_meron_weight"), Meron_Weight): Text 'Weight 1' is set on object 'Object Repository/Backoffice/match_mgmt/meron_details/input_meron_weight'

2019-01-10 10:27:48 - [MESSAGE][PASSED] - Text 'Weight 1' is set on object 'Object Repository/Backoffice/match_mgmt/meron_details/input_meron_weight'

2019-01-10 10:27:48 - [TEST_STEP][PASSED] - setText(findTestObject("Backoffice/match_mgmt/wala_details/input_wala_name"), Wala_Name): Text 'BB' is set on object 'Object Repository/Backoffice/match_mgmt/wala_details/input_wala_name'

2019-01-10 10:27:48 - [MESSAGE][PASSED] - Text 'BB' is set on object 'Object Repository/Backoffice/match_mgmt/wala_details/input_wala_name'

2019-01-10 10:27:48 - [TEST_STEP][PASSED] - setText(findTestObject("Backoffice/match_mgmt/wala_details/input_wala_weight"), Wala_Weight): Text 'Weight 2' is set on object 'Object Repository/Backoffice/match_mgmt/wala_details/input_wala_weight'

2019-01-10 10:27:49 - [MESSAGE][PASSED] - Text 'Weight 2' is set on object 'Object Repository/Backoffice/match_mgmt/wala_details/input_wala_weight'

2019-01-10 10:27:49 - [TEST_STEP][PASSED] - click(findTestObject("Backoffice/match_mgmt/input_submit_match")): Object: 'Object Repository/Backoffice/match_mgmt/input_submit_match' is clicked on

2019-01-10 10:27:52 - [MESSAGE][PASSED] - Object: 'Object Repository/Backoffice/match_mgmt/input_submit_match' is clicked on

2019-01-10 10:27:52 - [TEST_STEP][PASSED] - delay(1): Delayed 1 second(s)

2019-01-10 10:27:53 - [MESSAGE][PASSED] - Delayed 1 second(s)

2019-01-10 10:27:53 - [TEST_STEP][PASSED] - click(findTestObject("Backoffice/match_mgmt/button_create_match")): Object: 'Object Repository/Backoffice/match_mgmt/button_create_match' is clicked on

2019-01-10 10:27:53 - [MESSAGE][PASSED] - Object: 'Object Repository/Backoffice/match_mgmt/button_create_match' is clicked on

2019-01-10 10:27:53 - [TEST_STEP][PASSED] - delay(1): Delayed 1 second(s)

2019-01-10 10:27:54 - [MESSAGE][PASSED] - Delayed 1 second(s)

2019-01-10 10:27:54 - [TEST_STEP][PASSED] - click(findTestObject("Backoffice/match_mgmt/span_select_arena_name")): Object: 'Object Repository/Backoffice/match_mgmt/span_select_arena_name' is clicked on

2019-01-10 10:27:54 - [MESSAGE][PASSED] - Object: 'Object Repository/Backoffice/match_mgmt/span_select_arena_name' is clicked on

2019-01-10 10:27:54 - [TEST_STEP][PASSED] - setText(findTestObject("Backoffice/match_mgmt/input__select2-search__arena_name"), Arena_Acronym): Text 'BALAGTAS COCKPIT - BC' is set on object 'Object Repository/Backoffice/match_mgmt/input__select2-search__arena_name'

2019-01-10 10:27:55 - [MESSAGE][PASSED] - Text 'BALAGTAS COCKPIT - BC' is set on object 'Object Repository/Backoffice/match_mgmt/input__select2-search__arena_name'

2019-01-10 10:27:55 - [TEST_STEP][PASSED] - sendKeys(findTestObject("Backoffice/match_mgmt/input__select2-search__arena_name"), Keys.chord(ENTER)): Keys 'ENTER + ' sent to object: 'Object Repository/Backoffice/match_mgmt/input__select2-search__arena_name'

2019-01-10 10:27:55 - [MESSAGE][PASSED] - Keys 'ENTER + ' sent to object: 'Object Repository/Backoffice/match_mgmt/input__select2-search__arena_name'

2019-01-10 10:27:55 - [TEST_STEP][PASSED] - setText(findTestObject("Backoffice/match_mgmt/meron_details/input_meron_name"), Meron_Name): Text 'AA' is set on object 'Object Repository/Backoffice/match_mgmt/meron_details/input_meron_name'

2019-01-10 10:27:55 - [MESSAGE][PASSED] - Text 'AA' is set on object 'Object Repository/Backoffice/match_mgmt/meron_details/input_meron_name'

2019-01-10 10:27:55 - [TEST_STEP][PASSED] - setText(findTestObject("Backoffice/match_mgmt/meron_details/input_meron_weight"), Meron_Weight): Text 'Weight 1' is set on object 'Object Repository/Backoffice/match_mgmt/meron_details/input_meron_weight'

2019-01-10 10:27:55 - [MESSAGE][PASSED] - Text 'Weight 1' is set on object 'Object Repository/Backoffice/match_mgmt/meron_details/input_meron_weight'

2019-01-10 10:27:55 - [TEST_STEP][PASSED] - setText(findTestObject("Backoffice/match_mgmt/wala_details/input_wala_name"), Wala_Name): Text 'BB' is set on object 'Object Repository/Backoffice/match_mgmt/wala_details/input_wala_name'

2019-01-10 10:27:56 - [MESSAGE][PASSED] - Text 'BB' is set on object 'Object Repository/Backoffice/match_mgmt/wala_details/input_wala_name'

2019-01-10 10:27:56 - [TEST_STEP][PASSED] - setText(findTestObject("Backoffice/match_mgmt/wala_details/input_wala_weight"), Wala_Weight): Text 'Weight 2' is set on object 'Object Repository/Backoffice/match_mgmt/wala_details/input_wala_weight'

2019-01-10 10:27:56 - [MESSAGE][PASSED] - Text 'Weight 2' is set on object 'Object Repository/Backoffice/match_mgmt/wala_details/input_wala_weight'

2019-01-10 10:27:56 - [TEST_STEP][PASSED] - click(findTestObject("Backoffice/match_mgmt/input_submit_match")): Object: 'Object Repository/Backoffice/match_mgmt/input_submit_match' is clicked on

2019-01-10 10:27:59 - [MESSAGE][PASSED] - Object: 'Object Repository/Backoffice/match_mgmt/input_submit_match' is clicked on

2019-01-10 10:27:59 - [TEST_STEP][PASSED] - delay(1): Delayed 1 second(s)

2019-01-10 10:28:00 - [MESSAGE][PASSED] - Delayed 1 second(s)

2019-01-10 10:28:00 - [TEST_STEP][PASSED] - click(findTestObject("Backoffice/match_mgmt/button_create_match")): Object: 'Object Repository/Backoffice/match_mgmt/button_create_match' is clicked on

2019-01-10 10:28:00 - [MESSAGE][PASSED] - Object: 'Object Repository/Backoffice/match_mgmt/button_create_match' is clicked on

2019-01-10 10:28:00 - [TEST_STEP][PASSED] - delay(1): Delayed 1 second(s)

2019-01-10 10:28:01 - [MESSAGE][PASSED] - Delayed 1 second(s)

2019-01-10 10:28:01 - [TEST_STEP][PASSED] - click(findTestObject("Backoffice/match_mgmt/span_select_arena_name")): Object: 'Object Repository/Backoffice/match_mgmt/span_select_arena_name' is clicked on

2019-01-10 10:28:02 - [MESSAGE][PASSED] - Object: 'Object Repository/Backoffice/match_mgmt/span_select_arena_name' is clicked on

2019-01-10 10:28:02 - [TEST_STEP][PASSED] - setText(findTestObject("Backoffice/match_mgmt/input__select2-search__arena_name"), Arena_Acronym): Text 'BALAGTAS COCKPIT - BC' is set on object 'Object Repository/Backoffice/match_mgmt/input__select2-search__arena_name'

2019-01-10 10:28:03 - [MESSAGE][PASSED] - Text 'BALAGTAS COCKPIT - BC' is set on object 'Object Repository/Backoffice/match_mgmt/input__select2-search__arena_name'

2019-01-10 10:28:03 - [TEST_STEP][PASSED] - sendKeys(findTestObject("Backoffice/match_mgmt/input__select2-search__arena_name"), Keys.chord(ENTER)): Keys 'ENTER + ' sent to object: 'Object Repository/Backoffice/match_mgmt/input__select2-search__arena_name'

2019-01-10 10:28:03 - [MESSAGE][PASSED] - Keys 'ENTER + ' sent to object: 'Object Repository/Backoffice/match_mgmt/input__select2-search__arena_name'

2019-01-10 10:28:03 - [TEST_STEP][PASSED] - setText(findTestObject("Backoffice/match_mgmt/meron_details/input_meron_name"), Meron_Name): Text 'AA' is set on object 'Object Repository/Backoffice/match_mgmt/meron_details/input_meron_name'

2019-01-10 10:28:03 - [MESSAGE][PASSED] - Text 'AA' is set on object 'Object Repository/Backoffice/match_mgmt/meron_details/input_meron_name'

2019-01-10 10:28:03 - [TEST_STEP][PASSED] - setText(findTestObject("Backoffice/match_mgmt/meron_details/input_meron_weight"), Meron_Weight): Text 'Weight 1' is set on object 'Object Repository/Backoffice/match_mgmt/meron_details/input_meron_weight'

2019-01-10 10:28:03 - [MESSAGE][PASSED] - Text 'Weight 1' is set on object 'Object Repository/Backoffice/match_mgmt/meron_details/input_meron_weight'

2019-01-10 10:28:03 - [TEST_STEP][PASSED] - setText(findTestObject("Backoffice/match_mgmt/wala_details/input_wala_name"), Wala_Name): Text 'BB' is set on object 'Object Repository/Backoffice/match_mgmt/wala_details/input_wala_name'

2019-01-10 10:28:04 - [MESSAGE][PASSED] - Text 'BB' is set on object 'Object Repository/Backoffice/match_mgmt/wala_details/input_wala_name'

2019-01-10 10:28:04 - [TEST_STEP][PASSED] - setText(findTestObject("Backoffice/match_mgmt/wala_details/input_wala_weight"), Wala_Weight): Text 'Weight 2' is set on object 'Object Repository/Backoffice/match_mgmt/wala_details/input_wala_weight'

2019-01-10 10:28:04 - [MESSAGE][PASSED] - Text 'Weight 2' is set on object 'Object Repository/Backoffice/match_mgmt/wala_details/input_wala_weight'

2019-01-10 10:28:04 - [TEST_STEP][PASSED] - click(findTestObject("Backoffice/match_mgmt/input_submit_match")): Object: 'Object Repository/Backoffice/match_mgmt/input_submit_match' is clicked on

2019-01-10 10:28:08 - [MESSAGE][PASSED] - Object: 'Object Repository/Backoffice/match_mgmt/input_submit_match' is clicked on

2019-01-10 10:28:08 - [TEST_STEP][PASSED] - delay(1): Delayed 1 second(s)

2019-01-10 10:28:09 - [MESSAGE][PASSED] - Delayed 1 second(s)

2019-01-10 10:28:09 - [TEST_STEP][PASSED] - click(findTestObject("Backoffice/match_mgmt/button_create_match")): Object: 'Object Repository/Backoffice/match_mgmt/button_create_match' is clicked on

2019-01-10 10:28:09 - [MESSAGE][PASSED] - Object: 'Object Repository/Backoffice/match_mgmt/button_create_match' is clicked on

2019-01-10 10:28:09 - [TEST_STEP][PASSED] - delay(1): Delayed 1 second(s)

2019-01-10 10:28:10 - [MESSAGE][PASSED] - Delayed 1 second(s)

2019-01-10 10:28:10 - [TEST_STEP][PASSED] - click(findTestObject("Backoffice/match_mgmt/span_select_arena_name")): Object: 'Object Repository/Backoffice/match_mgmt/span_select_arena_name' is clicked on

2019-01-10 10:28:10 - [MESSAGE][PASSED] - Object: 'Object Repository/Backoffice/match_mgmt/span_select_arena_name' is clicked on

2019-01-10 10:28:10 - [TEST_STEP][PASSED] - setText(findTestObject("Backoffice/match_mgmt/input__select2-search__arena_name"), Arena_Acronym): Text 'BALAGTAS COCKPIT - BC' is set on object 'Object Repository/Backoffice/match_mgmt/input__select2-search__arena_name'

2019-01-10 10:28:11 - [MESSAGE][PASSED] - Text 'BALAGTAS COCKPIT - BC' is set on object 'Object Repository/Backoffice/match_mgmt/input__select2-search__arena_name'

2019-01-10 10:28:11 - [TEST_STEP][PASSED] - sendKeys(findTestObject("Backoffice/match_mgmt/input__select2-search__arena_name"), Keys.chord(ENTER)): Keys 'ENTER + ' sent to object: 'Object Repository/Backoffice/match_mgmt/input__select2-search__arena_name'

2019-01-10 10:28:11 - [MESSAGE][PASSED] - Keys 'ENTER + ' sent to object: 'Object Repository/Backoffice/match_mgmt/input__select2-search__arena_name'

2019-01-10 10:28:11 - [TEST_STEP][PASSED] - setText(findTestObject("Backoffice/match_mgmt/meron_details/input_meron_name"), Meron_Name): Text 'AA' is set on object 'Object Repository/Backoffice/match_mgmt/meron_details/input_meron_name'

2019-01-10 10:28:12 - [MESSAGE][PASSED] - Text 'AA' is set on object 'Object Repository/Backoffice/match_mgmt/meron_details/input_meron_name'

2019-01-10 10:28:12 - [TEST_STEP][PASSED] - setText(findTestObject("Backoffice/match_mgmt/meron_details/input_meron_weight"), Meron_Weight): Text 'Weight 1' is set on object 'Object Repository/Backoffice/match_mgmt/meron_details/input_meron_weight'

2019-01-10 10:28:12 - [MESSAGE][PASSED] - Text 'Weight 1' is set on object 'Object Repository/Backoffice/match_mgmt/meron_details/input_meron_weight'

2019-01-10 10:28:12 - [TEST_STEP][PASSED] - setText(findTestObject("Backoffice/match_mgmt/wala_details/input_wala_name"), Wala_Name): Text 'BB' is set on object 'Object Repository/Backoffice/match_mgmt/wala_details/input_wala_name'

2019-01-10 10:28:12 - [MESSAGE][PASSED] - Text 'BB' is set on object 'Object Repository/Backoffice/match_mgmt/wala_details/input_wala_name'

2019-01-10 10:28:12 - [TEST_STEP][PASSED] - setText(findTestObject("Backoffice/match_mgmt/wala_details/input_wala_weight"), Wala_Weight): Text 'Weight 2' is set on object 'Object Repository/Backoffice/match_mgmt/wala_details/input_wala_weight'

2019-01-10 10:28:13 - [MESSAGE][PASSED] - Text 'Weight 2' is set on object 'Object Repository/Backoffice/match_mgmt/wala_details/input_wala_weight'

2019-01-10 10:28:13 - [TEST_STEP][PASSED] - click(findTestObject("Backoffice/match_mgmt/input_submit_match")): Object: 'Object Repository/Backoffice/match_mgmt/input_submit_match' is clicked on

2019-01-10 10:28:16 - [MESSAGE][PASSED] - Object: 'Object Repository/Backoffice/match_mgmt/input_submit_match' is clicked on

2019-01-10 10:28:16 - [TEST_STEP][PASSED] - delay(1): Delayed 1 second(s)

2019-01-10 10:28:17 - [MESSAGE][PASSED] - Delayed 1 second(s)

2019-01-10 10:28:17 - [TEST_STEP][PASSED] - click(findTestObject("Backoffice/match_mgmt/button_create_match")): Object: 'Object Repository/Backoffice/match_mgmt/button_create_match' is clicked on

2019-01-10 10:28:17 - [MESSAGE][PASSED] - Object: 'Object Repository/Backoffice/match_mgmt/button_create_match' is clicked on

2019-01-10 10:28:17 - [TEST_STEP][PASSED] - delay(1): Delayed 1 second(s)

2019-01-10 10:28:18 - [MESSAGE][PASSED] - Delayed 1 second(s)

2019-01-10 10:28:18 - [TEST_STEP][PASSED] - click(findTestObject("Backoffice/match_mgmt/span_select_arena_name")): Object: 'Object Repository/Backoffice/match_mgmt/span_select_arena_name' is clicked on

2019-01-10 10:28:18 - [MESSAGE][PASSED] - Object: 'Object Repository/Backoffice/match_mgmt/span_select_arena_name' is clicked on

2019-01-10 10:28:18 - [TEST_STEP][PASSED] - setText(findTestObject("Backoffice/match_mgmt/input__select2-search__arena_name"), Arena_Acronym): Text 'BALAGTAS COCKPIT - BC' is set on object 'Object Repository/Backoffice/match_mgmt/input__select2-search__arena_name'

2019-01-10 10:28:19 - [MESSAGE][PASSED] - Text 'BALAGTAS COCKPIT - BC' is set on object 'Object Repository/Backoffice/match_mgmt/input__select2-search__arena_name'

2019-01-10 10:28:19 - [TEST_STEP][PASSED] - sendKeys(findTestObject("Backoffice/match_mgmt/input__select2-search__arena_name"), Keys.chord(ENTER)): Keys 'ENTER + ' sent to object: 'Object Repository/Backoffice/match_mgmt/input__select2-search__arena_name'

2019-01-10 10:28:19 - [MESSAGE][PASSED] - Keys 'ENTER + ' sent to object: 'Object Repository/Backoffice/match_mgmt/input__select2-search__arena_name'

2019-01-10 10:28:19 - [TEST_STEP][PASSED] - setText(findTestObject("Backoffice/match_mgmt/meron_details/input_meron_name"), Meron_Name): Text 'AA' is set on object 'Object Repository/Backoffice/match_mgmt/meron_details/input_meron_name'

2019-01-10 10:28:20 - [MESSAGE][PASSED] - Text 'AA' is set on object 'Object Repository/Backoffice/match_mgmt/meron_details/input_meron_name'

2019-01-10 10:28:20 - [TEST_STEP][PASSED] - setText(findTestObject("Backoffice/match_mgmt/meron_details/input_meron_weight"), Meron_Weight): Text 'Weight 1' is set on object 'Object Repository/Backoffice/match_mgmt/meron_details/input_meron_weight'

2019-01-10 10:28:20 - [MESSAGE][PASSED] - Text 'Weight 1' is set on object 'Object Repository/Backoffice/match_mgmt/meron_details/input_meron_weight'

2019-01-10 10:28:20 - [TEST_STEP][PASSED] - setText(findTestObject("Backoffice/match_mgmt/wala_details/input_wala_name"), Wala_Name): Text 'BB' is set on object 'Object Repository/Backoffice/match_mgmt/wala_details/input_wala_name'

2019-01-10 10:28:20 - [MESSAGE][PASSED] - Text 'BB' is set on object 'Object Repository/Backoffice/match_mgmt/wala_details/input_wala_name'

2019-01-10 10:28:20 - [TEST_STEP][PASSED] - setText(findTestObject("Backoffice/match_mgmt/wala_details/input_wala_weight"), Wala_Weight): Text 'Weight 2' is set on object 'Object Repository/Backoffice/match_mgmt/wala_details/input_wala_weight'

2019-01-10 10:28:21 - [MESSAGE][PASSED] - Text 'Weight 2' is set on object 'Object Repository/Backoffice/match_mgmt/wala_details/input_wala_weight'

2019-01-10 10:28:21 - [TEST_STEP][PASSED] - click(findTestObject("Backoffice/match_mgmt/input_submit_match")): Object: 'Object Repository/Backoffice/match_mgmt/input_submit_match' is clicked on

2019-01-10 10:28:24 - [MESSAGE][PASSED] - Object: 'Object Repository/Backoffice/match_mgmt/input_submit_match' is clicked on

2019-01-10 10:28:24 - [TEST_STEP][PASSED] - delay(1): Delayed 1 second(s)

2019-01-10 10:28:25 - [MESSAGE][PASSED] - Delayed 1 second(s)]]></system-out>
         <system-err><![CDATA[]]></system-err>
      </testcase>
      <system-out><![CDATA[2019-01-10 10:21:14 - [TEST_SUITE][PASSED] - match_BC: Test Cases/DEV/Backoffice/create_match/create_match_loop_with_open_match]]></system-out>
      <system-err><![CDATA[]]></system-err>
   </testsuite>
</testsuites>
