<?xml version="1.0" encoding="UTF-8"?>
<testsuites name="match_DRC" time="312" tests="1" failures="0" errors="0">
   <testsuite name="match_DRC" tests="1" failures="0" errors="0" time="312" timestamp="2018-12-13 11:25:55" hostname="Administrator - WIN-A9QUABO2G0M" id="Test Suites/Backoffice/create_match/create_match_loop_with_open_match/match_DRC">
      <properties>
         <property name="deviceName" value=""/>
         <property name="devicePlatform" value=""/>
         <property name="logFolder" value="C:\\Users\\Administrator\\git\\JANINE_QA\\Reports\\Backoffice\\create_match\\create_match_loop_with_open_match\\match_DRC\\20181213_104953"/>
         <property name="logFiles" value="C:\\Users\\Administrator\\git\\JANINE_QA\\Reports\\Backoffice\\create_match\\create_match_loop_with_open_match\\match_DRC\\20181213_104953\\execution0.log"/>
         <property name="attachments" value=""/>
         <property name="hostName" value="Administrator - WIN-A9QUABO2G0M"/>
         <property name="os" value="Windows Server 2016 64bit"/>
         <property name="katalonVersion" value="5.9.1.2"/>
         <property name="browser" value="Chrome 70.0.3538.110"/>
         <property name="hostAddress" value="192.168.111.1"/>
         <property name="sessionId" value="a52e84cffa27623142ea42e7474b34e7"/>
         <property name="seleniumVersion" value="3.7.1"/>
         <property name="proxyInformation" value="ProxyInformation{proxyOption=NO_PROXY, proxyServerType=HTTP, password=, proxyServerAddress=, proxyServerPort=0}"/>
         <property name="platform" value="Windows Server 2016"/>
      </properties>
      <testcase name="Test Cases/DEV/Backoffice/create_match/create_match_loop_with_open_match" classname="Test Cases/DEV/Backoffice/create_match/create_match_loop_with_open_match" status="PASSED">
         <system-out><![CDATA[2018-12-13 11:25:56 - [TEST_CASE][PASSED] - Test Cases/DEV/Backoffice/create_match/create_match_loop_with_open_match: Test Cases/DEV/Backoffice/create_match/create_match_loop_with_open_match

2018-12-13 11:25:57 - [TEST_STEP][PASSED] - mj.loginBackofficeDev.login(): mj.loginBackofficeDev.login is PASSED

2018-12-13 11:25:57 - [MESSAGE][INFO] - Starting 'Chrome' driver

2018-12-13 11:25:57 - [MESSAGE][INFO] - Action delay is set to 0 seconds

2018-12-13 11:26:00 - [MESSAGE][PASSED] - Browser is opened with url: ''

2018-12-13 11:26:01 - [MESSAGE][PASSED] - Current window maximized

2018-12-13 11:26:02 - [MESSAGE][PASSED] - Navigate to 'http://dev-admin.ucf88.com/login' successfully

2018-12-13 11:26:02 - [MESSAGE][PASSED] - Text 'janine' is set on object 'Object Repository/Backoffice/login_page/input_username'

2018-12-13 11:26:03 - [MESSAGE][PASSED] - Text ****** has been set on object 'Object Repository/Backoffice/login_page/input_password'

2018-12-13 11:26:05 - [MESSAGE][PASSED] - Object: 'Object Repository/Backoffice/login_page/button_login' is clicked on

2018-12-13 11:26:05 - [MESSAGE][PASSED] - mj.loginBackofficeDev.login is PASSED

2018-12-13 11:26:05 - [TEST_STEP][PASSED] - mouseOver(findTestObject("Backoffice/headers/span_betting")): Object: 'Object Repository/Backoffice/headers/span_betting' is hovered

2018-12-13 11:26:05 - [MESSAGE][PASSED] - Object: 'Object Repository/Backoffice/headers/span_betting' is hovered

2018-12-13 11:26:05 - [TEST_STEP][PASSED] - delay(1): Delayed 1 second(s)

2018-12-13 11:26:06 - [MESSAGE][PASSED] - Delayed 1 second(s)

2018-12-13 11:26:06 - [TEST_STEP][PASSED] - waitForElementVisible(findTestObject("Backoffice/headers/span_match"), 2): Object 'Object Repository/Backoffice/headers/span_match' is visible

2018-12-13 11:26:06 - [MESSAGE][PASSED] - Object 'Object Repository/Backoffice/headers/span_match' is visible

2018-12-13 11:26:06 - [TEST_STEP][PASSED] - click(findTestObject("Backoffice/headers/span_match")): Object: 'Object Repository/Backoffice/headers/span_match' is clicked on

2018-12-13 11:26:13 - [MESSAGE][PASSED] - Object: 'Object Repository/Backoffice/headers/span_match' is clicked on

2018-12-13 11:26:13 - [TEST_STEP][PASSED] - delay(1): Delayed 1 second(s)

2018-12-13 11:26:14 - [MESSAGE][PASSED] - Delayed 1 second(s)

2018-12-13 11:26:14 - [TEST_STEP][PASSED] - verifyElementPresent(findTestObject("Backoffice/match_mgmt/button_create_match"), 2): Object 'Object Repository/Backoffice/match_mgmt/button_create_match' is present

2018-12-13 11:26:14 - [MESSAGE][PASSED] - Object 'Object Repository/Backoffice/match_mgmt/button_create_match' is present

2018-12-13 11:26:14 - [TEST_STEP][PASSED] - click(findTestObject("Backoffice/match_mgmt/button_create_match")): Object: 'Object Repository/Backoffice/match_mgmt/button_create_match' is clicked on

2018-12-13 11:26:14 - [MESSAGE][PASSED] - Object: 'Object Repository/Backoffice/match_mgmt/button_create_match' is clicked on

2018-12-13 11:26:14 - [TEST_STEP][PASSED] - delay(1): Delayed 1 second(s)

2018-12-13 11:26:15 - [MESSAGE][PASSED] - Delayed 1 second(s)

2018-12-13 11:26:15 - [TEST_STEP][PASSED] - click(findTestObject("Backoffice/match_mgmt/span_select_arena_name")): Object: 'Object Repository/Backoffice/match_mgmt/span_select_arena_name' is clicked on

2018-12-13 11:26:16 - [MESSAGE][PASSED] - Object: 'Object Repository/Backoffice/match_mgmt/span_select_arena_name' is clicked on

2018-12-13 11:26:16 - [TEST_STEP][PASSED] - setText(findTestObject("Backoffice/match_mgmt/input__select2-search__arena_name"), Arena_Acronym): Text 'DRAGON COCKPIT - DRC' is set on object 'Object Repository/Backoffice/match_mgmt/input__select2-search__arena_name'

2018-12-13 11:26:18 - [MESSAGE][PASSED] - Text 'DRAGON COCKPIT - DRC' is set on object 'Object Repository/Backoffice/match_mgmt/input__select2-search__arena_name'

2018-12-13 11:26:18 - [TEST_STEP][PASSED] - sendKeys(findTestObject("Backoffice/match_mgmt/input__select2-search__arena_name"), Keys.chord(ENTER)): Keys 'ENTER + ' sent to object: 'Object Repository/Backoffice/match_mgmt/input__select2-search__arena_name'

2018-12-13 11:26:18 - [MESSAGE][PASSED] - Keys 'ENTER + ' sent to object: 'Object Repository/Backoffice/match_mgmt/input__select2-search__arena_name'

2018-12-13 11:26:18 - [TEST_STEP][PASSED] - setText(findTestObject("Backoffice/match_mgmt/meron_details/input_meron_name"), Meron_Name): Text 'AA' is set on object 'Object Repository/Backoffice/match_mgmt/meron_details/input_meron_name'

2018-12-13 11:26:18 - [MESSAGE][PASSED] - Text 'AA' is set on object 'Object Repository/Backoffice/match_mgmt/meron_details/input_meron_name'

2018-12-13 11:26:18 - [TEST_STEP][PASSED] - setText(findTestObject("Backoffice/match_mgmt/meron_details/input_meron_farm"), Meron_Farm): Text 'Farm 1' is set on object 'Object Repository/Backoffice/match_mgmt/meron_details/input_meron_farm'

2018-12-13 11:26:19 - [MESSAGE][PASSED] - Text 'Farm 1' is set on object 'Object Repository/Backoffice/match_mgmt/meron_details/input_meron_farm'

2018-12-13 11:26:19 - [TEST_STEP][PASSED] - setText(findTestObject("Backoffice/match_mgmt/meron_details/input_meron_breed"), Meron_Breed): Text 'Breed 1' is set on object 'Object Repository/Backoffice/match_mgmt/meron_details/input_meron_breed'

2018-12-13 11:26:19 - [MESSAGE][PASSED] - Text 'Breed 1' is set on object 'Object Repository/Backoffice/match_mgmt/meron_details/input_meron_breed'

2018-12-13 11:26:19 - [TEST_STEP][PASSED] - setText(findTestObject("Backoffice/match_mgmt/meron_details/input_meron_weight"), Meron_Weight): Text 'Weight 1' is set on object 'Object Repository/Backoffice/match_mgmt/meron_details/input_meron_weight'

2018-12-13 11:26:20 - [MESSAGE][PASSED] - Text 'Weight 1' is set on object 'Object Repository/Backoffice/match_mgmt/meron_details/input_meron_weight'

2018-12-13 11:26:20 - [TEST_STEP][PASSED] - setText(findTestObject("Backoffice/match_mgmt/wala_details/input_wala_name"), Wala_Name): Text 'BB' is set on object 'Object Repository/Backoffice/match_mgmt/wala_details/input_wala_name'

2018-12-13 11:26:20 - [MESSAGE][PASSED] - Text 'BB' is set on object 'Object Repository/Backoffice/match_mgmt/wala_details/input_wala_name'

2018-12-13 11:26:20 - [TEST_STEP][PASSED] - setText(findTestObject("Backoffice/match_mgmt/wala_details/input_wala_farm"), Wala_Farm): Text 'Farm 2' is set on object 'Object Repository/Backoffice/match_mgmt/wala_details/input_wala_farm'

2018-12-13 11:26:20 - [MESSAGE][PASSED] - Text 'Farm 2' is set on object 'Object Repository/Backoffice/match_mgmt/wala_details/input_wala_farm'

2018-12-13 11:26:21 - [TEST_STEP][PASSED] - setText(findTestObject("Backoffice/match_mgmt/wala_details/input_wala_breed"), Wala_Breed): Text 'Breed 2' is set on object 'Object Repository/Backoffice/match_mgmt/wala_details/input_wala_breed'

2018-12-13 11:26:21 - [MESSAGE][PASSED] - Text 'Breed 2' is set on object 'Object Repository/Backoffice/match_mgmt/wala_details/input_wala_breed'

2018-12-13 11:26:21 - [TEST_STEP][PASSED] - setText(findTestObject("Backoffice/match_mgmt/wala_details/input_wala_weight"), Wala_Weight): Text 'Weight 2' is set on object 'Object Repository/Backoffice/match_mgmt/wala_details/input_wala_weight'

2018-12-13 11:26:21 - [MESSAGE][PASSED] - Text 'Weight 2' is set on object 'Object Repository/Backoffice/match_mgmt/wala_details/input_wala_weight'

2018-12-13 11:26:21 - [TEST_STEP][PASSED] - click(findTestObject("Backoffice/match_mgmt/input_submit_match")): Object: 'Object Repository/Backoffice/match_mgmt/input_submit_match' is clicked on

2018-12-13 11:26:27 - [MESSAGE][PASSED] - Object: 'Object Repository/Backoffice/match_mgmt/input_submit_match' is clicked on

2018-12-13 11:26:27 - [TEST_STEP][PASSED] - click(findTestObject("Backoffice/match_mgmt/span_link_match")): Object: 'Object Repository/Backoffice/match_mgmt/span_link_match' is clicked on

2018-12-13 11:26:28 - [MESSAGE][PASSED] - Object: 'Object Repository/Backoffice/match_mgmt/span_link_match' is clicked on

2018-12-13 11:26:28 - [TEST_STEP][PASSED] - switchToWindowIndex(1): Switched to window with index: '1'

2018-12-13 11:26:28 - [MESSAGE][PASSED] - Switched to window with index: '1'

2018-12-13 11:26:28 - [TEST_STEP][PASSED] - delay(1): Delayed 1 second(s)

2018-12-13 11:26:29 - [MESSAGE][PASSED] - Delayed 1 second(s)

2018-12-13 11:26:29 - [TEST_STEP][PASSED] - click(findTestObject("Backoffice/match_mgmt/open_match/button_open_match")): Object: 'Object Repository/Backoffice/match_mgmt/open_match/button_open_match' is clicked on

2018-12-13 11:26:31 - [MESSAGE][PASSED] - Object: 'Object Repository/Backoffice/match_mgmt/open_match/button_open_match' is clicked on

2018-12-13 11:26:31 - [TEST_STEP][PASSED] - delay(1): Delayed 1 second(s)

2018-12-13 11:26:32 - [MESSAGE][PASSED] - Delayed 1 second(s)

2018-12-13 11:26:32 - [TEST_STEP][PASSED] - waitForElementVisible(findTestObject("Backoffice/match_mgmt/settlement/button_finished_yes_i_agree"), 1): Object 'Object Repository/Backoffice/match_mgmt/settlement/button_finished_yes_i_agree' is visible

2018-12-13 11:26:32 - [MESSAGE][PASSED] - Object 'Object Repository/Backoffice/match_mgmt/settlement/button_finished_yes_i_agree' is visible

2018-12-13 11:26:32 - [TEST_STEP][PASSED] - delay(1): Delayed 1 second(s)

2018-12-13 11:26:33 - [MESSAGE][PASSED] - Delayed 1 second(s)

2018-12-13 11:26:33 - [TEST_STEP][PASSED] - click(findTestObject("Backoffice/match_mgmt/settlement/button_finished_yes_i_agree")): Object: 'Object Repository/Backoffice/match_mgmt/settlement/button_finished_yes_i_agree' is clicked on

2018-12-13 11:26:33 - [MESSAGE][PASSED] - Object: 'Object Repository/Backoffice/match_mgmt/settlement/button_finished_yes_i_agree' is clicked on

2018-12-13 11:26:33 - [TEST_STEP][PASSED] - delay(2): Delayed 2 second(s)

2018-12-13 11:26:35 - [MESSAGE][PASSED] - Delayed 2 second(s)

2018-12-13 11:26:35 - [TEST_STEP][PASSED] - closeWindowIndex(1): Window with index 1 is closed

2018-12-13 11:26:35 - [MESSAGE][PASSED] - Window with index 1 is closed

2018-12-13 11:26:35 - [TEST_STEP][PASSED] - switchToWindowIndex(0): Switched to window with index: '0'

2018-12-13 11:26:35 - [MESSAGE][PASSED] - Switched to window with index: '0'

2018-12-13 11:26:35 - [TEST_STEP][PASSED] - verifyElementPresent(findTestObject("Backoffice/match_mgmt/button_create_match"), 2): Object 'Object Repository/Backoffice/match_mgmt/button_create_match' is present

2018-12-13 11:26:35 - [MESSAGE][PASSED] - Object 'Object Repository/Backoffice/match_mgmt/button_create_match' is present

2018-12-13 11:26:35 - [TEST_STEP][PASSED] - delay(1): Delayed 1 second(s)

2018-12-13 11:26:36 - [MESSAGE][PASSED] - Delayed 1 second(s)

2018-12-13 11:26:36 - [TEST_STEP][PASSED] - for ([loop = 1, loop <= 19, (loop++)]): Delayed 1 second(s)

2018-12-13 11:26:36 - [TEST_STEP][PASSED] - click(findTestObject("Backoffice/match_mgmt/button_create_match")): Object: 'Object Repository/Backoffice/match_mgmt/button_create_match' is clicked on

2018-12-13 11:26:36 - [MESSAGE][PASSED] - Object: 'Object Repository/Backoffice/match_mgmt/button_create_match' is clicked on

2018-12-13 11:26:36 - [TEST_STEP][PASSED] - delay(1): Delayed 1 second(s)

2018-12-13 11:26:37 - [MESSAGE][PASSED] - Delayed 1 second(s)

2018-12-13 11:26:37 - [TEST_STEP][PASSED] - click(findTestObject("Backoffice/match_mgmt/span_select_arena_name")): Object: 'Object Repository/Backoffice/match_mgmt/span_select_arena_name' is clicked on

2018-12-13 11:26:38 - [MESSAGE][PASSED] - Object: 'Object Repository/Backoffice/match_mgmt/span_select_arena_name' is clicked on

2018-12-13 11:26:38 - [TEST_STEP][PASSED] - setText(findTestObject("Backoffice/match_mgmt/input__select2-search__arena_name"), Arena_Acronym): Text 'DRAGON COCKPIT - DRC' is set on object 'Object Repository/Backoffice/match_mgmt/input__select2-search__arena_name'

2018-12-13 11:26:40 - [MESSAGE][PASSED] - Text 'DRAGON COCKPIT - DRC' is set on object 'Object Repository/Backoffice/match_mgmt/input__select2-search__arena_name'

2018-12-13 11:26:40 - [TEST_STEP][PASSED] - sendKeys(findTestObject("Backoffice/match_mgmt/input__select2-search__arena_name"), Keys.chord(ENTER)): Keys 'ENTER + ' sent to object: 'Object Repository/Backoffice/match_mgmt/input__select2-search__arena_name'

2018-12-13 11:26:40 - [MESSAGE][PASSED] - Keys 'ENTER + ' sent to object: 'Object Repository/Backoffice/match_mgmt/input__select2-search__arena_name'

2018-12-13 11:26:40 - [TEST_STEP][PASSED] - setText(findTestObject("Backoffice/match_mgmt/meron_details/input_meron_name"), Meron_Name): Text 'AA' is set on object 'Object Repository/Backoffice/match_mgmt/meron_details/input_meron_name'

2018-12-13 11:26:40 - [MESSAGE][PASSED] - Text 'AA' is set on object 'Object Repository/Backoffice/match_mgmt/meron_details/input_meron_name'

2018-12-13 11:26:40 - [TEST_STEP][PASSED] - setText(findTestObject("Backoffice/match_mgmt/meron_details/input_meron_farm"), Meron_Farm): Text 'Farm 1' is set on object 'Object Repository/Backoffice/match_mgmt/meron_details/input_meron_farm'

2018-12-13 11:26:41 - [MESSAGE][PASSED] - Text 'Farm 1' is set on object 'Object Repository/Backoffice/match_mgmt/meron_details/input_meron_farm'

2018-12-13 11:26:41 - [TEST_STEP][PASSED] - setText(findTestObject("Backoffice/match_mgmt/meron_details/input_meron_breed"), Meron_Breed): Text 'Breed 1' is set on object 'Object Repository/Backoffice/match_mgmt/meron_details/input_meron_breed'

2018-12-13 11:26:41 - [MESSAGE][PASSED] - Text 'Breed 1' is set on object 'Object Repository/Backoffice/match_mgmt/meron_details/input_meron_breed'

2018-12-13 11:26:41 - [TEST_STEP][PASSED] - setText(findTestObject("Backoffice/match_mgmt/meron_details/input_meron_weight"), Meron_Weight): Text 'Weight 1' is set on object 'Object Repository/Backoffice/match_mgmt/meron_details/input_meron_weight'

2018-12-13 11:26:42 - [MESSAGE][PASSED] - Text 'Weight 1' is set on object 'Object Repository/Backoffice/match_mgmt/meron_details/input_meron_weight'

2018-12-13 11:26:42 - [TEST_STEP][PASSED] - setText(findTestObject("Backoffice/match_mgmt/wala_details/input_wala_name"), Wala_Name): Text 'BB' is set on object 'Object Repository/Backoffice/match_mgmt/wala_details/input_wala_name'

2018-12-13 11:26:42 - [MESSAGE][PASSED] - Text 'BB' is set on object 'Object Repository/Backoffice/match_mgmt/wala_details/input_wala_name'

2018-12-13 11:26:42 - [TEST_STEP][PASSED] - setText(findTestObject("Backoffice/match_mgmt/wala_details/input_wala_farm"), Wala_Farm): Text 'Farm 2' is set on object 'Object Repository/Backoffice/match_mgmt/wala_details/input_wala_farm'

2018-12-13 11:26:43 - [MESSAGE][PASSED] - Text 'Farm 2' is set on object 'Object Repository/Backoffice/match_mgmt/wala_details/input_wala_farm'

2018-12-13 11:26:43 - [TEST_STEP][PASSED] - setText(findTestObject("Backoffice/match_mgmt/wala_details/input_wala_breed"), Wala_Breed): Text 'Breed 2' is set on object 'Object Repository/Backoffice/match_mgmt/wala_details/input_wala_breed'

2018-12-13 11:26:43 - [MESSAGE][PASSED] - Text 'Breed 2' is set on object 'Object Repository/Backoffice/match_mgmt/wala_details/input_wala_breed'

2018-12-13 11:26:43 - [TEST_STEP][PASSED] - setText(findTestObject("Backoffice/match_mgmt/wala_details/input_wala_weight"), Wala_Weight): Text 'Weight 2' is set on object 'Object Repository/Backoffice/match_mgmt/wala_details/input_wala_weight'

2018-12-13 11:26:44 - [MESSAGE][PASSED] - Text 'Weight 2' is set on object 'Object Repository/Backoffice/match_mgmt/wala_details/input_wala_weight'

2018-12-13 11:26:44 - [TEST_STEP][PASSED] - click(findTestObject("Backoffice/match_mgmt/input_submit_match")): Object: 'Object Repository/Backoffice/match_mgmt/input_submit_match' is clicked on

2018-12-13 11:26:49 - [MESSAGE][PASSED] - Object: 'Object Repository/Backoffice/match_mgmt/input_submit_match' is clicked on

2018-12-13 11:26:49 - [TEST_STEP][PASSED] - delay(1): Delayed 1 second(s)

2018-12-13 11:26:50 - [MESSAGE][PASSED] - Delayed 1 second(s)

2018-12-13 11:26:50 - [TEST_STEP][PASSED] - click(findTestObject("Backoffice/match_mgmt/button_create_match")): Object: 'Object Repository/Backoffice/match_mgmt/button_create_match' is clicked on

2018-12-13 11:26:50 - [MESSAGE][PASSED] - Object: 'Object Repository/Backoffice/match_mgmt/button_create_match' is clicked on

2018-12-13 11:26:50 - [TEST_STEP][PASSED] - delay(1): Delayed 1 second(s)

2018-12-13 11:26:51 - [MESSAGE][PASSED] - Delayed 1 second(s)

2018-12-13 11:26:51 - [TEST_STEP][PASSED] - click(findTestObject("Backoffice/match_mgmt/span_select_arena_name")): Object: 'Object Repository/Backoffice/match_mgmt/span_select_arena_name' is clicked on

2018-12-13 11:26:52 - [MESSAGE][PASSED] - Object: 'Object Repository/Backoffice/match_mgmt/span_select_arena_name' is clicked on

2018-12-13 11:26:52 - [TEST_STEP][PASSED] - setText(findTestObject("Backoffice/match_mgmt/input__select2-search__arena_name"), Arena_Acronym): Text 'DRAGON COCKPIT - DRC' is set on object 'Object Repository/Backoffice/match_mgmt/input__select2-search__arena_name'

2018-12-13 11:26:53 - [MESSAGE][PASSED] - Text 'DRAGON COCKPIT - DRC' is set on object 'Object Repository/Backoffice/match_mgmt/input__select2-search__arena_name'

2018-12-13 11:26:53 - [TEST_STEP][PASSED] - sendKeys(findTestObject("Backoffice/match_mgmt/input__select2-search__arena_name"), Keys.chord(ENTER)): Keys 'ENTER + ' sent to object: 'Object Repository/Backoffice/match_mgmt/input__select2-search__arena_name'

2018-12-13 11:26:54 - [MESSAGE][PASSED] - Keys 'ENTER + ' sent to object: 'Object Repository/Backoffice/match_mgmt/input__select2-search__arena_name'

2018-12-13 11:26:54 - [TEST_STEP][PASSED] - setText(findTestObject("Backoffice/match_mgmt/meron_details/input_meron_name"), Meron_Name): Text 'AA' is set on object 'Object Repository/Backoffice/match_mgmt/meron_details/input_meron_name'

2018-12-13 11:26:54 - [MESSAGE][PASSED] - Text 'AA' is set on object 'Object Repository/Backoffice/match_mgmt/meron_details/input_meron_name'

2018-12-13 11:26:54 - [TEST_STEP][PASSED] - setText(findTestObject("Backoffice/match_mgmt/meron_details/input_meron_farm"), Meron_Farm): Text 'Farm 1' is set on object 'Object Repository/Backoffice/match_mgmt/meron_details/input_meron_farm'

2018-12-13 11:26:54 - [MESSAGE][PASSED] - Text 'Farm 1' is set on object 'Object Repository/Backoffice/match_mgmt/meron_details/input_meron_farm'

2018-12-13 11:26:54 - [TEST_STEP][PASSED] - setText(findTestObject("Backoffice/match_mgmt/meron_details/input_meron_breed"), Meron_Breed): Text 'Breed 1' is set on object 'Object Repository/Backoffice/match_mgmt/meron_details/input_meron_breed'

2018-12-13 11:26:55 - [MESSAGE][PASSED] - Text 'Breed 1' is set on object 'Object Repository/Backoffice/match_mgmt/meron_details/input_meron_breed'

2018-12-13 11:26:55 - [TEST_STEP][PASSED] - setText(findTestObject("Backoffice/match_mgmt/meron_details/input_meron_weight"), Meron_Weight): Text 'Weight 1' is set on object 'Object Repository/Backoffice/match_mgmt/meron_details/input_meron_weight'

2018-12-13 11:26:55 - [MESSAGE][PASSED] - Text 'Weight 1' is set on object 'Object Repository/Backoffice/match_mgmt/meron_details/input_meron_weight'

2018-12-13 11:26:55 - [TEST_STEP][PASSED] - setText(findTestObject("Backoffice/match_mgmt/wala_details/input_wala_name"), Wala_Name): Text 'BB' is set on object 'Object Repository/Backoffice/match_mgmt/wala_details/input_wala_name'

2018-12-13 11:26:56 - [MESSAGE][PASSED] - Text 'BB' is set on object 'Object Repository/Backoffice/match_mgmt/wala_details/input_wala_name'

2018-12-13 11:26:56 - [TEST_STEP][PASSED] - setText(findTestObject("Backoffice/match_mgmt/wala_details/input_wala_farm"), Wala_Farm): Text 'Farm 2' is set on object 'Object Repository/Backoffice/match_mgmt/wala_details/input_wala_farm'

2018-12-13 11:26:56 - [MESSAGE][PASSED] - Text 'Farm 2' is set on object 'Object Repository/Backoffice/match_mgmt/wala_details/input_wala_farm'

2018-12-13 11:26:56 - [TEST_STEP][PASSED] - setText(findTestObject("Backoffice/match_mgmt/wala_details/input_wala_breed"), Wala_Breed): Text 'Breed 2' is set on object 'Object Repository/Backoffice/match_mgmt/wala_details/input_wala_breed'

2018-12-13 11:26:57 - [MESSAGE][PASSED] - Text 'Breed 2' is set on object 'Object Repository/Backoffice/match_mgmt/wala_details/input_wala_breed'

2018-12-13 11:26:57 - [TEST_STEP][PASSED] - setText(findTestObject("Backoffice/match_mgmt/wala_details/input_wala_weight"), Wala_Weight): Text 'Weight 2' is set on object 'Object Repository/Backoffice/match_mgmt/wala_details/input_wala_weight'

2018-12-13 11:26:57 - [MESSAGE][PASSED] - Text 'Weight 2' is set on object 'Object Repository/Backoffice/match_mgmt/wala_details/input_wala_weight'

2018-12-13 11:26:57 - [TEST_STEP][PASSED] - click(findTestObject("Backoffice/match_mgmt/input_submit_match")): Object: 'Object Repository/Backoffice/match_mgmt/input_submit_match' is clicked on

2018-12-13 11:27:03 - [MESSAGE][PASSED] - Object: 'Object Repository/Backoffice/match_mgmt/input_submit_match' is clicked on

2018-12-13 11:27:03 - [TEST_STEP][PASSED] - delay(1): Delayed 1 second(s)

2018-12-13 11:27:04 - [MESSAGE][PASSED] - Delayed 1 second(s)

2018-12-13 11:27:04 - [TEST_STEP][PASSED] - click(findTestObject("Backoffice/match_mgmt/button_create_match")): Object: 'Object Repository/Backoffice/match_mgmt/button_create_match' is clicked on

2018-12-13 11:27:04 - [MESSAGE][PASSED] - Object: 'Object Repository/Backoffice/match_mgmt/button_create_match' is clicked on

2018-12-13 11:27:04 - [TEST_STEP][PASSED] - delay(1): Delayed 1 second(s)

2018-12-13 11:27:05 - [MESSAGE][PASSED] - Delayed 1 second(s)

2018-12-13 11:27:05 - [TEST_STEP][PASSED] - click(findTestObject("Backoffice/match_mgmt/span_select_arena_name")): Object: 'Object Repository/Backoffice/match_mgmt/span_select_arena_name' is clicked on

2018-12-13 11:27:06 - [MESSAGE][PASSED] - Object: 'Object Repository/Backoffice/match_mgmt/span_select_arena_name' is clicked on

2018-12-13 11:27:06 - [TEST_STEP][PASSED] - setText(findTestObject("Backoffice/match_mgmt/input__select2-search__arena_name"), Arena_Acronym): Text 'DRAGON COCKPIT - DRC' is set on object 'Object Repository/Backoffice/match_mgmt/input__select2-search__arena_name'

2018-12-13 11:27:08 - [MESSAGE][PASSED] - Text 'DRAGON COCKPIT - DRC' is set on object 'Object Repository/Backoffice/match_mgmt/input__select2-search__arena_name'

2018-12-13 11:27:08 - [TEST_STEP][PASSED] - sendKeys(findTestObject("Backoffice/match_mgmt/input__select2-search__arena_name"), Keys.chord(ENTER)): Keys 'ENTER + ' sent to object: 'Object Repository/Backoffice/match_mgmt/input__select2-search__arena_name'

2018-12-13 11:27:08 - [MESSAGE][PASSED] - Keys 'ENTER + ' sent to object: 'Object Repository/Backoffice/match_mgmt/input__select2-search__arena_name'

2018-12-13 11:27:08 - [TEST_STEP][PASSED] - setText(findTestObject("Backoffice/match_mgmt/meron_details/input_meron_name"), Meron_Name): Text 'AA' is set on object 'Object Repository/Backoffice/match_mgmt/meron_details/input_meron_name'

2018-12-13 11:27:08 - [MESSAGE][PASSED] - Text 'AA' is set on object 'Object Repository/Backoffice/match_mgmt/meron_details/input_meron_name'

2018-12-13 11:27:08 - [TEST_STEP][PASSED] - setText(findTestObject("Backoffice/match_mgmt/meron_details/input_meron_farm"), Meron_Farm): Text 'Farm 1' is set on object 'Object Repository/Backoffice/match_mgmt/meron_details/input_meron_farm'

2018-12-13 11:27:09 - [MESSAGE][PASSED] - Text 'Farm 1' is set on object 'Object Repository/Backoffice/match_mgmt/meron_details/input_meron_farm'

2018-12-13 11:27:09 - [TEST_STEP][PASSED] - setText(findTestObject("Backoffice/match_mgmt/meron_details/input_meron_breed"), Meron_Breed): Text 'Breed 1' is set on object 'Object Repository/Backoffice/match_mgmt/meron_details/input_meron_breed'

2018-12-13 11:27:09 - [MESSAGE][PASSED] - Text 'Breed 1' is set on object 'Object Repository/Backoffice/match_mgmt/meron_details/input_meron_breed'

2018-12-13 11:27:09 - [TEST_STEP][PASSED] - setText(findTestObject("Backoffice/match_mgmt/meron_details/input_meron_weight"), Meron_Weight): Text 'Weight 1' is set on object 'Object Repository/Backoffice/match_mgmt/meron_details/input_meron_weight'

2018-12-13 11:27:10 - [MESSAGE][PASSED] - Text 'Weight 1' is set on object 'Object Repository/Backoffice/match_mgmt/meron_details/input_meron_weight'

2018-12-13 11:27:10 - [TEST_STEP][PASSED] - setText(findTestObject("Backoffice/match_mgmt/wala_details/input_wala_name"), Wala_Name): Text 'BB' is set on object 'Object Repository/Backoffice/match_mgmt/wala_details/input_wala_name'

2018-12-13 11:27:10 - [MESSAGE][PASSED] - Text 'BB' is set on object 'Object Repository/Backoffice/match_mgmt/wala_details/input_wala_name'

2018-12-13 11:27:10 - [TEST_STEP][PASSED] - setText(findTestObject("Backoffice/match_mgmt/wala_details/input_wala_farm"), Wala_Farm): Text 'Farm 2' is set on object 'Object Repository/Backoffice/match_mgmt/wala_details/input_wala_farm'

2018-12-13 11:27:10 - [MESSAGE][PASSED] - Text 'Farm 2' is set on object 'Object Repository/Backoffice/match_mgmt/wala_details/input_wala_farm'

2018-12-13 11:27:10 - [TEST_STEP][PASSED] - setText(findTestObject("Backoffice/match_mgmt/wala_details/input_wala_breed"), Wala_Breed): Text 'Breed 2' is set on object 'Object Repository/Backoffice/match_mgmt/wala_details/input_wala_breed'

2018-12-13 11:27:11 - [MESSAGE][PASSED] - Text 'Breed 2' is set on object 'Object Repository/Backoffice/match_mgmt/wala_details/input_wala_breed'

2018-12-13 11:27:11 - [TEST_STEP][PASSED] - setText(findTestObject("Backoffice/match_mgmt/wala_details/input_wala_weight"), Wala_Weight): Text 'Weight 2' is set on object 'Object Repository/Backoffice/match_mgmt/wala_details/input_wala_weight'

2018-12-13 11:27:11 - [MESSAGE][PASSED] - Text 'Weight 2' is set on object 'Object Repository/Backoffice/match_mgmt/wala_details/input_wala_weight'

2018-12-13 11:27:11 - [TEST_STEP][PASSED] - click(findTestObject("Backoffice/match_mgmt/input_submit_match")): Object: 'Object Repository/Backoffice/match_mgmt/input_submit_match' is clicked on

2018-12-13 11:27:17 - [MESSAGE][PASSED] - Object: 'Object Repository/Backoffice/match_mgmt/input_submit_match' is clicked on

2018-12-13 11:27:17 - [TEST_STEP][PASSED] - delay(1): Delayed 1 second(s)

2018-12-13 11:27:18 - [MESSAGE][PASSED] - Delayed 1 second(s)

2018-12-13 11:27:18 - [TEST_STEP][PASSED] - click(findTestObject("Backoffice/match_mgmt/button_create_match")): Object: 'Object Repository/Backoffice/match_mgmt/button_create_match' is clicked on

2018-12-13 11:27:18 - [MESSAGE][PASSED] - Object: 'Object Repository/Backoffice/match_mgmt/button_create_match' is clicked on

2018-12-13 11:27:18 - [TEST_STEP][PASSED] - delay(1): Delayed 1 second(s)

2018-12-13 11:27:19 - [MESSAGE][PASSED] - Delayed 1 second(s)

2018-12-13 11:27:19 - [TEST_STEP][PASSED] - click(findTestObject("Backoffice/match_mgmt/span_select_arena_name")): Object: 'Object Repository/Backoffice/match_mgmt/span_select_arena_name' is clicked on

2018-12-13 11:27:19 - [MESSAGE][PASSED] - Object: 'Object Repository/Backoffice/match_mgmt/span_select_arena_name' is clicked on

2018-12-13 11:27:19 - [TEST_STEP][PASSED] - setText(findTestObject("Backoffice/match_mgmt/input__select2-search__arena_name"), Arena_Acronym): Text 'DRAGON COCKPIT - DRC' is set on object 'Object Repository/Backoffice/match_mgmt/input__select2-search__arena_name'

2018-12-13 11:27:21 - [MESSAGE][PASSED] - Text 'DRAGON COCKPIT - DRC' is set on object 'Object Repository/Backoffice/match_mgmt/input__select2-search__arena_name'

2018-12-13 11:27:21 - [TEST_STEP][PASSED] - sendKeys(findTestObject("Backoffice/match_mgmt/input__select2-search__arena_name"), Keys.chord(ENTER)): Keys 'ENTER + ' sent to object: 'Object Repository/Backoffice/match_mgmt/input__select2-search__arena_name'

2018-12-13 11:27:22 - [MESSAGE][PASSED] - Keys 'ENTER + ' sent to object: 'Object Repository/Backoffice/match_mgmt/input__select2-search__arena_name'

2018-12-13 11:27:22 - [TEST_STEP][PASSED] - setText(findTestObject("Backoffice/match_mgmt/meron_details/input_meron_name"), Meron_Name): Text 'AA' is set on object 'Object Repository/Backoffice/match_mgmt/meron_details/input_meron_name'

2018-12-13 11:27:22 - [MESSAGE][PASSED] - Text 'AA' is set on object 'Object Repository/Backoffice/match_mgmt/meron_details/input_meron_name'

2018-12-13 11:27:22 - [TEST_STEP][PASSED] - setText(findTestObject("Backoffice/match_mgmt/meron_details/input_meron_farm"), Meron_Farm): Text 'Farm 1' is set on object 'Object Repository/Backoffice/match_mgmt/meron_details/input_meron_farm'

2018-12-13 11:27:22 - [MESSAGE][PASSED] - Text 'Farm 1' is set on object 'Object Repository/Backoffice/match_mgmt/meron_details/input_meron_farm'

2018-12-13 11:27:22 - [TEST_STEP][PASSED] - setText(findTestObject("Backoffice/match_mgmt/meron_details/input_meron_breed"), Meron_Breed): Text 'Breed 1' is set on object 'Object Repository/Backoffice/match_mgmt/meron_details/input_meron_breed'

2018-12-13 11:27:23 - [MESSAGE][PASSED] - Text 'Breed 1' is set on object 'Object Repository/Backoffice/match_mgmt/meron_details/input_meron_breed'

2018-12-13 11:27:23 - [TEST_STEP][PASSED] - setText(findTestObject("Backoffice/match_mgmt/meron_details/input_meron_weight"), Meron_Weight): Text 'Weight 1' is set on object 'Object Repository/Backoffice/match_mgmt/meron_details/input_meron_weight'

2018-12-13 11:27:23 - [MESSAGE][PASSED] - Text 'Weight 1' is set on object 'Object Repository/Backoffice/match_mgmt/meron_details/input_meron_weight'

2018-12-13 11:27:23 - [TEST_STEP][PASSED] - setText(findTestObject("Backoffice/match_mgmt/wala_details/input_wala_name"), Wala_Name): Text 'BB' is set on object 'Object Repository/Backoffice/match_mgmt/wala_details/input_wala_name'

2018-12-13 11:27:24 - [MESSAGE][PASSED] - Text 'BB' is set on object 'Object Repository/Backoffice/match_mgmt/wala_details/input_wala_name'

2018-12-13 11:27:24 - [TEST_STEP][PASSED] - setText(findTestObject("Backoffice/match_mgmt/wala_details/input_wala_farm"), Wala_Farm): Text 'Farm 2' is set on object 'Object Repository/Backoffice/match_mgmt/wala_details/input_wala_farm'

2018-12-13 11:27:24 - [MESSAGE][PASSED] - Text 'Farm 2' is set on object 'Object Repository/Backoffice/match_mgmt/wala_details/input_wala_farm'

2018-12-13 11:27:24 - [TEST_STEP][PASSED] - setText(findTestObject("Backoffice/match_mgmt/wala_details/input_wala_breed"), Wala_Breed): Text 'Breed 2' is set on object 'Object Repository/Backoffice/match_mgmt/wala_details/input_wala_breed'

2018-12-13 11:27:24 - [MESSAGE][PASSED] - Text 'Breed 2' is set on object 'Object Repository/Backoffice/match_mgmt/wala_details/input_wala_breed'

2018-12-13 11:27:24 - [TEST_STEP][PASSED] - setText(findTestObject("Backoffice/match_mgmt/wala_details/input_wala_weight"), Wala_Weight): Text 'Weight 2' is set on object 'Object Repository/Backoffice/match_mgmt/wala_details/input_wala_weight'

2018-12-13 11:27:25 - [MESSAGE][PASSED] - Text 'Weight 2' is set on object 'Object Repository/Backoffice/match_mgmt/wala_details/input_wala_weight'

2018-12-13 11:27:25 - [TEST_STEP][PASSED] - click(findTestObject("Backoffice/match_mgmt/input_submit_match")): Object: 'Object Repository/Backoffice/match_mgmt/input_submit_match' is clicked on

2018-12-13 11:27:33 - [MESSAGE][PASSED] - Object: 'Object Repository/Backoffice/match_mgmt/input_submit_match' is clicked on

2018-12-13 11:27:33 - [TEST_STEP][PASSED] - delay(1): Delayed 1 second(s)

2018-12-13 11:27:34 - [MESSAGE][PASSED] - Delayed 1 second(s)

2018-12-13 11:27:34 - [TEST_STEP][PASSED] - click(findTestObject("Backoffice/match_mgmt/button_create_match")): Object: 'Object Repository/Backoffice/match_mgmt/button_create_match' is clicked on

2018-12-13 11:27:35 - [MESSAGE][PASSED] - Object: 'Object Repository/Backoffice/match_mgmt/button_create_match' is clicked on

2018-12-13 11:27:35 - [TEST_STEP][PASSED] - delay(1): Delayed 1 second(s)

2018-12-13 11:27:36 - [MESSAGE][PASSED] - Delayed 1 second(s)

2018-12-13 11:27:36 - [TEST_STEP][PASSED] - click(findTestObject("Backoffice/match_mgmt/span_select_arena_name")): Object: 'Object Repository/Backoffice/match_mgmt/span_select_arena_name' is clicked on

2018-12-13 11:27:36 - [MESSAGE][PASSED] - Object: 'Object Repository/Backoffice/match_mgmt/span_select_arena_name' is clicked on

2018-12-13 11:27:36 - [TEST_STEP][PASSED] - setText(findTestObject("Backoffice/match_mgmt/input__select2-search__arena_name"), Arena_Acronym): Text 'DRAGON COCKPIT - DRC' is set on object 'Object Repository/Backoffice/match_mgmt/input__select2-search__arena_name'

2018-12-13 11:27:38 - [MESSAGE][PASSED] - Text 'DRAGON COCKPIT - DRC' is set on object 'Object Repository/Backoffice/match_mgmt/input__select2-search__arena_name'

2018-12-13 11:27:38 - [TEST_STEP][PASSED] - sendKeys(findTestObject("Backoffice/match_mgmt/input__select2-search__arena_name"), Keys.chord(ENTER)): Keys 'ENTER + ' sent to object: 'Object Repository/Backoffice/match_mgmt/input__select2-search__arena_name'

2018-12-13 11:27:38 - [MESSAGE][PASSED] - Keys 'ENTER + ' sent to object: 'Object Repository/Backoffice/match_mgmt/input__select2-search__arena_name'

2018-12-13 11:27:38 - [TEST_STEP][PASSED] - setText(findTestObject("Backoffice/match_mgmt/meron_details/input_meron_name"), Meron_Name): Text 'AA' is set on object 'Object Repository/Backoffice/match_mgmt/meron_details/input_meron_name'

2018-12-13 11:27:39 - [MESSAGE][PASSED] - Text 'AA' is set on object 'Object Repository/Backoffice/match_mgmt/meron_details/input_meron_name'

2018-12-13 11:27:39 - [TEST_STEP][PASSED] - setText(findTestObject("Backoffice/match_mgmt/meron_details/input_meron_farm"), Meron_Farm): Text 'Farm 1' is set on object 'Object Repository/Backoffice/match_mgmt/meron_details/input_meron_farm'

2018-12-13 11:27:39 - [MESSAGE][PASSED] - Text 'Farm 1' is set on object 'Object Repository/Backoffice/match_mgmt/meron_details/input_meron_farm'

2018-12-13 11:27:39 - [TEST_STEP][PASSED] - setText(findTestObject("Backoffice/match_mgmt/meron_details/input_meron_breed"), Meron_Breed): Text 'Breed 1' is set on object 'Object Repository/Backoffice/match_mgmt/meron_details/input_meron_breed'

2018-12-13 11:27:39 - [MESSAGE][PASSED] - Text 'Breed 1' is set on object 'Object Repository/Backoffice/match_mgmt/meron_details/input_meron_breed'

2018-12-13 11:27:39 - [TEST_STEP][PASSED] - setText(findTestObject("Backoffice/match_mgmt/meron_details/input_meron_weight"), Meron_Weight): Text 'Weight 1' is set on object 'Object Repository/Backoffice/match_mgmt/meron_details/input_meron_weight'

2018-12-13 11:27:40 - [MESSAGE][PASSED] - Text 'Weight 1' is set on object 'Object Repository/Backoffice/match_mgmt/meron_details/input_meron_weight'

2018-12-13 11:27:40 - [TEST_STEP][PASSED] - setText(findTestObject("Backoffice/match_mgmt/wala_details/input_wala_name"), Wala_Name): Text 'BB' is set on object 'Object Repository/Backoffice/match_mgmt/wala_details/input_wala_name'

2018-12-13 11:27:40 - [MESSAGE][PASSED] - Text 'BB' is set on object 'Object Repository/Backoffice/match_mgmt/wala_details/input_wala_name'

2018-12-13 11:27:40 - [TEST_STEP][PASSED] - setText(findTestObject("Backoffice/match_mgmt/wala_details/input_wala_farm"), Wala_Farm): Text 'Farm 2' is set on object 'Object Repository/Backoffice/match_mgmt/wala_details/input_wala_farm'

2018-12-13 11:27:41 - [MESSAGE][PASSED] - Text 'Farm 2' is set on object 'Object Repository/Backoffice/match_mgmt/wala_details/input_wala_farm'

2018-12-13 11:27:41 - [TEST_STEP][PASSED] - setText(findTestObject("Backoffice/match_mgmt/wala_details/input_wala_breed"), Wala_Breed): Text 'Breed 2' is set on object 'Object Repository/Backoffice/match_mgmt/wala_details/input_wala_breed'

2018-12-13 11:27:41 - [MESSAGE][PASSED] - Text 'Breed 2' is set on object 'Object Repository/Backoffice/match_mgmt/wala_details/input_wala_breed'

2018-12-13 11:27:41 - [TEST_STEP][PASSED] - setText(findTestObject("Backoffice/match_mgmt/wala_details/input_wala_weight"), Wala_Weight): Text 'Weight 2' is set on object 'Object Repository/Backoffice/match_mgmt/wala_details/input_wala_weight'

2018-12-13 11:27:42 - [MESSAGE][PASSED] - Text 'Weight 2' is set on object 'Object Repository/Backoffice/match_mgmt/wala_details/input_wala_weight'

2018-12-13 11:27:42 - [TEST_STEP][PASSED] - click(findTestObject("Backoffice/match_mgmt/input_submit_match")): Object: 'Object Repository/Backoffice/match_mgmt/input_submit_match' is clicked on

2018-12-13 11:27:47 - [MESSAGE][PASSED] - Object: 'Object Repository/Backoffice/match_mgmt/input_submit_match' is clicked on

2018-12-13 11:27:47 - [TEST_STEP][PASSED] - delay(1): Delayed 1 second(s)

2018-12-13 11:27:48 - [MESSAGE][PASSED] - Delayed 1 second(s)

2018-12-13 11:27:48 - [TEST_STEP][PASSED] - click(findTestObject("Backoffice/match_mgmt/button_create_match")): Object: 'Object Repository/Backoffice/match_mgmt/button_create_match' is clicked on

2018-12-13 11:27:48 - [MESSAGE][PASSED] - Object: 'Object Repository/Backoffice/match_mgmt/button_create_match' is clicked on

2018-12-13 11:27:48 - [TEST_STEP][PASSED] - delay(1): Delayed 1 second(s)

2018-12-13 11:27:49 - [MESSAGE][PASSED] - Delayed 1 second(s)

2018-12-13 11:27:49 - [TEST_STEP][PASSED] - click(findTestObject("Backoffice/match_mgmt/span_select_arena_name")): Object: 'Object Repository/Backoffice/match_mgmt/span_select_arena_name' is clicked on

2018-12-13 11:27:50 - [MESSAGE][PASSED] - Object: 'Object Repository/Backoffice/match_mgmt/span_select_arena_name' is clicked on

2018-12-13 11:27:50 - [TEST_STEP][PASSED] - setText(findTestObject("Backoffice/match_mgmt/input__select2-search__arena_name"), Arena_Acronym): Text 'DRAGON COCKPIT - DRC' is set on object 'Object Repository/Backoffice/match_mgmt/input__select2-search__arena_name'

2018-12-13 11:27:51 - [MESSAGE][PASSED] - Text 'DRAGON COCKPIT - DRC' is set on object 'Object Repository/Backoffice/match_mgmt/input__select2-search__arena_name'

2018-12-13 11:27:51 - [TEST_STEP][PASSED] - sendKeys(findTestObject("Backoffice/match_mgmt/input__select2-search__arena_name"), Keys.chord(ENTER)): Keys 'ENTER + ' sent to object: 'Object Repository/Backoffice/match_mgmt/input__select2-search__arena_name'

2018-12-13 11:27:51 - [MESSAGE][PASSED] - Keys 'ENTER + ' sent to object: 'Object Repository/Backoffice/match_mgmt/input__select2-search__arena_name'

2018-12-13 11:27:51 - [TEST_STEP][PASSED] - setText(findTestObject("Backoffice/match_mgmt/meron_details/input_meron_name"), Meron_Name): Text 'AA' is set on object 'Object Repository/Backoffice/match_mgmt/meron_details/input_meron_name'

2018-12-13 11:27:52 - [MESSAGE][PASSED] - Text 'AA' is set on object 'Object Repository/Backoffice/match_mgmt/meron_details/input_meron_name'

2018-12-13 11:27:52 - [TEST_STEP][PASSED] - setText(findTestObject("Backoffice/match_mgmt/meron_details/input_meron_farm"), Meron_Farm): Text 'Farm 1' is set on object 'Object Repository/Backoffice/match_mgmt/meron_details/input_meron_farm'

2018-12-13 11:27:52 - [MESSAGE][PASSED] - Text 'Farm 1' is set on object 'Object Repository/Backoffice/match_mgmt/meron_details/input_meron_farm'

2018-12-13 11:27:52 - [TEST_STEP][PASSED] - setText(findTestObject("Backoffice/match_mgmt/meron_details/input_meron_breed"), Meron_Breed): Text 'Breed 1' is set on object 'Object Repository/Backoffice/match_mgmt/meron_details/input_meron_breed'

2018-12-13 11:27:53 - [MESSAGE][PASSED] - Text 'Breed 1' is set on object 'Object Repository/Backoffice/match_mgmt/meron_details/input_meron_breed'

2018-12-13 11:27:53 - [TEST_STEP][PASSED] - setText(findTestObject("Backoffice/match_mgmt/meron_details/input_meron_weight"), Meron_Weight): Text 'Weight 1' is set on object 'Object Repository/Backoffice/match_mgmt/meron_details/input_meron_weight'

2018-12-13 11:27:53 - [MESSAGE][PASSED] - Text 'Weight 1' is set on object 'Object Repository/Backoffice/match_mgmt/meron_details/input_meron_weight'

2018-12-13 11:27:53 - [TEST_STEP][PASSED] - setText(findTestObject("Backoffice/match_mgmt/wala_details/input_wala_name"), Wala_Name): Text 'BB' is set on object 'Object Repository/Backoffice/match_mgmt/wala_details/input_wala_name'

2018-12-13 11:27:53 - [MESSAGE][PASSED] - Text 'BB' is set on object 'Object Repository/Backoffice/match_mgmt/wala_details/input_wala_name'

2018-12-13 11:27:53 - [TEST_STEP][PASSED] - setText(findTestObject("Backoffice/match_mgmt/wala_details/input_wala_farm"), Wala_Farm): Text 'Farm 2' is set on object 'Object Repository/Backoffice/match_mgmt/wala_details/input_wala_farm'

2018-12-13 11:27:54 - [MESSAGE][PASSED] - Text 'Farm 2' is set on object 'Object Repository/Backoffice/match_mgmt/wala_details/input_wala_farm'

2018-12-13 11:27:54 - [TEST_STEP][PASSED] - setText(findTestObject("Backoffice/match_mgmt/wala_details/input_wala_breed"), Wala_Breed): Text 'Breed 2' is set on object 'Object Repository/Backoffice/match_mgmt/wala_details/input_wala_breed'

2018-12-13 11:27:54 - [MESSAGE][PASSED] - Text 'Breed 2' is set on object 'Object Repository/Backoffice/match_mgmt/wala_details/input_wala_breed'

2018-12-13 11:27:54 - [TEST_STEP][PASSED] - setText(findTestObject("Backoffice/match_mgmt/wala_details/input_wala_weight"), Wala_Weight): Text 'Weight 2' is set on object 'Object Repository/Backoffice/match_mgmt/wala_details/input_wala_weight'

2018-12-13 11:27:55 - [MESSAGE][PASSED] - Text 'Weight 2' is set on object 'Object Repository/Backoffice/match_mgmt/wala_details/input_wala_weight'

2018-12-13 11:27:55 - [TEST_STEP][PASSED] - click(findTestObject("Backoffice/match_mgmt/input_submit_match")): Object: 'Object Repository/Backoffice/match_mgmt/input_submit_match' is clicked on

2018-12-13 11:28:02 - [MESSAGE][PASSED] - Object: 'Object Repository/Backoffice/match_mgmt/input_submit_match' is clicked on

2018-12-13 11:28:02 - [TEST_STEP][PASSED] - delay(1): Delayed 1 second(s)

2018-12-13 11:28:03 - [MESSAGE][PASSED] - Delayed 1 second(s)

2018-12-13 11:28:03 - [TEST_STEP][PASSED] - click(findTestObject("Backoffice/match_mgmt/button_create_match")): Object: 'Object Repository/Backoffice/match_mgmt/button_create_match' is clicked on

2018-12-13 11:28:03 - [MESSAGE][PASSED] - Object: 'Object Repository/Backoffice/match_mgmt/button_create_match' is clicked on

2018-12-13 11:28:03 - [TEST_STEP][PASSED] - delay(1): Delayed 1 second(s)

2018-12-13 11:28:04 - [MESSAGE][PASSED] - Delayed 1 second(s)

2018-12-13 11:28:04 - [TEST_STEP][PASSED] - click(findTestObject("Backoffice/match_mgmt/span_select_arena_name")): Object: 'Object Repository/Backoffice/match_mgmt/span_select_arena_name' is clicked on

2018-12-13 11:28:04 - [MESSAGE][PASSED] - Object: 'Object Repository/Backoffice/match_mgmt/span_select_arena_name' is clicked on

2018-12-13 11:28:04 - [TEST_STEP][PASSED] - setText(findTestObject("Backoffice/match_mgmt/input__select2-search__arena_name"), Arena_Acronym): Text 'DRAGON COCKPIT - DRC' is set on object 'Object Repository/Backoffice/match_mgmt/input__select2-search__arena_name'

2018-12-13 11:28:06 - [MESSAGE][PASSED] - Text 'DRAGON COCKPIT - DRC' is set on object 'Object Repository/Backoffice/match_mgmt/input__select2-search__arena_name'

2018-12-13 11:28:06 - [TEST_STEP][PASSED] - sendKeys(findTestObject("Backoffice/match_mgmt/input__select2-search__arena_name"), Keys.chord(ENTER)): Keys 'ENTER + ' sent to object: 'Object Repository/Backoffice/match_mgmt/input__select2-search__arena_name'

2018-12-13 11:28:06 - [MESSAGE][PASSED] - Keys 'ENTER + ' sent to object: 'Object Repository/Backoffice/match_mgmt/input__select2-search__arena_name'

2018-12-13 11:28:06 - [TEST_STEP][PASSED] - setText(findTestObject("Backoffice/match_mgmt/meron_details/input_meron_name"), Meron_Name): Text 'AA' is set on object 'Object Repository/Backoffice/match_mgmt/meron_details/input_meron_name'

2018-12-13 11:28:07 - [MESSAGE][PASSED] - Text 'AA' is set on object 'Object Repository/Backoffice/match_mgmt/meron_details/input_meron_name'

2018-12-13 11:28:07 - [TEST_STEP][PASSED] - setText(findTestObject("Backoffice/match_mgmt/meron_details/input_meron_farm"), Meron_Farm): Text 'Farm 1' is set on object 'Object Repository/Backoffice/match_mgmt/meron_details/input_meron_farm'

2018-12-13 11:28:07 - [MESSAGE][PASSED] - Text 'Farm 1' is set on object 'Object Repository/Backoffice/match_mgmt/meron_details/input_meron_farm'

2018-12-13 11:28:07 - [TEST_STEP][PASSED] - setText(findTestObject("Backoffice/match_mgmt/meron_details/input_meron_breed"), Meron_Breed): Text 'Breed 1' is set on object 'Object Repository/Backoffice/match_mgmt/meron_details/input_meron_breed'

2018-12-13 11:28:07 - [MESSAGE][PASSED] - Text 'Breed 1' is set on object 'Object Repository/Backoffice/match_mgmt/meron_details/input_meron_breed'

2018-12-13 11:28:07 - [TEST_STEP][PASSED] - setText(findTestObject("Backoffice/match_mgmt/meron_details/input_meron_weight"), Meron_Weight): Text 'Weight 1' is set on object 'Object Repository/Backoffice/match_mgmt/meron_details/input_meron_weight'

2018-12-13 11:28:08 - [MESSAGE][PASSED] - Text 'Weight 1' is set on object 'Object Repository/Backoffice/match_mgmt/meron_details/input_meron_weight'

2018-12-13 11:28:08 - [TEST_STEP][PASSED] - setText(findTestObject("Backoffice/match_mgmt/wala_details/input_wala_name"), Wala_Name): Text 'BB' is set on object 'Object Repository/Backoffice/match_mgmt/wala_details/input_wala_name'

2018-12-13 11:28:08 - [MESSAGE][PASSED] - Text 'BB' is set on object 'Object Repository/Backoffice/match_mgmt/wala_details/input_wala_name'

2018-12-13 11:28:08 - [TEST_STEP][PASSED] - setText(findTestObject("Backoffice/match_mgmt/wala_details/input_wala_farm"), Wala_Farm): Text 'Farm 2' is set on object 'Object Repository/Backoffice/match_mgmt/wala_details/input_wala_farm'

2018-12-13 11:28:09 - [MESSAGE][PASSED] - Text 'Farm 2' is set on object 'Object Repository/Backoffice/match_mgmt/wala_details/input_wala_farm'

2018-12-13 11:28:09 - [TEST_STEP][PASSED] - setText(findTestObject("Backoffice/match_mgmt/wala_details/input_wala_breed"), Wala_Breed): Text 'Breed 2' is set on object 'Object Repository/Backoffice/match_mgmt/wala_details/input_wala_breed'

2018-12-13 11:28:09 - [MESSAGE][PASSED] - Text 'Breed 2' is set on object 'Object Repository/Backoffice/match_mgmt/wala_details/input_wala_breed'

2018-12-13 11:28:09 - [TEST_STEP][PASSED] - setText(findTestObject("Backoffice/match_mgmt/wala_details/input_wala_weight"), Wala_Weight): Text 'Weight 2' is set on object 'Object Repository/Backoffice/match_mgmt/wala_details/input_wala_weight'

2018-12-13 11:28:09 - [MESSAGE][PASSED] - Text 'Weight 2' is set on object 'Object Repository/Backoffice/match_mgmt/wala_details/input_wala_weight'

2018-12-13 11:28:09 - [TEST_STEP][PASSED] - click(findTestObject("Backoffice/match_mgmt/input_submit_match")): Object: 'Object Repository/Backoffice/match_mgmt/input_submit_match' is clicked on

2018-12-13 11:28:16 - [MESSAGE][PASSED] - Object: 'Object Repository/Backoffice/match_mgmt/input_submit_match' is clicked on

2018-12-13 11:28:16 - [TEST_STEP][PASSED] - delay(1): Delayed 1 second(s)

2018-12-13 11:28:17 - [MESSAGE][PASSED] - Delayed 1 second(s)

2018-12-13 11:28:17 - [TEST_STEP][PASSED] - click(findTestObject("Backoffice/match_mgmt/button_create_match")): Object: 'Object Repository/Backoffice/match_mgmt/button_create_match' is clicked on

2018-12-13 11:28:18 - [MESSAGE][PASSED] - Object: 'Object Repository/Backoffice/match_mgmt/button_create_match' is clicked on

2018-12-13 11:28:18 - [TEST_STEP][PASSED] - delay(1): Delayed 1 second(s)

2018-12-13 11:28:19 - [MESSAGE][PASSED] - Delayed 1 second(s)

2018-12-13 11:28:19 - [TEST_STEP][PASSED] - click(findTestObject("Backoffice/match_mgmt/span_select_arena_name")): Object: 'Object Repository/Backoffice/match_mgmt/span_select_arena_name' is clicked on

2018-12-13 11:28:19 - [MESSAGE][PASSED] - Object: 'Object Repository/Backoffice/match_mgmt/span_select_arena_name' is clicked on

2018-12-13 11:28:19 - [TEST_STEP][PASSED] - setText(findTestObject("Backoffice/match_mgmt/input__select2-search__arena_name"), Arena_Acronym): Text 'DRAGON COCKPIT - DRC' is set on object 'Object Repository/Backoffice/match_mgmt/input__select2-search__arena_name'

2018-12-13 11:28:21 - [MESSAGE][PASSED] - Text 'DRAGON COCKPIT - DRC' is set on object 'Object Repository/Backoffice/match_mgmt/input__select2-search__arena_name'

2018-12-13 11:28:21 - [TEST_STEP][PASSED] - sendKeys(findTestObject("Backoffice/match_mgmt/input__select2-search__arena_name"), Keys.chord(ENTER)): Keys 'ENTER + ' sent to object: 'Object Repository/Backoffice/match_mgmt/input__select2-search__arena_name'

2018-12-13 11:28:21 - [MESSAGE][PASSED] - Keys 'ENTER + ' sent to object: 'Object Repository/Backoffice/match_mgmt/input__select2-search__arena_name'

2018-12-13 11:28:21 - [TEST_STEP][PASSED] - setText(findTestObject("Backoffice/match_mgmt/meron_details/input_meron_name"), Meron_Name): Text 'AA' is set on object 'Object Repository/Backoffice/match_mgmt/meron_details/input_meron_name'

2018-12-13 11:28:21 - [MESSAGE][PASSED] - Text 'AA' is set on object 'Object Repository/Backoffice/match_mgmt/meron_details/input_meron_name'

2018-12-13 11:28:21 - [TEST_STEP][PASSED] - setText(findTestObject("Backoffice/match_mgmt/meron_details/input_meron_farm"), Meron_Farm): Text 'Farm 1' is set on object 'Object Repository/Backoffice/match_mgmt/meron_details/input_meron_farm'

2018-12-13 11:28:22 - [MESSAGE][PASSED] - Text 'Farm 1' is set on object 'Object Repository/Backoffice/match_mgmt/meron_details/input_meron_farm'

2018-12-13 11:28:22 - [TEST_STEP][PASSED] - setText(findTestObject("Backoffice/match_mgmt/meron_details/input_meron_breed"), Meron_Breed): Text 'Breed 1' is set on object 'Object Repository/Backoffice/match_mgmt/meron_details/input_meron_breed'

2018-12-13 11:28:22 - [MESSAGE][PASSED] - Text 'Breed 1' is set on object 'Object Repository/Backoffice/match_mgmt/meron_details/input_meron_breed'

2018-12-13 11:28:22 - [TEST_STEP][PASSED] - setText(findTestObject("Backoffice/match_mgmt/meron_details/input_meron_weight"), Meron_Weight): Text 'Weight 1' is set on object 'Object Repository/Backoffice/match_mgmt/meron_details/input_meron_weight'

2018-12-13 11:28:23 - [MESSAGE][PASSED] - Text 'Weight 1' is set on object 'Object Repository/Backoffice/match_mgmt/meron_details/input_meron_weight'

2018-12-13 11:28:23 - [TEST_STEP][PASSED] - setText(findTestObject("Backoffice/match_mgmt/wala_details/input_wala_name"), Wala_Name): Text 'BB' is set on object 'Object Repository/Backoffice/match_mgmt/wala_details/input_wala_name'

2018-12-13 11:28:23 - [MESSAGE][PASSED] - Text 'BB' is set on object 'Object Repository/Backoffice/match_mgmt/wala_details/input_wala_name'

2018-12-13 11:28:23 - [TEST_STEP][PASSED] - setText(findTestObject("Backoffice/match_mgmt/wala_details/input_wala_farm"), Wala_Farm): Text 'Farm 2' is set on object 'Object Repository/Backoffice/match_mgmt/wala_details/input_wala_farm'

2018-12-13 11:28:23 - [MESSAGE][PASSED] - Text 'Farm 2' is set on object 'Object Repository/Backoffice/match_mgmt/wala_details/input_wala_farm'

2018-12-13 11:28:23 - [TEST_STEP][PASSED] - setText(findTestObject("Backoffice/match_mgmt/wala_details/input_wala_breed"), Wala_Breed): Text 'Breed 2' is set on object 'Object Repository/Backoffice/match_mgmt/wala_details/input_wala_breed'

2018-12-13 11:28:24 - [MESSAGE][PASSED] - Text 'Breed 2' is set on object 'Object Repository/Backoffice/match_mgmt/wala_details/input_wala_breed'

2018-12-13 11:28:24 - [TEST_STEP][PASSED] - setText(findTestObject("Backoffice/match_mgmt/wala_details/input_wala_weight"), Wala_Weight): Text 'Weight 2' is set on object 'Object Repository/Backoffice/match_mgmt/wala_details/input_wala_weight'

2018-12-13 11:28:24 - [MESSAGE][PASSED] - Text 'Weight 2' is set on object 'Object Repository/Backoffice/match_mgmt/wala_details/input_wala_weight'

2018-12-13 11:28:24 - [TEST_STEP][PASSED] - click(findTestObject("Backoffice/match_mgmt/input_submit_match")): Object: 'Object Repository/Backoffice/match_mgmt/input_submit_match' is clicked on

2018-12-13 11:28:30 - [MESSAGE][PASSED] - Object: 'Object Repository/Backoffice/match_mgmt/input_submit_match' is clicked on

2018-12-13 11:28:30 - [TEST_STEP][PASSED] - delay(1): Delayed 1 second(s)

2018-12-13 11:28:31 - [MESSAGE][PASSED] - Delayed 1 second(s)

2018-12-13 11:28:31 - [TEST_STEP][PASSED] - click(findTestObject("Backoffice/match_mgmt/button_create_match")): Object: 'Object Repository/Backoffice/match_mgmt/button_create_match' is clicked on

2018-12-13 11:28:32 - [MESSAGE][PASSED] - Object: 'Object Repository/Backoffice/match_mgmt/button_create_match' is clicked on

2018-12-13 11:28:32 - [TEST_STEP][PASSED] - delay(1): Delayed 1 second(s)

2018-12-13 11:28:33 - [MESSAGE][PASSED] - Delayed 1 second(s)

2018-12-13 11:28:33 - [TEST_STEP][PASSED] - click(findTestObject("Backoffice/match_mgmt/span_select_arena_name")): Object: 'Object Repository/Backoffice/match_mgmt/span_select_arena_name' is clicked on

2018-12-13 11:28:33 - [MESSAGE][PASSED] - Object: 'Object Repository/Backoffice/match_mgmt/span_select_arena_name' is clicked on

2018-12-13 11:28:33 - [TEST_STEP][PASSED] - setText(findTestObject("Backoffice/match_mgmt/input__select2-search__arena_name"), Arena_Acronym): Text 'DRAGON COCKPIT - DRC' is set on object 'Object Repository/Backoffice/match_mgmt/input__select2-search__arena_name'

2018-12-13 11:28:35 - [MESSAGE][PASSED] - Text 'DRAGON COCKPIT - DRC' is set on object 'Object Repository/Backoffice/match_mgmt/input__select2-search__arena_name'

2018-12-13 11:28:35 - [TEST_STEP][PASSED] - sendKeys(findTestObject("Backoffice/match_mgmt/input__select2-search__arena_name"), Keys.chord(ENTER)): Keys 'ENTER + ' sent to object: 'Object Repository/Backoffice/match_mgmt/input__select2-search__arena_name'

2018-12-13 11:28:35 - [MESSAGE][PASSED] - Keys 'ENTER + ' sent to object: 'Object Repository/Backoffice/match_mgmt/input__select2-search__arena_name'

2018-12-13 11:28:35 - [TEST_STEP][PASSED] - setText(findTestObject("Backoffice/match_mgmt/meron_details/input_meron_name"), Meron_Name): Text 'AA' is set on object 'Object Repository/Backoffice/match_mgmt/meron_details/input_meron_name'

2018-12-13 11:28:36 - [MESSAGE][PASSED] - Text 'AA' is set on object 'Object Repository/Backoffice/match_mgmt/meron_details/input_meron_name'

2018-12-13 11:28:36 - [TEST_STEP][PASSED] - setText(findTestObject("Backoffice/match_mgmt/meron_details/input_meron_farm"), Meron_Farm): Text 'Farm 1' is set on object 'Object Repository/Backoffice/match_mgmt/meron_details/input_meron_farm'

2018-12-13 11:28:36 - [MESSAGE][PASSED] - Text 'Farm 1' is set on object 'Object Repository/Backoffice/match_mgmt/meron_details/input_meron_farm'

2018-12-13 11:28:36 - [TEST_STEP][PASSED] - setText(findTestObject("Backoffice/match_mgmt/meron_details/input_meron_breed"), Meron_Breed): Text 'Breed 1' is set on object 'Object Repository/Backoffice/match_mgmt/meron_details/input_meron_breed'

2018-12-13 11:28:36 - [MESSAGE][PASSED] - Text 'Breed 1' is set on object 'Object Repository/Backoffice/match_mgmt/meron_details/input_meron_breed'

2018-12-13 11:28:36 - [TEST_STEP][PASSED] - setText(findTestObject("Backoffice/match_mgmt/meron_details/input_meron_weight"), Meron_Weight): Text 'Weight 1' is set on object 'Object Repository/Backoffice/match_mgmt/meron_details/input_meron_weight'

2018-12-13 11:28:37 - [MESSAGE][PASSED] - Text 'Weight 1' is set on object 'Object Repository/Backoffice/match_mgmt/meron_details/input_meron_weight'

2018-12-13 11:28:37 - [TEST_STEP][PASSED] - setText(findTestObject("Backoffice/match_mgmt/wala_details/input_wala_name"), Wala_Name): Text 'BB' is set on object 'Object Repository/Backoffice/match_mgmt/wala_details/input_wala_name'

2018-12-13 11:28:37 - [MESSAGE][PASSED] - Text 'BB' is set on object 'Object Repository/Backoffice/match_mgmt/wala_details/input_wala_name'

2018-12-13 11:28:37 - [TEST_STEP][PASSED] - setText(findTestObject("Backoffice/match_mgmt/wala_details/input_wala_farm"), Wala_Farm): Text 'Farm 2' is set on object 'Object Repository/Backoffice/match_mgmt/wala_details/input_wala_farm'

2018-12-13 11:28:38 - [MESSAGE][PASSED] - Text 'Farm 2' is set on object 'Object Repository/Backoffice/match_mgmt/wala_details/input_wala_farm'

2018-12-13 11:28:38 - [TEST_STEP][PASSED] - setText(findTestObject("Backoffice/match_mgmt/wala_details/input_wala_breed"), Wala_Breed): Text 'Breed 2' is set on object 'Object Repository/Backoffice/match_mgmt/wala_details/input_wala_breed'

2018-12-13 11:28:38 - [MESSAGE][PASSED] - Text 'Breed 2' is set on object 'Object Repository/Backoffice/match_mgmt/wala_details/input_wala_breed'

2018-12-13 11:28:38 - [TEST_STEP][PASSED] - setText(findTestObject("Backoffice/match_mgmt/wala_details/input_wala_weight"), Wala_Weight): Text 'Weight 2' is set on object 'Object Repository/Backoffice/match_mgmt/wala_details/input_wala_weight'

2018-12-13 11:28:39 - [MESSAGE][PASSED] - Text 'Weight 2' is set on object 'Object Repository/Backoffice/match_mgmt/wala_details/input_wala_weight'

2018-12-13 11:28:39 - [TEST_STEP][PASSED] - click(findTestObject("Backoffice/match_mgmt/input_submit_match")): Object: 'Object Repository/Backoffice/match_mgmt/input_submit_match' is clicked on

2018-12-13 11:28:46 - [MESSAGE][PASSED] - Object: 'Object Repository/Backoffice/match_mgmt/input_submit_match' is clicked on

2018-12-13 11:28:46 - [TEST_STEP][PASSED] - delay(1): Delayed 1 second(s)

2018-12-13 11:28:47 - [MESSAGE][PASSED] - Delayed 1 second(s)

2018-12-13 11:28:47 - [TEST_STEP][PASSED] - click(findTestObject("Backoffice/match_mgmt/button_create_match")): Object: 'Object Repository/Backoffice/match_mgmt/button_create_match' is clicked on

2018-12-13 11:28:47 - [MESSAGE][PASSED] - Object: 'Object Repository/Backoffice/match_mgmt/button_create_match' is clicked on

2018-12-13 11:28:47 - [TEST_STEP][PASSED] - delay(1): Delayed 1 second(s)

2018-12-13 11:28:48 - [MESSAGE][PASSED] - Delayed 1 second(s)

2018-12-13 11:28:48 - [TEST_STEP][PASSED] - click(findTestObject("Backoffice/match_mgmt/span_select_arena_name")): Object: 'Object Repository/Backoffice/match_mgmt/span_select_arena_name' is clicked on

2018-12-13 11:28:49 - [MESSAGE][PASSED] - Object: 'Object Repository/Backoffice/match_mgmt/span_select_arena_name' is clicked on

2018-12-13 11:28:49 - [TEST_STEP][PASSED] - setText(findTestObject("Backoffice/match_mgmt/input__select2-search__arena_name"), Arena_Acronym): Text 'DRAGON COCKPIT - DRC' is set on object 'Object Repository/Backoffice/match_mgmt/input__select2-search__arena_name'

2018-12-13 11:28:50 - [MESSAGE][PASSED] - Text 'DRAGON COCKPIT - DRC' is set on object 'Object Repository/Backoffice/match_mgmt/input__select2-search__arena_name'

2018-12-13 11:28:50 - [TEST_STEP][PASSED] - sendKeys(findTestObject("Backoffice/match_mgmt/input__select2-search__arena_name"), Keys.chord(ENTER)): Keys 'ENTER + ' sent to object: 'Object Repository/Backoffice/match_mgmt/input__select2-search__arena_name'

2018-12-13 11:28:51 - [MESSAGE][PASSED] - Keys 'ENTER + ' sent to object: 'Object Repository/Backoffice/match_mgmt/input__select2-search__arena_name'

2018-12-13 11:28:51 - [TEST_STEP][PASSED] - setText(findTestObject("Backoffice/match_mgmt/meron_details/input_meron_name"), Meron_Name): Text 'AA' is set on object 'Object Repository/Backoffice/match_mgmt/meron_details/input_meron_name'

2018-12-13 11:28:51 - [MESSAGE][PASSED] - Text 'AA' is set on object 'Object Repository/Backoffice/match_mgmt/meron_details/input_meron_name'

2018-12-13 11:28:51 - [TEST_STEP][PASSED] - setText(findTestObject("Backoffice/match_mgmt/meron_details/input_meron_farm"), Meron_Farm): Text 'Farm 1' is set on object 'Object Repository/Backoffice/match_mgmt/meron_details/input_meron_farm'

2018-12-13 11:28:51 - [MESSAGE][PASSED] - Text 'Farm 1' is set on object 'Object Repository/Backoffice/match_mgmt/meron_details/input_meron_farm'

2018-12-13 11:28:51 - [TEST_STEP][PASSED] - setText(findTestObject("Backoffice/match_mgmt/meron_details/input_meron_breed"), Meron_Breed): Text 'Breed 1' is set on object 'Object Repository/Backoffice/match_mgmt/meron_details/input_meron_breed'

2018-12-13 11:28:52 - [MESSAGE][PASSED] - Text 'Breed 1' is set on object 'Object Repository/Backoffice/match_mgmt/meron_details/input_meron_breed'

2018-12-13 11:28:52 - [TEST_STEP][PASSED] - setText(findTestObject("Backoffice/match_mgmt/meron_details/input_meron_weight"), Meron_Weight): Text 'Weight 1' is set on object 'Object Repository/Backoffice/match_mgmt/meron_details/input_meron_weight'

2018-12-13 11:28:52 - [MESSAGE][PASSED] - Text 'Weight 1' is set on object 'Object Repository/Backoffice/match_mgmt/meron_details/input_meron_weight'

2018-12-13 11:28:52 - [TEST_STEP][PASSED] - setText(findTestObject("Backoffice/match_mgmt/wala_details/input_wala_name"), Wala_Name): Text 'BB' is set on object 'Object Repository/Backoffice/match_mgmt/wala_details/input_wala_name'

2018-12-13 11:28:53 - [MESSAGE][PASSED] - Text 'BB' is set on object 'Object Repository/Backoffice/match_mgmt/wala_details/input_wala_name'

2018-12-13 11:28:53 - [TEST_STEP][PASSED] - setText(findTestObject("Backoffice/match_mgmt/wala_details/input_wala_farm"), Wala_Farm): Text 'Farm 2' is set on object 'Object Repository/Backoffice/match_mgmt/wala_details/input_wala_farm'

2018-12-13 11:28:53 - [MESSAGE][PASSED] - Text 'Farm 2' is set on object 'Object Repository/Backoffice/match_mgmt/wala_details/input_wala_farm'

2018-12-13 11:28:53 - [TEST_STEP][PASSED] - setText(findTestObject("Backoffice/match_mgmt/wala_details/input_wala_breed"), Wala_Breed): Text 'Breed 2' is set on object 'Object Repository/Backoffice/match_mgmt/wala_details/input_wala_breed'

2018-12-13 11:28:54 - [MESSAGE][PASSED] - Text 'Breed 2' is set on object 'Object Repository/Backoffice/match_mgmt/wala_details/input_wala_breed'

2018-12-13 11:28:54 - [TEST_STEP][PASSED] - setText(findTestObject("Backoffice/match_mgmt/wala_details/input_wala_weight"), Wala_Weight): Text 'Weight 2' is set on object 'Object Repository/Backoffice/match_mgmt/wala_details/input_wala_weight'

2018-12-13 11:28:54 - [MESSAGE][PASSED] - Text 'Weight 2' is set on object 'Object Repository/Backoffice/match_mgmt/wala_details/input_wala_weight'

2018-12-13 11:28:54 - [TEST_STEP][PASSED] - click(findTestObject("Backoffice/match_mgmt/input_submit_match")): Object: 'Object Repository/Backoffice/match_mgmt/input_submit_match' is clicked on

2018-12-13 11:29:01 - [MESSAGE][PASSED] - Object: 'Object Repository/Backoffice/match_mgmt/input_submit_match' is clicked on

2018-12-13 11:29:01 - [TEST_STEP][PASSED] - delay(1): Delayed 1 second(s)

2018-12-13 11:29:02 - [MESSAGE][PASSED] - Delayed 1 second(s)

2018-12-13 11:29:02 - [TEST_STEP][PASSED] - click(findTestObject("Backoffice/match_mgmt/button_create_match")): Object: 'Object Repository/Backoffice/match_mgmt/button_create_match' is clicked on

2018-12-13 11:29:02 - [MESSAGE][PASSED] - Object: 'Object Repository/Backoffice/match_mgmt/button_create_match' is clicked on

2018-12-13 11:29:02 - [TEST_STEP][PASSED] - delay(1): Delayed 1 second(s)

2018-12-13 11:29:03 - [MESSAGE][PASSED] - Delayed 1 second(s)

2018-12-13 11:29:03 - [TEST_STEP][PASSED] - click(findTestObject("Backoffice/match_mgmt/span_select_arena_name")): Object: 'Object Repository/Backoffice/match_mgmt/span_select_arena_name' is clicked on

2018-12-13 11:29:03 - [MESSAGE][PASSED] - Object: 'Object Repository/Backoffice/match_mgmt/span_select_arena_name' is clicked on

2018-12-13 11:29:03 - [TEST_STEP][PASSED] - setText(findTestObject("Backoffice/match_mgmt/input__select2-search__arena_name"), Arena_Acronym): Text 'DRAGON COCKPIT - DRC' is set on object 'Object Repository/Backoffice/match_mgmt/input__select2-search__arena_name'

2018-12-13 11:29:05 - [MESSAGE][PASSED] - Text 'DRAGON COCKPIT - DRC' is set on object 'Object Repository/Backoffice/match_mgmt/input__select2-search__arena_name'

2018-12-13 11:29:05 - [TEST_STEP][PASSED] - sendKeys(findTestObject("Backoffice/match_mgmt/input__select2-search__arena_name"), Keys.chord(ENTER)): Keys 'ENTER + ' sent to object: 'Object Repository/Backoffice/match_mgmt/input__select2-search__arena_name'

2018-12-13 11:29:06 - [MESSAGE][PASSED] - Keys 'ENTER + ' sent to object: 'Object Repository/Backoffice/match_mgmt/input__select2-search__arena_name'

2018-12-13 11:29:06 - [TEST_STEP][PASSED] - setText(findTestObject("Backoffice/match_mgmt/meron_details/input_meron_name"), Meron_Name): Text 'AA' is set on object 'Object Repository/Backoffice/match_mgmt/meron_details/input_meron_name'

2018-12-13 11:29:06 - [MESSAGE][PASSED] - Text 'AA' is set on object 'Object Repository/Backoffice/match_mgmt/meron_details/input_meron_name'

2018-12-13 11:29:06 - [TEST_STEP][PASSED] - setText(findTestObject("Backoffice/match_mgmt/meron_details/input_meron_farm"), Meron_Farm): Text 'Farm 1' is set on object 'Object Repository/Backoffice/match_mgmt/meron_details/input_meron_farm'

2018-12-13 11:29:06 - [MESSAGE][PASSED] - Text 'Farm 1' is set on object 'Object Repository/Backoffice/match_mgmt/meron_details/input_meron_farm'

2018-12-13 11:29:06 - [TEST_STEP][PASSED] - setText(findTestObject("Backoffice/match_mgmt/meron_details/input_meron_breed"), Meron_Breed): Text 'Breed 1' is set on object 'Object Repository/Backoffice/match_mgmt/meron_details/input_meron_breed'

2018-12-13 11:29:07 - [MESSAGE][PASSED] - Text 'Breed 1' is set on object 'Object Repository/Backoffice/match_mgmt/meron_details/input_meron_breed'

2018-12-13 11:29:07 - [TEST_STEP][PASSED] - setText(findTestObject("Backoffice/match_mgmt/meron_details/input_meron_weight"), Meron_Weight): Text 'Weight 1' is set on object 'Object Repository/Backoffice/match_mgmt/meron_details/input_meron_weight'

2018-12-13 11:29:07 - [MESSAGE][PASSED] - Text 'Weight 1' is set on object 'Object Repository/Backoffice/match_mgmt/meron_details/input_meron_weight'

2018-12-13 11:29:07 - [TEST_STEP][PASSED] - setText(findTestObject("Backoffice/match_mgmt/wala_details/input_wala_name"), Wala_Name): Text 'BB' is set on object 'Object Repository/Backoffice/match_mgmt/wala_details/input_wala_name'

2018-12-13 11:29:08 - [MESSAGE][PASSED] - Text 'BB' is set on object 'Object Repository/Backoffice/match_mgmt/wala_details/input_wala_name'

2018-12-13 11:29:08 - [TEST_STEP][PASSED] - setText(findTestObject("Backoffice/match_mgmt/wala_details/input_wala_farm"), Wala_Farm): Text 'Farm 2' is set on object 'Object Repository/Backoffice/match_mgmt/wala_details/input_wala_farm'

2018-12-13 11:29:08 - [MESSAGE][PASSED] - Text 'Farm 2' is set on object 'Object Repository/Backoffice/match_mgmt/wala_details/input_wala_farm'

2018-12-13 11:29:08 - [TEST_STEP][PASSED] - setText(findTestObject("Backoffice/match_mgmt/wala_details/input_wala_breed"), Wala_Breed): Text 'Breed 2' is set on object 'Object Repository/Backoffice/match_mgmt/wala_details/input_wala_breed'

2018-12-13 11:29:08 - [MESSAGE][PASSED] - Text 'Breed 2' is set on object 'Object Repository/Backoffice/match_mgmt/wala_details/input_wala_breed'

2018-12-13 11:29:08 - [TEST_STEP][PASSED] - setText(findTestObject("Backoffice/match_mgmt/wala_details/input_wala_weight"), Wala_Weight): Text 'Weight 2' is set on object 'Object Repository/Backoffice/match_mgmt/wala_details/input_wala_weight'

2018-12-13 11:29:09 - [MESSAGE][PASSED] - Text 'Weight 2' is set on object 'Object Repository/Backoffice/match_mgmt/wala_details/input_wala_weight'

2018-12-13 11:29:09 - [TEST_STEP][PASSED] - click(findTestObject("Backoffice/match_mgmt/input_submit_match")): Object: 'Object Repository/Backoffice/match_mgmt/input_submit_match' is clicked on

2018-12-13 11:29:15 - [MESSAGE][PASSED] - Object: 'Object Repository/Backoffice/match_mgmt/input_submit_match' is clicked on

2018-12-13 11:29:15 - [TEST_STEP][PASSED] - delay(1): Delayed 1 second(s)

2018-12-13 11:29:16 - [MESSAGE][PASSED] - Delayed 1 second(s)

2018-12-13 11:29:16 - [TEST_STEP][PASSED] - click(findTestObject("Backoffice/match_mgmt/button_create_match")): Object: 'Object Repository/Backoffice/match_mgmt/button_create_match' is clicked on

2018-12-13 11:29:16 - [MESSAGE][PASSED] - Object: 'Object Repository/Backoffice/match_mgmt/button_create_match' is clicked on

2018-12-13 11:29:16 - [TEST_STEP][PASSED] - delay(1): Delayed 1 second(s)

2018-12-13 11:29:17 - [MESSAGE][PASSED] - Delayed 1 second(s)

2018-12-13 11:29:17 - [TEST_STEP][PASSED] - click(findTestObject("Backoffice/match_mgmt/span_select_arena_name")): Object: 'Object Repository/Backoffice/match_mgmt/span_select_arena_name' is clicked on

2018-12-13 11:29:17 - [MESSAGE][PASSED] - Object: 'Object Repository/Backoffice/match_mgmt/span_select_arena_name' is clicked on

2018-12-13 11:29:17 - [TEST_STEP][PASSED] - setText(findTestObject("Backoffice/match_mgmt/input__select2-search__arena_name"), Arena_Acronym): Text 'DRAGON COCKPIT - DRC' is set on object 'Object Repository/Backoffice/match_mgmt/input__select2-search__arena_name'

2018-12-13 11:29:19 - [MESSAGE][PASSED] - Text 'DRAGON COCKPIT - DRC' is set on object 'Object Repository/Backoffice/match_mgmt/input__select2-search__arena_name'

2018-12-13 11:29:19 - [TEST_STEP][PASSED] - sendKeys(findTestObject("Backoffice/match_mgmt/input__select2-search__arena_name"), Keys.chord(ENTER)): Keys 'ENTER + ' sent to object: 'Object Repository/Backoffice/match_mgmt/input__select2-search__arena_name'

2018-12-13 11:29:19 - [MESSAGE][PASSED] - Keys 'ENTER + ' sent to object: 'Object Repository/Backoffice/match_mgmt/input__select2-search__arena_name'

2018-12-13 11:29:19 - [TEST_STEP][PASSED] - setText(findTestObject("Backoffice/match_mgmt/meron_details/input_meron_name"), Meron_Name): Text 'AA' is set on object 'Object Repository/Backoffice/match_mgmt/meron_details/input_meron_name'

2018-12-13 11:29:20 - [MESSAGE][PASSED] - Text 'AA' is set on object 'Object Repository/Backoffice/match_mgmt/meron_details/input_meron_name'

2018-12-13 11:29:20 - [TEST_STEP][PASSED] - setText(findTestObject("Backoffice/match_mgmt/meron_details/input_meron_farm"), Meron_Farm): Text 'Farm 1' is set on object 'Object Repository/Backoffice/match_mgmt/meron_details/input_meron_farm'

2018-12-13 11:29:20 - [MESSAGE][PASSED] - Text 'Farm 1' is set on object 'Object Repository/Backoffice/match_mgmt/meron_details/input_meron_farm'

2018-12-13 11:29:20 - [TEST_STEP][PASSED] - setText(findTestObject("Backoffice/match_mgmt/meron_details/input_meron_breed"), Meron_Breed): Text 'Breed 1' is set on object 'Object Repository/Backoffice/match_mgmt/meron_details/input_meron_breed'

2018-12-13 11:29:21 - [MESSAGE][PASSED] - Text 'Breed 1' is set on object 'Object Repository/Backoffice/match_mgmt/meron_details/input_meron_breed'

2018-12-13 11:29:21 - [TEST_STEP][PASSED] - setText(findTestObject("Backoffice/match_mgmt/meron_details/input_meron_weight"), Meron_Weight): Text 'Weight 1' is set on object 'Object Repository/Backoffice/match_mgmt/meron_details/input_meron_weight'

2018-12-13 11:29:21 - [MESSAGE][PASSED] - Text 'Weight 1' is set on object 'Object Repository/Backoffice/match_mgmt/meron_details/input_meron_weight'

2018-12-13 11:29:21 - [TEST_STEP][PASSED] - setText(findTestObject("Backoffice/match_mgmt/wala_details/input_wala_name"), Wala_Name): Text 'BB' is set on object 'Object Repository/Backoffice/match_mgmt/wala_details/input_wala_name'

2018-12-13 11:29:21 - [MESSAGE][PASSED] - Text 'BB' is set on object 'Object Repository/Backoffice/match_mgmt/wala_details/input_wala_name'

2018-12-13 11:29:21 - [TEST_STEP][PASSED] - setText(findTestObject("Backoffice/match_mgmt/wala_details/input_wala_farm"), Wala_Farm): Text 'Farm 2' is set on object 'Object Repository/Backoffice/match_mgmt/wala_details/input_wala_farm'

2018-12-13 11:29:22 - [MESSAGE][PASSED] - Text 'Farm 2' is set on object 'Object Repository/Backoffice/match_mgmt/wala_details/input_wala_farm'

2018-12-13 11:29:22 - [TEST_STEP][PASSED] - setText(findTestObject("Backoffice/match_mgmt/wala_details/input_wala_breed"), Wala_Breed): Text 'Breed 2' is set on object 'Object Repository/Backoffice/match_mgmt/wala_details/input_wala_breed'

2018-12-13 11:29:22 - [MESSAGE][PASSED] - Text 'Breed 2' is set on object 'Object Repository/Backoffice/match_mgmt/wala_details/input_wala_breed'

2018-12-13 11:29:22 - [TEST_STEP][PASSED] - setText(findTestObject("Backoffice/match_mgmt/wala_details/input_wala_weight"), Wala_Weight): Text 'Weight 2' is set on object 'Object Repository/Backoffice/match_mgmt/wala_details/input_wala_weight'

2018-12-13 11:29:23 - [MESSAGE][PASSED] - Text 'Weight 2' is set on object 'Object Repository/Backoffice/match_mgmt/wala_details/input_wala_weight'

2018-12-13 11:29:23 - [TEST_STEP][PASSED] - click(findTestObject("Backoffice/match_mgmt/input_submit_match")): Object: 'Object Repository/Backoffice/match_mgmt/input_submit_match' is clicked on

2018-12-13 11:29:27 - [MESSAGE][PASSED] - Object: 'Object Repository/Backoffice/match_mgmt/input_submit_match' is clicked on

2018-12-13 11:29:27 - [TEST_STEP][PASSED] - delay(1): Delayed 1 second(s)

2018-12-13 11:29:28 - [MESSAGE][PASSED] - Delayed 1 second(s)

2018-12-13 11:29:28 - [TEST_STEP][PASSED] - click(findTestObject("Backoffice/match_mgmt/button_create_match")): Object: 'Object Repository/Backoffice/match_mgmt/button_create_match' is clicked on

2018-12-13 11:29:29 - [MESSAGE][PASSED] - Object: 'Object Repository/Backoffice/match_mgmt/button_create_match' is clicked on

2018-12-13 11:29:29 - [TEST_STEP][PASSED] - delay(1): Delayed 1 second(s)

2018-12-13 11:29:30 - [MESSAGE][PASSED] - Delayed 1 second(s)

2018-12-13 11:29:30 - [TEST_STEP][PASSED] - click(findTestObject("Backoffice/match_mgmt/span_select_arena_name")): Object: 'Object Repository/Backoffice/match_mgmt/span_select_arena_name' is clicked on

2018-12-13 11:29:30 - [MESSAGE][PASSED] - Object: 'Object Repository/Backoffice/match_mgmt/span_select_arena_name' is clicked on

2018-12-13 11:29:30 - [TEST_STEP][PASSED] - setText(findTestObject("Backoffice/match_mgmt/input__select2-search__arena_name"), Arena_Acronym): Text 'DRAGON COCKPIT - DRC' is set on object 'Object Repository/Backoffice/match_mgmt/input__select2-search__arena_name'

2018-12-13 11:29:32 - [MESSAGE][PASSED] - Text 'DRAGON COCKPIT - DRC' is set on object 'Object Repository/Backoffice/match_mgmt/input__select2-search__arena_name'

2018-12-13 11:29:32 - [TEST_STEP][PASSED] - sendKeys(findTestObject("Backoffice/match_mgmt/input__select2-search__arena_name"), Keys.chord(ENTER)): Keys 'ENTER + ' sent to object: 'Object Repository/Backoffice/match_mgmt/input__select2-search__arena_name'

2018-12-13 11:29:32 - [MESSAGE][PASSED] - Keys 'ENTER + ' sent to object: 'Object Repository/Backoffice/match_mgmt/input__select2-search__arena_name'

2018-12-13 11:29:32 - [TEST_STEP][PASSED] - setText(findTestObject("Backoffice/match_mgmt/meron_details/input_meron_name"), Meron_Name): Text 'AA' is set on object 'Object Repository/Backoffice/match_mgmt/meron_details/input_meron_name'

2018-12-13 11:29:33 - [MESSAGE][PASSED] - Text 'AA' is set on object 'Object Repository/Backoffice/match_mgmt/meron_details/input_meron_name'

2018-12-13 11:29:33 - [TEST_STEP][PASSED] - setText(findTestObject("Backoffice/match_mgmt/meron_details/input_meron_farm"), Meron_Farm): Text 'Farm 1' is set on object 'Object Repository/Backoffice/match_mgmt/meron_details/input_meron_farm'

2018-12-13 11:29:33 - [MESSAGE][PASSED] - Text 'Farm 1' is set on object 'Object Repository/Backoffice/match_mgmt/meron_details/input_meron_farm'

2018-12-13 11:29:33 - [TEST_STEP][PASSED] - setText(findTestObject("Backoffice/match_mgmt/meron_details/input_meron_breed"), Meron_Breed): Text 'Breed 1' is set on object 'Object Repository/Backoffice/match_mgmt/meron_details/input_meron_breed'

2018-12-13 11:29:33 - [MESSAGE][PASSED] - Text 'Breed 1' is set on object 'Object Repository/Backoffice/match_mgmt/meron_details/input_meron_breed'

2018-12-13 11:29:33 - [TEST_STEP][PASSED] - setText(findTestObject("Backoffice/match_mgmt/meron_details/input_meron_weight"), Meron_Weight): Text 'Weight 1' is set on object 'Object Repository/Backoffice/match_mgmt/meron_details/input_meron_weight'

2018-12-13 11:29:34 - [MESSAGE][PASSED] - Text 'Weight 1' is set on object 'Object Repository/Backoffice/match_mgmt/meron_details/input_meron_weight'

2018-12-13 11:29:34 - [TEST_STEP][PASSED] - setText(findTestObject("Backoffice/match_mgmt/wala_details/input_wala_name"), Wala_Name): Text 'BB' is set on object 'Object Repository/Backoffice/match_mgmt/wala_details/input_wala_name'

2018-12-13 11:29:34 - [MESSAGE][PASSED] - Text 'BB' is set on object 'Object Repository/Backoffice/match_mgmt/wala_details/input_wala_name'

2018-12-13 11:29:34 - [TEST_STEP][PASSED] - setText(findTestObject("Backoffice/match_mgmt/wala_details/input_wala_farm"), Wala_Farm): Text 'Farm 2' is set on object 'Object Repository/Backoffice/match_mgmt/wala_details/input_wala_farm'

2018-12-13 11:29:35 - [MESSAGE][PASSED] - Text 'Farm 2' is set on object 'Object Repository/Backoffice/match_mgmt/wala_details/input_wala_farm'

2018-12-13 11:29:35 - [TEST_STEP][PASSED] - setText(findTestObject("Backoffice/match_mgmt/wala_details/input_wala_breed"), Wala_Breed): Text 'Breed 2' is set on object 'Object Repository/Backoffice/match_mgmt/wala_details/input_wala_breed'

2018-12-13 11:29:35 - [MESSAGE][PASSED] - Text 'Breed 2' is set on object 'Object Repository/Backoffice/match_mgmt/wala_details/input_wala_breed'

2018-12-13 11:29:35 - [TEST_STEP][PASSED] - setText(findTestObject("Backoffice/match_mgmt/wala_details/input_wala_weight"), Wala_Weight): Text 'Weight 2' is set on object 'Object Repository/Backoffice/match_mgmt/wala_details/input_wala_weight'

2018-12-13 11:29:36 - [MESSAGE][PASSED] - Text 'Weight 2' is set on object 'Object Repository/Backoffice/match_mgmt/wala_details/input_wala_weight'

2018-12-13 11:29:36 - [TEST_STEP][PASSED] - click(findTestObject("Backoffice/match_mgmt/input_submit_match")): Object: 'Object Repository/Backoffice/match_mgmt/input_submit_match' is clicked on

2018-12-13 11:29:40 - [MESSAGE][PASSED] - Object: 'Object Repository/Backoffice/match_mgmt/input_submit_match' is clicked on

2018-12-13 11:29:40 - [TEST_STEP][PASSED] - delay(1): Delayed 1 second(s)

2018-12-13 11:29:41 - [MESSAGE][PASSED] - Delayed 1 second(s)

2018-12-13 11:29:41 - [TEST_STEP][PASSED] - click(findTestObject("Backoffice/match_mgmt/button_create_match")): Object: 'Object Repository/Backoffice/match_mgmt/button_create_match' is clicked on

2018-12-13 11:29:41 - [MESSAGE][PASSED] - Object: 'Object Repository/Backoffice/match_mgmt/button_create_match' is clicked on

2018-12-13 11:29:41 - [TEST_STEP][PASSED] - delay(1): Delayed 1 second(s)

2018-12-13 11:29:42 - [MESSAGE][PASSED] - Delayed 1 second(s)

2018-12-13 11:29:42 - [TEST_STEP][PASSED] - click(findTestObject("Backoffice/match_mgmt/span_select_arena_name")): Object: 'Object Repository/Backoffice/match_mgmt/span_select_arena_name' is clicked on

2018-12-13 11:29:42 - [MESSAGE][PASSED] - Object: 'Object Repository/Backoffice/match_mgmt/span_select_arena_name' is clicked on

2018-12-13 11:29:42 - [TEST_STEP][PASSED] - setText(findTestObject("Backoffice/match_mgmt/input__select2-search__arena_name"), Arena_Acronym): Text 'DRAGON COCKPIT - DRC' is set on object 'Object Repository/Backoffice/match_mgmt/input__select2-search__arena_name'

2018-12-13 11:29:44 - [MESSAGE][PASSED] - Text 'DRAGON COCKPIT - DRC' is set on object 'Object Repository/Backoffice/match_mgmt/input__select2-search__arena_name'

2018-12-13 11:29:44 - [TEST_STEP][PASSED] - sendKeys(findTestObject("Backoffice/match_mgmt/input__select2-search__arena_name"), Keys.chord(ENTER)): Keys 'ENTER + ' sent to object: 'Object Repository/Backoffice/match_mgmt/input__select2-search__arena_name'

2018-12-13 11:29:44 - [MESSAGE][PASSED] - Keys 'ENTER + ' sent to object: 'Object Repository/Backoffice/match_mgmt/input__select2-search__arena_name'

2018-12-13 11:29:44 - [TEST_STEP][PASSED] - setText(findTestObject("Backoffice/match_mgmt/meron_details/input_meron_name"), Meron_Name): Text 'AA' is set on object 'Object Repository/Backoffice/match_mgmt/meron_details/input_meron_name'

2018-12-13 11:29:45 - [MESSAGE][PASSED] - Text 'AA' is set on object 'Object Repository/Backoffice/match_mgmt/meron_details/input_meron_name'

2018-12-13 11:29:45 - [TEST_STEP][PASSED] - setText(findTestObject("Backoffice/match_mgmt/meron_details/input_meron_farm"), Meron_Farm): Text 'Farm 1' is set on object 'Object Repository/Backoffice/match_mgmt/meron_details/input_meron_farm'

2018-12-13 11:29:45 - [MESSAGE][PASSED] - Text 'Farm 1' is set on object 'Object Repository/Backoffice/match_mgmt/meron_details/input_meron_farm'

2018-12-13 11:29:45 - [TEST_STEP][PASSED] - setText(findTestObject("Backoffice/match_mgmt/meron_details/input_meron_breed"), Meron_Breed): Text 'Breed 1' is set on object 'Object Repository/Backoffice/match_mgmt/meron_details/input_meron_breed'

2018-12-13 11:29:45 - [MESSAGE][PASSED] - Text 'Breed 1' is set on object 'Object Repository/Backoffice/match_mgmt/meron_details/input_meron_breed'

2018-12-13 11:29:45 - [TEST_STEP][PASSED] - setText(findTestObject("Backoffice/match_mgmt/meron_details/input_meron_weight"), Meron_Weight): Text 'Weight 1' is set on object 'Object Repository/Backoffice/match_mgmt/meron_details/input_meron_weight'

2018-12-13 11:29:46 - [MESSAGE][PASSED] - Text 'Weight 1' is set on object 'Object Repository/Backoffice/match_mgmt/meron_details/input_meron_weight'

2018-12-13 11:29:46 - [TEST_STEP][PASSED] - setText(findTestObject("Backoffice/match_mgmt/wala_details/input_wala_name"), Wala_Name): Text 'BB' is set on object 'Object Repository/Backoffice/match_mgmt/wala_details/input_wala_name'

2018-12-13 11:29:46 - [MESSAGE][PASSED] - Text 'BB' is set on object 'Object Repository/Backoffice/match_mgmt/wala_details/input_wala_name'

2018-12-13 11:29:46 - [TEST_STEP][PASSED] - setText(findTestObject("Backoffice/match_mgmt/wala_details/input_wala_farm"), Wala_Farm): Text 'Farm 2' is set on object 'Object Repository/Backoffice/match_mgmt/wala_details/input_wala_farm'

2018-12-13 11:29:47 - [MESSAGE][PASSED] - Text 'Farm 2' is set on object 'Object Repository/Backoffice/match_mgmt/wala_details/input_wala_farm'

2018-12-13 11:29:47 - [TEST_STEP][PASSED] - setText(findTestObject("Backoffice/match_mgmt/wala_details/input_wala_breed"), Wala_Breed): Text 'Breed 2' is set on object 'Object Repository/Backoffice/match_mgmt/wala_details/input_wala_breed'

2018-12-13 11:29:47 - [MESSAGE][PASSED] - Text 'Breed 2' is set on object 'Object Repository/Backoffice/match_mgmt/wala_details/input_wala_breed'

2018-12-13 11:29:47 - [TEST_STEP][PASSED] - setText(findTestObject("Backoffice/match_mgmt/wala_details/input_wala_weight"), Wala_Weight): Text 'Weight 2' is set on object 'Object Repository/Backoffice/match_mgmt/wala_details/input_wala_weight'

2018-12-13 11:29:48 - [MESSAGE][PASSED] - Text 'Weight 2' is set on object 'Object Repository/Backoffice/match_mgmt/wala_details/input_wala_weight'

2018-12-13 11:29:48 - [TEST_STEP][PASSED] - click(findTestObject("Backoffice/match_mgmt/input_submit_match")): Object: 'Object Repository/Backoffice/match_mgmt/input_submit_match' is clicked on

2018-12-13 11:29:51 - [MESSAGE][PASSED] - Object: 'Object Repository/Backoffice/match_mgmt/input_submit_match' is clicked on

2018-12-13 11:29:51 - [TEST_STEP][PASSED] - delay(1): Delayed 1 second(s)

2018-12-13 11:29:52 - [MESSAGE][PASSED] - Delayed 1 second(s)

2018-12-13 11:29:52 - [TEST_STEP][PASSED] - click(findTestObject("Backoffice/match_mgmt/button_create_match")): Object: 'Object Repository/Backoffice/match_mgmt/button_create_match' is clicked on

2018-12-13 11:29:52 - [MESSAGE][PASSED] - Object: 'Object Repository/Backoffice/match_mgmt/button_create_match' is clicked on

2018-12-13 11:29:52 - [TEST_STEP][PASSED] - delay(1): Delayed 1 second(s)

2018-12-13 11:29:53 - [MESSAGE][PASSED] - Delayed 1 second(s)

2018-12-13 11:29:53 - [TEST_STEP][PASSED] - click(findTestObject("Backoffice/match_mgmt/span_select_arena_name")): Object: 'Object Repository/Backoffice/match_mgmt/span_select_arena_name' is clicked on

2018-12-13 11:29:54 - [MESSAGE][PASSED] - Object: 'Object Repository/Backoffice/match_mgmt/span_select_arena_name' is clicked on

2018-12-13 11:29:54 - [TEST_STEP][PASSED] - setText(findTestObject("Backoffice/match_mgmt/input__select2-search__arena_name"), Arena_Acronym): Text 'DRAGON COCKPIT - DRC' is set on object 'Object Repository/Backoffice/match_mgmt/input__select2-search__arena_name'

2018-12-13 11:29:56 - [MESSAGE][PASSED] - Text 'DRAGON COCKPIT - DRC' is set on object 'Object Repository/Backoffice/match_mgmt/input__select2-search__arena_name'

2018-12-13 11:29:56 - [TEST_STEP][PASSED] - sendKeys(findTestObject("Backoffice/match_mgmt/input__select2-search__arena_name"), Keys.chord(ENTER)): Keys 'ENTER + ' sent to object: 'Object Repository/Backoffice/match_mgmt/input__select2-search__arena_name'

2018-12-13 11:29:56 - [MESSAGE][PASSED] - Keys 'ENTER + ' sent to object: 'Object Repository/Backoffice/match_mgmt/input__select2-search__arena_name'

2018-12-13 11:29:56 - [TEST_STEP][PASSED] - setText(findTestObject("Backoffice/match_mgmt/meron_details/input_meron_name"), Meron_Name): Text 'AA' is set on object 'Object Repository/Backoffice/match_mgmt/meron_details/input_meron_name'

2018-12-13 11:29:56 - [MESSAGE][PASSED] - Text 'AA' is set on object 'Object Repository/Backoffice/match_mgmt/meron_details/input_meron_name'

2018-12-13 11:29:56 - [TEST_STEP][PASSED] - setText(findTestObject("Backoffice/match_mgmt/meron_details/input_meron_farm"), Meron_Farm): Text 'Farm 1' is set on object 'Object Repository/Backoffice/match_mgmt/meron_details/input_meron_farm'

2018-12-13 11:29:57 - [MESSAGE][PASSED] - Text 'Farm 1' is set on object 'Object Repository/Backoffice/match_mgmt/meron_details/input_meron_farm'

2018-12-13 11:29:57 - [TEST_STEP][PASSED] - setText(findTestObject("Backoffice/match_mgmt/meron_details/input_meron_breed"), Meron_Breed): Text 'Breed 1' is set on object 'Object Repository/Backoffice/match_mgmt/meron_details/input_meron_breed'

2018-12-13 11:29:57 - [MESSAGE][PASSED] - Text 'Breed 1' is set on object 'Object Repository/Backoffice/match_mgmt/meron_details/input_meron_breed'

2018-12-13 11:29:57 - [TEST_STEP][PASSED] - setText(findTestObject("Backoffice/match_mgmt/meron_details/input_meron_weight"), Meron_Weight): Text 'Weight 1' is set on object 'Object Repository/Backoffice/match_mgmt/meron_details/input_meron_weight'

2018-12-13 11:29:58 - [MESSAGE][PASSED] - Text 'Weight 1' is set on object 'Object Repository/Backoffice/match_mgmt/meron_details/input_meron_weight'

2018-12-13 11:29:58 - [TEST_STEP][PASSED] - setText(findTestObject("Backoffice/match_mgmt/wala_details/input_wala_name"), Wala_Name): Text 'BB' is set on object 'Object Repository/Backoffice/match_mgmt/wala_details/input_wala_name'

2018-12-13 11:29:58 - [MESSAGE][PASSED] - Text 'BB' is set on object 'Object Repository/Backoffice/match_mgmt/wala_details/input_wala_name'

2018-12-13 11:29:58 - [TEST_STEP][PASSED] - setText(findTestObject("Backoffice/match_mgmt/wala_details/input_wala_farm"), Wala_Farm): Text 'Farm 2' is set on object 'Object Repository/Backoffice/match_mgmt/wala_details/input_wala_farm'

2018-12-13 11:29:58 - [MESSAGE][PASSED] - Text 'Farm 2' is set on object 'Object Repository/Backoffice/match_mgmt/wala_details/input_wala_farm'

2018-12-13 11:29:58 - [TEST_STEP][PASSED] - setText(findTestObject("Backoffice/match_mgmt/wala_details/input_wala_breed"), Wala_Breed): Text 'Breed 2' is set on object 'Object Repository/Backoffice/match_mgmt/wala_details/input_wala_breed'

2018-12-13 11:29:59 - [MESSAGE][PASSED] - Text 'Breed 2' is set on object 'Object Repository/Backoffice/match_mgmt/wala_details/input_wala_breed'

2018-12-13 11:29:59 - [TEST_STEP][PASSED] - setText(findTestObject("Backoffice/match_mgmt/wala_details/input_wala_weight"), Wala_Weight): Text 'Weight 2' is set on object 'Object Repository/Backoffice/match_mgmt/wala_details/input_wala_weight'

2018-12-13 11:29:59 - [MESSAGE][PASSED] - Text 'Weight 2' is set on object 'Object Repository/Backoffice/match_mgmt/wala_details/input_wala_weight'

2018-12-13 11:29:59 - [TEST_STEP][PASSED] - click(findTestObject("Backoffice/match_mgmt/input_submit_match")): Object: 'Object Repository/Backoffice/match_mgmt/input_submit_match' is clicked on

2018-12-13 11:30:06 - [MESSAGE][PASSED] - Object: 'Object Repository/Backoffice/match_mgmt/input_submit_match' is clicked on

2018-12-13 11:30:06 - [TEST_STEP][PASSED] - delay(1): Delayed 1 second(s)

2018-12-13 11:30:07 - [MESSAGE][PASSED] - Delayed 1 second(s)

2018-12-13 11:30:07 - [TEST_STEP][PASSED] - click(findTestObject("Backoffice/match_mgmt/button_create_match")): Object: 'Object Repository/Backoffice/match_mgmt/button_create_match' is clicked on

2018-12-13 11:30:07 - [MESSAGE][PASSED] - Object: 'Object Repository/Backoffice/match_mgmt/button_create_match' is clicked on

2018-12-13 11:30:07 - [TEST_STEP][PASSED] - delay(1): Delayed 1 second(s)

2018-12-13 11:30:08 - [MESSAGE][PASSED] - Delayed 1 second(s)

2018-12-13 11:30:08 - [TEST_STEP][PASSED] - click(findTestObject("Backoffice/match_mgmt/span_select_arena_name")): Object: 'Object Repository/Backoffice/match_mgmt/span_select_arena_name' is clicked on

2018-12-13 11:30:09 - [MESSAGE][PASSED] - Object: 'Object Repository/Backoffice/match_mgmt/span_select_arena_name' is clicked on

2018-12-13 11:30:09 - [TEST_STEP][PASSED] - setText(findTestObject("Backoffice/match_mgmt/input__select2-search__arena_name"), Arena_Acronym): Text 'DRAGON COCKPIT - DRC' is set on object 'Object Repository/Backoffice/match_mgmt/input__select2-search__arena_name'

2018-12-13 11:30:11 - [MESSAGE][PASSED] - Text 'DRAGON COCKPIT - DRC' is set on object 'Object Repository/Backoffice/match_mgmt/input__select2-search__arena_name'

2018-12-13 11:30:11 - [TEST_STEP][PASSED] - sendKeys(findTestObject("Backoffice/match_mgmt/input__select2-search__arena_name"), Keys.chord(ENTER)): Keys 'ENTER + ' sent to object: 'Object Repository/Backoffice/match_mgmt/input__select2-search__arena_name'

2018-12-13 11:30:11 - [MESSAGE][PASSED] - Keys 'ENTER + ' sent to object: 'Object Repository/Backoffice/match_mgmt/input__select2-search__arena_name'

2018-12-13 11:30:11 - [TEST_STEP][PASSED] - setText(findTestObject("Backoffice/match_mgmt/meron_details/input_meron_name"), Meron_Name): Text 'AA' is set on object 'Object Repository/Backoffice/match_mgmt/meron_details/input_meron_name'

2018-12-13 11:30:11 - [MESSAGE][PASSED] - Text 'AA' is set on object 'Object Repository/Backoffice/match_mgmt/meron_details/input_meron_name'

2018-12-13 11:30:11 - [TEST_STEP][PASSED] - setText(findTestObject("Backoffice/match_mgmt/meron_details/input_meron_farm"), Meron_Farm): Text 'Farm 1' is set on object 'Object Repository/Backoffice/match_mgmt/meron_details/input_meron_farm'

2018-12-13 11:30:12 - [MESSAGE][PASSED] - Text 'Farm 1' is set on object 'Object Repository/Backoffice/match_mgmt/meron_details/input_meron_farm'

2018-12-13 11:30:12 - [TEST_STEP][PASSED] - setText(findTestObject("Backoffice/match_mgmt/meron_details/input_meron_breed"), Meron_Breed): Text 'Breed 1' is set on object 'Object Repository/Backoffice/match_mgmt/meron_details/input_meron_breed'

2018-12-13 11:30:12 - [MESSAGE][PASSED] - Text 'Breed 1' is set on object 'Object Repository/Backoffice/match_mgmt/meron_details/input_meron_breed'

2018-12-13 11:30:12 - [TEST_STEP][PASSED] - setText(findTestObject("Backoffice/match_mgmt/meron_details/input_meron_weight"), Meron_Weight): Text 'Weight 1' is set on object 'Object Repository/Backoffice/match_mgmt/meron_details/input_meron_weight'

2018-12-13 11:30:13 - [MESSAGE][PASSED] - Text 'Weight 1' is set on object 'Object Repository/Backoffice/match_mgmt/meron_details/input_meron_weight'

2018-12-13 11:30:13 - [TEST_STEP][PASSED] - setText(findTestObject("Backoffice/match_mgmt/wala_details/input_wala_name"), Wala_Name): Text 'BB' is set on object 'Object Repository/Backoffice/match_mgmt/wala_details/input_wala_name'

2018-12-13 11:30:13 - [MESSAGE][PASSED] - Text 'BB' is set on object 'Object Repository/Backoffice/match_mgmt/wala_details/input_wala_name'

2018-12-13 11:30:13 - [TEST_STEP][PASSED] - setText(findTestObject("Backoffice/match_mgmt/wala_details/input_wala_farm"), Wala_Farm): Text 'Farm 2' is set on object 'Object Repository/Backoffice/match_mgmt/wala_details/input_wala_farm'

2018-12-13 11:30:14 - [MESSAGE][PASSED] - Text 'Farm 2' is set on object 'Object Repository/Backoffice/match_mgmt/wala_details/input_wala_farm'

2018-12-13 11:30:14 - [TEST_STEP][PASSED] - setText(findTestObject("Backoffice/match_mgmt/wala_details/input_wala_breed"), Wala_Breed): Text 'Breed 2' is set on object 'Object Repository/Backoffice/match_mgmt/wala_details/input_wala_breed'

2018-12-13 11:30:14 - [MESSAGE][PASSED] - Text 'Breed 2' is set on object 'Object Repository/Backoffice/match_mgmt/wala_details/input_wala_breed'

2018-12-13 11:30:14 - [TEST_STEP][PASSED] - setText(findTestObject("Backoffice/match_mgmt/wala_details/input_wala_weight"), Wala_Weight): Text 'Weight 2' is set on object 'Object Repository/Backoffice/match_mgmt/wala_details/input_wala_weight'

2018-12-13 11:30:14 - [MESSAGE][PASSED] - Text 'Weight 2' is set on object 'Object Repository/Backoffice/match_mgmt/wala_details/input_wala_weight'

2018-12-13 11:30:14 - [TEST_STEP][PASSED] - click(findTestObject("Backoffice/match_mgmt/input_submit_match")): Object: 'Object Repository/Backoffice/match_mgmt/input_submit_match' is clicked on

2018-12-13 11:30:21 - [MESSAGE][PASSED] - Object: 'Object Repository/Backoffice/match_mgmt/input_submit_match' is clicked on

2018-12-13 11:30:21 - [TEST_STEP][PASSED] - delay(1): Delayed 1 second(s)

2018-12-13 11:30:22 - [MESSAGE][PASSED] - Delayed 1 second(s)

2018-12-13 11:30:22 - [TEST_STEP][PASSED] - click(findTestObject("Backoffice/match_mgmt/button_create_match")): Object: 'Object Repository/Backoffice/match_mgmt/button_create_match' is clicked on

2018-12-13 11:30:23 - [MESSAGE][PASSED] - Object: 'Object Repository/Backoffice/match_mgmt/button_create_match' is clicked on

2018-12-13 11:30:23 - [TEST_STEP][PASSED] - delay(1): Delayed 1 second(s)

2018-12-13 11:30:24 - [MESSAGE][PASSED] - Delayed 1 second(s)

2018-12-13 11:30:24 - [TEST_STEP][PASSED] - click(findTestObject("Backoffice/match_mgmt/span_select_arena_name")): Object: 'Object Repository/Backoffice/match_mgmt/span_select_arena_name' is clicked on

2018-12-13 11:30:24 - [MESSAGE][PASSED] - Object: 'Object Repository/Backoffice/match_mgmt/span_select_arena_name' is clicked on

2018-12-13 11:30:24 - [TEST_STEP][PASSED] - setText(findTestObject("Backoffice/match_mgmt/input__select2-search__arena_name"), Arena_Acronym): Text 'DRAGON COCKPIT - DRC' is set on object 'Object Repository/Backoffice/match_mgmt/input__select2-search__arena_name'

2018-12-13 11:30:26 - [MESSAGE][PASSED] - Text 'DRAGON COCKPIT - DRC' is set on object 'Object Repository/Backoffice/match_mgmt/input__select2-search__arena_name'

2018-12-13 11:30:26 - [TEST_STEP][PASSED] - sendKeys(findTestObject("Backoffice/match_mgmt/input__select2-search__arena_name"), Keys.chord(ENTER)): Keys 'ENTER + ' sent to object: 'Object Repository/Backoffice/match_mgmt/input__select2-search__arena_name'

2018-12-13 11:30:26 - [MESSAGE][PASSED] - Keys 'ENTER + ' sent to object: 'Object Repository/Backoffice/match_mgmt/input__select2-search__arena_name'

2018-12-13 11:30:26 - [TEST_STEP][PASSED] - setText(findTestObject("Backoffice/match_mgmt/meron_details/input_meron_name"), Meron_Name): Text 'AA' is set on object 'Object Repository/Backoffice/match_mgmt/meron_details/input_meron_name'

2018-12-13 11:30:26 - [MESSAGE][PASSED] - Text 'AA' is set on object 'Object Repository/Backoffice/match_mgmt/meron_details/input_meron_name'

2018-12-13 11:30:26 - [TEST_STEP][PASSED] - setText(findTestObject("Backoffice/match_mgmt/meron_details/input_meron_farm"), Meron_Farm): Text 'Farm 1' is set on object 'Object Repository/Backoffice/match_mgmt/meron_details/input_meron_farm'

2018-12-13 11:30:27 - [MESSAGE][PASSED] - Text 'Farm 1' is set on object 'Object Repository/Backoffice/match_mgmt/meron_details/input_meron_farm'

2018-12-13 11:30:27 - [TEST_STEP][PASSED] - setText(findTestObject("Backoffice/match_mgmt/meron_details/input_meron_breed"), Meron_Breed): Text 'Breed 1' is set on object 'Object Repository/Backoffice/match_mgmt/meron_details/input_meron_breed'

2018-12-13 11:30:27 - [MESSAGE][PASSED] - Text 'Breed 1' is set on object 'Object Repository/Backoffice/match_mgmt/meron_details/input_meron_breed'

2018-12-13 11:30:27 - [TEST_STEP][PASSED] - setText(findTestObject("Backoffice/match_mgmt/meron_details/input_meron_weight"), Meron_Weight): Text 'Weight 1' is set on object 'Object Repository/Backoffice/match_mgmt/meron_details/input_meron_weight'

2018-12-13 11:30:28 - [MESSAGE][PASSED] - Text 'Weight 1' is set on object 'Object Repository/Backoffice/match_mgmt/meron_details/input_meron_weight'

2018-12-13 11:30:28 - [TEST_STEP][PASSED] - setText(findTestObject("Backoffice/match_mgmt/wala_details/input_wala_name"), Wala_Name): Text 'BB' is set on object 'Object Repository/Backoffice/match_mgmt/wala_details/input_wala_name'

2018-12-13 11:30:28 - [MESSAGE][PASSED] - Text 'BB' is set on object 'Object Repository/Backoffice/match_mgmt/wala_details/input_wala_name'

2018-12-13 11:30:28 - [TEST_STEP][PASSED] - setText(findTestObject("Backoffice/match_mgmt/wala_details/input_wala_farm"), Wala_Farm): Text 'Farm 2' is set on object 'Object Repository/Backoffice/match_mgmt/wala_details/input_wala_farm'

2018-12-13 11:30:29 - [MESSAGE][PASSED] - Text 'Farm 2' is set on object 'Object Repository/Backoffice/match_mgmt/wala_details/input_wala_farm'

2018-12-13 11:30:29 - [TEST_STEP][PASSED] - setText(findTestObject("Backoffice/match_mgmt/wala_details/input_wala_breed"), Wala_Breed): Text 'Breed 2' is set on object 'Object Repository/Backoffice/match_mgmt/wala_details/input_wala_breed'

2018-12-13 11:30:29 - [MESSAGE][PASSED] - Text 'Breed 2' is set on object 'Object Repository/Backoffice/match_mgmt/wala_details/input_wala_breed'

2018-12-13 11:30:29 - [TEST_STEP][PASSED] - setText(findTestObject("Backoffice/match_mgmt/wala_details/input_wala_weight"), Wala_Weight): Text 'Weight 2' is set on object 'Object Repository/Backoffice/match_mgmt/wala_details/input_wala_weight'

2018-12-13 11:30:30 - [MESSAGE][PASSED] - Text 'Weight 2' is set on object 'Object Repository/Backoffice/match_mgmt/wala_details/input_wala_weight'

2018-12-13 11:30:30 - [TEST_STEP][PASSED] - click(findTestObject("Backoffice/match_mgmt/input_submit_match")): Object: 'Object Repository/Backoffice/match_mgmt/input_submit_match' is clicked on

2018-12-13 11:30:39 - [MESSAGE][PASSED] - Object: 'Object Repository/Backoffice/match_mgmt/input_submit_match' is clicked on

2018-12-13 11:30:39 - [TEST_STEP][PASSED] - delay(1): Delayed 1 second(s)

2018-12-13 11:30:40 - [MESSAGE][PASSED] - Delayed 1 second(s)

2018-12-13 11:30:40 - [TEST_STEP][PASSED] - click(findTestObject("Backoffice/match_mgmt/button_create_match")): Object: 'Object Repository/Backoffice/match_mgmt/button_create_match' is clicked on

2018-12-13 11:30:40 - [MESSAGE][PASSED] - Object: 'Object Repository/Backoffice/match_mgmt/button_create_match' is clicked on

2018-12-13 11:30:40 - [TEST_STEP][PASSED] - delay(1): Delayed 1 second(s)

2018-12-13 11:30:41 - [MESSAGE][PASSED] - Delayed 1 second(s)

2018-12-13 11:30:41 - [TEST_STEP][PASSED] - click(findTestObject("Backoffice/match_mgmt/span_select_arena_name")): Object: 'Object Repository/Backoffice/match_mgmt/span_select_arena_name' is clicked on

2018-12-13 11:30:41 - [MESSAGE][PASSED] - Object: 'Object Repository/Backoffice/match_mgmt/span_select_arena_name' is clicked on

2018-12-13 11:30:41 - [TEST_STEP][PASSED] - setText(findTestObject("Backoffice/match_mgmt/input__select2-search__arena_name"), Arena_Acronym): Text 'DRAGON COCKPIT - DRC' is set on object 'Object Repository/Backoffice/match_mgmt/input__select2-search__arena_name'

2018-12-13 11:30:43 - [MESSAGE][PASSED] - Text 'DRAGON COCKPIT - DRC' is set on object 'Object Repository/Backoffice/match_mgmt/input__select2-search__arena_name'

2018-12-13 11:30:43 - [TEST_STEP][PASSED] - sendKeys(findTestObject("Backoffice/match_mgmt/input__select2-search__arena_name"), Keys.chord(ENTER)): Keys 'ENTER + ' sent to object: 'Object Repository/Backoffice/match_mgmt/input__select2-search__arena_name'

2018-12-13 11:30:43 - [MESSAGE][PASSED] - Keys 'ENTER + ' sent to object: 'Object Repository/Backoffice/match_mgmt/input__select2-search__arena_name'

2018-12-13 11:30:43 - [TEST_STEP][PASSED] - setText(findTestObject("Backoffice/match_mgmt/meron_details/input_meron_name"), Meron_Name): Text 'AA' is set on object 'Object Repository/Backoffice/match_mgmt/meron_details/input_meron_name'

2018-12-13 11:30:44 - [MESSAGE][PASSED] - Text 'AA' is set on object 'Object Repository/Backoffice/match_mgmt/meron_details/input_meron_name'

2018-12-13 11:30:44 - [TEST_STEP][PASSED] - setText(findTestObject("Backoffice/match_mgmt/meron_details/input_meron_farm"), Meron_Farm): Text 'Farm 1' is set on object 'Object Repository/Backoffice/match_mgmt/meron_details/input_meron_farm'

2018-12-13 11:30:44 - [MESSAGE][PASSED] - Text 'Farm 1' is set on object 'Object Repository/Backoffice/match_mgmt/meron_details/input_meron_farm'

2018-12-13 11:30:44 - [TEST_STEP][PASSED] - setText(findTestObject("Backoffice/match_mgmt/meron_details/input_meron_breed"), Meron_Breed): Text 'Breed 1' is set on object 'Object Repository/Backoffice/match_mgmt/meron_details/input_meron_breed'

2018-12-13 11:30:44 - [MESSAGE][PASSED] - Text 'Breed 1' is set on object 'Object Repository/Backoffice/match_mgmt/meron_details/input_meron_breed'

2018-12-13 11:30:44 - [TEST_STEP][PASSED] - setText(findTestObject("Backoffice/match_mgmt/meron_details/input_meron_weight"), Meron_Weight): Text 'Weight 1' is set on object 'Object Repository/Backoffice/match_mgmt/meron_details/input_meron_weight'

2018-12-13 11:30:45 - [MESSAGE][PASSED] - Text 'Weight 1' is set on object 'Object Repository/Backoffice/match_mgmt/meron_details/input_meron_weight'

2018-12-13 11:30:45 - [TEST_STEP][PASSED] - setText(findTestObject("Backoffice/match_mgmt/wala_details/input_wala_name"), Wala_Name): Text 'BB' is set on object 'Object Repository/Backoffice/match_mgmt/wala_details/input_wala_name'

2018-12-13 11:30:45 - [MESSAGE][PASSED] - Text 'BB' is set on object 'Object Repository/Backoffice/match_mgmt/wala_details/input_wala_name'

2018-12-13 11:30:45 - [TEST_STEP][PASSED] - setText(findTestObject("Backoffice/match_mgmt/wala_details/input_wala_farm"), Wala_Farm): Text 'Farm 2' is set on object 'Object Repository/Backoffice/match_mgmt/wala_details/input_wala_farm'

2018-12-13 11:30:46 - [MESSAGE][PASSED] - Text 'Farm 2' is set on object 'Object Repository/Backoffice/match_mgmt/wala_details/input_wala_farm'

2018-12-13 11:30:46 - [TEST_STEP][PASSED] - setText(findTestObject("Backoffice/match_mgmt/wala_details/input_wala_breed"), Wala_Breed): Text 'Breed 2' is set on object 'Object Repository/Backoffice/match_mgmt/wala_details/input_wala_breed'

2018-12-13 11:30:46 - [MESSAGE][PASSED] - Text 'Breed 2' is set on object 'Object Repository/Backoffice/match_mgmt/wala_details/input_wala_breed'

2018-12-13 11:30:46 - [TEST_STEP][PASSED] - setText(findTestObject("Backoffice/match_mgmt/wala_details/input_wala_weight"), Wala_Weight): Text 'Weight 2' is set on object 'Object Repository/Backoffice/match_mgmt/wala_details/input_wala_weight'

2018-12-13 11:30:47 - [MESSAGE][PASSED] - Text 'Weight 2' is set on object 'Object Repository/Backoffice/match_mgmt/wala_details/input_wala_weight'

2018-12-13 11:30:47 - [TEST_STEP][PASSED] - click(findTestObject("Backoffice/match_mgmt/input_submit_match")): Object: 'Object Repository/Backoffice/match_mgmt/input_submit_match' is clicked on

2018-12-13 11:30:53 - [MESSAGE][PASSED] - Object: 'Object Repository/Backoffice/match_mgmt/input_submit_match' is clicked on

2018-12-13 11:30:53 - [TEST_STEP][PASSED] - delay(1): Delayed 1 second(s)

2018-12-13 11:30:54 - [MESSAGE][PASSED] - Delayed 1 second(s)

2018-12-13 11:30:54 - [TEST_STEP][PASSED] - click(findTestObject("Backoffice/match_mgmt/button_create_match")): Object: 'Object Repository/Backoffice/match_mgmt/button_create_match' is clicked on

2018-12-13 11:30:55 - [MESSAGE][PASSED] - Object: 'Object Repository/Backoffice/match_mgmt/button_create_match' is clicked on

2018-12-13 11:30:55 - [TEST_STEP][PASSED] - delay(1): Delayed 1 second(s)

2018-12-13 11:30:56 - [MESSAGE][PASSED] - Delayed 1 second(s)

2018-12-13 11:30:56 - [TEST_STEP][PASSED] - click(findTestObject("Backoffice/match_mgmt/span_select_arena_name")): Object: 'Object Repository/Backoffice/match_mgmt/span_select_arena_name' is clicked on

2018-12-13 11:30:56 - [MESSAGE][PASSED] - Object: 'Object Repository/Backoffice/match_mgmt/span_select_arena_name' is clicked on

2018-12-13 11:30:56 - [TEST_STEP][PASSED] - setText(findTestObject("Backoffice/match_mgmt/input__select2-search__arena_name"), Arena_Acronym): Text 'DRAGON COCKPIT - DRC' is set on object 'Object Repository/Backoffice/match_mgmt/input__select2-search__arena_name'

2018-12-13 11:30:58 - [MESSAGE][PASSED] - Text 'DRAGON COCKPIT - DRC' is set on object 'Object Repository/Backoffice/match_mgmt/input__select2-search__arena_name'

2018-12-13 11:30:58 - [TEST_STEP][PASSED] - sendKeys(findTestObject("Backoffice/match_mgmt/input__select2-search__arena_name"), Keys.chord(ENTER)): Keys 'ENTER + ' sent to object: 'Object Repository/Backoffice/match_mgmt/input__select2-search__arena_name'

2018-12-13 11:30:58 - [MESSAGE][PASSED] - Keys 'ENTER + ' sent to object: 'Object Repository/Backoffice/match_mgmt/input__select2-search__arena_name'

2018-12-13 11:30:58 - [TEST_STEP][PASSED] - setText(findTestObject("Backoffice/match_mgmt/meron_details/input_meron_name"), Meron_Name): Text 'AA' is set on object 'Object Repository/Backoffice/match_mgmt/meron_details/input_meron_name'

2018-12-13 11:30:58 - [MESSAGE][PASSED] - Text 'AA' is set on object 'Object Repository/Backoffice/match_mgmt/meron_details/input_meron_name'

2018-12-13 11:30:58 - [TEST_STEP][PASSED] - setText(findTestObject("Backoffice/match_mgmt/meron_details/input_meron_farm"), Meron_Farm): Text 'Farm 1' is set on object 'Object Repository/Backoffice/match_mgmt/meron_details/input_meron_farm'

2018-12-13 11:30:59 - [MESSAGE][PASSED] - Text 'Farm 1' is set on object 'Object Repository/Backoffice/match_mgmt/meron_details/input_meron_farm'

2018-12-13 11:30:59 - [TEST_STEP][PASSED] - setText(findTestObject("Backoffice/match_mgmt/meron_details/input_meron_breed"), Meron_Breed): Text 'Breed 1' is set on object 'Object Repository/Backoffice/match_mgmt/meron_details/input_meron_breed'

2018-12-13 11:30:59 - [MESSAGE][PASSED] - Text 'Breed 1' is set on object 'Object Repository/Backoffice/match_mgmt/meron_details/input_meron_breed'

2018-12-13 11:30:59 - [TEST_STEP][PASSED] - setText(findTestObject("Backoffice/match_mgmt/meron_details/input_meron_weight"), Meron_Weight): Text 'Weight 1' is set on object 'Object Repository/Backoffice/match_mgmt/meron_details/input_meron_weight'

2018-12-13 11:31:00 - [MESSAGE][PASSED] - Text 'Weight 1' is set on object 'Object Repository/Backoffice/match_mgmt/meron_details/input_meron_weight'

2018-12-13 11:31:00 - [TEST_STEP][PASSED] - setText(findTestObject("Backoffice/match_mgmt/wala_details/input_wala_name"), Wala_Name): Text 'BB' is set on object 'Object Repository/Backoffice/match_mgmt/wala_details/input_wala_name'

2018-12-13 11:31:00 - [MESSAGE][PASSED] - Text 'BB' is set on object 'Object Repository/Backoffice/match_mgmt/wala_details/input_wala_name'

2018-12-13 11:31:00 - [TEST_STEP][PASSED] - setText(findTestObject("Backoffice/match_mgmt/wala_details/input_wala_farm"), Wala_Farm): Text 'Farm 2' is set on object 'Object Repository/Backoffice/match_mgmt/wala_details/input_wala_farm'

2018-12-13 11:31:01 - [MESSAGE][PASSED] - Text 'Farm 2' is set on object 'Object Repository/Backoffice/match_mgmt/wala_details/input_wala_farm'

2018-12-13 11:31:01 - [TEST_STEP][PASSED] - setText(findTestObject("Backoffice/match_mgmt/wala_details/input_wala_breed"), Wala_Breed): Text 'Breed 2' is set on object 'Object Repository/Backoffice/match_mgmt/wala_details/input_wala_breed'

2018-12-13 11:31:01 - [MESSAGE][PASSED] - Text 'Breed 2' is set on object 'Object Repository/Backoffice/match_mgmt/wala_details/input_wala_breed'

2018-12-13 11:31:01 - [TEST_STEP][PASSED] - setText(findTestObject("Backoffice/match_mgmt/wala_details/input_wala_weight"), Wala_Weight): Text 'Weight 2' is set on object 'Object Repository/Backoffice/match_mgmt/wala_details/input_wala_weight'

2018-12-13 11:31:01 - [MESSAGE][PASSED] - Text 'Weight 2' is set on object 'Object Repository/Backoffice/match_mgmt/wala_details/input_wala_weight'

2018-12-13 11:31:01 - [TEST_STEP][PASSED] - click(findTestObject("Backoffice/match_mgmt/input_submit_match")): Object: 'Object Repository/Backoffice/match_mgmt/input_submit_match' is clicked on

2018-12-13 11:31:06 - [MESSAGE][PASSED] - Object: 'Object Repository/Backoffice/match_mgmt/input_submit_match' is clicked on

2018-12-13 11:31:06 - [TEST_STEP][PASSED] - delay(1): Delayed 1 second(s)

2018-12-13 11:31:07 - [MESSAGE][PASSED] - Delayed 1 second(s)]]></system-out>
         <system-err><![CDATA[]]></system-err>
      </testcase>
      <system-out><![CDATA[2018-12-13 11:25:55 - [TEST_SUITE][PASSED] - match_DRC: Test Cases/DEV/Backoffice/create_match/create_match_loop_with_open_match]]></system-out>
      <system-err><![CDATA[]]></system-err>
   </testsuite>
</testsuites>
