<?xml version="1.0" encoding="UTF-8"?>
<testsuites name="160_match" time="779" tests="1" failures="0" errors="0">
   <testsuite name="160_match" tests="1" failures="0" errors="0" time="779" timestamp="2018-11-26 18:54:03" hostname="janine.bautista - J9" id="Test Suites/create_match/160_match">
      <properties>
         <property name="deviceName" value=""/>
         <property name="devicePlatform" value=""/>
         <property name="logFolder" value="C:\\Users\\janine.bautista\\git\\JANINE_QA\\Reports\\create_match\\160_match\\20181126_185402"/>
         <property name="logFiles" value="C:\\Users\\janine.bautista\\git\\JANINE_QA\\Reports\\create_match\\160_match\\20181126_185402\\execution0.log, C:\\Users\\janine.bautista\\git\\JANINE_QA\\Reports\\create_match\\160_match\\20181126_185402\\execution1.log"/>
         <property name="attachments" value=""/>
         <property name="hostName" value="janine.bautista - J9"/>
         <property name="os" value="Windows 10 64bit"/>
         <property name="katalonVersion" value="5.8.6.1"/>
         <property name="browser" value="Chrome 70.0.3538.102"/>
         <property name="hostAddress" value="172.16.8.107"/>
         <property name="sessionId" value="1f8fa65924889b9891291cd4523e6428"/>
         <property name="seleniumVersion" value="3.7.1"/>
         <property name="proxyInformation" value="ProxyInformation{proxyOption=NO_PROXY, proxyServerType=HTTP, password=, proxyServerAddress=, proxyServerPort=0}"/>
         <property name="platform" value="Windows 10"/>
      </properties>
      <testcase name="Test Cases/Backoffice/create_match/create_match" classname="Test Cases/Backoffice/create_match/create_match" status="PASSED">
         <system-out><![CDATA[2018-11-26 18:54:03 - [TEST_CASE][PASSED] - Test Cases/Backoffice/create_match/create_match: Test Cases/Backoffice/create_match/create_match

2018-11-26 18:54:04 - [TEST_STEP][PASSED] - mj.loginBackoffice.login: mj.loginBackoffice.login is PASSED

2018-11-26 18:54:06 - [MESSAGE][PASSED] - Browser is opened with url: ''

2018-11-26 18:54:08 - [MESSAGE][PASSED] - Current window maximized

2018-11-26 18:54:08 - [MESSAGE][PASSED] - Navigate to 'http://dev-admin.ucf88.com/login' successfully

2018-11-26 18:54:08 - [MESSAGE][PASSED] - Text 'janine' is set on object 'Object Repository/Backoffice/login_page/input_username'

2018-11-26 18:54:09 - [MESSAGE][PASSED] - Text ****** has been set on object 'Object Repository/Backoffice/login_page/input_password'

2018-11-26 18:54:10 - [MESSAGE][PASSED] - Object: 'Object Repository/Backoffice/login_page/button_login' is clicked on

2018-11-26 18:54:10 - [MESSAGE][PASSED] - mj.loginBackoffice.login is PASSED

2018-11-26 18:54:10 - [TEST_STEP][PASSED] - mouseOver: Object: 'Object Repository/Backoffice/headers/span_betting' is hovered

2018-11-26 18:54:10 - [MESSAGE][PASSED] - Object: 'Object Repository/Backoffice/headers/span_betting' is hovered

2018-11-26 18:54:10 - [TEST_STEP][PASSED] - delay: Delayed 1 second(s)

2018-11-26 18:54:11 - [MESSAGE][PASSED] - Delayed 1 second(s)

2018-11-26 18:54:11 - [TEST_STEP][PASSED] - waitForElementVisible: Object 'Object Repository/Backoffice/headers/span_match' is visible

2018-11-26 18:54:11 - [MESSAGE][PASSED] - Object 'Object Repository/Backoffice/headers/span_match' is visible

2018-11-26 18:54:11 - [TEST_STEP][PASSED] - click: Object: 'Object Repository/Backoffice/headers/span_match' is clicked on

2018-11-26 18:54:13 - [MESSAGE][PASSED] - Object: 'Object Repository/Backoffice/headers/span_match' is clicked on

2018-11-26 18:54:13 - [TEST_STEP][PASSED] - delay: Delayed 1 second(s)

2018-11-26 18:54:14 - [MESSAGE][PASSED] - Delayed 1 second(s)

2018-11-26 18:54:14 - [TEST_STEP][PASSED] - verifyElementPresent: Object 'Object Repository/Backoffice/match_mgmt/input_submit_match' is present

2018-11-26 18:54:14 - [MESSAGE][PASSED] - Object 'Object Repository/Backoffice/match_mgmt/input_submit_match' is present

2018-11-26 18:54:14 - [TEST_STEP][PASSED] - Statement - For ([loop = 1, loop <= 160, (loop++)]): Delayed 1 second(s)

2018-11-26 18:54:14 - [TEST_STEP][PASSED] - click: Object: 'Object Repository/Backoffice/match_mgmt/button_create_match' is clicked on

2018-11-26 18:54:14 - [MESSAGE][PASSED] - Object: 'Object Repository/Backoffice/match_mgmt/button_create_match' is clicked on

2018-11-26 18:54:14 - [TEST_STEP][PASSED] - delay: Delayed 1 second(s)

2018-11-26 18:54:15 - [MESSAGE][PASSED] - Delayed 1 second(s)

2018-11-26 18:54:15 - [TEST_STEP][PASSED] - click: Object: 'Object Repository/Backoffice/match_mgmt/span_select_arena_name' is clicked on

2018-11-26 18:54:15 - [MESSAGE][PASSED] - Object: 'Object Repository/Backoffice/match_mgmt/span_select_arena_name' is clicked on

2018-11-26 18:54:15 - [TEST_STEP][PASSED] - setText: Text 'PASIG SQUARE GARDEN - PSG' is set on object 'Object Repository/Backoffice/match_mgmt/input__select2-search__arena_name'

2018-11-26 18:54:15 - [MESSAGE][PASSED] - Text 'PASIG SQUARE GARDEN - PSG' is set on object 'Object Repository/Backoffice/match_mgmt/input__select2-search__arena_name'

2018-11-26 18:54:15 - [TEST_STEP][PASSED] - sendKeys: Keys 'ENTER + ' sent to object: 'Object Repository/Backoffice/match_mgmt/input__select2-search__arena_name'

2018-11-26 18:54:15 - [MESSAGE][PASSED] - Keys 'ENTER + ' sent to object: 'Object Repository/Backoffice/match_mgmt/input__select2-search__arena_name'

2018-11-26 18:54:15 - [TEST_STEP][PASSED] - setText: Text 'AA' is set on object 'Object Repository/Backoffice/match_mgmt/meron_details/input_meron_name'

2018-11-26 18:54:16 - [MESSAGE][PASSED] - Text 'AA' is set on object 'Object Repository/Backoffice/match_mgmt/meron_details/input_meron_name'

2018-11-26 18:54:16 - [TEST_STEP][PASSED] - setText: Text 'Farm 1' is set on object 'Object Repository/Backoffice/match_mgmt/meron_details/input_meron_farm'

2018-11-26 18:54:16 - [MESSAGE][PASSED] - Text 'Farm 1' is set on object 'Object Repository/Backoffice/match_mgmt/meron_details/input_meron_farm'

2018-11-26 18:54:16 - [TEST_STEP][PASSED] - setText: Text 'Breed 1' is set on object 'Object Repository/Backoffice/match_mgmt/meron_details/input_meron_breed'

2018-11-26 18:54:16 - [MESSAGE][PASSED] - Text 'Breed 1' is set on object 'Object Repository/Backoffice/match_mgmt/meron_details/input_meron_breed'

2018-11-26 18:54:16 - [TEST_STEP][PASSED] - setText: Text 'Weight 1' is set on object 'Object Repository/Backoffice/match_mgmt/meron_details/input_meron_weight'

2018-11-26 18:54:16 - [MESSAGE][PASSED] - Text 'Weight 1' is set on object 'Object Repository/Backoffice/match_mgmt/meron_details/input_meron_weight'

2018-11-26 18:54:16 - [TEST_STEP][PASSED] - setText: Text 'BB' is set on object 'Object Repository/Backoffice/match_mgmt/wala_details/input_wala_name'

2018-11-26 18:54:16 - [MESSAGE][PASSED] - Text 'BB' is set on object 'Object Repository/Backoffice/match_mgmt/wala_details/input_wala_name'

2018-11-26 18:54:16 - [TEST_STEP][PASSED] - setText: Text 'Farm 2' is set on object 'Object Repository/Backoffice/match_mgmt/wala_details/input_wala_farm'

2018-11-26 18:54:16 - [MESSAGE][PASSED] - Text 'Farm 2' is set on object 'Object Repository/Backoffice/match_mgmt/wala_details/input_wala_farm'

2018-11-26 18:54:16 - [TEST_STEP][PASSED] - setText: Text 'Breed 2' is set on object 'Object Repository/Backoffice/match_mgmt/wala_details/input_wala_breed'

2018-11-26 18:54:16 - [MESSAGE][PASSED] - Text 'Breed 2' is set on object 'Object Repository/Backoffice/match_mgmt/wala_details/input_wala_breed'

2018-11-26 18:54:16 - [TEST_STEP][PASSED] - setText: Text 'Weight 2' is set on object 'Object Repository/Backoffice/match_mgmt/wala_details/input_wala_weight'

2018-11-26 18:54:16 - [MESSAGE][PASSED] - Text 'Weight 2' is set on object 'Object Repository/Backoffice/match_mgmt/wala_details/input_wala_weight'

2018-11-26 18:54:16 - [TEST_STEP][PASSED] - click: Object: 'Object Repository/Backoffice/match_mgmt/input_submit_match' is clicked on

2018-11-26 18:54:18 - [MESSAGE][PASSED] - Object: 'Object Repository/Backoffice/match_mgmt/input_submit_match' is clicked on

2018-11-26 18:54:18 - [TEST_STEP][PASSED] - delay: Delayed 1 second(s)

2018-11-26 18:54:19 - [MESSAGE][PASSED] - Delayed 1 second(s)

2018-11-26 18:54:19 - [TEST_STEP][PASSED] - click: Object: 'Object Repository/Backoffice/match_mgmt/button_create_match' is clicked on

2018-11-26 18:54:19 - [MESSAGE][PASSED] - Object: 'Object Repository/Backoffice/match_mgmt/button_create_match' is clicked on

2018-11-26 18:54:19 - [TEST_STEP][PASSED] - delay: Delayed 1 second(s)

2018-11-26 18:54:20 - [MESSAGE][PASSED] - Delayed 1 second(s)

2018-11-26 18:54:20 - [TEST_STEP][PASSED] - click: Object: 'Object Repository/Backoffice/match_mgmt/span_select_arena_name' is clicked on

2018-11-26 18:54:20 - [MESSAGE][PASSED] - Object: 'Object Repository/Backoffice/match_mgmt/span_select_arena_name' is clicked on

2018-11-26 18:54:20 - [TEST_STEP][PASSED] - setText: Text 'PASIG SQUARE GARDEN - PSG' is set on object 'Object Repository/Backoffice/match_mgmt/input__select2-search__arena_name'

2018-11-26 18:54:20 - [MESSAGE][PASSED] - Text 'PASIG SQUARE GARDEN - PSG' is set on object 'Object Repository/Backoffice/match_mgmt/input__select2-search__arena_name'

2018-11-26 18:54:20 - [TEST_STEP][PASSED] - sendKeys: Keys 'ENTER + ' sent to object: 'Object Repository/Backoffice/match_mgmt/input__select2-search__arena_name'

2018-11-26 18:54:20 - [MESSAGE][PASSED] - Keys 'ENTER + ' sent to object: 'Object Repository/Backoffice/match_mgmt/input__select2-search__arena_name'

2018-11-26 18:54:20 - [TEST_STEP][PASSED] - setText: Text 'AA' is set on object 'Object Repository/Backoffice/match_mgmt/meron_details/input_meron_name'

2018-11-26 18:54:20 - [MESSAGE][PASSED] - Text 'AA' is set on object 'Object Repository/Backoffice/match_mgmt/meron_details/input_meron_name'

2018-11-26 18:54:20 - [TEST_STEP][PASSED] - setText: Text 'Farm 1' is set on object 'Object Repository/Backoffice/match_mgmt/meron_details/input_meron_farm'

2018-11-26 18:54:21 - [MESSAGE][PASSED] - Text 'Farm 1' is set on object 'Object Repository/Backoffice/match_mgmt/meron_details/input_meron_farm'

2018-11-26 18:54:21 - [TEST_STEP][PASSED] - setText: Text 'Breed 1' is set on object 'Object Repository/Backoffice/match_mgmt/meron_details/input_meron_breed'

2018-11-26 18:54:21 - [MESSAGE][PASSED] - Text 'Breed 1' is set on object 'Object Repository/Backoffice/match_mgmt/meron_details/input_meron_breed'

2018-11-26 18:54:21 - [TEST_STEP][PASSED] - setText: Text 'Weight 1' is set on object 'Object Repository/Backoffice/match_mgmt/meron_details/input_meron_weight'

2018-11-26 18:54:21 - [MESSAGE][PASSED] - Text 'Weight 1' is set on object 'Object Repository/Backoffice/match_mgmt/meron_details/input_meron_weight'

2018-11-26 18:54:21 - [TEST_STEP][PASSED] - setText: Text 'BB' is set on object 'Object Repository/Backoffice/match_mgmt/wala_details/input_wala_name'

2018-11-26 18:54:21 - [MESSAGE][PASSED] - Text 'BB' is set on object 'Object Repository/Backoffice/match_mgmt/wala_details/input_wala_name'

2018-11-26 18:54:21 - [TEST_STEP][PASSED] - setText: Text 'Farm 2' is set on object 'Object Repository/Backoffice/match_mgmt/wala_details/input_wala_farm'

2018-11-26 18:54:21 - [MESSAGE][PASSED] - Text 'Farm 2' is set on object 'Object Repository/Backoffice/match_mgmt/wala_details/input_wala_farm'

2018-11-26 18:54:21 - [TEST_STEP][PASSED] - setText: Text 'Breed 2' is set on object 'Object Repository/Backoffice/match_mgmt/wala_details/input_wala_breed'

2018-11-26 18:54:21 - [MESSAGE][PASSED] - Text 'Breed 2' is set on object 'Object Repository/Backoffice/match_mgmt/wala_details/input_wala_breed'

2018-11-26 18:54:21 - [TEST_STEP][PASSED] - setText: Text 'Weight 2' is set on object 'Object Repository/Backoffice/match_mgmt/wala_details/input_wala_weight'

2018-11-26 18:54:21 - [MESSAGE][PASSED] - Text 'Weight 2' is set on object 'Object Repository/Backoffice/match_mgmt/wala_details/input_wala_weight'

2018-11-26 18:54:21 - [TEST_STEP][PASSED] - click: Object: 'Object Repository/Backoffice/match_mgmt/input_submit_match' is clicked on

2018-11-26 18:54:23 - [MESSAGE][PASSED] - Object: 'Object Repository/Backoffice/match_mgmt/input_submit_match' is clicked on

2018-11-26 18:54:23 - [TEST_STEP][PASSED] - delay: Delayed 1 second(s)

2018-11-26 18:54:24 - [MESSAGE][PASSED] - Delayed 1 second(s)

2018-11-26 18:54:24 - [TEST_STEP][PASSED] - click: Object: 'Object Repository/Backoffice/match_mgmt/button_create_match' is clicked on

2018-11-26 18:54:24 - [MESSAGE][PASSED] - Object: 'Object Repository/Backoffice/match_mgmt/button_create_match' is clicked on

2018-11-26 18:54:24 - [TEST_STEP][PASSED] - delay: Delayed 1 second(s)

2018-11-26 18:54:25 - [MESSAGE][PASSED] - Delayed 1 second(s)

2018-11-26 18:54:25 - [TEST_STEP][PASSED] - click: Object: 'Object Repository/Backoffice/match_mgmt/span_select_arena_name' is clicked on

2018-11-26 18:54:25 - [MESSAGE][PASSED] - Object: 'Object Repository/Backoffice/match_mgmt/span_select_arena_name' is clicked on

2018-11-26 18:54:25 - [TEST_STEP][PASSED] - setText: Text 'PASIG SQUARE GARDEN - PSG' is set on object 'Object Repository/Backoffice/match_mgmt/input__select2-search__arena_name'

2018-11-26 18:54:25 - [MESSAGE][PASSED] - Text 'PASIG SQUARE GARDEN - PSG' is set on object 'Object Repository/Backoffice/match_mgmt/input__select2-search__arena_name'

2018-11-26 18:54:25 - [TEST_STEP][PASSED] - sendKeys: Keys 'ENTER + ' sent to object: 'Object Repository/Backoffice/match_mgmt/input__select2-search__arena_name'

2018-11-26 18:54:25 - [MESSAGE][PASSED] - Keys 'ENTER + ' sent to object: 'Object Repository/Backoffice/match_mgmt/input__select2-search__arena_name'

2018-11-26 18:54:25 - [TEST_STEP][PASSED] - setText: Text 'AA' is set on object 'Object Repository/Backoffice/match_mgmt/meron_details/input_meron_name'

2018-11-26 18:54:25 - [MESSAGE][PASSED] - Text 'AA' is set on object 'Object Repository/Backoffice/match_mgmt/meron_details/input_meron_name'

2018-11-26 18:54:25 - [TEST_STEP][PASSED] - setText: Text 'Farm 1' is set on object 'Object Repository/Backoffice/match_mgmt/meron_details/input_meron_farm'

2018-11-26 18:54:25 - [MESSAGE][PASSED] - Text 'Farm 1' is set on object 'Object Repository/Backoffice/match_mgmt/meron_details/input_meron_farm'

2018-11-26 18:54:25 - [TEST_STEP][PASSED] - setText: Text 'Breed 1' is set on object 'Object Repository/Backoffice/match_mgmt/meron_details/input_meron_breed'

2018-11-26 18:54:26 - [MESSAGE][PASSED] - Text 'Breed 1' is set on object 'Object Repository/Backoffice/match_mgmt/meron_details/input_meron_breed'

2018-11-26 18:54:26 - [TEST_STEP][PASSED] - setText: Text 'Weight 1' is set on object 'Object Repository/Backoffice/match_mgmt/meron_details/input_meron_weight'

2018-11-26 18:54:26 - [MESSAGE][PASSED] - Text 'Weight 1' is set on object 'Object Repository/Backoffice/match_mgmt/meron_details/input_meron_weight'

2018-11-26 18:54:26 - [TEST_STEP][PASSED] - setText: Text 'BB' is set on object 'Object Repository/Backoffice/match_mgmt/wala_details/input_wala_name'

2018-11-26 18:54:26 - [MESSAGE][PASSED] - Text 'BB' is set on object 'Object Repository/Backoffice/match_mgmt/wala_details/input_wala_name'

2018-11-26 18:54:26 - [TEST_STEP][PASSED] - setText: Text 'Farm 2' is set on object 'Object Repository/Backoffice/match_mgmt/wala_details/input_wala_farm'

2018-11-26 18:54:26 - [MESSAGE][PASSED] - Text 'Farm 2' is set on object 'Object Repository/Backoffice/match_mgmt/wala_details/input_wala_farm'

2018-11-26 18:54:26 - [TEST_STEP][PASSED] - setText: Text 'Breed 2' is set on object 'Object Repository/Backoffice/match_mgmt/wala_details/input_wala_breed'

2018-11-26 18:54:26 - [MESSAGE][PASSED] - Text 'Breed 2' is set on object 'Object Repository/Backoffice/match_mgmt/wala_details/input_wala_breed'

2018-11-26 18:54:26 - [TEST_STEP][PASSED] - setText: Text 'Weight 2' is set on object 'Object Repository/Backoffice/match_mgmt/wala_details/input_wala_weight'

2018-11-26 18:54:26 - [MESSAGE][PASSED] - Text 'Weight 2' is set on object 'Object Repository/Backoffice/match_mgmt/wala_details/input_wala_weight'

2018-11-26 18:54:26 - [TEST_STEP][PASSED] - click: Object: 'Object Repository/Backoffice/match_mgmt/input_submit_match' is clicked on

2018-11-26 18:54:27 - [MESSAGE][PASSED] - Object: 'Object Repository/Backoffice/match_mgmt/input_submit_match' is clicked on

2018-11-26 18:54:27 - [TEST_STEP][PASSED] - delay: Delayed 1 second(s)

2018-11-26 18:54:28 - [MESSAGE][PASSED] - Delayed 1 second(s)

2018-11-26 18:54:28 - [TEST_STEP][PASSED] - click: Object: 'Object Repository/Backoffice/match_mgmt/button_create_match' is clicked on

2018-11-26 18:54:28 - [MESSAGE][PASSED] - Object: 'Object Repository/Backoffice/match_mgmt/button_create_match' is clicked on

2018-11-26 18:54:28 - [TEST_STEP][PASSED] - delay: Delayed 1 second(s)

2018-11-26 18:54:29 - [MESSAGE][PASSED] - Delayed 1 second(s)

2018-11-26 18:54:29 - [TEST_STEP][PASSED] - click: Object: 'Object Repository/Backoffice/match_mgmt/span_select_arena_name' is clicked on

2018-11-26 18:54:30 - [MESSAGE][PASSED] - Object: 'Object Repository/Backoffice/match_mgmt/span_select_arena_name' is clicked on

2018-11-26 18:54:30 - [TEST_STEP][PASSED] - setText: Text 'PASIG SQUARE GARDEN - PSG' is set on object 'Object Repository/Backoffice/match_mgmt/input__select2-search__arena_name'

2018-11-26 18:54:30 - [MESSAGE][PASSED] - Text 'PASIG SQUARE GARDEN - PSG' is set on object 'Object Repository/Backoffice/match_mgmt/input__select2-search__arena_name'

2018-11-26 18:54:30 - [TEST_STEP][PASSED] - sendKeys: Keys 'ENTER + ' sent to object: 'Object Repository/Backoffice/match_mgmt/input__select2-search__arena_name'

2018-11-26 18:54:30 - [MESSAGE][PASSED] - Keys 'ENTER + ' sent to object: 'Object Repository/Backoffice/match_mgmt/input__select2-search__arena_name'

2018-11-26 18:54:30 - [TEST_STEP][PASSED] - setText: Text 'AA' is set on object 'Object Repository/Backoffice/match_mgmt/meron_details/input_meron_name'

2018-11-26 18:54:30 - [MESSAGE][PASSED] - Text 'AA' is set on object 'Object Repository/Backoffice/match_mgmt/meron_details/input_meron_name'

2018-11-26 18:54:30 - [TEST_STEP][PASSED] - setText: Text 'Farm 1' is set on object 'Object Repository/Backoffice/match_mgmt/meron_details/input_meron_farm'

2018-11-26 18:54:30 - [MESSAGE][PASSED] - Text 'Farm 1' is set on object 'Object Repository/Backoffice/match_mgmt/meron_details/input_meron_farm'

2018-11-26 18:54:30 - [TEST_STEP][PASSED] - setText: Text 'Breed 1' is set on object 'Object Repository/Backoffice/match_mgmt/meron_details/input_meron_breed'

2018-11-26 18:54:30 - [MESSAGE][PASSED] - Text 'Breed 1' is set on object 'Object Repository/Backoffice/match_mgmt/meron_details/input_meron_breed'

2018-11-26 18:54:30 - [TEST_STEP][PASSED] - setText: Text 'Weight 1' is set on object 'Object Repository/Backoffice/match_mgmt/meron_details/input_meron_weight'

2018-11-26 18:54:31 - [MESSAGE][PASSED] - Text 'Weight 1' is set on object 'Object Repository/Backoffice/match_mgmt/meron_details/input_meron_weight'

2018-11-26 18:54:31 - [TEST_STEP][PASSED] - setText: Text 'BB' is set on object 'Object Repository/Backoffice/match_mgmt/wala_details/input_wala_name'

2018-11-26 18:54:31 - [MESSAGE][PASSED] - Text 'BB' is set on object 'Object Repository/Backoffice/match_mgmt/wala_details/input_wala_name'

2018-11-26 18:54:31 - [TEST_STEP][PASSED] - setText: Text 'Farm 2' is set on object 'Object Repository/Backoffice/match_mgmt/wala_details/input_wala_farm'

2018-11-26 18:54:31 - [MESSAGE][PASSED] - Text 'Farm 2' is set on object 'Object Repository/Backoffice/match_mgmt/wala_details/input_wala_farm'

2018-11-26 18:54:31 - [TEST_STEP][PASSED] - setText: Text 'Breed 2' is set on object 'Object Repository/Backoffice/match_mgmt/wala_details/input_wala_breed'

2018-11-26 18:54:31 - [MESSAGE][PASSED] - Text 'Breed 2' is set on object 'Object Repository/Backoffice/match_mgmt/wala_details/input_wala_breed'

2018-11-26 18:54:31 - [TEST_STEP][PASSED] - setText: Text 'Weight 2' is set on object 'Object Repository/Backoffice/match_mgmt/wala_details/input_wala_weight'

2018-11-26 18:54:31 - [MESSAGE][PASSED] - Text 'Weight 2' is set on object 'Object Repository/Backoffice/match_mgmt/wala_details/input_wala_weight'

2018-11-26 18:54:31 - [TEST_STEP][PASSED] - click: Object: 'Object Repository/Backoffice/match_mgmt/input_submit_match' is clicked on

2018-11-26 18:54:32 - [MESSAGE][PASSED] - Object: 'Object Repository/Backoffice/match_mgmt/input_submit_match' is clicked on

2018-11-26 18:54:32 - [TEST_STEP][PASSED] - delay: Delayed 1 second(s)

2018-11-26 18:54:33 - [MESSAGE][PASSED] - Delayed 1 second(s)

2018-11-26 18:54:33 - [TEST_STEP][PASSED] - click: Object: 'Object Repository/Backoffice/match_mgmt/button_create_match' is clicked on

2018-11-26 18:54:33 - [MESSAGE][PASSED] - Object: 'Object Repository/Backoffice/match_mgmt/button_create_match' is clicked on

2018-11-26 18:54:33 - [TEST_STEP][PASSED] - delay: Delayed 1 second(s)

2018-11-26 18:54:34 - [MESSAGE][PASSED] - Delayed 1 second(s)

2018-11-26 18:54:34 - [TEST_STEP][PASSED] - click: Object: 'Object Repository/Backoffice/match_mgmt/span_select_arena_name' is clicked on

2018-11-26 18:54:34 - [MESSAGE][PASSED] - Object: 'Object Repository/Backoffice/match_mgmt/span_select_arena_name' is clicked on

2018-11-26 18:54:34 - [TEST_STEP][PASSED] - setText: Text 'PASIG SQUARE GARDEN - PSG' is set on object 'Object Repository/Backoffice/match_mgmt/input__select2-search__arena_name'

2018-11-26 18:54:35 - [MESSAGE][PASSED] - Text 'PASIG SQUARE GARDEN - PSG' is set on object 'Object Repository/Backoffice/match_mgmt/input__select2-search__arena_name'

2018-11-26 18:54:35 - [TEST_STEP][PASSED] - sendKeys: Keys 'ENTER + ' sent to object: 'Object Repository/Backoffice/match_mgmt/input__select2-search__arena_name'

2018-11-26 18:54:35 - [MESSAGE][PASSED] - Keys 'ENTER + ' sent to object: 'Object Repository/Backoffice/match_mgmt/input__select2-search__arena_name'

2018-11-26 18:54:35 - [TEST_STEP][PASSED] - setText: Text 'AA' is set on object 'Object Repository/Backoffice/match_mgmt/meron_details/input_meron_name'

2018-11-26 18:54:35 - [MESSAGE][PASSED] - Text 'AA' is set on object 'Object Repository/Backoffice/match_mgmt/meron_details/input_meron_name'

2018-11-26 18:54:35 - [TEST_STEP][PASSED] - setText: Text 'Farm 1' is set on object 'Object Repository/Backoffice/match_mgmt/meron_details/input_meron_farm'

2018-11-26 18:54:35 - [MESSAGE][PASSED] - Text 'Farm 1' is set on object 'Object Repository/Backoffice/match_mgmt/meron_details/input_meron_farm'

2018-11-26 18:54:35 - [TEST_STEP][PASSED] - setText: Text 'Breed 1' is set on object 'Object Repository/Backoffice/match_mgmt/meron_details/input_meron_breed'

2018-11-26 18:54:35 - [MESSAGE][PASSED] - Text 'Breed 1' is set on object 'Object Repository/Backoffice/match_mgmt/meron_details/input_meron_breed'

2018-11-26 18:54:35 - [TEST_STEP][PASSED] - setText: Text 'Weight 1' is set on object 'Object Repository/Backoffice/match_mgmt/meron_details/input_meron_weight'

2018-11-26 18:54:35 - [MESSAGE][PASSED] - Text 'Weight 1' is set on object 'Object Repository/Backoffice/match_mgmt/meron_details/input_meron_weight'

2018-11-26 18:54:35 - [TEST_STEP][PASSED] - setText: Text 'BB' is set on object 'Object Repository/Backoffice/match_mgmt/wala_details/input_wala_name'

2018-11-26 18:54:35 - [MESSAGE][PASSED] - Text 'BB' is set on object 'Object Repository/Backoffice/match_mgmt/wala_details/input_wala_name'

2018-11-26 18:54:35 - [TEST_STEP][PASSED] - setText: Text 'Farm 2' is set on object 'Object Repository/Backoffice/match_mgmt/wala_details/input_wala_farm'

2018-11-26 18:54:36 - [MESSAGE][PASSED] - Text 'Farm 2' is set on object 'Object Repository/Backoffice/match_mgmt/wala_details/input_wala_farm'

2018-11-26 18:54:36 - [TEST_STEP][PASSED] - setText: Text 'Breed 2' is set on object 'Object Repository/Backoffice/match_mgmt/wala_details/input_wala_breed'

2018-11-26 18:54:36 - [MESSAGE][PASSED] - Text 'Breed 2' is set on object 'Object Repository/Backoffice/match_mgmt/wala_details/input_wala_breed'

2018-11-26 18:54:36 - [TEST_STEP][PASSED] - setText: Text 'Weight 2' is set on object 'Object Repository/Backoffice/match_mgmt/wala_details/input_wala_weight'

2018-11-26 18:54:36 - [MESSAGE][PASSED] - Text 'Weight 2' is set on object 'Object Repository/Backoffice/match_mgmt/wala_details/input_wala_weight'

2018-11-26 18:54:36 - [TEST_STEP][PASSED] - click: Object: 'Object Repository/Backoffice/match_mgmt/input_submit_match' is clicked on

2018-11-26 18:54:37 - [MESSAGE][PASSED] - Object: 'Object Repository/Backoffice/match_mgmt/input_submit_match' is clicked on

2018-11-26 18:54:37 - [TEST_STEP][PASSED] - delay: Delayed 1 second(s)

2018-11-26 18:54:38 - [MESSAGE][PASSED] - Delayed 1 second(s)

2018-11-26 18:54:38 - [TEST_STEP][PASSED] - click: Object: 'Object Repository/Backoffice/match_mgmt/button_create_match' is clicked on

2018-11-26 18:54:38 - [MESSAGE][PASSED] - Object: 'Object Repository/Backoffice/match_mgmt/button_create_match' is clicked on

2018-11-26 18:54:38 - [TEST_STEP][PASSED] - delay: Delayed 1 second(s)

2018-11-26 18:54:39 - [MESSAGE][PASSED] - Delayed 1 second(s)

2018-11-26 18:54:39 - [TEST_STEP][PASSED] - click: Object: 'Object Repository/Backoffice/match_mgmt/span_select_arena_name' is clicked on

2018-11-26 18:54:39 - [MESSAGE][PASSED] - Object: 'Object Repository/Backoffice/match_mgmt/span_select_arena_name' is clicked on

2018-11-26 18:54:39 - [TEST_STEP][PASSED] - setText: Text 'PASIG SQUARE GARDEN - PSG' is set on object 'Object Repository/Backoffice/match_mgmt/input__select2-search__arena_name'

2018-11-26 18:54:40 - [MESSAGE][PASSED] - Text 'PASIG SQUARE GARDEN - PSG' is set on object 'Object Repository/Backoffice/match_mgmt/input__select2-search__arena_name'

2018-11-26 18:54:40 - [TEST_STEP][PASSED] - sendKeys: Keys 'ENTER + ' sent to object: 'Object Repository/Backoffice/match_mgmt/input__select2-search__arena_name'

2018-11-26 18:54:40 - [MESSAGE][PASSED] - Keys 'ENTER + ' sent to object: 'Object Repository/Backoffice/match_mgmt/input__select2-search__arena_name'

2018-11-26 18:54:40 - [TEST_STEP][PASSED] - setText: Text 'AA' is set on object 'Object Repository/Backoffice/match_mgmt/meron_details/input_meron_name'

2018-11-26 18:54:40 - [MESSAGE][PASSED] - Text 'AA' is set on object 'Object Repository/Backoffice/match_mgmt/meron_details/input_meron_name'

2018-11-26 18:54:40 - [TEST_STEP][PASSED] - setText: Text 'Farm 1' is set on object 'Object Repository/Backoffice/match_mgmt/meron_details/input_meron_farm'

2018-11-26 18:54:40 - [MESSAGE][PASSED] - Text 'Farm 1' is set on object 'Object Repository/Backoffice/match_mgmt/meron_details/input_meron_farm'

2018-11-26 18:54:40 - [TEST_STEP][PASSED] - setText: Text 'Breed 1' is set on object 'Object Repository/Backoffice/match_mgmt/meron_details/input_meron_breed'

2018-11-26 18:54:40 - [MESSAGE][PASSED] - Text 'Breed 1' is set on object 'Object Repository/Backoffice/match_mgmt/meron_details/input_meron_breed'

2018-11-26 18:54:40 - [TEST_STEP][PASSED] - setText: Text 'Weight 1' is set on object 'Object Repository/Backoffice/match_mgmt/meron_details/input_meron_weight'

2018-11-26 18:54:40 - [MESSAGE][PASSED] - Text 'Weight 1' is set on object 'Object Repository/Backoffice/match_mgmt/meron_details/input_meron_weight'

2018-11-26 18:54:40 - [TEST_STEP][PASSED] - setText: Text 'BB' is set on object 'Object Repository/Backoffice/match_mgmt/wala_details/input_wala_name'

2018-11-26 18:54:40 - [MESSAGE][PASSED] - Text 'BB' is set on object 'Object Repository/Backoffice/match_mgmt/wala_details/input_wala_name'

2018-11-26 18:54:40 - [TEST_STEP][PASSED] - setText: Text 'Farm 2' is set on object 'Object Repository/Backoffice/match_mgmt/wala_details/input_wala_farm'

2018-11-26 18:54:40 - [MESSAGE][PASSED] - Text 'Farm 2' is set on object 'Object Repository/Backoffice/match_mgmt/wala_details/input_wala_farm'

2018-11-26 18:54:40 - [TEST_STEP][PASSED] - setText: Text 'Breed 2' is set on object 'Object Repository/Backoffice/match_mgmt/wala_details/input_wala_breed'

2018-11-26 18:54:41 - [MESSAGE][PASSED] - Text 'Breed 2' is set on object 'Object Repository/Backoffice/match_mgmt/wala_details/input_wala_breed'

2018-11-26 18:54:41 - [TEST_STEP][PASSED] - setText: Text 'Weight 2' is set on object 'Object Repository/Backoffice/match_mgmt/wala_details/input_wala_weight'

2018-11-26 18:54:41 - [MESSAGE][PASSED] - Text 'Weight 2' is set on object 'Object Repository/Backoffice/match_mgmt/wala_details/input_wala_weight'

2018-11-26 18:54:41 - [TEST_STEP][PASSED] - click: Object: 'Object Repository/Backoffice/match_mgmt/input_submit_match' is clicked on

2018-11-26 18:54:42 - [MESSAGE][PASSED] - Object: 'Object Repository/Backoffice/match_mgmt/input_submit_match' is clicked on

2018-11-26 18:54:42 - [TEST_STEP][PASSED] - delay: Delayed 1 second(s)

2018-11-26 18:54:43 - [MESSAGE][PASSED] - Delayed 1 second(s)

2018-11-26 18:54:43 - [TEST_STEP][PASSED] - click: Object: 'Object Repository/Backoffice/match_mgmt/button_create_match' is clicked on

2018-11-26 18:54:43 - [MESSAGE][PASSED] - Object: 'Object Repository/Backoffice/match_mgmt/button_create_match' is clicked on

2018-11-26 18:54:43 - [TEST_STEP][PASSED] - delay: Delayed 1 second(s)

2018-11-26 18:54:44 - [MESSAGE][PASSED] - Delayed 1 second(s)

2018-11-26 18:54:44 - [TEST_STEP][PASSED] - click: Object: 'Object Repository/Backoffice/match_mgmt/span_select_arena_name' is clicked on

2018-11-26 18:54:44 - [MESSAGE][PASSED] - Object: 'Object Repository/Backoffice/match_mgmt/span_select_arena_name' is clicked on

2018-11-26 18:54:44 - [TEST_STEP][PASSED] - setText: Text 'PASIG SQUARE GARDEN - PSG' is set on object 'Object Repository/Backoffice/match_mgmt/input__select2-search__arena_name'

2018-11-26 18:54:45 - [MESSAGE][PASSED] - Text 'PASIG SQUARE GARDEN - PSG' is set on object 'Object Repository/Backoffice/match_mgmt/input__select2-search__arena_name'

2018-11-26 18:54:45 - [TEST_STEP][PASSED] - sendKeys: Keys 'ENTER + ' sent to object: 'Object Repository/Backoffice/match_mgmt/input__select2-search__arena_name'

2018-11-26 18:54:45 - [MESSAGE][PASSED] - Keys 'ENTER + ' sent to object: 'Object Repository/Backoffice/match_mgmt/input__select2-search__arena_name'

2018-11-26 18:54:45 - [TEST_STEP][PASSED] - setText: Text 'AA' is set on object 'Object Repository/Backoffice/match_mgmt/meron_details/input_meron_name'

2018-11-26 18:54:45 - [MESSAGE][PASSED] - Text 'AA' is set on object 'Object Repository/Backoffice/match_mgmt/meron_details/input_meron_name'

2018-11-26 18:54:45 - [TEST_STEP][PASSED] - setText: Text 'Farm 1' is set on object 'Object Repository/Backoffice/match_mgmt/meron_details/input_meron_farm'

2018-11-26 18:54:45 - [MESSAGE][PASSED] - Text 'Farm 1' is set on object 'Object Repository/Backoffice/match_mgmt/meron_details/input_meron_farm'

2018-11-26 18:54:45 - [TEST_STEP][PASSED] - setText: Text 'Breed 1' is set on object 'Object Repository/Backoffice/match_mgmt/meron_details/input_meron_breed'

2018-11-26 18:54:45 - [MESSAGE][PASSED] - Text 'Breed 1' is set on object 'Object Repository/Backoffice/match_mgmt/meron_details/input_meron_breed'

2018-11-26 18:54:45 - [TEST_STEP][PASSED] - setText: Text 'Weight 1' is set on object 'Object Repository/Backoffice/match_mgmt/meron_details/input_meron_weight'

2018-11-26 18:54:45 - [MESSAGE][PASSED] - Text 'Weight 1' is set on object 'Object Repository/Backoffice/match_mgmt/meron_details/input_meron_weight'

2018-11-26 18:54:45 - [TEST_STEP][PASSED] - setText: Text 'BB' is set on object 'Object Repository/Backoffice/match_mgmt/wala_details/input_wala_name'

2018-11-26 18:54:45 - [MESSAGE][PASSED] - Text 'BB' is set on object 'Object Repository/Backoffice/match_mgmt/wala_details/input_wala_name'

2018-11-26 18:54:45 - [TEST_STEP][PASSED] - setText: Text 'Farm 2' is set on object 'Object Repository/Backoffice/match_mgmt/wala_details/input_wala_farm'

2018-11-26 18:54:45 - [MESSAGE][PASSED] - Text 'Farm 2' is set on object 'Object Repository/Backoffice/match_mgmt/wala_details/input_wala_farm'

2018-11-26 18:54:45 - [TEST_STEP][PASSED] - setText: Text 'Breed 2' is set on object 'Object Repository/Backoffice/match_mgmt/wala_details/input_wala_breed'

2018-11-26 18:54:45 - [MESSAGE][PASSED] - Text 'Breed 2' is set on object 'Object Repository/Backoffice/match_mgmt/wala_details/input_wala_breed'

2018-11-26 18:54:45 - [TEST_STEP][PASSED] - setText: Text 'Weight 2' is set on object 'Object Repository/Backoffice/match_mgmt/wala_details/input_wala_weight'

2018-11-26 18:54:46 - [MESSAGE][PASSED] - Text 'Weight 2' is set on object 'Object Repository/Backoffice/match_mgmt/wala_details/input_wala_weight'

2018-11-26 18:54:46 - [TEST_STEP][PASSED] - click: Object: 'Object Repository/Backoffice/match_mgmt/input_submit_match' is clicked on

2018-11-26 18:54:47 - [MESSAGE][PASSED] - Object: 'Object Repository/Backoffice/match_mgmt/input_submit_match' is clicked on

2018-11-26 18:54:47 - [TEST_STEP][PASSED] - delay: Delayed 1 second(s)

2018-11-26 18:54:48 - [MESSAGE][PASSED] - Delayed 1 second(s)

2018-11-26 18:54:48 - [TEST_STEP][PASSED] - click: Object: 'Object Repository/Backoffice/match_mgmt/button_create_match' is clicked on

2018-11-26 18:54:48 - [MESSAGE][PASSED] - Object: 'Object Repository/Backoffice/match_mgmt/button_create_match' is clicked on

2018-11-26 18:54:48 - [TEST_STEP][PASSED] - delay: Delayed 1 second(s)

2018-11-26 18:54:49 - [MESSAGE][PASSED] - Delayed 1 second(s)

2018-11-26 18:54:49 - [TEST_STEP][PASSED] - click: Object: 'Object Repository/Backoffice/match_mgmt/span_select_arena_name' is clicked on

2018-11-26 18:54:49 - [MESSAGE][PASSED] - Object: 'Object Repository/Backoffice/match_mgmt/span_select_arena_name' is clicked on

2018-11-26 18:54:49 - [TEST_STEP][PASSED] - setText: Text 'PASIG SQUARE GARDEN - PSG' is set on object 'Object Repository/Backoffice/match_mgmt/input__select2-search__arena_name'

2018-11-26 18:54:49 - [MESSAGE][PASSED] - Text 'PASIG SQUARE GARDEN - PSG' is set on object 'Object Repository/Backoffice/match_mgmt/input__select2-search__arena_name'

2018-11-26 18:54:49 - [TEST_STEP][PASSED] - sendKeys: Keys 'ENTER + ' sent to object: 'Object Repository/Backoffice/match_mgmt/input__select2-search__arena_name'

2018-11-26 18:54:49 - [MESSAGE][PASSED] - Keys 'ENTER + ' sent to object: 'Object Repository/Backoffice/match_mgmt/input__select2-search__arena_name'

2018-11-26 18:54:49 - [TEST_STEP][PASSED] - setText: Text 'AA' is set on object 'Object Repository/Backoffice/match_mgmt/meron_details/input_meron_name'

2018-11-26 18:54:49 - [MESSAGE][PASSED] - Text 'AA' is set on object 'Object Repository/Backoffice/match_mgmt/meron_details/input_meron_name'

2018-11-26 18:54:49 - [TEST_STEP][PASSED] - setText: Text 'Farm 1' is set on object 'Object Repository/Backoffice/match_mgmt/meron_details/input_meron_farm'

2018-11-26 18:54:50 - [MESSAGE][PASSED] - Text 'Farm 1' is set on object 'Object Repository/Backoffice/match_mgmt/meron_details/input_meron_farm'

2018-11-26 18:54:50 - [TEST_STEP][PASSED] - setText: Text 'Breed 1' is set on object 'Object Repository/Backoffice/match_mgmt/meron_details/input_meron_breed'

2018-11-26 18:54:50 - [MESSAGE][PASSED] - Text 'Breed 1' is set on object 'Object Repository/Backoffice/match_mgmt/meron_details/input_meron_breed'

2018-11-26 18:54:50 - [TEST_STEP][PASSED] - setText: Text 'Weight 1' is set on object 'Object Repository/Backoffice/match_mgmt/meron_details/input_meron_weight'

2018-11-26 18:54:50 - [MESSAGE][PASSED] - Text 'Weight 1' is set on object 'Object Repository/Backoffice/match_mgmt/meron_details/input_meron_weight'

2018-11-26 18:54:50 - [TEST_STEP][PASSED] - setText: Text 'BB' is set on object 'Object Repository/Backoffice/match_mgmt/wala_details/input_wala_name'

2018-11-26 18:54:50 - [MESSAGE][PASSED] - Text 'BB' is set on object 'Object Repository/Backoffice/match_mgmt/wala_details/input_wala_name'

2018-11-26 18:54:50 - [TEST_STEP][PASSED] - setText: Text 'Farm 2' is set on object 'Object Repository/Backoffice/match_mgmt/wala_details/input_wala_farm'

2018-11-26 18:54:50 - [MESSAGE][PASSED] - Text 'Farm 2' is set on object 'Object Repository/Backoffice/match_mgmt/wala_details/input_wala_farm'

2018-11-26 18:54:50 - [TEST_STEP][PASSED] - setText: Text 'Breed 2' is set on object 'Object Repository/Backoffice/match_mgmt/wala_details/input_wala_breed'

2018-11-26 18:54:50 - [MESSAGE][PASSED] - Text 'Breed 2' is set on object 'Object Repository/Backoffice/match_mgmt/wala_details/input_wala_breed'

2018-11-26 18:54:50 - [TEST_STEP][PASSED] - setText: Text 'Weight 2' is set on object 'Object Repository/Backoffice/match_mgmt/wala_details/input_wala_weight'

2018-11-26 18:54:50 - [MESSAGE][PASSED] - Text 'Weight 2' is set on object 'Object Repository/Backoffice/match_mgmt/wala_details/input_wala_weight'

2018-11-26 18:54:50 - [TEST_STEP][PASSED] - click: Object: 'Object Repository/Backoffice/match_mgmt/input_submit_match' is clicked on

2018-11-26 18:54:51 - [MESSAGE][PASSED] - Object: 'Object Repository/Backoffice/match_mgmt/input_submit_match' is clicked on

2018-11-26 18:54:51 - [TEST_STEP][PASSED] - delay: Delayed 1 second(s)

2018-11-26 18:54:52 - [MESSAGE][PASSED] - Delayed 1 second(s)

2018-11-26 18:54:52 - [TEST_STEP][PASSED] - click: Object: 'Object Repository/Backoffice/match_mgmt/button_create_match' is clicked on

2018-11-26 18:54:53 - [MESSAGE][PASSED] - Object: 'Object Repository/Backoffice/match_mgmt/button_create_match' is clicked on

2018-11-26 18:54:53 - [TEST_STEP][PASSED] - delay: Delayed 1 second(s)

2018-11-26 18:54:54 - [MESSAGE][PASSED] - Delayed 1 second(s)

2018-11-26 18:54:54 - [TEST_STEP][PASSED] - click: Object: 'Object Repository/Backoffice/match_mgmt/span_select_arena_name' is clicked on

2018-11-26 18:54:54 - [MESSAGE][PASSED] - Object: 'Object Repository/Backoffice/match_mgmt/span_select_arena_name' is clicked on

2018-11-26 18:54:54 - [TEST_STEP][PASSED] - setText: Text 'PASIG SQUARE GARDEN - PSG' is set on object 'Object Repository/Backoffice/match_mgmt/input__select2-search__arena_name'

2018-11-26 18:54:54 - [MESSAGE][PASSED] - Text 'PASIG SQUARE GARDEN - PSG' is set on object 'Object Repository/Backoffice/match_mgmt/input__select2-search__arena_name'

2018-11-26 18:54:54 - [TEST_STEP][PASSED] - sendKeys: Keys 'ENTER + ' sent to object: 'Object Repository/Backoffice/match_mgmt/input__select2-search__arena_name'

2018-11-26 18:54:54 - [MESSAGE][PASSED] - Keys 'ENTER + ' sent to object: 'Object Repository/Backoffice/match_mgmt/input__select2-search__arena_name'

2018-11-26 18:54:54 - [TEST_STEP][PASSED] - setText: Text 'AA' is set on object 'Object Repository/Backoffice/match_mgmt/meron_details/input_meron_name'

2018-11-26 18:54:54 - [MESSAGE][PASSED] - Text 'AA' is set on object 'Object Repository/Backoffice/match_mgmt/meron_details/input_meron_name'

2018-11-26 18:54:54 - [TEST_STEP][PASSED] - setText: Text 'Farm 1' is set on object 'Object Repository/Backoffice/match_mgmt/meron_details/input_meron_farm'

2018-11-26 18:54:54 - [MESSAGE][PASSED] - Text 'Farm 1' is set on object 'Object Repository/Backoffice/match_mgmt/meron_details/input_meron_farm'

2018-11-26 18:54:54 - [TEST_STEP][PASSED] - setText: Text 'Breed 1' is set on object 'Object Repository/Backoffice/match_mgmt/meron_details/input_meron_breed'

2018-11-26 18:54:55 - [MESSAGE][PASSED] - Text 'Breed 1' is set on object 'Object Repository/Backoffice/match_mgmt/meron_details/input_meron_breed'

2018-11-26 18:54:55 - [TEST_STEP][PASSED] - setText: Text 'Weight 1' is set on object 'Object Repository/Backoffice/match_mgmt/meron_details/input_meron_weight'

2018-11-26 18:54:55 - [MESSAGE][PASSED] - Text 'Weight 1' is set on object 'Object Repository/Backoffice/match_mgmt/meron_details/input_meron_weight'

2018-11-26 18:54:55 - [TEST_STEP][PASSED] - setText: Text 'BB' is set on object 'Object Repository/Backoffice/match_mgmt/wala_details/input_wala_name'

2018-11-26 18:54:55 - [MESSAGE][PASSED] - Text 'BB' is set on object 'Object Repository/Backoffice/match_mgmt/wala_details/input_wala_name'

2018-11-26 18:54:55 - [TEST_STEP][PASSED] - setText: Text 'Farm 2' is set on object 'Object Repository/Backoffice/match_mgmt/wala_details/input_wala_farm'

2018-11-26 18:54:55 - [MESSAGE][PASSED] - Text 'Farm 2' is set on object 'Object Repository/Backoffice/match_mgmt/wala_details/input_wala_farm'

2018-11-26 18:54:55 - [TEST_STEP][PASSED] - setText: Text 'Breed 2' is set on object 'Object Repository/Backoffice/match_mgmt/wala_details/input_wala_breed'

2018-11-26 18:54:55 - [MESSAGE][PASSED] - Text 'Breed 2' is set on object 'Object Repository/Backoffice/match_mgmt/wala_details/input_wala_breed'

2018-11-26 18:54:55 - [TEST_STEP][PASSED] - setText: Text 'Weight 2' is set on object 'Object Repository/Backoffice/match_mgmt/wala_details/input_wala_weight'

2018-11-26 18:54:55 - [MESSAGE][PASSED] - Text 'Weight 2' is set on object 'Object Repository/Backoffice/match_mgmt/wala_details/input_wala_weight'

2018-11-26 18:54:55 - [TEST_STEP][PASSED] - click: Object: 'Object Repository/Backoffice/match_mgmt/input_submit_match' is clicked on

2018-11-26 18:54:56 - [MESSAGE][PASSED] - Object: 'Object Repository/Backoffice/match_mgmt/input_submit_match' is clicked on

2018-11-26 18:54:56 - [TEST_STEP][PASSED] - delay: Delayed 1 second(s)

2018-11-26 18:54:57 - [MESSAGE][PASSED] - Delayed 1 second(s)

2018-11-26 18:54:57 - [TEST_STEP][PASSED] - click: Object: 'Object Repository/Backoffice/match_mgmt/button_create_match' is clicked on

2018-11-26 18:54:57 - [MESSAGE][PASSED] - Object: 'Object Repository/Backoffice/match_mgmt/button_create_match' is clicked on

2018-11-26 18:54:57 - [TEST_STEP][PASSED] - delay: Delayed 1 second(s)

2018-11-26 18:54:58 - [MESSAGE][PASSED] - Delayed 1 second(s)

2018-11-26 18:54:58 - [TEST_STEP][PASSED] - click: Object: 'Object Repository/Backoffice/match_mgmt/span_select_arena_name' is clicked on

2018-11-26 18:54:59 - [MESSAGE][PASSED] - Object: 'Object Repository/Backoffice/match_mgmt/span_select_arena_name' is clicked on

2018-11-26 18:54:59 - [TEST_STEP][PASSED] - setText: Text 'PASIG SQUARE GARDEN - PSG' is set on object 'Object Repository/Backoffice/match_mgmt/input__select2-search__arena_name'

2018-11-26 18:54:59 - [MESSAGE][PASSED] - Text 'PASIG SQUARE GARDEN - PSG' is set on object 'Object Repository/Backoffice/match_mgmt/input__select2-search__arena_name'

2018-11-26 18:54:59 - [TEST_STEP][PASSED] - sendKeys: Keys 'ENTER + ' sent to object: 'Object Repository/Backoffice/match_mgmt/input__select2-search__arena_name'

2018-11-26 18:54:59 - [MESSAGE][PASSED] - Keys 'ENTER + ' sent to object: 'Object Repository/Backoffice/match_mgmt/input__select2-search__arena_name'

2018-11-26 18:54:59 - [TEST_STEP][PASSED] - setText: Text 'AA' is set on object 'Object Repository/Backoffice/match_mgmt/meron_details/input_meron_name'

2018-11-26 18:54:59 - [MESSAGE][PASSED] - Text 'AA' is set on object 'Object Repository/Backoffice/match_mgmt/meron_details/input_meron_name'

2018-11-26 18:54:59 - [TEST_STEP][PASSED] - setText: Text 'Farm 1' is set on object 'Object Repository/Backoffice/match_mgmt/meron_details/input_meron_farm'

2018-11-26 18:54:59 - [MESSAGE][PASSED] - Text 'Farm 1' is set on object 'Object Repository/Backoffice/match_mgmt/meron_details/input_meron_farm'

2018-11-26 18:54:59 - [TEST_STEP][PASSED] - setText: Text 'Breed 1' is set on object 'Object Repository/Backoffice/match_mgmt/meron_details/input_meron_breed'

2018-11-26 18:54:59 - [MESSAGE][PASSED] - Text 'Breed 1' is set on object 'Object Repository/Backoffice/match_mgmt/meron_details/input_meron_breed'

2018-11-26 18:54:59 - [TEST_STEP][PASSED] - setText: Text 'Weight 1' is set on object 'Object Repository/Backoffice/match_mgmt/meron_details/input_meron_weight'

2018-11-26 18:54:59 - [MESSAGE][PASSED] - Text 'Weight 1' is set on object 'Object Repository/Backoffice/match_mgmt/meron_details/input_meron_weight'

2018-11-26 18:54:59 - [TEST_STEP][PASSED] - setText: Text 'BB' is set on object 'Object Repository/Backoffice/match_mgmt/wala_details/input_wala_name'

2018-11-26 18:55:00 - [MESSAGE][PASSED] - Text 'BB' is set on object 'Object Repository/Backoffice/match_mgmt/wala_details/input_wala_name'

2018-11-26 18:55:00 - [TEST_STEP][PASSED] - setText: Text 'Farm 2' is set on object 'Object Repository/Backoffice/match_mgmt/wala_details/input_wala_farm'

2018-11-26 18:55:00 - [MESSAGE][PASSED] - Text 'Farm 2' is set on object 'Object Repository/Backoffice/match_mgmt/wala_details/input_wala_farm'

2018-11-26 18:55:00 - [TEST_STEP][PASSED] - setText: Text 'Breed 2' is set on object 'Object Repository/Backoffice/match_mgmt/wala_details/input_wala_breed'

2018-11-26 18:55:00 - [MESSAGE][PASSED] - Text 'Breed 2' is set on object 'Object Repository/Backoffice/match_mgmt/wala_details/input_wala_breed'

2018-11-26 18:55:00 - [TEST_STEP][PASSED] - setText: Text 'Weight 2' is set on object 'Object Repository/Backoffice/match_mgmt/wala_details/input_wala_weight'

2018-11-26 18:55:00 - [MESSAGE][PASSED] - Text 'Weight 2' is set on object 'Object Repository/Backoffice/match_mgmt/wala_details/input_wala_weight'

2018-11-26 18:55:00 - [TEST_STEP][PASSED] - click: Object: 'Object Repository/Backoffice/match_mgmt/input_submit_match' is clicked on

2018-11-26 18:55:01 - [MESSAGE][PASSED] - Object: 'Object Repository/Backoffice/match_mgmt/input_submit_match' is clicked on

2018-11-26 18:55:01 - [TEST_STEP][PASSED] - delay: Delayed 1 second(s)

2018-11-26 18:55:02 - [MESSAGE][PASSED] - Delayed 1 second(s)

2018-11-26 18:55:02 - [TEST_STEP][PASSED] - click: Object: 'Object Repository/Backoffice/match_mgmt/button_create_match' is clicked on

2018-11-26 18:55:02 - [MESSAGE][PASSED] - Object: 'Object Repository/Backoffice/match_mgmt/button_create_match' is clicked on

2018-11-26 18:55:02 - [TEST_STEP][PASSED] - delay: Delayed 1 second(s)

2018-11-26 18:55:03 - [MESSAGE][PASSED] - Delayed 1 second(s)

2018-11-26 18:55:03 - [TEST_STEP][PASSED] - click: Object: 'Object Repository/Backoffice/match_mgmt/span_select_arena_name' is clicked on

2018-11-26 18:55:03 - [MESSAGE][PASSED] - Object: 'Object Repository/Backoffice/match_mgmt/span_select_arena_name' is clicked on

2018-11-26 18:55:03 - [TEST_STEP][PASSED] - setText: Text 'PASIG SQUARE GARDEN - PSG' is set on object 'Object Repository/Backoffice/match_mgmt/input__select2-search__arena_name'

2018-11-26 18:55:04 - [MESSAGE][PASSED] - Text 'PASIG SQUARE GARDEN - PSG' is set on object 'Object Repository/Backoffice/match_mgmt/input__select2-search__arena_name'

2018-11-26 18:55:04 - [TEST_STEP][PASSED] - sendKeys: Keys 'ENTER + ' sent to object: 'Object Repository/Backoffice/match_mgmt/input__select2-search__arena_name'

2018-11-26 18:55:04 - [MESSAGE][PASSED] - Keys 'ENTER + ' sent to object: 'Object Repository/Backoffice/match_mgmt/input__select2-search__arena_name'

2018-11-26 18:55:04 - [TEST_STEP][PASSED] - setText: Text 'AA' is set on object 'Object Repository/Backoffice/match_mgmt/meron_details/input_meron_name'

2018-11-26 18:55:04 - [MESSAGE][PASSED] - Text 'AA' is set on object 'Object Repository/Backoffice/match_mgmt/meron_details/input_meron_name'

2018-11-26 18:55:04 - [TEST_STEP][PASSED] - setText: Text 'Farm 1' is set on object 'Object Repository/Backoffice/match_mgmt/meron_details/input_meron_farm'

2018-11-26 18:55:04 - [MESSAGE][PASSED] - Text 'Farm 1' is set on object 'Object Repository/Backoffice/match_mgmt/meron_details/input_meron_farm'

2018-11-26 18:55:04 - [TEST_STEP][PASSED] - setText: Text 'Breed 1' is set on object 'Object Repository/Backoffice/match_mgmt/meron_details/input_meron_breed'

2018-11-26 18:55:04 - [MESSAGE][PASSED] - Text 'Breed 1' is set on object 'Object Repository/Backoffice/match_mgmt/meron_details/input_meron_breed'

2018-11-26 18:55:04 - [TEST_STEP][PASSED] - setText: Text 'Weight 1' is set on object 'Object Repository/Backoffice/match_mgmt/meron_details/input_meron_weight'

2018-11-26 18:55:04 - [MESSAGE][PASSED] - Text 'Weight 1' is set on object 'Object Repository/Backoffice/match_mgmt/meron_details/input_meron_weight'

2018-11-26 18:55:04 - [TEST_STEP][PASSED] - setText: Text 'BB' is set on object 'Object Repository/Backoffice/match_mgmt/wala_details/input_wala_name'

2018-11-26 18:55:04 - [MESSAGE][PASSED] - Text 'BB' is set on object 'Object Repository/Backoffice/match_mgmt/wala_details/input_wala_name'

2018-11-26 18:55:04 - [TEST_STEP][PASSED] - setText: Text 'Farm 2' is set on object 'Object Repository/Backoffice/match_mgmt/wala_details/input_wala_farm'

2018-11-26 18:55:04 - [MESSAGE][PASSED] - Text 'Farm 2' is set on object 'Object Repository/Backoffice/match_mgmt/wala_details/input_wala_farm'

2018-11-26 18:55:04 - [TEST_STEP][PASSED] - setText: Text 'Breed 2' is set on object 'Object Repository/Backoffice/match_mgmt/wala_details/input_wala_breed'

2018-11-26 18:55:04 - [MESSAGE][PASSED] - Text 'Breed 2' is set on object 'Object Repository/Backoffice/match_mgmt/wala_details/input_wala_breed'

2018-11-26 18:55:04 - [TEST_STEP][PASSED] - setText: Text 'Weight 2' is set on object 'Object Repository/Backoffice/match_mgmt/wala_details/input_wala_weight'

2018-11-26 18:55:05 - [MESSAGE][PASSED] - Text 'Weight 2' is set on object 'Object Repository/Backoffice/match_mgmt/wala_details/input_wala_weight'

2018-11-26 18:55:05 - [TEST_STEP][PASSED] - click: Object: 'Object Repository/Backoffice/match_mgmt/input_submit_match' is clicked on

2018-11-26 18:55:06 - [MESSAGE][PASSED] - Object: 'Object Repository/Backoffice/match_mgmt/input_submit_match' is clicked on

2018-11-26 18:55:06 - [TEST_STEP][PASSED] - delay: Delayed 1 second(s)

2018-11-26 18:55:07 - [MESSAGE][PASSED] - Delayed 1 second(s)

2018-11-26 18:55:07 - [TEST_STEP][PASSED] - click: Object: 'Object Repository/Backoffice/match_mgmt/button_create_match' is clicked on

2018-11-26 18:55:07 - [MESSAGE][PASSED] - Object: 'Object Repository/Backoffice/match_mgmt/button_create_match' is clicked on

2018-11-26 18:55:07 - [TEST_STEP][PASSED] - delay: Delayed 1 second(s)

2018-11-26 18:55:08 - [MESSAGE][PASSED] - Delayed 1 second(s)

2018-11-26 18:55:08 - [TEST_STEP][PASSED] - click: Object: 'Object Repository/Backoffice/match_mgmt/span_select_arena_name' is clicked on

2018-11-26 18:55:08 - [MESSAGE][PASSED] - Object: 'Object Repository/Backoffice/match_mgmt/span_select_arena_name' is clicked on

2018-11-26 18:55:08 - [TEST_STEP][PASSED] - setText: Text 'PASIG SQUARE GARDEN - PSG' is set on object 'Object Repository/Backoffice/match_mgmt/input__select2-search__arena_name'

2018-11-26 18:55:08 - [MESSAGE][PASSED] - Text 'PASIG SQUARE GARDEN - PSG' is set on object 'Object Repository/Backoffice/match_mgmt/input__select2-search__arena_name'

2018-11-26 18:55:08 - [TEST_STEP][PASSED] - sendKeys: Keys 'ENTER + ' sent to object: 'Object Repository/Backoffice/match_mgmt/input__select2-search__arena_name'

2018-11-26 18:55:08 - [MESSAGE][PASSED] - Keys 'ENTER + ' sent to object: 'Object Repository/Backoffice/match_mgmt/input__select2-search__arena_name'

2018-11-26 18:55:08 - [TEST_STEP][PASSED] - setText: Text 'AA' is set on object 'Object Repository/Backoffice/match_mgmt/meron_details/input_meron_name'

2018-11-26 18:55:09 - [MESSAGE][PASSED] - Text 'AA' is set on object 'Object Repository/Backoffice/match_mgmt/meron_details/input_meron_name'

2018-11-26 18:55:09 - [TEST_STEP][PASSED] - setText: Text 'Farm 1' is set on object 'Object Repository/Backoffice/match_mgmt/meron_details/input_meron_farm'

2018-11-26 18:55:09 - [MESSAGE][PASSED] - Text 'Farm 1' is set on object 'Object Repository/Backoffice/match_mgmt/meron_details/input_meron_farm'

2018-11-26 18:55:09 - [TEST_STEP][PASSED] - setText: Text 'Breed 1' is set on object 'Object Repository/Backoffice/match_mgmt/meron_details/input_meron_breed'

2018-11-26 18:55:09 - [MESSAGE][PASSED] - Text 'Breed 1' is set on object 'Object Repository/Backoffice/match_mgmt/meron_details/input_meron_breed'

2018-11-26 18:55:09 - [TEST_STEP][PASSED] - setText: Text 'Weight 1' is set on object 'Object Repository/Backoffice/match_mgmt/meron_details/input_meron_weight'

2018-11-26 18:55:09 - [MESSAGE][PASSED] - Text 'Weight 1' is set on object 'Object Repository/Backoffice/match_mgmt/meron_details/input_meron_weight'

2018-11-26 18:55:09 - [TEST_STEP][PASSED] - setText: Text 'BB' is set on object 'Object Repository/Backoffice/match_mgmt/wala_details/input_wala_name'

2018-11-26 18:55:09 - [MESSAGE][PASSED] - Text 'BB' is set on object 'Object Repository/Backoffice/match_mgmt/wala_details/input_wala_name'

2018-11-26 18:55:09 - [TEST_STEP][PASSED] - setText: Text 'Farm 2' is set on object 'Object Repository/Backoffice/match_mgmt/wala_details/input_wala_farm'

2018-11-26 18:55:09 - [MESSAGE][PASSED] - Text 'Farm 2' is set on object 'Object Repository/Backoffice/match_mgmt/wala_details/input_wala_farm'

2018-11-26 18:55:09 - [TEST_STEP][PASSED] - setText: Text 'Breed 2' is set on object 'Object Repository/Backoffice/match_mgmt/wala_details/input_wala_breed'

2018-11-26 18:55:09 - [MESSAGE][PASSED] - Text 'Breed 2' is set on object 'Object Repository/Backoffice/match_mgmt/wala_details/input_wala_breed'

2018-11-26 18:55:09 - [TEST_STEP][PASSED] - setText: Text 'Weight 2' is set on object 'Object Repository/Backoffice/match_mgmt/wala_details/input_wala_weight'

2018-11-26 18:55:09 - [MESSAGE][PASSED] - Text 'Weight 2' is set on object 'Object Repository/Backoffice/match_mgmt/wala_details/input_wala_weight'

2018-11-26 18:55:09 - [TEST_STEP][PASSED] - click: Object: 'Object Repository/Backoffice/match_mgmt/input_submit_match' is clicked on

2018-11-26 18:55:11 - [MESSAGE][PASSED] - Object: 'Object Repository/Backoffice/match_mgmt/input_submit_match' is clicked on

2018-11-26 18:55:11 - [TEST_STEP][PASSED] - delay: Delayed 1 second(s)

2018-11-26 18:55:12 - [MESSAGE][PASSED] - Delayed 1 second(s)

2018-11-26 18:55:12 - [TEST_STEP][PASSED] - click: Object: 'Object Repository/Backoffice/match_mgmt/button_create_match' is clicked on

2018-11-26 18:55:12 - [MESSAGE][PASSED] - Object: 'Object Repository/Backoffice/match_mgmt/button_create_match' is clicked on

2018-11-26 18:55:12 - [TEST_STEP][PASSED] - delay: Delayed 1 second(s)

2018-11-26 18:55:13 - [MESSAGE][PASSED] - Delayed 1 second(s)

2018-11-26 18:55:13 - [TEST_STEP][PASSED] - click: Object: 'Object Repository/Backoffice/match_mgmt/span_select_arena_name' is clicked on

2018-11-26 18:55:13 - [MESSAGE][PASSED] - Object: 'Object Repository/Backoffice/match_mgmt/span_select_arena_name' is clicked on

2018-11-26 18:55:13 - [TEST_STEP][PASSED] - setText: Text 'PASIG SQUARE GARDEN - PSG' is set on object 'Object Repository/Backoffice/match_mgmt/input__select2-search__arena_name'

2018-11-26 18:55:13 - [MESSAGE][PASSED] - Text 'PASIG SQUARE GARDEN - PSG' is set on object 'Object Repository/Backoffice/match_mgmt/input__select2-search__arena_name'

2018-11-26 18:55:13 - [TEST_STEP][PASSED] - sendKeys: Keys 'ENTER + ' sent to object: 'Object Repository/Backoffice/match_mgmt/input__select2-search__arena_name'

2018-11-26 18:55:13 - [MESSAGE][PASSED] - Keys 'ENTER + ' sent to object: 'Object Repository/Backoffice/match_mgmt/input__select2-search__arena_name'

2018-11-26 18:55:13 - [TEST_STEP][PASSED] - setText: Text 'AA' is set on object 'Object Repository/Backoffice/match_mgmt/meron_details/input_meron_name'

2018-11-26 18:55:13 - [MESSAGE][PASSED] - Text 'AA' is set on object 'Object Repository/Backoffice/match_mgmt/meron_details/input_meron_name'

2018-11-26 18:55:13 - [TEST_STEP][PASSED] - setText: Text 'Farm 1' is set on object 'Object Repository/Backoffice/match_mgmt/meron_details/input_meron_farm'

2018-11-26 18:55:13 - [MESSAGE][PASSED] - Text 'Farm 1' is set on object 'Object Repository/Backoffice/match_mgmt/meron_details/input_meron_farm'

2018-11-26 18:55:13 - [TEST_STEP][PASSED] - setText: Text 'Breed 1' is set on object 'Object Repository/Backoffice/match_mgmt/meron_details/input_meron_breed'

2018-11-26 18:55:14 - [MESSAGE][PASSED] - Text 'Breed 1' is set on object 'Object Repository/Backoffice/match_mgmt/meron_details/input_meron_breed'

2018-11-26 18:55:14 - [TEST_STEP][PASSED] - setText: Text 'Weight 1' is set on object 'Object Repository/Backoffice/match_mgmt/meron_details/input_meron_weight'

2018-11-26 18:55:14 - [MESSAGE][PASSED] - Text 'Weight 1' is set on object 'Object Repository/Backoffice/match_mgmt/meron_details/input_meron_weight'

2018-11-26 18:55:14 - [TEST_STEP][PASSED] - setText: Text 'BB' is set on object 'Object Repository/Backoffice/match_mgmt/wala_details/input_wala_name'

2018-11-26 18:55:14 - [MESSAGE][PASSED] - Text 'BB' is set on object 'Object Repository/Backoffice/match_mgmt/wala_details/input_wala_name'

2018-11-26 18:55:14 - [TEST_STEP][PASSED] - setText: Text 'Farm 2' is set on object 'Object Repository/Backoffice/match_mgmt/wala_details/input_wala_farm'

2018-11-26 18:55:14 - [MESSAGE][PASSED] - Text 'Farm 2' is set on object 'Object Repository/Backoffice/match_mgmt/wala_details/input_wala_farm'

2018-11-26 18:55:14 - [TEST_STEP][PASSED] - setText: Text 'Breed 2' is set on object 'Object Repository/Backoffice/match_mgmt/wala_details/input_wala_breed'

2018-11-26 18:55:14 - [MESSAGE][PASSED] - Text 'Breed 2' is set on object 'Object Repository/Backoffice/match_mgmt/wala_details/input_wala_breed'

2018-11-26 18:55:14 - [TEST_STEP][PASSED] - setText: Text 'Weight 2' is set on object 'Object Repository/Backoffice/match_mgmt/wala_details/input_wala_weight'

2018-11-26 18:55:14 - [MESSAGE][PASSED] - Text 'Weight 2' is set on object 'Object Repository/Backoffice/match_mgmt/wala_details/input_wala_weight'

2018-11-26 18:55:14 - [TEST_STEP][PASSED] - click: Object: 'Object Repository/Backoffice/match_mgmt/input_submit_match' is clicked on

2018-11-26 18:55:15 - [MESSAGE][PASSED] - Object: 'Object Repository/Backoffice/match_mgmt/input_submit_match' is clicked on

2018-11-26 18:55:15 - [TEST_STEP][PASSED] - delay: Delayed 1 second(s)

2018-11-26 18:55:16 - [MESSAGE][PASSED] - Delayed 1 second(s)

2018-11-26 18:55:16 - [TEST_STEP][PASSED] - click: Object: 'Object Repository/Backoffice/match_mgmt/button_create_match' is clicked on

2018-11-26 18:55:16 - [MESSAGE][PASSED] - Object: 'Object Repository/Backoffice/match_mgmt/button_create_match' is clicked on

2018-11-26 18:55:16 - [TEST_STEP][PASSED] - delay: Delayed 1 second(s)

2018-11-26 18:55:17 - [MESSAGE][PASSED] - Delayed 1 second(s)

2018-11-26 18:55:17 - [TEST_STEP][PASSED] - click: Object: 'Object Repository/Backoffice/match_mgmt/span_select_arena_name' is clicked on

2018-11-26 18:55:18 - [MESSAGE][PASSED] - Object: 'Object Repository/Backoffice/match_mgmt/span_select_arena_name' is clicked on

2018-11-26 18:55:18 - [TEST_STEP][PASSED] - setText: Text 'PASIG SQUARE GARDEN - PSG' is set on object 'Object Repository/Backoffice/match_mgmt/input__select2-search__arena_name'

2018-11-26 18:55:18 - [MESSAGE][PASSED] - Text 'PASIG SQUARE GARDEN - PSG' is set on object 'Object Repository/Backoffice/match_mgmt/input__select2-search__arena_name'

2018-11-26 18:55:18 - [TEST_STEP][PASSED] - sendKeys: Keys 'ENTER + ' sent to object: 'Object Repository/Backoffice/match_mgmt/input__select2-search__arena_name'

2018-11-26 18:55:18 - [MESSAGE][PASSED] - Keys 'ENTER + ' sent to object: 'Object Repository/Backoffice/match_mgmt/input__select2-search__arena_name'

2018-11-26 18:55:18 - [TEST_STEP][PASSED] - setText: Text 'AA' is set on object 'Object Repository/Backoffice/match_mgmt/meron_details/input_meron_name'

2018-11-26 18:55:18 - [MESSAGE][PASSED] - Text 'AA' is set on object 'Object Repository/Backoffice/match_mgmt/meron_details/input_meron_name'

2018-11-26 18:55:18 - [TEST_STEP][PASSED] - setText: Text 'Farm 1' is set on object 'Object Repository/Backoffice/match_mgmt/meron_details/input_meron_farm'

2018-11-26 18:55:18 - [MESSAGE][PASSED] - Text 'Farm 1' is set on object 'Object Repository/Backoffice/match_mgmt/meron_details/input_meron_farm'

2018-11-26 18:55:18 - [TEST_STEP][PASSED] - setText: Text 'Breed 1' is set on object 'Object Repository/Backoffice/match_mgmt/meron_details/input_meron_breed'

2018-11-26 18:55:18 - [MESSAGE][PASSED] - Text 'Breed 1' is set on object 'Object Repository/Backoffice/match_mgmt/meron_details/input_meron_breed'

2018-11-26 18:55:18 - [TEST_STEP][PASSED] - setText: Text 'Weight 1' is set on object 'Object Repository/Backoffice/match_mgmt/meron_details/input_meron_weight'

2018-11-26 18:55:18 - [MESSAGE][PASSED] - Text 'Weight 1' is set on object 'Object Repository/Backoffice/match_mgmt/meron_details/input_meron_weight'

2018-11-26 18:55:18 - [TEST_STEP][PASSED] - setText: Text 'BB' is set on object 'Object Repository/Backoffice/match_mgmt/wala_details/input_wala_name'

2018-11-26 18:55:19 - [MESSAGE][PASSED] - Text 'BB' is set on object 'Object Repository/Backoffice/match_mgmt/wala_details/input_wala_name'

2018-11-26 18:55:19 - [TEST_STEP][PASSED] - setText: Text 'Farm 2' is set on object 'Object Repository/Backoffice/match_mgmt/wala_details/input_wala_farm'

2018-11-26 18:55:19 - [MESSAGE][PASSED] - Text 'Farm 2' is set on object 'Object Repository/Backoffice/match_mgmt/wala_details/input_wala_farm'

2018-11-26 18:55:19 - [TEST_STEP][PASSED] - setText: Text 'Breed 2' is set on object 'Object Repository/Backoffice/match_mgmt/wala_details/input_wala_breed'

2018-11-26 18:55:19 - [MESSAGE][PASSED] - Text 'Breed 2' is set on object 'Object Repository/Backoffice/match_mgmt/wala_details/input_wala_breed'

2018-11-26 18:55:19 - [TEST_STEP][PASSED] - setText: Text 'Weight 2' is set on object 'Object Repository/Backoffice/match_mgmt/wala_details/input_wala_weight'

2018-11-26 18:55:19 - [MESSAGE][PASSED] - Text 'Weight 2' is set on object 'Object Repository/Backoffice/match_mgmt/wala_details/input_wala_weight'

2018-11-26 18:55:19 - [TEST_STEP][PASSED] - click: Object: 'Object Repository/Backoffice/match_mgmt/input_submit_match' is clicked on

2018-11-26 18:55:20 - [MESSAGE][PASSED] - Object: 'Object Repository/Backoffice/match_mgmt/input_submit_match' is clicked on

2018-11-26 18:55:20 - [TEST_STEP][PASSED] - delay: Delayed 1 second(s)

2018-11-26 18:55:21 - [MESSAGE][PASSED] - Delayed 1 second(s)

2018-11-26 18:55:21 - [TEST_STEP][PASSED] - click: Object: 'Object Repository/Backoffice/match_mgmt/button_create_match' is clicked on

2018-11-26 18:55:21 - [MESSAGE][PASSED] - Object: 'Object Repository/Backoffice/match_mgmt/button_create_match' is clicked on

2018-11-26 18:55:21 - [TEST_STEP][PASSED] - delay: Delayed 1 second(s)

2018-11-26 18:55:22 - [MESSAGE][PASSED] - Delayed 1 second(s)

2018-11-26 18:55:22 - [TEST_STEP][PASSED] - click: Object: 'Object Repository/Backoffice/match_mgmt/span_select_arena_name' is clicked on

2018-11-26 18:55:22 - [MESSAGE][PASSED] - Object: 'Object Repository/Backoffice/match_mgmt/span_select_arena_name' is clicked on

2018-11-26 18:55:22 - [TEST_STEP][PASSED] - setText: Text 'PASIG SQUARE GARDEN - PSG' is set on object 'Object Repository/Backoffice/match_mgmt/input__select2-search__arena_name'

2018-11-26 18:55:23 - [MESSAGE][PASSED] - Text 'PASIG SQUARE GARDEN - PSG' is set on object 'Object Repository/Backoffice/match_mgmt/input__select2-search__arena_name'

2018-11-26 18:55:23 - [TEST_STEP][PASSED] - sendKeys: Keys 'ENTER + ' sent to object: 'Object Repository/Backoffice/match_mgmt/input__select2-search__arena_name'

2018-11-26 18:55:23 - [MESSAGE][PASSED] - Keys 'ENTER + ' sent to object: 'Object Repository/Backoffice/match_mgmt/input__select2-search__arena_name'

2018-11-26 18:55:23 - [TEST_STEP][PASSED] - setText: Text 'AA' is set on object 'Object Repository/Backoffice/match_mgmt/meron_details/input_meron_name'

2018-11-26 18:55:23 - [MESSAGE][PASSED] - Text 'AA' is set on object 'Object Repository/Backoffice/match_mgmt/meron_details/input_meron_name'

2018-11-26 18:55:23 - [TEST_STEP][PASSED] - setText: Text 'Farm 1' is set on object 'Object Repository/Backoffice/match_mgmt/meron_details/input_meron_farm'

2018-11-26 18:55:23 - [MESSAGE][PASSED] - Text 'Farm 1' is set on object 'Object Repository/Backoffice/match_mgmt/meron_details/input_meron_farm'

2018-11-26 18:55:23 - [TEST_STEP][PASSED] - setText: Text 'Breed 1' is set on object 'Object Repository/Backoffice/match_mgmt/meron_details/input_meron_breed'

2018-11-26 18:55:23 - [MESSAGE][PASSED] - Text 'Breed 1' is set on object 'Object Repository/Backoffice/match_mgmt/meron_details/input_meron_breed'

2018-11-26 18:55:23 - [TEST_STEP][PASSED] - setText: Text 'Weight 1' is set on object 'Object Repository/Backoffice/match_mgmt/meron_details/input_meron_weight'

2018-11-26 18:55:23 - [MESSAGE][PASSED] - Text 'Weight 1' is set on object 'Object Repository/Backoffice/match_mgmt/meron_details/input_meron_weight'

2018-11-26 18:55:23 - [TEST_STEP][PASSED] - setText: Text 'BB' is set on object 'Object Repository/Backoffice/match_mgmt/wala_details/input_wala_name'

2018-11-26 18:55:23 - [MESSAGE][PASSED] - Text 'BB' is set on object 'Object Repository/Backoffice/match_mgmt/wala_details/input_wala_name'

2018-11-26 18:55:23 - [TEST_STEP][PASSED] - setText: Text 'Farm 2' is set on object 'Object Repository/Backoffice/match_mgmt/wala_details/input_wala_farm'

2018-11-26 18:55:23 - [MESSAGE][PASSED] - Text 'Farm 2' is set on object 'Object Repository/Backoffice/match_mgmt/wala_details/input_wala_farm'

2018-11-26 18:55:23 - [TEST_STEP][PASSED] - setText: Text 'Breed 2' is set on object 'Object Repository/Backoffice/match_mgmt/wala_details/input_wala_breed'

2018-11-26 18:55:24 - [MESSAGE][PASSED] - Text 'Breed 2' is set on object 'Object Repository/Backoffice/match_mgmt/wala_details/input_wala_breed'

2018-11-26 18:55:24 - [TEST_STEP][PASSED] - setText: Text 'Weight 2' is set on object 'Object Repository/Backoffice/match_mgmt/wala_details/input_wala_weight'

2018-11-26 18:55:24 - [MESSAGE][PASSED] - Text 'Weight 2' is set on object 'Object Repository/Backoffice/match_mgmt/wala_details/input_wala_weight'

2018-11-26 18:55:24 - [TEST_STEP][PASSED] - click: Object: 'Object Repository/Backoffice/match_mgmt/input_submit_match' is clicked on

2018-11-26 18:55:25 - [MESSAGE][PASSED] - Object: 'Object Repository/Backoffice/match_mgmt/input_submit_match' is clicked on

2018-11-26 18:55:25 - [TEST_STEP][PASSED] - delay: Delayed 1 second(s)

2018-11-26 18:55:26 - [MESSAGE][PASSED] - Delayed 1 second(s)

2018-11-26 18:55:26 - [TEST_STEP][PASSED] - click: Object: 'Object Repository/Backoffice/match_mgmt/button_create_match' is clicked on

2018-11-26 18:55:26 - [MESSAGE][PASSED] - Object: 'Object Repository/Backoffice/match_mgmt/button_create_match' is clicked on

2018-11-26 18:55:26 - [TEST_STEP][PASSED] - delay: Delayed 1 second(s)

2018-11-26 18:55:27 - [MESSAGE][PASSED] - Delayed 1 second(s)

2018-11-26 18:55:27 - [TEST_STEP][PASSED] - click: Object: 'Object Repository/Backoffice/match_mgmt/span_select_arena_name' is clicked on

2018-11-26 18:55:27 - [MESSAGE][PASSED] - Object: 'Object Repository/Backoffice/match_mgmt/span_select_arena_name' is clicked on

2018-11-26 18:55:27 - [TEST_STEP][PASSED] - setText: Text 'PASIG SQUARE GARDEN - PSG' is set on object 'Object Repository/Backoffice/match_mgmt/input__select2-search__arena_name'

2018-11-26 18:55:28 - [MESSAGE][PASSED] - Text 'PASIG SQUARE GARDEN - PSG' is set on object 'Object Repository/Backoffice/match_mgmt/input__select2-search__arena_name'

2018-11-26 18:55:28 - [TEST_STEP][PASSED] - sendKeys: Keys 'ENTER + ' sent to object: 'Object Repository/Backoffice/match_mgmt/input__select2-search__arena_name'

2018-11-26 18:55:28 - [MESSAGE][PASSED] - Keys 'ENTER + ' sent to object: 'Object Repository/Backoffice/match_mgmt/input__select2-search__arena_name'

2018-11-26 18:55:28 - [TEST_STEP][PASSED] - setText: Text 'AA' is set on object 'Object Repository/Backoffice/match_mgmt/meron_details/input_meron_name'

2018-11-26 18:55:28 - [MESSAGE][PASSED] - Text 'AA' is set on object 'Object Repository/Backoffice/match_mgmt/meron_details/input_meron_name'

2018-11-26 18:55:28 - [TEST_STEP][PASSED] - setText: Text 'Farm 1' is set on object 'Object Repository/Backoffice/match_mgmt/meron_details/input_meron_farm'

2018-11-26 18:55:28 - [MESSAGE][PASSED] - Text 'Farm 1' is set on object 'Object Repository/Backoffice/match_mgmt/meron_details/input_meron_farm'

2018-11-26 18:55:28 - [TEST_STEP][PASSED] - setText: Text 'Breed 1' is set on object 'Object Repository/Backoffice/match_mgmt/meron_details/input_meron_breed'

2018-11-26 18:55:28 - [MESSAGE][PASSED] - Text 'Breed 1' is set on object 'Object Repository/Backoffice/match_mgmt/meron_details/input_meron_breed'

2018-11-26 18:55:28 - [TEST_STEP][PASSED] - setText: Text 'Weight 1' is set on object 'Object Repository/Backoffice/match_mgmt/meron_details/input_meron_weight'

2018-11-26 18:55:28 - [MESSAGE][PASSED] - Text 'Weight 1' is set on object 'Object Repository/Backoffice/match_mgmt/meron_details/input_meron_weight'

2018-11-26 18:55:28 - [TEST_STEP][PASSED] - setText: Text 'BB' is set on object 'Object Repository/Backoffice/match_mgmt/wala_details/input_wala_name'

2018-11-26 18:55:28 - [MESSAGE][PASSED] - Text 'BB' is set on object 'Object Repository/Backoffice/match_mgmt/wala_details/input_wala_name'

2018-11-26 18:55:28 - [TEST_STEP][PASSED] - setText: Text 'Farm 2' is set on object 'Object Repository/Backoffice/match_mgmt/wala_details/input_wala_farm'

2018-11-26 18:55:28 - [MESSAGE][PASSED] - Text 'Farm 2' is set on object 'Object Repository/Backoffice/match_mgmt/wala_details/input_wala_farm'

2018-11-26 18:55:28 - [TEST_STEP][PASSED] - setText: Text 'Breed 2' is set on object 'Object Repository/Backoffice/match_mgmt/wala_details/input_wala_breed'

2018-11-26 18:55:28 - [MESSAGE][PASSED] - Text 'Breed 2' is set on object 'Object Repository/Backoffice/match_mgmt/wala_details/input_wala_breed'

2018-11-26 18:55:28 - [TEST_STEP][PASSED] - setText: Text 'Weight 2' is set on object 'Object Repository/Backoffice/match_mgmt/wala_details/input_wala_weight'

2018-11-26 18:55:29 - [MESSAGE][PASSED] - Text 'Weight 2' is set on object 'Object Repository/Backoffice/match_mgmt/wala_details/input_wala_weight'

2018-11-26 18:55:29 - [TEST_STEP][PASSED] - click: Object: 'Object Repository/Backoffice/match_mgmt/input_submit_match' is clicked on

2018-11-26 18:55:30 - [MESSAGE][PASSED] - Object: 'Object Repository/Backoffice/match_mgmt/input_submit_match' is clicked on

2018-11-26 18:55:30 - [TEST_STEP][PASSED] - delay: Delayed 1 second(s)

2018-11-26 18:55:31 - [MESSAGE][PASSED] - Delayed 1 second(s)

2018-11-26 18:55:31 - [TEST_STEP][PASSED] - click: Object: 'Object Repository/Backoffice/match_mgmt/button_create_match' is clicked on

2018-11-26 18:55:31 - [MESSAGE][PASSED] - Object: 'Object Repository/Backoffice/match_mgmt/button_create_match' is clicked on

2018-11-26 18:55:31 - [TEST_STEP][PASSED] - delay: Delayed 1 second(s)

2018-11-26 18:55:32 - [MESSAGE][PASSED] - Delayed 1 second(s)

2018-11-26 18:55:32 - [TEST_STEP][PASSED] - click: Object: 'Object Repository/Backoffice/match_mgmt/span_select_arena_name' is clicked on

2018-11-26 18:55:32 - [MESSAGE][PASSED] - Object: 'Object Repository/Backoffice/match_mgmt/span_select_arena_name' is clicked on

2018-11-26 18:55:32 - [TEST_STEP][PASSED] - setText: Text 'PASIG SQUARE GARDEN - PSG' is set on object 'Object Repository/Backoffice/match_mgmt/input__select2-search__arena_name'

2018-11-26 18:55:32 - [MESSAGE][PASSED] - Text 'PASIG SQUARE GARDEN - PSG' is set on object 'Object Repository/Backoffice/match_mgmt/input__select2-search__arena_name'

2018-11-26 18:55:32 - [TEST_STEP][PASSED] - sendKeys: Keys 'ENTER + ' sent to object: 'Object Repository/Backoffice/match_mgmt/input__select2-search__arena_name'

2018-11-26 18:55:32 - [MESSAGE][PASSED] - Keys 'ENTER + ' sent to object: 'Object Repository/Backoffice/match_mgmt/input__select2-search__arena_name'

2018-11-26 18:55:32 - [TEST_STEP][PASSED] - setText: Text 'AA' is set on object 'Object Repository/Backoffice/match_mgmt/meron_details/input_meron_name'

2018-11-26 18:55:33 - [MESSAGE][PASSED] - Text 'AA' is set on object 'Object Repository/Backoffice/match_mgmt/meron_details/input_meron_name'

2018-11-26 18:55:33 - [TEST_STEP][PASSED] - setText: Text 'Farm 1' is set on object 'Object Repository/Backoffice/match_mgmt/meron_details/input_meron_farm'

2018-11-26 18:55:33 - [MESSAGE][PASSED] - Text 'Farm 1' is set on object 'Object Repository/Backoffice/match_mgmt/meron_details/input_meron_farm'

2018-11-26 18:55:33 - [TEST_STEP][PASSED] - setText: Text 'Breed 1' is set on object 'Object Repository/Backoffice/match_mgmt/meron_details/input_meron_breed'

2018-11-26 18:55:33 - [MESSAGE][PASSED] - Text 'Breed 1' is set on object 'Object Repository/Backoffice/match_mgmt/meron_details/input_meron_breed'

2018-11-26 18:55:33 - [TEST_STEP][PASSED] - setText: Text 'Weight 1' is set on object 'Object Repository/Backoffice/match_mgmt/meron_details/input_meron_weight'

2018-11-26 18:55:33 - [MESSAGE][PASSED] - Text 'Weight 1' is set on object 'Object Repository/Backoffice/match_mgmt/meron_details/input_meron_weight'

2018-11-26 18:55:33 - [TEST_STEP][PASSED] - setText: Text 'BB' is set on object 'Object Repository/Backoffice/match_mgmt/wala_details/input_wala_name'

2018-11-26 18:55:33 - [MESSAGE][PASSED] - Text 'BB' is set on object 'Object Repository/Backoffice/match_mgmt/wala_details/input_wala_name'

2018-11-26 18:55:33 - [TEST_STEP][PASSED] - setText: Text 'Farm 2' is set on object 'Object Repository/Backoffice/match_mgmt/wala_details/input_wala_farm'

2018-11-26 18:55:33 - [MESSAGE][PASSED] - Text 'Farm 2' is set on object 'Object Repository/Backoffice/match_mgmt/wala_details/input_wala_farm'

2018-11-26 18:55:33 - [TEST_STEP][PASSED] - setText: Text 'Breed 2' is set on object 'Object Repository/Backoffice/match_mgmt/wala_details/input_wala_breed'

2018-11-26 18:55:33 - [MESSAGE][PASSED] - Text 'Breed 2' is set on object 'Object Repository/Backoffice/match_mgmt/wala_details/input_wala_breed'

2018-11-26 18:55:33 - [TEST_STEP][PASSED] - setText: Text 'Weight 2' is set on object 'Object Repository/Backoffice/match_mgmt/wala_details/input_wala_weight'

2018-11-26 18:55:33 - [MESSAGE][PASSED] - Text 'Weight 2' is set on object 'Object Repository/Backoffice/match_mgmt/wala_details/input_wala_weight'

2018-11-26 18:55:33 - [TEST_STEP][PASSED] - click: Object: 'Object Repository/Backoffice/match_mgmt/input_submit_match' is clicked on

2018-11-26 18:55:35 - [MESSAGE][PASSED] - Object: 'Object Repository/Backoffice/match_mgmt/input_submit_match' is clicked on

2018-11-26 18:55:35 - [TEST_STEP][PASSED] - delay: Delayed 1 second(s)

2018-11-26 18:55:36 - [MESSAGE][PASSED] - Delayed 1 second(s)

2018-11-26 18:55:36 - [TEST_STEP][PASSED] - click: Object: 'Object Repository/Backoffice/match_mgmt/button_create_match' is clicked on

2018-11-26 18:55:36 - [MESSAGE][PASSED] - Object: 'Object Repository/Backoffice/match_mgmt/button_create_match' is clicked on

2018-11-26 18:55:36 - [TEST_STEP][PASSED] - delay: Delayed 1 second(s)

2018-11-26 18:55:37 - [MESSAGE][PASSED] - Delayed 1 second(s)

2018-11-26 18:55:37 - [TEST_STEP][PASSED] - click: Object: 'Object Repository/Backoffice/match_mgmt/span_select_arena_name' is clicked on

2018-11-26 18:55:37 - [MESSAGE][PASSED] - Object: 'Object Repository/Backoffice/match_mgmt/span_select_arena_name' is clicked on

2018-11-26 18:55:37 - [TEST_STEP][PASSED] - setText: Text 'PASIG SQUARE GARDEN - PSG' is set on object 'Object Repository/Backoffice/match_mgmt/input__select2-search__arena_name'

2018-11-26 18:55:37 - [MESSAGE][PASSED] - Text 'PASIG SQUARE GARDEN - PSG' is set on object 'Object Repository/Backoffice/match_mgmt/input__select2-search__arena_name'

2018-11-26 18:55:37 - [TEST_STEP][PASSED] - sendKeys: Keys 'ENTER + ' sent to object: 'Object Repository/Backoffice/match_mgmt/input__select2-search__arena_name'

2018-11-26 18:55:37 - [MESSAGE][PASSED] - Keys 'ENTER + ' sent to object: 'Object Repository/Backoffice/match_mgmt/input__select2-search__arena_name'

2018-11-26 18:55:37 - [TEST_STEP][PASSED] - setText: Text 'AA' is set on object 'Object Repository/Backoffice/match_mgmt/meron_details/input_meron_name'

2018-11-26 18:55:37 - [MESSAGE][PASSED] - Text 'AA' is set on object 'Object Repository/Backoffice/match_mgmt/meron_details/input_meron_name'

2018-11-26 18:55:37 - [TEST_STEP][PASSED] - setText: Text 'Farm 1' is set on object 'Object Repository/Backoffice/match_mgmt/meron_details/input_meron_farm'

2018-11-26 18:55:37 - [MESSAGE][PASSED] - Text 'Farm 1' is set on object 'Object Repository/Backoffice/match_mgmt/meron_details/input_meron_farm'

2018-11-26 18:55:37 - [TEST_STEP][PASSED] - setText: Text 'Breed 1' is set on object 'Object Repository/Backoffice/match_mgmt/meron_details/input_meron_breed'

2018-11-26 18:55:38 - [MESSAGE][PASSED] - Text 'Breed 1' is set on object 'Object Repository/Backoffice/match_mgmt/meron_details/input_meron_breed'

2018-11-26 18:55:38 - [TEST_STEP][PASSED] - setText: Text 'Weight 1' is set on object 'Object Repository/Backoffice/match_mgmt/meron_details/input_meron_weight'

2018-11-26 18:55:38 - [MESSAGE][PASSED] - Text 'Weight 1' is set on object 'Object Repository/Backoffice/match_mgmt/meron_details/input_meron_weight'

2018-11-26 18:55:38 - [TEST_STEP][PASSED] - setText: Text 'BB' is set on object 'Object Repository/Backoffice/match_mgmt/wala_details/input_wala_name'

2018-11-26 18:55:38 - [MESSAGE][PASSED] - Text 'BB' is set on object 'Object Repository/Backoffice/match_mgmt/wala_details/input_wala_name'

2018-11-26 18:55:38 - [TEST_STEP][PASSED] - setText: Text 'Farm 2' is set on object 'Object Repository/Backoffice/match_mgmt/wala_details/input_wala_farm'

2018-11-26 18:55:38 - [MESSAGE][PASSED] - Text 'Farm 2' is set on object 'Object Repository/Backoffice/match_mgmt/wala_details/input_wala_farm'

2018-11-26 18:55:38 - [TEST_STEP][PASSED] - setText: Text 'Breed 2' is set on object 'Object Repository/Backoffice/match_mgmt/wala_details/input_wala_breed'

2018-11-26 18:55:38 - [MESSAGE][PASSED] - Text 'Breed 2' is set on object 'Object Repository/Backoffice/match_mgmt/wala_details/input_wala_breed'

2018-11-26 18:55:38 - [TEST_STEP][PASSED] - setText: Text 'Weight 2' is set on object 'Object Repository/Backoffice/match_mgmt/wala_details/input_wala_weight'

2018-11-26 18:55:38 - [MESSAGE][PASSED] - Text 'Weight 2' is set on object 'Object Repository/Backoffice/match_mgmt/wala_details/input_wala_weight'

2018-11-26 18:55:38 - [TEST_STEP][PASSED] - click: Object: 'Object Repository/Backoffice/match_mgmt/input_submit_match' is clicked on

2018-11-26 18:55:39 - [MESSAGE][PASSED] - Object: 'Object Repository/Backoffice/match_mgmt/input_submit_match' is clicked on

2018-11-26 18:55:39 - [TEST_STEP][PASSED] - delay: Delayed 1 second(s)

2018-11-26 18:55:40 - [MESSAGE][PASSED] - Delayed 1 second(s)

2018-11-26 18:55:40 - [TEST_STEP][PASSED] - click: Object: 'Object Repository/Backoffice/match_mgmt/button_create_match' is clicked on

2018-11-26 18:55:40 - [MESSAGE][PASSED] - Object: 'Object Repository/Backoffice/match_mgmt/button_create_match' is clicked on

2018-11-26 18:55:41 - [TEST_STEP][PASSED] - delay: Delayed 1 second(s)

2018-11-26 18:55:42 - [MESSAGE][PASSED] - Delayed 1 second(s)

2018-11-26 18:55:42 - [TEST_STEP][PASSED] - click: Object: 'Object Repository/Backoffice/match_mgmt/span_select_arena_name' is clicked on

2018-11-26 18:55:42 - [MESSAGE][PASSED] - Object: 'Object Repository/Backoffice/match_mgmt/span_select_arena_name' is clicked on

2018-11-26 18:55:42 - [TEST_STEP][PASSED] - setText: Text 'PASIG SQUARE GARDEN - PSG' is set on object 'Object Repository/Backoffice/match_mgmt/input__select2-search__arena_name'

2018-11-26 18:55:42 - [MESSAGE][PASSED] - Text 'PASIG SQUARE GARDEN - PSG' is set on object 'Object Repository/Backoffice/match_mgmt/input__select2-search__arena_name'

2018-11-26 18:55:42 - [TEST_STEP][PASSED] - sendKeys: Keys 'ENTER + ' sent to object: 'Object Repository/Backoffice/match_mgmt/input__select2-search__arena_name'

2018-11-26 18:55:42 - [MESSAGE][PASSED] - Keys 'ENTER + ' sent to object: 'Object Repository/Backoffice/match_mgmt/input__select2-search__arena_name'

2018-11-26 18:55:42 - [TEST_STEP][PASSED] - setText: Text 'AA' is set on object 'Object Repository/Backoffice/match_mgmt/meron_details/input_meron_name'

2018-11-26 18:55:42 - [MESSAGE][PASSED] - Text 'AA' is set on object 'Object Repository/Backoffice/match_mgmt/meron_details/input_meron_name'

2018-11-26 18:55:42 - [TEST_STEP][PASSED] - setText: Text 'Farm 1' is set on object 'Object Repository/Backoffice/match_mgmt/meron_details/input_meron_farm'

2018-11-26 18:55:42 - [MESSAGE][PASSED] - Text 'Farm 1' is set on object 'Object Repository/Backoffice/match_mgmt/meron_details/input_meron_farm'

2018-11-26 18:55:42 - [TEST_STEP][PASSED] - setText: Text 'Breed 1' is set on object 'Object Repository/Backoffice/match_mgmt/meron_details/input_meron_breed'

2018-11-26 18:55:42 - [MESSAGE][PASSED] - Text 'Breed 1' is set on object 'Object Repository/Backoffice/match_mgmt/meron_details/input_meron_breed'

2018-11-26 18:55:42 - [TEST_STEP][PASSED] - setText: Text 'Weight 1' is set on object 'Object Repository/Backoffice/match_mgmt/meron_details/input_meron_weight'

2018-11-26 18:55:43 - [MESSAGE][PASSED] - Text 'Weight 1' is set on object 'Object Repository/Backoffice/match_mgmt/meron_details/input_meron_weight'

2018-11-26 18:55:43 - [TEST_STEP][PASSED] - setText: Text 'BB' is set on object 'Object Repository/Backoffice/match_mgmt/wala_details/input_wala_name'

2018-11-26 18:55:43 - [MESSAGE][PASSED] - Text 'BB' is set on object 'Object Repository/Backoffice/match_mgmt/wala_details/input_wala_name'

2018-11-26 18:55:43 - [TEST_STEP][PASSED] - setText: Text 'Farm 2' is set on object 'Object Repository/Backoffice/match_mgmt/wala_details/input_wala_farm'

2018-11-26 18:55:43 - [MESSAGE][PASSED] - Text 'Farm 2' is set on object 'Object Repository/Backoffice/match_mgmt/wala_details/input_wala_farm'

2018-11-26 18:55:43 - [TEST_STEP][PASSED] - setText: Text 'Breed 2' is set on object 'Object Repository/Backoffice/match_mgmt/wala_details/input_wala_breed'

2018-11-26 18:55:43 - [MESSAGE][PASSED] - Text 'Breed 2' is set on object 'Object Repository/Backoffice/match_mgmt/wala_details/input_wala_breed'

2018-11-26 18:55:43 - [TEST_STEP][PASSED] - setText: Text 'Weight 2' is set on object 'Object Repository/Backoffice/match_mgmt/wala_details/input_wala_weight'

2018-11-26 18:55:43 - [MESSAGE][PASSED] - Text 'Weight 2' is set on object 'Object Repository/Backoffice/match_mgmt/wala_details/input_wala_weight'

2018-11-26 18:55:43 - [TEST_STEP][PASSED] - click: Object: 'Object Repository/Backoffice/match_mgmt/input_submit_match' is clicked on

2018-11-26 18:55:44 - [MESSAGE][PASSED] - Object: 'Object Repository/Backoffice/match_mgmt/input_submit_match' is clicked on

2018-11-26 18:55:44 - [TEST_STEP][PASSED] - delay: Delayed 1 second(s)

2018-11-26 18:55:45 - [MESSAGE][PASSED] - Delayed 1 second(s)

2018-11-26 18:55:45 - [TEST_STEP][PASSED] - click: Object: 'Object Repository/Backoffice/match_mgmt/button_create_match' is clicked on

2018-11-26 18:55:45 - [MESSAGE][PASSED] - Object: 'Object Repository/Backoffice/match_mgmt/button_create_match' is clicked on

2018-11-26 18:55:45 - [TEST_STEP][PASSED] - delay: Delayed 1 second(s)

2018-11-26 18:55:46 - [MESSAGE][PASSED] - Delayed 1 second(s)

2018-11-26 18:55:46 - [TEST_STEP][PASSED] - click: Object: 'Object Repository/Backoffice/match_mgmt/span_select_arena_name' is clicked on

2018-11-26 18:55:47 - [MESSAGE][PASSED] - Object: 'Object Repository/Backoffice/match_mgmt/span_select_arena_name' is clicked on

2018-11-26 18:55:47 - [TEST_STEP][PASSED] - setText: Text 'PASIG SQUARE GARDEN - PSG' is set on object 'Object Repository/Backoffice/match_mgmt/input__select2-search__arena_name'

2018-11-26 18:55:47 - [MESSAGE][PASSED] - Text 'PASIG SQUARE GARDEN - PSG' is set on object 'Object Repository/Backoffice/match_mgmt/input__select2-search__arena_name'

2018-11-26 18:55:47 - [TEST_STEP][PASSED] - sendKeys: Keys 'ENTER + ' sent to object: 'Object Repository/Backoffice/match_mgmt/input__select2-search__arena_name'

2018-11-26 18:55:47 - [MESSAGE][PASSED] - Keys 'ENTER + ' sent to object: 'Object Repository/Backoffice/match_mgmt/input__select2-search__arena_name'

2018-11-26 18:55:47 - [TEST_STEP][PASSED] - setText: Text 'AA' is set on object 'Object Repository/Backoffice/match_mgmt/meron_details/input_meron_name'

2018-11-26 18:55:47 - [MESSAGE][PASSED] - Text 'AA' is set on object 'Object Repository/Backoffice/match_mgmt/meron_details/input_meron_name'

2018-11-26 18:55:47 - [TEST_STEP][PASSED] - setText: Text 'Farm 1' is set on object 'Object Repository/Backoffice/match_mgmt/meron_details/input_meron_farm'

2018-11-26 18:55:47 - [MESSAGE][PASSED] - Text 'Farm 1' is set on object 'Object Repository/Backoffice/match_mgmt/meron_details/input_meron_farm'

2018-11-26 18:55:47 - [TEST_STEP][PASSED] - setText: Text 'Breed 1' is set on object 'Object Repository/Backoffice/match_mgmt/meron_details/input_meron_breed'

2018-11-26 18:55:47 - [MESSAGE][PASSED] - Text 'Breed 1' is set on object 'Object Repository/Backoffice/match_mgmt/meron_details/input_meron_breed'

2018-11-26 18:55:47 - [TEST_STEP][PASSED] - setText: Text 'Weight 1' is set on object 'Object Repository/Backoffice/match_mgmt/meron_details/input_meron_weight'

2018-11-26 18:55:47 - [MESSAGE][PASSED] - Text 'Weight 1' is set on object 'Object Repository/Backoffice/match_mgmt/meron_details/input_meron_weight'

2018-11-26 18:55:47 - [TEST_STEP][PASSED] - setText: Text 'BB' is set on object 'Object Repository/Backoffice/match_mgmt/wala_details/input_wala_name'

2018-11-26 18:55:48 - [MESSAGE][PASSED] - Text 'BB' is set on object 'Object Repository/Backoffice/match_mgmt/wala_details/input_wala_name'

2018-11-26 18:55:48 - [TEST_STEP][PASSED] - setText: Text 'Farm 2' is set on object 'Object Repository/Backoffice/match_mgmt/wala_details/input_wala_farm'

2018-11-26 18:55:48 - [MESSAGE][PASSED] - Text 'Farm 2' is set on object 'Object Repository/Backoffice/match_mgmt/wala_details/input_wala_farm'

2018-11-26 18:55:48 - [TEST_STEP][PASSED] - setText: Text 'Breed 2' is set on object 'Object Repository/Backoffice/match_mgmt/wala_details/input_wala_breed'

2018-11-26 18:55:48 - [MESSAGE][PASSED] - Text 'Breed 2' is set on object 'Object Repository/Backoffice/match_mgmt/wala_details/input_wala_breed'

2018-11-26 18:55:48 - [TEST_STEP][PASSED] - setText: Text 'Weight 2' is set on object 'Object Repository/Backoffice/match_mgmt/wala_details/input_wala_weight'

2018-11-26 18:55:48 - [MESSAGE][PASSED] - Text 'Weight 2' is set on object 'Object Repository/Backoffice/match_mgmt/wala_details/input_wala_weight'

2018-11-26 18:55:48 - [TEST_STEP][PASSED] - click: Object: 'Object Repository/Backoffice/match_mgmt/input_submit_match' is clicked on

2018-11-26 18:55:49 - [MESSAGE][PASSED] - Object: 'Object Repository/Backoffice/match_mgmt/input_submit_match' is clicked on

2018-11-26 18:55:49 - [TEST_STEP][PASSED] - delay: Delayed 1 second(s)

2018-11-26 18:55:50 - [MESSAGE][PASSED] - Delayed 1 second(s)

2018-11-26 18:55:50 - [TEST_STEP][PASSED] - click: Object: 'Object Repository/Backoffice/match_mgmt/button_create_match' is clicked on

2018-11-26 18:55:50 - [MESSAGE][PASSED] - Object: 'Object Repository/Backoffice/match_mgmt/button_create_match' is clicked on

2018-11-26 18:55:50 - [TEST_STEP][PASSED] - delay: Delayed 1 second(s)

2018-11-26 18:55:51 - [MESSAGE][PASSED] - Delayed 1 second(s)

2018-11-26 18:55:51 - [TEST_STEP][PASSED] - click: Object: 'Object Repository/Backoffice/match_mgmt/span_select_arena_name' is clicked on

2018-11-26 18:55:51 - [MESSAGE][PASSED] - Object: 'Object Repository/Backoffice/match_mgmt/span_select_arena_name' is clicked on

2018-11-26 18:55:51 - [TEST_STEP][PASSED] - setText: Text 'PASIG SQUARE GARDEN - PSG' is set on object 'Object Repository/Backoffice/match_mgmt/input__select2-search__arena_name'

2018-11-26 18:55:52 - [MESSAGE][PASSED] - Text 'PASIG SQUARE GARDEN - PSG' is set on object 'Object Repository/Backoffice/match_mgmt/input__select2-search__arena_name'

2018-11-26 18:55:52 - [TEST_STEP][PASSED] - sendKeys: Keys 'ENTER + ' sent to object: 'Object Repository/Backoffice/match_mgmt/input__select2-search__arena_name'

2018-11-26 18:55:52 - [MESSAGE][PASSED] - Keys 'ENTER + ' sent to object: 'Object Repository/Backoffice/match_mgmt/input__select2-search__arena_name'

2018-11-26 18:55:52 - [TEST_STEP][PASSED] - setText: Text 'AA' is set on object 'Object Repository/Backoffice/match_mgmt/meron_details/input_meron_name'

2018-11-26 18:55:52 - [MESSAGE][PASSED] - Text 'AA' is set on object 'Object Repository/Backoffice/match_mgmt/meron_details/input_meron_name'

2018-11-26 18:55:52 - [TEST_STEP][PASSED] - setText: Text 'Farm 1' is set on object 'Object Repository/Backoffice/match_mgmt/meron_details/input_meron_farm'

2018-11-26 18:55:52 - [MESSAGE][PASSED] - Text 'Farm 1' is set on object 'Object Repository/Backoffice/match_mgmt/meron_details/input_meron_farm'

2018-11-26 18:55:52 - [TEST_STEP][PASSED] - setText: Text 'Breed 1' is set on object 'Object Repository/Backoffice/match_mgmt/meron_details/input_meron_breed'

2018-11-26 18:55:52 - [MESSAGE][PASSED] - Text 'Breed 1' is set on object 'Object Repository/Backoffice/match_mgmt/meron_details/input_meron_breed'

2018-11-26 18:55:52 - [TEST_STEP][PASSED] - setText: Text 'Weight 1' is set on object 'Object Repository/Backoffice/match_mgmt/meron_details/input_meron_weight'

2018-11-26 18:55:52 - [MESSAGE][PASSED] - Text 'Weight 1' is set on object 'Object Repository/Backoffice/match_mgmt/meron_details/input_meron_weight'

2018-11-26 18:55:52 - [TEST_STEP][PASSED] - setText: Text 'BB' is set on object 'Object Repository/Backoffice/match_mgmt/wala_details/input_wala_name'

2018-11-26 18:55:52 - [MESSAGE][PASSED] - Text 'BB' is set on object 'Object Repository/Backoffice/match_mgmt/wala_details/input_wala_name'

2018-11-26 18:55:52 - [TEST_STEP][PASSED] - setText: Text 'Farm 2' is set on object 'Object Repository/Backoffice/match_mgmt/wala_details/input_wala_farm'

2018-11-26 18:55:52 - [MESSAGE][PASSED] - Text 'Farm 2' is set on object 'Object Repository/Backoffice/match_mgmt/wala_details/input_wala_farm'

2018-11-26 18:55:52 - [TEST_STEP][PASSED] - setText: Text 'Breed 2' is set on object 'Object Repository/Backoffice/match_mgmt/wala_details/input_wala_breed'

2018-11-26 18:55:53 - [MESSAGE][PASSED] - Text 'Breed 2' is set on object 'Object Repository/Backoffice/match_mgmt/wala_details/input_wala_breed'

2018-11-26 18:55:53 - [TEST_STEP][PASSED] - setText: Text 'Weight 2' is set on object 'Object Repository/Backoffice/match_mgmt/wala_details/input_wala_weight'

2018-11-26 18:55:53 - [MESSAGE][PASSED] - Text 'Weight 2' is set on object 'Object Repository/Backoffice/match_mgmt/wala_details/input_wala_weight'

2018-11-26 18:55:53 - [TEST_STEP][PASSED] - click: Object: 'Object Repository/Backoffice/match_mgmt/input_submit_match' is clicked on

2018-11-26 18:55:54 - [MESSAGE][PASSED] - Object: 'Object Repository/Backoffice/match_mgmt/input_submit_match' is clicked on

2018-11-26 18:55:54 - [TEST_STEP][PASSED] - delay: Delayed 1 second(s)

2018-11-26 18:55:55 - [MESSAGE][PASSED] - Delayed 1 second(s)

2018-11-26 18:55:55 - [TEST_STEP][PASSED] - click: Object: 'Object Repository/Backoffice/match_mgmt/button_create_match' is clicked on

2018-11-26 18:55:55 - [MESSAGE][PASSED] - Object: 'Object Repository/Backoffice/match_mgmt/button_create_match' is clicked on

2018-11-26 18:55:55 - [TEST_STEP][PASSED] - delay: Delayed 1 second(s)

2018-11-26 18:55:56 - [MESSAGE][PASSED] - Delayed 1 second(s)

2018-11-26 18:55:56 - [TEST_STEP][PASSED] - click: Object: 'Object Repository/Backoffice/match_mgmt/span_select_arena_name' is clicked on

2018-11-26 18:55:56 - [MESSAGE][PASSED] - Object: 'Object Repository/Backoffice/match_mgmt/span_select_arena_name' is clicked on

2018-11-26 18:55:56 - [TEST_STEP][PASSED] - setText: Text 'PASIG SQUARE GARDEN - PSG' is set on object 'Object Repository/Backoffice/match_mgmt/input__select2-search__arena_name'

2018-11-26 18:55:56 - [MESSAGE][PASSED] - Text 'PASIG SQUARE GARDEN - PSG' is set on object 'Object Repository/Backoffice/match_mgmt/input__select2-search__arena_name'

2018-11-26 18:55:56 - [TEST_STEP][PASSED] - sendKeys: Keys 'ENTER + ' sent to object: 'Object Repository/Backoffice/match_mgmt/input__select2-search__arena_name'

2018-11-26 18:55:56 - [MESSAGE][PASSED] - Keys 'ENTER + ' sent to object: 'Object Repository/Backoffice/match_mgmt/input__select2-search__arena_name'

2018-11-26 18:55:56 - [TEST_STEP][PASSED] - setText: Text 'AA' is set on object 'Object Repository/Backoffice/match_mgmt/meron_details/input_meron_name'

2018-11-26 18:55:56 - [MESSAGE][PASSED] - Text 'AA' is set on object 'Object Repository/Backoffice/match_mgmt/meron_details/input_meron_name'

2018-11-26 18:55:56 - [TEST_STEP][PASSED] - setText: Text 'Farm 1' is set on object 'Object Repository/Backoffice/match_mgmt/meron_details/input_meron_farm'

2018-11-26 18:55:57 - [MESSAGE][PASSED] - Text 'Farm 1' is set on object 'Object Repository/Backoffice/match_mgmt/meron_details/input_meron_farm'

2018-11-26 18:55:57 - [TEST_STEP][PASSED] - setText: Text 'Breed 1' is set on object 'Object Repository/Backoffice/match_mgmt/meron_details/input_meron_breed'

2018-11-26 18:55:57 - [MESSAGE][PASSED] - Text 'Breed 1' is set on object 'Object Repository/Backoffice/match_mgmt/meron_details/input_meron_breed'

2018-11-26 18:55:57 - [TEST_STEP][PASSED] - setText: Text 'Weight 1' is set on object 'Object Repository/Backoffice/match_mgmt/meron_details/input_meron_weight'

2018-11-26 18:55:57 - [MESSAGE][PASSED] - Text 'Weight 1' is set on object 'Object Repository/Backoffice/match_mgmt/meron_details/input_meron_weight'

2018-11-26 18:55:57 - [TEST_STEP][PASSED] - setText: Text 'BB' is set on object 'Object Repository/Backoffice/match_mgmt/wala_details/input_wala_name'

2018-11-26 18:55:57 - [MESSAGE][PASSED] - Text 'BB' is set on object 'Object Repository/Backoffice/match_mgmt/wala_details/input_wala_name'

2018-11-26 18:55:57 - [TEST_STEP][PASSED] - setText: Text 'Farm 2' is set on object 'Object Repository/Backoffice/match_mgmt/wala_details/input_wala_farm'

2018-11-26 18:55:57 - [MESSAGE][PASSED] - Text 'Farm 2' is set on object 'Object Repository/Backoffice/match_mgmt/wala_details/input_wala_farm'

2018-11-26 18:55:57 - [TEST_STEP][PASSED] - setText: Text 'Breed 2' is set on object 'Object Repository/Backoffice/match_mgmt/wala_details/input_wala_breed'

2018-11-26 18:55:57 - [MESSAGE][PASSED] - Text 'Breed 2' is set on object 'Object Repository/Backoffice/match_mgmt/wala_details/input_wala_breed'

2018-11-26 18:55:57 - [TEST_STEP][PASSED] - setText: Text 'Weight 2' is set on object 'Object Repository/Backoffice/match_mgmt/wala_details/input_wala_weight'

2018-11-26 18:55:57 - [MESSAGE][PASSED] - Text 'Weight 2' is set on object 'Object Repository/Backoffice/match_mgmt/wala_details/input_wala_weight'

2018-11-26 18:55:57 - [TEST_STEP][PASSED] - click: Object: 'Object Repository/Backoffice/match_mgmt/input_submit_match' is clicked on

2018-11-26 18:55:59 - [MESSAGE][PASSED] - Object: 'Object Repository/Backoffice/match_mgmt/input_submit_match' is clicked on

2018-11-26 18:55:59 - [TEST_STEP][PASSED] - delay: Delayed 1 second(s)

2018-11-26 18:56:00 - [MESSAGE][PASSED] - Delayed 1 second(s)

2018-11-26 18:56:00 - [TEST_STEP][PASSED] - click: Object: 'Object Repository/Backoffice/match_mgmt/button_create_match' is clicked on

2018-11-26 18:56:00 - [MESSAGE][PASSED] - Object: 'Object Repository/Backoffice/match_mgmt/button_create_match' is clicked on

2018-11-26 18:56:00 - [TEST_STEP][PASSED] - delay: Delayed 1 second(s)

2018-11-26 18:56:01 - [MESSAGE][PASSED] - Delayed 1 second(s)

2018-11-26 18:56:01 - [TEST_STEP][PASSED] - click: Object: 'Object Repository/Backoffice/match_mgmt/span_select_arena_name' is clicked on

2018-11-26 18:56:01 - [MESSAGE][PASSED] - Object: 'Object Repository/Backoffice/match_mgmt/span_select_arena_name' is clicked on

2018-11-26 18:56:01 - [TEST_STEP][PASSED] - setText: Text 'PASIG SQUARE GARDEN - PSG' is set on object 'Object Repository/Backoffice/match_mgmt/input__select2-search__arena_name'

2018-11-26 18:56:01 - [MESSAGE][PASSED] - Text 'PASIG SQUARE GARDEN - PSG' is set on object 'Object Repository/Backoffice/match_mgmt/input__select2-search__arena_name'

2018-11-26 18:56:01 - [TEST_STEP][PASSED] - sendKeys: Keys 'ENTER + ' sent to object: 'Object Repository/Backoffice/match_mgmt/input__select2-search__arena_name'

2018-11-26 18:56:01 - [MESSAGE][PASSED] - Keys 'ENTER + ' sent to object: 'Object Repository/Backoffice/match_mgmt/input__select2-search__arena_name'

2018-11-26 18:56:01 - [TEST_STEP][PASSED] - setText: Text 'AA' is set on object 'Object Repository/Backoffice/match_mgmt/meron_details/input_meron_name'

2018-11-26 18:56:01 - [MESSAGE][PASSED] - Text 'AA' is set on object 'Object Repository/Backoffice/match_mgmt/meron_details/input_meron_name'

2018-11-26 18:56:01 - [TEST_STEP][PASSED] - setText: Text 'Farm 1' is set on object 'Object Repository/Backoffice/match_mgmt/meron_details/input_meron_farm'

2018-11-26 18:56:01 - [MESSAGE][PASSED] - Text 'Farm 1' is set on object 'Object Repository/Backoffice/match_mgmt/meron_details/input_meron_farm'

2018-11-26 18:56:01 - [TEST_STEP][PASSED] - setText: Text 'Breed 1' is set on object 'Object Repository/Backoffice/match_mgmt/meron_details/input_meron_breed'

2018-11-26 18:56:02 - [MESSAGE][PASSED] - Text 'Breed 1' is set on object 'Object Repository/Backoffice/match_mgmt/meron_details/input_meron_breed'

2018-11-26 18:56:02 - [TEST_STEP][PASSED] - setText: Text 'Weight 1' is set on object 'Object Repository/Backoffice/match_mgmt/meron_details/input_meron_weight'

2018-11-26 18:56:02 - [MESSAGE][PASSED] - Text 'Weight 1' is set on object 'Object Repository/Backoffice/match_mgmt/meron_details/input_meron_weight'

2018-11-26 18:56:02 - [TEST_STEP][PASSED] - setText: Text 'BB' is set on object 'Object Repository/Backoffice/match_mgmt/wala_details/input_wala_name'

2018-11-26 18:56:02 - [MESSAGE][PASSED] - Text 'BB' is set on object 'Object Repository/Backoffice/match_mgmt/wala_details/input_wala_name'

2018-11-26 18:56:02 - [TEST_STEP][PASSED] - setText: Text 'Farm 2' is set on object 'Object Repository/Backoffice/match_mgmt/wala_details/input_wala_farm'

2018-11-26 18:56:02 - [MESSAGE][PASSED] - Text 'Farm 2' is set on object 'Object Repository/Backoffice/match_mgmt/wala_details/input_wala_farm'

2018-11-26 18:56:02 - [TEST_STEP][PASSED] - setText: Text 'Breed 2' is set on object 'Object Repository/Backoffice/match_mgmt/wala_details/input_wala_breed'

2018-11-26 18:56:02 - [MESSAGE][PASSED] - Text 'Breed 2' is set on object 'Object Repository/Backoffice/match_mgmt/wala_details/input_wala_breed'

2018-11-26 18:56:02 - [TEST_STEP][PASSED] - setText: Text 'Weight 2' is set on object 'Object Repository/Backoffice/match_mgmt/wala_details/input_wala_weight'

2018-11-26 18:56:02 - [MESSAGE][PASSED] - Text 'Weight 2' is set on object 'Object Repository/Backoffice/match_mgmt/wala_details/input_wala_weight'

2018-11-26 18:56:02 - [TEST_STEP][PASSED] - click: Object: 'Object Repository/Backoffice/match_mgmt/input_submit_match' is clicked on

2018-11-26 18:56:03 - [MESSAGE][PASSED] - Object: 'Object Repository/Backoffice/match_mgmt/input_submit_match' is clicked on

2018-11-26 18:56:03 - [TEST_STEP][PASSED] - delay: Delayed 1 second(s)

2018-11-26 18:56:04 - [MESSAGE][PASSED] - Delayed 1 second(s)

2018-11-26 18:56:04 - [TEST_STEP][PASSED] - click: Object: 'Object Repository/Backoffice/match_mgmt/button_create_match' is clicked on

2018-11-26 18:56:04 - [MESSAGE][PASSED] - Object: 'Object Repository/Backoffice/match_mgmt/button_create_match' is clicked on

2018-11-26 18:56:04 - [TEST_STEP][PASSED] - delay: Delayed 1 second(s)

2018-11-26 18:56:05 - [MESSAGE][PASSED] - Delayed 1 second(s)

2018-11-26 18:56:05 - [TEST_STEP][PASSED] - click: Object: 'Object Repository/Backoffice/match_mgmt/span_select_arena_name' is clicked on

2018-11-26 18:56:06 - [MESSAGE][PASSED] - Object: 'Object Repository/Backoffice/match_mgmt/span_select_arena_name' is clicked on

2018-11-26 18:56:06 - [TEST_STEP][PASSED] - setText: Text 'PASIG SQUARE GARDEN - PSG' is set on object 'Object Repository/Backoffice/match_mgmt/input__select2-search__arena_name'

2018-11-26 18:56:06 - [MESSAGE][PASSED] - Text 'PASIG SQUARE GARDEN - PSG' is set on object 'Object Repository/Backoffice/match_mgmt/input__select2-search__arena_name'

2018-11-26 18:56:06 - [TEST_STEP][PASSED] - sendKeys: Keys 'ENTER + ' sent to object: 'Object Repository/Backoffice/match_mgmt/input__select2-search__arena_name'

2018-11-26 18:56:06 - [MESSAGE][PASSED] - Keys 'ENTER + ' sent to object: 'Object Repository/Backoffice/match_mgmt/input__select2-search__arena_name'

2018-11-26 18:56:06 - [TEST_STEP][PASSED] - setText: Text 'AA' is set on object 'Object Repository/Backoffice/match_mgmt/meron_details/input_meron_name'

2018-11-26 18:56:06 - [MESSAGE][PASSED] - Text 'AA' is set on object 'Object Repository/Backoffice/match_mgmt/meron_details/input_meron_name'

2018-11-26 18:56:06 - [TEST_STEP][PASSED] - setText: Text 'Farm 1' is set on object 'Object Repository/Backoffice/match_mgmt/meron_details/input_meron_farm'

2018-11-26 18:56:06 - [MESSAGE][PASSED] - Text 'Farm 1' is set on object 'Object Repository/Backoffice/match_mgmt/meron_details/input_meron_farm'

2018-11-26 18:56:06 - [TEST_STEP][PASSED] - setText: Text 'Breed 1' is set on object 'Object Repository/Backoffice/match_mgmt/meron_details/input_meron_breed'

2018-11-26 18:56:06 - [MESSAGE][PASSED] - Text 'Breed 1' is set on object 'Object Repository/Backoffice/match_mgmt/meron_details/input_meron_breed'

2018-11-26 18:56:06 - [TEST_STEP][PASSED] - setText: Text 'Weight 1' is set on object 'Object Repository/Backoffice/match_mgmt/meron_details/input_meron_weight'

2018-11-26 18:56:06 - [MESSAGE][PASSED] - Text 'Weight 1' is set on object 'Object Repository/Backoffice/match_mgmt/meron_details/input_meron_weight'

2018-11-26 18:56:06 - [TEST_STEP][PASSED] - setText: Text 'BB' is set on object 'Object Repository/Backoffice/match_mgmt/wala_details/input_wala_name'

2018-11-26 18:56:07 - [MESSAGE][PASSED] - Text 'BB' is set on object 'Object Repository/Backoffice/match_mgmt/wala_details/input_wala_name'

2018-11-26 18:56:07 - [TEST_STEP][PASSED] - setText: Text 'Farm 2' is set on object 'Object Repository/Backoffice/match_mgmt/wala_details/input_wala_farm'

2018-11-26 18:56:07 - [MESSAGE][PASSED] - Text 'Farm 2' is set on object 'Object Repository/Backoffice/match_mgmt/wala_details/input_wala_farm'

2018-11-26 18:56:07 - [TEST_STEP][PASSED] - setText: Text 'Breed 2' is set on object 'Object Repository/Backoffice/match_mgmt/wala_details/input_wala_breed'

2018-11-26 18:56:07 - [MESSAGE][PASSED] - Text 'Breed 2' is set on object 'Object Repository/Backoffice/match_mgmt/wala_details/input_wala_breed'

2018-11-26 18:56:07 - [TEST_STEP][PASSED] - setText: Text 'Weight 2' is set on object 'Object Repository/Backoffice/match_mgmt/wala_details/input_wala_weight'

2018-11-26 18:56:07 - [MESSAGE][PASSED] - Text 'Weight 2' is set on object 'Object Repository/Backoffice/match_mgmt/wala_details/input_wala_weight'

2018-11-26 18:56:07 - [TEST_STEP][PASSED] - click: Object: 'Object Repository/Backoffice/match_mgmt/input_submit_match' is clicked on

2018-11-26 18:56:08 - [MESSAGE][PASSED] - Object: 'Object Repository/Backoffice/match_mgmt/input_submit_match' is clicked on

2018-11-26 18:56:08 - [TEST_STEP][PASSED] - delay: Delayed 1 second(s)

2018-11-26 18:56:09 - [MESSAGE][PASSED] - Delayed 1 second(s)

2018-11-26 18:56:09 - [TEST_STEP][PASSED] - click: Object: 'Object Repository/Backoffice/match_mgmt/button_create_match' is clicked on

2018-11-26 18:56:09 - [MESSAGE][PASSED] - Object: 'Object Repository/Backoffice/match_mgmt/button_create_match' is clicked on

2018-11-26 18:56:09 - [TEST_STEP][PASSED] - delay: Delayed 1 second(s)

2018-11-26 18:56:10 - [MESSAGE][PASSED] - Delayed 1 second(s)

2018-11-26 18:56:10 - [TEST_STEP][PASSED] - click: Object: 'Object Repository/Backoffice/match_mgmt/span_select_arena_name' is clicked on

2018-11-26 18:56:10 - [MESSAGE][PASSED] - Object: 'Object Repository/Backoffice/match_mgmt/span_select_arena_name' is clicked on

2018-11-26 18:56:10 - [TEST_STEP][PASSED] - setText: Text 'PASIG SQUARE GARDEN - PSG' is set on object 'Object Repository/Backoffice/match_mgmt/input__select2-search__arena_name'

2018-11-26 18:56:11 - [MESSAGE][PASSED] - Text 'PASIG SQUARE GARDEN - PSG' is set on object 'Object Repository/Backoffice/match_mgmt/input__select2-search__arena_name'

2018-11-26 18:56:11 - [TEST_STEP][PASSED] - sendKeys: Keys 'ENTER + ' sent to object: 'Object Repository/Backoffice/match_mgmt/input__select2-search__arena_name'

2018-11-26 18:56:11 - [MESSAGE][PASSED] - Keys 'ENTER + ' sent to object: 'Object Repository/Backoffice/match_mgmt/input__select2-search__arena_name'

2018-11-26 18:56:11 - [TEST_STEP][PASSED] - setText: Text 'AA' is set on object 'Object Repository/Backoffice/match_mgmt/meron_details/input_meron_name'

2018-11-26 18:56:11 - [MESSAGE][PASSED] - Text 'AA' is set on object 'Object Repository/Backoffice/match_mgmt/meron_details/input_meron_name'

2018-11-26 18:56:11 - [TEST_STEP][PASSED] - setText: Text 'Farm 1' is set on object 'Object Repository/Backoffice/match_mgmt/meron_details/input_meron_farm'

2018-11-26 18:56:11 - [MESSAGE][PASSED] - Text 'Farm 1' is set on object 'Object Repository/Backoffice/match_mgmt/meron_details/input_meron_farm'

2018-11-26 18:56:11 - [TEST_STEP][PASSED] - setText: Text 'Breed 1' is set on object 'Object Repository/Backoffice/match_mgmt/meron_details/input_meron_breed'

2018-11-26 18:56:11 - [MESSAGE][PASSED] - Text 'Breed 1' is set on object 'Object Repository/Backoffice/match_mgmt/meron_details/input_meron_breed'

2018-11-26 18:56:11 - [TEST_STEP][PASSED] - setText: Text 'Weight 1' is set on object 'Object Repository/Backoffice/match_mgmt/meron_details/input_meron_weight'

2018-11-26 18:56:11 - [MESSAGE][PASSED] - Text 'Weight 1' is set on object 'Object Repository/Backoffice/match_mgmt/meron_details/input_meron_weight'

2018-11-26 18:56:11 - [TEST_STEP][PASSED] - setText: Text 'BB' is set on object 'Object Repository/Backoffice/match_mgmt/wala_details/input_wala_name'

2018-11-26 18:56:11 - [MESSAGE][PASSED] - Text 'BB' is set on object 'Object Repository/Backoffice/match_mgmt/wala_details/input_wala_name'

2018-11-26 18:56:11 - [TEST_STEP][PASSED] - setText: Text 'Farm 2' is set on object 'Object Repository/Backoffice/match_mgmt/wala_details/input_wala_farm'

2018-11-26 18:56:11 - [MESSAGE][PASSED] - Text 'Farm 2' is set on object 'Object Repository/Backoffice/match_mgmt/wala_details/input_wala_farm'

2018-11-26 18:56:11 - [TEST_STEP][PASSED] - setText: Text 'Breed 2' is set on object 'Object Repository/Backoffice/match_mgmt/wala_details/input_wala_breed'

2018-11-26 18:56:12 - [MESSAGE][PASSED] - Text 'Breed 2' is set on object 'Object Repository/Backoffice/match_mgmt/wala_details/input_wala_breed'

2018-11-26 18:56:12 - [TEST_STEP][PASSED] - setText: Text 'Weight 2' is set on object 'Object Repository/Backoffice/match_mgmt/wala_details/input_wala_weight'

2018-11-26 18:56:12 - [MESSAGE][PASSED] - Text 'Weight 2' is set on object 'Object Repository/Backoffice/match_mgmt/wala_details/input_wala_weight'

2018-11-26 18:56:12 - [TEST_STEP][PASSED] - click: Object: 'Object Repository/Backoffice/match_mgmt/input_submit_match' is clicked on

2018-11-26 18:56:13 - [MESSAGE][PASSED] - Object: 'Object Repository/Backoffice/match_mgmt/input_submit_match' is clicked on

2018-11-26 18:56:13 - [TEST_STEP][PASSED] - delay: Delayed 1 second(s)

2018-11-26 18:56:14 - [MESSAGE][PASSED] - Delayed 1 second(s)

2018-11-26 18:56:14 - [TEST_STEP][PASSED] - click: Object: 'Object Repository/Backoffice/match_mgmt/button_create_match' is clicked on

2018-11-26 18:56:14 - [MESSAGE][PASSED] - Object: 'Object Repository/Backoffice/match_mgmt/button_create_match' is clicked on

2018-11-26 18:56:14 - [TEST_STEP][PASSED] - delay: Delayed 1 second(s)

2018-11-26 18:56:15 - [MESSAGE][PASSED] - Delayed 1 second(s)

2018-11-26 18:56:15 - [TEST_STEP][PASSED] - click: Object: 'Object Repository/Backoffice/match_mgmt/span_select_arena_name' is clicked on

2018-11-26 18:56:15 - [MESSAGE][PASSED] - Object: 'Object Repository/Backoffice/match_mgmt/span_select_arena_name' is clicked on

2018-11-26 18:56:15 - [TEST_STEP][PASSED] - setText: Text 'PASIG SQUARE GARDEN - PSG' is set on object 'Object Repository/Backoffice/match_mgmt/input__select2-search__arena_name'

2018-11-26 18:56:15 - [MESSAGE][PASSED] - Text 'PASIG SQUARE GARDEN - PSG' is set on object 'Object Repository/Backoffice/match_mgmt/input__select2-search__arena_name'

2018-11-26 18:56:15 - [TEST_STEP][PASSED] - sendKeys: Keys 'ENTER + ' sent to object: 'Object Repository/Backoffice/match_mgmt/input__select2-search__arena_name'

2018-11-26 18:56:15 - [MESSAGE][PASSED] - Keys 'ENTER + ' sent to object: 'Object Repository/Backoffice/match_mgmt/input__select2-search__arena_name'

2018-11-26 18:56:15 - [TEST_STEP][PASSED] - setText: Text 'AA' is set on object 'Object Repository/Backoffice/match_mgmt/meron_details/input_meron_name'

2018-11-26 18:56:16 - [MESSAGE][PASSED] - Text 'AA' is set on object 'Object Repository/Backoffice/match_mgmt/meron_details/input_meron_name'

2018-11-26 18:56:16 - [TEST_STEP][PASSED] - setText: Text 'Farm 1' is set on object 'Object Repository/Backoffice/match_mgmt/meron_details/input_meron_farm'

2018-11-26 18:56:16 - [MESSAGE][PASSED] - Text 'Farm 1' is set on object 'Object Repository/Backoffice/match_mgmt/meron_details/input_meron_farm'

2018-11-26 18:56:16 - [TEST_STEP][PASSED] - setText: Text 'Breed 1' is set on object 'Object Repository/Backoffice/match_mgmt/meron_details/input_meron_breed'

2018-11-26 18:56:16 - [MESSAGE][PASSED] - Text 'Breed 1' is set on object 'Object Repository/Backoffice/match_mgmt/meron_details/input_meron_breed'

2018-11-26 18:56:16 - [TEST_STEP][PASSED] - setText: Text 'Weight 1' is set on object 'Object Repository/Backoffice/match_mgmt/meron_details/input_meron_weight'

2018-11-26 18:56:16 - [MESSAGE][PASSED] - Text 'Weight 1' is set on object 'Object Repository/Backoffice/match_mgmt/meron_details/input_meron_weight'

2018-11-26 18:56:16 - [TEST_STEP][PASSED] - setText: Text 'BB' is set on object 'Object Repository/Backoffice/match_mgmt/wala_details/input_wala_name'

2018-11-26 18:56:16 - [MESSAGE][PASSED] - Text 'BB' is set on object 'Object Repository/Backoffice/match_mgmt/wala_details/input_wala_name'

2018-11-26 18:56:16 - [TEST_STEP][PASSED] - setText: Text 'Farm 2' is set on object 'Object Repository/Backoffice/match_mgmt/wala_details/input_wala_farm'

2018-11-26 18:56:16 - [MESSAGE][PASSED] - Text 'Farm 2' is set on object 'Object Repository/Backoffice/match_mgmt/wala_details/input_wala_farm'

2018-11-26 18:56:16 - [TEST_STEP][PASSED] - setText: Text 'Breed 2' is set on object 'Object Repository/Backoffice/match_mgmt/wala_details/input_wala_breed'

2018-11-26 18:56:16 - [MESSAGE][PASSED] - Text 'Breed 2' is set on object 'Object Repository/Backoffice/match_mgmt/wala_details/input_wala_breed'

2018-11-26 18:56:16 - [TEST_STEP][PASSED] - setText: Text 'Weight 2' is set on object 'Object Repository/Backoffice/match_mgmt/wala_details/input_wala_weight'

2018-11-26 18:56:16 - [MESSAGE][PASSED] - Text 'Weight 2' is set on object 'Object Repository/Backoffice/match_mgmt/wala_details/input_wala_weight'

2018-11-26 18:56:16 - [TEST_STEP][PASSED] - click: Object: 'Object Repository/Backoffice/match_mgmt/input_submit_match' is clicked on

2018-11-26 18:56:18 - [MESSAGE][PASSED] - Object: 'Object Repository/Backoffice/match_mgmt/input_submit_match' is clicked on

2018-11-26 18:56:18 - [TEST_STEP][PASSED] - delay: Delayed 1 second(s)

2018-11-26 18:56:19 - [MESSAGE][PASSED] - Delayed 1 second(s)

2018-11-26 18:56:19 - [TEST_STEP][PASSED] - click: Object: 'Object Repository/Backoffice/match_mgmt/button_create_match' is clicked on

2018-11-26 18:56:19 - [MESSAGE][PASSED] - Object: 'Object Repository/Backoffice/match_mgmt/button_create_match' is clicked on

2018-11-26 18:56:19 - [TEST_STEP][PASSED] - delay: Delayed 1 second(s)

2018-11-26 18:56:20 - [MESSAGE][PASSED] - Delayed 1 second(s)

2018-11-26 18:56:20 - [TEST_STEP][PASSED] - click: Object: 'Object Repository/Backoffice/match_mgmt/span_select_arena_name' is clicked on

2018-11-26 18:56:20 - [MESSAGE][PASSED] - Object: 'Object Repository/Backoffice/match_mgmt/span_select_arena_name' is clicked on

2018-11-26 18:56:20 - [TEST_STEP][PASSED] - setText: Text 'PASIG SQUARE GARDEN - PSG' is set on object 'Object Repository/Backoffice/match_mgmt/input__select2-search__arena_name'

2018-11-26 18:56:20 - [MESSAGE][PASSED] - Text 'PASIG SQUARE GARDEN - PSG' is set on object 'Object Repository/Backoffice/match_mgmt/input__select2-search__arena_name'

2018-11-26 18:56:20 - [TEST_STEP][PASSED] - sendKeys: Keys 'ENTER + ' sent to object: 'Object Repository/Backoffice/match_mgmt/input__select2-search__arena_name'

2018-11-26 18:56:20 - [MESSAGE][PASSED] - Keys 'ENTER + ' sent to object: 'Object Repository/Backoffice/match_mgmt/input__select2-search__arena_name'

2018-11-26 18:56:20 - [TEST_STEP][PASSED] - setText: Text 'AA' is set on object 'Object Repository/Backoffice/match_mgmt/meron_details/input_meron_name'

2018-11-26 18:56:20 - [MESSAGE][PASSED] - Text 'AA' is set on object 'Object Repository/Backoffice/match_mgmt/meron_details/input_meron_name'

2018-11-26 18:56:20 - [TEST_STEP][PASSED] - setText: Text 'Farm 1' is set on object 'Object Repository/Backoffice/match_mgmt/meron_details/input_meron_farm'

2018-11-26 18:56:20 - [MESSAGE][PASSED] - Text 'Farm 1' is set on object 'Object Repository/Backoffice/match_mgmt/meron_details/input_meron_farm'

2018-11-26 18:56:20 - [TEST_STEP][PASSED] - setText: Text 'Breed 1' is set on object 'Object Repository/Backoffice/match_mgmt/meron_details/input_meron_breed'

2018-11-26 18:56:21 - [MESSAGE][PASSED] - Text 'Breed 1' is set on object 'Object Repository/Backoffice/match_mgmt/meron_details/input_meron_breed'

2018-11-26 18:56:21 - [TEST_STEP][PASSED] - setText: Text 'Weight 1' is set on object 'Object Repository/Backoffice/match_mgmt/meron_details/input_meron_weight'

2018-11-26 18:56:21 - [MESSAGE][PASSED] - Text 'Weight 1' is set on object 'Object Repository/Backoffice/match_mgmt/meron_details/input_meron_weight'

2018-11-26 18:56:21 - [TEST_STEP][PASSED] - setText: Text 'BB' is set on object 'Object Repository/Backoffice/match_mgmt/wala_details/input_wala_name'

2018-11-26 18:56:21 - [MESSAGE][PASSED] - Text 'BB' is set on object 'Object Repository/Backoffice/match_mgmt/wala_details/input_wala_name'

2018-11-26 18:56:21 - [TEST_STEP][PASSED] - setText: Text 'Farm 2' is set on object 'Object Repository/Backoffice/match_mgmt/wala_details/input_wala_farm'

2018-11-26 18:56:21 - [MESSAGE][PASSED] - Text 'Farm 2' is set on object 'Object Repository/Backoffice/match_mgmt/wala_details/input_wala_farm'

2018-11-26 18:56:21 - [TEST_STEP][PASSED] - setText: Text 'Breed 2' is set on object 'Object Repository/Backoffice/match_mgmt/wala_details/input_wala_breed'

2018-11-26 18:56:21 - [MESSAGE][PASSED] - Text 'Breed 2' is set on object 'Object Repository/Backoffice/match_mgmt/wala_details/input_wala_breed'

2018-11-26 18:56:21 - [TEST_STEP][PASSED] - setText: Text 'Weight 2' is set on object 'Object Repository/Backoffice/match_mgmt/wala_details/input_wala_weight'

2018-11-26 18:56:21 - [MESSAGE][PASSED] - Text 'Weight 2' is set on object 'Object Repository/Backoffice/match_mgmt/wala_details/input_wala_weight'

2018-11-26 18:56:21 - [TEST_STEP][PASSED] - click: Object: 'Object Repository/Backoffice/match_mgmt/input_submit_match' is clicked on

2018-11-26 18:56:22 - [MESSAGE][PASSED] - Object: 'Object Repository/Backoffice/match_mgmt/input_submit_match' is clicked on

2018-11-26 18:56:22 - [TEST_STEP][PASSED] - delay: Delayed 1 second(s)

2018-11-26 18:56:23 - [MESSAGE][PASSED] - Delayed 1 second(s)

2018-11-26 18:56:23 - [TEST_STEP][PASSED] - click: Object: 'Object Repository/Backoffice/match_mgmt/button_create_match' is clicked on

2018-11-26 18:56:23 - [MESSAGE][PASSED] - Object: 'Object Repository/Backoffice/match_mgmt/button_create_match' is clicked on

2018-11-26 18:56:23 - [TEST_STEP][PASSED] - delay: Delayed 1 second(s)

2018-11-26 18:56:24 - [MESSAGE][PASSED] - Delayed 1 second(s)

2018-11-26 18:56:24 - [TEST_STEP][PASSED] - click: Object: 'Object Repository/Backoffice/match_mgmt/span_select_arena_name' is clicked on

2018-11-26 18:56:25 - [MESSAGE][PASSED] - Object: 'Object Repository/Backoffice/match_mgmt/span_select_arena_name' is clicked on

2018-11-26 18:56:25 - [TEST_STEP][PASSED] - setText: Text 'PASIG SQUARE GARDEN - PSG' is set on object 'Object Repository/Backoffice/match_mgmt/input__select2-search__arena_name'

2018-11-26 18:56:25 - [MESSAGE][PASSED] - Text 'PASIG SQUARE GARDEN - PSG' is set on object 'Object Repository/Backoffice/match_mgmt/input__select2-search__arena_name'

2018-11-26 18:56:25 - [TEST_STEP][PASSED] - sendKeys: Keys 'ENTER + ' sent to object: 'Object Repository/Backoffice/match_mgmt/input__select2-search__arena_name'

2018-11-26 18:56:25 - [MESSAGE][PASSED] - Keys 'ENTER + ' sent to object: 'Object Repository/Backoffice/match_mgmt/input__select2-search__arena_name'

2018-11-26 18:56:25 - [TEST_STEP][PASSED] - setText: Text 'AA' is set on object 'Object Repository/Backoffice/match_mgmt/meron_details/input_meron_name'

2018-11-26 18:56:25 - [MESSAGE][PASSED] - Text 'AA' is set on object 'Object Repository/Backoffice/match_mgmt/meron_details/input_meron_name'

2018-11-26 18:56:25 - [TEST_STEP][PASSED] - setText: Text 'Farm 1' is set on object 'Object Repository/Backoffice/match_mgmt/meron_details/input_meron_farm'

2018-11-26 18:56:25 - [MESSAGE][PASSED] - Text 'Farm 1' is set on object 'Object Repository/Backoffice/match_mgmt/meron_details/input_meron_farm'

2018-11-26 18:56:25 - [TEST_STEP][PASSED] - setText: Text 'Breed 1' is set on object 'Object Repository/Backoffice/match_mgmt/meron_details/input_meron_breed'

2018-11-26 18:56:25 - [MESSAGE][PASSED] - Text 'Breed 1' is set on object 'Object Repository/Backoffice/match_mgmt/meron_details/input_meron_breed'

2018-11-26 18:56:25 - [TEST_STEP][PASSED] - setText: Text 'Weight 1' is set on object 'Object Repository/Backoffice/match_mgmt/meron_details/input_meron_weight'

2018-11-26 18:56:26 - [MESSAGE][PASSED] - Text 'Weight 1' is set on object 'Object Repository/Backoffice/match_mgmt/meron_details/input_meron_weight'

2018-11-26 18:56:26 - [TEST_STEP][PASSED] - setText: Text 'BB' is set on object 'Object Repository/Backoffice/match_mgmt/wala_details/input_wala_name'

2018-11-26 18:56:26 - [MESSAGE][PASSED] - Text 'BB' is set on object 'Object Repository/Backoffice/match_mgmt/wala_details/input_wala_name'

2018-11-26 18:56:26 - [TEST_STEP][PASSED] - setText: Text 'Farm 2' is set on object 'Object Repository/Backoffice/match_mgmt/wala_details/input_wala_farm'

2018-11-26 18:56:26 - [MESSAGE][PASSED] - Text 'Farm 2' is set on object 'Object Repository/Backoffice/match_mgmt/wala_details/input_wala_farm'

2018-11-26 18:56:26 - [TEST_STEP][PASSED] - setText: Text 'Breed 2' is set on object 'Object Repository/Backoffice/match_mgmt/wala_details/input_wala_breed'

2018-11-26 18:56:26 - [MESSAGE][PASSED] - Text 'Breed 2' is set on object 'Object Repository/Backoffice/match_mgmt/wala_details/input_wala_breed'

2018-11-26 18:56:26 - [TEST_STEP][PASSED] - setText: Text 'Weight 2' is set on object 'Object Repository/Backoffice/match_mgmt/wala_details/input_wala_weight'

2018-11-26 18:56:26 - [MESSAGE][PASSED] - Text 'Weight 2' is set on object 'Object Repository/Backoffice/match_mgmt/wala_details/input_wala_weight'

2018-11-26 18:56:26 - [TEST_STEP][PASSED] - click: Object: 'Object Repository/Backoffice/match_mgmt/input_submit_match' is clicked on

2018-11-26 18:56:27 - [MESSAGE][PASSED] - Object: 'Object Repository/Backoffice/match_mgmt/input_submit_match' is clicked on

2018-11-26 18:56:27 - [TEST_STEP][PASSED] - delay: Delayed 1 second(s)

2018-11-26 18:56:28 - [MESSAGE][PASSED] - Delayed 1 second(s)

2018-11-26 18:56:28 - [TEST_STEP][PASSED] - click: Object: 'Object Repository/Backoffice/match_mgmt/button_create_match' is clicked on

2018-11-26 18:56:28 - [MESSAGE][PASSED] - Object: 'Object Repository/Backoffice/match_mgmt/button_create_match' is clicked on

2018-11-26 18:56:28 - [TEST_STEP][PASSED] - delay: Delayed 1 second(s)

2018-11-26 18:56:29 - [MESSAGE][PASSED] - Delayed 1 second(s)

2018-11-26 18:56:29 - [TEST_STEP][PASSED] - click: Object: 'Object Repository/Backoffice/match_mgmt/span_select_arena_name' is clicked on

2018-11-26 18:56:29 - [MESSAGE][PASSED] - Object: 'Object Repository/Backoffice/match_mgmt/span_select_arena_name' is clicked on

2018-11-26 18:56:29 - [TEST_STEP][PASSED] - setText: Text 'PASIG SQUARE GARDEN - PSG' is set on object 'Object Repository/Backoffice/match_mgmt/input__select2-search__arena_name'

2018-11-26 18:56:30 - [MESSAGE][PASSED] - Text 'PASIG SQUARE GARDEN - PSG' is set on object 'Object Repository/Backoffice/match_mgmt/input__select2-search__arena_name'

2018-11-26 18:56:30 - [TEST_STEP][PASSED] - sendKeys: Keys 'ENTER + ' sent to object: 'Object Repository/Backoffice/match_mgmt/input__select2-search__arena_name'

2018-11-26 18:56:30 - [MESSAGE][PASSED] - Keys 'ENTER + ' sent to object: 'Object Repository/Backoffice/match_mgmt/input__select2-search__arena_name'

2018-11-26 18:56:30 - [TEST_STEP][PASSED] - setText: Text 'AA' is set on object 'Object Repository/Backoffice/match_mgmt/meron_details/input_meron_name'

2018-11-26 18:56:30 - [MESSAGE][PASSED] - Text 'AA' is set on object 'Object Repository/Backoffice/match_mgmt/meron_details/input_meron_name'

2018-11-26 18:56:30 - [TEST_STEP][PASSED] - setText: Text 'Farm 1' is set on object 'Object Repository/Backoffice/match_mgmt/meron_details/input_meron_farm'

2018-11-26 18:56:30 - [MESSAGE][PASSED] - Text 'Farm 1' is set on object 'Object Repository/Backoffice/match_mgmt/meron_details/input_meron_farm'

2018-11-26 18:56:30 - [TEST_STEP][PASSED] - setText: Text 'Breed 1' is set on object 'Object Repository/Backoffice/match_mgmt/meron_details/input_meron_breed'

2018-11-26 18:56:30 - [MESSAGE][PASSED] - Text 'Breed 1' is set on object 'Object Repository/Backoffice/match_mgmt/meron_details/input_meron_breed'

2018-11-26 18:56:30 - [TEST_STEP][PASSED] - setText: Text 'Weight 1' is set on object 'Object Repository/Backoffice/match_mgmt/meron_details/input_meron_weight'

2018-11-26 18:56:30 - [MESSAGE][PASSED] - Text 'Weight 1' is set on object 'Object Repository/Backoffice/match_mgmt/meron_details/input_meron_weight'

2018-11-26 18:56:30 - [TEST_STEP][PASSED] - setText: Text 'BB' is set on object 'Object Repository/Backoffice/match_mgmt/wala_details/input_wala_name'

2018-11-26 18:56:30 - [MESSAGE][PASSED] - Text 'BB' is set on object 'Object Repository/Backoffice/match_mgmt/wala_details/input_wala_name'

2018-11-26 18:56:30 - [TEST_STEP][PASSED] - setText: Text 'Farm 2' is set on object 'Object Repository/Backoffice/match_mgmt/wala_details/input_wala_farm'

2018-11-26 18:56:30 - [MESSAGE][PASSED] - Text 'Farm 2' is set on object 'Object Repository/Backoffice/match_mgmt/wala_details/input_wala_farm'

2018-11-26 18:56:30 - [TEST_STEP][PASSED] - setText: Text 'Breed 2' is set on object 'Object Repository/Backoffice/match_mgmt/wala_details/input_wala_breed'

2018-11-26 18:56:31 - [MESSAGE][PASSED] - Text 'Breed 2' is set on object 'Object Repository/Backoffice/match_mgmt/wala_details/input_wala_breed'

2018-11-26 18:56:31 - [TEST_STEP][PASSED] - setText: Text 'Weight 2' is set on object 'Object Repository/Backoffice/match_mgmt/wala_details/input_wala_weight'

2018-11-26 18:56:31 - [MESSAGE][PASSED] - Text 'Weight 2' is set on object 'Object Repository/Backoffice/match_mgmt/wala_details/input_wala_weight'

2018-11-26 18:56:31 - [TEST_STEP][PASSED] - click: Object: 'Object Repository/Backoffice/match_mgmt/input_submit_match' is clicked on

2018-11-26 18:56:32 - [MESSAGE][PASSED] - Object: 'Object Repository/Backoffice/match_mgmt/input_submit_match' is clicked on

2018-11-26 18:56:32 - [TEST_STEP][PASSED] - delay: Delayed 1 second(s)

2018-11-26 18:56:33 - [MESSAGE][PASSED] - Delayed 1 second(s)

2018-11-26 18:56:33 - [TEST_STEP][PASSED] - click: Object: 'Object Repository/Backoffice/match_mgmt/button_create_match' is clicked on

2018-11-26 18:56:33 - [MESSAGE][PASSED] - Object: 'Object Repository/Backoffice/match_mgmt/button_create_match' is clicked on

2018-11-26 18:56:33 - [TEST_STEP][PASSED] - delay: Delayed 1 second(s)

2018-11-26 18:56:34 - [MESSAGE][PASSED] - Delayed 1 second(s)

2018-11-26 18:56:34 - [TEST_STEP][PASSED] - click: Object: 'Object Repository/Backoffice/match_mgmt/span_select_arena_name' is clicked on

2018-11-26 18:56:34 - [MESSAGE][PASSED] - Object: 'Object Repository/Backoffice/match_mgmt/span_select_arena_name' is clicked on

2018-11-26 18:56:34 - [TEST_STEP][PASSED] - setText: Text 'PASIG SQUARE GARDEN - PSG' is set on object 'Object Repository/Backoffice/match_mgmt/input__select2-search__arena_name'

2018-11-26 18:56:34 - [MESSAGE][PASSED] - Text 'PASIG SQUARE GARDEN - PSG' is set on object 'Object Repository/Backoffice/match_mgmt/input__select2-search__arena_name'

2018-11-26 18:56:34 - [TEST_STEP][PASSED] - sendKeys: Keys 'ENTER + ' sent to object: 'Object Repository/Backoffice/match_mgmt/input__select2-search__arena_name'

2018-11-26 18:56:35 - [MESSAGE][PASSED] - Keys 'ENTER + ' sent to object: 'Object Repository/Backoffice/match_mgmt/input__select2-search__arena_name'

2018-11-26 18:56:35 - [TEST_STEP][PASSED] - setText: Text 'AA' is set on object 'Object Repository/Backoffice/match_mgmt/meron_details/input_meron_name'

2018-11-26 18:56:35 - [MESSAGE][PASSED] - Text 'AA' is set on object 'Object Repository/Backoffice/match_mgmt/meron_details/input_meron_name'

2018-11-26 18:56:35 - [TEST_STEP][PASSED] - setText: Text 'Farm 1' is set on object 'Object Repository/Backoffice/match_mgmt/meron_details/input_meron_farm'

2018-11-26 18:56:35 - [MESSAGE][PASSED] - Text 'Farm 1' is set on object 'Object Repository/Backoffice/match_mgmt/meron_details/input_meron_farm'

2018-11-26 18:56:35 - [TEST_STEP][PASSED] - setText: Text 'Breed 1' is set on object 'Object Repository/Backoffice/match_mgmt/meron_details/input_meron_breed'

2018-11-26 18:56:35 - [MESSAGE][PASSED] - Text 'Breed 1' is set on object 'Object Repository/Backoffice/match_mgmt/meron_details/input_meron_breed'

2018-11-26 18:56:35 - [TEST_STEP][PASSED] - setText: Text 'Weight 1' is set on object 'Object Repository/Backoffice/match_mgmt/meron_details/input_meron_weight'

2018-11-26 18:56:35 - [MESSAGE][PASSED] - Text 'Weight 1' is set on object 'Object Repository/Backoffice/match_mgmt/meron_details/input_meron_weight'

2018-11-26 18:56:35 - [TEST_STEP][PASSED] - setText: Text 'BB' is set on object 'Object Repository/Backoffice/match_mgmt/wala_details/input_wala_name'

2018-11-26 18:56:35 - [MESSAGE][PASSED] - Text 'BB' is set on object 'Object Repository/Backoffice/match_mgmt/wala_details/input_wala_name'

2018-11-26 18:56:35 - [TEST_STEP][PASSED] - setText: Text 'Farm 2' is set on object 'Object Repository/Backoffice/match_mgmt/wala_details/input_wala_farm'

2018-11-26 18:56:35 - [MESSAGE][PASSED] - Text 'Farm 2' is set on object 'Object Repository/Backoffice/match_mgmt/wala_details/input_wala_farm'

2018-11-26 18:56:35 - [TEST_STEP][PASSED] - setText: Text 'Breed 2' is set on object 'Object Repository/Backoffice/match_mgmt/wala_details/input_wala_breed'

2018-11-26 18:56:35 - [MESSAGE][PASSED] - Text 'Breed 2' is set on object 'Object Repository/Backoffice/match_mgmt/wala_details/input_wala_breed'

2018-11-26 18:56:35 - [TEST_STEP][PASSED] - setText: Text 'Weight 2' is set on object 'Object Repository/Backoffice/match_mgmt/wala_details/input_wala_weight'

2018-11-26 18:56:35 - [MESSAGE][PASSED] - Text 'Weight 2' is set on object 'Object Repository/Backoffice/match_mgmt/wala_details/input_wala_weight'

2018-11-26 18:56:35 - [TEST_STEP][PASSED] - click: Object: 'Object Repository/Backoffice/match_mgmt/input_submit_match' is clicked on

2018-11-26 18:56:37 - [MESSAGE][PASSED] - Object: 'Object Repository/Backoffice/match_mgmt/input_submit_match' is clicked on

2018-11-26 18:56:37 - [TEST_STEP][PASSED] - delay: Delayed 1 second(s)

2018-11-26 18:56:38 - [MESSAGE][PASSED] - Delayed 1 second(s)

2018-11-26 18:56:38 - [TEST_STEP][PASSED] - click: Object: 'Object Repository/Backoffice/match_mgmt/button_create_match' is clicked on

2018-11-26 18:56:38 - [MESSAGE][PASSED] - Object: 'Object Repository/Backoffice/match_mgmt/button_create_match' is clicked on

2018-11-26 18:56:38 - [TEST_STEP][PASSED] - delay: Delayed 1 second(s)

2018-11-26 18:56:39 - [MESSAGE][PASSED] - Delayed 1 second(s)

2018-11-26 18:56:39 - [TEST_STEP][PASSED] - click: Object: 'Object Repository/Backoffice/match_mgmt/span_select_arena_name' is clicked on

2018-11-26 18:56:39 - [MESSAGE][PASSED] - Object: 'Object Repository/Backoffice/match_mgmt/span_select_arena_name' is clicked on

2018-11-26 18:56:39 - [TEST_STEP][PASSED] - setText: Text 'PASIG SQUARE GARDEN - PSG' is set on object 'Object Repository/Backoffice/match_mgmt/input__select2-search__arena_name'

2018-11-26 18:56:39 - [MESSAGE][PASSED] - Text 'PASIG SQUARE GARDEN - PSG' is set on object 'Object Repository/Backoffice/match_mgmt/input__select2-search__arena_name'

2018-11-26 18:56:39 - [TEST_STEP][PASSED] - sendKeys: Keys 'ENTER + ' sent to object: 'Object Repository/Backoffice/match_mgmt/input__select2-search__arena_name'

2018-11-26 18:56:39 - [MESSAGE][PASSED] - Keys 'ENTER + ' sent to object: 'Object Repository/Backoffice/match_mgmt/input__select2-search__arena_name'

2018-11-26 18:56:39 - [TEST_STEP][PASSED] - setText: Text 'AA' is set on object 'Object Repository/Backoffice/match_mgmt/meron_details/input_meron_name'

2018-11-26 18:56:39 - [MESSAGE][PASSED] - Text 'AA' is set on object 'Object Repository/Backoffice/match_mgmt/meron_details/input_meron_name'

2018-11-26 18:56:39 - [TEST_STEP][PASSED] - setText: Text 'Farm 1' is set on object 'Object Repository/Backoffice/match_mgmt/meron_details/input_meron_farm'

2018-11-26 18:56:40 - [MESSAGE][PASSED] - Text 'Farm 1' is set on object 'Object Repository/Backoffice/match_mgmt/meron_details/input_meron_farm'

2018-11-26 18:56:40 - [TEST_STEP][PASSED] - setText: Text 'Breed 1' is set on object 'Object Repository/Backoffice/match_mgmt/meron_details/input_meron_breed'

2018-11-26 18:56:40 - [MESSAGE][PASSED] - Text 'Breed 1' is set on object 'Object Repository/Backoffice/match_mgmt/meron_details/input_meron_breed'

2018-11-26 18:56:40 - [TEST_STEP][PASSED] - setText: Text 'Weight 1' is set on object 'Object Repository/Backoffice/match_mgmt/meron_details/input_meron_weight'

2018-11-26 18:56:40 - [MESSAGE][PASSED] - Text 'Weight 1' is set on object 'Object Repository/Backoffice/match_mgmt/meron_details/input_meron_weight'

2018-11-26 18:56:40 - [TEST_STEP][PASSED] - setText: Text 'BB' is set on object 'Object Repository/Backoffice/match_mgmt/wala_details/input_wala_name'

2018-11-26 18:56:40 - [MESSAGE][PASSED] - Text 'BB' is set on object 'Object Repository/Backoffice/match_mgmt/wala_details/input_wala_name'

2018-11-26 18:56:40 - [TEST_STEP][PASSED] - setText: Text 'Farm 2' is set on object 'Object Repository/Backoffice/match_mgmt/wala_details/input_wala_farm'

2018-11-26 18:56:40 - [MESSAGE][PASSED] - Text 'Farm 2' is set on object 'Object Repository/Backoffice/match_mgmt/wala_details/input_wala_farm'

2018-11-26 18:56:40 - [TEST_STEP][PASSED] - setText: Text 'Breed 2' is set on object 'Object Repository/Backoffice/match_mgmt/wala_details/input_wala_breed'

2018-11-26 18:56:40 - [MESSAGE][PASSED] - Text 'Breed 2' is set on object 'Object Repository/Backoffice/match_mgmt/wala_details/input_wala_breed'

2018-11-26 18:56:40 - [TEST_STEP][PASSED] - setText: Text 'Weight 2' is set on object 'Object Repository/Backoffice/match_mgmt/wala_details/input_wala_weight'

2018-11-26 18:56:40 - [MESSAGE][PASSED] - Text 'Weight 2' is set on object 'Object Repository/Backoffice/match_mgmt/wala_details/input_wala_weight'

2018-11-26 18:56:40 - [TEST_STEP][PASSED] - click: Object: 'Object Repository/Backoffice/match_mgmt/input_submit_match' is clicked on

2018-11-26 18:56:41 - [MESSAGE][PASSED] - Object: 'Object Repository/Backoffice/match_mgmt/input_submit_match' is clicked on

2018-11-26 18:56:41 - [TEST_STEP][PASSED] - delay: Delayed 1 second(s)

2018-11-26 18:56:42 - [MESSAGE][PASSED] - Delayed 1 second(s)

2018-11-26 18:56:42 - [TEST_STEP][PASSED] - click: Object: 'Object Repository/Backoffice/match_mgmt/button_create_match' is clicked on

2018-11-26 18:56:43 - [MESSAGE][PASSED] - Object: 'Object Repository/Backoffice/match_mgmt/button_create_match' is clicked on

2018-11-26 18:56:43 - [TEST_STEP][PASSED] - delay: Delayed 1 second(s)

2018-11-26 18:56:44 - [MESSAGE][PASSED] - Delayed 1 second(s)

2018-11-26 18:56:44 - [TEST_STEP][PASSED] - click: Object: 'Object Repository/Backoffice/match_mgmt/span_select_arena_name' is clicked on

2018-11-26 18:56:44 - [MESSAGE][PASSED] - Object: 'Object Repository/Backoffice/match_mgmt/span_select_arena_name' is clicked on

2018-11-26 18:56:44 - [TEST_STEP][PASSED] - setText: Text 'PASIG SQUARE GARDEN - PSG' is set on object 'Object Repository/Backoffice/match_mgmt/input__select2-search__arena_name'

2018-11-26 18:56:44 - [MESSAGE][PASSED] - Text 'PASIG SQUARE GARDEN - PSG' is set on object 'Object Repository/Backoffice/match_mgmt/input__select2-search__arena_name'

2018-11-26 18:56:44 - [TEST_STEP][PASSED] - sendKeys: Keys 'ENTER + ' sent to object: 'Object Repository/Backoffice/match_mgmt/input__select2-search__arena_name'

2018-11-26 18:56:44 - [MESSAGE][PASSED] - Keys 'ENTER + ' sent to object: 'Object Repository/Backoffice/match_mgmt/input__select2-search__arena_name'

2018-11-26 18:56:44 - [TEST_STEP][PASSED] - setText: Text 'AA' is set on object 'Object Repository/Backoffice/match_mgmt/meron_details/input_meron_name'

2018-11-26 18:56:44 - [MESSAGE][PASSED] - Text 'AA' is set on object 'Object Repository/Backoffice/match_mgmt/meron_details/input_meron_name'

2018-11-26 18:56:44 - [TEST_STEP][PASSED] - setText: Text 'Farm 1' is set on object 'Object Repository/Backoffice/match_mgmt/meron_details/input_meron_farm'

2018-11-26 18:56:44 - [MESSAGE][PASSED] - Text 'Farm 1' is set on object 'Object Repository/Backoffice/match_mgmt/meron_details/input_meron_farm'

2018-11-26 18:56:44 - [TEST_STEP][PASSED] - setText: Text 'Breed 1' is set on object 'Object Repository/Backoffice/match_mgmt/meron_details/input_meron_breed'

2018-11-26 18:56:44 - [MESSAGE][PASSED] - Text 'Breed 1' is set on object 'Object Repository/Backoffice/match_mgmt/meron_details/input_meron_breed'

2018-11-26 18:56:44 - [TEST_STEP][PASSED] - setText: Text 'Weight 1' is set on object 'Object Repository/Backoffice/match_mgmt/meron_details/input_meron_weight'

2018-11-26 18:56:45 - [MESSAGE][PASSED] - Text 'Weight 1' is set on object 'Object Repository/Backoffice/match_mgmt/meron_details/input_meron_weight'

2018-11-26 18:56:45 - [TEST_STEP][PASSED] - setText: Text 'BB' is set on object 'Object Repository/Backoffice/match_mgmt/wala_details/input_wala_name'

2018-11-26 18:56:45 - [MESSAGE][PASSED] - Text 'BB' is set on object 'Object Repository/Backoffice/match_mgmt/wala_details/input_wala_name'

2018-11-26 18:56:45 - [TEST_STEP][PASSED] - setText: Text 'Farm 2' is set on object 'Object Repository/Backoffice/match_mgmt/wala_details/input_wala_farm'

2018-11-26 18:56:45 - [MESSAGE][PASSED] - Text 'Farm 2' is set on object 'Object Repository/Backoffice/match_mgmt/wala_details/input_wala_farm'

2018-11-26 18:56:45 - [TEST_STEP][PASSED] - setText: Text 'Breed 2' is set on object 'Object Repository/Backoffice/match_mgmt/wala_details/input_wala_breed'

2018-11-26 18:56:45 - [MESSAGE][PASSED] - Text 'Breed 2' is set on object 'Object Repository/Backoffice/match_mgmt/wala_details/input_wala_breed'

2018-11-26 18:56:45 - [TEST_STEP][PASSED] - setText: Text 'Weight 2' is set on object 'Object Repository/Backoffice/match_mgmt/wala_details/input_wala_weight'

2018-11-26 18:56:45 - [MESSAGE][PASSED] - Text 'Weight 2' is set on object 'Object Repository/Backoffice/match_mgmt/wala_details/input_wala_weight'

2018-11-26 18:56:45 - [TEST_STEP][PASSED] - click: Object: 'Object Repository/Backoffice/match_mgmt/input_submit_match' is clicked on

2018-11-26 18:56:46 - [MESSAGE][PASSED] - Object: 'Object Repository/Backoffice/match_mgmt/input_submit_match' is clicked on

2018-11-26 18:56:46 - [TEST_STEP][PASSED] - delay: Delayed 1 second(s)

2018-11-26 18:56:47 - [MESSAGE][PASSED] - Delayed 1 second(s)

2018-11-26 18:56:47 - [TEST_STEP][PASSED] - click: Object: 'Object Repository/Backoffice/match_mgmt/button_create_match' is clicked on

2018-11-26 18:56:47 - [MESSAGE][PASSED] - Object: 'Object Repository/Backoffice/match_mgmt/button_create_match' is clicked on

2018-11-26 18:56:47 - [TEST_STEP][PASSED] - delay: Delayed 1 second(s)

2018-11-26 18:56:48 - [MESSAGE][PASSED] - Delayed 1 second(s)

2018-11-26 18:56:48 - [TEST_STEP][PASSED] - click: Object: 'Object Repository/Backoffice/match_mgmt/span_select_arena_name' is clicked on

2018-11-26 18:56:48 - [MESSAGE][PASSED] - Object: 'Object Repository/Backoffice/match_mgmt/span_select_arena_name' is clicked on

2018-11-26 18:56:48 - [TEST_STEP][PASSED] - setText: Text 'PASIG SQUARE GARDEN - PSG' is set on object 'Object Repository/Backoffice/match_mgmt/input__select2-search__arena_name'

2018-11-26 18:56:49 - [MESSAGE][PASSED] - Text 'PASIG SQUARE GARDEN - PSG' is set on object 'Object Repository/Backoffice/match_mgmt/input__select2-search__arena_name'

2018-11-26 18:56:49 - [TEST_STEP][PASSED] - sendKeys: Keys 'ENTER + ' sent to object: 'Object Repository/Backoffice/match_mgmt/input__select2-search__arena_name'

2018-11-26 18:56:49 - [MESSAGE][PASSED] - Keys 'ENTER + ' sent to object: 'Object Repository/Backoffice/match_mgmt/input__select2-search__arena_name'

2018-11-26 18:56:49 - [TEST_STEP][PASSED] - setText: Text 'AA' is set on object 'Object Repository/Backoffice/match_mgmt/meron_details/input_meron_name'

2018-11-26 18:56:49 - [MESSAGE][PASSED] - Text 'AA' is set on object 'Object Repository/Backoffice/match_mgmt/meron_details/input_meron_name'

2018-11-26 18:56:49 - [TEST_STEP][PASSED] - setText: Text 'Farm 1' is set on object 'Object Repository/Backoffice/match_mgmt/meron_details/input_meron_farm'

2018-11-26 18:56:49 - [MESSAGE][PASSED] - Text 'Farm 1' is set on object 'Object Repository/Backoffice/match_mgmt/meron_details/input_meron_farm'

2018-11-26 18:56:49 - [TEST_STEP][PASSED] - setText: Text 'Breed 1' is set on object 'Object Repository/Backoffice/match_mgmt/meron_details/input_meron_breed'

2018-11-26 18:56:49 - [MESSAGE][PASSED] - Text 'Breed 1' is set on object 'Object Repository/Backoffice/match_mgmt/meron_details/input_meron_breed'

2018-11-26 18:56:49 - [TEST_STEP][PASSED] - setText: Text 'Weight 1' is set on object 'Object Repository/Backoffice/match_mgmt/meron_details/input_meron_weight'

2018-11-26 18:56:49 - [MESSAGE][PASSED] - Text 'Weight 1' is set on object 'Object Repository/Backoffice/match_mgmt/meron_details/input_meron_weight'

2018-11-26 18:56:49 - [TEST_STEP][PASSED] - setText: Text 'BB' is set on object 'Object Repository/Backoffice/match_mgmt/wala_details/input_wala_name'

2018-11-26 18:56:49 - [MESSAGE][PASSED] - Text 'BB' is set on object 'Object Repository/Backoffice/match_mgmt/wala_details/input_wala_name'

2018-11-26 18:56:49 - [TEST_STEP][PASSED] - setText: Text 'Farm 2' is set on object 'Object Repository/Backoffice/match_mgmt/wala_details/input_wala_farm'

2018-11-26 18:56:50 - [MESSAGE][PASSED] - Text 'Farm 2' is set on object 'Object Repository/Backoffice/match_mgmt/wala_details/input_wala_farm'

2018-11-26 18:56:50 - [TEST_STEP][PASSED] - setText: Text 'Breed 2' is set on object 'Object Repository/Backoffice/match_mgmt/wala_details/input_wala_breed'

2018-11-26 18:56:50 - [MESSAGE][PASSED] - Text 'Breed 2' is set on object 'Object Repository/Backoffice/match_mgmt/wala_details/input_wala_breed'

2018-11-26 18:56:50 - [TEST_STEP][PASSED] - setText: Text 'Weight 2' is set on object 'Object Repository/Backoffice/match_mgmt/wala_details/input_wala_weight'

2018-11-26 18:56:50 - [MESSAGE][PASSED] - Text 'Weight 2' is set on object 'Object Repository/Backoffice/match_mgmt/wala_details/input_wala_weight'

2018-11-26 18:56:50 - [TEST_STEP][PASSED] - click: Object: 'Object Repository/Backoffice/match_mgmt/input_submit_match' is clicked on

2018-11-26 18:56:51 - [MESSAGE][PASSED] - Object: 'Object Repository/Backoffice/match_mgmt/input_submit_match' is clicked on

2018-11-26 18:56:51 - [TEST_STEP][PASSED] - delay: Delayed 1 second(s)

2018-11-26 18:56:52 - [MESSAGE][PASSED] - Delayed 1 second(s)

2018-11-26 18:56:52 - [TEST_STEP][PASSED] - click: Object: 'Object Repository/Backoffice/match_mgmt/button_create_match' is clicked on

2018-11-26 18:56:52 - [MESSAGE][PASSED] - Object: 'Object Repository/Backoffice/match_mgmt/button_create_match' is clicked on

2018-11-26 18:56:52 - [TEST_STEP][PASSED] - delay: Delayed 1 second(s)

2018-11-26 18:56:53 - [MESSAGE][PASSED] - Delayed 1 second(s)

2018-11-26 18:56:53 - [TEST_STEP][PASSED] - click: Object: 'Object Repository/Backoffice/match_mgmt/span_select_arena_name' is clicked on

2018-11-26 18:56:53 - [MESSAGE][PASSED] - Object: 'Object Repository/Backoffice/match_mgmt/span_select_arena_name' is clicked on

2018-11-26 18:56:53 - [TEST_STEP][PASSED] - setText: Text 'PASIG SQUARE GARDEN - PSG' is set on object 'Object Repository/Backoffice/match_mgmt/input__select2-search__arena_name'

2018-11-26 18:56:54 - [MESSAGE][PASSED] - Text 'PASIG SQUARE GARDEN - PSG' is set on object 'Object Repository/Backoffice/match_mgmt/input__select2-search__arena_name'

2018-11-26 18:56:54 - [TEST_STEP][PASSED] - sendKeys: Keys 'ENTER + ' sent to object: 'Object Repository/Backoffice/match_mgmt/input__select2-search__arena_name'

2018-11-26 18:56:54 - [MESSAGE][PASSED] - Keys 'ENTER + ' sent to object: 'Object Repository/Backoffice/match_mgmt/input__select2-search__arena_name'

2018-11-26 18:56:54 - [TEST_STEP][PASSED] - setText: Text 'AA' is set on object 'Object Repository/Backoffice/match_mgmt/meron_details/input_meron_name'

2018-11-26 18:56:54 - [MESSAGE][PASSED] - Text 'AA' is set on object 'Object Repository/Backoffice/match_mgmt/meron_details/input_meron_name'

2018-11-26 18:56:54 - [TEST_STEP][PASSED] - setText: Text 'Farm 1' is set on object 'Object Repository/Backoffice/match_mgmt/meron_details/input_meron_farm'

2018-11-26 18:56:54 - [MESSAGE][PASSED] - Text 'Farm 1' is set on object 'Object Repository/Backoffice/match_mgmt/meron_details/input_meron_farm'

2018-11-26 18:56:54 - [TEST_STEP][PASSED] - setText: Text 'Breed 1' is set on object 'Object Repository/Backoffice/match_mgmt/meron_details/input_meron_breed'

2018-11-26 18:56:54 - [MESSAGE][PASSED] - Text 'Breed 1' is set on object 'Object Repository/Backoffice/match_mgmt/meron_details/input_meron_breed'

2018-11-26 18:56:54 - [TEST_STEP][PASSED] - setText: Text 'Weight 1' is set on object 'Object Repository/Backoffice/match_mgmt/meron_details/input_meron_weight'

2018-11-26 18:56:54 - [MESSAGE][PASSED] - Text 'Weight 1' is set on object 'Object Repository/Backoffice/match_mgmt/meron_details/input_meron_weight'

2018-11-26 18:56:54 - [TEST_STEP][PASSED] - setText: Text 'BB' is set on object 'Object Repository/Backoffice/match_mgmt/wala_details/input_wala_name'

2018-11-26 18:56:54 - [MESSAGE][PASSED] - Text 'BB' is set on object 'Object Repository/Backoffice/match_mgmt/wala_details/input_wala_name'

2018-11-26 18:56:54 - [TEST_STEP][PASSED] - setText: Text 'Farm 2' is set on object 'Object Repository/Backoffice/match_mgmt/wala_details/input_wala_farm'

2018-11-26 18:56:54 - [MESSAGE][PASSED] - Text 'Farm 2' is set on object 'Object Repository/Backoffice/match_mgmt/wala_details/input_wala_farm'

2018-11-26 18:56:54 - [TEST_STEP][PASSED] - setText: Text 'Breed 2' is set on object 'Object Repository/Backoffice/match_mgmt/wala_details/input_wala_breed'

2018-11-26 18:56:55 - [MESSAGE][PASSED] - Text 'Breed 2' is set on object 'Object Repository/Backoffice/match_mgmt/wala_details/input_wala_breed'

2018-11-26 18:56:55 - [TEST_STEP][PASSED] - setText: Text 'Weight 2' is set on object 'Object Repository/Backoffice/match_mgmt/wala_details/input_wala_weight'

2018-11-26 18:56:55 - [MESSAGE][PASSED] - Text 'Weight 2' is set on object 'Object Repository/Backoffice/match_mgmt/wala_details/input_wala_weight'

2018-11-26 18:56:55 - [TEST_STEP][PASSED] - click: Object: 'Object Repository/Backoffice/match_mgmt/input_submit_match' is clicked on

2018-11-26 18:56:56 - [MESSAGE][PASSED] - Object: 'Object Repository/Backoffice/match_mgmt/input_submit_match' is clicked on

2018-11-26 18:56:56 - [TEST_STEP][PASSED] - delay: Delayed 1 second(s)

2018-11-26 18:56:57 - [MESSAGE][PASSED] - Delayed 1 second(s)

2018-11-26 18:56:57 - [TEST_STEP][PASSED] - click: Object: 'Object Repository/Backoffice/match_mgmt/button_create_match' is clicked on

2018-11-26 18:56:57 - [MESSAGE][PASSED] - Object: 'Object Repository/Backoffice/match_mgmt/button_create_match' is clicked on

2018-11-26 18:56:57 - [TEST_STEP][PASSED] - delay: Delayed 1 second(s)

2018-11-26 18:56:58 - [MESSAGE][PASSED] - Delayed 1 second(s)

2018-11-26 18:56:58 - [TEST_STEP][PASSED] - click: Object: 'Object Repository/Backoffice/match_mgmt/span_select_arena_name' is clicked on

2018-11-26 18:56:58 - [MESSAGE][PASSED] - Object: 'Object Repository/Backoffice/match_mgmt/span_select_arena_name' is clicked on

2018-11-26 18:56:58 - [TEST_STEP][PASSED] - setText: Text 'PASIG SQUARE GARDEN - PSG' is set on object 'Object Repository/Backoffice/match_mgmt/input__select2-search__arena_name'

2018-11-26 18:56:58 - [MESSAGE][PASSED] - Text 'PASIG SQUARE GARDEN - PSG' is set on object 'Object Repository/Backoffice/match_mgmt/input__select2-search__arena_name'

2018-11-26 18:56:58 - [TEST_STEP][PASSED] - sendKeys: Keys 'ENTER + ' sent to object: 'Object Repository/Backoffice/match_mgmt/input__select2-search__arena_name'

2018-11-26 18:56:58 - [MESSAGE][PASSED] - Keys 'ENTER + ' sent to object: 'Object Repository/Backoffice/match_mgmt/input__select2-search__arena_name'

2018-11-26 18:56:58 - [TEST_STEP][PASSED] - setText: Text 'AA' is set on object 'Object Repository/Backoffice/match_mgmt/meron_details/input_meron_name'

2018-11-26 18:56:59 - [MESSAGE][PASSED] - Text 'AA' is set on object 'Object Repository/Backoffice/match_mgmt/meron_details/input_meron_name'

2018-11-26 18:56:59 - [TEST_STEP][PASSED] - setText: Text 'Farm 1' is set on object 'Object Repository/Backoffice/match_mgmt/meron_details/input_meron_farm'

2018-11-26 18:56:59 - [MESSAGE][PASSED] - Text 'Farm 1' is set on object 'Object Repository/Backoffice/match_mgmt/meron_details/input_meron_farm'

2018-11-26 18:56:59 - [TEST_STEP][PASSED] - setText: Text 'Breed 1' is set on object 'Object Repository/Backoffice/match_mgmt/meron_details/input_meron_breed'

2018-11-26 18:56:59 - [MESSAGE][PASSED] - Text 'Breed 1' is set on object 'Object Repository/Backoffice/match_mgmt/meron_details/input_meron_breed'

2018-11-26 18:56:59 - [TEST_STEP][PASSED] - setText: Text 'Weight 1' is set on object 'Object Repository/Backoffice/match_mgmt/meron_details/input_meron_weight'

2018-11-26 18:56:59 - [MESSAGE][PASSED] - Text 'Weight 1' is set on object 'Object Repository/Backoffice/match_mgmt/meron_details/input_meron_weight'

2018-11-26 18:56:59 - [TEST_STEP][PASSED] - setText: Text 'BB' is set on object 'Object Repository/Backoffice/match_mgmt/wala_details/input_wala_name'

2018-11-26 18:56:59 - [MESSAGE][PASSED] - Text 'BB' is set on object 'Object Repository/Backoffice/match_mgmt/wala_details/input_wala_name'

2018-11-26 18:56:59 - [TEST_STEP][PASSED] - setText: Text 'Farm 2' is set on object 'Object Repository/Backoffice/match_mgmt/wala_details/input_wala_farm'

2018-11-26 18:56:59 - [MESSAGE][PASSED] - Text 'Farm 2' is set on object 'Object Repository/Backoffice/match_mgmt/wala_details/input_wala_farm'

2018-11-26 18:56:59 - [TEST_STEP][PASSED] - setText: Text 'Breed 2' is set on object 'Object Repository/Backoffice/match_mgmt/wala_details/input_wala_breed'

2018-11-26 18:56:59 - [MESSAGE][PASSED] - Text 'Breed 2' is set on object 'Object Repository/Backoffice/match_mgmt/wala_details/input_wala_breed'

2018-11-26 18:56:59 - [TEST_STEP][PASSED] - setText: Text 'Weight 2' is set on object 'Object Repository/Backoffice/match_mgmt/wala_details/input_wala_weight'

2018-11-26 18:56:59 - [MESSAGE][PASSED] - Text 'Weight 2' is set on object 'Object Repository/Backoffice/match_mgmt/wala_details/input_wala_weight'

2018-11-26 18:56:59 - [TEST_STEP][PASSED] - click: Object: 'Object Repository/Backoffice/match_mgmt/input_submit_match' is clicked on

2018-11-26 18:57:01 - [MESSAGE][PASSED] - Object: 'Object Repository/Backoffice/match_mgmt/input_submit_match' is clicked on

2018-11-26 18:57:01 - [TEST_STEP][PASSED] - delay: Delayed 1 second(s)

2018-11-26 18:57:02 - [MESSAGE][PASSED] - Delayed 1 second(s)

2018-11-26 18:57:02 - [TEST_STEP][PASSED] - click: Object: 'Object Repository/Backoffice/match_mgmt/button_create_match' is clicked on

2018-11-26 18:57:02 - [MESSAGE][PASSED] - Object: 'Object Repository/Backoffice/match_mgmt/button_create_match' is clicked on

2018-11-26 18:57:02 - [TEST_STEP][PASSED] - delay: Delayed 1 second(s)

2018-11-26 18:57:03 - [MESSAGE][PASSED] - Delayed 1 second(s)

2018-11-26 18:57:03 - [TEST_STEP][PASSED] - click: Object: 'Object Repository/Backoffice/match_mgmt/span_select_arena_name' is clicked on

2018-11-26 18:57:03 - [MESSAGE][PASSED] - Object: 'Object Repository/Backoffice/match_mgmt/span_select_arena_name' is clicked on

2018-11-26 18:57:03 - [TEST_STEP][PASSED] - setText: Text 'PASIG SQUARE GARDEN - PSG' is set on object 'Object Repository/Backoffice/match_mgmt/input__select2-search__arena_name'

2018-11-26 18:57:03 - [MESSAGE][PASSED] - Text 'PASIG SQUARE GARDEN - PSG' is set on object 'Object Repository/Backoffice/match_mgmt/input__select2-search__arena_name'

2018-11-26 18:57:03 - [TEST_STEP][PASSED] - sendKeys: Keys 'ENTER + ' sent to object: 'Object Repository/Backoffice/match_mgmt/input__select2-search__arena_name'

2018-11-26 18:57:03 - [MESSAGE][PASSED] - Keys 'ENTER + ' sent to object: 'Object Repository/Backoffice/match_mgmt/input__select2-search__arena_name'

2018-11-26 18:57:03 - [TEST_STEP][PASSED] - setText: Text 'AA' is set on object 'Object Repository/Backoffice/match_mgmt/meron_details/input_meron_name'

2018-11-26 18:57:03 - [MESSAGE][PASSED] - Text 'AA' is set on object 'Object Repository/Backoffice/match_mgmt/meron_details/input_meron_name'

2018-11-26 18:57:03 - [TEST_STEP][PASSED] - setText: Text 'Farm 1' is set on object 'Object Repository/Backoffice/match_mgmt/meron_details/input_meron_farm'

2018-11-26 18:57:03 - [MESSAGE][PASSED] - Text 'Farm 1' is set on object 'Object Repository/Backoffice/match_mgmt/meron_details/input_meron_farm'

2018-11-26 18:57:03 - [TEST_STEP][PASSED] - setText: Text 'Breed 1' is set on object 'Object Repository/Backoffice/match_mgmt/meron_details/input_meron_breed'

2018-11-26 18:57:03 - [MESSAGE][PASSED] - Text 'Breed 1' is set on object 'Object Repository/Backoffice/match_mgmt/meron_details/input_meron_breed'

2018-11-26 18:57:03 - [TEST_STEP][PASSED] - setText: Text 'Weight 1' is set on object 'Object Repository/Backoffice/match_mgmt/meron_details/input_meron_weight'

2018-11-26 18:57:04 - [MESSAGE][PASSED] - Text 'Weight 1' is set on object 'Object Repository/Backoffice/match_mgmt/meron_details/input_meron_weight'

2018-11-26 18:57:04 - [TEST_STEP][PASSED] - setText: Text 'BB' is set on object 'Object Repository/Backoffice/match_mgmt/wala_details/input_wala_name'

2018-11-26 18:57:04 - [MESSAGE][PASSED] - Text 'BB' is set on object 'Object Repository/Backoffice/match_mgmt/wala_details/input_wala_name'

2018-11-26 18:57:04 - [TEST_STEP][PASSED] - setText: Text 'Farm 2' is set on object 'Object Repository/Backoffice/match_mgmt/wala_details/input_wala_farm'

2018-11-26 18:57:04 - [MESSAGE][PASSED] - Text 'Farm 2' is set on object 'Object Repository/Backoffice/match_mgmt/wala_details/input_wala_farm'

2018-11-26 18:57:04 - [TEST_STEP][PASSED] - setText: Text 'Breed 2' is set on object 'Object Repository/Backoffice/match_mgmt/wala_details/input_wala_breed'

2018-11-26 18:57:04 - [MESSAGE][PASSED] - Text 'Breed 2' is set on object 'Object Repository/Backoffice/match_mgmt/wala_details/input_wala_breed'

2018-11-26 18:57:04 - [TEST_STEP][PASSED] - setText: Text 'Weight 2' is set on object 'Object Repository/Backoffice/match_mgmt/wala_details/input_wala_weight'

2018-11-26 18:57:04 - [MESSAGE][PASSED] - Text 'Weight 2' is set on object 'Object Repository/Backoffice/match_mgmt/wala_details/input_wala_weight'

2018-11-26 18:57:04 - [TEST_STEP][PASSED] - click: Object: 'Object Repository/Backoffice/match_mgmt/input_submit_match' is clicked on

2018-11-26 18:57:05 - [MESSAGE][PASSED] - Object: 'Object Repository/Backoffice/match_mgmt/input_submit_match' is clicked on

2018-11-26 18:57:05 - [TEST_STEP][PASSED] - delay: Delayed 1 second(s)

2018-11-26 18:57:06 - [MESSAGE][PASSED] - Delayed 1 second(s)

2018-11-26 18:57:06 - [TEST_STEP][PASSED] - click: Object: 'Object Repository/Backoffice/match_mgmt/button_create_match' is clicked on

2018-11-26 18:57:06 - [MESSAGE][PASSED] - Object: 'Object Repository/Backoffice/match_mgmt/button_create_match' is clicked on

2018-11-26 18:57:06 - [TEST_STEP][PASSED] - delay: Delayed 1 second(s)

2018-11-26 18:57:07 - [MESSAGE][PASSED] - Delayed 1 second(s)

2018-11-26 18:57:07 - [TEST_STEP][PASSED] - click: Object: 'Object Repository/Backoffice/match_mgmt/span_select_arena_name' is clicked on

2018-11-26 18:57:07 - [MESSAGE][PASSED] - Object: 'Object Repository/Backoffice/match_mgmt/span_select_arena_name' is clicked on

2018-11-26 18:57:07 - [TEST_STEP][PASSED] - setText: Text 'PASIG SQUARE GARDEN - PSG' is set on object 'Object Repository/Backoffice/match_mgmt/input__select2-search__arena_name'

2018-11-26 18:57:08 - [MESSAGE][PASSED] - Text 'PASIG SQUARE GARDEN - PSG' is set on object 'Object Repository/Backoffice/match_mgmt/input__select2-search__arena_name'

2018-11-26 18:57:08 - [TEST_STEP][PASSED] - sendKeys: Keys 'ENTER + ' sent to object: 'Object Repository/Backoffice/match_mgmt/input__select2-search__arena_name'

2018-11-26 18:57:08 - [MESSAGE][PASSED] - Keys 'ENTER + ' sent to object: 'Object Repository/Backoffice/match_mgmt/input__select2-search__arena_name'

2018-11-26 18:57:08 - [TEST_STEP][PASSED] - setText: Text 'AA' is set on object 'Object Repository/Backoffice/match_mgmt/meron_details/input_meron_name'

2018-11-26 18:57:08 - [MESSAGE][PASSED] - Text 'AA' is set on object 'Object Repository/Backoffice/match_mgmt/meron_details/input_meron_name'

2018-11-26 18:57:08 - [TEST_STEP][PASSED] - setText: Text 'Farm 1' is set on object 'Object Repository/Backoffice/match_mgmt/meron_details/input_meron_farm'

2018-11-26 18:57:08 - [MESSAGE][PASSED] - Text 'Farm 1' is set on object 'Object Repository/Backoffice/match_mgmt/meron_details/input_meron_farm'

2018-11-26 18:57:08 - [TEST_STEP][PASSED] - setText: Text 'Breed 1' is set on object 'Object Repository/Backoffice/match_mgmt/meron_details/input_meron_breed'

2018-11-26 18:57:08 - [MESSAGE][PASSED] - Text 'Breed 1' is set on object 'Object Repository/Backoffice/match_mgmt/meron_details/input_meron_breed'

2018-11-26 18:57:08 - [TEST_STEP][PASSED] - setText: Text 'Weight 1' is set on object 'Object Repository/Backoffice/match_mgmt/meron_details/input_meron_weight'

2018-11-26 18:57:08 - [MESSAGE][PASSED] - Text 'Weight 1' is set on object 'Object Repository/Backoffice/match_mgmt/meron_details/input_meron_weight'

2018-11-26 18:57:08 - [TEST_STEP][PASSED] - setText: Text 'BB' is set on object 'Object Repository/Backoffice/match_mgmt/wala_details/input_wala_name'

2018-11-26 18:57:08 - [MESSAGE][PASSED] - Text 'BB' is set on object 'Object Repository/Backoffice/match_mgmt/wala_details/input_wala_name'

2018-11-26 18:57:08 - [TEST_STEP][PASSED] - setText: Text 'Farm 2' is set on object 'Object Repository/Backoffice/match_mgmt/wala_details/input_wala_farm'

2018-11-26 18:57:08 - [MESSAGE][PASSED] - Text 'Farm 2' is set on object 'Object Repository/Backoffice/match_mgmt/wala_details/input_wala_farm'

2018-11-26 18:57:08 - [TEST_STEP][PASSED] - setText: Text 'Breed 2' is set on object 'Object Repository/Backoffice/match_mgmt/wala_details/input_wala_breed'

2018-11-26 18:57:08 - [MESSAGE][PASSED] - Text 'Breed 2' is set on object 'Object Repository/Backoffice/match_mgmt/wala_details/input_wala_breed'

2018-11-26 18:57:08 - [TEST_STEP][PASSED] - setText: Text 'Weight 2' is set on object 'Object Repository/Backoffice/match_mgmt/wala_details/input_wala_weight'

2018-11-26 18:57:09 - [MESSAGE][PASSED] - Text 'Weight 2' is set on object 'Object Repository/Backoffice/match_mgmt/wala_details/input_wala_weight'

2018-11-26 18:57:09 - [TEST_STEP][PASSED] - click: Object: 'Object Repository/Backoffice/match_mgmt/input_submit_match' is clicked on

2018-11-26 18:57:10 - [MESSAGE][PASSED] - Object: 'Object Repository/Backoffice/match_mgmt/input_submit_match' is clicked on

2018-11-26 18:57:10 - [TEST_STEP][PASSED] - delay: Delayed 1 second(s)

2018-11-26 18:57:11 - [MESSAGE][PASSED] - Delayed 1 second(s)

2018-11-26 18:57:11 - [TEST_STEP][PASSED] - click: Object: 'Object Repository/Backoffice/match_mgmt/button_create_match' is clicked on

2018-11-26 18:57:11 - [MESSAGE][PASSED] - Object: 'Object Repository/Backoffice/match_mgmt/button_create_match' is clicked on

2018-11-26 18:57:11 - [TEST_STEP][PASSED] - delay: Delayed 1 second(s)

2018-11-26 18:57:12 - [MESSAGE][PASSED] - Delayed 1 second(s)

2018-11-26 18:57:12 - [TEST_STEP][PASSED] - click: Object: 'Object Repository/Backoffice/match_mgmt/span_select_arena_name' is clicked on

2018-11-26 18:57:12 - [MESSAGE][PASSED] - Object: 'Object Repository/Backoffice/match_mgmt/span_select_arena_name' is clicked on

2018-11-26 18:57:12 - [TEST_STEP][PASSED] - setText: Text 'PASIG SQUARE GARDEN - PSG' is set on object 'Object Repository/Backoffice/match_mgmt/input__select2-search__arena_name'

2018-11-26 18:57:12 - [MESSAGE][PASSED] - Text 'PASIG SQUARE GARDEN - PSG' is set on object 'Object Repository/Backoffice/match_mgmt/input__select2-search__arena_name'

2018-11-26 18:57:12 - [TEST_STEP][PASSED] - sendKeys: Keys 'ENTER + ' sent to object: 'Object Repository/Backoffice/match_mgmt/input__select2-search__arena_name'

2018-11-26 18:57:12 - [MESSAGE][PASSED] - Keys 'ENTER + ' sent to object: 'Object Repository/Backoffice/match_mgmt/input__select2-search__arena_name'

2018-11-26 18:57:12 - [TEST_STEP][PASSED] - setText: Text 'AA' is set on object 'Object Repository/Backoffice/match_mgmt/meron_details/input_meron_name'

2018-11-26 18:57:13 - [MESSAGE][PASSED] - Text 'AA' is set on object 'Object Repository/Backoffice/match_mgmt/meron_details/input_meron_name'

2018-11-26 18:57:13 - [TEST_STEP][PASSED] - setText: Text 'Farm 1' is set on object 'Object Repository/Backoffice/match_mgmt/meron_details/input_meron_farm'

2018-11-26 18:57:13 - [MESSAGE][PASSED] - Text 'Farm 1' is set on object 'Object Repository/Backoffice/match_mgmt/meron_details/input_meron_farm'

2018-11-26 18:57:13 - [TEST_STEP][PASSED] - setText: Text 'Breed 1' is set on object 'Object Repository/Backoffice/match_mgmt/meron_details/input_meron_breed'

2018-11-26 18:57:13 - [MESSAGE][PASSED] - Text 'Breed 1' is set on object 'Object Repository/Backoffice/match_mgmt/meron_details/input_meron_breed'

2018-11-26 18:57:13 - [TEST_STEP][PASSED] - setText: Text 'Weight 1' is set on object 'Object Repository/Backoffice/match_mgmt/meron_details/input_meron_weight'

2018-11-26 18:57:13 - [MESSAGE][PASSED] - Text 'Weight 1' is set on object 'Object Repository/Backoffice/match_mgmt/meron_details/input_meron_weight'

2018-11-26 18:57:13 - [TEST_STEP][PASSED] - setText: Text 'BB' is set on object 'Object Repository/Backoffice/match_mgmt/wala_details/input_wala_name'

2018-11-26 18:57:13 - [MESSAGE][PASSED] - Text 'BB' is set on object 'Object Repository/Backoffice/match_mgmt/wala_details/input_wala_name'

2018-11-26 18:57:13 - [TEST_STEP][PASSED] - setText: Text 'Farm 2' is set on object 'Object Repository/Backoffice/match_mgmt/wala_details/input_wala_farm'

2018-11-26 18:57:13 - [MESSAGE][PASSED] - Text 'Farm 2' is set on object 'Object Repository/Backoffice/match_mgmt/wala_details/input_wala_farm'

2018-11-26 18:57:13 - [TEST_STEP][PASSED] - setText: Text 'Breed 2' is set on object 'Object Repository/Backoffice/match_mgmt/wala_details/input_wala_breed'

2018-11-26 18:57:13 - [MESSAGE][PASSED] - Text 'Breed 2' is set on object 'Object Repository/Backoffice/match_mgmt/wala_details/input_wala_breed'

2018-11-26 18:57:13 - [TEST_STEP][PASSED] - setText: Text 'Weight 2' is set on object 'Object Repository/Backoffice/match_mgmt/wala_details/input_wala_weight'

2018-11-26 18:57:13 - [MESSAGE][PASSED] - Text 'Weight 2' is set on object 'Object Repository/Backoffice/match_mgmt/wala_details/input_wala_weight'

2018-11-26 18:57:13 - [TEST_STEP][PASSED] - click: Object: 'Object Repository/Backoffice/match_mgmt/input_submit_match' is clicked on

2018-11-26 18:57:15 - [MESSAGE][PASSED] - Object: 'Object Repository/Backoffice/match_mgmt/input_submit_match' is clicked on

2018-11-26 18:57:15 - [TEST_STEP][PASSED] - delay: Delayed 1 second(s)

2018-11-26 18:57:16 - [MESSAGE][PASSED] - Delayed 1 second(s)

2018-11-26 18:57:16 - [TEST_STEP][PASSED] - click: Object: 'Object Repository/Backoffice/match_mgmt/button_create_match' is clicked on

2018-11-26 18:57:16 - [MESSAGE][PASSED] - Object: 'Object Repository/Backoffice/match_mgmt/button_create_match' is clicked on

2018-11-26 18:57:16 - [TEST_STEP][PASSED] - delay: Delayed 1 second(s)

2018-11-26 18:57:17 - [MESSAGE][PASSED] - Delayed 1 second(s)

2018-11-26 18:57:17 - [TEST_STEP][PASSED] - click: Object: 'Object Repository/Backoffice/match_mgmt/span_select_arena_name' is clicked on

2018-11-26 18:57:17 - [MESSAGE][PASSED] - Object: 'Object Repository/Backoffice/match_mgmt/span_select_arena_name' is clicked on

2018-11-26 18:57:17 - [TEST_STEP][PASSED] - setText: Text 'PASIG SQUARE GARDEN - PSG' is set on object 'Object Repository/Backoffice/match_mgmt/input__select2-search__arena_name'

2018-11-26 18:57:17 - [MESSAGE][PASSED] - Text 'PASIG SQUARE GARDEN - PSG' is set on object 'Object Repository/Backoffice/match_mgmt/input__select2-search__arena_name'

2018-11-26 18:57:17 - [TEST_STEP][PASSED] - sendKeys: Keys 'ENTER + ' sent to object: 'Object Repository/Backoffice/match_mgmt/input__select2-search__arena_name'

2018-11-26 18:57:17 - [MESSAGE][PASSED] - Keys 'ENTER + ' sent to object: 'Object Repository/Backoffice/match_mgmt/input__select2-search__arena_name'

2018-11-26 18:57:17 - [TEST_STEP][PASSED] - setText: Text 'AA' is set on object 'Object Repository/Backoffice/match_mgmt/meron_details/input_meron_name'

2018-11-26 18:57:17 - [MESSAGE][PASSED] - Text 'AA' is set on object 'Object Repository/Backoffice/match_mgmt/meron_details/input_meron_name'

2018-11-26 18:57:17 - [TEST_STEP][PASSED] - setText: Text 'Farm 1' is set on object 'Object Repository/Backoffice/match_mgmt/meron_details/input_meron_farm'

2018-11-26 18:57:18 - [MESSAGE][PASSED] - Text 'Farm 1' is set on object 'Object Repository/Backoffice/match_mgmt/meron_details/input_meron_farm'

2018-11-26 18:57:18 - [TEST_STEP][PASSED] - setText: Text 'Breed 1' is set on object 'Object Repository/Backoffice/match_mgmt/meron_details/input_meron_breed'

2018-11-26 18:57:18 - [MESSAGE][PASSED] - Text 'Breed 1' is set on object 'Object Repository/Backoffice/match_mgmt/meron_details/input_meron_breed'

2018-11-26 18:57:18 - [TEST_STEP][PASSED] - setText: Text 'Weight 1' is set on object 'Object Repository/Backoffice/match_mgmt/meron_details/input_meron_weight'

2018-11-26 18:57:18 - [MESSAGE][PASSED] - Text 'Weight 1' is set on object 'Object Repository/Backoffice/match_mgmt/meron_details/input_meron_weight'

2018-11-26 18:57:18 - [TEST_STEP][PASSED] - setText: Text 'BB' is set on object 'Object Repository/Backoffice/match_mgmt/wala_details/input_wala_name'

2018-11-26 18:57:18 - [MESSAGE][PASSED] - Text 'BB' is set on object 'Object Repository/Backoffice/match_mgmt/wala_details/input_wala_name'

2018-11-26 18:57:18 - [TEST_STEP][PASSED] - setText: Text 'Farm 2' is set on object 'Object Repository/Backoffice/match_mgmt/wala_details/input_wala_farm'

2018-11-26 18:57:18 - [MESSAGE][PASSED] - Text 'Farm 2' is set on object 'Object Repository/Backoffice/match_mgmt/wala_details/input_wala_farm'

2018-11-26 18:57:18 - [TEST_STEP][PASSED] - setText: Text 'Breed 2' is set on object 'Object Repository/Backoffice/match_mgmt/wala_details/input_wala_breed'

2018-11-26 18:57:18 - [MESSAGE][PASSED] - Text 'Breed 2' is set on object 'Object Repository/Backoffice/match_mgmt/wala_details/input_wala_breed'

2018-11-26 18:57:18 - [TEST_STEP][PASSED] - setText: Text 'Weight 2' is set on object 'Object Repository/Backoffice/match_mgmt/wala_details/input_wala_weight'

2018-11-26 18:57:18 - [MESSAGE][PASSED] - Text 'Weight 2' is set on object 'Object Repository/Backoffice/match_mgmt/wala_details/input_wala_weight'

2018-11-26 18:57:18 - [TEST_STEP][PASSED] - click: Object: 'Object Repository/Backoffice/match_mgmt/input_submit_match' is clicked on

2018-11-26 18:57:20 - [MESSAGE][PASSED] - Object: 'Object Repository/Backoffice/match_mgmt/input_submit_match' is clicked on

2018-11-26 18:57:20 - [TEST_STEP][PASSED] - delay: Delayed 1 second(s)

2018-11-26 18:57:21 - [MESSAGE][PASSED] - Delayed 1 second(s)

2018-11-26 18:57:21 - [TEST_STEP][PASSED] - click: Object: 'Object Repository/Backoffice/match_mgmt/button_create_match' is clicked on

2018-11-26 18:57:21 - [MESSAGE][PASSED] - Object: 'Object Repository/Backoffice/match_mgmt/button_create_match' is clicked on

2018-11-26 18:57:21 - [TEST_STEP][PASSED] - delay: Delayed 1 second(s)

2018-11-26 18:57:22 - [MESSAGE][PASSED] - Delayed 1 second(s)

2018-11-26 18:57:22 - [TEST_STEP][PASSED] - click: Object: 'Object Repository/Backoffice/match_mgmt/span_select_arena_name' is clicked on

2018-11-26 18:57:22 - [MESSAGE][PASSED] - Object: 'Object Repository/Backoffice/match_mgmt/span_select_arena_name' is clicked on

2018-11-26 18:57:22 - [TEST_STEP][PASSED] - setText: Text 'PASIG SQUARE GARDEN - PSG' is set on object 'Object Repository/Backoffice/match_mgmt/input__select2-search__arena_name'

2018-11-26 18:57:22 - [MESSAGE][PASSED] - Text 'PASIG SQUARE GARDEN - PSG' is set on object 'Object Repository/Backoffice/match_mgmt/input__select2-search__arena_name'

2018-11-26 18:57:22 - [TEST_STEP][PASSED] - sendKeys: Keys 'ENTER + ' sent to object: 'Object Repository/Backoffice/match_mgmt/input__select2-search__arena_name'

2018-11-26 18:57:22 - [MESSAGE][PASSED] - Keys 'ENTER + ' sent to object: 'Object Repository/Backoffice/match_mgmt/input__select2-search__arena_name'

2018-11-26 18:57:22 - [TEST_STEP][PASSED] - setText: Text 'AA' is set on object 'Object Repository/Backoffice/match_mgmt/meron_details/input_meron_name'

2018-11-26 18:57:22 - [MESSAGE][PASSED] - Text 'AA' is set on object 'Object Repository/Backoffice/match_mgmt/meron_details/input_meron_name'

2018-11-26 18:57:22 - [TEST_STEP][PASSED] - setText: Text 'Farm 1' is set on object 'Object Repository/Backoffice/match_mgmt/meron_details/input_meron_farm'

2018-11-26 18:57:22 - [MESSAGE][PASSED] - Text 'Farm 1' is set on object 'Object Repository/Backoffice/match_mgmt/meron_details/input_meron_farm'

2018-11-26 18:57:22 - [TEST_STEP][PASSED] - setText: Text 'Breed 1' is set on object 'Object Repository/Backoffice/match_mgmt/meron_details/input_meron_breed'

2018-11-26 18:57:23 - [MESSAGE][PASSED] - Text 'Breed 1' is set on object 'Object Repository/Backoffice/match_mgmt/meron_details/input_meron_breed'

2018-11-26 18:57:23 - [TEST_STEP][PASSED] - setText: Text 'Weight 1' is set on object 'Object Repository/Backoffice/match_mgmt/meron_details/input_meron_weight'

2018-11-26 18:57:23 - [MESSAGE][PASSED] - Text 'Weight 1' is set on object 'Object Repository/Backoffice/match_mgmt/meron_details/input_meron_weight'

2018-11-26 18:57:23 - [TEST_STEP][PASSED] - setText: Text 'BB' is set on object 'Object Repository/Backoffice/match_mgmt/wala_details/input_wala_name'

2018-11-26 18:57:23 - [MESSAGE][PASSED] - Text 'BB' is set on object 'Object Repository/Backoffice/match_mgmt/wala_details/input_wala_name'

2018-11-26 18:57:23 - [TEST_STEP][PASSED] - setText: Text 'Farm 2' is set on object 'Object Repository/Backoffice/match_mgmt/wala_details/input_wala_farm'

2018-11-26 18:57:23 - [MESSAGE][PASSED] - Text 'Farm 2' is set on object 'Object Repository/Backoffice/match_mgmt/wala_details/input_wala_farm'

2018-11-26 18:57:23 - [TEST_STEP][PASSED] - setText: Text 'Breed 2' is set on object 'Object Repository/Backoffice/match_mgmt/wala_details/input_wala_breed'

2018-11-26 18:57:23 - [MESSAGE][PASSED] - Text 'Breed 2' is set on object 'Object Repository/Backoffice/match_mgmt/wala_details/input_wala_breed'

2018-11-26 18:57:23 - [TEST_STEP][PASSED] - setText: Text 'Weight 2' is set on object 'Object Repository/Backoffice/match_mgmt/wala_details/input_wala_weight'

2018-11-26 18:57:23 - [MESSAGE][PASSED] - Text 'Weight 2' is set on object 'Object Repository/Backoffice/match_mgmt/wala_details/input_wala_weight'

2018-11-26 18:57:23 - [TEST_STEP][PASSED] - click: Object: 'Object Repository/Backoffice/match_mgmt/input_submit_match' is clicked on

2018-11-26 18:57:24 - [MESSAGE][PASSED] - Object: 'Object Repository/Backoffice/match_mgmt/input_submit_match' is clicked on

2018-11-26 18:57:24 - [TEST_STEP][PASSED] - delay: Delayed 1 second(s)

2018-11-26 18:57:25 - [MESSAGE][PASSED] - Delayed 1 second(s)

2018-11-26 18:57:25 - [TEST_STEP][PASSED] - click: Object: 'Object Repository/Backoffice/match_mgmt/button_create_match' is clicked on

2018-11-26 18:57:25 - [MESSAGE][PASSED] - Object: 'Object Repository/Backoffice/match_mgmt/button_create_match' is clicked on

2018-11-26 18:57:25 - [TEST_STEP][PASSED] - delay: Delayed 1 second(s)

2018-11-26 18:57:26 - [MESSAGE][PASSED] - Delayed 1 second(s)

2018-11-26 18:57:26 - [TEST_STEP][PASSED] - click: Object: 'Object Repository/Backoffice/match_mgmt/span_select_arena_name' is clicked on

2018-11-26 18:57:27 - [MESSAGE][PASSED] - Object: 'Object Repository/Backoffice/match_mgmt/span_select_arena_name' is clicked on

2018-11-26 18:57:27 - [TEST_STEP][PASSED] - setText: Text 'PASIG SQUARE GARDEN - PSG' is set on object 'Object Repository/Backoffice/match_mgmt/input__select2-search__arena_name'

2018-11-26 18:57:27 - [MESSAGE][PASSED] - Text 'PASIG SQUARE GARDEN - PSG' is set on object 'Object Repository/Backoffice/match_mgmt/input__select2-search__arena_name'

2018-11-26 18:57:27 - [TEST_STEP][PASSED] - sendKeys: Keys 'ENTER + ' sent to object: 'Object Repository/Backoffice/match_mgmt/input__select2-search__arena_name'

2018-11-26 18:57:27 - [MESSAGE][PASSED] - Keys 'ENTER + ' sent to object: 'Object Repository/Backoffice/match_mgmt/input__select2-search__arena_name'

2018-11-26 18:57:27 - [TEST_STEP][PASSED] - setText: Text 'AA' is set on object 'Object Repository/Backoffice/match_mgmt/meron_details/input_meron_name'

2018-11-26 18:57:27 - [MESSAGE][PASSED] - Text 'AA' is set on object 'Object Repository/Backoffice/match_mgmt/meron_details/input_meron_name'

2018-11-26 18:57:27 - [TEST_STEP][PASSED] - setText: Text 'Farm 1' is set on object 'Object Repository/Backoffice/match_mgmt/meron_details/input_meron_farm'

2018-11-26 18:57:27 - [MESSAGE][PASSED] - Text 'Farm 1' is set on object 'Object Repository/Backoffice/match_mgmt/meron_details/input_meron_farm'

2018-11-26 18:57:27 - [TEST_STEP][PASSED] - setText: Text 'Breed 1' is set on object 'Object Repository/Backoffice/match_mgmt/meron_details/input_meron_breed'

2018-11-26 18:57:27 - [MESSAGE][PASSED] - Text 'Breed 1' is set on object 'Object Repository/Backoffice/match_mgmt/meron_details/input_meron_breed'

2018-11-26 18:57:27 - [TEST_STEP][PASSED] - setText: Text 'Weight 1' is set on object 'Object Repository/Backoffice/match_mgmt/meron_details/input_meron_weight'

2018-11-26 18:57:28 - [MESSAGE][PASSED] - Text 'Weight 1' is set on object 'Object Repository/Backoffice/match_mgmt/meron_details/input_meron_weight'

2018-11-26 18:57:28 - [TEST_STEP][PASSED] - setText: Text 'BB' is set on object 'Object Repository/Backoffice/match_mgmt/wala_details/input_wala_name'

2018-11-26 18:57:28 - [MESSAGE][PASSED] - Text 'BB' is set on object 'Object Repository/Backoffice/match_mgmt/wala_details/input_wala_name'

2018-11-26 18:57:28 - [TEST_STEP][PASSED] - setText: Text 'Farm 2' is set on object 'Object Repository/Backoffice/match_mgmt/wala_details/input_wala_farm'

2018-11-26 18:57:28 - [MESSAGE][PASSED] - Text 'Farm 2' is set on object 'Object Repository/Backoffice/match_mgmt/wala_details/input_wala_farm'

2018-11-26 18:57:28 - [TEST_STEP][PASSED] - setText: Text 'Breed 2' is set on object 'Object Repository/Backoffice/match_mgmt/wala_details/input_wala_breed'

2018-11-26 18:57:28 - [MESSAGE][PASSED] - Text 'Breed 2' is set on object 'Object Repository/Backoffice/match_mgmt/wala_details/input_wala_breed'

2018-11-26 18:57:28 - [TEST_STEP][PASSED] - setText: Text 'Weight 2' is set on object 'Object Repository/Backoffice/match_mgmt/wala_details/input_wala_weight'

2018-11-26 18:57:28 - [MESSAGE][PASSED] - Text 'Weight 2' is set on object 'Object Repository/Backoffice/match_mgmt/wala_details/input_wala_weight'

2018-11-26 18:57:28 - [TEST_STEP][PASSED] - click: Object: 'Object Repository/Backoffice/match_mgmt/input_submit_match' is clicked on

2018-11-26 18:57:29 - [MESSAGE][PASSED] - Object: 'Object Repository/Backoffice/match_mgmt/input_submit_match' is clicked on

2018-11-26 18:57:29 - [TEST_STEP][PASSED] - delay: Delayed 1 second(s)

2018-11-26 18:57:30 - [MESSAGE][PASSED] - Delayed 1 second(s)

2018-11-26 18:57:30 - [TEST_STEP][PASSED] - click: Object: 'Object Repository/Backoffice/match_mgmt/button_create_match' is clicked on

2018-11-26 18:57:30 - [MESSAGE][PASSED] - Object: 'Object Repository/Backoffice/match_mgmt/button_create_match' is clicked on

2018-11-26 18:57:30 - [TEST_STEP][PASSED] - delay: Delayed 1 second(s)

2018-11-26 18:57:31 - [MESSAGE][PASSED] - Delayed 1 second(s)

2018-11-26 18:57:31 - [TEST_STEP][PASSED] - click: Object: 'Object Repository/Backoffice/match_mgmt/span_select_arena_name' is clicked on

2018-11-26 18:57:31 - [MESSAGE][PASSED] - Object: 'Object Repository/Backoffice/match_mgmt/span_select_arena_name' is clicked on

2018-11-26 18:57:31 - [TEST_STEP][PASSED] - setText: Text 'PASIG SQUARE GARDEN - PSG' is set on object 'Object Repository/Backoffice/match_mgmt/input__select2-search__arena_name'

2018-11-26 18:57:32 - [MESSAGE][PASSED] - Text 'PASIG SQUARE GARDEN - PSG' is set on object 'Object Repository/Backoffice/match_mgmt/input__select2-search__arena_name'

2018-11-26 18:57:32 - [TEST_STEP][PASSED] - sendKeys: Keys 'ENTER + ' sent to object: 'Object Repository/Backoffice/match_mgmt/input__select2-search__arena_name'

2018-11-26 18:57:32 - [MESSAGE][PASSED] - Keys 'ENTER + ' sent to object: 'Object Repository/Backoffice/match_mgmt/input__select2-search__arena_name'

2018-11-26 18:57:32 - [TEST_STEP][PASSED] - setText: Text 'AA' is set on object 'Object Repository/Backoffice/match_mgmt/meron_details/input_meron_name'

2018-11-26 18:57:32 - [MESSAGE][PASSED] - Text 'AA' is set on object 'Object Repository/Backoffice/match_mgmt/meron_details/input_meron_name'

2018-11-26 18:57:32 - [TEST_STEP][PASSED] - setText: Text 'Farm 1' is set on object 'Object Repository/Backoffice/match_mgmt/meron_details/input_meron_farm'

2018-11-26 18:57:32 - [MESSAGE][PASSED] - Text 'Farm 1' is set on object 'Object Repository/Backoffice/match_mgmt/meron_details/input_meron_farm'

2018-11-26 18:57:32 - [TEST_STEP][PASSED] - setText: Text 'Breed 1' is set on object 'Object Repository/Backoffice/match_mgmt/meron_details/input_meron_breed'

2018-11-26 18:57:32 - [MESSAGE][PASSED] - Text 'Breed 1' is set on object 'Object Repository/Backoffice/match_mgmt/meron_details/input_meron_breed'

2018-11-26 18:57:32 - [TEST_STEP][PASSED] - setText: Text 'Weight 1' is set on object 'Object Repository/Backoffice/match_mgmt/meron_details/input_meron_weight'

2018-11-26 18:57:32 - [MESSAGE][PASSED] - Text 'Weight 1' is set on object 'Object Repository/Backoffice/match_mgmt/meron_details/input_meron_weight'

2018-11-26 18:57:32 - [TEST_STEP][PASSED] - setText: Text 'BB' is set on object 'Object Repository/Backoffice/match_mgmt/wala_details/input_wala_name'

2018-11-26 18:57:32 - [MESSAGE][PASSED] - Text 'BB' is set on object 'Object Repository/Backoffice/match_mgmt/wala_details/input_wala_name'

2018-11-26 18:57:32 - [TEST_STEP][PASSED] - setText: Text 'Farm 2' is set on object 'Object Repository/Backoffice/match_mgmt/wala_details/input_wala_farm'

2018-11-26 18:57:33 - [MESSAGE][PASSED] - Text 'Farm 2' is set on object 'Object Repository/Backoffice/match_mgmt/wala_details/input_wala_farm'

2018-11-26 18:57:33 - [TEST_STEP][PASSED] - setText: Text 'Breed 2' is set on object 'Object Repository/Backoffice/match_mgmt/wala_details/input_wala_breed'

2018-11-26 18:57:33 - [MESSAGE][PASSED] - Text 'Breed 2' is set on object 'Object Repository/Backoffice/match_mgmt/wala_details/input_wala_breed'

2018-11-26 18:57:33 - [TEST_STEP][PASSED] - setText: Text 'Weight 2' is set on object 'Object Repository/Backoffice/match_mgmt/wala_details/input_wala_weight'

2018-11-26 18:57:33 - [MESSAGE][PASSED] - Text 'Weight 2' is set on object 'Object Repository/Backoffice/match_mgmt/wala_details/input_wala_weight'

2018-11-26 18:57:33 - [TEST_STEP][PASSED] - click: Object: 'Object Repository/Backoffice/match_mgmt/input_submit_match' is clicked on

2018-11-26 18:57:34 - [MESSAGE][PASSED] - Object: 'Object Repository/Backoffice/match_mgmt/input_submit_match' is clicked on

2018-11-26 18:57:34 - [TEST_STEP][PASSED] - delay: Delayed 1 second(s)

2018-11-26 18:57:35 - [MESSAGE][PASSED] - Delayed 1 second(s)

2018-11-26 18:57:35 - [TEST_STEP][PASSED] - click: Object: 'Object Repository/Backoffice/match_mgmt/button_create_match' is clicked on

2018-11-26 18:57:35 - [MESSAGE][PASSED] - Object: 'Object Repository/Backoffice/match_mgmt/button_create_match' is clicked on

2018-11-26 18:57:35 - [TEST_STEP][PASSED] - delay: Delayed 1 second(s)

2018-11-26 18:57:36 - [MESSAGE][PASSED] - Delayed 1 second(s)

2018-11-26 18:57:36 - [TEST_STEP][PASSED] - click: Object: 'Object Repository/Backoffice/match_mgmt/span_select_arena_name' is clicked on

2018-11-26 18:57:36 - [MESSAGE][PASSED] - Object: 'Object Repository/Backoffice/match_mgmt/span_select_arena_name' is clicked on

2018-11-26 18:57:36 - [TEST_STEP][PASSED] - setText: Text 'PASIG SQUARE GARDEN - PSG' is set on object 'Object Repository/Backoffice/match_mgmt/input__select2-search__arena_name'

2018-11-26 18:57:37 - [MESSAGE][PASSED] - Text 'PASIG SQUARE GARDEN - PSG' is set on object 'Object Repository/Backoffice/match_mgmt/input__select2-search__arena_name'

2018-11-26 18:57:37 - [TEST_STEP][PASSED] - sendKeys: Keys 'ENTER + ' sent to object: 'Object Repository/Backoffice/match_mgmt/input__select2-search__arena_name'

2018-11-26 18:57:37 - [MESSAGE][PASSED] - Keys 'ENTER + ' sent to object: 'Object Repository/Backoffice/match_mgmt/input__select2-search__arena_name'

2018-11-26 18:57:37 - [TEST_STEP][PASSED] - setText: Text 'AA' is set on object 'Object Repository/Backoffice/match_mgmt/meron_details/input_meron_name'

2018-11-26 18:57:37 - [MESSAGE][PASSED] - Text 'AA' is set on object 'Object Repository/Backoffice/match_mgmt/meron_details/input_meron_name'

2018-11-26 18:57:37 - [TEST_STEP][PASSED] - setText: Text 'Farm 1' is set on object 'Object Repository/Backoffice/match_mgmt/meron_details/input_meron_farm'

2018-11-26 18:57:37 - [MESSAGE][PASSED] - Text 'Farm 1' is set on object 'Object Repository/Backoffice/match_mgmt/meron_details/input_meron_farm'

2018-11-26 18:57:37 - [TEST_STEP][PASSED] - setText: Text 'Breed 1' is set on object 'Object Repository/Backoffice/match_mgmt/meron_details/input_meron_breed'

2018-11-26 18:57:37 - [MESSAGE][PASSED] - Text 'Breed 1' is set on object 'Object Repository/Backoffice/match_mgmt/meron_details/input_meron_breed'

2018-11-26 18:57:37 - [TEST_STEP][PASSED] - setText: Text 'Weight 1' is set on object 'Object Repository/Backoffice/match_mgmt/meron_details/input_meron_weight'

2018-11-26 18:57:37 - [MESSAGE][PASSED] - Text 'Weight 1' is set on object 'Object Repository/Backoffice/match_mgmt/meron_details/input_meron_weight'

2018-11-26 18:57:37 - [TEST_STEP][PASSED] - setText: Text 'BB' is set on object 'Object Repository/Backoffice/match_mgmt/wala_details/input_wala_name'

2018-11-26 18:57:37 - [MESSAGE][PASSED] - Text 'BB' is set on object 'Object Repository/Backoffice/match_mgmt/wala_details/input_wala_name'

2018-11-26 18:57:37 - [TEST_STEP][PASSED] - setText: Text 'Farm 2' is set on object 'Object Repository/Backoffice/match_mgmt/wala_details/input_wala_farm'

2018-11-26 18:57:37 - [MESSAGE][PASSED] - Text 'Farm 2' is set on object 'Object Repository/Backoffice/match_mgmt/wala_details/input_wala_farm'

2018-11-26 18:57:37 - [TEST_STEP][PASSED] - setText: Text 'Breed 2' is set on object 'Object Repository/Backoffice/match_mgmt/wala_details/input_wala_breed'

2018-11-26 18:57:37 - [MESSAGE][PASSED] - Text 'Breed 2' is set on object 'Object Repository/Backoffice/match_mgmt/wala_details/input_wala_breed'

2018-11-26 18:57:37 - [TEST_STEP][PASSED] - setText: Text 'Weight 2' is set on object 'Object Repository/Backoffice/match_mgmt/wala_details/input_wala_weight'

2018-11-26 18:57:38 - [MESSAGE][PASSED] - Text 'Weight 2' is set on object 'Object Repository/Backoffice/match_mgmt/wala_details/input_wala_weight'

2018-11-26 18:57:38 - [TEST_STEP][PASSED] - click: Object: 'Object Repository/Backoffice/match_mgmt/input_submit_match' is clicked on

2018-11-26 18:57:39 - [MESSAGE][PASSED] - Object: 'Object Repository/Backoffice/match_mgmt/input_submit_match' is clicked on

2018-11-26 18:57:39 - [TEST_STEP][PASSED] - delay: Delayed 1 second(s)

2018-11-26 18:57:40 - [MESSAGE][PASSED] - Delayed 1 second(s)

2018-11-26 18:57:40 - [TEST_STEP][PASSED] - click: Object: 'Object Repository/Backoffice/match_mgmt/button_create_match' is clicked on

2018-11-26 18:57:40 - [MESSAGE][PASSED] - Object: 'Object Repository/Backoffice/match_mgmt/button_create_match' is clicked on

2018-11-26 18:57:40 - [TEST_STEP][PASSED] - delay: Delayed 1 second(s)

2018-11-26 18:57:41 - [MESSAGE][PASSED] - Delayed 1 second(s)

2018-11-26 18:57:41 - [TEST_STEP][PASSED] - click: Object: 'Object Repository/Backoffice/match_mgmt/span_select_arena_name' is clicked on

2018-11-26 18:57:41 - [MESSAGE][PASSED] - Object: 'Object Repository/Backoffice/match_mgmt/span_select_arena_name' is clicked on

2018-11-26 18:57:41 - [TEST_STEP][PASSED] - setText: Text 'PASIG SQUARE GARDEN - PSG' is set on object 'Object Repository/Backoffice/match_mgmt/input__select2-search__arena_name'

2018-11-26 18:57:41 - [MESSAGE][PASSED] - Text 'PASIG SQUARE GARDEN - PSG' is set on object 'Object Repository/Backoffice/match_mgmt/input__select2-search__arena_name'

2018-11-26 18:57:41 - [TEST_STEP][PASSED] - sendKeys: Keys 'ENTER + ' sent to object: 'Object Repository/Backoffice/match_mgmt/input__select2-search__arena_name'

2018-11-26 18:57:42 - [MESSAGE][PASSED] - Keys 'ENTER + ' sent to object: 'Object Repository/Backoffice/match_mgmt/input__select2-search__arena_name'

2018-11-26 18:57:42 - [TEST_STEP][PASSED] - setText: Text 'AA' is set on object 'Object Repository/Backoffice/match_mgmt/meron_details/input_meron_name'

2018-11-26 18:57:42 - [MESSAGE][PASSED] - Text 'AA' is set on object 'Object Repository/Backoffice/match_mgmt/meron_details/input_meron_name'

2018-11-26 18:57:42 - [TEST_STEP][PASSED] - setText: Text 'Farm 1' is set on object 'Object Repository/Backoffice/match_mgmt/meron_details/input_meron_farm'

2018-11-26 18:57:42 - [MESSAGE][PASSED] - Text 'Farm 1' is set on object 'Object Repository/Backoffice/match_mgmt/meron_details/input_meron_farm'

2018-11-26 18:57:42 - [TEST_STEP][PASSED] - setText: Text 'Breed 1' is set on object 'Object Repository/Backoffice/match_mgmt/meron_details/input_meron_breed'

2018-11-26 18:57:42 - [MESSAGE][PASSED] - Text 'Breed 1' is set on object 'Object Repository/Backoffice/match_mgmt/meron_details/input_meron_breed'

2018-11-26 18:57:42 - [TEST_STEP][PASSED] - setText: Text 'Weight 1' is set on object 'Object Repository/Backoffice/match_mgmt/meron_details/input_meron_weight'

2018-11-26 18:57:42 - [MESSAGE][PASSED] - Text 'Weight 1' is set on object 'Object Repository/Backoffice/match_mgmt/meron_details/input_meron_weight'

2018-11-26 18:57:42 - [TEST_STEP][PASSED] - setText: Text 'BB' is set on object 'Object Repository/Backoffice/match_mgmt/wala_details/input_wala_name'

2018-11-26 18:57:42 - [MESSAGE][PASSED] - Text 'BB' is set on object 'Object Repository/Backoffice/match_mgmt/wala_details/input_wala_name'

2018-11-26 18:57:42 - [TEST_STEP][PASSED] - setText: Text 'Farm 2' is set on object 'Object Repository/Backoffice/match_mgmt/wala_details/input_wala_farm'

2018-11-26 18:57:42 - [MESSAGE][PASSED] - Text 'Farm 2' is set on object 'Object Repository/Backoffice/match_mgmt/wala_details/input_wala_farm'

2018-11-26 18:57:42 - [TEST_STEP][PASSED] - setText: Text 'Breed 2' is set on object 'Object Repository/Backoffice/match_mgmt/wala_details/input_wala_breed'

2018-11-26 18:57:42 - [MESSAGE][PASSED] - Text 'Breed 2' is set on object 'Object Repository/Backoffice/match_mgmt/wala_details/input_wala_breed'

2018-11-26 18:57:42 - [TEST_STEP][PASSED] - setText: Text 'Weight 2' is set on object 'Object Repository/Backoffice/match_mgmt/wala_details/input_wala_weight'

2018-11-26 18:57:42 - [MESSAGE][PASSED] - Text 'Weight 2' is set on object 'Object Repository/Backoffice/match_mgmt/wala_details/input_wala_weight'

2018-11-26 18:57:42 - [TEST_STEP][PASSED] - click: Object: 'Object Repository/Backoffice/match_mgmt/input_submit_match' is clicked on

2018-11-26 18:57:44 - [MESSAGE][PASSED] - Object: 'Object Repository/Backoffice/match_mgmt/input_submit_match' is clicked on

2018-11-26 18:57:44 - [TEST_STEP][PASSED] - delay: Delayed 1 second(s)

2018-11-26 18:57:45 - [MESSAGE][PASSED] - Delayed 1 second(s)

2018-11-26 18:57:45 - [TEST_STEP][PASSED] - click: Object: 'Object Repository/Backoffice/match_mgmt/button_create_match' is clicked on

2018-11-26 18:57:45 - [MESSAGE][PASSED] - Object: 'Object Repository/Backoffice/match_mgmt/button_create_match' is clicked on

2018-11-26 18:57:45 - [TEST_STEP][PASSED] - delay: Delayed 1 second(s)

2018-11-26 18:57:46 - [MESSAGE][PASSED] - Delayed 1 second(s)

2018-11-26 18:57:46 - [TEST_STEP][PASSED] - click: Object: 'Object Repository/Backoffice/match_mgmt/span_select_arena_name' is clicked on

2018-11-26 18:57:46 - [MESSAGE][PASSED] - Object: 'Object Repository/Backoffice/match_mgmt/span_select_arena_name' is clicked on

2018-11-26 18:57:46 - [TEST_STEP][PASSED] - setText: Text 'PASIG SQUARE GARDEN - PSG' is set on object 'Object Repository/Backoffice/match_mgmt/input__select2-search__arena_name'

2018-11-26 18:57:46 - [MESSAGE][PASSED] - Text 'PASIG SQUARE GARDEN - PSG' is set on object 'Object Repository/Backoffice/match_mgmt/input__select2-search__arena_name'

2018-11-26 18:57:46 - [TEST_STEP][PASSED] - sendKeys: Keys 'ENTER + ' sent to object: 'Object Repository/Backoffice/match_mgmt/input__select2-search__arena_name'

2018-11-26 18:57:46 - [MESSAGE][PASSED] - Keys 'ENTER + ' sent to object: 'Object Repository/Backoffice/match_mgmt/input__select2-search__arena_name'

2018-11-26 18:57:46 - [TEST_STEP][PASSED] - setText: Text 'AA' is set on object 'Object Repository/Backoffice/match_mgmt/meron_details/input_meron_name'

2018-11-26 18:57:46 - [MESSAGE][PASSED] - Text 'AA' is set on object 'Object Repository/Backoffice/match_mgmt/meron_details/input_meron_name'

2018-11-26 18:57:46 - [TEST_STEP][PASSED] - setText: Text 'Farm 1' is set on object 'Object Repository/Backoffice/match_mgmt/meron_details/input_meron_farm'

2018-11-26 18:57:47 - [MESSAGE][PASSED] - Text 'Farm 1' is set on object 'Object Repository/Backoffice/match_mgmt/meron_details/input_meron_farm'

2018-11-26 18:57:47 - [TEST_STEP][PASSED] - setText: Text 'Breed 1' is set on object 'Object Repository/Backoffice/match_mgmt/meron_details/input_meron_breed'

2018-11-26 18:57:47 - [MESSAGE][PASSED] - Text 'Breed 1' is set on object 'Object Repository/Backoffice/match_mgmt/meron_details/input_meron_breed'

2018-11-26 18:57:47 - [TEST_STEP][PASSED] - setText: Text 'Weight 1' is set on object 'Object Repository/Backoffice/match_mgmt/meron_details/input_meron_weight'

2018-11-26 18:57:47 - [MESSAGE][PASSED] - Text 'Weight 1' is set on object 'Object Repository/Backoffice/match_mgmt/meron_details/input_meron_weight'

2018-11-26 18:57:47 - [TEST_STEP][PASSED] - setText: Text 'BB' is set on object 'Object Repository/Backoffice/match_mgmt/wala_details/input_wala_name'

2018-11-26 18:57:47 - [MESSAGE][PASSED] - Text 'BB' is set on object 'Object Repository/Backoffice/match_mgmt/wala_details/input_wala_name'

2018-11-26 18:57:47 - [TEST_STEP][PASSED] - setText: Text 'Farm 2' is set on object 'Object Repository/Backoffice/match_mgmt/wala_details/input_wala_farm'

2018-11-26 18:57:47 - [MESSAGE][PASSED] - Text 'Farm 2' is set on object 'Object Repository/Backoffice/match_mgmt/wala_details/input_wala_farm'

2018-11-26 18:57:47 - [TEST_STEP][PASSED] - setText: Text 'Breed 2' is set on object 'Object Repository/Backoffice/match_mgmt/wala_details/input_wala_breed'

2018-11-26 18:57:47 - [MESSAGE][PASSED] - Text 'Breed 2' is set on object 'Object Repository/Backoffice/match_mgmt/wala_details/input_wala_breed'

2018-11-26 18:57:47 - [TEST_STEP][PASSED] - setText: Text 'Weight 2' is set on object 'Object Repository/Backoffice/match_mgmt/wala_details/input_wala_weight'

2018-11-26 18:57:47 - [MESSAGE][PASSED] - Text 'Weight 2' is set on object 'Object Repository/Backoffice/match_mgmt/wala_details/input_wala_weight'

2018-11-26 18:57:47 - [TEST_STEP][PASSED] - click: Object: 'Object Repository/Backoffice/match_mgmt/input_submit_match' is clicked on

2018-11-26 18:57:48 - [MESSAGE][PASSED] - Object: 'Object Repository/Backoffice/match_mgmt/input_submit_match' is clicked on

2018-11-26 18:57:48 - [TEST_STEP][PASSED] - delay: Delayed 1 second(s)

2018-11-26 18:57:49 - [MESSAGE][PASSED] - Delayed 1 second(s)

2018-11-26 18:57:49 - [TEST_STEP][PASSED] - click: Object: 'Object Repository/Backoffice/match_mgmt/button_create_match' is clicked on

2018-11-26 18:57:49 - [MESSAGE][PASSED] - Object: 'Object Repository/Backoffice/match_mgmt/button_create_match' is clicked on

2018-11-26 18:57:49 - [TEST_STEP][PASSED] - delay: Delayed 1 second(s)

2018-11-26 18:57:50 - [MESSAGE][PASSED] - Delayed 1 second(s)

2018-11-26 18:57:50 - [TEST_STEP][PASSED] - click: Object: 'Object Repository/Backoffice/match_mgmt/span_select_arena_name' is clicked on

2018-11-26 18:57:51 - [MESSAGE][PASSED] - Object: 'Object Repository/Backoffice/match_mgmt/span_select_arena_name' is clicked on

2018-11-26 18:57:51 - [TEST_STEP][PASSED] - setText: Text 'PASIG SQUARE GARDEN - PSG' is set on object 'Object Repository/Backoffice/match_mgmt/input__select2-search__arena_name'

2018-11-26 18:57:51 - [MESSAGE][PASSED] - Text 'PASIG SQUARE GARDEN - PSG' is set on object 'Object Repository/Backoffice/match_mgmt/input__select2-search__arena_name'

2018-11-26 18:57:51 - [TEST_STEP][PASSED] - sendKeys: Keys 'ENTER + ' sent to object: 'Object Repository/Backoffice/match_mgmt/input__select2-search__arena_name'

2018-11-26 18:57:51 - [MESSAGE][PASSED] - Keys 'ENTER + ' sent to object: 'Object Repository/Backoffice/match_mgmt/input__select2-search__arena_name'

2018-11-26 18:57:51 - [TEST_STEP][PASSED] - setText: Text 'AA' is set on object 'Object Repository/Backoffice/match_mgmt/meron_details/input_meron_name'

2018-11-26 18:57:51 - [MESSAGE][PASSED] - Text 'AA' is set on object 'Object Repository/Backoffice/match_mgmt/meron_details/input_meron_name'

2018-11-26 18:57:51 - [TEST_STEP][PASSED] - setText: Text 'Farm 1' is set on object 'Object Repository/Backoffice/match_mgmt/meron_details/input_meron_farm'

2018-11-26 18:57:51 - [MESSAGE][PASSED] - Text 'Farm 1' is set on object 'Object Repository/Backoffice/match_mgmt/meron_details/input_meron_farm'

2018-11-26 18:57:51 - [TEST_STEP][PASSED] - setText: Text 'Breed 1' is set on object 'Object Repository/Backoffice/match_mgmt/meron_details/input_meron_breed'

2018-11-26 18:57:51 - [MESSAGE][PASSED] - Text 'Breed 1' is set on object 'Object Repository/Backoffice/match_mgmt/meron_details/input_meron_breed'

2018-11-26 18:57:51 - [TEST_STEP][PASSED] - setText: Text 'Weight 1' is set on object 'Object Repository/Backoffice/match_mgmt/meron_details/input_meron_weight'

2018-11-26 18:57:52 - [MESSAGE][PASSED] - Text 'Weight 1' is set on object 'Object Repository/Backoffice/match_mgmt/meron_details/input_meron_weight'

2018-11-26 18:57:52 - [TEST_STEP][PASSED] - setText: Text 'BB' is set on object 'Object Repository/Backoffice/match_mgmt/wala_details/input_wala_name'

2018-11-26 18:57:52 - [MESSAGE][PASSED] - Text 'BB' is set on object 'Object Repository/Backoffice/match_mgmt/wala_details/input_wala_name'

2018-11-26 18:57:52 - [TEST_STEP][PASSED] - setText: Text 'Farm 2' is set on object 'Object Repository/Backoffice/match_mgmt/wala_details/input_wala_farm'

2018-11-26 18:57:52 - [MESSAGE][PASSED] - Text 'Farm 2' is set on object 'Object Repository/Backoffice/match_mgmt/wala_details/input_wala_farm'

2018-11-26 18:57:52 - [TEST_STEP][PASSED] - setText: Text 'Breed 2' is set on object 'Object Repository/Backoffice/match_mgmt/wala_details/input_wala_breed'

2018-11-26 18:57:52 - [MESSAGE][PASSED] - Text 'Breed 2' is set on object 'Object Repository/Backoffice/match_mgmt/wala_details/input_wala_breed'

2018-11-26 18:57:52 - [TEST_STEP][PASSED] - setText: Text 'Weight 2' is set on object 'Object Repository/Backoffice/match_mgmt/wala_details/input_wala_weight'

2018-11-26 18:57:52 - [MESSAGE][PASSED] - Text 'Weight 2' is set on object 'Object Repository/Backoffice/match_mgmt/wala_details/input_wala_weight'

2018-11-26 18:57:52 - [TEST_STEP][PASSED] - click: Object: 'Object Repository/Backoffice/match_mgmt/input_submit_match' is clicked on

2018-11-26 18:57:53 - [MESSAGE][PASSED] - Object: 'Object Repository/Backoffice/match_mgmt/input_submit_match' is clicked on

2018-11-26 18:57:53 - [TEST_STEP][PASSED] - delay: Delayed 1 second(s)

2018-11-26 18:57:54 - [MESSAGE][PASSED] - Delayed 1 second(s)

2018-11-26 18:57:54 - [TEST_STEP][PASSED] - click: Object: 'Object Repository/Backoffice/match_mgmt/button_create_match' is clicked on

2018-11-26 18:57:54 - [MESSAGE][PASSED] - Object: 'Object Repository/Backoffice/match_mgmt/button_create_match' is clicked on

2018-11-26 18:57:54 - [TEST_STEP][PASSED] - delay: Delayed 1 second(s)

2018-11-26 18:57:55 - [MESSAGE][PASSED] - Delayed 1 second(s)

2018-11-26 18:57:55 - [TEST_STEP][PASSED] - click: Object: 'Object Repository/Backoffice/match_mgmt/span_select_arena_name' is clicked on

2018-11-26 18:57:55 - [MESSAGE][PASSED] - Object: 'Object Repository/Backoffice/match_mgmt/span_select_arena_name' is clicked on

2018-11-26 18:57:55 - [TEST_STEP][PASSED] - setText: Text 'PASIG SQUARE GARDEN - PSG' is set on object 'Object Repository/Backoffice/match_mgmt/input__select2-search__arena_name'

2018-11-26 18:57:56 - [MESSAGE][PASSED] - Text 'PASIG SQUARE GARDEN - PSG' is set on object 'Object Repository/Backoffice/match_mgmt/input__select2-search__arena_name'

2018-11-26 18:57:56 - [TEST_STEP][PASSED] - sendKeys: Keys 'ENTER + ' sent to object: 'Object Repository/Backoffice/match_mgmt/input__select2-search__arena_name'

2018-11-26 18:57:56 - [MESSAGE][PASSED] - Keys 'ENTER + ' sent to object: 'Object Repository/Backoffice/match_mgmt/input__select2-search__arena_name'

2018-11-26 18:57:56 - [TEST_STEP][PASSED] - setText: Text 'AA' is set on object 'Object Repository/Backoffice/match_mgmt/meron_details/input_meron_name'

2018-11-26 18:57:56 - [MESSAGE][PASSED] - Text 'AA' is set on object 'Object Repository/Backoffice/match_mgmt/meron_details/input_meron_name'

2018-11-26 18:57:56 - [TEST_STEP][PASSED] - setText: Text 'Farm 1' is set on object 'Object Repository/Backoffice/match_mgmt/meron_details/input_meron_farm'

2018-11-26 18:57:56 - [MESSAGE][PASSED] - Text 'Farm 1' is set on object 'Object Repository/Backoffice/match_mgmt/meron_details/input_meron_farm'

2018-11-26 18:57:56 - [TEST_STEP][PASSED] - setText: Text 'Breed 1' is set on object 'Object Repository/Backoffice/match_mgmt/meron_details/input_meron_breed'

2018-11-26 18:57:56 - [MESSAGE][PASSED] - Text 'Breed 1' is set on object 'Object Repository/Backoffice/match_mgmt/meron_details/input_meron_breed'

2018-11-26 18:57:56 - [TEST_STEP][PASSED] - setText: Text 'Weight 1' is set on object 'Object Repository/Backoffice/match_mgmt/meron_details/input_meron_weight'

2018-11-26 18:57:56 - [MESSAGE][PASSED] - Text 'Weight 1' is set on object 'Object Repository/Backoffice/match_mgmt/meron_details/input_meron_weight'

2018-11-26 18:57:56 - [TEST_STEP][PASSED] - setText: Text 'BB' is set on object 'Object Repository/Backoffice/match_mgmt/wala_details/input_wala_name'

2018-11-26 18:57:56 - [MESSAGE][PASSED] - Text 'BB' is set on object 'Object Repository/Backoffice/match_mgmt/wala_details/input_wala_name'

2018-11-26 18:57:56 - [TEST_STEP][PASSED] - setText: Text 'Farm 2' is set on object 'Object Repository/Backoffice/match_mgmt/wala_details/input_wala_farm'

2018-11-26 18:57:57 - [MESSAGE][PASSED] - Text 'Farm 2' is set on object 'Object Repository/Backoffice/match_mgmt/wala_details/input_wala_farm'

2018-11-26 18:57:57 - [TEST_STEP][PASSED] - setText: Text 'Breed 2' is set on object 'Object Repository/Backoffice/match_mgmt/wala_details/input_wala_breed'

2018-11-26 18:57:57 - [MESSAGE][PASSED] - Text 'Breed 2' is set on object 'Object Repository/Backoffice/match_mgmt/wala_details/input_wala_breed'

2018-11-26 18:57:57 - [TEST_STEP][PASSED] - setText: Text 'Weight 2' is set on object 'Object Repository/Backoffice/match_mgmt/wala_details/input_wala_weight'

2018-11-26 18:57:57 - [MESSAGE][PASSED] - Text 'Weight 2' is set on object 'Object Repository/Backoffice/match_mgmt/wala_details/input_wala_weight'

2018-11-26 18:57:57 - [TEST_STEP][PASSED] - click: Object: 'Object Repository/Backoffice/match_mgmt/input_submit_match' is clicked on

2018-11-26 18:57:58 - [MESSAGE][PASSED] - Object: 'Object Repository/Backoffice/match_mgmt/input_submit_match' is clicked on

2018-11-26 18:57:58 - [TEST_STEP][PASSED] - delay: Delayed 1 second(s)

2018-11-26 18:57:59 - [MESSAGE][PASSED] - Delayed 1 second(s)

2018-11-26 18:57:59 - [TEST_STEP][PASSED] - click: Object: 'Object Repository/Backoffice/match_mgmt/button_create_match' is clicked on

2018-11-26 18:57:59 - [MESSAGE][PASSED] - Object: 'Object Repository/Backoffice/match_mgmt/button_create_match' is clicked on

2018-11-26 18:57:59 - [TEST_STEP][PASSED] - delay: Delayed 1 second(s)

2018-11-26 18:58:00 - [MESSAGE][PASSED] - Delayed 1 second(s)

2018-11-26 18:58:00 - [TEST_STEP][PASSED] - click: Object: 'Object Repository/Backoffice/match_mgmt/span_select_arena_name' is clicked on

2018-11-26 18:58:00 - [MESSAGE][PASSED] - Object: 'Object Repository/Backoffice/match_mgmt/span_select_arena_name' is clicked on

2018-11-26 18:58:00 - [TEST_STEP][PASSED] - setText: Text 'PASIG SQUARE GARDEN - PSG' is set on object 'Object Repository/Backoffice/match_mgmt/input__select2-search__arena_name'

2018-11-26 18:58:01 - [MESSAGE][PASSED] - Text 'PASIG SQUARE GARDEN - PSG' is set on object 'Object Repository/Backoffice/match_mgmt/input__select2-search__arena_name'

2018-11-26 18:58:01 - [TEST_STEP][PASSED] - sendKeys: Keys 'ENTER + ' sent to object: 'Object Repository/Backoffice/match_mgmt/input__select2-search__arena_name'

2018-11-26 18:58:01 - [MESSAGE][PASSED] - Keys 'ENTER + ' sent to object: 'Object Repository/Backoffice/match_mgmt/input__select2-search__arena_name'

2018-11-26 18:58:01 - [TEST_STEP][PASSED] - setText: Text 'AA' is set on object 'Object Repository/Backoffice/match_mgmt/meron_details/input_meron_name'

2018-11-26 18:58:01 - [MESSAGE][PASSED] - Text 'AA' is set on object 'Object Repository/Backoffice/match_mgmt/meron_details/input_meron_name'

2018-11-26 18:58:01 - [TEST_STEP][PASSED] - setText: Text 'Farm 1' is set on object 'Object Repository/Backoffice/match_mgmt/meron_details/input_meron_farm'

2018-11-26 18:58:01 - [MESSAGE][PASSED] - Text 'Farm 1' is set on object 'Object Repository/Backoffice/match_mgmt/meron_details/input_meron_farm'

2018-11-26 18:58:01 - [TEST_STEP][PASSED] - setText: Text 'Breed 1' is set on object 'Object Repository/Backoffice/match_mgmt/meron_details/input_meron_breed'

2018-11-26 18:58:01 - [MESSAGE][PASSED] - Text 'Breed 1' is set on object 'Object Repository/Backoffice/match_mgmt/meron_details/input_meron_breed'

2018-11-26 18:58:01 - [TEST_STEP][PASSED] - setText: Text 'Weight 1' is set on object 'Object Repository/Backoffice/match_mgmt/meron_details/input_meron_weight'

2018-11-26 18:58:01 - [MESSAGE][PASSED] - Text 'Weight 1' is set on object 'Object Repository/Backoffice/match_mgmt/meron_details/input_meron_weight'

2018-11-26 18:58:01 - [TEST_STEP][PASSED] - setText: Text 'BB' is set on object 'Object Repository/Backoffice/match_mgmt/wala_details/input_wala_name'

2018-11-26 18:58:01 - [MESSAGE][PASSED] - Text 'BB' is set on object 'Object Repository/Backoffice/match_mgmt/wala_details/input_wala_name'

2018-11-26 18:58:01 - [TEST_STEP][PASSED] - setText: Text 'Farm 2' is set on object 'Object Repository/Backoffice/match_mgmt/wala_details/input_wala_farm'

2018-11-26 18:58:01 - [MESSAGE][PASSED] - Text 'Farm 2' is set on object 'Object Repository/Backoffice/match_mgmt/wala_details/input_wala_farm'

2018-11-26 18:58:01 - [TEST_STEP][PASSED] - setText: Text 'Breed 2' is set on object 'Object Repository/Backoffice/match_mgmt/wala_details/input_wala_breed'

2018-11-26 18:58:01 - [MESSAGE][PASSED] - Text 'Breed 2' is set on object 'Object Repository/Backoffice/match_mgmt/wala_details/input_wala_breed'

2018-11-26 18:58:01 - [TEST_STEP][PASSED] - setText: Text 'Weight 2' is set on object 'Object Repository/Backoffice/match_mgmt/wala_details/input_wala_weight'

2018-11-26 18:58:02 - [MESSAGE][PASSED] - Text 'Weight 2' is set on object 'Object Repository/Backoffice/match_mgmt/wala_details/input_wala_weight'

2018-11-26 18:58:02 - [TEST_STEP][PASSED] - click: Object: 'Object Repository/Backoffice/match_mgmt/input_submit_match' is clicked on

2018-11-26 18:58:03 - [MESSAGE][PASSED] - Object: 'Object Repository/Backoffice/match_mgmt/input_submit_match' is clicked on

2018-11-26 18:58:03 - [TEST_STEP][PASSED] - delay: Delayed 1 second(s)

2018-11-26 18:58:04 - [MESSAGE][PASSED] - Delayed 1 second(s)

2018-11-26 18:58:04 - [TEST_STEP][PASSED] - click: Object: 'Object Repository/Backoffice/match_mgmt/button_create_match' is clicked on

2018-11-26 18:58:04 - [MESSAGE][PASSED] - Object: 'Object Repository/Backoffice/match_mgmt/button_create_match' is clicked on

2018-11-26 18:58:04 - [TEST_STEP][PASSED] - delay: Delayed 1 second(s)

2018-11-26 18:58:05 - [MESSAGE][PASSED] - Delayed 1 second(s)

2018-11-26 18:58:05 - [TEST_STEP][PASSED] - click: Object: 'Object Repository/Backoffice/match_mgmt/span_select_arena_name' is clicked on

2018-11-26 18:58:05 - [MESSAGE][PASSED] - Object: 'Object Repository/Backoffice/match_mgmt/span_select_arena_name' is clicked on

2018-11-26 18:58:05 - [TEST_STEP][PASSED] - setText: Text 'PASIG SQUARE GARDEN - PSG' is set on object 'Object Repository/Backoffice/match_mgmt/input__select2-search__arena_name'

2018-11-26 18:58:05 - [MESSAGE][PASSED] - Text 'PASIG SQUARE GARDEN - PSG' is set on object 'Object Repository/Backoffice/match_mgmt/input__select2-search__arena_name'

2018-11-26 18:58:05 - [TEST_STEP][PASSED] - sendKeys: Keys 'ENTER + ' sent to object: 'Object Repository/Backoffice/match_mgmt/input__select2-search__arena_name'

2018-11-26 18:58:05 - [MESSAGE][PASSED] - Keys 'ENTER + ' sent to object: 'Object Repository/Backoffice/match_mgmt/input__select2-search__arena_name'

2018-11-26 18:58:05 - [TEST_STEP][PASSED] - setText: Text 'AA' is set on object 'Object Repository/Backoffice/match_mgmt/meron_details/input_meron_name'

2018-11-26 18:58:06 - [MESSAGE][PASSED] - Text 'AA' is set on object 'Object Repository/Backoffice/match_mgmt/meron_details/input_meron_name'

2018-11-26 18:58:06 - [TEST_STEP][PASSED] - setText: Text 'Farm 1' is set on object 'Object Repository/Backoffice/match_mgmt/meron_details/input_meron_farm'

2018-11-26 18:58:06 - [MESSAGE][PASSED] - Text 'Farm 1' is set on object 'Object Repository/Backoffice/match_mgmt/meron_details/input_meron_farm'

2018-11-26 18:58:06 - [TEST_STEP][PASSED] - setText: Text 'Breed 1' is set on object 'Object Repository/Backoffice/match_mgmt/meron_details/input_meron_breed'

2018-11-26 18:58:06 - [MESSAGE][PASSED] - Text 'Breed 1' is set on object 'Object Repository/Backoffice/match_mgmt/meron_details/input_meron_breed'

2018-11-26 18:58:06 - [TEST_STEP][PASSED] - setText: Text 'Weight 1' is set on object 'Object Repository/Backoffice/match_mgmt/meron_details/input_meron_weight'

2018-11-26 18:58:06 - [MESSAGE][PASSED] - Text 'Weight 1' is set on object 'Object Repository/Backoffice/match_mgmt/meron_details/input_meron_weight'

2018-11-26 18:58:06 - [TEST_STEP][PASSED] - setText: Text 'BB' is set on object 'Object Repository/Backoffice/match_mgmt/wala_details/input_wala_name'

2018-11-26 18:58:06 - [MESSAGE][PASSED] - Text 'BB' is set on object 'Object Repository/Backoffice/match_mgmt/wala_details/input_wala_name'

2018-11-26 18:58:06 - [TEST_STEP][PASSED] - setText: Text 'Farm 2' is set on object 'Object Repository/Backoffice/match_mgmt/wala_details/input_wala_farm'

2018-11-26 18:58:06 - [MESSAGE][PASSED] - Text 'Farm 2' is set on object 'Object Repository/Backoffice/match_mgmt/wala_details/input_wala_farm'

2018-11-26 18:58:06 - [TEST_STEP][PASSED] - setText: Text 'Breed 2' is set on object 'Object Repository/Backoffice/match_mgmt/wala_details/input_wala_breed'

2018-11-26 18:58:06 - [MESSAGE][PASSED] - Text 'Breed 2' is set on object 'Object Repository/Backoffice/match_mgmt/wala_details/input_wala_breed'

2018-11-26 18:58:06 - [TEST_STEP][PASSED] - setText: Text 'Weight 2' is set on object 'Object Repository/Backoffice/match_mgmt/wala_details/input_wala_weight'

2018-11-26 18:58:06 - [MESSAGE][PASSED] - Text 'Weight 2' is set on object 'Object Repository/Backoffice/match_mgmt/wala_details/input_wala_weight'

2018-11-26 18:58:06 - [TEST_STEP][PASSED] - click: Object: 'Object Repository/Backoffice/match_mgmt/input_submit_match' is clicked on

2018-11-26 18:58:07 - [MESSAGE][PASSED] - Object: 'Object Repository/Backoffice/match_mgmt/input_submit_match' is clicked on

2018-11-26 18:58:07 - [TEST_STEP][PASSED] - delay: Delayed 1 second(s)

2018-11-26 18:58:08 - [MESSAGE][PASSED] - Delayed 1 second(s)

2018-11-26 18:58:08 - [TEST_STEP][PASSED] - click: Object: 'Object Repository/Backoffice/match_mgmt/button_create_match' is clicked on

2018-11-26 18:58:09 - [MESSAGE][PASSED] - Object: 'Object Repository/Backoffice/match_mgmt/button_create_match' is clicked on

2018-11-26 18:58:09 - [TEST_STEP][PASSED] - delay: Delayed 1 second(s)

2018-11-26 18:58:10 - [MESSAGE][PASSED] - Delayed 1 second(s)

2018-11-26 18:58:10 - [TEST_STEP][PASSED] - click: Object: 'Object Repository/Backoffice/match_mgmt/span_select_arena_name' is clicked on

2018-11-26 18:58:10 - [MESSAGE][PASSED] - Object: 'Object Repository/Backoffice/match_mgmt/span_select_arena_name' is clicked on

2018-11-26 18:58:10 - [TEST_STEP][PASSED] - setText: Text 'PASIG SQUARE GARDEN - PSG' is set on object 'Object Repository/Backoffice/match_mgmt/input__select2-search__arena_name'

2018-11-26 18:58:10 - [MESSAGE][PASSED] - Text 'PASIG SQUARE GARDEN - PSG' is set on object 'Object Repository/Backoffice/match_mgmt/input__select2-search__arena_name'

2018-11-26 18:58:10 - [TEST_STEP][PASSED] - sendKeys: Keys 'ENTER + ' sent to object: 'Object Repository/Backoffice/match_mgmt/input__select2-search__arena_name'

2018-11-26 18:58:10 - [MESSAGE][PASSED] - Keys 'ENTER + ' sent to object: 'Object Repository/Backoffice/match_mgmt/input__select2-search__arena_name'

2018-11-26 18:58:10 - [TEST_STEP][PASSED] - setText: Text 'AA' is set on object 'Object Repository/Backoffice/match_mgmt/meron_details/input_meron_name'

2018-11-26 18:58:10 - [MESSAGE][PASSED] - Text 'AA' is set on object 'Object Repository/Backoffice/match_mgmt/meron_details/input_meron_name'

2018-11-26 18:58:10 - [TEST_STEP][PASSED] - setText: Text 'Farm 1' is set on object 'Object Repository/Backoffice/match_mgmt/meron_details/input_meron_farm'

2018-11-26 18:58:10 - [MESSAGE][PASSED] - Text 'Farm 1' is set on object 'Object Repository/Backoffice/match_mgmt/meron_details/input_meron_farm'

2018-11-26 18:58:10 - [TEST_STEP][PASSED] - setText: Text 'Breed 1' is set on object 'Object Repository/Backoffice/match_mgmt/meron_details/input_meron_breed'

2018-11-26 18:58:10 - [MESSAGE][PASSED] - Text 'Breed 1' is set on object 'Object Repository/Backoffice/match_mgmt/meron_details/input_meron_breed'

2018-11-26 18:58:10 - [TEST_STEP][PASSED] - setText: Text 'Weight 1' is set on object 'Object Repository/Backoffice/match_mgmt/meron_details/input_meron_weight'

2018-11-26 18:58:11 - [MESSAGE][PASSED] - Text 'Weight 1' is set on object 'Object Repository/Backoffice/match_mgmt/meron_details/input_meron_weight'

2018-11-26 18:58:11 - [TEST_STEP][PASSED] - setText: Text 'BB' is set on object 'Object Repository/Backoffice/match_mgmt/wala_details/input_wala_name'

2018-11-26 18:58:11 - [MESSAGE][PASSED] - Text 'BB' is set on object 'Object Repository/Backoffice/match_mgmt/wala_details/input_wala_name'

2018-11-26 18:58:11 - [TEST_STEP][PASSED] - setText: Text 'Farm 2' is set on object 'Object Repository/Backoffice/match_mgmt/wala_details/input_wala_farm'

2018-11-26 18:58:11 - [MESSAGE][PASSED] - Text 'Farm 2' is set on object 'Object Repository/Backoffice/match_mgmt/wala_details/input_wala_farm'

2018-11-26 18:58:11 - [TEST_STEP][PASSED] - setText: Text 'Breed 2' is set on object 'Object Repository/Backoffice/match_mgmt/wala_details/input_wala_breed'

2018-11-26 18:58:11 - [MESSAGE][PASSED] - Text 'Breed 2' is set on object 'Object Repository/Backoffice/match_mgmt/wala_details/input_wala_breed'

2018-11-26 18:58:11 - [TEST_STEP][PASSED] - setText: Text 'Weight 2' is set on object 'Object Repository/Backoffice/match_mgmt/wala_details/input_wala_weight'

2018-11-26 18:58:11 - [MESSAGE][PASSED] - Text 'Weight 2' is set on object 'Object Repository/Backoffice/match_mgmt/wala_details/input_wala_weight'

2018-11-26 18:58:11 - [TEST_STEP][PASSED] - click: Object: 'Object Repository/Backoffice/match_mgmt/input_submit_match' is clicked on

2018-11-26 18:58:12 - [MESSAGE][PASSED] - Object: 'Object Repository/Backoffice/match_mgmt/input_submit_match' is clicked on

2018-11-26 18:58:12 - [TEST_STEP][PASSED] - delay: Delayed 1 second(s)

2018-11-26 18:58:13 - [MESSAGE][PASSED] - Delayed 1 second(s)

2018-11-26 18:58:13 - [TEST_STEP][PASSED] - click: Object: 'Object Repository/Backoffice/match_mgmt/button_create_match' is clicked on

2018-11-26 18:58:13 - [MESSAGE][PASSED] - Object: 'Object Repository/Backoffice/match_mgmt/button_create_match' is clicked on

2018-11-26 18:58:13 - [TEST_STEP][PASSED] - delay: Delayed 1 second(s)

2018-11-26 18:58:14 - [MESSAGE][PASSED] - Delayed 1 second(s)

2018-11-26 18:58:14 - [TEST_STEP][PASSED] - click: Object: 'Object Repository/Backoffice/match_mgmt/span_select_arena_name' is clicked on

2018-11-26 18:58:15 - [MESSAGE][PASSED] - Object: 'Object Repository/Backoffice/match_mgmt/span_select_arena_name' is clicked on

2018-11-26 18:58:15 - [TEST_STEP][PASSED] - setText: Text 'PASIG SQUARE GARDEN - PSG' is set on object 'Object Repository/Backoffice/match_mgmt/input__select2-search__arena_name'

2018-11-26 18:58:15 - [MESSAGE][PASSED] - Text 'PASIG SQUARE GARDEN - PSG' is set on object 'Object Repository/Backoffice/match_mgmt/input__select2-search__arena_name'

2018-11-26 18:58:15 - [TEST_STEP][PASSED] - sendKeys: Keys 'ENTER + ' sent to object: 'Object Repository/Backoffice/match_mgmt/input__select2-search__arena_name'

2018-11-26 18:58:15 - [MESSAGE][PASSED] - Keys 'ENTER + ' sent to object: 'Object Repository/Backoffice/match_mgmt/input__select2-search__arena_name'

2018-11-26 18:58:15 - [TEST_STEP][PASSED] - setText: Text 'AA' is set on object 'Object Repository/Backoffice/match_mgmt/meron_details/input_meron_name'

2018-11-26 18:58:15 - [MESSAGE][PASSED] - Text 'AA' is set on object 'Object Repository/Backoffice/match_mgmt/meron_details/input_meron_name'

2018-11-26 18:58:15 - [TEST_STEP][PASSED] - setText: Text 'Farm 1' is set on object 'Object Repository/Backoffice/match_mgmt/meron_details/input_meron_farm'

2018-11-26 18:58:15 - [MESSAGE][PASSED] - Text 'Farm 1' is set on object 'Object Repository/Backoffice/match_mgmt/meron_details/input_meron_farm'

2018-11-26 18:58:15 - [TEST_STEP][PASSED] - setText: Text 'Breed 1' is set on object 'Object Repository/Backoffice/match_mgmt/meron_details/input_meron_breed'

2018-11-26 18:58:15 - [MESSAGE][PASSED] - Text 'Breed 1' is set on object 'Object Repository/Backoffice/match_mgmt/meron_details/input_meron_breed'

2018-11-26 18:58:15 - [TEST_STEP][PASSED] - setText: Text 'Weight 1' is set on object 'Object Repository/Backoffice/match_mgmt/meron_details/input_meron_weight'

2018-11-26 18:58:15 - [MESSAGE][PASSED] - Text 'Weight 1' is set on object 'Object Repository/Backoffice/match_mgmt/meron_details/input_meron_weight'

2018-11-26 18:58:15 - [TEST_STEP][PASSED] - setText: Text 'BB' is set on object 'Object Repository/Backoffice/match_mgmt/wala_details/input_wala_name'

2018-11-26 18:58:16 - [MESSAGE][PASSED] - Text 'BB' is set on object 'Object Repository/Backoffice/match_mgmt/wala_details/input_wala_name'

2018-11-26 18:58:16 - [TEST_STEP][PASSED] - setText: Text 'Farm 2' is set on object 'Object Repository/Backoffice/match_mgmt/wala_details/input_wala_farm'

2018-11-26 18:58:16 - [MESSAGE][PASSED] - Text 'Farm 2' is set on object 'Object Repository/Backoffice/match_mgmt/wala_details/input_wala_farm'

2018-11-26 18:58:16 - [TEST_STEP][PASSED] - setText: Text 'Breed 2' is set on object 'Object Repository/Backoffice/match_mgmt/wala_details/input_wala_breed'

2018-11-26 18:58:16 - [MESSAGE][PASSED] - Text 'Breed 2' is set on object 'Object Repository/Backoffice/match_mgmt/wala_details/input_wala_breed'

2018-11-26 18:58:16 - [TEST_STEP][PASSED] - setText: Text 'Weight 2' is set on object 'Object Repository/Backoffice/match_mgmt/wala_details/input_wala_weight'

2018-11-26 18:58:16 - [MESSAGE][PASSED] - Text 'Weight 2' is set on object 'Object Repository/Backoffice/match_mgmt/wala_details/input_wala_weight'

2018-11-26 18:58:16 - [TEST_STEP][PASSED] - click: Object: 'Object Repository/Backoffice/match_mgmt/input_submit_match' is clicked on

2018-11-26 18:58:17 - [MESSAGE][PASSED] - Object: 'Object Repository/Backoffice/match_mgmt/input_submit_match' is clicked on

2018-11-26 18:58:17 - [TEST_STEP][PASSED] - delay: Delayed 1 second(s)

2018-11-26 18:58:18 - [MESSAGE][PASSED] - Delayed 1 second(s)

2018-11-26 18:58:18 - [TEST_STEP][PASSED] - click: Object: 'Object Repository/Backoffice/match_mgmt/button_create_match' is clicked on

2018-11-26 18:58:18 - [MESSAGE][PASSED] - Object: 'Object Repository/Backoffice/match_mgmt/button_create_match' is clicked on

2018-11-26 18:58:18 - [TEST_STEP][PASSED] - delay: Delayed 1 second(s)

2018-11-26 18:58:19 - [MESSAGE][PASSED] - Delayed 1 second(s)

2018-11-26 18:58:19 - [TEST_STEP][PASSED] - click: Object: 'Object Repository/Backoffice/match_mgmt/span_select_arena_name' is clicked on

2018-11-26 18:58:19 - [MESSAGE][PASSED] - Object: 'Object Repository/Backoffice/match_mgmt/span_select_arena_name' is clicked on

2018-11-26 18:58:19 - [TEST_STEP][PASSED] - setText: Text 'PASIG SQUARE GARDEN - PSG' is set on object 'Object Repository/Backoffice/match_mgmt/input__select2-search__arena_name'

2018-11-26 18:58:20 - [MESSAGE][PASSED] - Text 'PASIG SQUARE GARDEN - PSG' is set on object 'Object Repository/Backoffice/match_mgmt/input__select2-search__arena_name'

2018-11-26 18:58:20 - [TEST_STEP][PASSED] - sendKeys: Keys 'ENTER + ' sent to object: 'Object Repository/Backoffice/match_mgmt/input__select2-search__arena_name'

2018-11-26 18:58:20 - [MESSAGE][PASSED] - Keys 'ENTER + ' sent to object: 'Object Repository/Backoffice/match_mgmt/input__select2-search__arena_name'

2018-11-26 18:58:20 - [TEST_STEP][PASSED] - setText: Text 'AA' is set on object 'Object Repository/Backoffice/match_mgmt/meron_details/input_meron_name'

2018-11-26 18:58:20 - [MESSAGE][PASSED] - Text 'AA' is set on object 'Object Repository/Backoffice/match_mgmt/meron_details/input_meron_name'

2018-11-26 18:58:20 - [TEST_STEP][PASSED] - setText: Text 'Farm 1' is set on object 'Object Repository/Backoffice/match_mgmt/meron_details/input_meron_farm'

2018-11-26 18:58:20 - [MESSAGE][PASSED] - Text 'Farm 1' is set on object 'Object Repository/Backoffice/match_mgmt/meron_details/input_meron_farm'

2018-11-26 18:58:20 - [TEST_STEP][PASSED] - setText: Text 'Breed 1' is set on object 'Object Repository/Backoffice/match_mgmt/meron_details/input_meron_breed'

2018-11-26 18:58:20 - [MESSAGE][PASSED] - Text 'Breed 1' is set on object 'Object Repository/Backoffice/match_mgmt/meron_details/input_meron_breed'

2018-11-26 18:58:20 - [TEST_STEP][PASSED] - setText: Text 'Weight 1' is set on object 'Object Repository/Backoffice/match_mgmt/meron_details/input_meron_weight'

2018-11-26 18:58:20 - [MESSAGE][PASSED] - Text 'Weight 1' is set on object 'Object Repository/Backoffice/match_mgmt/meron_details/input_meron_weight'

2018-11-26 18:58:20 - [TEST_STEP][PASSED] - setText: Text 'BB' is set on object 'Object Repository/Backoffice/match_mgmt/wala_details/input_wala_name'

2018-11-26 18:58:20 - [MESSAGE][PASSED] - Text 'BB' is set on object 'Object Repository/Backoffice/match_mgmt/wala_details/input_wala_name'

2018-11-26 18:58:20 - [TEST_STEP][PASSED] - setText: Text 'Farm 2' is set on object 'Object Repository/Backoffice/match_mgmt/wala_details/input_wala_farm'

2018-11-26 18:58:20 - [MESSAGE][PASSED] - Text 'Farm 2' is set on object 'Object Repository/Backoffice/match_mgmt/wala_details/input_wala_farm'

2018-11-26 18:58:20 - [TEST_STEP][PASSED] - setText: Text 'Breed 2' is set on object 'Object Repository/Backoffice/match_mgmt/wala_details/input_wala_breed'

2018-11-26 18:58:21 - [MESSAGE][PASSED] - Text 'Breed 2' is set on object 'Object Repository/Backoffice/match_mgmt/wala_details/input_wala_breed'

2018-11-26 18:58:21 - [TEST_STEP][PASSED] - setText: Text 'Weight 2' is set on object 'Object Repository/Backoffice/match_mgmt/wala_details/input_wala_weight'

2018-11-26 18:58:21 - [MESSAGE][PASSED] - Text 'Weight 2' is set on object 'Object Repository/Backoffice/match_mgmt/wala_details/input_wala_weight'

2018-11-26 18:58:21 - [TEST_STEP][PASSED] - click: Object: 'Object Repository/Backoffice/match_mgmt/input_submit_match' is clicked on

2018-11-26 18:58:22 - [MESSAGE][PASSED] - Object: 'Object Repository/Backoffice/match_mgmt/input_submit_match' is clicked on

2018-11-26 18:58:22 - [TEST_STEP][PASSED] - delay: Delayed 1 second(s)

2018-11-26 18:58:23 - [MESSAGE][PASSED] - Delayed 1 second(s)

2018-11-26 18:58:23 - [TEST_STEP][PASSED] - click: Object: 'Object Repository/Backoffice/match_mgmt/button_create_match' is clicked on

2018-11-26 18:58:23 - [MESSAGE][PASSED] - Object: 'Object Repository/Backoffice/match_mgmt/button_create_match' is clicked on

2018-11-26 18:58:23 - [TEST_STEP][PASSED] - delay: Delayed 1 second(s)

2018-11-26 18:58:24 - [MESSAGE][PASSED] - Delayed 1 second(s)

2018-11-26 18:58:24 - [TEST_STEP][PASSED] - click: Object: 'Object Repository/Backoffice/match_mgmt/span_select_arena_name' is clicked on

2018-11-26 18:58:24 - [MESSAGE][PASSED] - Object: 'Object Repository/Backoffice/match_mgmt/span_select_arena_name' is clicked on

2018-11-26 18:58:24 - [TEST_STEP][PASSED] - setText: Text 'PASIG SQUARE GARDEN - PSG' is set on object 'Object Repository/Backoffice/match_mgmt/input__select2-search__arena_name'

2018-11-26 18:58:25 - [MESSAGE][PASSED] - Text 'PASIG SQUARE GARDEN - PSG' is set on object 'Object Repository/Backoffice/match_mgmt/input__select2-search__arena_name'

2018-11-26 18:58:25 - [TEST_STEP][PASSED] - sendKeys: Keys 'ENTER + ' sent to object: 'Object Repository/Backoffice/match_mgmt/input__select2-search__arena_name'

2018-11-26 18:58:25 - [MESSAGE][PASSED] - Keys 'ENTER + ' sent to object: 'Object Repository/Backoffice/match_mgmt/input__select2-search__arena_name'

2018-11-26 18:58:25 - [TEST_STEP][PASSED] - setText: Text 'AA' is set on object 'Object Repository/Backoffice/match_mgmt/meron_details/input_meron_name'

2018-11-26 18:58:25 - [MESSAGE][PASSED] - Text 'AA' is set on object 'Object Repository/Backoffice/match_mgmt/meron_details/input_meron_name'

2018-11-26 18:58:25 - [TEST_STEP][PASSED] - setText: Text 'Farm 1' is set on object 'Object Repository/Backoffice/match_mgmt/meron_details/input_meron_farm'

2018-11-26 18:58:25 - [MESSAGE][PASSED] - Text 'Farm 1' is set on object 'Object Repository/Backoffice/match_mgmt/meron_details/input_meron_farm'

2018-11-26 18:58:25 - [TEST_STEP][PASSED] - setText: Text 'Breed 1' is set on object 'Object Repository/Backoffice/match_mgmt/meron_details/input_meron_breed'

2018-11-26 18:58:25 - [MESSAGE][PASSED] - Text 'Breed 1' is set on object 'Object Repository/Backoffice/match_mgmt/meron_details/input_meron_breed'

2018-11-26 18:58:25 - [TEST_STEP][PASSED] - setText: Text 'Weight 1' is set on object 'Object Repository/Backoffice/match_mgmt/meron_details/input_meron_weight'

2018-11-26 18:58:25 - [MESSAGE][PASSED] - Text 'Weight 1' is set on object 'Object Repository/Backoffice/match_mgmt/meron_details/input_meron_weight'

2018-11-26 18:58:25 - [TEST_STEP][PASSED] - setText: Text 'BB' is set on object 'Object Repository/Backoffice/match_mgmt/wala_details/input_wala_name'

2018-11-26 18:58:25 - [MESSAGE][PASSED] - Text 'BB' is set on object 'Object Repository/Backoffice/match_mgmt/wala_details/input_wala_name'

2018-11-26 18:58:25 - [TEST_STEP][PASSED] - setText: Text 'Farm 2' is set on object 'Object Repository/Backoffice/match_mgmt/wala_details/input_wala_farm'

2018-11-26 18:58:25 - [MESSAGE][PASSED] - Text 'Farm 2' is set on object 'Object Repository/Backoffice/match_mgmt/wala_details/input_wala_farm'

2018-11-26 18:58:25 - [TEST_STEP][PASSED] - setText: Text 'Breed 2' is set on object 'Object Repository/Backoffice/match_mgmt/wala_details/input_wala_breed'

2018-11-26 18:58:25 - [MESSAGE][PASSED] - Text 'Breed 2' is set on object 'Object Repository/Backoffice/match_mgmt/wala_details/input_wala_breed'

2018-11-26 18:58:25 - [TEST_STEP][PASSED] - setText: Text 'Weight 2' is set on object 'Object Repository/Backoffice/match_mgmt/wala_details/input_wala_weight'

2018-11-26 18:58:25 - [MESSAGE][PASSED] - Text 'Weight 2' is set on object 'Object Repository/Backoffice/match_mgmt/wala_details/input_wala_weight'

2018-11-26 18:58:25 - [TEST_STEP][PASSED] - click: Object: 'Object Repository/Backoffice/match_mgmt/input_submit_match' is clicked on

2018-11-26 18:58:27 - [MESSAGE][PASSED] - Object: 'Object Repository/Backoffice/match_mgmt/input_submit_match' is clicked on

2018-11-26 18:58:27 - [TEST_STEP][PASSED] - delay: Delayed 1 second(s)

2018-11-26 18:58:28 - [MESSAGE][PASSED] - Delayed 1 second(s)

2018-11-26 18:58:28 - [TEST_STEP][PASSED] - click: Object: 'Object Repository/Backoffice/match_mgmt/button_create_match' is clicked on

2018-11-26 18:58:28 - [MESSAGE][PASSED] - Object: 'Object Repository/Backoffice/match_mgmt/button_create_match' is clicked on

2018-11-26 18:58:28 - [TEST_STEP][PASSED] - delay: Delayed 1 second(s)

2018-11-26 18:58:29 - [MESSAGE][PASSED] - Delayed 1 second(s)

2018-11-26 18:58:29 - [TEST_STEP][PASSED] - click: Object: 'Object Repository/Backoffice/match_mgmt/span_select_arena_name' is clicked on

2018-11-26 18:58:29 - [MESSAGE][PASSED] - Object: 'Object Repository/Backoffice/match_mgmt/span_select_arena_name' is clicked on

2018-11-26 18:58:29 - [TEST_STEP][PASSED] - setText: Text 'PASIG SQUARE GARDEN - PSG' is set on object 'Object Repository/Backoffice/match_mgmt/input__select2-search__arena_name'

2018-11-26 18:58:29 - [MESSAGE][PASSED] - Text 'PASIG SQUARE GARDEN - PSG' is set on object 'Object Repository/Backoffice/match_mgmt/input__select2-search__arena_name'

2018-11-26 18:58:29 - [TEST_STEP][PASSED] - sendKeys: Keys 'ENTER + ' sent to object: 'Object Repository/Backoffice/match_mgmt/input__select2-search__arena_name'

2018-11-26 18:58:29 - [MESSAGE][PASSED] - Keys 'ENTER + ' sent to object: 'Object Repository/Backoffice/match_mgmt/input__select2-search__arena_name'

2018-11-26 18:58:29 - [TEST_STEP][PASSED] - setText: Text 'AA' is set on object 'Object Repository/Backoffice/match_mgmt/meron_details/input_meron_name'

2018-11-26 18:58:30 - [MESSAGE][PASSED] - Text 'AA' is set on object 'Object Repository/Backoffice/match_mgmt/meron_details/input_meron_name'

2018-11-26 18:58:30 - [TEST_STEP][PASSED] - setText: Text 'Farm 1' is set on object 'Object Repository/Backoffice/match_mgmt/meron_details/input_meron_farm'

2018-11-26 18:58:30 - [MESSAGE][PASSED] - Text 'Farm 1' is set on object 'Object Repository/Backoffice/match_mgmt/meron_details/input_meron_farm'

2018-11-26 18:58:30 - [TEST_STEP][PASSED] - setText: Text 'Breed 1' is set on object 'Object Repository/Backoffice/match_mgmt/meron_details/input_meron_breed'

2018-11-26 18:58:30 - [MESSAGE][PASSED] - Text 'Breed 1' is set on object 'Object Repository/Backoffice/match_mgmt/meron_details/input_meron_breed'

2018-11-26 18:58:30 - [TEST_STEP][PASSED] - setText: Text 'Weight 1' is set on object 'Object Repository/Backoffice/match_mgmt/meron_details/input_meron_weight'

2018-11-26 18:58:30 - [MESSAGE][PASSED] - Text 'Weight 1' is set on object 'Object Repository/Backoffice/match_mgmt/meron_details/input_meron_weight'

2018-11-26 18:58:30 - [TEST_STEP][PASSED] - setText: Text 'BB' is set on object 'Object Repository/Backoffice/match_mgmt/wala_details/input_wala_name'

2018-11-26 18:58:30 - [MESSAGE][PASSED] - Text 'BB' is set on object 'Object Repository/Backoffice/match_mgmt/wala_details/input_wala_name'

2018-11-26 18:58:30 - [TEST_STEP][PASSED] - setText: Text 'Farm 2' is set on object 'Object Repository/Backoffice/match_mgmt/wala_details/input_wala_farm'

2018-11-26 18:58:30 - [MESSAGE][PASSED] - Text 'Farm 2' is set on object 'Object Repository/Backoffice/match_mgmt/wala_details/input_wala_farm'

2018-11-26 18:58:30 - [TEST_STEP][PASSED] - setText: Text 'Breed 2' is set on object 'Object Repository/Backoffice/match_mgmt/wala_details/input_wala_breed'

2018-11-26 18:58:30 - [MESSAGE][PASSED] - Text 'Breed 2' is set on object 'Object Repository/Backoffice/match_mgmt/wala_details/input_wala_breed'

2018-11-26 18:58:30 - [TEST_STEP][PASSED] - setText: Text 'Weight 2' is set on object 'Object Repository/Backoffice/match_mgmt/wala_details/input_wala_weight'

2018-11-26 18:58:30 - [MESSAGE][PASSED] - Text 'Weight 2' is set on object 'Object Repository/Backoffice/match_mgmt/wala_details/input_wala_weight'

2018-11-26 18:58:30 - [TEST_STEP][PASSED] - click: Object: 'Object Repository/Backoffice/match_mgmt/input_submit_match' is clicked on

2018-11-26 18:58:32 - [MESSAGE][PASSED] - Object: 'Object Repository/Backoffice/match_mgmt/input_submit_match' is clicked on

2018-11-26 18:58:32 - [TEST_STEP][PASSED] - delay: Delayed 1 second(s)

2018-11-26 18:58:33 - [MESSAGE][PASSED] - Delayed 1 second(s)

2018-11-26 18:58:33 - [TEST_STEP][PASSED] - click: Object: 'Object Repository/Backoffice/match_mgmt/button_create_match' is clicked on

2018-11-26 18:58:33 - [MESSAGE][PASSED] - Object: 'Object Repository/Backoffice/match_mgmt/button_create_match' is clicked on

2018-11-26 18:58:33 - [TEST_STEP][PASSED] - delay: Delayed 1 second(s)

2018-11-26 18:58:34 - [MESSAGE][PASSED] - Delayed 1 second(s)

2018-11-26 18:58:34 - [TEST_STEP][PASSED] - click: Object: 'Object Repository/Backoffice/match_mgmt/span_select_arena_name' is clicked on

2018-11-26 18:58:34 - [MESSAGE][PASSED] - Object: 'Object Repository/Backoffice/match_mgmt/span_select_arena_name' is clicked on

2018-11-26 18:58:34 - [TEST_STEP][PASSED] - setText: Text 'PASIG SQUARE GARDEN - PSG' is set on object 'Object Repository/Backoffice/match_mgmt/input__select2-search__arena_name'

2018-11-26 18:58:34 - [MESSAGE][PASSED] - Text 'PASIG SQUARE GARDEN - PSG' is set on object 'Object Repository/Backoffice/match_mgmt/input__select2-search__arena_name'

2018-11-26 18:58:34 - [TEST_STEP][PASSED] - sendKeys: Keys 'ENTER + ' sent to object: 'Object Repository/Backoffice/match_mgmt/input__select2-search__arena_name'

2018-11-26 18:58:34 - [MESSAGE][PASSED] - Keys 'ENTER + ' sent to object: 'Object Repository/Backoffice/match_mgmt/input__select2-search__arena_name'

2018-11-26 18:58:34 - [TEST_STEP][PASSED] - setText: Text 'AA' is set on object 'Object Repository/Backoffice/match_mgmt/meron_details/input_meron_name'

2018-11-26 18:58:34 - [MESSAGE][PASSED] - Text 'AA' is set on object 'Object Repository/Backoffice/match_mgmt/meron_details/input_meron_name'

2018-11-26 18:58:34 - [TEST_STEP][PASSED] - setText: Text 'Farm 1' is set on object 'Object Repository/Backoffice/match_mgmt/meron_details/input_meron_farm'

2018-11-26 18:58:35 - [MESSAGE][PASSED] - Text 'Farm 1' is set on object 'Object Repository/Backoffice/match_mgmt/meron_details/input_meron_farm'

2018-11-26 18:58:35 - [TEST_STEP][PASSED] - setText: Text 'Breed 1' is set on object 'Object Repository/Backoffice/match_mgmt/meron_details/input_meron_breed'

2018-11-26 18:58:35 - [MESSAGE][PASSED] - Text 'Breed 1' is set on object 'Object Repository/Backoffice/match_mgmt/meron_details/input_meron_breed'

2018-11-26 18:58:35 - [TEST_STEP][PASSED] - setText: Text 'Weight 1' is set on object 'Object Repository/Backoffice/match_mgmt/meron_details/input_meron_weight'

2018-11-26 18:58:35 - [MESSAGE][PASSED] - Text 'Weight 1' is set on object 'Object Repository/Backoffice/match_mgmt/meron_details/input_meron_weight'

2018-11-26 18:58:35 - [TEST_STEP][PASSED] - setText: Text 'BB' is set on object 'Object Repository/Backoffice/match_mgmt/wala_details/input_wala_name'

2018-11-26 18:58:35 - [MESSAGE][PASSED] - Text 'BB' is set on object 'Object Repository/Backoffice/match_mgmt/wala_details/input_wala_name'

2018-11-26 18:58:35 - [TEST_STEP][PASSED] - setText: Text 'Farm 2' is set on object 'Object Repository/Backoffice/match_mgmt/wala_details/input_wala_farm'

2018-11-26 18:58:35 - [MESSAGE][PASSED] - Text 'Farm 2' is set on object 'Object Repository/Backoffice/match_mgmt/wala_details/input_wala_farm'

2018-11-26 18:58:35 - [TEST_STEP][PASSED] - setText: Text 'Breed 2' is set on object 'Object Repository/Backoffice/match_mgmt/wala_details/input_wala_breed'

2018-11-26 18:58:35 - [MESSAGE][PASSED] - Text 'Breed 2' is set on object 'Object Repository/Backoffice/match_mgmt/wala_details/input_wala_breed'

2018-11-26 18:58:35 - [TEST_STEP][PASSED] - setText: Text 'Weight 2' is set on object 'Object Repository/Backoffice/match_mgmt/wala_details/input_wala_weight'

2018-11-26 18:58:35 - [MESSAGE][PASSED] - Text 'Weight 2' is set on object 'Object Repository/Backoffice/match_mgmt/wala_details/input_wala_weight'

2018-11-26 18:58:35 - [TEST_STEP][PASSED] - click: Object: 'Object Repository/Backoffice/match_mgmt/input_submit_match' is clicked on

2018-11-26 18:58:36 - [MESSAGE][PASSED] - Object: 'Object Repository/Backoffice/match_mgmt/input_submit_match' is clicked on

2018-11-26 18:58:36 - [TEST_STEP][PASSED] - delay: Delayed 1 second(s)

2018-11-26 18:58:37 - [MESSAGE][PASSED] - Delayed 1 second(s)

2018-11-26 18:58:37 - [TEST_STEP][PASSED] - click: Object: 'Object Repository/Backoffice/match_mgmt/button_create_match' is clicked on

2018-11-26 18:58:38 - [MESSAGE][PASSED] - Object: 'Object Repository/Backoffice/match_mgmt/button_create_match' is clicked on

2018-11-26 18:58:38 - [TEST_STEP][PASSED] - delay: Delayed 1 second(s)

2018-11-26 18:58:39 - [MESSAGE][PASSED] - Delayed 1 second(s)

2018-11-26 18:58:39 - [TEST_STEP][PASSED] - click: Object: 'Object Repository/Backoffice/match_mgmt/span_select_arena_name' is clicked on

2018-11-26 18:58:39 - [MESSAGE][PASSED] - Object: 'Object Repository/Backoffice/match_mgmt/span_select_arena_name' is clicked on

2018-11-26 18:58:39 - [TEST_STEP][PASSED] - setText: Text 'PASIG SQUARE GARDEN - PSG' is set on object 'Object Repository/Backoffice/match_mgmt/input__select2-search__arena_name'

2018-11-26 18:58:39 - [MESSAGE][PASSED] - Text 'PASIG SQUARE GARDEN - PSG' is set on object 'Object Repository/Backoffice/match_mgmt/input__select2-search__arena_name'

2018-11-26 18:58:39 - [TEST_STEP][PASSED] - sendKeys: Keys 'ENTER + ' sent to object: 'Object Repository/Backoffice/match_mgmt/input__select2-search__arena_name'

2018-11-26 18:58:39 - [MESSAGE][PASSED] - Keys 'ENTER + ' sent to object: 'Object Repository/Backoffice/match_mgmt/input__select2-search__arena_name'

2018-11-26 18:58:39 - [TEST_STEP][PASSED] - setText: Text 'AA' is set on object 'Object Repository/Backoffice/match_mgmt/meron_details/input_meron_name'

2018-11-26 18:58:39 - [MESSAGE][PASSED] - Text 'AA' is set on object 'Object Repository/Backoffice/match_mgmt/meron_details/input_meron_name'

2018-11-26 18:58:39 - [TEST_STEP][PASSED] - setText: Text 'Farm 1' is set on object 'Object Repository/Backoffice/match_mgmt/meron_details/input_meron_farm'

2018-11-26 18:58:39 - [MESSAGE][PASSED] - Text 'Farm 1' is set on object 'Object Repository/Backoffice/match_mgmt/meron_details/input_meron_farm'

2018-11-26 18:58:39 - [TEST_STEP][PASSED] - setText: Text 'Breed 1' is set on object 'Object Repository/Backoffice/match_mgmt/meron_details/input_meron_breed'

2018-11-26 18:58:39 - [MESSAGE][PASSED] - Text 'Breed 1' is set on object 'Object Repository/Backoffice/match_mgmt/meron_details/input_meron_breed'

2018-11-26 18:58:39 - [TEST_STEP][PASSED] - setText: Text 'Weight 1' is set on object 'Object Repository/Backoffice/match_mgmt/meron_details/input_meron_weight'

2018-11-26 18:58:40 - [MESSAGE][PASSED] - Text 'Weight 1' is set on object 'Object Repository/Backoffice/match_mgmt/meron_details/input_meron_weight'

2018-11-26 18:58:40 - [TEST_STEP][PASSED] - setText: Text 'BB' is set on object 'Object Repository/Backoffice/match_mgmt/wala_details/input_wala_name'

2018-11-26 18:58:40 - [MESSAGE][PASSED] - Text 'BB' is set on object 'Object Repository/Backoffice/match_mgmt/wala_details/input_wala_name'

2018-11-26 18:58:40 - [TEST_STEP][PASSED] - setText: Text 'Farm 2' is set on object 'Object Repository/Backoffice/match_mgmt/wala_details/input_wala_farm'

2018-11-26 18:58:40 - [MESSAGE][PASSED] - Text 'Farm 2' is set on object 'Object Repository/Backoffice/match_mgmt/wala_details/input_wala_farm'

2018-11-26 18:58:40 - [TEST_STEP][PASSED] - setText: Text 'Breed 2' is set on object 'Object Repository/Backoffice/match_mgmt/wala_details/input_wala_breed'

2018-11-26 18:58:40 - [MESSAGE][PASSED] - Text 'Breed 2' is set on object 'Object Repository/Backoffice/match_mgmt/wala_details/input_wala_breed'

2018-11-26 18:58:40 - [TEST_STEP][PASSED] - setText: Text 'Weight 2' is set on object 'Object Repository/Backoffice/match_mgmt/wala_details/input_wala_weight'

2018-11-26 18:58:40 - [MESSAGE][PASSED] - Text 'Weight 2' is set on object 'Object Repository/Backoffice/match_mgmt/wala_details/input_wala_weight'

2018-11-26 18:58:40 - [TEST_STEP][PASSED] - click: Object: 'Object Repository/Backoffice/match_mgmt/input_submit_match' is clicked on

2018-11-26 18:58:41 - [MESSAGE][PASSED] - Object: 'Object Repository/Backoffice/match_mgmt/input_submit_match' is clicked on

2018-11-26 18:58:41 - [TEST_STEP][PASSED] - delay: Delayed 1 second(s)

2018-11-26 18:58:42 - [MESSAGE][PASSED] - Delayed 1 second(s)

2018-11-26 18:58:42 - [TEST_STEP][PASSED] - click: Object: 'Object Repository/Backoffice/match_mgmt/button_create_match' is clicked on

2018-11-26 18:58:42 - [MESSAGE][PASSED] - Object: 'Object Repository/Backoffice/match_mgmt/button_create_match' is clicked on

2018-11-26 18:58:42 - [TEST_STEP][PASSED] - delay: Delayed 1 second(s)

2018-11-26 18:58:43 - [MESSAGE][PASSED] - Delayed 1 second(s)

2018-11-26 18:58:43 - [TEST_STEP][PASSED] - click: Object: 'Object Repository/Backoffice/match_mgmt/span_select_arena_name' is clicked on

2018-11-26 18:58:44 - [MESSAGE][PASSED] - Object: 'Object Repository/Backoffice/match_mgmt/span_select_arena_name' is clicked on

2018-11-26 18:58:44 - [TEST_STEP][PASSED] - setText: Text 'PASIG SQUARE GARDEN - PSG' is set on object 'Object Repository/Backoffice/match_mgmt/input__select2-search__arena_name'

2018-11-26 18:58:44 - [MESSAGE][PASSED] - Text 'PASIG SQUARE GARDEN - PSG' is set on object 'Object Repository/Backoffice/match_mgmt/input__select2-search__arena_name'

2018-11-26 18:58:44 - [TEST_STEP][PASSED] - sendKeys: Keys 'ENTER + ' sent to object: 'Object Repository/Backoffice/match_mgmt/input__select2-search__arena_name'

2018-11-26 18:58:44 - [MESSAGE][PASSED] - Keys 'ENTER + ' sent to object: 'Object Repository/Backoffice/match_mgmt/input__select2-search__arena_name'

2018-11-26 18:58:44 - [TEST_STEP][PASSED] - setText: Text 'AA' is set on object 'Object Repository/Backoffice/match_mgmt/meron_details/input_meron_name'

2018-11-26 18:58:44 - [MESSAGE][PASSED] - Text 'AA' is set on object 'Object Repository/Backoffice/match_mgmt/meron_details/input_meron_name'

2018-11-26 18:58:44 - [TEST_STEP][PASSED] - setText: Text 'Farm 1' is set on object 'Object Repository/Backoffice/match_mgmt/meron_details/input_meron_farm'

2018-11-26 18:58:44 - [MESSAGE][PASSED] - Text 'Farm 1' is set on object 'Object Repository/Backoffice/match_mgmt/meron_details/input_meron_farm'

2018-11-26 18:58:44 - [TEST_STEP][PASSED] - setText: Text 'Breed 1' is set on object 'Object Repository/Backoffice/match_mgmt/meron_details/input_meron_breed'

2018-11-26 18:58:44 - [MESSAGE][PASSED] - Text 'Breed 1' is set on object 'Object Repository/Backoffice/match_mgmt/meron_details/input_meron_breed'

2018-11-26 18:58:44 - [TEST_STEP][PASSED] - setText: Text 'Weight 1' is set on object 'Object Repository/Backoffice/match_mgmt/meron_details/input_meron_weight'

2018-11-26 18:58:45 - [MESSAGE][PASSED] - Text 'Weight 1' is set on object 'Object Repository/Backoffice/match_mgmt/meron_details/input_meron_weight'

2018-11-26 18:58:45 - [TEST_STEP][PASSED] - setText: Text 'BB' is set on object 'Object Repository/Backoffice/match_mgmt/wala_details/input_wala_name'

2018-11-26 18:58:45 - [MESSAGE][PASSED] - Text 'BB' is set on object 'Object Repository/Backoffice/match_mgmt/wala_details/input_wala_name'

2018-11-26 18:58:45 - [TEST_STEP][PASSED] - setText: Text 'Farm 2' is set on object 'Object Repository/Backoffice/match_mgmt/wala_details/input_wala_farm'

2018-11-26 18:58:45 - [MESSAGE][PASSED] - Text 'Farm 2' is set on object 'Object Repository/Backoffice/match_mgmt/wala_details/input_wala_farm'

2018-11-26 18:58:45 - [TEST_STEP][PASSED] - setText: Text 'Breed 2' is set on object 'Object Repository/Backoffice/match_mgmt/wala_details/input_wala_breed'

2018-11-26 18:58:45 - [MESSAGE][PASSED] - Text 'Breed 2' is set on object 'Object Repository/Backoffice/match_mgmt/wala_details/input_wala_breed'

2018-11-26 18:58:45 - [TEST_STEP][PASSED] - setText: Text 'Weight 2' is set on object 'Object Repository/Backoffice/match_mgmt/wala_details/input_wala_weight'

2018-11-26 18:58:45 - [MESSAGE][PASSED] - Text 'Weight 2' is set on object 'Object Repository/Backoffice/match_mgmt/wala_details/input_wala_weight'

2018-11-26 18:58:45 - [TEST_STEP][PASSED] - click: Object: 'Object Repository/Backoffice/match_mgmt/input_submit_match' is clicked on

2018-11-26 18:58:46 - [MESSAGE][PASSED] - Object: 'Object Repository/Backoffice/match_mgmt/input_submit_match' is clicked on

2018-11-26 18:58:46 - [TEST_STEP][PASSED] - delay: Delayed 1 second(s)

2018-11-26 18:58:47 - [MESSAGE][PASSED] - Delayed 1 second(s)

2018-11-26 18:58:47 - [TEST_STEP][PASSED] - click: Object: 'Object Repository/Backoffice/match_mgmt/button_create_match' is clicked on

2018-11-26 18:58:47 - [MESSAGE][PASSED] - Object: 'Object Repository/Backoffice/match_mgmt/button_create_match' is clicked on

2018-11-26 18:58:47 - [TEST_STEP][PASSED] - delay: Delayed 1 second(s)

2018-11-26 18:58:48 - [MESSAGE][PASSED] - Delayed 1 second(s)

2018-11-26 18:58:48 - [TEST_STEP][PASSED] - click: Object: 'Object Repository/Backoffice/match_mgmt/span_select_arena_name' is clicked on

2018-11-26 18:58:48 - [MESSAGE][PASSED] - Object: 'Object Repository/Backoffice/match_mgmt/span_select_arena_name' is clicked on

2018-11-26 18:58:48 - [TEST_STEP][PASSED] - setText: Text 'PASIG SQUARE GARDEN - PSG' is set on object 'Object Repository/Backoffice/match_mgmt/input__select2-search__arena_name'

2018-11-26 18:58:49 - [MESSAGE][PASSED] - Text 'PASIG SQUARE GARDEN - PSG' is set on object 'Object Repository/Backoffice/match_mgmt/input__select2-search__arena_name'

2018-11-26 18:58:49 - [TEST_STEP][PASSED] - sendKeys: Keys 'ENTER + ' sent to object: 'Object Repository/Backoffice/match_mgmt/input__select2-search__arena_name'

2018-11-26 18:58:49 - [MESSAGE][PASSED] - Keys 'ENTER + ' sent to object: 'Object Repository/Backoffice/match_mgmt/input__select2-search__arena_name'

2018-11-26 18:58:49 - [TEST_STEP][PASSED] - setText: Text 'AA' is set on object 'Object Repository/Backoffice/match_mgmt/meron_details/input_meron_name'

2018-11-26 18:58:49 - [MESSAGE][PASSED] - Text 'AA' is set on object 'Object Repository/Backoffice/match_mgmt/meron_details/input_meron_name'

2018-11-26 18:58:49 - [TEST_STEP][PASSED] - setText: Text 'Farm 1' is set on object 'Object Repository/Backoffice/match_mgmt/meron_details/input_meron_farm'

2018-11-26 18:58:49 - [MESSAGE][PASSED] - Text 'Farm 1' is set on object 'Object Repository/Backoffice/match_mgmt/meron_details/input_meron_farm'

2018-11-26 18:58:49 - [TEST_STEP][PASSED] - setText: Text 'Breed 1' is set on object 'Object Repository/Backoffice/match_mgmt/meron_details/input_meron_breed'

2018-11-26 18:58:49 - [MESSAGE][PASSED] - Text 'Breed 1' is set on object 'Object Repository/Backoffice/match_mgmt/meron_details/input_meron_breed'

2018-11-26 18:58:49 - [TEST_STEP][PASSED] - setText: Text 'Weight 1' is set on object 'Object Repository/Backoffice/match_mgmt/meron_details/input_meron_weight'

2018-11-26 18:58:49 - [MESSAGE][PASSED] - Text 'Weight 1' is set on object 'Object Repository/Backoffice/match_mgmt/meron_details/input_meron_weight'

2018-11-26 18:58:49 - [TEST_STEP][PASSED] - setText: Text 'BB' is set on object 'Object Repository/Backoffice/match_mgmt/wala_details/input_wala_name'

2018-11-26 18:58:49 - [MESSAGE][PASSED] - Text 'BB' is set on object 'Object Repository/Backoffice/match_mgmt/wala_details/input_wala_name'

2018-11-26 18:58:49 - [TEST_STEP][PASSED] - setText: Text 'Farm 2' is set on object 'Object Repository/Backoffice/match_mgmt/wala_details/input_wala_farm'

2018-11-26 18:58:49 - [MESSAGE][PASSED] - Text 'Farm 2' is set on object 'Object Repository/Backoffice/match_mgmt/wala_details/input_wala_farm'

2018-11-26 18:58:49 - [TEST_STEP][PASSED] - setText: Text 'Breed 2' is set on object 'Object Repository/Backoffice/match_mgmt/wala_details/input_wala_breed'

2018-11-26 18:58:50 - [MESSAGE][PASSED] - Text 'Breed 2' is set on object 'Object Repository/Backoffice/match_mgmt/wala_details/input_wala_breed'

2018-11-26 18:58:50 - [TEST_STEP][PASSED] - setText: Text 'Weight 2' is set on object 'Object Repository/Backoffice/match_mgmt/wala_details/input_wala_weight'

2018-11-26 18:58:50 - [MESSAGE][PASSED] - Text 'Weight 2' is set on object 'Object Repository/Backoffice/match_mgmt/wala_details/input_wala_weight'

2018-11-26 18:58:50 - [TEST_STEP][PASSED] - click: Object: 'Object Repository/Backoffice/match_mgmt/input_submit_match' is clicked on

2018-11-26 18:58:51 - [MESSAGE][PASSED] - Object: 'Object Repository/Backoffice/match_mgmt/input_submit_match' is clicked on

2018-11-26 18:58:51 - [TEST_STEP][PASSED] - delay: Delayed 1 second(s)

2018-11-26 18:58:52 - [MESSAGE][PASSED] - Delayed 1 second(s)

2018-11-26 18:58:52 - [TEST_STEP][PASSED] - click: Object: 'Object Repository/Backoffice/match_mgmt/button_create_match' is clicked on

2018-11-26 18:58:52 - [MESSAGE][PASSED] - Object: 'Object Repository/Backoffice/match_mgmt/button_create_match' is clicked on

2018-11-26 18:58:52 - [TEST_STEP][PASSED] - delay: Delayed 1 second(s)

2018-11-26 18:58:53 - [MESSAGE][PASSED] - Delayed 1 second(s)

2018-11-26 18:58:53 - [TEST_STEP][PASSED] - click: Object: 'Object Repository/Backoffice/match_mgmt/span_select_arena_name' is clicked on

2018-11-26 18:58:53 - [MESSAGE][PASSED] - Object: 'Object Repository/Backoffice/match_mgmt/span_select_arena_name' is clicked on

2018-11-26 18:58:53 - [TEST_STEP][PASSED] - setText: Text 'PASIG SQUARE GARDEN - PSG' is set on object 'Object Repository/Backoffice/match_mgmt/input__select2-search__arena_name'

2018-11-26 18:58:54 - [MESSAGE][PASSED] - Text 'PASIG SQUARE GARDEN - PSG' is set on object 'Object Repository/Backoffice/match_mgmt/input__select2-search__arena_name'

2018-11-26 18:58:54 - [TEST_STEP][PASSED] - sendKeys: Keys 'ENTER + ' sent to object: 'Object Repository/Backoffice/match_mgmt/input__select2-search__arena_name'

2018-11-26 18:58:54 - [MESSAGE][PASSED] - Keys 'ENTER + ' sent to object: 'Object Repository/Backoffice/match_mgmt/input__select2-search__arena_name'

2018-11-26 18:58:54 - [TEST_STEP][PASSED] - setText: Text 'AA' is set on object 'Object Repository/Backoffice/match_mgmt/meron_details/input_meron_name'

2018-11-26 18:58:54 - [MESSAGE][PASSED] - Text 'AA' is set on object 'Object Repository/Backoffice/match_mgmt/meron_details/input_meron_name'

2018-11-26 18:58:54 - [TEST_STEP][PASSED] - setText: Text 'Farm 1' is set on object 'Object Repository/Backoffice/match_mgmt/meron_details/input_meron_farm'

2018-11-26 18:58:54 - [MESSAGE][PASSED] - Text 'Farm 1' is set on object 'Object Repository/Backoffice/match_mgmt/meron_details/input_meron_farm'

2018-11-26 18:58:54 - [TEST_STEP][PASSED] - setText: Text 'Breed 1' is set on object 'Object Repository/Backoffice/match_mgmt/meron_details/input_meron_breed'

2018-11-26 18:58:54 - [MESSAGE][PASSED] - Text 'Breed 1' is set on object 'Object Repository/Backoffice/match_mgmt/meron_details/input_meron_breed'

2018-11-26 18:58:54 - [TEST_STEP][PASSED] - setText: Text 'Weight 1' is set on object 'Object Repository/Backoffice/match_mgmt/meron_details/input_meron_weight'

2018-11-26 18:58:54 - [MESSAGE][PASSED] - Text 'Weight 1' is set on object 'Object Repository/Backoffice/match_mgmt/meron_details/input_meron_weight'

2018-11-26 18:58:54 - [TEST_STEP][PASSED] - setText: Text 'BB' is set on object 'Object Repository/Backoffice/match_mgmt/wala_details/input_wala_name'

2018-11-26 18:58:54 - [MESSAGE][PASSED] - Text 'BB' is set on object 'Object Repository/Backoffice/match_mgmt/wala_details/input_wala_name'

2018-11-26 18:58:54 - [TEST_STEP][PASSED] - setText: Text 'Farm 2' is set on object 'Object Repository/Backoffice/match_mgmt/wala_details/input_wala_farm'

2018-11-26 18:58:55 - [MESSAGE][PASSED] - Text 'Farm 2' is set on object 'Object Repository/Backoffice/match_mgmt/wala_details/input_wala_farm'

2018-11-26 18:58:55 - [TEST_STEP][PASSED] - setText: Text 'Breed 2' is set on object 'Object Repository/Backoffice/match_mgmt/wala_details/input_wala_breed'

2018-11-26 18:58:55 - [MESSAGE][PASSED] - Text 'Breed 2' is set on object 'Object Repository/Backoffice/match_mgmt/wala_details/input_wala_breed'

2018-11-26 18:58:55 - [TEST_STEP][PASSED] - setText: Text 'Weight 2' is set on object 'Object Repository/Backoffice/match_mgmt/wala_details/input_wala_weight'

2018-11-26 18:58:55 - [MESSAGE][PASSED] - Text 'Weight 2' is set on object 'Object Repository/Backoffice/match_mgmt/wala_details/input_wala_weight'

2018-11-26 18:58:55 - [TEST_STEP][PASSED] - click: Object: 'Object Repository/Backoffice/match_mgmt/input_submit_match' is clicked on

2018-11-26 18:58:56 - [MESSAGE][PASSED] - Object: 'Object Repository/Backoffice/match_mgmt/input_submit_match' is clicked on

2018-11-26 18:58:56 - [TEST_STEP][PASSED] - delay: Delayed 1 second(s)

2018-11-26 18:58:57 - [MESSAGE][PASSED] - Delayed 1 second(s)

2018-11-26 18:58:57 - [TEST_STEP][PASSED] - click: Object: 'Object Repository/Backoffice/match_mgmt/button_create_match' is clicked on

2018-11-26 18:58:57 - [MESSAGE][PASSED] - Object: 'Object Repository/Backoffice/match_mgmt/button_create_match' is clicked on

2018-11-26 18:58:57 - [TEST_STEP][PASSED] - delay: Delayed 1 second(s)

2018-11-26 18:58:58 - [MESSAGE][PASSED] - Delayed 1 second(s)

2018-11-26 18:58:58 - [TEST_STEP][PASSED] - click: Object: 'Object Repository/Backoffice/match_mgmt/span_select_arena_name' is clicked on

2018-11-26 18:58:58 - [MESSAGE][PASSED] - Object: 'Object Repository/Backoffice/match_mgmt/span_select_arena_name' is clicked on

2018-11-26 18:58:58 - [TEST_STEP][PASSED] - setText: Text 'PASIG SQUARE GARDEN - PSG' is set on object 'Object Repository/Backoffice/match_mgmt/input__select2-search__arena_name'

2018-11-26 18:58:59 - [MESSAGE][PASSED] - Text 'PASIG SQUARE GARDEN - PSG' is set on object 'Object Repository/Backoffice/match_mgmt/input__select2-search__arena_name'

2018-11-26 18:58:59 - [TEST_STEP][PASSED] - sendKeys: Keys 'ENTER + ' sent to object: 'Object Repository/Backoffice/match_mgmt/input__select2-search__arena_name'

2018-11-26 18:58:59 - [MESSAGE][PASSED] - Keys 'ENTER + ' sent to object: 'Object Repository/Backoffice/match_mgmt/input__select2-search__arena_name'

2018-11-26 18:58:59 - [TEST_STEP][PASSED] - setText: Text 'AA' is set on object 'Object Repository/Backoffice/match_mgmt/meron_details/input_meron_name'

2018-11-26 18:58:59 - [MESSAGE][PASSED] - Text 'AA' is set on object 'Object Repository/Backoffice/match_mgmt/meron_details/input_meron_name'

2018-11-26 18:58:59 - [TEST_STEP][PASSED] - setText: Text 'Farm 1' is set on object 'Object Repository/Backoffice/match_mgmt/meron_details/input_meron_farm'

2018-11-26 18:58:59 - [MESSAGE][PASSED] - Text 'Farm 1' is set on object 'Object Repository/Backoffice/match_mgmt/meron_details/input_meron_farm'

2018-11-26 18:58:59 - [TEST_STEP][PASSED] - setText: Text 'Breed 1' is set on object 'Object Repository/Backoffice/match_mgmt/meron_details/input_meron_breed'

2018-11-26 18:58:59 - [MESSAGE][PASSED] - Text 'Breed 1' is set on object 'Object Repository/Backoffice/match_mgmt/meron_details/input_meron_breed'

2018-11-26 18:58:59 - [TEST_STEP][PASSED] - setText: Text 'Weight 1' is set on object 'Object Repository/Backoffice/match_mgmt/meron_details/input_meron_weight'

2018-11-26 18:58:59 - [MESSAGE][PASSED] - Text 'Weight 1' is set on object 'Object Repository/Backoffice/match_mgmt/meron_details/input_meron_weight'

2018-11-26 18:58:59 - [TEST_STEP][PASSED] - setText: Text 'BB' is set on object 'Object Repository/Backoffice/match_mgmt/wala_details/input_wala_name'

2018-11-26 18:58:59 - [MESSAGE][PASSED] - Text 'BB' is set on object 'Object Repository/Backoffice/match_mgmt/wala_details/input_wala_name'

2018-11-26 18:58:59 - [TEST_STEP][PASSED] - setText: Text 'Farm 2' is set on object 'Object Repository/Backoffice/match_mgmt/wala_details/input_wala_farm'

2018-11-26 18:58:59 - [MESSAGE][PASSED] - Text 'Farm 2' is set on object 'Object Repository/Backoffice/match_mgmt/wala_details/input_wala_farm'

2018-11-26 18:58:59 - [TEST_STEP][PASSED] - setText: Text 'Breed 2' is set on object 'Object Repository/Backoffice/match_mgmt/wala_details/input_wala_breed'

2018-11-26 18:58:59 - [MESSAGE][PASSED] - Text 'Breed 2' is set on object 'Object Repository/Backoffice/match_mgmt/wala_details/input_wala_breed'

2018-11-26 18:58:59 - [TEST_STEP][PASSED] - setText: Text 'Weight 2' is set on object 'Object Repository/Backoffice/match_mgmt/wala_details/input_wala_weight'

2018-11-26 18:59:00 - [MESSAGE][PASSED] - Text 'Weight 2' is set on object 'Object Repository/Backoffice/match_mgmt/wala_details/input_wala_weight'

2018-11-26 18:59:00 - [TEST_STEP][PASSED] - click: Object: 'Object Repository/Backoffice/match_mgmt/input_submit_match' is clicked on

2018-11-26 18:59:01 - [MESSAGE][PASSED] - Object: 'Object Repository/Backoffice/match_mgmt/input_submit_match' is clicked on

2018-11-26 18:59:01 - [TEST_STEP][PASSED] - delay: Delayed 1 second(s)

2018-11-26 18:59:02 - [MESSAGE][PASSED] - Delayed 1 second(s)

2018-11-26 18:59:02 - [TEST_STEP][PASSED] - click: Object: 'Object Repository/Backoffice/match_mgmt/button_create_match' is clicked on

2018-11-26 18:59:02 - [MESSAGE][PASSED] - Object: 'Object Repository/Backoffice/match_mgmt/button_create_match' is clicked on

2018-11-26 18:59:02 - [TEST_STEP][PASSED] - delay: Delayed 1 second(s)

2018-11-26 18:59:03 - [MESSAGE][PASSED] - Delayed 1 second(s)

2018-11-26 18:59:03 - [TEST_STEP][PASSED] - click: Object: 'Object Repository/Backoffice/match_mgmt/span_select_arena_name' is clicked on

2018-11-26 18:59:03 - [MESSAGE][PASSED] - Object: 'Object Repository/Backoffice/match_mgmt/span_select_arena_name' is clicked on

2018-11-26 18:59:03 - [TEST_STEP][PASSED] - setText: Text 'PASIG SQUARE GARDEN - PSG' is set on object 'Object Repository/Backoffice/match_mgmt/input__select2-search__arena_name'

2018-11-26 18:59:03 - [MESSAGE][PASSED] - Text 'PASIG SQUARE GARDEN - PSG' is set on object 'Object Repository/Backoffice/match_mgmt/input__select2-search__arena_name'

2018-11-26 18:59:03 - [TEST_STEP][PASSED] - sendKeys: Keys 'ENTER + ' sent to object: 'Object Repository/Backoffice/match_mgmt/input__select2-search__arena_name'

2018-11-26 18:59:03 - [MESSAGE][PASSED] - Keys 'ENTER + ' sent to object: 'Object Repository/Backoffice/match_mgmt/input__select2-search__arena_name'

2018-11-26 18:59:03 - [TEST_STEP][PASSED] - setText: Text 'AA' is set on object 'Object Repository/Backoffice/match_mgmt/meron_details/input_meron_name'

2018-11-26 18:59:03 - [MESSAGE][PASSED] - Text 'AA' is set on object 'Object Repository/Backoffice/match_mgmt/meron_details/input_meron_name'

2018-11-26 18:59:03 - [TEST_STEP][PASSED] - setText: Text 'Farm 1' is set on object 'Object Repository/Backoffice/match_mgmt/meron_details/input_meron_farm'

2018-11-26 18:59:04 - [MESSAGE][PASSED] - Text 'Farm 1' is set on object 'Object Repository/Backoffice/match_mgmt/meron_details/input_meron_farm'

2018-11-26 18:59:04 - [TEST_STEP][PASSED] - setText: Text 'Breed 1' is set on object 'Object Repository/Backoffice/match_mgmt/meron_details/input_meron_breed'

2018-11-26 18:59:04 - [MESSAGE][PASSED] - Text 'Breed 1' is set on object 'Object Repository/Backoffice/match_mgmt/meron_details/input_meron_breed'

2018-11-26 18:59:04 - [TEST_STEP][PASSED] - setText: Text 'Weight 1' is set on object 'Object Repository/Backoffice/match_mgmt/meron_details/input_meron_weight'

2018-11-26 18:59:04 - [MESSAGE][PASSED] - Text 'Weight 1' is set on object 'Object Repository/Backoffice/match_mgmt/meron_details/input_meron_weight'

2018-11-26 18:59:04 - [TEST_STEP][PASSED] - setText: Text 'BB' is set on object 'Object Repository/Backoffice/match_mgmt/wala_details/input_wala_name'

2018-11-26 18:59:04 - [MESSAGE][PASSED] - Text 'BB' is set on object 'Object Repository/Backoffice/match_mgmt/wala_details/input_wala_name'

2018-11-26 18:59:04 - [TEST_STEP][PASSED] - setText: Text 'Farm 2' is set on object 'Object Repository/Backoffice/match_mgmt/wala_details/input_wala_farm'

2018-11-26 18:59:04 - [MESSAGE][PASSED] - Text 'Farm 2' is set on object 'Object Repository/Backoffice/match_mgmt/wala_details/input_wala_farm'

2018-11-26 18:59:04 - [TEST_STEP][PASSED] - setText: Text 'Breed 2' is set on object 'Object Repository/Backoffice/match_mgmt/wala_details/input_wala_breed'

2018-11-26 18:59:04 - [MESSAGE][PASSED] - Text 'Breed 2' is set on object 'Object Repository/Backoffice/match_mgmt/wala_details/input_wala_breed'

2018-11-26 18:59:04 - [TEST_STEP][PASSED] - setText: Text 'Weight 2' is set on object 'Object Repository/Backoffice/match_mgmt/wala_details/input_wala_weight'

2018-11-26 18:59:04 - [MESSAGE][PASSED] - Text 'Weight 2' is set on object 'Object Repository/Backoffice/match_mgmt/wala_details/input_wala_weight'

2018-11-26 18:59:04 - [TEST_STEP][PASSED] - click: Object: 'Object Repository/Backoffice/match_mgmt/input_submit_match' is clicked on

2018-11-26 18:59:05 - [MESSAGE][PASSED] - Object: 'Object Repository/Backoffice/match_mgmt/input_submit_match' is clicked on

2018-11-26 18:59:05 - [TEST_STEP][PASSED] - delay: Delayed 1 second(s)

2018-11-26 18:59:06 - [MESSAGE][PASSED] - Delayed 1 second(s)

2018-11-26 18:59:06 - [TEST_STEP][PASSED] - click: Object: 'Object Repository/Backoffice/match_mgmt/button_create_match' is clicked on

2018-11-26 18:59:06 - [MESSAGE][PASSED] - Object: 'Object Repository/Backoffice/match_mgmt/button_create_match' is clicked on

2018-11-26 18:59:06 - [TEST_STEP][PASSED] - delay: Delayed 1 second(s)

2018-11-26 18:59:07 - [MESSAGE][PASSED] - Delayed 1 second(s)

2018-11-26 18:59:07 - [TEST_STEP][PASSED] - click: Object: 'Object Repository/Backoffice/match_mgmt/span_select_arena_name' is clicked on

2018-11-26 18:59:08 - [MESSAGE][PASSED] - Object: 'Object Repository/Backoffice/match_mgmt/span_select_arena_name' is clicked on

2018-11-26 18:59:08 - [TEST_STEP][PASSED] - setText: Text 'PASIG SQUARE GARDEN - PSG' is set on object 'Object Repository/Backoffice/match_mgmt/input__select2-search__arena_name'

2018-11-26 18:59:08 - [MESSAGE][PASSED] - Text 'PASIG SQUARE GARDEN - PSG' is set on object 'Object Repository/Backoffice/match_mgmt/input__select2-search__arena_name'

2018-11-26 18:59:08 - [TEST_STEP][PASSED] - sendKeys: Keys 'ENTER + ' sent to object: 'Object Repository/Backoffice/match_mgmt/input__select2-search__arena_name'

2018-11-26 18:59:08 - [MESSAGE][PASSED] - Keys 'ENTER + ' sent to object: 'Object Repository/Backoffice/match_mgmt/input__select2-search__arena_name'

2018-11-26 18:59:08 - [TEST_STEP][PASSED] - setText: Text 'AA' is set on object 'Object Repository/Backoffice/match_mgmt/meron_details/input_meron_name'

2018-11-26 18:59:08 - [MESSAGE][PASSED] - Text 'AA' is set on object 'Object Repository/Backoffice/match_mgmt/meron_details/input_meron_name'

2018-11-26 18:59:08 - [TEST_STEP][PASSED] - setText: Text 'Farm 1' is set on object 'Object Repository/Backoffice/match_mgmt/meron_details/input_meron_farm'

2018-11-26 18:59:08 - [MESSAGE][PASSED] - Text 'Farm 1' is set on object 'Object Repository/Backoffice/match_mgmt/meron_details/input_meron_farm'

2018-11-26 18:59:08 - [TEST_STEP][PASSED] - setText: Text 'Breed 1' is set on object 'Object Repository/Backoffice/match_mgmt/meron_details/input_meron_breed'

2018-11-26 18:59:08 - [MESSAGE][PASSED] - Text 'Breed 1' is set on object 'Object Repository/Backoffice/match_mgmt/meron_details/input_meron_breed'

2018-11-26 18:59:08 - [TEST_STEP][PASSED] - setText: Text 'Weight 1' is set on object 'Object Repository/Backoffice/match_mgmt/meron_details/input_meron_weight'

2018-11-26 18:59:08 - [MESSAGE][PASSED] - Text 'Weight 1' is set on object 'Object Repository/Backoffice/match_mgmt/meron_details/input_meron_weight'

2018-11-26 18:59:08 - [TEST_STEP][PASSED] - setText: Text 'BB' is set on object 'Object Repository/Backoffice/match_mgmt/wala_details/input_wala_name'

2018-11-26 18:59:08 - [MESSAGE][PASSED] - Text 'BB' is set on object 'Object Repository/Backoffice/match_mgmt/wala_details/input_wala_name'

2018-11-26 18:59:08 - [TEST_STEP][PASSED] - setText: Text 'Farm 2' is set on object 'Object Repository/Backoffice/match_mgmt/wala_details/input_wala_farm'

2018-11-26 18:59:09 - [MESSAGE][PASSED] - Text 'Farm 2' is set on object 'Object Repository/Backoffice/match_mgmt/wala_details/input_wala_farm'

2018-11-26 18:59:09 - [TEST_STEP][PASSED] - setText: Text 'Breed 2' is set on object 'Object Repository/Backoffice/match_mgmt/wala_details/input_wala_breed'

2018-11-26 18:59:09 - [MESSAGE][PASSED] - Text 'Breed 2' is set on object 'Object Repository/Backoffice/match_mgmt/wala_details/input_wala_breed'

2018-11-26 18:59:09 - [TEST_STEP][PASSED] - setText: Text 'Weight 2' is set on object 'Object Repository/Backoffice/match_mgmt/wala_details/input_wala_weight'

2018-11-26 18:59:09 - [MESSAGE][PASSED] - Text 'Weight 2' is set on object 'Object Repository/Backoffice/match_mgmt/wala_details/input_wala_weight'

2018-11-26 18:59:09 - [TEST_STEP][PASSED] - click: Object: 'Object Repository/Backoffice/match_mgmt/input_submit_match' is clicked on

2018-11-26 18:59:10 - [MESSAGE][PASSED] - Object: 'Object Repository/Backoffice/match_mgmt/input_submit_match' is clicked on

2018-11-26 18:59:10 - [TEST_STEP][PASSED] - delay: Delayed 1 second(s)

2018-11-26 18:59:11 - [MESSAGE][PASSED] - Delayed 1 second(s)

2018-11-26 18:59:11 - [TEST_STEP][PASSED] - click: Object: 'Object Repository/Backoffice/match_mgmt/button_create_match' is clicked on

2018-11-26 18:59:11 - [MESSAGE][PASSED] - Object: 'Object Repository/Backoffice/match_mgmt/button_create_match' is clicked on

2018-11-26 18:59:11 - [TEST_STEP][PASSED] - delay: Delayed 1 second(s)

2018-11-26 18:59:12 - [MESSAGE][PASSED] - Delayed 1 second(s)

2018-11-26 18:59:12 - [TEST_STEP][PASSED] - click: Object: 'Object Repository/Backoffice/match_mgmt/span_select_arena_name' is clicked on

2018-11-26 18:59:12 - [MESSAGE][PASSED] - Object: 'Object Repository/Backoffice/match_mgmt/span_select_arena_name' is clicked on

2018-11-26 18:59:12 - [TEST_STEP][PASSED] - setText: Text 'PASIG SQUARE GARDEN - PSG' is set on object 'Object Repository/Backoffice/match_mgmt/input__select2-search__arena_name'

2018-11-26 18:59:13 - [MESSAGE][PASSED] - Text 'PASIG SQUARE GARDEN - PSG' is set on object 'Object Repository/Backoffice/match_mgmt/input__select2-search__arena_name'

2018-11-26 18:59:13 - [TEST_STEP][PASSED] - sendKeys: Keys 'ENTER + ' sent to object: 'Object Repository/Backoffice/match_mgmt/input__select2-search__arena_name'

2018-11-26 18:59:13 - [MESSAGE][PASSED] - Keys 'ENTER + ' sent to object: 'Object Repository/Backoffice/match_mgmt/input__select2-search__arena_name'

2018-11-26 18:59:13 - [TEST_STEP][PASSED] - setText: Text 'AA' is set on object 'Object Repository/Backoffice/match_mgmt/meron_details/input_meron_name'

2018-11-26 18:59:13 - [MESSAGE][PASSED] - Text 'AA' is set on object 'Object Repository/Backoffice/match_mgmt/meron_details/input_meron_name'

2018-11-26 18:59:13 - [TEST_STEP][PASSED] - setText: Text 'Farm 1' is set on object 'Object Repository/Backoffice/match_mgmt/meron_details/input_meron_farm'

2018-11-26 18:59:13 - [MESSAGE][PASSED] - Text 'Farm 1' is set on object 'Object Repository/Backoffice/match_mgmt/meron_details/input_meron_farm'

2018-11-26 18:59:13 - [TEST_STEP][PASSED] - setText: Text 'Breed 1' is set on object 'Object Repository/Backoffice/match_mgmt/meron_details/input_meron_breed'

2018-11-26 18:59:13 - [MESSAGE][PASSED] - Text 'Breed 1' is set on object 'Object Repository/Backoffice/match_mgmt/meron_details/input_meron_breed'

2018-11-26 18:59:13 - [TEST_STEP][PASSED] - setText: Text 'Weight 1' is set on object 'Object Repository/Backoffice/match_mgmt/meron_details/input_meron_weight'

2018-11-26 18:59:13 - [MESSAGE][PASSED] - Text 'Weight 1' is set on object 'Object Repository/Backoffice/match_mgmt/meron_details/input_meron_weight'

2018-11-26 18:59:13 - [TEST_STEP][PASSED] - setText: Text 'BB' is set on object 'Object Repository/Backoffice/match_mgmt/wala_details/input_wala_name'

2018-11-26 18:59:13 - [MESSAGE][PASSED] - Text 'BB' is set on object 'Object Repository/Backoffice/match_mgmt/wala_details/input_wala_name'

2018-11-26 18:59:13 - [TEST_STEP][PASSED] - setText: Text 'Farm 2' is set on object 'Object Repository/Backoffice/match_mgmt/wala_details/input_wala_farm'

2018-11-26 18:59:13 - [MESSAGE][PASSED] - Text 'Farm 2' is set on object 'Object Repository/Backoffice/match_mgmt/wala_details/input_wala_farm'

2018-11-26 18:59:13 - [TEST_STEP][PASSED] - setText: Text 'Breed 2' is set on object 'Object Repository/Backoffice/match_mgmt/wala_details/input_wala_breed'

2018-11-26 18:59:14 - [MESSAGE][PASSED] - Text 'Breed 2' is set on object 'Object Repository/Backoffice/match_mgmt/wala_details/input_wala_breed'

2018-11-26 18:59:14 - [TEST_STEP][PASSED] - setText: Text 'Weight 2' is set on object 'Object Repository/Backoffice/match_mgmt/wala_details/input_wala_weight'

2018-11-26 18:59:14 - [MESSAGE][PASSED] - Text 'Weight 2' is set on object 'Object Repository/Backoffice/match_mgmt/wala_details/input_wala_weight'

2018-11-26 18:59:14 - [TEST_STEP][PASSED] - click: Object: 'Object Repository/Backoffice/match_mgmt/input_submit_match' is clicked on

2018-11-26 18:59:15 - [MESSAGE][PASSED] - Object: 'Object Repository/Backoffice/match_mgmt/input_submit_match' is clicked on

2018-11-26 18:59:15 - [TEST_STEP][PASSED] - delay: Delayed 1 second(s)

2018-11-26 18:59:16 - [MESSAGE][PASSED] - Delayed 1 second(s)

2018-11-26 18:59:16 - [TEST_STEP][PASSED] - click: Object: 'Object Repository/Backoffice/match_mgmt/button_create_match' is clicked on

2018-11-26 18:59:16 - [MESSAGE][PASSED] - Object: 'Object Repository/Backoffice/match_mgmt/button_create_match' is clicked on

2018-11-26 18:59:16 - [TEST_STEP][PASSED] - delay: Delayed 1 second(s)

2018-11-26 18:59:17 - [MESSAGE][PASSED] - Delayed 1 second(s)

2018-11-26 18:59:17 - [TEST_STEP][PASSED] - click: Object: 'Object Repository/Backoffice/match_mgmt/span_select_arena_name' is clicked on

2018-11-26 18:59:17 - [MESSAGE][PASSED] - Object: 'Object Repository/Backoffice/match_mgmt/span_select_arena_name' is clicked on

2018-11-26 18:59:17 - [TEST_STEP][PASSED] - setText: Text 'PASIG SQUARE GARDEN - PSG' is set on object 'Object Repository/Backoffice/match_mgmt/input__select2-search__arena_name'

2018-11-26 18:59:18 - [MESSAGE][PASSED] - Text 'PASIG SQUARE GARDEN - PSG' is set on object 'Object Repository/Backoffice/match_mgmt/input__select2-search__arena_name'

2018-11-26 18:59:18 - [TEST_STEP][PASSED] - sendKeys: Keys 'ENTER + ' sent to object: 'Object Repository/Backoffice/match_mgmt/input__select2-search__arena_name'

2018-11-26 18:59:18 - [MESSAGE][PASSED] - Keys 'ENTER + ' sent to object: 'Object Repository/Backoffice/match_mgmt/input__select2-search__arena_name'

2018-11-26 18:59:18 - [TEST_STEP][PASSED] - setText: Text 'AA' is set on object 'Object Repository/Backoffice/match_mgmt/meron_details/input_meron_name'

2018-11-26 18:59:18 - [MESSAGE][PASSED] - Text 'AA' is set on object 'Object Repository/Backoffice/match_mgmt/meron_details/input_meron_name'

2018-11-26 18:59:18 - [TEST_STEP][PASSED] - setText: Text 'Farm 1' is set on object 'Object Repository/Backoffice/match_mgmt/meron_details/input_meron_farm'

2018-11-26 18:59:18 - [MESSAGE][PASSED] - Text 'Farm 1' is set on object 'Object Repository/Backoffice/match_mgmt/meron_details/input_meron_farm'

2018-11-26 18:59:18 - [TEST_STEP][PASSED] - setText: Text 'Breed 1' is set on object 'Object Repository/Backoffice/match_mgmt/meron_details/input_meron_breed'

2018-11-26 18:59:18 - [MESSAGE][PASSED] - Text 'Breed 1' is set on object 'Object Repository/Backoffice/match_mgmt/meron_details/input_meron_breed'

2018-11-26 18:59:18 - [TEST_STEP][PASSED] - setText: Text 'Weight 1' is set on object 'Object Repository/Backoffice/match_mgmt/meron_details/input_meron_weight'

2018-11-26 18:59:18 - [MESSAGE][PASSED] - Text 'Weight 1' is set on object 'Object Repository/Backoffice/match_mgmt/meron_details/input_meron_weight'

2018-11-26 18:59:18 - [TEST_STEP][PASSED] - setText: Text 'BB' is set on object 'Object Repository/Backoffice/match_mgmt/wala_details/input_wala_name'

2018-11-26 18:59:18 - [MESSAGE][PASSED] - Text 'BB' is set on object 'Object Repository/Backoffice/match_mgmt/wala_details/input_wala_name'

2018-11-26 18:59:18 - [TEST_STEP][PASSED] - setText: Text 'Farm 2' is set on object 'Object Repository/Backoffice/match_mgmt/wala_details/input_wala_farm'

2018-11-26 18:59:18 - [MESSAGE][PASSED] - Text 'Farm 2' is set on object 'Object Repository/Backoffice/match_mgmt/wala_details/input_wala_farm'

2018-11-26 18:59:18 - [TEST_STEP][PASSED] - setText: Text 'Breed 2' is set on object 'Object Repository/Backoffice/match_mgmt/wala_details/input_wala_breed'

2018-11-26 18:59:18 - [MESSAGE][PASSED] - Text 'Breed 2' is set on object 'Object Repository/Backoffice/match_mgmt/wala_details/input_wala_breed'

2018-11-26 18:59:18 - [TEST_STEP][PASSED] - setText: Text 'Weight 2' is set on object 'Object Repository/Backoffice/match_mgmt/wala_details/input_wala_weight'

2018-11-26 18:59:18 - [MESSAGE][PASSED] - Text 'Weight 2' is set on object 'Object Repository/Backoffice/match_mgmt/wala_details/input_wala_weight'

2018-11-26 18:59:18 - [TEST_STEP][PASSED] - click: Object: 'Object Repository/Backoffice/match_mgmt/input_submit_match' is clicked on

2018-11-26 18:59:20 - [MESSAGE][PASSED] - Object: 'Object Repository/Backoffice/match_mgmt/input_submit_match' is clicked on

2018-11-26 18:59:20 - [TEST_STEP][PASSED] - delay: Delayed 1 second(s)

2018-11-26 18:59:21 - [MESSAGE][PASSED] - Delayed 1 second(s)

2018-11-26 18:59:21 - [TEST_STEP][PASSED] - click: Object: 'Object Repository/Backoffice/match_mgmt/button_create_match' is clicked on

2018-11-26 18:59:21 - [MESSAGE][PASSED] - Object: 'Object Repository/Backoffice/match_mgmt/button_create_match' is clicked on

2018-11-26 18:59:21 - [TEST_STEP][PASSED] - delay: Delayed 1 second(s)

2018-11-26 18:59:22 - [MESSAGE][PASSED] - Delayed 1 second(s)

2018-11-26 18:59:22 - [TEST_STEP][PASSED] - click: Object: 'Object Repository/Backoffice/match_mgmt/span_select_arena_name' is clicked on

2018-11-26 18:59:22 - [MESSAGE][PASSED] - Object: 'Object Repository/Backoffice/match_mgmt/span_select_arena_name' is clicked on

2018-11-26 18:59:22 - [TEST_STEP][PASSED] - setText: Text 'PASIG SQUARE GARDEN - PSG' is set on object 'Object Repository/Backoffice/match_mgmt/input__select2-search__arena_name'

2018-11-26 18:59:22 - [MESSAGE][PASSED] - Text 'PASIG SQUARE GARDEN - PSG' is set on object 'Object Repository/Backoffice/match_mgmt/input__select2-search__arena_name'

2018-11-26 18:59:22 - [TEST_STEP][PASSED] - sendKeys: Keys 'ENTER + ' sent to object: 'Object Repository/Backoffice/match_mgmt/input__select2-search__arena_name'

2018-11-26 18:59:22 - [MESSAGE][PASSED] - Keys 'ENTER + ' sent to object: 'Object Repository/Backoffice/match_mgmt/input__select2-search__arena_name'

2018-11-26 18:59:22 - [TEST_STEP][PASSED] - setText: Text 'AA' is set on object 'Object Repository/Backoffice/match_mgmt/meron_details/input_meron_name'

2018-11-26 18:59:22 - [MESSAGE][PASSED] - Text 'AA' is set on object 'Object Repository/Backoffice/match_mgmt/meron_details/input_meron_name'

2018-11-26 18:59:22 - [TEST_STEP][PASSED] - setText: Text 'Farm 1' is set on object 'Object Repository/Backoffice/match_mgmt/meron_details/input_meron_farm'

2018-11-26 18:59:22 - [MESSAGE][PASSED] - Text 'Farm 1' is set on object 'Object Repository/Backoffice/match_mgmt/meron_details/input_meron_farm'

2018-11-26 18:59:22 - [TEST_STEP][PASSED] - setText: Text 'Breed 1' is set on object 'Object Repository/Backoffice/match_mgmt/meron_details/input_meron_breed'

2018-11-26 18:59:23 - [MESSAGE][PASSED] - Text 'Breed 1' is set on object 'Object Repository/Backoffice/match_mgmt/meron_details/input_meron_breed'

2018-11-26 18:59:23 - [TEST_STEP][PASSED] - setText: Text 'Weight 1' is set on object 'Object Repository/Backoffice/match_mgmt/meron_details/input_meron_weight'

2018-11-26 18:59:23 - [MESSAGE][PASSED] - Text 'Weight 1' is set on object 'Object Repository/Backoffice/match_mgmt/meron_details/input_meron_weight'

2018-11-26 18:59:23 - [TEST_STEP][PASSED] - setText: Text 'BB' is set on object 'Object Repository/Backoffice/match_mgmt/wala_details/input_wala_name'

2018-11-26 18:59:23 - [MESSAGE][PASSED] - Text 'BB' is set on object 'Object Repository/Backoffice/match_mgmt/wala_details/input_wala_name'

2018-11-26 18:59:23 - [TEST_STEP][PASSED] - setText: Text 'Farm 2' is set on object 'Object Repository/Backoffice/match_mgmt/wala_details/input_wala_farm'

2018-11-26 18:59:23 - [MESSAGE][PASSED] - Text 'Farm 2' is set on object 'Object Repository/Backoffice/match_mgmt/wala_details/input_wala_farm'

2018-11-26 18:59:23 - [TEST_STEP][PASSED] - setText: Text 'Breed 2' is set on object 'Object Repository/Backoffice/match_mgmt/wala_details/input_wala_breed'

2018-11-26 18:59:23 - [MESSAGE][PASSED] - Text 'Breed 2' is set on object 'Object Repository/Backoffice/match_mgmt/wala_details/input_wala_breed'

2018-11-26 18:59:23 - [TEST_STEP][PASSED] - setText: Text 'Weight 2' is set on object 'Object Repository/Backoffice/match_mgmt/wala_details/input_wala_weight'

2018-11-26 18:59:23 - [MESSAGE][PASSED] - Text 'Weight 2' is set on object 'Object Repository/Backoffice/match_mgmt/wala_details/input_wala_weight'

2018-11-26 18:59:23 - [TEST_STEP][PASSED] - click: Object: 'Object Repository/Backoffice/match_mgmt/input_submit_match' is clicked on

2018-11-26 18:59:24 - [MESSAGE][PASSED] - Object: 'Object Repository/Backoffice/match_mgmt/input_submit_match' is clicked on

2018-11-26 18:59:24 - [TEST_STEP][PASSED] - delay: Delayed 1 second(s)

2018-11-26 18:59:25 - [MESSAGE][PASSED] - Delayed 1 second(s)

2018-11-26 18:59:25 - [TEST_STEP][PASSED] - click: Object: 'Object Repository/Backoffice/match_mgmt/button_create_match' is clicked on

2018-11-26 18:59:26 - [MESSAGE][PASSED] - Object: 'Object Repository/Backoffice/match_mgmt/button_create_match' is clicked on

2018-11-26 18:59:26 - [TEST_STEP][PASSED] - delay: Delayed 1 second(s)

2018-11-26 18:59:27 - [MESSAGE][PASSED] - Delayed 1 second(s)

2018-11-26 18:59:27 - [TEST_STEP][PASSED] - click: Object: 'Object Repository/Backoffice/match_mgmt/span_select_arena_name' is clicked on

2018-11-26 18:59:27 - [MESSAGE][PASSED] - Object: 'Object Repository/Backoffice/match_mgmt/span_select_arena_name' is clicked on

2018-11-26 18:59:27 - [TEST_STEP][PASSED] - setText: Text 'PASIG SQUARE GARDEN - PSG' is set on object 'Object Repository/Backoffice/match_mgmt/input__select2-search__arena_name'

2018-11-26 18:59:27 - [MESSAGE][PASSED] - Text 'PASIG SQUARE GARDEN - PSG' is set on object 'Object Repository/Backoffice/match_mgmt/input__select2-search__arena_name'

2018-11-26 18:59:27 - [TEST_STEP][PASSED] - sendKeys: Keys 'ENTER + ' sent to object: 'Object Repository/Backoffice/match_mgmt/input__select2-search__arena_name'

2018-11-26 18:59:27 - [MESSAGE][PASSED] - Keys 'ENTER + ' sent to object: 'Object Repository/Backoffice/match_mgmt/input__select2-search__arena_name'

2018-11-26 18:59:27 - [TEST_STEP][PASSED] - setText: Text 'AA' is set on object 'Object Repository/Backoffice/match_mgmt/meron_details/input_meron_name'

2018-11-26 18:59:27 - [MESSAGE][PASSED] - Text 'AA' is set on object 'Object Repository/Backoffice/match_mgmt/meron_details/input_meron_name'

2018-11-26 18:59:27 - [TEST_STEP][PASSED] - setText: Text 'Farm 1' is set on object 'Object Repository/Backoffice/match_mgmt/meron_details/input_meron_farm'

2018-11-26 18:59:27 - [MESSAGE][PASSED] - Text 'Farm 1' is set on object 'Object Repository/Backoffice/match_mgmt/meron_details/input_meron_farm'

2018-11-26 18:59:27 - [TEST_STEP][PASSED] - setText: Text 'Breed 1' is set on object 'Object Repository/Backoffice/match_mgmt/meron_details/input_meron_breed'

2018-11-26 18:59:27 - [MESSAGE][PASSED] - Text 'Breed 1' is set on object 'Object Repository/Backoffice/match_mgmt/meron_details/input_meron_breed'

2018-11-26 18:59:27 - [TEST_STEP][PASSED] - setText: Text 'Weight 1' is set on object 'Object Repository/Backoffice/match_mgmt/meron_details/input_meron_weight'

2018-11-26 18:59:28 - [MESSAGE][PASSED] - Text 'Weight 1' is set on object 'Object Repository/Backoffice/match_mgmt/meron_details/input_meron_weight'

2018-11-26 18:59:28 - [TEST_STEP][PASSED] - setText: Text 'BB' is set on object 'Object Repository/Backoffice/match_mgmt/wala_details/input_wala_name'

2018-11-26 18:59:28 - [MESSAGE][PASSED] - Text 'BB' is set on object 'Object Repository/Backoffice/match_mgmt/wala_details/input_wala_name'

2018-11-26 18:59:28 - [TEST_STEP][PASSED] - setText: Text 'Farm 2' is set on object 'Object Repository/Backoffice/match_mgmt/wala_details/input_wala_farm'

2018-11-26 18:59:28 - [MESSAGE][PASSED] - Text 'Farm 2' is set on object 'Object Repository/Backoffice/match_mgmt/wala_details/input_wala_farm'

2018-11-26 18:59:28 - [TEST_STEP][PASSED] - setText: Text 'Breed 2' is set on object 'Object Repository/Backoffice/match_mgmt/wala_details/input_wala_breed'

2018-11-26 18:59:28 - [MESSAGE][PASSED] - Text 'Breed 2' is set on object 'Object Repository/Backoffice/match_mgmt/wala_details/input_wala_breed'

2018-11-26 18:59:28 - [TEST_STEP][PASSED] - setText: Text 'Weight 2' is set on object 'Object Repository/Backoffice/match_mgmt/wala_details/input_wala_weight'

2018-11-26 18:59:28 - [MESSAGE][PASSED] - Text 'Weight 2' is set on object 'Object Repository/Backoffice/match_mgmt/wala_details/input_wala_weight'

2018-11-26 18:59:28 - [TEST_STEP][PASSED] - click: Object: 'Object Repository/Backoffice/match_mgmt/input_submit_match' is clicked on

2018-11-26 18:59:29 - [MESSAGE][PASSED] - Object: 'Object Repository/Backoffice/match_mgmt/input_submit_match' is clicked on

2018-11-26 18:59:29 - [TEST_STEP][PASSED] - delay: Delayed 1 second(s)

2018-11-26 18:59:30 - [MESSAGE][PASSED] - Delayed 1 second(s)

2018-11-26 18:59:30 - [TEST_STEP][PASSED] - click: Object: 'Object Repository/Backoffice/match_mgmt/button_create_match' is clicked on

2018-11-26 18:59:30 - [MESSAGE][PASSED] - Object: 'Object Repository/Backoffice/match_mgmt/button_create_match' is clicked on

2018-11-26 18:59:30 - [TEST_STEP][PASSED] - delay: Delayed 1 second(s)

2018-11-26 18:59:31 - [MESSAGE][PASSED] - Delayed 1 second(s)

2018-11-26 18:59:31 - [TEST_STEP][PASSED] - click: Object: 'Object Repository/Backoffice/match_mgmt/span_select_arena_name' is clicked on

2018-11-26 18:59:32 - [MESSAGE][PASSED] - Object: 'Object Repository/Backoffice/match_mgmt/span_select_arena_name' is clicked on

2018-11-26 18:59:32 - [TEST_STEP][PASSED] - setText: Text 'PASIG SQUARE GARDEN - PSG' is set on object 'Object Repository/Backoffice/match_mgmt/input__select2-search__arena_name'

2018-11-26 18:59:32 - [MESSAGE][PASSED] - Text 'PASIG SQUARE GARDEN - PSG' is set on object 'Object Repository/Backoffice/match_mgmt/input__select2-search__arena_name'

2018-11-26 18:59:32 - [TEST_STEP][PASSED] - sendKeys: Keys 'ENTER + ' sent to object: 'Object Repository/Backoffice/match_mgmt/input__select2-search__arena_name'

2018-11-26 18:59:32 - [MESSAGE][PASSED] - Keys 'ENTER + ' sent to object: 'Object Repository/Backoffice/match_mgmt/input__select2-search__arena_name'

2018-11-26 18:59:32 - [TEST_STEP][PASSED] - setText: Text 'AA' is set on object 'Object Repository/Backoffice/match_mgmt/meron_details/input_meron_name'

2018-11-26 18:59:32 - [MESSAGE][PASSED] - Text 'AA' is set on object 'Object Repository/Backoffice/match_mgmt/meron_details/input_meron_name'

2018-11-26 18:59:32 - [TEST_STEP][PASSED] - setText: Text 'Farm 1' is set on object 'Object Repository/Backoffice/match_mgmt/meron_details/input_meron_farm'

2018-11-26 18:59:32 - [MESSAGE][PASSED] - Text 'Farm 1' is set on object 'Object Repository/Backoffice/match_mgmt/meron_details/input_meron_farm'

2018-11-26 18:59:32 - [TEST_STEP][PASSED] - setText: Text 'Breed 1' is set on object 'Object Repository/Backoffice/match_mgmt/meron_details/input_meron_breed'

2018-11-26 18:59:32 - [MESSAGE][PASSED] - Text 'Breed 1' is set on object 'Object Repository/Backoffice/match_mgmt/meron_details/input_meron_breed'

2018-11-26 18:59:32 - [TEST_STEP][PASSED] - setText: Text 'Weight 1' is set on object 'Object Repository/Backoffice/match_mgmt/meron_details/input_meron_weight'

2018-11-26 18:59:32 - [MESSAGE][PASSED] - Text 'Weight 1' is set on object 'Object Repository/Backoffice/match_mgmt/meron_details/input_meron_weight'

2018-11-26 18:59:32 - [TEST_STEP][PASSED] - setText: Text 'BB' is set on object 'Object Repository/Backoffice/match_mgmt/wala_details/input_wala_name'

2018-11-26 18:59:33 - [MESSAGE][PASSED] - Text 'BB' is set on object 'Object Repository/Backoffice/match_mgmt/wala_details/input_wala_name'

2018-11-26 18:59:33 - [TEST_STEP][PASSED] - setText: Text 'Farm 2' is set on object 'Object Repository/Backoffice/match_mgmt/wala_details/input_wala_farm'

2018-11-26 18:59:33 - [MESSAGE][PASSED] - Text 'Farm 2' is set on object 'Object Repository/Backoffice/match_mgmt/wala_details/input_wala_farm'

2018-11-26 18:59:33 - [TEST_STEP][PASSED] - setText: Text 'Breed 2' is set on object 'Object Repository/Backoffice/match_mgmt/wala_details/input_wala_breed'

2018-11-26 18:59:33 - [MESSAGE][PASSED] - Text 'Breed 2' is set on object 'Object Repository/Backoffice/match_mgmt/wala_details/input_wala_breed'

2018-11-26 18:59:33 - [TEST_STEP][PASSED] - setText: Text 'Weight 2' is set on object 'Object Repository/Backoffice/match_mgmt/wala_details/input_wala_weight'

2018-11-26 18:59:33 - [MESSAGE][PASSED] - Text 'Weight 2' is set on object 'Object Repository/Backoffice/match_mgmt/wala_details/input_wala_weight'

2018-11-26 18:59:33 - [TEST_STEP][PASSED] - click: Object: 'Object Repository/Backoffice/match_mgmt/input_submit_match' is clicked on

2018-11-26 18:59:34 - [MESSAGE][PASSED] - Object: 'Object Repository/Backoffice/match_mgmt/input_submit_match' is clicked on

2018-11-26 18:59:34 - [TEST_STEP][PASSED] - delay: Delayed 1 second(s)

2018-11-26 18:59:35 - [MESSAGE][PASSED] - Delayed 1 second(s)

2018-11-26 18:59:35 - [TEST_STEP][PASSED] - click: Object: 'Object Repository/Backoffice/match_mgmt/button_create_match' is clicked on

2018-11-26 18:59:35 - [MESSAGE][PASSED] - Object: 'Object Repository/Backoffice/match_mgmt/button_create_match' is clicked on

2018-11-26 18:59:35 - [TEST_STEP][PASSED] - delay: Delayed 1 second(s)

2018-11-26 18:59:36 - [MESSAGE][PASSED] - Delayed 1 second(s)

2018-11-26 18:59:36 - [TEST_STEP][PASSED] - click: Object: 'Object Repository/Backoffice/match_mgmt/span_select_arena_name' is clicked on

2018-11-26 18:59:36 - [MESSAGE][PASSED] - Object: 'Object Repository/Backoffice/match_mgmt/span_select_arena_name' is clicked on

2018-11-26 18:59:36 - [TEST_STEP][PASSED] - setText: Text 'PASIG SQUARE GARDEN - PSG' is set on object 'Object Repository/Backoffice/match_mgmt/input__select2-search__arena_name'

2018-11-26 18:59:37 - [MESSAGE][PASSED] - Text 'PASIG SQUARE GARDEN - PSG' is set on object 'Object Repository/Backoffice/match_mgmt/input__select2-search__arena_name'

2018-11-26 18:59:37 - [TEST_STEP][PASSED] - sendKeys: Keys 'ENTER + ' sent to object: 'Object Repository/Backoffice/match_mgmt/input__select2-search__arena_name'

2018-11-26 18:59:37 - [MESSAGE][PASSED] - Keys 'ENTER + ' sent to object: 'Object Repository/Backoffice/match_mgmt/input__select2-search__arena_name'

2018-11-26 18:59:37 - [TEST_STEP][PASSED] - setText: Text 'AA' is set on object 'Object Repository/Backoffice/match_mgmt/meron_details/input_meron_name'

2018-11-26 18:59:37 - [MESSAGE][PASSED] - Text 'AA' is set on object 'Object Repository/Backoffice/match_mgmt/meron_details/input_meron_name'

2018-11-26 18:59:37 - [TEST_STEP][PASSED] - setText: Text 'Farm 1' is set on object 'Object Repository/Backoffice/match_mgmt/meron_details/input_meron_farm'

2018-11-26 18:59:37 - [MESSAGE][PASSED] - Text 'Farm 1' is set on object 'Object Repository/Backoffice/match_mgmt/meron_details/input_meron_farm'

2018-11-26 18:59:37 - [TEST_STEP][PASSED] - setText: Text 'Breed 1' is set on object 'Object Repository/Backoffice/match_mgmt/meron_details/input_meron_breed'

2018-11-26 18:59:37 - [MESSAGE][PASSED] - Text 'Breed 1' is set on object 'Object Repository/Backoffice/match_mgmt/meron_details/input_meron_breed'

2018-11-26 18:59:37 - [TEST_STEP][PASSED] - setText: Text 'Weight 1' is set on object 'Object Repository/Backoffice/match_mgmt/meron_details/input_meron_weight'

2018-11-26 18:59:37 - [MESSAGE][PASSED] - Text 'Weight 1' is set on object 'Object Repository/Backoffice/match_mgmt/meron_details/input_meron_weight'

2018-11-26 18:59:37 - [TEST_STEP][PASSED] - setText: Text 'BB' is set on object 'Object Repository/Backoffice/match_mgmt/wala_details/input_wala_name'

2018-11-26 18:59:37 - [MESSAGE][PASSED] - Text 'BB' is set on object 'Object Repository/Backoffice/match_mgmt/wala_details/input_wala_name'

2018-11-26 18:59:37 - [TEST_STEP][PASSED] - setText: Text 'Farm 2' is set on object 'Object Repository/Backoffice/match_mgmt/wala_details/input_wala_farm'

2018-11-26 18:59:37 - [MESSAGE][PASSED] - Text 'Farm 2' is set on object 'Object Repository/Backoffice/match_mgmt/wala_details/input_wala_farm'

2018-11-26 18:59:37 - [TEST_STEP][PASSED] - setText: Text 'Breed 2' is set on object 'Object Repository/Backoffice/match_mgmt/wala_details/input_wala_breed'

2018-11-26 18:59:38 - [MESSAGE][PASSED] - Text 'Breed 2' is set on object 'Object Repository/Backoffice/match_mgmt/wala_details/input_wala_breed'

2018-11-26 18:59:38 - [TEST_STEP][PASSED] - setText: Text 'Weight 2' is set on object 'Object Repository/Backoffice/match_mgmt/wala_details/input_wala_weight'

2018-11-26 18:59:38 - [MESSAGE][PASSED] - Text 'Weight 2' is set on object 'Object Repository/Backoffice/match_mgmt/wala_details/input_wala_weight'

2018-11-26 18:59:38 - [TEST_STEP][PASSED] - click: Object: 'Object Repository/Backoffice/match_mgmt/input_submit_match' is clicked on

2018-11-26 18:59:39 - [MESSAGE][PASSED] - Object: 'Object Repository/Backoffice/match_mgmt/input_submit_match' is clicked on

2018-11-26 18:59:39 - [TEST_STEP][PASSED] - delay: Delayed 1 second(s)

2018-11-26 18:59:40 - [MESSAGE][PASSED] - Delayed 1 second(s)

2018-11-26 18:59:40 - [TEST_STEP][PASSED] - click: Object: 'Object Repository/Backoffice/match_mgmt/button_create_match' is clicked on

2018-11-26 18:59:40 - [MESSAGE][PASSED] - Object: 'Object Repository/Backoffice/match_mgmt/button_create_match' is clicked on

2018-11-26 18:59:40 - [TEST_STEP][PASSED] - delay: Delayed 1 second(s)

2018-11-26 18:59:41 - [MESSAGE][PASSED] - Delayed 1 second(s)

2018-11-26 18:59:41 - [TEST_STEP][PASSED] - click: Object: 'Object Repository/Backoffice/match_mgmt/span_select_arena_name' is clicked on

2018-11-26 18:59:41 - [MESSAGE][PASSED] - Object: 'Object Repository/Backoffice/match_mgmt/span_select_arena_name' is clicked on

2018-11-26 18:59:41 - [TEST_STEP][PASSED] - setText: Text 'PASIG SQUARE GARDEN - PSG' is set on object 'Object Repository/Backoffice/match_mgmt/input__select2-search__arena_name'

2018-11-26 18:59:41 - [MESSAGE][PASSED] - Text 'PASIG SQUARE GARDEN - PSG' is set on object 'Object Repository/Backoffice/match_mgmt/input__select2-search__arena_name'

2018-11-26 18:59:41 - [TEST_STEP][PASSED] - sendKeys: Keys 'ENTER + ' sent to object: 'Object Repository/Backoffice/match_mgmt/input__select2-search__arena_name'

2018-11-26 18:59:42 - [MESSAGE][PASSED] - Keys 'ENTER + ' sent to object: 'Object Repository/Backoffice/match_mgmt/input__select2-search__arena_name'

2018-11-26 18:59:42 - [TEST_STEP][PASSED] - setText: Text 'AA' is set on object 'Object Repository/Backoffice/match_mgmt/meron_details/input_meron_name'

2018-11-26 18:59:42 - [MESSAGE][PASSED] - Text 'AA' is set on object 'Object Repository/Backoffice/match_mgmt/meron_details/input_meron_name'

2018-11-26 18:59:42 - [TEST_STEP][PASSED] - setText: Text 'Farm 1' is set on object 'Object Repository/Backoffice/match_mgmt/meron_details/input_meron_farm'

2018-11-26 18:59:42 - [MESSAGE][PASSED] - Text 'Farm 1' is set on object 'Object Repository/Backoffice/match_mgmt/meron_details/input_meron_farm'

2018-11-26 18:59:42 - [TEST_STEP][PASSED] - setText: Text 'Breed 1' is set on object 'Object Repository/Backoffice/match_mgmt/meron_details/input_meron_breed'

2018-11-26 18:59:42 - [MESSAGE][PASSED] - Text 'Breed 1' is set on object 'Object Repository/Backoffice/match_mgmt/meron_details/input_meron_breed'

2018-11-26 18:59:42 - [TEST_STEP][PASSED] - setText: Text 'Weight 1' is set on object 'Object Repository/Backoffice/match_mgmt/meron_details/input_meron_weight'

2018-11-26 18:59:42 - [MESSAGE][PASSED] - Text 'Weight 1' is set on object 'Object Repository/Backoffice/match_mgmt/meron_details/input_meron_weight'

2018-11-26 18:59:42 - [TEST_STEP][PASSED] - setText: Text 'BB' is set on object 'Object Repository/Backoffice/match_mgmt/wala_details/input_wala_name'

2018-11-26 18:59:42 - [MESSAGE][PASSED] - Text 'BB' is set on object 'Object Repository/Backoffice/match_mgmt/wala_details/input_wala_name'

2018-11-26 18:59:42 - [TEST_STEP][PASSED] - setText: Text 'Farm 2' is set on object 'Object Repository/Backoffice/match_mgmt/wala_details/input_wala_farm'

2018-11-26 18:59:42 - [MESSAGE][PASSED] - Text 'Farm 2' is set on object 'Object Repository/Backoffice/match_mgmt/wala_details/input_wala_farm'

2018-11-26 18:59:42 - [TEST_STEP][PASSED] - setText: Text 'Breed 2' is set on object 'Object Repository/Backoffice/match_mgmt/wala_details/input_wala_breed'

2018-11-26 18:59:42 - [MESSAGE][PASSED] - Text 'Breed 2' is set on object 'Object Repository/Backoffice/match_mgmt/wala_details/input_wala_breed'

2018-11-26 18:59:42 - [TEST_STEP][PASSED] - setText: Text 'Weight 2' is set on object 'Object Repository/Backoffice/match_mgmt/wala_details/input_wala_weight'

2018-11-26 18:59:42 - [MESSAGE][PASSED] - Text 'Weight 2' is set on object 'Object Repository/Backoffice/match_mgmt/wala_details/input_wala_weight'

2018-11-26 18:59:42 - [TEST_STEP][PASSED] - click: Object: 'Object Repository/Backoffice/match_mgmt/input_submit_match' is clicked on

2018-11-26 18:59:44 - [MESSAGE][PASSED] - Object: 'Object Repository/Backoffice/match_mgmt/input_submit_match' is clicked on

2018-11-26 18:59:44 - [TEST_STEP][PASSED] - delay: Delayed 1 second(s)

2018-11-26 18:59:45 - [MESSAGE][PASSED] - Delayed 1 second(s)

2018-11-26 18:59:45 - [TEST_STEP][PASSED] - click: Object: 'Object Repository/Backoffice/match_mgmt/button_create_match' is clicked on

2018-11-26 18:59:45 - [MESSAGE][PASSED] - Object: 'Object Repository/Backoffice/match_mgmt/button_create_match' is clicked on

2018-11-26 18:59:45 - [TEST_STEP][PASSED] - delay: Delayed 1 second(s)

2018-11-26 18:59:46 - [MESSAGE][PASSED] - Delayed 1 second(s)

2018-11-26 18:59:46 - [TEST_STEP][PASSED] - click: Object: 'Object Repository/Backoffice/match_mgmt/span_select_arena_name' is clicked on

2018-11-26 18:59:46 - [MESSAGE][PASSED] - Object: 'Object Repository/Backoffice/match_mgmt/span_select_arena_name' is clicked on

2018-11-26 18:59:46 - [TEST_STEP][PASSED] - setText: Text 'PASIG SQUARE GARDEN - PSG' is set on object 'Object Repository/Backoffice/match_mgmt/input__select2-search__arena_name'

2018-11-26 18:59:46 - [MESSAGE][PASSED] - Text 'PASIG SQUARE GARDEN - PSG' is set on object 'Object Repository/Backoffice/match_mgmt/input__select2-search__arena_name'

2018-11-26 18:59:46 - [TEST_STEP][PASSED] - sendKeys: Keys 'ENTER + ' sent to object: 'Object Repository/Backoffice/match_mgmt/input__select2-search__arena_name'

2018-11-26 18:59:46 - [MESSAGE][PASSED] - Keys 'ENTER + ' sent to object: 'Object Repository/Backoffice/match_mgmt/input__select2-search__arena_name'

2018-11-26 18:59:46 - [TEST_STEP][PASSED] - setText: Text 'AA' is set on object 'Object Repository/Backoffice/match_mgmt/meron_details/input_meron_name'

2018-11-26 18:59:46 - [MESSAGE][PASSED] - Text 'AA' is set on object 'Object Repository/Backoffice/match_mgmt/meron_details/input_meron_name'

2018-11-26 18:59:46 - [TEST_STEP][PASSED] - setText: Text 'Farm 1' is set on object 'Object Repository/Backoffice/match_mgmt/meron_details/input_meron_farm'

2018-11-26 18:59:47 - [MESSAGE][PASSED] - Text 'Farm 1' is set on object 'Object Repository/Backoffice/match_mgmt/meron_details/input_meron_farm'

2018-11-26 18:59:47 - [TEST_STEP][PASSED] - setText: Text 'Breed 1' is set on object 'Object Repository/Backoffice/match_mgmt/meron_details/input_meron_breed'

2018-11-26 18:59:47 - [MESSAGE][PASSED] - Text 'Breed 1' is set on object 'Object Repository/Backoffice/match_mgmt/meron_details/input_meron_breed'

2018-11-26 18:59:47 - [TEST_STEP][PASSED] - setText: Text 'Weight 1' is set on object 'Object Repository/Backoffice/match_mgmt/meron_details/input_meron_weight'

2018-11-26 18:59:47 - [MESSAGE][PASSED] - Text 'Weight 1' is set on object 'Object Repository/Backoffice/match_mgmt/meron_details/input_meron_weight'

2018-11-26 18:59:47 - [TEST_STEP][PASSED] - setText: Text 'BB' is set on object 'Object Repository/Backoffice/match_mgmt/wala_details/input_wala_name'

2018-11-26 18:59:47 - [MESSAGE][PASSED] - Text 'BB' is set on object 'Object Repository/Backoffice/match_mgmt/wala_details/input_wala_name'

2018-11-26 18:59:47 - [TEST_STEP][PASSED] - setText: Text 'Farm 2' is set on object 'Object Repository/Backoffice/match_mgmt/wala_details/input_wala_farm'

2018-11-26 18:59:47 - [MESSAGE][PASSED] - Text 'Farm 2' is set on object 'Object Repository/Backoffice/match_mgmt/wala_details/input_wala_farm'

2018-11-26 18:59:47 - [TEST_STEP][PASSED] - setText: Text 'Breed 2' is set on object 'Object Repository/Backoffice/match_mgmt/wala_details/input_wala_breed'

2018-11-26 18:59:47 - [MESSAGE][PASSED] - Text 'Breed 2' is set on object 'Object Repository/Backoffice/match_mgmt/wala_details/input_wala_breed'

2018-11-26 18:59:47 - [TEST_STEP][PASSED] - setText: Text 'Weight 2' is set on object 'Object Repository/Backoffice/match_mgmt/wala_details/input_wala_weight'

2018-11-26 18:59:47 - [MESSAGE][PASSED] - Text 'Weight 2' is set on object 'Object Repository/Backoffice/match_mgmt/wala_details/input_wala_weight'

2018-11-26 18:59:47 - [TEST_STEP][PASSED] - click: Object: 'Object Repository/Backoffice/match_mgmt/input_submit_match' is clicked on

2018-11-26 18:59:48 - [MESSAGE][PASSED] - Object: 'Object Repository/Backoffice/match_mgmt/input_submit_match' is clicked on

2018-11-26 18:59:48 - [TEST_STEP][PASSED] - delay: Delayed 1 second(s)

2018-11-26 18:59:49 - [MESSAGE][PASSED] - Delayed 1 second(s)

2018-11-26 18:59:49 - [TEST_STEP][PASSED] - click: Object: 'Object Repository/Backoffice/match_mgmt/button_create_match' is clicked on

2018-11-26 18:59:50 - [MESSAGE][PASSED] - Object: 'Object Repository/Backoffice/match_mgmt/button_create_match' is clicked on

2018-11-26 18:59:50 - [TEST_STEP][PASSED] - delay: Delayed 1 second(s)

2018-11-26 18:59:51 - [MESSAGE][PASSED] - Delayed 1 second(s)

2018-11-26 18:59:51 - [TEST_STEP][PASSED] - click: Object: 'Object Repository/Backoffice/match_mgmt/span_select_arena_name' is clicked on

2018-11-26 18:59:51 - [MESSAGE][PASSED] - Object: 'Object Repository/Backoffice/match_mgmt/span_select_arena_name' is clicked on

2018-11-26 18:59:51 - [TEST_STEP][PASSED] - setText: Text 'PASIG SQUARE GARDEN - PSG' is set on object 'Object Repository/Backoffice/match_mgmt/input__select2-search__arena_name'

2018-11-26 18:59:51 - [MESSAGE][PASSED] - Text 'PASIG SQUARE GARDEN - PSG' is set on object 'Object Repository/Backoffice/match_mgmt/input__select2-search__arena_name'

2018-11-26 18:59:51 - [TEST_STEP][PASSED] - sendKeys: Keys 'ENTER + ' sent to object: 'Object Repository/Backoffice/match_mgmt/input__select2-search__arena_name'

2018-11-26 18:59:51 - [MESSAGE][PASSED] - Keys 'ENTER + ' sent to object: 'Object Repository/Backoffice/match_mgmt/input__select2-search__arena_name'

2018-11-26 18:59:51 - [TEST_STEP][PASSED] - setText: Text 'AA' is set on object 'Object Repository/Backoffice/match_mgmt/meron_details/input_meron_name'

2018-11-26 18:59:51 - [MESSAGE][PASSED] - Text 'AA' is set on object 'Object Repository/Backoffice/match_mgmt/meron_details/input_meron_name'

2018-11-26 18:59:51 - [TEST_STEP][PASSED] - setText: Text 'Farm 1' is set on object 'Object Repository/Backoffice/match_mgmt/meron_details/input_meron_farm'

2018-11-26 18:59:51 - [MESSAGE][PASSED] - Text 'Farm 1' is set on object 'Object Repository/Backoffice/match_mgmt/meron_details/input_meron_farm'

2018-11-26 18:59:51 - [TEST_STEP][PASSED] - setText: Text 'Breed 1' is set on object 'Object Repository/Backoffice/match_mgmt/meron_details/input_meron_breed'

2018-11-26 18:59:51 - [MESSAGE][PASSED] - Text 'Breed 1' is set on object 'Object Repository/Backoffice/match_mgmt/meron_details/input_meron_breed'

2018-11-26 18:59:51 - [TEST_STEP][PASSED] - setText: Text 'Weight 1' is set on object 'Object Repository/Backoffice/match_mgmt/meron_details/input_meron_weight'

2018-11-26 18:59:52 - [MESSAGE][PASSED] - Text 'Weight 1' is set on object 'Object Repository/Backoffice/match_mgmt/meron_details/input_meron_weight'

2018-11-26 18:59:52 - [TEST_STEP][PASSED] - setText: Text 'BB' is set on object 'Object Repository/Backoffice/match_mgmt/wala_details/input_wala_name'

2018-11-26 18:59:52 - [MESSAGE][PASSED] - Text 'BB' is set on object 'Object Repository/Backoffice/match_mgmt/wala_details/input_wala_name'

2018-11-26 18:59:52 - [TEST_STEP][PASSED] - setText: Text 'Farm 2' is set on object 'Object Repository/Backoffice/match_mgmt/wala_details/input_wala_farm'

2018-11-26 18:59:52 - [MESSAGE][PASSED] - Text 'Farm 2' is set on object 'Object Repository/Backoffice/match_mgmt/wala_details/input_wala_farm'

2018-11-26 18:59:52 - [TEST_STEP][PASSED] - setText: Text 'Breed 2' is set on object 'Object Repository/Backoffice/match_mgmt/wala_details/input_wala_breed'

2018-11-26 18:59:52 - [MESSAGE][PASSED] - Text 'Breed 2' is set on object 'Object Repository/Backoffice/match_mgmt/wala_details/input_wala_breed'

2018-11-26 18:59:52 - [TEST_STEP][PASSED] - setText: Text 'Weight 2' is set on object 'Object Repository/Backoffice/match_mgmt/wala_details/input_wala_weight'

2018-11-26 18:59:52 - [MESSAGE][PASSED] - Text 'Weight 2' is set on object 'Object Repository/Backoffice/match_mgmt/wala_details/input_wala_weight'

2018-11-26 18:59:52 - [TEST_STEP][PASSED] - click: Object: 'Object Repository/Backoffice/match_mgmt/input_submit_match' is clicked on

2018-11-26 18:59:53 - [MESSAGE][PASSED] - Object: 'Object Repository/Backoffice/match_mgmt/input_submit_match' is clicked on

2018-11-26 18:59:53 - [TEST_STEP][PASSED] - delay: Delayed 1 second(s)

2018-11-26 18:59:54 - [MESSAGE][PASSED] - Delayed 1 second(s)

2018-11-26 18:59:54 - [TEST_STEP][PASSED] - click: Object: 'Object Repository/Backoffice/match_mgmt/button_create_match' is clicked on

2018-11-26 18:59:54 - [MESSAGE][PASSED] - Object: 'Object Repository/Backoffice/match_mgmt/button_create_match' is clicked on

2018-11-26 18:59:54 - [TEST_STEP][PASSED] - delay: Delayed 1 second(s)

2018-11-26 18:59:55 - [MESSAGE][PASSED] - Delayed 1 second(s)

2018-11-26 18:59:55 - [TEST_STEP][PASSED] - click: Object: 'Object Repository/Backoffice/match_mgmt/span_select_arena_name' is clicked on

2018-11-26 18:59:55 - [MESSAGE][PASSED] - Object: 'Object Repository/Backoffice/match_mgmt/span_select_arena_name' is clicked on

2018-11-26 18:59:55 - [TEST_STEP][PASSED] - setText: Text 'PASIG SQUARE GARDEN - PSG' is set on object 'Object Repository/Backoffice/match_mgmt/input__select2-search__arena_name'

2018-11-26 18:59:56 - [MESSAGE][PASSED] - Text 'PASIG SQUARE GARDEN - PSG' is set on object 'Object Repository/Backoffice/match_mgmt/input__select2-search__arena_name'

2018-11-26 18:59:56 - [TEST_STEP][PASSED] - sendKeys: Keys 'ENTER + ' sent to object: 'Object Repository/Backoffice/match_mgmt/input__select2-search__arena_name'

2018-11-26 18:59:56 - [MESSAGE][PASSED] - Keys 'ENTER + ' sent to object: 'Object Repository/Backoffice/match_mgmt/input__select2-search__arena_name'

2018-11-26 18:59:56 - [TEST_STEP][PASSED] - setText: Text 'AA' is set on object 'Object Repository/Backoffice/match_mgmt/meron_details/input_meron_name'

2018-11-26 18:59:56 - [MESSAGE][PASSED] - Text 'AA' is set on object 'Object Repository/Backoffice/match_mgmt/meron_details/input_meron_name'

2018-11-26 18:59:56 - [TEST_STEP][PASSED] - setText: Text 'Farm 1' is set on object 'Object Repository/Backoffice/match_mgmt/meron_details/input_meron_farm'

2018-11-26 18:59:56 - [MESSAGE][PASSED] - Text 'Farm 1' is set on object 'Object Repository/Backoffice/match_mgmt/meron_details/input_meron_farm'

2018-11-26 18:59:56 - [TEST_STEP][PASSED] - setText: Text 'Breed 1' is set on object 'Object Repository/Backoffice/match_mgmt/meron_details/input_meron_breed'

2018-11-26 18:59:56 - [MESSAGE][PASSED] - Text 'Breed 1' is set on object 'Object Repository/Backoffice/match_mgmt/meron_details/input_meron_breed'

2018-11-26 18:59:56 - [TEST_STEP][PASSED] - setText: Text 'Weight 1' is set on object 'Object Repository/Backoffice/match_mgmt/meron_details/input_meron_weight'

2018-11-26 18:59:56 - [MESSAGE][PASSED] - Text 'Weight 1' is set on object 'Object Repository/Backoffice/match_mgmt/meron_details/input_meron_weight'

2018-11-26 18:59:56 - [TEST_STEP][PASSED] - setText: Text 'BB' is set on object 'Object Repository/Backoffice/match_mgmt/wala_details/input_wala_name'

2018-11-26 18:59:57 - [MESSAGE][PASSED] - Text 'BB' is set on object 'Object Repository/Backoffice/match_mgmt/wala_details/input_wala_name'

2018-11-26 18:59:57 - [TEST_STEP][PASSED] - setText: Text 'Farm 2' is set on object 'Object Repository/Backoffice/match_mgmt/wala_details/input_wala_farm'

2018-11-26 18:59:57 - [MESSAGE][PASSED] - Text 'Farm 2' is set on object 'Object Repository/Backoffice/match_mgmt/wala_details/input_wala_farm'

2018-11-26 18:59:57 - [TEST_STEP][PASSED] - setText: Text 'Breed 2' is set on object 'Object Repository/Backoffice/match_mgmt/wala_details/input_wala_breed'

2018-11-26 18:59:57 - [MESSAGE][PASSED] - Text 'Breed 2' is set on object 'Object Repository/Backoffice/match_mgmt/wala_details/input_wala_breed'

2018-11-26 18:59:57 - [TEST_STEP][PASSED] - setText: Text 'Weight 2' is set on object 'Object Repository/Backoffice/match_mgmt/wala_details/input_wala_weight'

2018-11-26 18:59:57 - [MESSAGE][PASSED] - Text 'Weight 2' is set on object 'Object Repository/Backoffice/match_mgmt/wala_details/input_wala_weight'

2018-11-26 18:59:57 - [TEST_STEP][PASSED] - click: Object: 'Object Repository/Backoffice/match_mgmt/input_submit_match' is clicked on

2018-11-26 18:59:58 - [MESSAGE][PASSED] - Object: 'Object Repository/Backoffice/match_mgmt/input_submit_match' is clicked on

2018-11-26 18:59:58 - [TEST_STEP][PASSED] - delay: Delayed 1 second(s)

2018-11-26 18:59:59 - [MESSAGE][PASSED] - Delayed 1 second(s)

2018-11-26 18:59:59 - [TEST_STEP][PASSED] - click: Object: 'Object Repository/Backoffice/match_mgmt/button_create_match' is clicked on

2018-11-26 18:59:59 - [MESSAGE][PASSED] - Object: 'Object Repository/Backoffice/match_mgmt/button_create_match' is clicked on

2018-11-26 18:59:59 - [TEST_STEP][PASSED] - delay: Delayed 1 second(s)

2018-11-26 19:00:00 - [MESSAGE][PASSED] - Delayed 1 second(s)

2018-11-26 19:00:00 - [TEST_STEP][PASSED] - click: Object: 'Object Repository/Backoffice/match_mgmt/span_select_arena_name' is clicked on

2018-11-26 19:00:00 - [MESSAGE][PASSED] - Object: 'Object Repository/Backoffice/match_mgmt/span_select_arena_name' is clicked on

2018-11-26 19:00:00 - [TEST_STEP][PASSED] - setText: Text 'PASIG SQUARE GARDEN - PSG' is set on object 'Object Repository/Backoffice/match_mgmt/input__select2-search__arena_name'

2018-11-26 19:00:01 - [MESSAGE][PASSED] - Text 'PASIG SQUARE GARDEN - PSG' is set on object 'Object Repository/Backoffice/match_mgmt/input__select2-search__arena_name'

2018-11-26 19:00:01 - [TEST_STEP][PASSED] - sendKeys: Keys 'ENTER + ' sent to object: 'Object Repository/Backoffice/match_mgmt/input__select2-search__arena_name'

2018-11-26 19:00:01 - [MESSAGE][PASSED] - Keys 'ENTER + ' sent to object: 'Object Repository/Backoffice/match_mgmt/input__select2-search__arena_name'

2018-11-26 19:00:01 - [TEST_STEP][PASSED] - setText: Text 'AA' is set on object 'Object Repository/Backoffice/match_mgmt/meron_details/input_meron_name'

2018-11-26 19:00:01 - [MESSAGE][PASSED] - Text 'AA' is set on object 'Object Repository/Backoffice/match_mgmt/meron_details/input_meron_name'

2018-11-26 19:00:01 - [TEST_STEP][PASSED] - setText: Text 'Farm 1' is set on object 'Object Repository/Backoffice/match_mgmt/meron_details/input_meron_farm'

2018-11-26 19:00:01 - [MESSAGE][PASSED] - Text 'Farm 1' is set on object 'Object Repository/Backoffice/match_mgmt/meron_details/input_meron_farm'

2018-11-26 19:00:01 - [TEST_STEP][PASSED] - setText: Text 'Breed 1' is set on object 'Object Repository/Backoffice/match_mgmt/meron_details/input_meron_breed'

2018-11-26 19:00:01 - [MESSAGE][PASSED] - Text 'Breed 1' is set on object 'Object Repository/Backoffice/match_mgmt/meron_details/input_meron_breed'

2018-11-26 19:00:01 - [TEST_STEP][PASSED] - setText: Text 'Weight 1' is set on object 'Object Repository/Backoffice/match_mgmt/meron_details/input_meron_weight'

2018-11-26 19:00:01 - [MESSAGE][PASSED] - Text 'Weight 1' is set on object 'Object Repository/Backoffice/match_mgmt/meron_details/input_meron_weight'

2018-11-26 19:00:01 - [TEST_STEP][PASSED] - setText: Text 'BB' is set on object 'Object Repository/Backoffice/match_mgmt/wala_details/input_wala_name'

2018-11-26 19:00:01 - [MESSAGE][PASSED] - Text 'BB' is set on object 'Object Repository/Backoffice/match_mgmt/wala_details/input_wala_name'

2018-11-26 19:00:01 - [TEST_STEP][PASSED] - setText: Text 'Farm 2' is set on object 'Object Repository/Backoffice/match_mgmt/wala_details/input_wala_farm'

2018-11-26 19:00:01 - [MESSAGE][PASSED] - Text 'Farm 2' is set on object 'Object Repository/Backoffice/match_mgmt/wala_details/input_wala_farm'

2018-11-26 19:00:01 - [TEST_STEP][PASSED] - setText: Text 'Breed 2' is set on object 'Object Repository/Backoffice/match_mgmt/wala_details/input_wala_breed'

2018-11-26 19:00:02 - [MESSAGE][PASSED] - Text 'Breed 2' is set on object 'Object Repository/Backoffice/match_mgmt/wala_details/input_wala_breed'

2018-11-26 19:00:02 - [TEST_STEP][PASSED] - setText: Text 'Weight 2' is set on object 'Object Repository/Backoffice/match_mgmt/wala_details/input_wala_weight'

2018-11-26 19:00:02 - [MESSAGE][PASSED] - Text 'Weight 2' is set on object 'Object Repository/Backoffice/match_mgmt/wala_details/input_wala_weight'

2018-11-26 19:00:02 - [TEST_STEP][PASSED] - click: Object: 'Object Repository/Backoffice/match_mgmt/input_submit_match' is clicked on

2018-11-26 19:00:03 - [MESSAGE][PASSED] - Object: 'Object Repository/Backoffice/match_mgmt/input_submit_match' is clicked on

2018-11-26 19:00:03 - [TEST_STEP][PASSED] - delay: Delayed 1 second(s)

2018-11-26 19:00:04 - [MESSAGE][PASSED] - Delayed 1 second(s)

2018-11-26 19:00:04 - [TEST_STEP][PASSED] - click: Object: 'Object Repository/Backoffice/match_mgmt/button_create_match' is clicked on

2018-11-26 19:00:04 - [MESSAGE][PASSED] - Object: 'Object Repository/Backoffice/match_mgmt/button_create_match' is clicked on

2018-11-26 19:00:04 - [TEST_STEP][PASSED] - delay: Delayed 1 second(s)

2018-11-26 19:00:05 - [MESSAGE][PASSED] - Delayed 1 second(s)

2018-11-26 19:00:05 - [TEST_STEP][PASSED] - click: Object: 'Object Repository/Backoffice/match_mgmt/span_select_arena_name' is clicked on

2018-11-26 19:00:05 - [MESSAGE][PASSED] - Object: 'Object Repository/Backoffice/match_mgmt/span_select_arena_name' is clicked on

2018-11-26 19:00:05 - [TEST_STEP][PASSED] - setText: Text 'PASIG SQUARE GARDEN - PSG' is set on object 'Object Repository/Backoffice/match_mgmt/input__select2-search__arena_name'

2018-11-26 19:00:06 - [MESSAGE][PASSED] - Text 'PASIG SQUARE GARDEN - PSG' is set on object 'Object Repository/Backoffice/match_mgmt/input__select2-search__arena_name'

2018-11-26 19:00:06 - [TEST_STEP][PASSED] - sendKeys: Keys 'ENTER + ' sent to object: 'Object Repository/Backoffice/match_mgmt/input__select2-search__arena_name'

2018-11-26 19:00:06 - [MESSAGE][PASSED] - Keys 'ENTER + ' sent to object: 'Object Repository/Backoffice/match_mgmt/input__select2-search__arena_name'

2018-11-26 19:00:06 - [TEST_STEP][PASSED] - setText: Text 'AA' is set on object 'Object Repository/Backoffice/match_mgmt/meron_details/input_meron_name'

2018-11-26 19:00:06 - [MESSAGE][PASSED] - Text 'AA' is set on object 'Object Repository/Backoffice/match_mgmt/meron_details/input_meron_name'

2018-11-26 19:00:06 - [TEST_STEP][PASSED] - setText: Text 'Farm 1' is set on object 'Object Repository/Backoffice/match_mgmt/meron_details/input_meron_farm'

2018-11-26 19:00:06 - [MESSAGE][PASSED] - Text 'Farm 1' is set on object 'Object Repository/Backoffice/match_mgmt/meron_details/input_meron_farm'

2018-11-26 19:00:06 - [TEST_STEP][PASSED] - setText: Text 'Breed 1' is set on object 'Object Repository/Backoffice/match_mgmt/meron_details/input_meron_breed'

2018-11-26 19:00:06 - [MESSAGE][PASSED] - Text 'Breed 1' is set on object 'Object Repository/Backoffice/match_mgmt/meron_details/input_meron_breed'

2018-11-26 19:00:06 - [TEST_STEP][PASSED] - setText: Text 'Weight 1' is set on object 'Object Repository/Backoffice/match_mgmt/meron_details/input_meron_weight'

2018-11-26 19:00:06 - [MESSAGE][PASSED] - Text 'Weight 1' is set on object 'Object Repository/Backoffice/match_mgmt/meron_details/input_meron_weight'

2018-11-26 19:00:06 - [TEST_STEP][PASSED] - setText: Text 'BB' is set on object 'Object Repository/Backoffice/match_mgmt/wala_details/input_wala_name'

2018-11-26 19:00:06 - [MESSAGE][PASSED] - Text 'BB' is set on object 'Object Repository/Backoffice/match_mgmt/wala_details/input_wala_name'

2018-11-26 19:00:06 - [TEST_STEP][PASSED] - setText: Text 'Farm 2' is set on object 'Object Repository/Backoffice/match_mgmt/wala_details/input_wala_farm'

2018-11-26 19:00:06 - [MESSAGE][PASSED] - Text 'Farm 2' is set on object 'Object Repository/Backoffice/match_mgmt/wala_details/input_wala_farm'

2018-11-26 19:00:06 - [TEST_STEP][PASSED] - setText: Text 'Breed 2' is set on object 'Object Repository/Backoffice/match_mgmt/wala_details/input_wala_breed'

2018-11-26 19:00:06 - [MESSAGE][PASSED] - Text 'Breed 2' is set on object 'Object Repository/Backoffice/match_mgmt/wala_details/input_wala_breed'

2018-11-26 19:00:06 - [TEST_STEP][PASSED] - setText: Text 'Weight 2' is set on object 'Object Repository/Backoffice/match_mgmt/wala_details/input_wala_weight'

2018-11-26 19:00:07 - [MESSAGE][PASSED] - Text 'Weight 2' is set on object 'Object Repository/Backoffice/match_mgmt/wala_details/input_wala_weight'

2018-11-26 19:00:07 - [TEST_STEP][PASSED] - click: Object: 'Object Repository/Backoffice/match_mgmt/input_submit_match' is clicked on

2018-11-26 19:00:08 - [MESSAGE][PASSED] - Object: 'Object Repository/Backoffice/match_mgmt/input_submit_match' is clicked on

2018-11-26 19:00:08 - [TEST_STEP][PASSED] - delay: Delayed 1 second(s)

2018-11-26 19:00:09 - [MESSAGE][PASSED] - Delayed 1 second(s)

2018-11-26 19:00:09 - [TEST_STEP][PASSED] - click: Object: 'Object Repository/Backoffice/match_mgmt/button_create_match' is clicked on

2018-11-26 19:00:09 - [MESSAGE][PASSED] - Object: 'Object Repository/Backoffice/match_mgmt/button_create_match' is clicked on

2018-11-26 19:00:09 - [TEST_STEP][PASSED] - delay: Delayed 1 second(s)

2018-11-26 19:00:10 - [MESSAGE][PASSED] - Delayed 1 second(s)

2018-11-26 19:00:10 - [TEST_STEP][PASSED] - click: Object: 'Object Repository/Backoffice/match_mgmt/span_select_arena_name' is clicked on

2018-11-26 19:00:10 - [MESSAGE][PASSED] - Object: 'Object Repository/Backoffice/match_mgmt/span_select_arena_name' is clicked on

2018-11-26 19:00:10 - [TEST_STEP][PASSED] - setText: Text 'PASIG SQUARE GARDEN - PSG' is set on object 'Object Repository/Backoffice/match_mgmt/input__select2-search__arena_name'

2018-11-26 19:00:10 - [MESSAGE][PASSED] - Text 'PASIG SQUARE GARDEN - PSG' is set on object 'Object Repository/Backoffice/match_mgmt/input__select2-search__arena_name'

2018-11-26 19:00:10 - [TEST_STEP][PASSED] - sendKeys: Keys 'ENTER + ' sent to object: 'Object Repository/Backoffice/match_mgmt/input__select2-search__arena_name'

2018-11-26 19:00:11 - [MESSAGE][PASSED] - Keys 'ENTER + ' sent to object: 'Object Repository/Backoffice/match_mgmt/input__select2-search__arena_name'

2018-11-26 19:00:11 - [TEST_STEP][PASSED] - setText: Text 'AA' is set on object 'Object Repository/Backoffice/match_mgmt/meron_details/input_meron_name'

2018-11-26 19:00:11 - [MESSAGE][PASSED] - Text 'AA' is set on object 'Object Repository/Backoffice/match_mgmt/meron_details/input_meron_name'

2018-11-26 19:00:11 - [TEST_STEP][PASSED] - setText: Text 'Farm 1' is set on object 'Object Repository/Backoffice/match_mgmt/meron_details/input_meron_farm'

2018-11-26 19:00:11 - [MESSAGE][PASSED] - Text 'Farm 1' is set on object 'Object Repository/Backoffice/match_mgmt/meron_details/input_meron_farm'

2018-11-26 19:00:11 - [TEST_STEP][PASSED] - setText: Text 'Breed 1' is set on object 'Object Repository/Backoffice/match_mgmt/meron_details/input_meron_breed'

2018-11-26 19:00:11 - [MESSAGE][PASSED] - Text 'Breed 1' is set on object 'Object Repository/Backoffice/match_mgmt/meron_details/input_meron_breed'

2018-11-26 19:00:11 - [TEST_STEP][PASSED] - setText: Text 'Weight 1' is set on object 'Object Repository/Backoffice/match_mgmt/meron_details/input_meron_weight'

2018-11-26 19:00:11 - [MESSAGE][PASSED] - Text 'Weight 1' is set on object 'Object Repository/Backoffice/match_mgmt/meron_details/input_meron_weight'

2018-11-26 19:00:11 - [TEST_STEP][PASSED] - setText: Text 'BB' is set on object 'Object Repository/Backoffice/match_mgmt/wala_details/input_wala_name'

2018-11-26 19:00:11 - [MESSAGE][PASSED] - Text 'BB' is set on object 'Object Repository/Backoffice/match_mgmt/wala_details/input_wala_name'

2018-11-26 19:00:11 - [TEST_STEP][PASSED] - setText: Text 'Farm 2' is set on object 'Object Repository/Backoffice/match_mgmt/wala_details/input_wala_farm'

2018-11-26 19:00:11 - [MESSAGE][PASSED] - Text 'Farm 2' is set on object 'Object Repository/Backoffice/match_mgmt/wala_details/input_wala_farm'

2018-11-26 19:00:11 - [TEST_STEP][PASSED] - setText: Text 'Breed 2' is set on object 'Object Repository/Backoffice/match_mgmt/wala_details/input_wala_breed'

2018-11-26 19:00:11 - [MESSAGE][PASSED] - Text 'Breed 2' is set on object 'Object Repository/Backoffice/match_mgmt/wala_details/input_wala_breed'

2018-11-26 19:00:11 - [TEST_STEP][PASSED] - setText: Text 'Weight 2' is set on object 'Object Repository/Backoffice/match_mgmt/wala_details/input_wala_weight'

2018-11-26 19:00:11 - [MESSAGE][PASSED] - Text 'Weight 2' is set on object 'Object Repository/Backoffice/match_mgmt/wala_details/input_wala_weight'

2018-11-26 19:00:11 - [TEST_STEP][PASSED] - click: Object: 'Object Repository/Backoffice/match_mgmt/input_submit_match' is clicked on

2018-11-26 19:00:13 - [MESSAGE][PASSED] - Object: 'Object Repository/Backoffice/match_mgmt/input_submit_match' is clicked on

2018-11-26 19:00:13 - [TEST_STEP][PASSED] - delay: Delayed 1 second(s)

2018-11-26 19:00:14 - [MESSAGE][PASSED] - Delayed 1 second(s)

2018-11-26 19:00:14 - [TEST_STEP][PASSED] - click: Object: 'Object Repository/Backoffice/match_mgmt/button_create_match' is clicked on

2018-11-26 19:00:14 - [MESSAGE][PASSED] - Object: 'Object Repository/Backoffice/match_mgmt/button_create_match' is clicked on

2018-11-26 19:00:14 - [TEST_STEP][PASSED] - delay: Delayed 1 second(s)

2018-11-26 19:00:15 - [MESSAGE][PASSED] - Delayed 1 second(s)

2018-11-26 19:00:15 - [TEST_STEP][PASSED] - click: Object: 'Object Repository/Backoffice/match_mgmt/span_select_arena_name' is clicked on

2018-11-26 19:00:15 - [MESSAGE][PASSED] - Object: 'Object Repository/Backoffice/match_mgmt/span_select_arena_name' is clicked on

2018-11-26 19:00:15 - [TEST_STEP][PASSED] - setText: Text 'PASIG SQUARE GARDEN - PSG' is set on object 'Object Repository/Backoffice/match_mgmt/input__select2-search__arena_name'

2018-11-26 19:00:15 - [MESSAGE][PASSED] - Text 'PASIG SQUARE GARDEN - PSG' is set on object 'Object Repository/Backoffice/match_mgmt/input__select2-search__arena_name'

2018-11-26 19:00:15 - [TEST_STEP][PASSED] - sendKeys: Keys 'ENTER + ' sent to object: 'Object Repository/Backoffice/match_mgmt/input__select2-search__arena_name'

2018-11-26 19:00:15 - [MESSAGE][PASSED] - Keys 'ENTER + ' sent to object: 'Object Repository/Backoffice/match_mgmt/input__select2-search__arena_name'

2018-11-26 19:00:15 - [TEST_STEP][PASSED] - setText: Text 'AA' is set on object 'Object Repository/Backoffice/match_mgmt/meron_details/input_meron_name'

2018-11-26 19:00:15 - [MESSAGE][PASSED] - Text 'AA' is set on object 'Object Repository/Backoffice/match_mgmt/meron_details/input_meron_name'

2018-11-26 19:00:15 - [TEST_STEP][PASSED] - setText: Text 'Farm 1' is set on object 'Object Repository/Backoffice/match_mgmt/meron_details/input_meron_farm'

2018-11-26 19:00:16 - [MESSAGE][PASSED] - Text 'Farm 1' is set on object 'Object Repository/Backoffice/match_mgmt/meron_details/input_meron_farm'

2018-11-26 19:00:16 - [TEST_STEP][PASSED] - setText: Text 'Breed 1' is set on object 'Object Repository/Backoffice/match_mgmt/meron_details/input_meron_breed'

2018-11-26 19:00:16 - [MESSAGE][PASSED] - Text 'Breed 1' is set on object 'Object Repository/Backoffice/match_mgmt/meron_details/input_meron_breed'

2018-11-26 19:00:16 - [TEST_STEP][PASSED] - setText: Text 'Weight 1' is set on object 'Object Repository/Backoffice/match_mgmt/meron_details/input_meron_weight'

2018-11-26 19:00:16 - [MESSAGE][PASSED] - Text 'Weight 1' is set on object 'Object Repository/Backoffice/match_mgmt/meron_details/input_meron_weight'

2018-11-26 19:00:16 - [TEST_STEP][PASSED] - setText: Text 'BB' is set on object 'Object Repository/Backoffice/match_mgmt/wala_details/input_wala_name'

2018-11-26 19:00:16 - [MESSAGE][PASSED] - Text 'BB' is set on object 'Object Repository/Backoffice/match_mgmt/wala_details/input_wala_name'

2018-11-26 19:00:16 - [TEST_STEP][PASSED] - setText: Text 'Farm 2' is set on object 'Object Repository/Backoffice/match_mgmt/wala_details/input_wala_farm'

2018-11-26 19:00:16 - [MESSAGE][PASSED] - Text 'Farm 2' is set on object 'Object Repository/Backoffice/match_mgmt/wala_details/input_wala_farm'

2018-11-26 19:00:16 - [TEST_STEP][PASSED] - setText: Text 'Breed 2' is set on object 'Object Repository/Backoffice/match_mgmt/wala_details/input_wala_breed'

2018-11-26 19:00:16 - [MESSAGE][PASSED] - Text 'Breed 2' is set on object 'Object Repository/Backoffice/match_mgmt/wala_details/input_wala_breed'

2018-11-26 19:00:16 - [TEST_STEP][PASSED] - setText: Text 'Weight 2' is set on object 'Object Repository/Backoffice/match_mgmt/wala_details/input_wala_weight'

2018-11-26 19:00:16 - [MESSAGE][PASSED] - Text 'Weight 2' is set on object 'Object Repository/Backoffice/match_mgmt/wala_details/input_wala_weight'

2018-11-26 19:00:16 - [TEST_STEP][PASSED] - click: Object: 'Object Repository/Backoffice/match_mgmt/input_submit_match' is clicked on

2018-11-26 19:00:17 - [MESSAGE][PASSED] - Object: 'Object Repository/Backoffice/match_mgmt/input_submit_match' is clicked on

2018-11-26 19:00:17 - [TEST_STEP][PASSED] - delay: Delayed 1 second(s)

2018-11-26 19:00:18 - [MESSAGE][PASSED] - Delayed 1 second(s)

2018-11-26 19:00:18 - [TEST_STEP][PASSED] - click: Object: 'Object Repository/Backoffice/match_mgmt/button_create_match' is clicked on

2018-11-26 19:00:19 - [MESSAGE][PASSED] - Object: 'Object Repository/Backoffice/match_mgmt/button_create_match' is clicked on

2018-11-26 19:00:19 - [TEST_STEP][PASSED] - delay: Delayed 1 second(s)

2018-11-26 19:00:20 - [MESSAGE][PASSED] - Delayed 1 second(s)

2018-11-26 19:00:20 - [TEST_STEP][PASSED] - click: Object: 'Object Repository/Backoffice/match_mgmt/span_select_arena_name' is clicked on

2018-11-26 19:00:20 - [MESSAGE][PASSED] - Object: 'Object Repository/Backoffice/match_mgmt/span_select_arena_name' is clicked on

2018-11-26 19:00:20 - [TEST_STEP][PASSED] - setText: Text 'PASIG SQUARE GARDEN - PSG' is set on object 'Object Repository/Backoffice/match_mgmt/input__select2-search__arena_name'

2018-11-26 19:00:20 - [MESSAGE][PASSED] - Text 'PASIG SQUARE GARDEN - PSG' is set on object 'Object Repository/Backoffice/match_mgmt/input__select2-search__arena_name'

2018-11-26 19:00:20 - [TEST_STEP][PASSED] - sendKeys: Keys 'ENTER + ' sent to object: 'Object Repository/Backoffice/match_mgmt/input__select2-search__arena_name'

2018-11-26 19:00:20 - [MESSAGE][PASSED] - Keys 'ENTER + ' sent to object: 'Object Repository/Backoffice/match_mgmt/input__select2-search__arena_name'

2018-11-26 19:00:20 - [TEST_STEP][PASSED] - setText: Text 'AA' is set on object 'Object Repository/Backoffice/match_mgmt/meron_details/input_meron_name'

2018-11-26 19:00:20 - [MESSAGE][PASSED] - Text 'AA' is set on object 'Object Repository/Backoffice/match_mgmt/meron_details/input_meron_name'

2018-11-26 19:00:20 - [TEST_STEP][PASSED] - setText: Text 'Farm 1' is set on object 'Object Repository/Backoffice/match_mgmt/meron_details/input_meron_farm'

2018-11-26 19:00:20 - [MESSAGE][PASSED] - Text 'Farm 1' is set on object 'Object Repository/Backoffice/match_mgmt/meron_details/input_meron_farm'

2018-11-26 19:00:20 - [TEST_STEP][PASSED] - setText: Text 'Breed 1' is set on object 'Object Repository/Backoffice/match_mgmt/meron_details/input_meron_breed'

2018-11-26 19:00:20 - [MESSAGE][PASSED] - Text 'Breed 1' is set on object 'Object Repository/Backoffice/match_mgmt/meron_details/input_meron_breed'

2018-11-26 19:00:20 - [TEST_STEP][PASSED] - setText: Text 'Weight 1' is set on object 'Object Repository/Backoffice/match_mgmt/meron_details/input_meron_weight'

2018-11-26 19:00:21 - [MESSAGE][PASSED] - Text 'Weight 1' is set on object 'Object Repository/Backoffice/match_mgmt/meron_details/input_meron_weight'

2018-11-26 19:00:21 - [TEST_STEP][PASSED] - setText: Text 'BB' is set on object 'Object Repository/Backoffice/match_mgmt/wala_details/input_wala_name'

2018-11-26 19:00:21 - [MESSAGE][PASSED] - Text 'BB' is set on object 'Object Repository/Backoffice/match_mgmt/wala_details/input_wala_name'

2018-11-26 19:00:21 - [TEST_STEP][PASSED] - setText: Text 'Farm 2' is set on object 'Object Repository/Backoffice/match_mgmt/wala_details/input_wala_farm'

2018-11-26 19:00:21 - [MESSAGE][PASSED] - Text 'Farm 2' is set on object 'Object Repository/Backoffice/match_mgmt/wala_details/input_wala_farm'

2018-11-26 19:00:21 - [TEST_STEP][PASSED] - setText: Text 'Breed 2' is set on object 'Object Repository/Backoffice/match_mgmt/wala_details/input_wala_breed'

2018-11-26 19:00:21 - [MESSAGE][PASSED] - Text 'Breed 2' is set on object 'Object Repository/Backoffice/match_mgmt/wala_details/input_wala_breed'

2018-11-26 19:00:21 - [TEST_STEP][PASSED] - setText: Text 'Weight 2' is set on object 'Object Repository/Backoffice/match_mgmt/wala_details/input_wala_weight'

2018-11-26 19:00:21 - [MESSAGE][PASSED] - Text 'Weight 2' is set on object 'Object Repository/Backoffice/match_mgmt/wala_details/input_wala_weight'

2018-11-26 19:00:21 - [TEST_STEP][PASSED] - click: Object: 'Object Repository/Backoffice/match_mgmt/input_submit_match' is clicked on

2018-11-26 19:00:22 - [MESSAGE][PASSED] - Object: 'Object Repository/Backoffice/match_mgmt/input_submit_match' is clicked on

2018-11-26 19:00:22 - [TEST_STEP][PASSED] - delay: Delayed 1 second(s)

2018-11-26 19:00:23 - [MESSAGE][PASSED] - Delayed 1 second(s)

2018-11-26 19:00:23 - [TEST_STEP][PASSED] - click: Object: 'Object Repository/Backoffice/match_mgmt/button_create_match' is clicked on

2018-11-26 19:00:23 - [MESSAGE][PASSED] - Object: 'Object Repository/Backoffice/match_mgmt/button_create_match' is clicked on

2018-11-26 19:00:23 - [TEST_STEP][PASSED] - delay: Delayed 1 second(s)

2018-11-26 19:00:24 - [MESSAGE][PASSED] - Delayed 1 second(s)

2018-11-26 19:00:24 - [TEST_STEP][PASSED] - click: Object: 'Object Repository/Backoffice/match_mgmt/span_select_arena_name' is clicked on

2018-11-26 19:00:25 - [MESSAGE][PASSED] - Object: 'Object Repository/Backoffice/match_mgmt/span_select_arena_name' is clicked on

2018-11-26 19:00:25 - [TEST_STEP][PASSED] - setText: Text 'PASIG SQUARE GARDEN - PSG' is set on object 'Object Repository/Backoffice/match_mgmt/input__select2-search__arena_name'

2018-11-26 19:00:25 - [MESSAGE][PASSED] - Text 'PASIG SQUARE GARDEN - PSG' is set on object 'Object Repository/Backoffice/match_mgmt/input__select2-search__arena_name'

2018-11-26 19:00:25 - [TEST_STEP][PASSED] - sendKeys: Keys 'ENTER + ' sent to object: 'Object Repository/Backoffice/match_mgmt/input__select2-search__arena_name'

2018-11-26 19:00:25 - [MESSAGE][PASSED] - Keys 'ENTER + ' sent to object: 'Object Repository/Backoffice/match_mgmt/input__select2-search__arena_name'

2018-11-26 19:00:25 - [TEST_STEP][PASSED] - setText: Text 'AA' is set on object 'Object Repository/Backoffice/match_mgmt/meron_details/input_meron_name'

2018-11-26 19:00:25 - [MESSAGE][PASSED] - Text 'AA' is set on object 'Object Repository/Backoffice/match_mgmt/meron_details/input_meron_name'

2018-11-26 19:00:25 - [TEST_STEP][PASSED] - setText: Text 'Farm 1' is set on object 'Object Repository/Backoffice/match_mgmt/meron_details/input_meron_farm'

2018-11-26 19:00:25 - [MESSAGE][PASSED] - Text 'Farm 1' is set on object 'Object Repository/Backoffice/match_mgmt/meron_details/input_meron_farm'

2018-11-26 19:00:25 - [TEST_STEP][PASSED] - setText: Text 'Breed 1' is set on object 'Object Repository/Backoffice/match_mgmt/meron_details/input_meron_breed'

2018-11-26 19:00:25 - [MESSAGE][PASSED] - Text 'Breed 1' is set on object 'Object Repository/Backoffice/match_mgmt/meron_details/input_meron_breed'

2018-11-26 19:00:25 - [TEST_STEP][PASSED] - setText: Text 'Weight 1' is set on object 'Object Repository/Backoffice/match_mgmt/meron_details/input_meron_weight'

2018-11-26 19:00:25 - [MESSAGE][PASSED] - Text 'Weight 1' is set on object 'Object Repository/Backoffice/match_mgmt/meron_details/input_meron_weight'

2018-11-26 19:00:25 - [TEST_STEP][PASSED] - setText: Text 'BB' is set on object 'Object Repository/Backoffice/match_mgmt/wala_details/input_wala_name'

2018-11-26 19:00:26 - [MESSAGE][PASSED] - Text 'BB' is set on object 'Object Repository/Backoffice/match_mgmt/wala_details/input_wala_name'

2018-11-26 19:00:26 - [TEST_STEP][PASSED] - setText: Text 'Farm 2' is set on object 'Object Repository/Backoffice/match_mgmt/wala_details/input_wala_farm'

2018-11-26 19:00:26 - [MESSAGE][PASSED] - Text 'Farm 2' is set on object 'Object Repository/Backoffice/match_mgmt/wala_details/input_wala_farm'

2018-11-26 19:00:26 - [TEST_STEP][PASSED] - setText: Text 'Breed 2' is set on object 'Object Repository/Backoffice/match_mgmt/wala_details/input_wala_breed'

2018-11-26 19:00:26 - [MESSAGE][PASSED] - Text 'Breed 2' is set on object 'Object Repository/Backoffice/match_mgmt/wala_details/input_wala_breed'

2018-11-26 19:00:26 - [TEST_STEP][PASSED] - setText: Text 'Weight 2' is set on object 'Object Repository/Backoffice/match_mgmt/wala_details/input_wala_weight'

2018-11-26 19:00:26 - [MESSAGE][PASSED] - Text 'Weight 2' is set on object 'Object Repository/Backoffice/match_mgmt/wala_details/input_wala_weight'

2018-11-26 19:00:26 - [TEST_STEP][PASSED] - click: Object: 'Object Repository/Backoffice/match_mgmt/input_submit_match' is clicked on

2018-11-26 19:00:27 - [MESSAGE][PASSED] - Object: 'Object Repository/Backoffice/match_mgmt/input_submit_match' is clicked on

2018-11-26 19:00:27 - [TEST_STEP][PASSED] - delay: Delayed 1 second(s)

2018-11-26 19:00:28 - [MESSAGE][PASSED] - Delayed 1 second(s)

2018-11-26 19:00:28 - [TEST_STEP][PASSED] - click: Object: 'Object Repository/Backoffice/match_mgmt/button_create_match' is clicked on

2018-11-26 19:00:28 - [MESSAGE][PASSED] - Object: 'Object Repository/Backoffice/match_mgmt/button_create_match' is clicked on

2018-11-26 19:00:28 - [TEST_STEP][PASSED] - delay: Delayed 1 second(s)

2018-11-26 19:00:29 - [MESSAGE][PASSED] - Delayed 1 second(s)

2018-11-26 19:00:29 - [TEST_STEP][PASSED] - click: Object: 'Object Repository/Backoffice/match_mgmt/span_select_arena_name' is clicked on

2018-11-26 19:00:29 - [MESSAGE][PASSED] - Object: 'Object Repository/Backoffice/match_mgmt/span_select_arena_name' is clicked on

2018-11-26 19:00:29 - [TEST_STEP][PASSED] - setText: Text 'PASIG SQUARE GARDEN - PSG' is set on object 'Object Repository/Backoffice/match_mgmt/input__select2-search__arena_name'

2018-11-26 19:00:30 - [MESSAGE][PASSED] - Text 'PASIG SQUARE GARDEN - PSG' is set on object 'Object Repository/Backoffice/match_mgmt/input__select2-search__arena_name'

2018-11-26 19:00:30 - [TEST_STEP][PASSED] - sendKeys: Keys 'ENTER + ' sent to object: 'Object Repository/Backoffice/match_mgmt/input__select2-search__arena_name'

2018-11-26 19:00:30 - [MESSAGE][PASSED] - Keys 'ENTER + ' sent to object: 'Object Repository/Backoffice/match_mgmt/input__select2-search__arena_name'

2018-11-26 19:00:30 - [TEST_STEP][PASSED] - setText: Text 'AA' is set on object 'Object Repository/Backoffice/match_mgmt/meron_details/input_meron_name'

2018-11-26 19:00:30 - [MESSAGE][PASSED] - Text 'AA' is set on object 'Object Repository/Backoffice/match_mgmt/meron_details/input_meron_name'

2018-11-26 19:00:30 - [TEST_STEP][PASSED] - setText: Text 'Farm 1' is set on object 'Object Repository/Backoffice/match_mgmt/meron_details/input_meron_farm'

2018-11-26 19:00:30 - [MESSAGE][PASSED] - Text 'Farm 1' is set on object 'Object Repository/Backoffice/match_mgmt/meron_details/input_meron_farm'

2018-11-26 19:00:30 - [TEST_STEP][PASSED] - setText: Text 'Breed 1' is set on object 'Object Repository/Backoffice/match_mgmt/meron_details/input_meron_breed'

2018-11-26 19:00:30 - [MESSAGE][PASSED] - Text 'Breed 1' is set on object 'Object Repository/Backoffice/match_mgmt/meron_details/input_meron_breed'

2018-11-26 19:00:30 - [TEST_STEP][PASSED] - setText: Text 'Weight 1' is set on object 'Object Repository/Backoffice/match_mgmt/meron_details/input_meron_weight'

2018-11-26 19:00:30 - [MESSAGE][PASSED] - Text 'Weight 1' is set on object 'Object Repository/Backoffice/match_mgmt/meron_details/input_meron_weight'

2018-11-26 19:00:30 - [TEST_STEP][PASSED] - setText: Text 'BB' is set on object 'Object Repository/Backoffice/match_mgmt/wala_details/input_wala_name'

2018-11-26 19:00:30 - [MESSAGE][PASSED] - Text 'BB' is set on object 'Object Repository/Backoffice/match_mgmt/wala_details/input_wala_name'

2018-11-26 19:00:30 - [TEST_STEP][PASSED] - setText: Text 'Farm 2' is set on object 'Object Repository/Backoffice/match_mgmt/wala_details/input_wala_farm'

2018-11-26 19:00:30 - [MESSAGE][PASSED] - Text 'Farm 2' is set on object 'Object Repository/Backoffice/match_mgmt/wala_details/input_wala_farm'

2018-11-26 19:00:30 - [TEST_STEP][PASSED] - setText: Text 'Breed 2' is set on object 'Object Repository/Backoffice/match_mgmt/wala_details/input_wala_breed'

2018-11-26 19:00:31 - [MESSAGE][PASSED] - Text 'Breed 2' is set on object 'Object Repository/Backoffice/match_mgmt/wala_details/input_wala_breed'

2018-11-26 19:00:31 - [TEST_STEP][PASSED] - setText: Text 'Weight 2' is set on object 'Object Repository/Backoffice/match_mgmt/wala_details/input_wala_weight'

2018-11-26 19:00:31 - [MESSAGE][PASSED] - Text 'Weight 2' is set on object 'Object Repository/Backoffice/match_mgmt/wala_details/input_wala_weight'

2018-11-26 19:00:31 - [TEST_STEP][PASSED] - click: Object: 'Object Repository/Backoffice/match_mgmt/input_submit_match' is clicked on

2018-11-26 19:00:32 - [MESSAGE][PASSED] - Object: 'Object Repository/Backoffice/match_mgmt/input_submit_match' is clicked on

2018-11-26 19:00:32 - [TEST_STEP][PASSED] - delay: Delayed 1 second(s)

2018-11-26 19:00:33 - [MESSAGE][PASSED] - Delayed 1 second(s)

2018-11-26 19:00:33 - [TEST_STEP][PASSED] - click: Object: 'Object Repository/Backoffice/match_mgmt/button_create_match' is clicked on

2018-11-26 19:00:33 - [MESSAGE][PASSED] - Object: 'Object Repository/Backoffice/match_mgmt/button_create_match' is clicked on

2018-11-26 19:00:33 - [TEST_STEP][PASSED] - delay: Delayed 1 second(s)

2018-11-26 19:00:34 - [MESSAGE][PASSED] - Delayed 1 second(s)

2018-11-26 19:00:34 - [TEST_STEP][PASSED] - click: Object: 'Object Repository/Backoffice/match_mgmt/span_select_arena_name' is clicked on

2018-11-26 19:00:34 - [MESSAGE][PASSED] - Object: 'Object Repository/Backoffice/match_mgmt/span_select_arena_name' is clicked on

2018-11-26 19:00:34 - [TEST_STEP][PASSED] - setText: Text 'PASIG SQUARE GARDEN - PSG' is set on object 'Object Repository/Backoffice/match_mgmt/input__select2-search__arena_name'

2018-11-26 19:00:35 - [MESSAGE][PASSED] - Text 'PASIG SQUARE GARDEN - PSG' is set on object 'Object Repository/Backoffice/match_mgmt/input__select2-search__arena_name'

2018-11-26 19:00:35 - [TEST_STEP][PASSED] - sendKeys: Keys 'ENTER + ' sent to object: 'Object Repository/Backoffice/match_mgmt/input__select2-search__arena_name'

2018-11-26 19:00:35 - [MESSAGE][PASSED] - Keys 'ENTER + ' sent to object: 'Object Repository/Backoffice/match_mgmt/input__select2-search__arena_name'

2018-11-26 19:00:35 - [TEST_STEP][PASSED] - setText: Text 'AA' is set on object 'Object Repository/Backoffice/match_mgmt/meron_details/input_meron_name'

2018-11-26 19:00:35 - [MESSAGE][PASSED] - Text 'AA' is set on object 'Object Repository/Backoffice/match_mgmt/meron_details/input_meron_name'

2018-11-26 19:00:35 - [TEST_STEP][PASSED] - setText: Text 'Farm 1' is set on object 'Object Repository/Backoffice/match_mgmt/meron_details/input_meron_farm'

2018-11-26 19:00:35 - [MESSAGE][PASSED] - Text 'Farm 1' is set on object 'Object Repository/Backoffice/match_mgmt/meron_details/input_meron_farm'

2018-11-26 19:00:35 - [TEST_STEP][PASSED] - setText: Text 'Breed 1' is set on object 'Object Repository/Backoffice/match_mgmt/meron_details/input_meron_breed'

2018-11-26 19:00:35 - [MESSAGE][PASSED] - Text 'Breed 1' is set on object 'Object Repository/Backoffice/match_mgmt/meron_details/input_meron_breed'

2018-11-26 19:00:35 - [TEST_STEP][PASSED] - setText: Text 'Weight 1' is set on object 'Object Repository/Backoffice/match_mgmt/meron_details/input_meron_weight'

2018-11-26 19:00:35 - [MESSAGE][PASSED] - Text 'Weight 1' is set on object 'Object Repository/Backoffice/match_mgmt/meron_details/input_meron_weight'

2018-11-26 19:00:35 - [TEST_STEP][PASSED] - setText: Text 'BB' is set on object 'Object Repository/Backoffice/match_mgmt/wala_details/input_wala_name'

2018-11-26 19:00:35 - [MESSAGE][PASSED] - Text 'BB' is set on object 'Object Repository/Backoffice/match_mgmt/wala_details/input_wala_name'

2018-11-26 19:00:35 - [TEST_STEP][PASSED] - setText: Text 'Farm 2' is set on object 'Object Repository/Backoffice/match_mgmt/wala_details/input_wala_farm'

2018-11-26 19:00:35 - [MESSAGE][PASSED] - Text 'Farm 2' is set on object 'Object Repository/Backoffice/match_mgmt/wala_details/input_wala_farm'

2018-11-26 19:00:35 - [TEST_STEP][PASSED] - setText: Text 'Breed 2' is set on object 'Object Repository/Backoffice/match_mgmt/wala_details/input_wala_breed'

2018-11-26 19:00:35 - [MESSAGE][PASSED] - Text 'Breed 2' is set on object 'Object Repository/Backoffice/match_mgmt/wala_details/input_wala_breed'

2018-11-26 19:00:35 - [TEST_STEP][PASSED] - setText: Text 'Weight 2' is set on object 'Object Repository/Backoffice/match_mgmt/wala_details/input_wala_weight'

2018-11-26 19:00:36 - [MESSAGE][PASSED] - Text 'Weight 2' is set on object 'Object Repository/Backoffice/match_mgmt/wala_details/input_wala_weight'

2018-11-26 19:00:36 - [TEST_STEP][PASSED] - click: Object: 'Object Repository/Backoffice/match_mgmt/input_submit_match' is clicked on

2018-11-26 19:00:37 - [MESSAGE][PASSED] - Object: 'Object Repository/Backoffice/match_mgmt/input_submit_match' is clicked on

2018-11-26 19:00:37 - [TEST_STEP][PASSED] - delay: Delayed 1 second(s)

2018-11-26 19:00:38 - [MESSAGE][PASSED] - Delayed 1 second(s)

2018-11-26 19:00:38 - [TEST_STEP][PASSED] - click: Object: 'Object Repository/Backoffice/match_mgmt/button_create_match' is clicked on

2018-11-26 19:00:38 - [MESSAGE][PASSED] - Object: 'Object Repository/Backoffice/match_mgmt/button_create_match' is clicked on

2018-11-26 19:00:38 - [TEST_STEP][PASSED] - delay: Delayed 1 second(s)

2018-11-26 19:00:39 - [MESSAGE][PASSED] - Delayed 1 second(s)

2018-11-26 19:00:39 - [TEST_STEP][PASSED] - click: Object: 'Object Repository/Backoffice/match_mgmt/span_select_arena_name' is clicked on

2018-11-26 19:00:39 - [MESSAGE][PASSED] - Object: 'Object Repository/Backoffice/match_mgmt/span_select_arena_name' is clicked on

2018-11-26 19:00:39 - [TEST_STEP][PASSED] - setText: Text 'PASIG SQUARE GARDEN - PSG' is set on object 'Object Repository/Backoffice/match_mgmt/input__select2-search__arena_name'

2018-11-26 19:00:39 - [MESSAGE][PASSED] - Text 'PASIG SQUARE GARDEN - PSG' is set on object 'Object Repository/Backoffice/match_mgmt/input__select2-search__arena_name'

2018-11-26 19:00:39 - [TEST_STEP][PASSED] - sendKeys: Keys 'ENTER + ' sent to object: 'Object Repository/Backoffice/match_mgmt/input__select2-search__arena_name'

2018-11-26 19:00:40 - [MESSAGE][PASSED] - Keys 'ENTER + ' sent to object: 'Object Repository/Backoffice/match_mgmt/input__select2-search__arena_name'

2018-11-26 19:00:40 - [TEST_STEP][PASSED] - setText: Text 'AA' is set on object 'Object Repository/Backoffice/match_mgmt/meron_details/input_meron_name'

2018-11-26 19:00:40 - [MESSAGE][PASSED] - Text 'AA' is set on object 'Object Repository/Backoffice/match_mgmt/meron_details/input_meron_name'

2018-11-26 19:00:40 - [TEST_STEP][PASSED] - setText: Text 'Farm 1' is set on object 'Object Repository/Backoffice/match_mgmt/meron_details/input_meron_farm'

2018-11-26 19:00:40 - [MESSAGE][PASSED] - Text 'Farm 1' is set on object 'Object Repository/Backoffice/match_mgmt/meron_details/input_meron_farm'

2018-11-26 19:00:40 - [TEST_STEP][PASSED] - setText: Text 'Breed 1' is set on object 'Object Repository/Backoffice/match_mgmt/meron_details/input_meron_breed'

2018-11-26 19:00:40 - [MESSAGE][PASSED] - Text 'Breed 1' is set on object 'Object Repository/Backoffice/match_mgmt/meron_details/input_meron_breed'

2018-11-26 19:00:40 - [TEST_STEP][PASSED] - setText: Text 'Weight 1' is set on object 'Object Repository/Backoffice/match_mgmt/meron_details/input_meron_weight'

2018-11-26 19:00:40 - [MESSAGE][PASSED] - Text 'Weight 1' is set on object 'Object Repository/Backoffice/match_mgmt/meron_details/input_meron_weight'

2018-11-26 19:00:40 - [TEST_STEP][PASSED] - setText: Text 'BB' is set on object 'Object Repository/Backoffice/match_mgmt/wala_details/input_wala_name'

2018-11-26 19:00:40 - [MESSAGE][PASSED] - Text 'BB' is set on object 'Object Repository/Backoffice/match_mgmt/wala_details/input_wala_name'

2018-11-26 19:00:40 - [TEST_STEP][PASSED] - setText: Text 'Farm 2' is set on object 'Object Repository/Backoffice/match_mgmt/wala_details/input_wala_farm'

2018-11-26 19:00:40 - [MESSAGE][PASSED] - Text 'Farm 2' is set on object 'Object Repository/Backoffice/match_mgmt/wala_details/input_wala_farm'

2018-11-26 19:00:40 - [TEST_STEP][PASSED] - setText: Text 'Breed 2' is set on object 'Object Repository/Backoffice/match_mgmt/wala_details/input_wala_breed'

2018-11-26 19:00:40 - [MESSAGE][PASSED] - Text 'Breed 2' is set on object 'Object Repository/Backoffice/match_mgmt/wala_details/input_wala_breed'

2018-11-26 19:00:40 - [TEST_STEP][PASSED] - setText: Text 'Weight 2' is set on object 'Object Repository/Backoffice/match_mgmt/wala_details/input_wala_weight'

2018-11-26 19:00:40 - [MESSAGE][PASSED] - Text 'Weight 2' is set on object 'Object Repository/Backoffice/match_mgmt/wala_details/input_wala_weight'

2018-11-26 19:00:40 - [TEST_STEP][PASSED] - click: Object: 'Object Repository/Backoffice/match_mgmt/input_submit_match' is clicked on

2018-11-26 19:00:42 - [MESSAGE][PASSED] - Object: 'Object Repository/Backoffice/match_mgmt/input_submit_match' is clicked on

2018-11-26 19:00:42 - [TEST_STEP][PASSED] - delay: Delayed 1 second(s)

2018-11-26 19:00:43 - [MESSAGE][PASSED] - Delayed 1 second(s)

2018-11-26 19:00:43 - [TEST_STEP][PASSED] - click: Object: 'Object Repository/Backoffice/match_mgmt/button_create_match' is clicked on

2018-11-26 19:00:43 - [MESSAGE][PASSED] - Object: 'Object Repository/Backoffice/match_mgmt/button_create_match' is clicked on

2018-11-26 19:00:43 - [TEST_STEP][PASSED] - delay: Delayed 1 second(s)

2018-11-26 19:00:44 - [MESSAGE][PASSED] - Delayed 1 second(s)

2018-11-26 19:00:44 - [TEST_STEP][PASSED] - click: Object: 'Object Repository/Backoffice/match_mgmt/span_select_arena_name' is clicked on

2018-11-26 19:00:44 - [MESSAGE][PASSED] - Object: 'Object Repository/Backoffice/match_mgmt/span_select_arena_name' is clicked on

2018-11-26 19:00:44 - [TEST_STEP][PASSED] - setText: Text 'PASIG SQUARE GARDEN - PSG' is set on object 'Object Repository/Backoffice/match_mgmt/input__select2-search__arena_name'

2018-11-26 19:00:44 - [MESSAGE][PASSED] - Text 'PASIG SQUARE GARDEN - PSG' is set on object 'Object Repository/Backoffice/match_mgmt/input__select2-search__arena_name'

2018-11-26 19:00:44 - [TEST_STEP][PASSED] - sendKeys: Keys 'ENTER + ' sent to object: 'Object Repository/Backoffice/match_mgmt/input__select2-search__arena_name'

2018-11-26 19:00:44 - [MESSAGE][PASSED] - Keys 'ENTER + ' sent to object: 'Object Repository/Backoffice/match_mgmt/input__select2-search__arena_name'

2018-11-26 19:00:44 - [TEST_STEP][PASSED] - setText: Text 'AA' is set on object 'Object Repository/Backoffice/match_mgmt/meron_details/input_meron_name'

2018-11-26 19:00:44 - [MESSAGE][PASSED] - Text 'AA' is set on object 'Object Repository/Backoffice/match_mgmt/meron_details/input_meron_name'

2018-11-26 19:00:44 - [TEST_STEP][PASSED] - setText: Text 'Farm 1' is set on object 'Object Repository/Backoffice/match_mgmt/meron_details/input_meron_farm'

2018-11-26 19:00:45 - [MESSAGE][PASSED] - Text 'Farm 1' is set on object 'Object Repository/Backoffice/match_mgmt/meron_details/input_meron_farm'

2018-11-26 19:00:45 - [TEST_STEP][PASSED] - setText: Text 'Breed 1' is set on object 'Object Repository/Backoffice/match_mgmt/meron_details/input_meron_breed'

2018-11-26 19:00:45 - [MESSAGE][PASSED] - Text 'Breed 1' is set on object 'Object Repository/Backoffice/match_mgmt/meron_details/input_meron_breed'

2018-11-26 19:00:45 - [TEST_STEP][PASSED] - setText: Text 'Weight 1' is set on object 'Object Repository/Backoffice/match_mgmt/meron_details/input_meron_weight'

2018-11-26 19:00:45 - [MESSAGE][PASSED] - Text 'Weight 1' is set on object 'Object Repository/Backoffice/match_mgmt/meron_details/input_meron_weight'

2018-11-26 19:00:45 - [TEST_STEP][PASSED] - setText: Text 'BB' is set on object 'Object Repository/Backoffice/match_mgmt/wala_details/input_wala_name'

2018-11-26 19:00:45 - [MESSAGE][PASSED] - Text 'BB' is set on object 'Object Repository/Backoffice/match_mgmt/wala_details/input_wala_name'

2018-11-26 19:00:45 - [TEST_STEP][PASSED] - setText: Text 'Farm 2' is set on object 'Object Repository/Backoffice/match_mgmt/wala_details/input_wala_farm'

2018-11-26 19:00:45 - [MESSAGE][PASSED] - Text 'Farm 2' is set on object 'Object Repository/Backoffice/match_mgmt/wala_details/input_wala_farm'

2018-11-26 19:00:45 - [TEST_STEP][PASSED] - setText: Text 'Breed 2' is set on object 'Object Repository/Backoffice/match_mgmt/wala_details/input_wala_breed'

2018-11-26 19:00:45 - [MESSAGE][PASSED] - Text 'Breed 2' is set on object 'Object Repository/Backoffice/match_mgmt/wala_details/input_wala_breed'

2018-11-26 19:00:45 - [TEST_STEP][PASSED] - setText: Text 'Weight 2' is set on object 'Object Repository/Backoffice/match_mgmt/wala_details/input_wala_weight'

2018-11-26 19:00:45 - [MESSAGE][PASSED] - Text 'Weight 2' is set on object 'Object Repository/Backoffice/match_mgmt/wala_details/input_wala_weight'

2018-11-26 19:00:45 - [TEST_STEP][PASSED] - click: Object: 'Object Repository/Backoffice/match_mgmt/input_submit_match' is clicked on

2018-11-26 19:00:47 - [MESSAGE][PASSED] - Object: 'Object Repository/Backoffice/match_mgmt/input_submit_match' is clicked on

2018-11-26 19:00:47 - [TEST_STEP][PASSED] - delay: Delayed 1 second(s)

2018-11-26 19:00:48 - [MESSAGE][PASSED] - Delayed 1 second(s)

2018-11-26 19:00:48 - [TEST_STEP][PASSED] - click: Object: 'Object Repository/Backoffice/match_mgmt/button_create_match' is clicked on

2018-11-26 19:00:48 - [MESSAGE][PASSED] - Object: 'Object Repository/Backoffice/match_mgmt/button_create_match' is clicked on

2018-11-26 19:00:48 - [TEST_STEP][PASSED] - delay: Delayed 1 second(s)

2018-11-26 19:00:49 - [MESSAGE][PASSED] - Delayed 1 second(s)

2018-11-26 19:00:49 - [TEST_STEP][PASSED] - click: Object: 'Object Repository/Backoffice/match_mgmt/span_select_arena_name' is clicked on

2018-11-26 19:00:49 - [MESSAGE][PASSED] - Object: 'Object Repository/Backoffice/match_mgmt/span_select_arena_name' is clicked on

2018-11-26 19:00:49 - [TEST_STEP][PASSED] - setText: Text 'PASIG SQUARE GARDEN - PSG' is set on object 'Object Repository/Backoffice/match_mgmt/input__select2-search__arena_name'

2018-11-26 19:00:49 - [MESSAGE][PASSED] - Text 'PASIG SQUARE GARDEN - PSG' is set on object 'Object Repository/Backoffice/match_mgmt/input__select2-search__arena_name'

2018-11-26 19:00:49 - [TEST_STEP][PASSED] - sendKeys: Keys 'ENTER + ' sent to object: 'Object Repository/Backoffice/match_mgmt/input__select2-search__arena_name'

2018-11-26 19:00:49 - [MESSAGE][PASSED] - Keys 'ENTER + ' sent to object: 'Object Repository/Backoffice/match_mgmt/input__select2-search__arena_name'

2018-11-26 19:00:49 - [TEST_STEP][PASSED] - setText: Text 'AA' is set on object 'Object Repository/Backoffice/match_mgmt/meron_details/input_meron_name'

2018-11-26 19:00:49 - [MESSAGE][PASSED] - Text 'AA' is set on object 'Object Repository/Backoffice/match_mgmt/meron_details/input_meron_name'

2018-11-26 19:00:49 - [TEST_STEP][PASSED] - setText: Text 'Farm 1' is set on object 'Object Repository/Backoffice/match_mgmt/meron_details/input_meron_farm'

2018-11-26 19:00:49 - [MESSAGE][PASSED] - Text 'Farm 1' is set on object 'Object Repository/Backoffice/match_mgmt/meron_details/input_meron_farm'

2018-11-26 19:00:49 - [TEST_STEP][PASSED] - setText: Text 'Breed 1' is set on object 'Object Repository/Backoffice/match_mgmt/meron_details/input_meron_breed'

2018-11-26 19:00:50 - [MESSAGE][PASSED] - Text 'Breed 1' is set on object 'Object Repository/Backoffice/match_mgmt/meron_details/input_meron_breed'

2018-11-26 19:00:50 - [TEST_STEP][PASSED] - setText: Text 'Weight 1' is set on object 'Object Repository/Backoffice/match_mgmt/meron_details/input_meron_weight'

2018-11-26 19:00:50 - [MESSAGE][PASSED] - Text 'Weight 1' is set on object 'Object Repository/Backoffice/match_mgmt/meron_details/input_meron_weight'

2018-11-26 19:00:50 - [TEST_STEP][PASSED] - setText: Text 'BB' is set on object 'Object Repository/Backoffice/match_mgmt/wala_details/input_wala_name'

2018-11-26 19:00:50 - [MESSAGE][PASSED] - Text 'BB' is set on object 'Object Repository/Backoffice/match_mgmt/wala_details/input_wala_name'

2018-11-26 19:00:50 - [TEST_STEP][PASSED] - setText: Text 'Farm 2' is set on object 'Object Repository/Backoffice/match_mgmt/wala_details/input_wala_farm'

2018-11-26 19:00:50 - [MESSAGE][PASSED] - Text 'Farm 2' is set on object 'Object Repository/Backoffice/match_mgmt/wala_details/input_wala_farm'

2018-11-26 19:00:50 - [TEST_STEP][PASSED] - setText: Text 'Breed 2' is set on object 'Object Repository/Backoffice/match_mgmt/wala_details/input_wala_breed'

2018-11-26 19:00:50 - [MESSAGE][PASSED] - Text 'Breed 2' is set on object 'Object Repository/Backoffice/match_mgmt/wala_details/input_wala_breed'

2018-11-26 19:00:50 - [TEST_STEP][PASSED] - setText: Text 'Weight 2' is set on object 'Object Repository/Backoffice/match_mgmt/wala_details/input_wala_weight'

2018-11-26 19:00:50 - [MESSAGE][PASSED] - Text 'Weight 2' is set on object 'Object Repository/Backoffice/match_mgmt/wala_details/input_wala_weight'

2018-11-26 19:00:50 - [TEST_STEP][PASSED] - click: Object: 'Object Repository/Backoffice/match_mgmt/input_submit_match' is clicked on

2018-11-26 19:00:51 - [MESSAGE][PASSED] - Object: 'Object Repository/Backoffice/match_mgmt/input_submit_match' is clicked on

2018-11-26 19:00:51 - [TEST_STEP][PASSED] - delay: Delayed 1 second(s)

2018-11-26 19:00:52 - [MESSAGE][PASSED] - Delayed 1 second(s)

2018-11-26 19:00:52 - [TEST_STEP][PASSED] - click: Object: 'Object Repository/Backoffice/match_mgmt/button_create_match' is clicked on

2018-11-26 19:00:52 - [MESSAGE][PASSED] - Object: 'Object Repository/Backoffice/match_mgmt/button_create_match' is clicked on

2018-11-26 19:00:52 - [TEST_STEP][PASSED] - delay: Delayed 1 second(s)

2018-11-26 19:00:53 - [MESSAGE][PASSED] - Delayed 1 second(s)

2018-11-26 19:00:53 - [TEST_STEP][PASSED] - click: Object: 'Object Repository/Backoffice/match_mgmt/span_select_arena_name' is clicked on

2018-11-26 19:00:53 - [MESSAGE][PASSED] - Object: 'Object Repository/Backoffice/match_mgmt/span_select_arena_name' is clicked on

2018-11-26 19:00:53 - [TEST_STEP][PASSED] - setText: Text 'PASIG SQUARE GARDEN - PSG' is set on object 'Object Repository/Backoffice/match_mgmt/input__select2-search__arena_name'

2018-11-26 19:00:54 - [MESSAGE][PASSED] - Text 'PASIG SQUARE GARDEN - PSG' is set on object 'Object Repository/Backoffice/match_mgmt/input__select2-search__arena_name'

2018-11-26 19:00:54 - [TEST_STEP][PASSED] - sendKeys: Keys 'ENTER + ' sent to object: 'Object Repository/Backoffice/match_mgmt/input__select2-search__arena_name'

2018-11-26 19:00:54 - [MESSAGE][PASSED] - Keys 'ENTER + ' sent to object: 'Object Repository/Backoffice/match_mgmt/input__select2-search__arena_name'

2018-11-26 19:00:54 - [TEST_STEP][PASSED] - setText: Text 'AA' is set on object 'Object Repository/Backoffice/match_mgmt/meron_details/input_meron_name'

2018-11-26 19:00:54 - [MESSAGE][PASSED] - Text 'AA' is set on object 'Object Repository/Backoffice/match_mgmt/meron_details/input_meron_name'

2018-11-26 19:00:54 - [TEST_STEP][PASSED] - setText: Text 'Farm 1' is set on object 'Object Repository/Backoffice/match_mgmt/meron_details/input_meron_farm'

2018-11-26 19:00:54 - [MESSAGE][PASSED] - Text 'Farm 1' is set on object 'Object Repository/Backoffice/match_mgmt/meron_details/input_meron_farm'

2018-11-26 19:00:54 - [TEST_STEP][PASSED] - setText: Text 'Breed 1' is set on object 'Object Repository/Backoffice/match_mgmt/meron_details/input_meron_breed'

2018-11-26 19:00:54 - [MESSAGE][PASSED] - Text 'Breed 1' is set on object 'Object Repository/Backoffice/match_mgmt/meron_details/input_meron_breed'

2018-11-26 19:00:54 - [TEST_STEP][PASSED] - setText: Text 'Weight 1' is set on object 'Object Repository/Backoffice/match_mgmt/meron_details/input_meron_weight'

2018-11-26 19:00:54 - [MESSAGE][PASSED] - Text 'Weight 1' is set on object 'Object Repository/Backoffice/match_mgmt/meron_details/input_meron_weight'

2018-11-26 19:00:54 - [TEST_STEP][PASSED] - setText: Text 'BB' is set on object 'Object Repository/Backoffice/match_mgmt/wala_details/input_wala_name'

2018-11-26 19:00:55 - [MESSAGE][PASSED] - Text 'BB' is set on object 'Object Repository/Backoffice/match_mgmt/wala_details/input_wala_name'

2018-11-26 19:00:55 - [TEST_STEP][PASSED] - setText: Text 'Farm 2' is set on object 'Object Repository/Backoffice/match_mgmt/wala_details/input_wala_farm'

2018-11-26 19:00:55 - [MESSAGE][PASSED] - Text 'Farm 2' is set on object 'Object Repository/Backoffice/match_mgmt/wala_details/input_wala_farm'

2018-11-26 19:00:55 - [TEST_STEP][PASSED] - setText: Text 'Breed 2' is set on object 'Object Repository/Backoffice/match_mgmt/wala_details/input_wala_breed'

2018-11-26 19:00:55 - [MESSAGE][PASSED] - Text 'Breed 2' is set on object 'Object Repository/Backoffice/match_mgmt/wala_details/input_wala_breed'

2018-11-26 19:00:55 - [TEST_STEP][PASSED] - setText: Text 'Weight 2' is set on object 'Object Repository/Backoffice/match_mgmt/wala_details/input_wala_weight'

2018-11-26 19:00:55 - [MESSAGE][PASSED] - Text 'Weight 2' is set on object 'Object Repository/Backoffice/match_mgmt/wala_details/input_wala_weight'

2018-11-26 19:00:55 - [TEST_STEP][PASSED] - click: Object: 'Object Repository/Backoffice/match_mgmt/input_submit_match' is clicked on

2018-11-26 19:00:56 - [MESSAGE][PASSED] - Object: 'Object Repository/Backoffice/match_mgmt/input_submit_match' is clicked on

2018-11-26 19:00:56 - [TEST_STEP][PASSED] - delay: Delayed 1 second(s)

2018-11-26 19:00:57 - [MESSAGE][PASSED] - Delayed 1 second(s)

2018-11-26 19:00:57 - [TEST_STEP][PASSED] - click: Object: 'Object Repository/Backoffice/match_mgmt/button_create_match' is clicked on

2018-11-26 19:00:57 - [MESSAGE][PASSED] - Object: 'Object Repository/Backoffice/match_mgmt/button_create_match' is clicked on

2018-11-26 19:00:57 - [TEST_STEP][PASSED] - delay: Delayed 1 second(s)

2018-11-26 19:00:58 - [MESSAGE][PASSED] - Delayed 1 second(s)

2018-11-26 19:00:58 - [TEST_STEP][PASSED] - click: Object: 'Object Repository/Backoffice/match_mgmt/span_select_arena_name' is clicked on

2018-11-26 19:00:58 - [MESSAGE][PASSED] - Object: 'Object Repository/Backoffice/match_mgmt/span_select_arena_name' is clicked on

2018-11-26 19:00:58 - [TEST_STEP][PASSED] - setText: Text 'PASIG SQUARE GARDEN - PSG' is set on object 'Object Repository/Backoffice/match_mgmt/input__select2-search__arena_name'

2018-11-26 19:00:59 - [MESSAGE][PASSED] - Text 'PASIG SQUARE GARDEN - PSG' is set on object 'Object Repository/Backoffice/match_mgmt/input__select2-search__arena_name'

2018-11-26 19:00:59 - [TEST_STEP][PASSED] - sendKeys: Keys 'ENTER + ' sent to object: 'Object Repository/Backoffice/match_mgmt/input__select2-search__arena_name'

2018-11-26 19:00:59 - [MESSAGE][PASSED] - Keys 'ENTER + ' sent to object: 'Object Repository/Backoffice/match_mgmt/input__select2-search__arena_name'

2018-11-26 19:00:59 - [TEST_STEP][PASSED] - setText: Text 'AA' is set on object 'Object Repository/Backoffice/match_mgmt/meron_details/input_meron_name'

2018-11-26 19:00:59 - [MESSAGE][PASSED] - Text 'AA' is set on object 'Object Repository/Backoffice/match_mgmt/meron_details/input_meron_name'

2018-11-26 19:00:59 - [TEST_STEP][PASSED] - setText: Text 'Farm 1' is set on object 'Object Repository/Backoffice/match_mgmt/meron_details/input_meron_farm'

2018-11-26 19:00:59 - [MESSAGE][PASSED] - Text 'Farm 1' is set on object 'Object Repository/Backoffice/match_mgmt/meron_details/input_meron_farm'

2018-11-26 19:00:59 - [TEST_STEP][PASSED] - setText: Text 'Breed 1' is set on object 'Object Repository/Backoffice/match_mgmt/meron_details/input_meron_breed'

2018-11-26 19:00:59 - [MESSAGE][PASSED] - Text 'Breed 1' is set on object 'Object Repository/Backoffice/match_mgmt/meron_details/input_meron_breed'

2018-11-26 19:00:59 - [TEST_STEP][PASSED] - setText: Text 'Weight 1' is set on object 'Object Repository/Backoffice/match_mgmt/meron_details/input_meron_weight'

2018-11-26 19:00:59 - [MESSAGE][PASSED] - Text 'Weight 1' is set on object 'Object Repository/Backoffice/match_mgmt/meron_details/input_meron_weight'

2018-11-26 19:00:59 - [TEST_STEP][PASSED] - setText: Text 'BB' is set on object 'Object Repository/Backoffice/match_mgmt/wala_details/input_wala_name'

2018-11-26 19:00:59 - [MESSAGE][PASSED] - Text 'BB' is set on object 'Object Repository/Backoffice/match_mgmt/wala_details/input_wala_name'

2018-11-26 19:00:59 - [TEST_STEP][PASSED] - setText: Text 'Farm 2' is set on object 'Object Repository/Backoffice/match_mgmt/wala_details/input_wala_farm'

2018-11-26 19:00:59 - [MESSAGE][PASSED] - Text 'Farm 2' is set on object 'Object Repository/Backoffice/match_mgmt/wala_details/input_wala_farm'

2018-11-26 19:00:59 - [TEST_STEP][PASSED] - setText: Text 'Breed 2' is set on object 'Object Repository/Backoffice/match_mgmt/wala_details/input_wala_breed'

2018-11-26 19:01:00 - [MESSAGE][PASSED] - Text 'Breed 2' is set on object 'Object Repository/Backoffice/match_mgmt/wala_details/input_wala_breed'

2018-11-26 19:01:00 - [TEST_STEP][PASSED] - setText: Text 'Weight 2' is set on object 'Object Repository/Backoffice/match_mgmt/wala_details/input_wala_weight'

2018-11-26 19:01:00 - [MESSAGE][PASSED] - Text 'Weight 2' is set on object 'Object Repository/Backoffice/match_mgmt/wala_details/input_wala_weight'

2018-11-26 19:01:00 - [TEST_STEP][PASSED] - click: Object: 'Object Repository/Backoffice/match_mgmt/input_submit_match' is clicked on

2018-11-26 19:01:01 - [MESSAGE][PASSED] - Object: 'Object Repository/Backoffice/match_mgmt/input_submit_match' is clicked on

2018-11-26 19:01:01 - [TEST_STEP][PASSED] - delay: Delayed 1 second(s)

2018-11-26 19:01:02 - [MESSAGE][PASSED] - Delayed 1 second(s)

2018-11-26 19:01:02 - [TEST_STEP][PASSED] - click: Object: 'Object Repository/Backoffice/match_mgmt/button_create_match' is clicked on

2018-11-26 19:01:02 - [MESSAGE][PASSED] - Object: 'Object Repository/Backoffice/match_mgmt/button_create_match' is clicked on

2018-11-26 19:01:02 - [TEST_STEP][PASSED] - delay: Delayed 1 second(s)

2018-11-26 19:01:03 - [MESSAGE][PASSED] - Delayed 1 second(s)

2018-11-26 19:01:03 - [TEST_STEP][PASSED] - click: Object: 'Object Repository/Backoffice/match_mgmt/span_select_arena_name' is clicked on

2018-11-26 19:01:03 - [MESSAGE][PASSED] - Object: 'Object Repository/Backoffice/match_mgmt/span_select_arena_name' is clicked on

2018-11-26 19:01:03 - [TEST_STEP][PASSED] - setText: Text 'PASIG SQUARE GARDEN - PSG' is set on object 'Object Repository/Backoffice/match_mgmt/input__select2-search__arena_name'

2018-11-26 19:01:04 - [MESSAGE][PASSED] - Text 'PASIG SQUARE GARDEN - PSG' is set on object 'Object Repository/Backoffice/match_mgmt/input__select2-search__arena_name'

2018-11-26 19:01:04 - [TEST_STEP][PASSED] - sendKeys: Keys 'ENTER + ' sent to object: 'Object Repository/Backoffice/match_mgmt/input__select2-search__arena_name'

2018-11-26 19:01:04 - [MESSAGE][PASSED] - Keys 'ENTER + ' sent to object: 'Object Repository/Backoffice/match_mgmt/input__select2-search__arena_name'

2018-11-26 19:01:04 - [TEST_STEP][PASSED] - setText: Text 'AA' is set on object 'Object Repository/Backoffice/match_mgmt/meron_details/input_meron_name'

2018-11-26 19:01:04 - [MESSAGE][PASSED] - Text 'AA' is set on object 'Object Repository/Backoffice/match_mgmt/meron_details/input_meron_name'

2018-11-26 19:01:04 - [TEST_STEP][PASSED] - setText: Text 'Farm 1' is set on object 'Object Repository/Backoffice/match_mgmt/meron_details/input_meron_farm'

2018-11-26 19:01:04 - [MESSAGE][PASSED] - Text 'Farm 1' is set on object 'Object Repository/Backoffice/match_mgmt/meron_details/input_meron_farm'

2018-11-26 19:01:04 - [TEST_STEP][PASSED] - setText: Text 'Breed 1' is set on object 'Object Repository/Backoffice/match_mgmt/meron_details/input_meron_breed'

2018-11-26 19:01:04 - [MESSAGE][PASSED] - Text 'Breed 1' is set on object 'Object Repository/Backoffice/match_mgmt/meron_details/input_meron_breed'

2018-11-26 19:01:04 - [TEST_STEP][PASSED] - setText: Text 'Weight 1' is set on object 'Object Repository/Backoffice/match_mgmt/meron_details/input_meron_weight'

2018-11-26 19:01:04 - [MESSAGE][PASSED] - Text 'Weight 1' is set on object 'Object Repository/Backoffice/match_mgmt/meron_details/input_meron_weight'

2018-11-26 19:01:04 - [TEST_STEP][PASSED] - setText: Text 'BB' is set on object 'Object Repository/Backoffice/match_mgmt/wala_details/input_wala_name'

2018-11-26 19:01:04 - [MESSAGE][PASSED] - Text 'BB' is set on object 'Object Repository/Backoffice/match_mgmt/wala_details/input_wala_name'

2018-11-26 19:01:04 - [TEST_STEP][PASSED] - setText: Text 'Farm 2' is set on object 'Object Repository/Backoffice/match_mgmt/wala_details/input_wala_farm'

2018-11-26 19:01:04 - [MESSAGE][PASSED] - Text 'Farm 2' is set on object 'Object Repository/Backoffice/match_mgmt/wala_details/input_wala_farm'

2018-11-26 19:01:04 - [TEST_STEP][PASSED] - setText: Text 'Breed 2' is set on object 'Object Repository/Backoffice/match_mgmt/wala_details/input_wala_breed'

2018-11-26 19:01:04 - [MESSAGE][PASSED] - Text 'Breed 2' is set on object 'Object Repository/Backoffice/match_mgmt/wala_details/input_wala_breed'

2018-11-26 19:01:04 - [TEST_STEP][PASSED] - setText: Text 'Weight 2' is set on object 'Object Repository/Backoffice/match_mgmt/wala_details/input_wala_weight'

2018-11-26 19:01:04 - [MESSAGE][PASSED] - Text 'Weight 2' is set on object 'Object Repository/Backoffice/match_mgmt/wala_details/input_wala_weight'

2018-11-26 19:01:04 - [TEST_STEP][PASSED] - click: Object: 'Object Repository/Backoffice/match_mgmt/input_submit_match' is clicked on

2018-11-26 19:01:06 - [MESSAGE][PASSED] - Object: 'Object Repository/Backoffice/match_mgmt/input_submit_match' is clicked on

2018-11-26 19:01:06 - [TEST_STEP][PASSED] - delay: Delayed 1 second(s)

2018-11-26 19:01:07 - [MESSAGE][PASSED] - Delayed 1 second(s)

2018-11-26 19:01:07 - [TEST_STEP][PASSED] - click: Object: 'Object Repository/Backoffice/match_mgmt/button_create_match' is clicked on

2018-11-26 19:01:07 - [MESSAGE][PASSED] - Object: 'Object Repository/Backoffice/match_mgmt/button_create_match' is clicked on

2018-11-26 19:01:07 - [TEST_STEP][PASSED] - delay: Delayed 1 second(s)

2018-11-26 19:01:08 - [MESSAGE][PASSED] - Delayed 1 second(s)

2018-11-26 19:01:08 - [TEST_STEP][PASSED] - click: Object: 'Object Repository/Backoffice/match_mgmt/span_select_arena_name' is clicked on

2018-11-26 19:01:08 - [MESSAGE][PASSED] - Object: 'Object Repository/Backoffice/match_mgmt/span_select_arena_name' is clicked on

2018-11-26 19:01:08 - [TEST_STEP][PASSED] - setText: Text 'PASIG SQUARE GARDEN - PSG' is set on object 'Object Repository/Backoffice/match_mgmt/input__select2-search__arena_name'

2018-11-26 19:01:08 - [MESSAGE][PASSED] - Text 'PASIG SQUARE GARDEN - PSG' is set on object 'Object Repository/Backoffice/match_mgmt/input__select2-search__arena_name'

2018-11-26 19:01:08 - [TEST_STEP][PASSED] - sendKeys: Keys 'ENTER + ' sent to object: 'Object Repository/Backoffice/match_mgmt/input__select2-search__arena_name'

2018-11-26 19:01:08 - [MESSAGE][PASSED] - Keys 'ENTER + ' sent to object: 'Object Repository/Backoffice/match_mgmt/input__select2-search__arena_name'

2018-11-26 19:01:08 - [TEST_STEP][PASSED] - setText: Text 'AA' is set on object 'Object Repository/Backoffice/match_mgmt/meron_details/input_meron_name'

2018-11-26 19:01:08 - [MESSAGE][PASSED] - Text 'AA' is set on object 'Object Repository/Backoffice/match_mgmt/meron_details/input_meron_name'

2018-11-26 19:01:08 - [TEST_STEP][PASSED] - setText: Text 'Farm 1' is set on object 'Object Repository/Backoffice/match_mgmt/meron_details/input_meron_farm'

2018-11-26 19:01:08 - [MESSAGE][PASSED] - Text 'Farm 1' is set on object 'Object Repository/Backoffice/match_mgmt/meron_details/input_meron_farm'

2018-11-26 19:01:08 - [TEST_STEP][PASSED] - setText: Text 'Breed 1' is set on object 'Object Repository/Backoffice/match_mgmt/meron_details/input_meron_breed'

2018-11-26 19:01:08 - [MESSAGE][PASSED] - Text 'Breed 1' is set on object 'Object Repository/Backoffice/match_mgmt/meron_details/input_meron_breed'

2018-11-26 19:01:08 - [TEST_STEP][PASSED] - setText: Text 'Weight 1' is set on object 'Object Repository/Backoffice/match_mgmt/meron_details/input_meron_weight'

2018-11-26 19:01:09 - [MESSAGE][PASSED] - Text 'Weight 1' is set on object 'Object Repository/Backoffice/match_mgmt/meron_details/input_meron_weight'

2018-11-26 19:01:09 - [TEST_STEP][PASSED] - setText: Text 'BB' is set on object 'Object Repository/Backoffice/match_mgmt/wala_details/input_wala_name'

2018-11-26 19:01:09 - [MESSAGE][PASSED] - Text 'BB' is set on object 'Object Repository/Backoffice/match_mgmt/wala_details/input_wala_name'

2018-11-26 19:01:09 - [TEST_STEP][PASSED] - setText: Text 'Farm 2' is set on object 'Object Repository/Backoffice/match_mgmt/wala_details/input_wala_farm'

2018-11-26 19:01:09 - [MESSAGE][PASSED] - Text 'Farm 2' is set on object 'Object Repository/Backoffice/match_mgmt/wala_details/input_wala_farm'

2018-11-26 19:01:09 - [TEST_STEP][PASSED] - setText: Text 'Breed 2' is set on object 'Object Repository/Backoffice/match_mgmt/wala_details/input_wala_breed'

2018-11-26 19:01:09 - [MESSAGE][PASSED] - Text 'Breed 2' is set on object 'Object Repository/Backoffice/match_mgmt/wala_details/input_wala_breed'

2018-11-26 19:01:09 - [TEST_STEP][PASSED] - setText: Text 'Weight 2' is set on object 'Object Repository/Backoffice/match_mgmt/wala_details/input_wala_weight'

2018-11-26 19:01:09 - [MESSAGE][PASSED] - Text 'Weight 2' is set on object 'Object Repository/Backoffice/match_mgmt/wala_details/input_wala_weight'

2018-11-26 19:01:09 - [TEST_STEP][PASSED] - click: Object: 'Object Repository/Backoffice/match_mgmt/input_submit_match' is clicked on

2018-11-26 19:01:10 - [MESSAGE][PASSED] - Object: 'Object Repository/Backoffice/match_mgmt/input_submit_match' is clicked on

2018-11-26 19:01:10 - [TEST_STEP][PASSED] - delay: Delayed 1 second(s)

2018-11-26 19:01:11 - [MESSAGE][PASSED] - Delayed 1 second(s)

2018-11-26 19:01:11 - [TEST_STEP][PASSED] - click: Object: 'Object Repository/Backoffice/match_mgmt/button_create_match' is clicked on

2018-11-26 19:01:11 - [MESSAGE][PASSED] - Object: 'Object Repository/Backoffice/match_mgmt/button_create_match' is clicked on

2018-11-26 19:01:11 - [TEST_STEP][PASSED] - delay: Delayed 1 second(s)

2018-11-26 19:01:12 - [MESSAGE][PASSED] - Delayed 1 second(s)

2018-11-26 19:01:12 - [TEST_STEP][PASSED] - click: Object: 'Object Repository/Backoffice/match_mgmt/span_select_arena_name' is clicked on

2018-11-26 19:01:13 - [MESSAGE][PASSED] - Object: 'Object Repository/Backoffice/match_mgmt/span_select_arena_name' is clicked on

2018-11-26 19:01:13 - [TEST_STEP][PASSED] - setText: Text 'PASIG SQUARE GARDEN - PSG' is set on object 'Object Repository/Backoffice/match_mgmt/input__select2-search__arena_name'

2018-11-26 19:01:13 - [MESSAGE][PASSED] - Text 'PASIG SQUARE GARDEN - PSG' is set on object 'Object Repository/Backoffice/match_mgmt/input__select2-search__arena_name'

2018-11-26 19:01:13 - [TEST_STEP][PASSED] - sendKeys: Keys 'ENTER + ' sent to object: 'Object Repository/Backoffice/match_mgmt/input__select2-search__arena_name'

2018-11-26 19:01:13 - [MESSAGE][PASSED] - Keys 'ENTER + ' sent to object: 'Object Repository/Backoffice/match_mgmt/input__select2-search__arena_name'

2018-11-26 19:01:13 - [TEST_STEP][PASSED] - setText: Text 'AA' is set on object 'Object Repository/Backoffice/match_mgmt/meron_details/input_meron_name'

2018-11-26 19:01:13 - [MESSAGE][PASSED] - Text 'AA' is set on object 'Object Repository/Backoffice/match_mgmt/meron_details/input_meron_name'

2018-11-26 19:01:13 - [TEST_STEP][PASSED] - setText: Text 'Farm 1' is set on object 'Object Repository/Backoffice/match_mgmt/meron_details/input_meron_farm'

2018-11-26 19:01:13 - [MESSAGE][PASSED] - Text 'Farm 1' is set on object 'Object Repository/Backoffice/match_mgmt/meron_details/input_meron_farm'

2018-11-26 19:01:13 - [TEST_STEP][PASSED] - setText: Text 'Breed 1' is set on object 'Object Repository/Backoffice/match_mgmt/meron_details/input_meron_breed'

2018-11-26 19:01:13 - [MESSAGE][PASSED] - Text 'Breed 1' is set on object 'Object Repository/Backoffice/match_mgmt/meron_details/input_meron_breed'

2018-11-26 19:01:13 - [TEST_STEP][PASSED] - setText: Text 'Weight 1' is set on object 'Object Repository/Backoffice/match_mgmt/meron_details/input_meron_weight'

2018-11-26 19:01:13 - [MESSAGE][PASSED] - Text 'Weight 1' is set on object 'Object Repository/Backoffice/match_mgmt/meron_details/input_meron_weight'

2018-11-26 19:01:13 - [TEST_STEP][PASSED] - setText: Text 'BB' is set on object 'Object Repository/Backoffice/match_mgmt/wala_details/input_wala_name'

2018-11-26 19:01:14 - [MESSAGE][PASSED] - Text 'BB' is set on object 'Object Repository/Backoffice/match_mgmt/wala_details/input_wala_name'

2018-11-26 19:01:14 - [TEST_STEP][PASSED] - setText: Text 'Farm 2' is set on object 'Object Repository/Backoffice/match_mgmt/wala_details/input_wala_farm'

2018-11-26 19:01:14 - [MESSAGE][PASSED] - Text 'Farm 2' is set on object 'Object Repository/Backoffice/match_mgmt/wala_details/input_wala_farm'

2018-11-26 19:01:14 - [TEST_STEP][PASSED] - setText: Text 'Breed 2' is set on object 'Object Repository/Backoffice/match_mgmt/wala_details/input_wala_breed'

2018-11-26 19:01:14 - [MESSAGE][PASSED] - Text 'Breed 2' is set on object 'Object Repository/Backoffice/match_mgmt/wala_details/input_wala_breed'

2018-11-26 19:01:14 - [TEST_STEP][PASSED] - setText: Text 'Weight 2' is set on object 'Object Repository/Backoffice/match_mgmt/wala_details/input_wala_weight'

2018-11-26 19:01:14 - [MESSAGE][PASSED] - Text 'Weight 2' is set on object 'Object Repository/Backoffice/match_mgmt/wala_details/input_wala_weight'

2018-11-26 19:01:14 - [TEST_STEP][PASSED] - click: Object: 'Object Repository/Backoffice/match_mgmt/input_submit_match' is clicked on

2018-11-26 19:01:15 - [MESSAGE][PASSED] - Object: 'Object Repository/Backoffice/match_mgmt/input_submit_match' is clicked on

2018-11-26 19:01:15 - [TEST_STEP][PASSED] - delay: Delayed 1 second(s)

2018-11-26 19:01:16 - [MESSAGE][PASSED] - Delayed 1 second(s)

2018-11-26 19:01:16 - [TEST_STEP][PASSED] - click: Object: 'Object Repository/Backoffice/match_mgmt/button_create_match' is clicked on

2018-11-26 19:01:16 - [MESSAGE][PASSED] - Object: 'Object Repository/Backoffice/match_mgmt/button_create_match' is clicked on

2018-11-26 19:01:16 - [TEST_STEP][PASSED] - delay: Delayed 1 second(s)

2018-11-26 19:01:17 - [MESSAGE][PASSED] - Delayed 1 second(s)

2018-11-26 19:01:17 - [TEST_STEP][PASSED] - click: Object: 'Object Repository/Backoffice/match_mgmt/span_select_arena_name' is clicked on

2018-11-26 19:01:17 - [MESSAGE][PASSED] - Object: 'Object Repository/Backoffice/match_mgmt/span_select_arena_name' is clicked on

2018-11-26 19:01:17 - [TEST_STEP][PASSED] - setText: Text 'PASIG SQUARE GARDEN - PSG' is set on object 'Object Repository/Backoffice/match_mgmt/input__select2-search__arena_name'

2018-11-26 19:01:18 - [MESSAGE][PASSED] - Text 'PASIG SQUARE GARDEN - PSG' is set on object 'Object Repository/Backoffice/match_mgmt/input__select2-search__arena_name'

2018-11-26 19:01:18 - [TEST_STEP][PASSED] - sendKeys: Keys 'ENTER + ' sent to object: 'Object Repository/Backoffice/match_mgmt/input__select2-search__arena_name'

2018-11-26 19:01:18 - [MESSAGE][PASSED] - Keys 'ENTER + ' sent to object: 'Object Repository/Backoffice/match_mgmt/input__select2-search__arena_name'

2018-11-26 19:01:18 - [TEST_STEP][PASSED] - setText: Text 'AA' is set on object 'Object Repository/Backoffice/match_mgmt/meron_details/input_meron_name'

2018-11-26 19:01:18 - [MESSAGE][PASSED] - Text 'AA' is set on object 'Object Repository/Backoffice/match_mgmt/meron_details/input_meron_name'

2018-11-26 19:01:18 - [TEST_STEP][PASSED] - setText: Text 'Farm 1' is set on object 'Object Repository/Backoffice/match_mgmt/meron_details/input_meron_farm'

2018-11-26 19:01:18 - [MESSAGE][PASSED] - Text 'Farm 1' is set on object 'Object Repository/Backoffice/match_mgmt/meron_details/input_meron_farm'

2018-11-26 19:01:18 - [TEST_STEP][PASSED] - setText: Text 'Breed 1' is set on object 'Object Repository/Backoffice/match_mgmt/meron_details/input_meron_breed'

2018-11-26 19:01:18 - [MESSAGE][PASSED] - Text 'Breed 1' is set on object 'Object Repository/Backoffice/match_mgmt/meron_details/input_meron_breed'

2018-11-26 19:01:18 - [TEST_STEP][PASSED] - setText: Text 'Weight 1' is set on object 'Object Repository/Backoffice/match_mgmt/meron_details/input_meron_weight'

2018-11-26 19:01:18 - [MESSAGE][PASSED] - Text 'Weight 1' is set on object 'Object Repository/Backoffice/match_mgmt/meron_details/input_meron_weight'

2018-11-26 19:01:18 - [TEST_STEP][PASSED] - setText: Text 'BB' is set on object 'Object Repository/Backoffice/match_mgmt/wala_details/input_wala_name'

2018-11-26 19:01:18 - [MESSAGE][PASSED] - Text 'BB' is set on object 'Object Repository/Backoffice/match_mgmt/wala_details/input_wala_name'

2018-11-26 19:01:18 - [TEST_STEP][PASSED] - setText: Text 'Farm 2' is set on object 'Object Repository/Backoffice/match_mgmt/wala_details/input_wala_farm'

2018-11-26 19:01:18 - [MESSAGE][PASSED] - Text 'Farm 2' is set on object 'Object Repository/Backoffice/match_mgmt/wala_details/input_wala_farm'

2018-11-26 19:01:18 - [TEST_STEP][PASSED] - setText: Text 'Breed 2' is set on object 'Object Repository/Backoffice/match_mgmt/wala_details/input_wala_breed'

2018-11-26 19:01:19 - [MESSAGE][PASSED] - Text 'Breed 2' is set on object 'Object Repository/Backoffice/match_mgmt/wala_details/input_wala_breed'

2018-11-26 19:01:19 - [TEST_STEP][PASSED] - setText: Text 'Weight 2' is set on object 'Object Repository/Backoffice/match_mgmt/wala_details/input_wala_weight'

2018-11-26 19:01:19 - [MESSAGE][PASSED] - Text 'Weight 2' is set on object 'Object Repository/Backoffice/match_mgmt/wala_details/input_wala_weight'

2018-11-26 19:01:19 - [TEST_STEP][PASSED] - click: Object: 'Object Repository/Backoffice/match_mgmt/input_submit_match' is clicked on

2018-11-26 19:01:20 - [MESSAGE][PASSED] - Object: 'Object Repository/Backoffice/match_mgmt/input_submit_match' is clicked on

2018-11-26 19:01:20 - [TEST_STEP][PASSED] - delay: Delayed 1 second(s)

2018-11-26 19:01:21 - [MESSAGE][PASSED] - Delayed 1 second(s)

2018-11-26 19:01:21 - [TEST_STEP][PASSED] - click: Object: 'Object Repository/Backoffice/match_mgmt/button_create_match' is clicked on

2018-11-26 19:01:21 - [MESSAGE][PASSED] - Object: 'Object Repository/Backoffice/match_mgmt/button_create_match' is clicked on

2018-11-26 19:01:21 - [TEST_STEP][PASSED] - delay: Delayed 1 second(s)

2018-11-26 19:01:22 - [MESSAGE][PASSED] - Delayed 1 second(s)

2018-11-26 19:01:22 - [TEST_STEP][PASSED] - click: Object: 'Object Repository/Backoffice/match_mgmt/span_select_arena_name' is clicked on

2018-11-26 19:01:22 - [MESSAGE][PASSED] - Object: 'Object Repository/Backoffice/match_mgmt/span_select_arena_name' is clicked on

2018-11-26 19:01:22 - [TEST_STEP][PASSED] - setText: Text 'PASIG SQUARE GARDEN - PSG' is set on object 'Object Repository/Backoffice/match_mgmt/input__select2-search__arena_name'

2018-11-26 19:01:22 - [MESSAGE][PASSED] - Text 'PASIG SQUARE GARDEN - PSG' is set on object 'Object Repository/Backoffice/match_mgmt/input__select2-search__arena_name'

2018-11-26 19:01:22 - [TEST_STEP][PASSED] - sendKeys: Keys 'ENTER + ' sent to object: 'Object Repository/Backoffice/match_mgmt/input__select2-search__arena_name'

2018-11-26 19:01:22 - [MESSAGE][PASSED] - Keys 'ENTER + ' sent to object: 'Object Repository/Backoffice/match_mgmt/input__select2-search__arena_name'

2018-11-26 19:01:22 - [TEST_STEP][PASSED] - setText: Text 'AA' is set on object 'Object Repository/Backoffice/match_mgmt/meron_details/input_meron_name'

2018-11-26 19:01:23 - [MESSAGE][PASSED] - Text 'AA' is set on object 'Object Repository/Backoffice/match_mgmt/meron_details/input_meron_name'

2018-11-26 19:01:23 - [TEST_STEP][PASSED] - setText: Text 'Farm 1' is set on object 'Object Repository/Backoffice/match_mgmt/meron_details/input_meron_farm'

2018-11-26 19:01:23 - [MESSAGE][PASSED] - Text 'Farm 1' is set on object 'Object Repository/Backoffice/match_mgmt/meron_details/input_meron_farm'

2018-11-26 19:01:23 - [TEST_STEP][PASSED] - setText: Text 'Breed 1' is set on object 'Object Repository/Backoffice/match_mgmt/meron_details/input_meron_breed'

2018-11-26 19:01:23 - [MESSAGE][PASSED] - Text 'Breed 1' is set on object 'Object Repository/Backoffice/match_mgmt/meron_details/input_meron_breed'

2018-11-26 19:01:23 - [TEST_STEP][PASSED] - setText: Text 'Weight 1' is set on object 'Object Repository/Backoffice/match_mgmt/meron_details/input_meron_weight'

2018-11-26 19:01:23 - [MESSAGE][PASSED] - Text 'Weight 1' is set on object 'Object Repository/Backoffice/match_mgmt/meron_details/input_meron_weight'

2018-11-26 19:01:23 - [TEST_STEP][PASSED] - setText: Text 'BB' is set on object 'Object Repository/Backoffice/match_mgmt/wala_details/input_wala_name'

2018-11-26 19:01:23 - [MESSAGE][PASSED] - Text 'BB' is set on object 'Object Repository/Backoffice/match_mgmt/wala_details/input_wala_name'

2018-11-26 19:01:23 - [TEST_STEP][PASSED] - setText: Text 'Farm 2' is set on object 'Object Repository/Backoffice/match_mgmt/wala_details/input_wala_farm'

2018-11-26 19:01:23 - [MESSAGE][PASSED] - Text 'Farm 2' is set on object 'Object Repository/Backoffice/match_mgmt/wala_details/input_wala_farm'

2018-11-26 19:01:23 - [TEST_STEP][PASSED] - setText: Text 'Breed 2' is set on object 'Object Repository/Backoffice/match_mgmt/wala_details/input_wala_breed'

2018-11-26 19:01:23 - [MESSAGE][PASSED] - Text 'Breed 2' is set on object 'Object Repository/Backoffice/match_mgmt/wala_details/input_wala_breed'

2018-11-26 19:01:23 - [TEST_STEP][PASSED] - setText: Text 'Weight 2' is set on object 'Object Repository/Backoffice/match_mgmt/wala_details/input_wala_weight'

2018-11-26 19:01:23 - [MESSAGE][PASSED] - Text 'Weight 2' is set on object 'Object Repository/Backoffice/match_mgmt/wala_details/input_wala_weight'

2018-11-26 19:01:23 - [TEST_STEP][PASSED] - click: Object: 'Object Repository/Backoffice/match_mgmt/input_submit_match' is clicked on

2018-11-26 19:01:25 - [MESSAGE][PASSED] - Object: 'Object Repository/Backoffice/match_mgmt/input_submit_match' is clicked on

2018-11-26 19:01:25 - [TEST_STEP][PASSED] - delay: Delayed 1 second(s)

2018-11-26 19:01:26 - [MESSAGE][PASSED] - Delayed 1 second(s)

2018-11-26 19:01:26 - [TEST_STEP][PASSED] - click: Object: 'Object Repository/Backoffice/match_mgmt/button_create_match' is clicked on

2018-11-26 19:01:26 - [MESSAGE][PASSED] - Object: 'Object Repository/Backoffice/match_mgmt/button_create_match' is clicked on

2018-11-26 19:01:26 - [TEST_STEP][PASSED] - delay: Delayed 1 second(s)

2018-11-26 19:01:27 - [MESSAGE][PASSED] - Delayed 1 second(s)

2018-11-26 19:01:27 - [TEST_STEP][PASSED] - click: Object: 'Object Repository/Backoffice/match_mgmt/span_select_arena_name' is clicked on

2018-11-26 19:01:27 - [MESSAGE][PASSED] - Object: 'Object Repository/Backoffice/match_mgmt/span_select_arena_name' is clicked on

2018-11-26 19:01:27 - [TEST_STEP][PASSED] - setText: Text 'PASIG SQUARE GARDEN - PSG' is set on object 'Object Repository/Backoffice/match_mgmt/input__select2-search__arena_name'

2018-11-26 19:01:27 - [MESSAGE][PASSED] - Text 'PASIG SQUARE GARDEN - PSG' is set on object 'Object Repository/Backoffice/match_mgmt/input__select2-search__arena_name'

2018-11-26 19:01:27 - [TEST_STEP][PASSED] - sendKeys: Keys 'ENTER + ' sent to object: 'Object Repository/Backoffice/match_mgmt/input__select2-search__arena_name'

2018-11-26 19:01:27 - [MESSAGE][PASSED] - Keys 'ENTER + ' sent to object: 'Object Repository/Backoffice/match_mgmt/input__select2-search__arena_name'

2018-11-26 19:01:27 - [TEST_STEP][PASSED] - setText: Text 'AA' is set on object 'Object Repository/Backoffice/match_mgmt/meron_details/input_meron_name'

2018-11-26 19:01:27 - [MESSAGE][PASSED] - Text 'AA' is set on object 'Object Repository/Backoffice/match_mgmt/meron_details/input_meron_name'

2018-11-26 19:01:27 - [TEST_STEP][PASSED] - setText: Text 'Farm 1' is set on object 'Object Repository/Backoffice/match_mgmt/meron_details/input_meron_farm'

2018-11-26 19:01:27 - [MESSAGE][PASSED] - Text 'Farm 1' is set on object 'Object Repository/Backoffice/match_mgmt/meron_details/input_meron_farm'

2018-11-26 19:01:27 - [TEST_STEP][PASSED] - setText: Text 'Breed 1' is set on object 'Object Repository/Backoffice/match_mgmt/meron_details/input_meron_breed'

2018-11-26 19:01:28 - [MESSAGE][PASSED] - Text 'Breed 1' is set on object 'Object Repository/Backoffice/match_mgmt/meron_details/input_meron_breed'

2018-11-26 19:01:28 - [TEST_STEP][PASSED] - setText: Text 'Weight 1' is set on object 'Object Repository/Backoffice/match_mgmt/meron_details/input_meron_weight'

2018-11-26 19:01:28 - [MESSAGE][PASSED] - Text 'Weight 1' is set on object 'Object Repository/Backoffice/match_mgmt/meron_details/input_meron_weight'

2018-11-26 19:01:28 - [TEST_STEP][PASSED] - setText: Text 'BB' is set on object 'Object Repository/Backoffice/match_mgmt/wala_details/input_wala_name'

2018-11-26 19:01:28 - [MESSAGE][PASSED] - Text 'BB' is set on object 'Object Repository/Backoffice/match_mgmt/wala_details/input_wala_name'

2018-11-26 19:01:28 - [TEST_STEP][PASSED] - setText: Text 'Farm 2' is set on object 'Object Repository/Backoffice/match_mgmt/wala_details/input_wala_farm'

2018-11-26 19:01:28 - [MESSAGE][PASSED] - Text 'Farm 2' is set on object 'Object Repository/Backoffice/match_mgmt/wala_details/input_wala_farm'

2018-11-26 19:01:28 - [TEST_STEP][PASSED] - setText: Text 'Breed 2' is set on object 'Object Repository/Backoffice/match_mgmt/wala_details/input_wala_breed'

2018-11-26 19:01:28 - [MESSAGE][PASSED] - Text 'Breed 2' is set on object 'Object Repository/Backoffice/match_mgmt/wala_details/input_wala_breed'

2018-11-26 19:01:28 - [TEST_STEP][PASSED] - setText: Text 'Weight 2' is set on object 'Object Repository/Backoffice/match_mgmt/wala_details/input_wala_weight'

2018-11-26 19:01:28 - [MESSAGE][PASSED] - Text 'Weight 2' is set on object 'Object Repository/Backoffice/match_mgmt/wala_details/input_wala_weight'

2018-11-26 19:01:28 - [TEST_STEP][PASSED] - click: Object: 'Object Repository/Backoffice/match_mgmt/input_submit_match' is clicked on

2018-11-26 19:01:29 - [MESSAGE][PASSED] - Object: 'Object Repository/Backoffice/match_mgmt/input_submit_match' is clicked on

2018-11-26 19:01:29 - [TEST_STEP][PASSED] - delay: Delayed 1 second(s)

2018-11-26 19:01:30 - [MESSAGE][PASSED] - Delayed 1 second(s)

2018-11-26 19:01:30 - [TEST_STEP][PASSED] - click: Object: 'Object Repository/Backoffice/match_mgmt/button_create_match' is clicked on

2018-11-26 19:01:30 - [MESSAGE][PASSED] - Object: 'Object Repository/Backoffice/match_mgmt/button_create_match' is clicked on

2018-11-26 19:01:30 - [TEST_STEP][PASSED] - delay: Delayed 1 second(s)

2018-11-26 19:01:31 - [MESSAGE][PASSED] - Delayed 1 second(s)

2018-11-26 19:01:31 - [TEST_STEP][PASSED] - click: Object: 'Object Repository/Backoffice/match_mgmt/span_select_arena_name' is clicked on

2018-11-26 19:01:32 - [MESSAGE][PASSED] - Object: 'Object Repository/Backoffice/match_mgmt/span_select_arena_name' is clicked on

2018-11-26 19:01:32 - [TEST_STEP][PASSED] - setText: Text 'PASIG SQUARE GARDEN - PSG' is set on object 'Object Repository/Backoffice/match_mgmt/input__select2-search__arena_name'

2018-11-26 19:01:32 - [MESSAGE][PASSED] - Text 'PASIG SQUARE GARDEN - PSG' is set on object 'Object Repository/Backoffice/match_mgmt/input__select2-search__arena_name'

2018-11-26 19:01:32 - [TEST_STEP][PASSED] - sendKeys: Keys 'ENTER + ' sent to object: 'Object Repository/Backoffice/match_mgmt/input__select2-search__arena_name'

2018-11-26 19:01:32 - [MESSAGE][PASSED] - Keys 'ENTER + ' sent to object: 'Object Repository/Backoffice/match_mgmt/input__select2-search__arena_name'

2018-11-26 19:01:32 - [TEST_STEP][PASSED] - setText: Text 'AA' is set on object 'Object Repository/Backoffice/match_mgmt/meron_details/input_meron_name'

2018-11-26 19:01:32 - [MESSAGE][PASSED] - Text 'AA' is set on object 'Object Repository/Backoffice/match_mgmt/meron_details/input_meron_name'

2018-11-26 19:01:32 - [TEST_STEP][PASSED] - setText: Text 'Farm 1' is set on object 'Object Repository/Backoffice/match_mgmt/meron_details/input_meron_farm'

2018-11-26 19:01:32 - [MESSAGE][PASSED] - Text 'Farm 1' is set on object 'Object Repository/Backoffice/match_mgmt/meron_details/input_meron_farm'

2018-11-26 19:01:32 - [TEST_STEP][PASSED] - setText: Text 'Breed 1' is set on object 'Object Repository/Backoffice/match_mgmt/meron_details/input_meron_breed'

2018-11-26 19:01:32 - [MESSAGE][PASSED] - Text 'Breed 1' is set on object 'Object Repository/Backoffice/match_mgmt/meron_details/input_meron_breed'

2018-11-26 19:01:32 - [TEST_STEP][PASSED] - setText: Text 'Weight 1' is set on object 'Object Repository/Backoffice/match_mgmt/meron_details/input_meron_weight'

2018-11-26 19:01:33 - [MESSAGE][PASSED] - Text 'Weight 1' is set on object 'Object Repository/Backoffice/match_mgmt/meron_details/input_meron_weight'

2018-11-26 19:01:33 - [TEST_STEP][PASSED] - setText: Text 'BB' is set on object 'Object Repository/Backoffice/match_mgmt/wala_details/input_wala_name'

2018-11-26 19:01:33 - [MESSAGE][PASSED] - Text 'BB' is set on object 'Object Repository/Backoffice/match_mgmt/wala_details/input_wala_name'

2018-11-26 19:01:33 - [TEST_STEP][PASSED] - setText: Text 'Farm 2' is set on object 'Object Repository/Backoffice/match_mgmt/wala_details/input_wala_farm'

2018-11-26 19:01:33 - [MESSAGE][PASSED] - Text 'Farm 2' is set on object 'Object Repository/Backoffice/match_mgmt/wala_details/input_wala_farm'

2018-11-26 19:01:33 - [TEST_STEP][PASSED] - setText: Text 'Breed 2' is set on object 'Object Repository/Backoffice/match_mgmt/wala_details/input_wala_breed'

2018-11-26 19:01:33 - [MESSAGE][PASSED] - Text 'Breed 2' is set on object 'Object Repository/Backoffice/match_mgmt/wala_details/input_wala_breed'

2018-11-26 19:01:33 - [TEST_STEP][PASSED] - setText: Text 'Weight 2' is set on object 'Object Repository/Backoffice/match_mgmt/wala_details/input_wala_weight'

2018-11-26 19:01:33 - [MESSAGE][PASSED] - Text 'Weight 2' is set on object 'Object Repository/Backoffice/match_mgmt/wala_details/input_wala_weight'

2018-11-26 19:01:33 - [TEST_STEP][PASSED] - click: Object: 'Object Repository/Backoffice/match_mgmt/input_submit_match' is clicked on

2018-11-26 19:01:34 - [MESSAGE][PASSED] - Object: 'Object Repository/Backoffice/match_mgmt/input_submit_match' is clicked on

2018-11-26 19:01:34 - [TEST_STEP][PASSED] - delay: Delayed 1 second(s)

2018-11-26 19:01:35 - [MESSAGE][PASSED] - Delayed 1 second(s)

2018-11-26 19:01:35 - [TEST_STEP][PASSED] - click: Object: 'Object Repository/Backoffice/match_mgmt/button_create_match' is clicked on

2018-11-26 19:01:35 - [MESSAGE][PASSED] - Object: 'Object Repository/Backoffice/match_mgmt/button_create_match' is clicked on

2018-11-26 19:01:35 - [TEST_STEP][PASSED] - delay: Delayed 1 second(s)

2018-11-26 19:01:36 - [MESSAGE][PASSED] - Delayed 1 second(s)

2018-11-26 19:01:36 - [TEST_STEP][PASSED] - click: Object: 'Object Repository/Backoffice/match_mgmt/span_select_arena_name' is clicked on

2018-11-26 19:01:36 - [MESSAGE][PASSED] - Object: 'Object Repository/Backoffice/match_mgmt/span_select_arena_name' is clicked on

2018-11-26 19:01:36 - [TEST_STEP][PASSED] - setText: Text 'PASIG SQUARE GARDEN - PSG' is set on object 'Object Repository/Backoffice/match_mgmt/input__select2-search__arena_name'

2018-11-26 19:01:37 - [MESSAGE][PASSED] - Text 'PASIG SQUARE GARDEN - PSG' is set on object 'Object Repository/Backoffice/match_mgmt/input__select2-search__arena_name'

2018-11-26 19:01:37 - [TEST_STEP][PASSED] - sendKeys: Keys 'ENTER + ' sent to object: 'Object Repository/Backoffice/match_mgmt/input__select2-search__arena_name'

2018-11-26 19:01:37 - [MESSAGE][PASSED] - Keys 'ENTER + ' sent to object: 'Object Repository/Backoffice/match_mgmt/input__select2-search__arena_name'

2018-11-26 19:01:37 - [TEST_STEP][PASSED] - setText: Text 'AA' is set on object 'Object Repository/Backoffice/match_mgmt/meron_details/input_meron_name'

2018-11-26 19:01:37 - [MESSAGE][PASSED] - Text 'AA' is set on object 'Object Repository/Backoffice/match_mgmt/meron_details/input_meron_name'

2018-11-26 19:01:37 - [TEST_STEP][PASSED] - setText: Text 'Farm 1' is set on object 'Object Repository/Backoffice/match_mgmt/meron_details/input_meron_farm'

2018-11-26 19:01:37 - [MESSAGE][PASSED] - Text 'Farm 1' is set on object 'Object Repository/Backoffice/match_mgmt/meron_details/input_meron_farm'

2018-11-26 19:01:37 - [TEST_STEP][PASSED] - setText: Text 'Breed 1' is set on object 'Object Repository/Backoffice/match_mgmt/meron_details/input_meron_breed'

2018-11-26 19:01:37 - [MESSAGE][PASSED] - Text 'Breed 1' is set on object 'Object Repository/Backoffice/match_mgmt/meron_details/input_meron_breed'

2018-11-26 19:01:37 - [TEST_STEP][PASSED] - setText: Text 'Weight 1' is set on object 'Object Repository/Backoffice/match_mgmt/meron_details/input_meron_weight'

2018-11-26 19:01:37 - [MESSAGE][PASSED] - Text 'Weight 1' is set on object 'Object Repository/Backoffice/match_mgmt/meron_details/input_meron_weight'

2018-11-26 19:01:37 - [TEST_STEP][PASSED] - setText: Text 'BB' is set on object 'Object Repository/Backoffice/match_mgmt/wala_details/input_wala_name'

2018-11-26 19:01:37 - [MESSAGE][PASSED] - Text 'BB' is set on object 'Object Repository/Backoffice/match_mgmt/wala_details/input_wala_name'

2018-11-26 19:01:37 - [TEST_STEP][PASSED] - setText: Text 'Farm 2' is set on object 'Object Repository/Backoffice/match_mgmt/wala_details/input_wala_farm'

2018-11-26 19:01:38 - [MESSAGE][PASSED] - Text 'Farm 2' is set on object 'Object Repository/Backoffice/match_mgmt/wala_details/input_wala_farm'

2018-11-26 19:01:38 - [TEST_STEP][PASSED] - setText: Text 'Breed 2' is set on object 'Object Repository/Backoffice/match_mgmt/wala_details/input_wala_breed'

2018-11-26 19:01:38 - [MESSAGE][PASSED] - Text 'Breed 2' is set on object 'Object Repository/Backoffice/match_mgmt/wala_details/input_wala_breed'

2018-11-26 19:01:38 - [TEST_STEP][PASSED] - setText: Text 'Weight 2' is set on object 'Object Repository/Backoffice/match_mgmt/wala_details/input_wala_weight'

2018-11-26 19:01:38 - [MESSAGE][PASSED] - Text 'Weight 2' is set on object 'Object Repository/Backoffice/match_mgmt/wala_details/input_wala_weight'

2018-11-26 19:01:38 - [TEST_STEP][PASSED] - click: Object: 'Object Repository/Backoffice/match_mgmt/input_submit_match' is clicked on

2018-11-26 19:01:39 - [MESSAGE][PASSED] - Object: 'Object Repository/Backoffice/match_mgmt/input_submit_match' is clicked on

2018-11-26 19:01:39 - [TEST_STEP][PASSED] - delay: Delayed 1 second(s)

2018-11-26 19:01:40 - [MESSAGE][PASSED] - Delayed 1 second(s)

2018-11-26 19:01:40 - [TEST_STEP][PASSED] - click: Object: 'Object Repository/Backoffice/match_mgmt/button_create_match' is clicked on

2018-11-26 19:01:40 - [MESSAGE][PASSED] - Object: 'Object Repository/Backoffice/match_mgmt/button_create_match' is clicked on

2018-11-26 19:01:40 - [TEST_STEP][PASSED] - delay: Delayed 1 second(s)

2018-11-26 19:01:41 - [MESSAGE][PASSED] - Delayed 1 second(s)

2018-11-26 19:01:41 - [TEST_STEP][PASSED] - click: Object: 'Object Repository/Backoffice/match_mgmt/span_select_arena_name' is clicked on

2018-11-26 19:01:41 - [MESSAGE][PASSED] - Object: 'Object Repository/Backoffice/match_mgmt/span_select_arena_name' is clicked on

2018-11-26 19:01:41 - [TEST_STEP][PASSED] - setText: Text 'PASIG SQUARE GARDEN - PSG' is set on object 'Object Repository/Backoffice/match_mgmt/input__select2-search__arena_name'

2018-11-26 19:01:42 - [MESSAGE][PASSED] - Text 'PASIG SQUARE GARDEN - PSG' is set on object 'Object Repository/Backoffice/match_mgmt/input__select2-search__arena_name'

2018-11-26 19:01:42 - [TEST_STEP][PASSED] - sendKeys: Keys 'ENTER + ' sent to object: 'Object Repository/Backoffice/match_mgmt/input__select2-search__arena_name'

2018-11-26 19:01:42 - [MESSAGE][PASSED] - Keys 'ENTER + ' sent to object: 'Object Repository/Backoffice/match_mgmt/input__select2-search__arena_name'

2018-11-26 19:01:42 - [TEST_STEP][PASSED] - setText: Text 'AA' is set on object 'Object Repository/Backoffice/match_mgmt/meron_details/input_meron_name'

2018-11-26 19:01:42 - [MESSAGE][PASSED] - Text 'AA' is set on object 'Object Repository/Backoffice/match_mgmt/meron_details/input_meron_name'

2018-11-26 19:01:42 - [TEST_STEP][PASSED] - setText: Text 'Farm 1' is set on object 'Object Repository/Backoffice/match_mgmt/meron_details/input_meron_farm'

2018-11-26 19:01:42 - [MESSAGE][PASSED] - Text 'Farm 1' is set on object 'Object Repository/Backoffice/match_mgmt/meron_details/input_meron_farm'

2018-11-26 19:01:42 - [TEST_STEP][PASSED] - setText: Text 'Breed 1' is set on object 'Object Repository/Backoffice/match_mgmt/meron_details/input_meron_breed'

2018-11-26 19:01:42 - [MESSAGE][PASSED] - Text 'Breed 1' is set on object 'Object Repository/Backoffice/match_mgmt/meron_details/input_meron_breed'

2018-11-26 19:01:42 - [TEST_STEP][PASSED] - setText: Text 'Weight 1' is set on object 'Object Repository/Backoffice/match_mgmt/meron_details/input_meron_weight'

2018-11-26 19:01:42 - [MESSAGE][PASSED] - Text 'Weight 1' is set on object 'Object Repository/Backoffice/match_mgmt/meron_details/input_meron_weight'

2018-11-26 19:01:42 - [TEST_STEP][PASSED] - setText: Text 'BB' is set on object 'Object Repository/Backoffice/match_mgmt/wala_details/input_wala_name'

2018-11-26 19:01:42 - [MESSAGE][PASSED] - Text 'BB' is set on object 'Object Repository/Backoffice/match_mgmt/wala_details/input_wala_name'

2018-11-26 19:01:42 - [TEST_STEP][PASSED] - setText: Text 'Farm 2' is set on object 'Object Repository/Backoffice/match_mgmt/wala_details/input_wala_farm'

2018-11-26 19:01:42 - [MESSAGE][PASSED] - Text 'Farm 2' is set on object 'Object Repository/Backoffice/match_mgmt/wala_details/input_wala_farm'

2018-11-26 19:01:42 - [TEST_STEP][PASSED] - setText: Text 'Breed 2' is set on object 'Object Repository/Backoffice/match_mgmt/wala_details/input_wala_breed'

2018-11-26 19:01:42 - [MESSAGE][PASSED] - Text 'Breed 2' is set on object 'Object Repository/Backoffice/match_mgmt/wala_details/input_wala_breed'

2018-11-26 19:01:42 - [TEST_STEP][PASSED] - setText: Text 'Weight 2' is set on object 'Object Repository/Backoffice/match_mgmt/wala_details/input_wala_weight'

2018-11-26 19:01:43 - [MESSAGE][PASSED] - Text 'Weight 2' is set on object 'Object Repository/Backoffice/match_mgmt/wala_details/input_wala_weight'

2018-11-26 19:01:43 - [TEST_STEP][PASSED] - click: Object: 'Object Repository/Backoffice/match_mgmt/input_submit_match' is clicked on

2018-11-26 19:01:44 - [MESSAGE][PASSED] - Object: 'Object Repository/Backoffice/match_mgmt/input_submit_match' is clicked on

2018-11-26 19:01:44 - [TEST_STEP][PASSED] - delay: Delayed 1 second(s)

2018-11-26 19:01:45 - [MESSAGE][PASSED] - Delayed 1 second(s)

2018-11-26 19:01:45 - [TEST_STEP][PASSED] - click: Object: 'Object Repository/Backoffice/match_mgmt/button_create_match' is clicked on

2018-11-26 19:01:45 - [MESSAGE][PASSED] - Object: 'Object Repository/Backoffice/match_mgmt/button_create_match' is clicked on

2018-11-26 19:01:45 - [TEST_STEP][PASSED] - delay: Delayed 1 second(s)

2018-11-26 19:01:46 - [MESSAGE][PASSED] - Delayed 1 second(s)

2018-11-26 19:01:46 - [TEST_STEP][PASSED] - click: Object: 'Object Repository/Backoffice/match_mgmt/span_select_arena_name' is clicked on

2018-11-26 19:01:46 - [MESSAGE][PASSED] - Object: 'Object Repository/Backoffice/match_mgmt/span_select_arena_name' is clicked on

2018-11-26 19:01:46 - [TEST_STEP][PASSED] - setText: Text 'PASIG SQUARE GARDEN - PSG' is set on object 'Object Repository/Backoffice/match_mgmt/input__select2-search__arena_name'

2018-11-26 19:01:46 - [MESSAGE][PASSED] - Text 'PASIG SQUARE GARDEN - PSG' is set on object 'Object Repository/Backoffice/match_mgmt/input__select2-search__arena_name'

2018-11-26 19:01:46 - [TEST_STEP][PASSED] - sendKeys: Keys 'ENTER + ' sent to object: 'Object Repository/Backoffice/match_mgmt/input__select2-search__arena_name'

2018-11-26 19:01:47 - [MESSAGE][PASSED] - Keys 'ENTER + ' sent to object: 'Object Repository/Backoffice/match_mgmt/input__select2-search__arena_name'

2018-11-26 19:01:47 - [TEST_STEP][PASSED] - setText: Text 'AA' is set on object 'Object Repository/Backoffice/match_mgmt/meron_details/input_meron_name'

2018-11-26 19:01:47 - [MESSAGE][PASSED] - Text 'AA' is set on object 'Object Repository/Backoffice/match_mgmt/meron_details/input_meron_name'

2018-11-26 19:01:47 - [TEST_STEP][PASSED] - setText: Text 'Farm 1' is set on object 'Object Repository/Backoffice/match_mgmt/meron_details/input_meron_farm'

2018-11-26 19:01:47 - [MESSAGE][PASSED] - Text 'Farm 1' is set on object 'Object Repository/Backoffice/match_mgmt/meron_details/input_meron_farm'

2018-11-26 19:01:47 - [TEST_STEP][PASSED] - setText: Text 'Breed 1' is set on object 'Object Repository/Backoffice/match_mgmt/meron_details/input_meron_breed'

2018-11-26 19:01:47 - [MESSAGE][PASSED] - Text 'Breed 1' is set on object 'Object Repository/Backoffice/match_mgmt/meron_details/input_meron_breed'

2018-11-26 19:01:47 - [TEST_STEP][PASSED] - setText: Text 'Weight 1' is set on object 'Object Repository/Backoffice/match_mgmt/meron_details/input_meron_weight'

2018-11-26 19:01:47 - [MESSAGE][PASSED] - Text 'Weight 1' is set on object 'Object Repository/Backoffice/match_mgmt/meron_details/input_meron_weight'

2018-11-26 19:01:47 - [TEST_STEP][PASSED] - setText: Text 'BB' is set on object 'Object Repository/Backoffice/match_mgmt/wala_details/input_wala_name'

2018-11-26 19:01:47 - [MESSAGE][PASSED] - Text 'BB' is set on object 'Object Repository/Backoffice/match_mgmt/wala_details/input_wala_name'

2018-11-26 19:01:47 - [TEST_STEP][PASSED] - setText: Text 'Farm 2' is set on object 'Object Repository/Backoffice/match_mgmt/wala_details/input_wala_farm'

2018-11-26 19:01:47 - [MESSAGE][PASSED] - Text 'Farm 2' is set on object 'Object Repository/Backoffice/match_mgmt/wala_details/input_wala_farm'

2018-11-26 19:01:47 - [TEST_STEP][PASSED] - setText: Text 'Breed 2' is set on object 'Object Repository/Backoffice/match_mgmt/wala_details/input_wala_breed'

2018-11-26 19:01:47 - [MESSAGE][PASSED] - Text 'Breed 2' is set on object 'Object Repository/Backoffice/match_mgmt/wala_details/input_wala_breed'

2018-11-26 19:01:47 - [TEST_STEP][PASSED] - setText: Text 'Weight 2' is set on object 'Object Repository/Backoffice/match_mgmt/wala_details/input_wala_weight'

2018-11-26 19:01:47 - [MESSAGE][PASSED] - Text 'Weight 2' is set on object 'Object Repository/Backoffice/match_mgmt/wala_details/input_wala_weight'

2018-11-26 19:01:47 - [TEST_STEP][PASSED] - click: Object: 'Object Repository/Backoffice/match_mgmt/input_submit_match' is clicked on

2018-11-26 19:01:49 - [MESSAGE][PASSED] - Object: 'Object Repository/Backoffice/match_mgmt/input_submit_match' is clicked on

2018-11-26 19:01:49 - [TEST_STEP][PASSED] - delay: Delayed 1 second(s)

2018-11-26 19:01:50 - [MESSAGE][PASSED] - Delayed 1 second(s)

2018-11-26 19:01:50 - [TEST_STEP][PASSED] - click: Object: 'Object Repository/Backoffice/match_mgmt/button_create_match' is clicked on

2018-11-26 19:01:50 - [MESSAGE][PASSED] - Object: 'Object Repository/Backoffice/match_mgmt/button_create_match' is clicked on

2018-11-26 19:01:50 - [TEST_STEP][PASSED] - delay: Delayed 1 second(s)

2018-11-26 19:01:51 - [MESSAGE][PASSED] - Delayed 1 second(s)

2018-11-26 19:01:51 - [TEST_STEP][PASSED] - click: Object: 'Object Repository/Backoffice/match_mgmt/span_select_arena_name' is clicked on

2018-11-26 19:01:51 - [MESSAGE][PASSED] - Object: 'Object Repository/Backoffice/match_mgmt/span_select_arena_name' is clicked on

2018-11-26 19:01:51 - [TEST_STEP][PASSED] - setText: Text 'PASIG SQUARE GARDEN - PSG' is set on object 'Object Repository/Backoffice/match_mgmt/input__select2-search__arena_name'

2018-11-26 19:01:51 - [MESSAGE][PASSED] - Text 'PASIG SQUARE GARDEN - PSG' is set on object 'Object Repository/Backoffice/match_mgmt/input__select2-search__arena_name'

2018-11-26 19:01:51 - [TEST_STEP][PASSED] - sendKeys: Keys 'ENTER + ' sent to object: 'Object Repository/Backoffice/match_mgmt/input__select2-search__arena_name'

2018-11-26 19:01:51 - [MESSAGE][PASSED] - Keys 'ENTER + ' sent to object: 'Object Repository/Backoffice/match_mgmt/input__select2-search__arena_name'

2018-11-26 19:01:51 - [TEST_STEP][PASSED] - setText: Text 'AA' is set on object 'Object Repository/Backoffice/match_mgmt/meron_details/input_meron_name'

2018-11-26 19:01:51 - [MESSAGE][PASSED] - Text 'AA' is set on object 'Object Repository/Backoffice/match_mgmt/meron_details/input_meron_name'

2018-11-26 19:01:51 - [TEST_STEP][PASSED] - setText: Text 'Farm 1' is set on object 'Object Repository/Backoffice/match_mgmt/meron_details/input_meron_farm'

2018-11-26 19:01:51 - [MESSAGE][PASSED] - Text 'Farm 1' is set on object 'Object Repository/Backoffice/match_mgmt/meron_details/input_meron_farm'

2018-11-26 19:01:51 - [TEST_STEP][PASSED] - setText: Text 'Breed 1' is set on object 'Object Repository/Backoffice/match_mgmt/meron_details/input_meron_breed'

2018-11-26 19:01:52 - [MESSAGE][PASSED] - Text 'Breed 1' is set on object 'Object Repository/Backoffice/match_mgmt/meron_details/input_meron_breed'

2018-11-26 19:01:52 - [TEST_STEP][PASSED] - setText: Text 'Weight 1' is set on object 'Object Repository/Backoffice/match_mgmt/meron_details/input_meron_weight'

2018-11-26 19:01:52 - [MESSAGE][PASSED] - Text 'Weight 1' is set on object 'Object Repository/Backoffice/match_mgmt/meron_details/input_meron_weight'

2018-11-26 19:01:52 - [TEST_STEP][PASSED] - setText: Text 'BB' is set on object 'Object Repository/Backoffice/match_mgmt/wala_details/input_wala_name'

2018-11-26 19:01:52 - [MESSAGE][PASSED] - Text 'BB' is set on object 'Object Repository/Backoffice/match_mgmt/wala_details/input_wala_name'

2018-11-26 19:01:52 - [TEST_STEP][PASSED] - setText: Text 'Farm 2' is set on object 'Object Repository/Backoffice/match_mgmt/wala_details/input_wala_farm'

2018-11-26 19:01:52 - [MESSAGE][PASSED] - Text 'Farm 2' is set on object 'Object Repository/Backoffice/match_mgmt/wala_details/input_wala_farm'

2018-11-26 19:01:52 - [TEST_STEP][PASSED] - setText: Text 'Breed 2' is set on object 'Object Repository/Backoffice/match_mgmt/wala_details/input_wala_breed'

2018-11-26 19:01:52 - [MESSAGE][PASSED] - Text 'Breed 2' is set on object 'Object Repository/Backoffice/match_mgmt/wala_details/input_wala_breed'

2018-11-26 19:01:52 - [TEST_STEP][PASSED] - setText: Text 'Weight 2' is set on object 'Object Repository/Backoffice/match_mgmt/wala_details/input_wala_weight'

2018-11-26 19:01:52 - [MESSAGE][PASSED] - Text 'Weight 2' is set on object 'Object Repository/Backoffice/match_mgmt/wala_details/input_wala_weight'

2018-11-26 19:01:52 - [TEST_STEP][PASSED] - click: Object: 'Object Repository/Backoffice/match_mgmt/input_submit_match' is clicked on

2018-11-26 19:01:53 - [MESSAGE][PASSED] - Object: 'Object Repository/Backoffice/match_mgmt/input_submit_match' is clicked on

2018-11-26 19:01:53 - [TEST_STEP][PASSED] - delay: Delayed 1 second(s)

2018-11-26 19:01:54 - [MESSAGE][PASSED] - Delayed 1 second(s)

2018-11-26 19:01:54 - [TEST_STEP][PASSED] - click: Object: 'Object Repository/Backoffice/match_mgmt/button_create_match' is clicked on

2018-11-26 19:01:54 - [MESSAGE][PASSED] - Object: 'Object Repository/Backoffice/match_mgmt/button_create_match' is clicked on

2018-11-26 19:01:54 - [TEST_STEP][PASSED] - delay: Delayed 1 second(s)

2018-11-26 19:01:55 - [MESSAGE][PASSED] - Delayed 1 second(s)

2018-11-26 19:01:55 - [TEST_STEP][PASSED] - click: Object: 'Object Repository/Backoffice/match_mgmt/span_select_arena_name' is clicked on

2018-11-26 19:01:55 - [MESSAGE][PASSED] - Object: 'Object Repository/Backoffice/match_mgmt/span_select_arena_name' is clicked on

2018-11-26 19:01:55 - [TEST_STEP][PASSED] - setText: Text 'PASIG SQUARE GARDEN - PSG' is set on object 'Object Repository/Backoffice/match_mgmt/input__select2-search__arena_name'

2018-11-26 19:01:56 - [MESSAGE][PASSED] - Text 'PASIG SQUARE GARDEN - PSG' is set on object 'Object Repository/Backoffice/match_mgmt/input__select2-search__arena_name'

2018-11-26 19:01:56 - [TEST_STEP][PASSED] - sendKeys: Keys 'ENTER + ' sent to object: 'Object Repository/Backoffice/match_mgmt/input__select2-search__arena_name'

2018-11-26 19:01:56 - [MESSAGE][PASSED] - Keys 'ENTER + ' sent to object: 'Object Repository/Backoffice/match_mgmt/input__select2-search__arena_name'

2018-11-26 19:01:56 - [TEST_STEP][PASSED] - setText: Text 'AA' is set on object 'Object Repository/Backoffice/match_mgmt/meron_details/input_meron_name'

2018-11-26 19:01:56 - [MESSAGE][PASSED] - Text 'AA' is set on object 'Object Repository/Backoffice/match_mgmt/meron_details/input_meron_name'

2018-11-26 19:01:56 - [TEST_STEP][PASSED] - setText: Text 'Farm 1' is set on object 'Object Repository/Backoffice/match_mgmt/meron_details/input_meron_farm'

2018-11-26 19:01:56 - [MESSAGE][PASSED] - Text 'Farm 1' is set on object 'Object Repository/Backoffice/match_mgmt/meron_details/input_meron_farm'

2018-11-26 19:01:56 - [TEST_STEP][PASSED] - setText: Text 'Breed 1' is set on object 'Object Repository/Backoffice/match_mgmt/meron_details/input_meron_breed'

2018-11-26 19:01:56 - [MESSAGE][PASSED] - Text 'Breed 1' is set on object 'Object Repository/Backoffice/match_mgmt/meron_details/input_meron_breed'

2018-11-26 19:01:56 - [TEST_STEP][PASSED] - setText: Text 'Weight 1' is set on object 'Object Repository/Backoffice/match_mgmt/meron_details/input_meron_weight'

2018-11-26 19:01:56 - [MESSAGE][PASSED] - Text 'Weight 1' is set on object 'Object Repository/Backoffice/match_mgmt/meron_details/input_meron_weight'

2018-11-26 19:01:56 - [TEST_STEP][PASSED] - setText: Text 'BB' is set on object 'Object Repository/Backoffice/match_mgmt/wala_details/input_wala_name'

2018-11-26 19:01:57 - [MESSAGE][PASSED] - Text 'BB' is set on object 'Object Repository/Backoffice/match_mgmt/wala_details/input_wala_name'

2018-11-26 19:01:57 - [TEST_STEP][PASSED] - setText: Text 'Farm 2' is set on object 'Object Repository/Backoffice/match_mgmt/wala_details/input_wala_farm'

2018-11-26 19:01:57 - [MESSAGE][PASSED] - Text 'Farm 2' is set on object 'Object Repository/Backoffice/match_mgmt/wala_details/input_wala_farm'

2018-11-26 19:01:57 - [TEST_STEP][PASSED] - setText: Text 'Breed 2' is set on object 'Object Repository/Backoffice/match_mgmt/wala_details/input_wala_breed'

2018-11-26 19:01:57 - [MESSAGE][PASSED] - Text 'Breed 2' is set on object 'Object Repository/Backoffice/match_mgmt/wala_details/input_wala_breed'

2018-11-26 19:01:57 - [TEST_STEP][PASSED] - setText: Text 'Weight 2' is set on object 'Object Repository/Backoffice/match_mgmt/wala_details/input_wala_weight'

2018-11-26 19:01:57 - [MESSAGE][PASSED] - Text 'Weight 2' is set on object 'Object Repository/Backoffice/match_mgmt/wala_details/input_wala_weight'

2018-11-26 19:01:57 - [TEST_STEP][PASSED] - click: Object: 'Object Repository/Backoffice/match_mgmt/input_submit_match' is clicked on

2018-11-26 19:01:58 - [MESSAGE][PASSED] - Object: 'Object Repository/Backoffice/match_mgmt/input_submit_match' is clicked on

2018-11-26 19:01:58 - [TEST_STEP][PASSED] - delay: Delayed 1 second(s)

2018-11-26 19:01:59 - [MESSAGE][PASSED] - Delayed 1 second(s)

2018-11-26 19:01:59 - [TEST_STEP][PASSED] - click: Object: 'Object Repository/Backoffice/match_mgmt/button_create_match' is clicked on

2018-11-26 19:01:59 - [MESSAGE][PASSED] - Object: 'Object Repository/Backoffice/match_mgmt/button_create_match' is clicked on

2018-11-26 19:01:59 - [TEST_STEP][PASSED] - delay: Delayed 1 second(s)

2018-11-26 19:02:00 - [MESSAGE][PASSED] - Delayed 1 second(s)

2018-11-26 19:02:00 - [TEST_STEP][PASSED] - click: Object: 'Object Repository/Backoffice/match_mgmt/span_select_arena_name' is clicked on

2018-11-26 19:02:00 - [MESSAGE][PASSED] - Object: 'Object Repository/Backoffice/match_mgmt/span_select_arena_name' is clicked on

2018-11-26 19:02:00 - [TEST_STEP][PASSED] - setText: Text 'PASIG SQUARE GARDEN - PSG' is set on object 'Object Repository/Backoffice/match_mgmt/input__select2-search__arena_name'

2018-11-26 19:02:01 - [MESSAGE][PASSED] - Text 'PASIG SQUARE GARDEN - PSG' is set on object 'Object Repository/Backoffice/match_mgmt/input__select2-search__arena_name'

2018-11-26 19:02:01 - [TEST_STEP][PASSED] - sendKeys: Keys 'ENTER + ' sent to object: 'Object Repository/Backoffice/match_mgmt/input__select2-search__arena_name'

2018-11-26 19:02:01 - [MESSAGE][PASSED] - Keys 'ENTER + ' sent to object: 'Object Repository/Backoffice/match_mgmt/input__select2-search__arena_name'

2018-11-26 19:02:01 - [TEST_STEP][PASSED] - setText: Text 'AA' is set on object 'Object Repository/Backoffice/match_mgmt/meron_details/input_meron_name'

2018-11-26 19:02:01 - [MESSAGE][PASSED] - Text 'AA' is set on object 'Object Repository/Backoffice/match_mgmt/meron_details/input_meron_name'

2018-11-26 19:02:01 - [TEST_STEP][PASSED] - setText: Text 'Farm 1' is set on object 'Object Repository/Backoffice/match_mgmt/meron_details/input_meron_farm'

2018-11-26 19:02:01 - [MESSAGE][PASSED] - Text 'Farm 1' is set on object 'Object Repository/Backoffice/match_mgmt/meron_details/input_meron_farm'

2018-11-26 19:02:01 - [TEST_STEP][PASSED] - setText: Text 'Breed 1' is set on object 'Object Repository/Backoffice/match_mgmt/meron_details/input_meron_breed'

2018-11-26 19:02:01 - [MESSAGE][PASSED] - Text 'Breed 1' is set on object 'Object Repository/Backoffice/match_mgmt/meron_details/input_meron_breed'

2018-11-26 19:02:01 - [TEST_STEP][PASSED] - setText: Text 'Weight 1' is set on object 'Object Repository/Backoffice/match_mgmt/meron_details/input_meron_weight'

2018-11-26 19:02:01 - [MESSAGE][PASSED] - Text 'Weight 1' is set on object 'Object Repository/Backoffice/match_mgmt/meron_details/input_meron_weight'

2018-11-26 19:02:01 - [TEST_STEP][PASSED] - setText: Text 'BB' is set on object 'Object Repository/Backoffice/match_mgmt/wala_details/input_wala_name'

2018-11-26 19:02:01 - [MESSAGE][PASSED] - Text 'BB' is set on object 'Object Repository/Backoffice/match_mgmt/wala_details/input_wala_name'

2018-11-26 19:02:01 - [TEST_STEP][PASSED] - setText: Text 'Farm 2' is set on object 'Object Repository/Backoffice/match_mgmt/wala_details/input_wala_farm'

2018-11-26 19:02:01 - [MESSAGE][PASSED] - Text 'Farm 2' is set on object 'Object Repository/Backoffice/match_mgmt/wala_details/input_wala_farm'

2018-11-26 19:02:01 - [TEST_STEP][PASSED] - setText: Text 'Breed 2' is set on object 'Object Repository/Backoffice/match_mgmt/wala_details/input_wala_breed'

2018-11-26 19:02:02 - [MESSAGE][PASSED] - Text 'Breed 2' is set on object 'Object Repository/Backoffice/match_mgmt/wala_details/input_wala_breed'

2018-11-26 19:02:02 - [TEST_STEP][PASSED] - setText: Text 'Weight 2' is set on object 'Object Repository/Backoffice/match_mgmt/wala_details/input_wala_weight'

2018-11-26 19:02:02 - [MESSAGE][PASSED] - Text 'Weight 2' is set on object 'Object Repository/Backoffice/match_mgmt/wala_details/input_wala_weight'

2018-11-26 19:02:02 - [TEST_STEP][PASSED] - click: Object: 'Object Repository/Backoffice/match_mgmt/input_submit_match' is clicked on

2018-11-26 19:02:03 - [MESSAGE][PASSED] - Object: 'Object Repository/Backoffice/match_mgmt/input_submit_match' is clicked on

2018-11-26 19:02:03 - [TEST_STEP][PASSED] - delay: Delayed 1 second(s)

2018-11-26 19:02:04 - [MESSAGE][PASSED] - Delayed 1 second(s)

2018-11-26 19:02:04 - [TEST_STEP][PASSED] - click: Object: 'Object Repository/Backoffice/match_mgmt/button_create_match' is clicked on

2018-11-26 19:02:04 - [MESSAGE][PASSED] - Object: 'Object Repository/Backoffice/match_mgmt/button_create_match' is clicked on

2018-11-26 19:02:04 - [TEST_STEP][PASSED] - delay: Delayed 1 second(s)

2018-11-26 19:02:05 - [MESSAGE][PASSED] - Delayed 1 second(s)

2018-11-26 19:02:05 - [TEST_STEP][PASSED] - click: Object: 'Object Repository/Backoffice/match_mgmt/span_select_arena_name' is clicked on

2018-11-26 19:02:05 - [MESSAGE][PASSED] - Object: 'Object Repository/Backoffice/match_mgmt/span_select_arena_name' is clicked on

2018-11-26 19:02:05 - [TEST_STEP][PASSED] - setText: Text 'PASIG SQUARE GARDEN - PSG' is set on object 'Object Repository/Backoffice/match_mgmt/input__select2-search__arena_name'

2018-11-26 19:02:06 - [MESSAGE][PASSED] - Text 'PASIG SQUARE GARDEN - PSG' is set on object 'Object Repository/Backoffice/match_mgmt/input__select2-search__arena_name'

2018-11-26 19:02:06 - [TEST_STEP][PASSED] - sendKeys: Keys 'ENTER + ' sent to object: 'Object Repository/Backoffice/match_mgmt/input__select2-search__arena_name'

2018-11-26 19:02:06 - [MESSAGE][PASSED] - Keys 'ENTER + ' sent to object: 'Object Repository/Backoffice/match_mgmt/input__select2-search__arena_name'

2018-11-26 19:02:06 - [TEST_STEP][PASSED] - setText: Text 'AA' is set on object 'Object Repository/Backoffice/match_mgmt/meron_details/input_meron_name'

2018-11-26 19:02:06 - [MESSAGE][PASSED] - Text 'AA' is set on object 'Object Repository/Backoffice/match_mgmt/meron_details/input_meron_name'

2018-11-26 19:02:06 - [TEST_STEP][PASSED] - setText: Text 'Farm 1' is set on object 'Object Repository/Backoffice/match_mgmt/meron_details/input_meron_farm'

2018-11-26 19:02:06 - [MESSAGE][PASSED] - Text 'Farm 1' is set on object 'Object Repository/Backoffice/match_mgmt/meron_details/input_meron_farm'

2018-11-26 19:02:06 - [TEST_STEP][PASSED] - setText: Text 'Breed 1' is set on object 'Object Repository/Backoffice/match_mgmt/meron_details/input_meron_breed'

2018-11-26 19:02:06 - [MESSAGE][PASSED] - Text 'Breed 1' is set on object 'Object Repository/Backoffice/match_mgmt/meron_details/input_meron_breed'

2018-11-26 19:02:06 - [TEST_STEP][PASSED] - setText: Text 'Weight 1' is set on object 'Object Repository/Backoffice/match_mgmt/meron_details/input_meron_weight'

2018-11-26 19:02:06 - [MESSAGE][PASSED] - Text 'Weight 1' is set on object 'Object Repository/Backoffice/match_mgmt/meron_details/input_meron_weight'

2018-11-26 19:02:06 - [TEST_STEP][PASSED] - setText: Text 'BB' is set on object 'Object Repository/Backoffice/match_mgmt/wala_details/input_wala_name'

2018-11-26 19:02:06 - [MESSAGE][PASSED] - Text 'BB' is set on object 'Object Repository/Backoffice/match_mgmt/wala_details/input_wala_name'

2018-11-26 19:02:06 - [TEST_STEP][PASSED] - setText: Text 'Farm 2' is set on object 'Object Repository/Backoffice/match_mgmt/wala_details/input_wala_farm'

2018-11-26 19:02:06 - [MESSAGE][PASSED] - Text 'Farm 2' is set on object 'Object Repository/Backoffice/match_mgmt/wala_details/input_wala_farm'

2018-11-26 19:02:06 - [TEST_STEP][PASSED] - setText: Text 'Breed 2' is set on object 'Object Repository/Backoffice/match_mgmt/wala_details/input_wala_breed'

2018-11-26 19:02:07 - [MESSAGE][PASSED] - Text 'Breed 2' is set on object 'Object Repository/Backoffice/match_mgmt/wala_details/input_wala_breed'

2018-11-26 19:02:07 - [TEST_STEP][PASSED] - setText: Text 'Weight 2' is set on object 'Object Repository/Backoffice/match_mgmt/wala_details/input_wala_weight'

2018-11-26 19:02:07 - [MESSAGE][PASSED] - Text 'Weight 2' is set on object 'Object Repository/Backoffice/match_mgmt/wala_details/input_wala_weight'

2018-11-26 19:02:07 - [TEST_STEP][PASSED] - click: Object: 'Object Repository/Backoffice/match_mgmt/input_submit_match' is clicked on

2018-11-26 19:02:08 - [MESSAGE][PASSED] - Object: 'Object Repository/Backoffice/match_mgmt/input_submit_match' is clicked on

2018-11-26 19:02:08 - [TEST_STEP][PASSED] - delay: Delayed 1 second(s)

2018-11-26 19:02:09 - [MESSAGE][PASSED] - Delayed 1 second(s)

2018-11-26 19:02:09 - [TEST_STEP][PASSED] - click: Object: 'Object Repository/Backoffice/match_mgmt/button_create_match' is clicked on

2018-11-26 19:02:09 - [MESSAGE][PASSED] - Object: 'Object Repository/Backoffice/match_mgmt/button_create_match' is clicked on

2018-11-26 19:02:09 - [TEST_STEP][PASSED] - delay: Delayed 1 second(s)

2018-11-26 19:02:10 - [MESSAGE][PASSED] - Delayed 1 second(s)

2018-11-26 19:02:10 - [TEST_STEP][PASSED] - click: Object: 'Object Repository/Backoffice/match_mgmt/span_select_arena_name' is clicked on

2018-11-26 19:02:11 - [MESSAGE][PASSED] - Object: 'Object Repository/Backoffice/match_mgmt/span_select_arena_name' is clicked on

2018-11-26 19:02:11 - [TEST_STEP][PASSED] - setText: Text 'PASIG SQUARE GARDEN - PSG' is set on object 'Object Repository/Backoffice/match_mgmt/input__select2-search__arena_name'

2018-11-26 19:02:11 - [MESSAGE][PASSED] - Text 'PASIG SQUARE GARDEN - PSG' is set on object 'Object Repository/Backoffice/match_mgmt/input__select2-search__arena_name'

2018-11-26 19:02:11 - [TEST_STEP][PASSED] - sendKeys: Keys 'ENTER + ' sent to object: 'Object Repository/Backoffice/match_mgmt/input__select2-search__arena_name'

2018-11-26 19:02:11 - [MESSAGE][PASSED] - Keys 'ENTER + ' sent to object: 'Object Repository/Backoffice/match_mgmt/input__select2-search__arena_name'

2018-11-26 19:02:11 - [TEST_STEP][PASSED] - setText: Text 'AA' is set on object 'Object Repository/Backoffice/match_mgmt/meron_details/input_meron_name'

2018-11-26 19:02:11 - [MESSAGE][PASSED] - Text 'AA' is set on object 'Object Repository/Backoffice/match_mgmt/meron_details/input_meron_name'

2018-11-26 19:02:11 - [TEST_STEP][PASSED] - setText: Text 'Farm 1' is set on object 'Object Repository/Backoffice/match_mgmt/meron_details/input_meron_farm'

2018-11-26 19:02:11 - [MESSAGE][PASSED] - Text 'Farm 1' is set on object 'Object Repository/Backoffice/match_mgmt/meron_details/input_meron_farm'

2018-11-26 19:02:11 - [TEST_STEP][PASSED] - setText: Text 'Breed 1' is set on object 'Object Repository/Backoffice/match_mgmt/meron_details/input_meron_breed'

2018-11-26 19:02:11 - [MESSAGE][PASSED] - Text 'Breed 1' is set on object 'Object Repository/Backoffice/match_mgmt/meron_details/input_meron_breed'

2018-11-26 19:02:11 - [TEST_STEP][PASSED] - setText: Text 'Weight 1' is set on object 'Object Repository/Backoffice/match_mgmt/meron_details/input_meron_weight'

2018-11-26 19:02:11 - [MESSAGE][PASSED] - Text 'Weight 1' is set on object 'Object Repository/Backoffice/match_mgmt/meron_details/input_meron_weight'

2018-11-26 19:02:11 - [TEST_STEP][PASSED] - setText: Text 'BB' is set on object 'Object Repository/Backoffice/match_mgmt/wala_details/input_wala_name'

2018-11-26 19:02:12 - [MESSAGE][PASSED] - Text 'BB' is set on object 'Object Repository/Backoffice/match_mgmt/wala_details/input_wala_name'

2018-11-26 19:02:12 - [TEST_STEP][PASSED] - setText: Text 'Farm 2' is set on object 'Object Repository/Backoffice/match_mgmt/wala_details/input_wala_farm'

2018-11-26 19:02:12 - [MESSAGE][PASSED] - Text 'Farm 2' is set on object 'Object Repository/Backoffice/match_mgmt/wala_details/input_wala_farm'

2018-11-26 19:02:12 - [TEST_STEP][PASSED] - setText: Text 'Breed 2' is set on object 'Object Repository/Backoffice/match_mgmt/wala_details/input_wala_breed'

2018-11-26 19:02:12 - [MESSAGE][PASSED] - Text 'Breed 2' is set on object 'Object Repository/Backoffice/match_mgmt/wala_details/input_wala_breed'

2018-11-26 19:02:12 - [TEST_STEP][PASSED] - setText: Text 'Weight 2' is set on object 'Object Repository/Backoffice/match_mgmt/wala_details/input_wala_weight'

2018-11-26 19:02:12 - [MESSAGE][PASSED] - Text 'Weight 2' is set on object 'Object Repository/Backoffice/match_mgmt/wala_details/input_wala_weight'

2018-11-26 19:02:12 - [TEST_STEP][PASSED] - click: Object: 'Object Repository/Backoffice/match_mgmt/input_submit_match' is clicked on

2018-11-26 19:02:13 - [MESSAGE][PASSED] - Object: 'Object Repository/Backoffice/match_mgmt/input_submit_match' is clicked on

2018-11-26 19:02:13 - [TEST_STEP][PASSED] - delay: Delayed 1 second(s)

2018-11-26 19:02:14 - [MESSAGE][PASSED] - Delayed 1 second(s)

2018-11-26 19:02:14 - [TEST_STEP][PASSED] - click: Object: 'Object Repository/Backoffice/match_mgmt/button_create_match' is clicked on

2018-11-26 19:02:14 - [MESSAGE][PASSED] - Object: 'Object Repository/Backoffice/match_mgmt/button_create_match' is clicked on

2018-11-26 19:02:14 - [TEST_STEP][PASSED] - delay: Delayed 1 second(s)

2018-11-26 19:02:15 - [MESSAGE][PASSED] - Delayed 1 second(s)

2018-11-26 19:02:15 - [TEST_STEP][PASSED] - click: Object: 'Object Repository/Backoffice/match_mgmt/span_select_arena_name' is clicked on

2018-11-26 19:02:15 - [MESSAGE][PASSED] - Object: 'Object Repository/Backoffice/match_mgmt/span_select_arena_name' is clicked on

2018-11-26 19:02:15 - [TEST_STEP][PASSED] - setText: Text 'PASIG SQUARE GARDEN - PSG' is set on object 'Object Repository/Backoffice/match_mgmt/input__select2-search__arena_name'

2018-11-26 19:02:16 - [MESSAGE][PASSED] - Text 'PASIG SQUARE GARDEN - PSG' is set on object 'Object Repository/Backoffice/match_mgmt/input__select2-search__arena_name'

2018-11-26 19:02:16 - [TEST_STEP][PASSED] - sendKeys: Keys 'ENTER + ' sent to object: 'Object Repository/Backoffice/match_mgmt/input__select2-search__arena_name'

2018-11-26 19:02:16 - [MESSAGE][PASSED] - Keys 'ENTER + ' sent to object: 'Object Repository/Backoffice/match_mgmt/input__select2-search__arena_name'

2018-11-26 19:02:16 - [TEST_STEP][PASSED] - setText: Text 'AA' is set on object 'Object Repository/Backoffice/match_mgmt/meron_details/input_meron_name'

2018-11-26 19:02:16 - [MESSAGE][PASSED] - Text 'AA' is set on object 'Object Repository/Backoffice/match_mgmt/meron_details/input_meron_name'

2018-11-26 19:02:16 - [TEST_STEP][PASSED] - setText: Text 'Farm 1' is set on object 'Object Repository/Backoffice/match_mgmt/meron_details/input_meron_farm'

2018-11-26 19:02:16 - [MESSAGE][PASSED] - Text 'Farm 1' is set on object 'Object Repository/Backoffice/match_mgmt/meron_details/input_meron_farm'

2018-11-26 19:02:16 - [TEST_STEP][PASSED] - setText: Text 'Breed 1' is set on object 'Object Repository/Backoffice/match_mgmt/meron_details/input_meron_breed'

2018-11-26 19:02:16 - [MESSAGE][PASSED] - Text 'Breed 1' is set on object 'Object Repository/Backoffice/match_mgmt/meron_details/input_meron_breed'

2018-11-26 19:02:16 - [TEST_STEP][PASSED] - setText: Text 'Weight 1' is set on object 'Object Repository/Backoffice/match_mgmt/meron_details/input_meron_weight'

2018-11-26 19:02:16 - [MESSAGE][PASSED] - Text 'Weight 1' is set on object 'Object Repository/Backoffice/match_mgmt/meron_details/input_meron_weight'

2018-11-26 19:02:16 - [TEST_STEP][PASSED] - setText: Text 'BB' is set on object 'Object Repository/Backoffice/match_mgmt/wala_details/input_wala_name'

2018-11-26 19:02:16 - [MESSAGE][PASSED] - Text 'BB' is set on object 'Object Repository/Backoffice/match_mgmt/wala_details/input_wala_name'

2018-11-26 19:02:16 - [TEST_STEP][PASSED] - setText: Text 'Farm 2' is set on object 'Object Repository/Backoffice/match_mgmt/wala_details/input_wala_farm'

2018-11-26 19:02:17 - [MESSAGE][PASSED] - Text 'Farm 2' is set on object 'Object Repository/Backoffice/match_mgmt/wala_details/input_wala_farm'

2018-11-26 19:02:17 - [TEST_STEP][PASSED] - setText: Text 'Breed 2' is set on object 'Object Repository/Backoffice/match_mgmt/wala_details/input_wala_breed'

2018-11-26 19:02:17 - [MESSAGE][PASSED] - Text 'Breed 2' is set on object 'Object Repository/Backoffice/match_mgmt/wala_details/input_wala_breed'

2018-11-26 19:02:17 - [TEST_STEP][PASSED] - setText: Text 'Weight 2' is set on object 'Object Repository/Backoffice/match_mgmt/wala_details/input_wala_weight'

2018-11-26 19:02:17 - [MESSAGE][PASSED] - Text 'Weight 2' is set on object 'Object Repository/Backoffice/match_mgmt/wala_details/input_wala_weight'

2018-11-26 19:02:17 - [TEST_STEP][PASSED] - click: Object: 'Object Repository/Backoffice/match_mgmt/input_submit_match' is clicked on

2018-11-26 19:02:18 - [MESSAGE][PASSED] - Object: 'Object Repository/Backoffice/match_mgmt/input_submit_match' is clicked on

2018-11-26 19:02:18 - [TEST_STEP][PASSED] - delay: Delayed 1 second(s)

2018-11-26 19:02:19 - [MESSAGE][PASSED] - Delayed 1 second(s)

2018-11-26 19:02:19 - [TEST_STEP][PASSED] - click: Object: 'Object Repository/Backoffice/match_mgmt/button_create_match' is clicked on

2018-11-26 19:02:19 - [MESSAGE][PASSED] - Object: 'Object Repository/Backoffice/match_mgmt/button_create_match' is clicked on

2018-11-26 19:02:19 - [TEST_STEP][PASSED] - delay: Delayed 1 second(s)

2018-11-26 19:02:20 - [MESSAGE][PASSED] - Delayed 1 second(s)

2018-11-26 19:02:20 - [TEST_STEP][PASSED] - click: Object: 'Object Repository/Backoffice/match_mgmt/span_select_arena_name' is clicked on

2018-11-26 19:02:20 - [MESSAGE][PASSED] - Object: 'Object Repository/Backoffice/match_mgmt/span_select_arena_name' is clicked on

2018-11-26 19:02:20 - [TEST_STEP][PASSED] - setText: Text 'PASIG SQUARE GARDEN - PSG' is set on object 'Object Repository/Backoffice/match_mgmt/input__select2-search__arena_name'

2018-11-26 19:02:21 - [MESSAGE][PASSED] - Text 'PASIG SQUARE GARDEN - PSG' is set on object 'Object Repository/Backoffice/match_mgmt/input__select2-search__arena_name'

2018-11-26 19:02:21 - [TEST_STEP][PASSED] - sendKeys: Keys 'ENTER + ' sent to object: 'Object Repository/Backoffice/match_mgmt/input__select2-search__arena_name'

2018-11-26 19:02:21 - [MESSAGE][PASSED] - Keys 'ENTER + ' sent to object: 'Object Repository/Backoffice/match_mgmt/input__select2-search__arena_name'

2018-11-26 19:02:21 - [TEST_STEP][PASSED] - setText: Text 'AA' is set on object 'Object Repository/Backoffice/match_mgmt/meron_details/input_meron_name'

2018-11-26 19:02:21 - [MESSAGE][PASSED] - Text 'AA' is set on object 'Object Repository/Backoffice/match_mgmt/meron_details/input_meron_name'

2018-11-26 19:02:21 - [TEST_STEP][PASSED] - setText: Text 'Farm 1' is set on object 'Object Repository/Backoffice/match_mgmt/meron_details/input_meron_farm'

2018-11-26 19:02:21 - [MESSAGE][PASSED] - Text 'Farm 1' is set on object 'Object Repository/Backoffice/match_mgmt/meron_details/input_meron_farm'

2018-11-26 19:02:21 - [TEST_STEP][PASSED] - setText: Text 'Breed 1' is set on object 'Object Repository/Backoffice/match_mgmt/meron_details/input_meron_breed'

2018-11-26 19:02:21 - [MESSAGE][PASSED] - Text 'Breed 1' is set on object 'Object Repository/Backoffice/match_mgmt/meron_details/input_meron_breed'

2018-11-26 19:02:21 - [TEST_STEP][PASSED] - setText: Text 'Weight 1' is set on object 'Object Repository/Backoffice/match_mgmt/meron_details/input_meron_weight'

2018-11-26 19:02:21 - [MESSAGE][PASSED] - Text 'Weight 1' is set on object 'Object Repository/Backoffice/match_mgmt/meron_details/input_meron_weight'

2018-11-26 19:02:21 - [TEST_STEP][PASSED] - setText: Text 'BB' is set on object 'Object Repository/Backoffice/match_mgmt/wala_details/input_wala_name'

2018-11-26 19:02:21 - [MESSAGE][PASSED] - Text 'BB' is set on object 'Object Repository/Backoffice/match_mgmt/wala_details/input_wala_name'

2018-11-26 19:02:21 - [TEST_STEP][PASSED] - setText: Text 'Farm 2' is set on object 'Object Repository/Backoffice/match_mgmt/wala_details/input_wala_farm'

2018-11-26 19:02:21 - [MESSAGE][PASSED] - Text 'Farm 2' is set on object 'Object Repository/Backoffice/match_mgmt/wala_details/input_wala_farm'

2018-11-26 19:02:21 - [TEST_STEP][PASSED] - setText: Text 'Breed 2' is set on object 'Object Repository/Backoffice/match_mgmt/wala_details/input_wala_breed'

2018-11-26 19:02:21 - [MESSAGE][PASSED] - Text 'Breed 2' is set on object 'Object Repository/Backoffice/match_mgmt/wala_details/input_wala_breed'

2018-11-26 19:02:21 - [TEST_STEP][PASSED] - setText: Text 'Weight 2' is set on object 'Object Repository/Backoffice/match_mgmt/wala_details/input_wala_weight'

2018-11-26 19:02:21 - [MESSAGE][PASSED] - Text 'Weight 2' is set on object 'Object Repository/Backoffice/match_mgmt/wala_details/input_wala_weight'

2018-11-26 19:02:21 - [TEST_STEP][PASSED] - click: Object: 'Object Repository/Backoffice/match_mgmt/input_submit_match' is clicked on

2018-11-26 19:02:23 - [MESSAGE][PASSED] - Object: 'Object Repository/Backoffice/match_mgmt/input_submit_match' is clicked on

2018-11-26 19:02:23 - [TEST_STEP][PASSED] - delay: Delayed 1 second(s)

2018-11-26 19:02:24 - [MESSAGE][PASSED] - Delayed 1 second(s)

2018-11-26 19:02:24 - [TEST_STEP][PASSED] - click: Object: 'Object Repository/Backoffice/match_mgmt/button_create_match' is clicked on

2018-11-26 19:02:24 - [MESSAGE][PASSED] - Object: 'Object Repository/Backoffice/match_mgmt/button_create_match' is clicked on

2018-11-26 19:02:24 - [TEST_STEP][PASSED] - delay: Delayed 1 second(s)

2018-11-26 19:02:25 - [MESSAGE][PASSED] - Delayed 1 second(s)

2018-11-26 19:02:25 - [TEST_STEP][PASSED] - click: Object: 'Object Repository/Backoffice/match_mgmt/span_select_arena_name' is clicked on

2018-11-26 19:02:25 - [MESSAGE][PASSED] - Object: 'Object Repository/Backoffice/match_mgmt/span_select_arena_name' is clicked on

2018-11-26 19:02:25 - [TEST_STEP][PASSED] - setText: Text 'PASIG SQUARE GARDEN - PSG' is set on object 'Object Repository/Backoffice/match_mgmt/input__select2-search__arena_name'

2018-11-26 19:02:25 - [MESSAGE][PASSED] - Text 'PASIG SQUARE GARDEN - PSG' is set on object 'Object Repository/Backoffice/match_mgmt/input__select2-search__arena_name'

2018-11-26 19:02:25 - [TEST_STEP][PASSED] - sendKeys: Keys 'ENTER + ' sent to object: 'Object Repository/Backoffice/match_mgmt/input__select2-search__arena_name'

2018-11-26 19:02:25 - [MESSAGE][PASSED] - Keys 'ENTER + ' sent to object: 'Object Repository/Backoffice/match_mgmt/input__select2-search__arena_name'

2018-11-26 19:02:25 - [TEST_STEP][PASSED] - setText: Text 'AA' is set on object 'Object Repository/Backoffice/match_mgmt/meron_details/input_meron_name'

2018-11-26 19:02:25 - [MESSAGE][PASSED] - Text 'AA' is set on object 'Object Repository/Backoffice/match_mgmt/meron_details/input_meron_name'

2018-11-26 19:02:25 - [TEST_STEP][PASSED] - setText: Text 'Farm 1' is set on object 'Object Repository/Backoffice/match_mgmt/meron_details/input_meron_farm'

2018-11-26 19:02:26 - [MESSAGE][PASSED] - Text 'Farm 1' is set on object 'Object Repository/Backoffice/match_mgmt/meron_details/input_meron_farm'

2018-11-26 19:02:26 - [TEST_STEP][PASSED] - setText: Text 'Breed 1' is set on object 'Object Repository/Backoffice/match_mgmt/meron_details/input_meron_breed'

2018-11-26 19:02:26 - [MESSAGE][PASSED] - Text 'Breed 1' is set on object 'Object Repository/Backoffice/match_mgmt/meron_details/input_meron_breed'

2018-11-26 19:02:26 - [TEST_STEP][PASSED] - setText: Text 'Weight 1' is set on object 'Object Repository/Backoffice/match_mgmt/meron_details/input_meron_weight'

2018-11-26 19:02:26 - [MESSAGE][PASSED] - Text 'Weight 1' is set on object 'Object Repository/Backoffice/match_mgmt/meron_details/input_meron_weight'

2018-11-26 19:02:26 - [TEST_STEP][PASSED] - setText: Text 'BB' is set on object 'Object Repository/Backoffice/match_mgmt/wala_details/input_wala_name'

2018-11-26 19:02:26 - [MESSAGE][PASSED] - Text 'BB' is set on object 'Object Repository/Backoffice/match_mgmt/wala_details/input_wala_name'

2018-11-26 19:02:26 - [TEST_STEP][PASSED] - setText: Text 'Farm 2' is set on object 'Object Repository/Backoffice/match_mgmt/wala_details/input_wala_farm'

2018-11-26 19:02:26 - [MESSAGE][PASSED] - Text 'Farm 2' is set on object 'Object Repository/Backoffice/match_mgmt/wala_details/input_wala_farm'

2018-11-26 19:02:26 - [TEST_STEP][PASSED] - setText: Text 'Breed 2' is set on object 'Object Repository/Backoffice/match_mgmt/wala_details/input_wala_breed'

2018-11-26 19:02:26 - [MESSAGE][PASSED] - Text 'Breed 2' is set on object 'Object Repository/Backoffice/match_mgmt/wala_details/input_wala_breed'

2018-11-26 19:02:26 - [TEST_STEP][PASSED] - setText: Text 'Weight 2' is set on object 'Object Repository/Backoffice/match_mgmt/wala_details/input_wala_weight'

2018-11-26 19:02:26 - [MESSAGE][PASSED] - Text 'Weight 2' is set on object 'Object Repository/Backoffice/match_mgmt/wala_details/input_wala_weight'

2018-11-26 19:02:26 - [TEST_STEP][PASSED] - click: Object: 'Object Repository/Backoffice/match_mgmt/input_submit_match' is clicked on

2018-11-26 19:02:27 - [MESSAGE][PASSED] - Object: 'Object Repository/Backoffice/match_mgmt/input_submit_match' is clicked on

2018-11-26 19:02:27 - [TEST_STEP][PASSED] - delay: Delayed 1 second(s)

2018-11-26 19:02:28 - [MESSAGE][PASSED] - Delayed 1 second(s)

2018-11-26 19:02:28 - [TEST_STEP][PASSED] - click: Object: 'Object Repository/Backoffice/match_mgmt/button_create_match' is clicked on

2018-11-26 19:02:29 - [MESSAGE][PASSED] - Object: 'Object Repository/Backoffice/match_mgmt/button_create_match' is clicked on

2018-11-26 19:02:29 - [TEST_STEP][PASSED] - delay: Delayed 1 second(s)

2018-11-26 19:02:30 - [MESSAGE][PASSED] - Delayed 1 second(s)

2018-11-26 19:02:30 - [TEST_STEP][PASSED] - click: Object: 'Object Repository/Backoffice/match_mgmt/span_select_arena_name' is clicked on

2018-11-26 19:02:30 - [MESSAGE][PASSED] - Object: 'Object Repository/Backoffice/match_mgmt/span_select_arena_name' is clicked on

2018-11-26 19:02:30 - [TEST_STEP][PASSED] - setText: Text 'PASIG SQUARE GARDEN - PSG' is set on object 'Object Repository/Backoffice/match_mgmt/input__select2-search__arena_name'

2018-11-26 19:02:30 - [MESSAGE][PASSED] - Text 'PASIG SQUARE GARDEN - PSG' is set on object 'Object Repository/Backoffice/match_mgmt/input__select2-search__arena_name'

2018-11-26 19:02:30 - [TEST_STEP][PASSED] - sendKeys: Keys 'ENTER + ' sent to object: 'Object Repository/Backoffice/match_mgmt/input__select2-search__arena_name'

2018-11-26 19:02:30 - [MESSAGE][PASSED] - Keys 'ENTER + ' sent to object: 'Object Repository/Backoffice/match_mgmt/input__select2-search__arena_name'

2018-11-26 19:02:30 - [TEST_STEP][PASSED] - setText: Text 'AA' is set on object 'Object Repository/Backoffice/match_mgmt/meron_details/input_meron_name'

2018-11-26 19:02:30 - [MESSAGE][PASSED] - Text 'AA' is set on object 'Object Repository/Backoffice/match_mgmt/meron_details/input_meron_name'

2018-11-26 19:02:30 - [TEST_STEP][PASSED] - setText: Text 'Farm 1' is set on object 'Object Repository/Backoffice/match_mgmt/meron_details/input_meron_farm'

2018-11-26 19:02:30 - [MESSAGE][PASSED] - Text 'Farm 1' is set on object 'Object Repository/Backoffice/match_mgmt/meron_details/input_meron_farm'

2018-11-26 19:02:30 - [TEST_STEP][PASSED] - setText: Text 'Breed 1' is set on object 'Object Repository/Backoffice/match_mgmt/meron_details/input_meron_breed'

2018-11-26 19:02:30 - [MESSAGE][PASSED] - Text 'Breed 1' is set on object 'Object Repository/Backoffice/match_mgmt/meron_details/input_meron_breed'

2018-11-26 19:02:30 - [TEST_STEP][PASSED] - setText: Text 'Weight 1' is set on object 'Object Repository/Backoffice/match_mgmt/meron_details/input_meron_weight'

2018-11-26 19:02:31 - [MESSAGE][PASSED] - Text 'Weight 1' is set on object 'Object Repository/Backoffice/match_mgmt/meron_details/input_meron_weight'

2018-11-26 19:02:31 - [TEST_STEP][PASSED] - setText: Text 'BB' is set on object 'Object Repository/Backoffice/match_mgmt/wala_details/input_wala_name'

2018-11-26 19:02:31 - [MESSAGE][PASSED] - Text 'BB' is set on object 'Object Repository/Backoffice/match_mgmt/wala_details/input_wala_name'

2018-11-26 19:02:31 - [TEST_STEP][PASSED] - setText: Text 'Farm 2' is set on object 'Object Repository/Backoffice/match_mgmt/wala_details/input_wala_farm'

2018-11-26 19:02:31 - [MESSAGE][PASSED] - Text 'Farm 2' is set on object 'Object Repository/Backoffice/match_mgmt/wala_details/input_wala_farm'

2018-11-26 19:02:31 - [TEST_STEP][PASSED] - setText: Text 'Breed 2' is set on object 'Object Repository/Backoffice/match_mgmt/wala_details/input_wala_breed'

2018-11-26 19:02:31 - [MESSAGE][PASSED] - Text 'Breed 2' is set on object 'Object Repository/Backoffice/match_mgmt/wala_details/input_wala_breed'

2018-11-26 19:02:31 - [TEST_STEP][PASSED] - setText: Text 'Weight 2' is set on object 'Object Repository/Backoffice/match_mgmt/wala_details/input_wala_weight'

2018-11-26 19:02:31 - [MESSAGE][PASSED] - Text 'Weight 2' is set on object 'Object Repository/Backoffice/match_mgmt/wala_details/input_wala_weight'

2018-11-26 19:02:31 - [TEST_STEP][PASSED] - click: Object: 'Object Repository/Backoffice/match_mgmt/input_submit_match' is clicked on

2018-11-26 19:02:32 - [MESSAGE][PASSED] - Object: 'Object Repository/Backoffice/match_mgmt/input_submit_match' is clicked on

2018-11-26 19:02:32 - [TEST_STEP][PASSED] - delay: Delayed 1 second(s)

2018-11-26 19:02:33 - [MESSAGE][PASSED] - Delayed 1 second(s)

2018-11-26 19:02:33 - [TEST_STEP][PASSED] - click: Object: 'Object Repository/Backoffice/match_mgmt/button_create_match' is clicked on

2018-11-26 19:02:33 - [MESSAGE][PASSED] - Object: 'Object Repository/Backoffice/match_mgmt/button_create_match' is clicked on

2018-11-26 19:02:33 - [TEST_STEP][PASSED] - delay: Delayed 1 second(s)

2018-11-26 19:02:34 - [MESSAGE][PASSED] - Delayed 1 second(s)

2018-11-26 19:02:34 - [TEST_STEP][PASSED] - click: Object: 'Object Repository/Backoffice/match_mgmt/span_select_arena_name' is clicked on

2018-11-26 19:02:34 - [MESSAGE][PASSED] - Object: 'Object Repository/Backoffice/match_mgmt/span_select_arena_name' is clicked on

2018-11-26 19:02:34 - [TEST_STEP][PASSED] - setText: Text 'PASIG SQUARE GARDEN - PSG' is set on object 'Object Repository/Backoffice/match_mgmt/input__select2-search__arena_name'

2018-11-26 19:02:35 - [MESSAGE][PASSED] - Text 'PASIG SQUARE GARDEN - PSG' is set on object 'Object Repository/Backoffice/match_mgmt/input__select2-search__arena_name'

2018-11-26 19:02:35 - [TEST_STEP][PASSED] - sendKeys: Keys 'ENTER + ' sent to object: 'Object Repository/Backoffice/match_mgmt/input__select2-search__arena_name'

2018-11-26 19:02:35 - [MESSAGE][PASSED] - Keys 'ENTER + ' sent to object: 'Object Repository/Backoffice/match_mgmt/input__select2-search__arena_name'

2018-11-26 19:02:35 - [TEST_STEP][PASSED] - setText: Text 'AA' is set on object 'Object Repository/Backoffice/match_mgmt/meron_details/input_meron_name'

2018-11-26 19:02:35 - [MESSAGE][PASSED] - Text 'AA' is set on object 'Object Repository/Backoffice/match_mgmt/meron_details/input_meron_name'

2018-11-26 19:02:35 - [TEST_STEP][PASSED] - setText: Text 'Farm 1' is set on object 'Object Repository/Backoffice/match_mgmt/meron_details/input_meron_farm'

2018-11-26 19:02:35 - [MESSAGE][PASSED] - Text 'Farm 1' is set on object 'Object Repository/Backoffice/match_mgmt/meron_details/input_meron_farm'

2018-11-26 19:02:35 - [TEST_STEP][PASSED] - setText: Text 'Breed 1' is set on object 'Object Repository/Backoffice/match_mgmt/meron_details/input_meron_breed'

2018-11-26 19:02:35 - [MESSAGE][PASSED] - Text 'Breed 1' is set on object 'Object Repository/Backoffice/match_mgmt/meron_details/input_meron_breed'

2018-11-26 19:02:35 - [TEST_STEP][PASSED] - setText: Text 'Weight 1' is set on object 'Object Repository/Backoffice/match_mgmt/meron_details/input_meron_weight'

2018-11-26 19:02:35 - [MESSAGE][PASSED] - Text 'Weight 1' is set on object 'Object Repository/Backoffice/match_mgmt/meron_details/input_meron_weight'

2018-11-26 19:02:35 - [TEST_STEP][PASSED] - setText: Text 'BB' is set on object 'Object Repository/Backoffice/match_mgmt/wala_details/input_wala_name'

2018-11-26 19:02:35 - [MESSAGE][PASSED] - Text 'BB' is set on object 'Object Repository/Backoffice/match_mgmt/wala_details/input_wala_name'

2018-11-26 19:02:35 - [TEST_STEP][PASSED] - setText: Text 'Farm 2' is set on object 'Object Repository/Backoffice/match_mgmt/wala_details/input_wala_farm'

2018-11-26 19:02:36 - [MESSAGE][PASSED] - Text 'Farm 2' is set on object 'Object Repository/Backoffice/match_mgmt/wala_details/input_wala_farm'

2018-11-26 19:02:36 - [TEST_STEP][PASSED] - setText: Text 'Breed 2' is set on object 'Object Repository/Backoffice/match_mgmt/wala_details/input_wala_breed'

2018-11-26 19:02:36 - [MESSAGE][PASSED] - Text 'Breed 2' is set on object 'Object Repository/Backoffice/match_mgmt/wala_details/input_wala_breed'

2018-11-26 19:02:36 - [TEST_STEP][PASSED] - setText: Text 'Weight 2' is set on object 'Object Repository/Backoffice/match_mgmt/wala_details/input_wala_weight'

2018-11-26 19:02:36 - [MESSAGE][PASSED] - Text 'Weight 2' is set on object 'Object Repository/Backoffice/match_mgmt/wala_details/input_wala_weight'

2018-11-26 19:02:36 - [TEST_STEP][PASSED] - click: Object: 'Object Repository/Backoffice/match_mgmt/input_submit_match' is clicked on

2018-11-26 19:02:37 - [MESSAGE][PASSED] - Object: 'Object Repository/Backoffice/match_mgmt/input_submit_match' is clicked on

2018-11-26 19:02:37 - [TEST_STEP][PASSED] - delay: Delayed 1 second(s)

2018-11-26 19:02:38 - [MESSAGE][PASSED] - Delayed 1 second(s)

2018-11-26 19:02:38 - [TEST_STEP][PASSED] - click: Object: 'Object Repository/Backoffice/match_mgmt/button_create_match' is clicked on

2018-11-26 19:02:38 - [MESSAGE][PASSED] - Object: 'Object Repository/Backoffice/match_mgmt/button_create_match' is clicked on

2018-11-26 19:02:38 - [TEST_STEP][PASSED] - delay: Delayed 1 second(s)

2018-11-26 19:02:39 - [MESSAGE][PASSED] - Delayed 1 second(s)

2018-11-26 19:02:39 - [TEST_STEP][PASSED] - click: Object: 'Object Repository/Backoffice/match_mgmt/span_select_arena_name' is clicked on

2018-11-26 19:02:39 - [MESSAGE][PASSED] - Object: 'Object Repository/Backoffice/match_mgmt/span_select_arena_name' is clicked on

2018-11-26 19:02:39 - [TEST_STEP][PASSED] - setText: Text 'PASIG SQUARE GARDEN - PSG' is set on object 'Object Repository/Backoffice/match_mgmt/input__select2-search__arena_name'

2018-11-26 19:02:40 - [MESSAGE][PASSED] - Text 'PASIG SQUARE GARDEN - PSG' is set on object 'Object Repository/Backoffice/match_mgmt/input__select2-search__arena_name'

2018-11-26 19:02:40 - [TEST_STEP][PASSED] - sendKeys: Keys 'ENTER + ' sent to object: 'Object Repository/Backoffice/match_mgmt/input__select2-search__arena_name'

2018-11-26 19:02:40 - [MESSAGE][PASSED] - Keys 'ENTER + ' sent to object: 'Object Repository/Backoffice/match_mgmt/input__select2-search__arena_name'

2018-11-26 19:02:40 - [TEST_STEP][PASSED] - setText: Text 'AA' is set on object 'Object Repository/Backoffice/match_mgmt/meron_details/input_meron_name'

2018-11-26 19:02:40 - [MESSAGE][PASSED] - Text 'AA' is set on object 'Object Repository/Backoffice/match_mgmt/meron_details/input_meron_name'

2018-11-26 19:02:40 - [TEST_STEP][PASSED] - setText: Text 'Farm 1' is set on object 'Object Repository/Backoffice/match_mgmt/meron_details/input_meron_farm'

2018-11-26 19:02:40 - [MESSAGE][PASSED] - Text 'Farm 1' is set on object 'Object Repository/Backoffice/match_mgmt/meron_details/input_meron_farm'

2018-11-26 19:02:40 - [TEST_STEP][PASSED] - setText: Text 'Breed 1' is set on object 'Object Repository/Backoffice/match_mgmt/meron_details/input_meron_breed'

2018-11-26 19:02:40 - [MESSAGE][PASSED] - Text 'Breed 1' is set on object 'Object Repository/Backoffice/match_mgmt/meron_details/input_meron_breed'

2018-11-26 19:02:40 - [TEST_STEP][PASSED] - setText: Text 'Weight 1' is set on object 'Object Repository/Backoffice/match_mgmt/meron_details/input_meron_weight'

2018-11-26 19:02:40 - [MESSAGE][PASSED] - Text 'Weight 1' is set on object 'Object Repository/Backoffice/match_mgmt/meron_details/input_meron_weight'

2018-11-26 19:02:40 - [TEST_STEP][PASSED] - setText: Text 'BB' is set on object 'Object Repository/Backoffice/match_mgmt/wala_details/input_wala_name'

2018-11-26 19:02:40 - [MESSAGE][PASSED] - Text 'BB' is set on object 'Object Repository/Backoffice/match_mgmt/wala_details/input_wala_name'

2018-11-26 19:02:40 - [TEST_STEP][PASSED] - setText: Text 'Farm 2' is set on object 'Object Repository/Backoffice/match_mgmt/wala_details/input_wala_farm'

2018-11-26 19:02:40 - [MESSAGE][PASSED] - Text 'Farm 2' is set on object 'Object Repository/Backoffice/match_mgmt/wala_details/input_wala_farm'

2018-11-26 19:02:40 - [TEST_STEP][PASSED] - setText: Text 'Breed 2' is set on object 'Object Repository/Backoffice/match_mgmt/wala_details/input_wala_breed'

2018-11-26 19:02:40 - [MESSAGE][PASSED] - Text 'Breed 2' is set on object 'Object Repository/Backoffice/match_mgmt/wala_details/input_wala_breed'

2018-11-26 19:02:40 - [TEST_STEP][PASSED] - setText: Text 'Weight 2' is set on object 'Object Repository/Backoffice/match_mgmt/wala_details/input_wala_weight'

2018-11-26 19:02:41 - [MESSAGE][PASSED] - Text 'Weight 2' is set on object 'Object Repository/Backoffice/match_mgmt/wala_details/input_wala_weight'

2018-11-26 19:02:41 - [TEST_STEP][PASSED] - click: Object: 'Object Repository/Backoffice/match_mgmt/input_submit_match' is clicked on

2018-11-26 19:02:42 - [MESSAGE][PASSED] - Object: 'Object Repository/Backoffice/match_mgmt/input_submit_match' is clicked on

2018-11-26 19:02:42 - [TEST_STEP][PASSED] - delay: Delayed 1 second(s)

2018-11-26 19:02:43 - [MESSAGE][PASSED] - Delayed 1 second(s)

2018-11-26 19:02:43 - [TEST_STEP][PASSED] - click: Object: 'Object Repository/Backoffice/match_mgmt/button_create_match' is clicked on

2018-11-26 19:02:43 - [MESSAGE][PASSED] - Object: 'Object Repository/Backoffice/match_mgmt/button_create_match' is clicked on

2018-11-26 19:02:43 - [TEST_STEP][PASSED] - delay: Delayed 1 second(s)

2018-11-26 19:02:44 - [MESSAGE][PASSED] - Delayed 1 second(s)

2018-11-26 19:02:44 - [TEST_STEP][PASSED] - click: Object: 'Object Repository/Backoffice/match_mgmt/span_select_arena_name' is clicked on

2018-11-26 19:02:44 - [MESSAGE][PASSED] - Object: 'Object Repository/Backoffice/match_mgmt/span_select_arena_name' is clicked on

2018-11-26 19:02:44 - [TEST_STEP][PASSED] - setText: Text 'PASIG SQUARE GARDEN - PSG' is set on object 'Object Repository/Backoffice/match_mgmt/input__select2-search__arena_name'

2018-11-26 19:02:44 - [MESSAGE][PASSED] - Text 'PASIG SQUARE GARDEN - PSG' is set on object 'Object Repository/Backoffice/match_mgmt/input__select2-search__arena_name'

2018-11-26 19:02:44 - [TEST_STEP][PASSED] - sendKeys: Keys 'ENTER + ' sent to object: 'Object Repository/Backoffice/match_mgmt/input__select2-search__arena_name'

2018-11-26 19:02:44 - [MESSAGE][PASSED] - Keys 'ENTER + ' sent to object: 'Object Repository/Backoffice/match_mgmt/input__select2-search__arena_name'

2018-11-26 19:02:44 - [TEST_STEP][PASSED] - setText: Text 'AA' is set on object 'Object Repository/Backoffice/match_mgmt/meron_details/input_meron_name'

2018-11-26 19:02:44 - [MESSAGE][PASSED] - Text 'AA' is set on object 'Object Repository/Backoffice/match_mgmt/meron_details/input_meron_name'

2018-11-26 19:02:44 - [TEST_STEP][PASSED] - setText: Text 'Farm 1' is set on object 'Object Repository/Backoffice/match_mgmt/meron_details/input_meron_farm'

2018-11-26 19:02:45 - [MESSAGE][PASSED] - Text 'Farm 1' is set on object 'Object Repository/Backoffice/match_mgmt/meron_details/input_meron_farm'

2018-11-26 19:02:45 - [TEST_STEP][PASSED] - setText: Text 'Breed 1' is set on object 'Object Repository/Backoffice/match_mgmt/meron_details/input_meron_breed'

2018-11-26 19:02:45 - [MESSAGE][PASSED] - Text 'Breed 1' is set on object 'Object Repository/Backoffice/match_mgmt/meron_details/input_meron_breed'

2018-11-26 19:02:45 - [TEST_STEP][PASSED] - setText: Text 'Weight 1' is set on object 'Object Repository/Backoffice/match_mgmt/meron_details/input_meron_weight'

2018-11-26 19:02:45 - [MESSAGE][PASSED] - Text 'Weight 1' is set on object 'Object Repository/Backoffice/match_mgmt/meron_details/input_meron_weight'

2018-11-26 19:02:45 - [TEST_STEP][PASSED] - setText: Text 'BB' is set on object 'Object Repository/Backoffice/match_mgmt/wala_details/input_wala_name'

2018-11-26 19:02:45 - [MESSAGE][PASSED] - Text 'BB' is set on object 'Object Repository/Backoffice/match_mgmt/wala_details/input_wala_name'

2018-11-26 19:02:45 - [TEST_STEP][PASSED] - setText: Text 'Farm 2' is set on object 'Object Repository/Backoffice/match_mgmt/wala_details/input_wala_farm'

2018-11-26 19:02:45 - [MESSAGE][PASSED] - Text 'Farm 2' is set on object 'Object Repository/Backoffice/match_mgmt/wala_details/input_wala_farm'

2018-11-26 19:02:45 - [TEST_STEP][PASSED] - setText: Text 'Breed 2' is set on object 'Object Repository/Backoffice/match_mgmt/wala_details/input_wala_breed'

2018-11-26 19:02:45 - [MESSAGE][PASSED] - Text 'Breed 2' is set on object 'Object Repository/Backoffice/match_mgmt/wala_details/input_wala_breed'

2018-11-26 19:02:45 - [TEST_STEP][PASSED] - setText: Text 'Weight 2' is set on object 'Object Repository/Backoffice/match_mgmt/wala_details/input_wala_weight'

2018-11-26 19:02:45 - [MESSAGE][PASSED] - Text 'Weight 2' is set on object 'Object Repository/Backoffice/match_mgmt/wala_details/input_wala_weight'

2018-11-26 19:02:45 - [TEST_STEP][PASSED] - click: Object: 'Object Repository/Backoffice/match_mgmt/input_submit_match' is clicked on

2018-11-26 19:02:46 - [MESSAGE][PASSED] - Object: 'Object Repository/Backoffice/match_mgmt/input_submit_match' is clicked on

2018-11-26 19:02:46 - [TEST_STEP][PASSED] - delay: Delayed 1 second(s)

2018-11-26 19:02:47 - [MESSAGE][PASSED] - Delayed 1 second(s)

2018-11-26 19:02:47 - [TEST_STEP][PASSED] - click: Object: 'Object Repository/Backoffice/match_mgmt/button_create_match' is clicked on

2018-11-26 19:02:48 - [MESSAGE][PASSED] - Object: 'Object Repository/Backoffice/match_mgmt/button_create_match' is clicked on

2018-11-26 19:02:48 - [TEST_STEP][PASSED] - delay: Delayed 1 second(s)

2018-11-26 19:02:49 - [MESSAGE][PASSED] - Delayed 1 second(s)

2018-11-26 19:02:49 - [TEST_STEP][PASSED] - click: Object: 'Object Repository/Backoffice/match_mgmt/span_select_arena_name' is clicked on

2018-11-26 19:02:49 - [MESSAGE][PASSED] - Object: 'Object Repository/Backoffice/match_mgmt/span_select_arena_name' is clicked on

2018-11-26 19:02:49 - [TEST_STEP][PASSED] - setText: Text 'PASIG SQUARE GARDEN - PSG' is set on object 'Object Repository/Backoffice/match_mgmt/input__select2-search__arena_name'

2018-11-26 19:02:49 - [MESSAGE][PASSED] - Text 'PASIG SQUARE GARDEN - PSG' is set on object 'Object Repository/Backoffice/match_mgmt/input__select2-search__arena_name'

2018-11-26 19:02:49 - [TEST_STEP][PASSED] - sendKeys: Keys 'ENTER + ' sent to object: 'Object Repository/Backoffice/match_mgmt/input__select2-search__arena_name'

2018-11-26 19:02:49 - [MESSAGE][PASSED] - Keys 'ENTER + ' sent to object: 'Object Repository/Backoffice/match_mgmt/input__select2-search__arena_name'

2018-11-26 19:02:49 - [TEST_STEP][PASSED] - setText: Text 'AA' is set on object 'Object Repository/Backoffice/match_mgmt/meron_details/input_meron_name'

2018-11-26 19:02:49 - [MESSAGE][PASSED] - Text 'AA' is set on object 'Object Repository/Backoffice/match_mgmt/meron_details/input_meron_name'

2018-11-26 19:02:49 - [TEST_STEP][PASSED] - setText: Text 'Farm 1' is set on object 'Object Repository/Backoffice/match_mgmt/meron_details/input_meron_farm'

2018-11-26 19:02:49 - [MESSAGE][PASSED] - Text 'Farm 1' is set on object 'Object Repository/Backoffice/match_mgmt/meron_details/input_meron_farm'

2018-11-26 19:02:49 - [TEST_STEP][PASSED] - setText: Text 'Breed 1' is set on object 'Object Repository/Backoffice/match_mgmt/meron_details/input_meron_breed'

2018-11-26 19:02:49 - [MESSAGE][PASSED] - Text 'Breed 1' is set on object 'Object Repository/Backoffice/match_mgmt/meron_details/input_meron_breed'

2018-11-26 19:02:49 - [TEST_STEP][PASSED] - setText: Text 'Weight 1' is set on object 'Object Repository/Backoffice/match_mgmt/meron_details/input_meron_weight'

2018-11-26 19:02:50 - [MESSAGE][PASSED] - Text 'Weight 1' is set on object 'Object Repository/Backoffice/match_mgmt/meron_details/input_meron_weight'

2018-11-26 19:02:50 - [TEST_STEP][PASSED] - setText: Text 'BB' is set on object 'Object Repository/Backoffice/match_mgmt/wala_details/input_wala_name'

2018-11-26 19:02:50 - [MESSAGE][PASSED] - Text 'BB' is set on object 'Object Repository/Backoffice/match_mgmt/wala_details/input_wala_name'

2018-11-26 19:02:50 - [TEST_STEP][PASSED] - setText: Text 'Farm 2' is set on object 'Object Repository/Backoffice/match_mgmt/wala_details/input_wala_farm'

2018-11-26 19:02:50 - [MESSAGE][PASSED] - Text 'Farm 2' is set on object 'Object Repository/Backoffice/match_mgmt/wala_details/input_wala_farm'

2018-11-26 19:02:50 - [TEST_STEP][PASSED] - setText: Text 'Breed 2' is set on object 'Object Repository/Backoffice/match_mgmt/wala_details/input_wala_breed'

2018-11-26 19:02:50 - [MESSAGE][PASSED] - Text 'Breed 2' is set on object 'Object Repository/Backoffice/match_mgmt/wala_details/input_wala_breed'

2018-11-26 19:02:50 - [TEST_STEP][PASSED] - setText: Text 'Weight 2' is set on object 'Object Repository/Backoffice/match_mgmt/wala_details/input_wala_weight'

2018-11-26 19:02:50 - [MESSAGE][PASSED] - Text 'Weight 2' is set on object 'Object Repository/Backoffice/match_mgmt/wala_details/input_wala_weight'

2018-11-26 19:02:50 - [TEST_STEP][PASSED] - click: Object: 'Object Repository/Backoffice/match_mgmt/input_submit_match' is clicked on

2018-11-26 19:02:51 - [MESSAGE][PASSED] - Object: 'Object Repository/Backoffice/match_mgmt/input_submit_match' is clicked on

2018-11-26 19:02:51 - [TEST_STEP][PASSED] - delay: Delayed 1 second(s)

2018-11-26 19:02:52 - [MESSAGE][PASSED] - Delayed 1 second(s)

2018-11-26 19:02:52 - [TEST_STEP][PASSED] - click: Object: 'Object Repository/Backoffice/match_mgmt/button_create_match' is clicked on

2018-11-26 19:02:52 - [MESSAGE][PASSED] - Object: 'Object Repository/Backoffice/match_mgmt/button_create_match' is clicked on

2018-11-26 19:02:52 - [TEST_STEP][PASSED] - delay: Delayed 1 second(s)

2018-11-26 19:02:53 - [MESSAGE][PASSED] - Delayed 1 second(s)

2018-11-26 19:02:53 - [TEST_STEP][PASSED] - click: Object: 'Object Repository/Backoffice/match_mgmt/span_select_arena_name' is clicked on

2018-11-26 19:02:53 - [MESSAGE][PASSED] - Object: 'Object Repository/Backoffice/match_mgmt/span_select_arena_name' is clicked on

2018-11-26 19:02:53 - [TEST_STEP][PASSED] - setText: Text 'PASIG SQUARE GARDEN - PSG' is set on object 'Object Repository/Backoffice/match_mgmt/input__select2-search__arena_name'

2018-11-26 19:02:54 - [MESSAGE][PASSED] - Text 'PASIG SQUARE GARDEN - PSG' is set on object 'Object Repository/Backoffice/match_mgmt/input__select2-search__arena_name'

2018-11-26 19:02:54 - [TEST_STEP][PASSED] - sendKeys: Keys 'ENTER + ' sent to object: 'Object Repository/Backoffice/match_mgmt/input__select2-search__arena_name'

2018-11-26 19:02:54 - [MESSAGE][PASSED] - Keys 'ENTER + ' sent to object: 'Object Repository/Backoffice/match_mgmt/input__select2-search__arena_name'

2018-11-26 19:02:54 - [TEST_STEP][PASSED] - setText: Text 'AA' is set on object 'Object Repository/Backoffice/match_mgmt/meron_details/input_meron_name'

2018-11-26 19:02:54 - [MESSAGE][PASSED] - Text 'AA' is set on object 'Object Repository/Backoffice/match_mgmt/meron_details/input_meron_name'

2018-11-26 19:02:54 - [TEST_STEP][PASSED] - setText: Text 'Farm 1' is set on object 'Object Repository/Backoffice/match_mgmt/meron_details/input_meron_farm'

2018-11-26 19:02:54 - [MESSAGE][PASSED] - Text 'Farm 1' is set on object 'Object Repository/Backoffice/match_mgmt/meron_details/input_meron_farm'

2018-11-26 19:02:54 - [TEST_STEP][PASSED] - setText: Text 'Breed 1' is set on object 'Object Repository/Backoffice/match_mgmt/meron_details/input_meron_breed'

2018-11-26 19:02:54 - [MESSAGE][PASSED] - Text 'Breed 1' is set on object 'Object Repository/Backoffice/match_mgmt/meron_details/input_meron_breed'

2018-11-26 19:02:54 - [TEST_STEP][PASSED] - setText: Text 'Weight 1' is set on object 'Object Repository/Backoffice/match_mgmt/meron_details/input_meron_weight'

2018-11-26 19:02:54 - [MESSAGE][PASSED] - Text 'Weight 1' is set on object 'Object Repository/Backoffice/match_mgmt/meron_details/input_meron_weight'

2018-11-26 19:02:54 - [TEST_STEP][PASSED] - setText: Text 'BB' is set on object 'Object Repository/Backoffice/match_mgmt/wala_details/input_wala_name'

2018-11-26 19:02:54 - [MESSAGE][PASSED] - Text 'BB' is set on object 'Object Repository/Backoffice/match_mgmt/wala_details/input_wala_name'

2018-11-26 19:02:54 - [TEST_STEP][PASSED] - setText: Text 'Farm 2' is set on object 'Object Repository/Backoffice/match_mgmt/wala_details/input_wala_farm'

2018-11-26 19:02:55 - [MESSAGE][PASSED] - Text 'Farm 2' is set on object 'Object Repository/Backoffice/match_mgmt/wala_details/input_wala_farm'

2018-11-26 19:02:55 - [TEST_STEP][PASSED] - setText: Text 'Breed 2' is set on object 'Object Repository/Backoffice/match_mgmt/wala_details/input_wala_breed'

2018-11-26 19:02:55 - [MESSAGE][PASSED] - Text 'Breed 2' is set on object 'Object Repository/Backoffice/match_mgmt/wala_details/input_wala_breed'

2018-11-26 19:02:55 - [TEST_STEP][PASSED] - setText: Text 'Weight 2' is set on object 'Object Repository/Backoffice/match_mgmt/wala_details/input_wala_weight'

2018-11-26 19:02:55 - [MESSAGE][PASSED] - Text 'Weight 2' is set on object 'Object Repository/Backoffice/match_mgmt/wala_details/input_wala_weight'

2018-11-26 19:02:55 - [TEST_STEP][PASSED] - click: Object: 'Object Repository/Backoffice/match_mgmt/input_submit_match' is clicked on

2018-11-26 19:02:56 - [MESSAGE][PASSED] - Object: 'Object Repository/Backoffice/match_mgmt/input_submit_match' is clicked on

2018-11-26 19:02:56 - [TEST_STEP][PASSED] - delay: Delayed 1 second(s)

2018-11-26 19:02:57 - [MESSAGE][PASSED] - Delayed 1 second(s)

2018-11-26 19:02:57 - [TEST_STEP][PASSED] - click: Object: 'Object Repository/Backoffice/match_mgmt/button_create_match' is clicked on

2018-11-26 19:02:57 - [MESSAGE][PASSED] - Object: 'Object Repository/Backoffice/match_mgmt/button_create_match' is clicked on

2018-11-26 19:02:57 - [TEST_STEP][PASSED] - delay: Delayed 1 second(s)

2018-11-26 19:02:58 - [MESSAGE][PASSED] - Delayed 1 second(s)

2018-11-26 19:02:58 - [TEST_STEP][PASSED] - click: Object: 'Object Repository/Backoffice/match_mgmt/span_select_arena_name' is clicked on

2018-11-26 19:02:58 - [MESSAGE][PASSED] - Object: 'Object Repository/Backoffice/match_mgmt/span_select_arena_name' is clicked on

2018-11-26 19:02:58 - [TEST_STEP][PASSED] - setText: Text 'PASIG SQUARE GARDEN - PSG' is set on object 'Object Repository/Backoffice/match_mgmt/input__select2-search__arena_name'

2018-11-26 19:02:59 - [MESSAGE][PASSED] - Text 'PASIG SQUARE GARDEN - PSG' is set on object 'Object Repository/Backoffice/match_mgmt/input__select2-search__arena_name'

2018-11-26 19:02:59 - [TEST_STEP][PASSED] - sendKeys: Keys 'ENTER + ' sent to object: 'Object Repository/Backoffice/match_mgmt/input__select2-search__arena_name'

2018-11-26 19:02:59 - [MESSAGE][PASSED] - Keys 'ENTER + ' sent to object: 'Object Repository/Backoffice/match_mgmt/input__select2-search__arena_name'

2018-11-26 19:02:59 - [TEST_STEP][PASSED] - setText: Text 'AA' is set on object 'Object Repository/Backoffice/match_mgmt/meron_details/input_meron_name'

2018-11-26 19:02:59 - [MESSAGE][PASSED] - Text 'AA' is set on object 'Object Repository/Backoffice/match_mgmt/meron_details/input_meron_name'

2018-11-26 19:02:59 - [TEST_STEP][PASSED] - setText: Text 'Farm 1' is set on object 'Object Repository/Backoffice/match_mgmt/meron_details/input_meron_farm'

2018-11-26 19:02:59 - [MESSAGE][PASSED] - Text 'Farm 1' is set on object 'Object Repository/Backoffice/match_mgmt/meron_details/input_meron_farm'

2018-11-26 19:02:59 - [TEST_STEP][PASSED] - setText: Text 'Breed 1' is set on object 'Object Repository/Backoffice/match_mgmt/meron_details/input_meron_breed'

2018-11-26 19:02:59 - [MESSAGE][PASSED] - Text 'Breed 1' is set on object 'Object Repository/Backoffice/match_mgmt/meron_details/input_meron_breed'

2018-11-26 19:02:59 - [TEST_STEP][PASSED] - setText: Text 'Weight 1' is set on object 'Object Repository/Backoffice/match_mgmt/meron_details/input_meron_weight'

2018-11-26 19:02:59 - [MESSAGE][PASSED] - Text 'Weight 1' is set on object 'Object Repository/Backoffice/match_mgmt/meron_details/input_meron_weight'

2018-11-26 19:02:59 - [TEST_STEP][PASSED] - setText: Text 'BB' is set on object 'Object Repository/Backoffice/match_mgmt/wala_details/input_wala_name'

2018-11-26 19:02:59 - [MESSAGE][PASSED] - Text 'BB' is set on object 'Object Repository/Backoffice/match_mgmt/wala_details/input_wala_name'

2018-11-26 19:02:59 - [TEST_STEP][PASSED] - setText: Text 'Farm 2' is set on object 'Object Repository/Backoffice/match_mgmt/wala_details/input_wala_farm'

2018-11-26 19:02:59 - [MESSAGE][PASSED] - Text 'Farm 2' is set on object 'Object Repository/Backoffice/match_mgmt/wala_details/input_wala_farm'

2018-11-26 19:02:59 - [TEST_STEP][PASSED] - setText: Text 'Breed 2' is set on object 'Object Repository/Backoffice/match_mgmt/wala_details/input_wala_breed'

2018-11-26 19:02:59 - [MESSAGE][PASSED] - Text 'Breed 2' is set on object 'Object Repository/Backoffice/match_mgmt/wala_details/input_wala_breed'

2018-11-26 19:02:59 - [TEST_STEP][PASSED] - setText: Text 'Weight 2' is set on object 'Object Repository/Backoffice/match_mgmt/wala_details/input_wala_weight'

2018-11-26 19:03:00 - [MESSAGE][PASSED] - Text 'Weight 2' is set on object 'Object Repository/Backoffice/match_mgmt/wala_details/input_wala_weight'

2018-11-26 19:03:00 - [TEST_STEP][PASSED] - click: Object: 'Object Repository/Backoffice/match_mgmt/input_submit_match' is clicked on

2018-11-26 19:03:01 - [MESSAGE][PASSED] - Object: 'Object Repository/Backoffice/match_mgmt/input_submit_match' is clicked on

2018-11-26 19:03:01 - [TEST_STEP][PASSED] - delay: Delayed 1 second(s)

2018-11-26 19:03:02 - [MESSAGE][PASSED] - Delayed 1 second(s)

2018-11-26 19:03:02 - [TEST_STEP][PASSED] - click: Object: 'Object Repository/Backoffice/match_mgmt/button_create_match' is clicked on

2018-11-26 19:03:02 - [MESSAGE][PASSED] - Object: 'Object Repository/Backoffice/match_mgmt/button_create_match' is clicked on

2018-11-26 19:03:02 - [TEST_STEP][PASSED] - delay: Delayed 1 second(s)

2018-11-26 19:03:03 - [MESSAGE][PASSED] - Delayed 1 second(s)

2018-11-26 19:03:03 - [TEST_STEP][PASSED] - click: Object: 'Object Repository/Backoffice/match_mgmt/span_select_arena_name' is clicked on

2018-11-26 19:03:03 - [MESSAGE][PASSED] - Object: 'Object Repository/Backoffice/match_mgmt/span_select_arena_name' is clicked on

2018-11-26 19:03:03 - [TEST_STEP][PASSED] - setText: Text 'PASIG SQUARE GARDEN - PSG' is set on object 'Object Repository/Backoffice/match_mgmt/input__select2-search__arena_name'

2018-11-26 19:03:03 - [MESSAGE][PASSED] - Text 'PASIG SQUARE GARDEN - PSG' is set on object 'Object Repository/Backoffice/match_mgmt/input__select2-search__arena_name'

2018-11-26 19:03:03 - [TEST_STEP][PASSED] - sendKeys: Keys 'ENTER + ' sent to object: 'Object Repository/Backoffice/match_mgmt/input__select2-search__arena_name'

2018-11-26 19:03:03 - [MESSAGE][PASSED] - Keys 'ENTER + ' sent to object: 'Object Repository/Backoffice/match_mgmt/input__select2-search__arena_name'

2018-11-26 19:03:03 - [TEST_STEP][PASSED] - setText: Text 'AA' is set on object 'Object Repository/Backoffice/match_mgmt/meron_details/input_meron_name'

2018-11-26 19:03:03 - [MESSAGE][PASSED] - Text 'AA' is set on object 'Object Repository/Backoffice/match_mgmt/meron_details/input_meron_name'

2018-11-26 19:03:03 - [TEST_STEP][PASSED] - setText: Text 'Farm 1' is set on object 'Object Repository/Backoffice/match_mgmt/meron_details/input_meron_farm'

2018-11-26 19:03:04 - [MESSAGE][PASSED] - Text 'Farm 1' is set on object 'Object Repository/Backoffice/match_mgmt/meron_details/input_meron_farm'

2018-11-26 19:03:04 - [TEST_STEP][PASSED] - setText: Text 'Breed 1' is set on object 'Object Repository/Backoffice/match_mgmt/meron_details/input_meron_breed'

2018-11-26 19:03:04 - [MESSAGE][PASSED] - Text 'Breed 1' is set on object 'Object Repository/Backoffice/match_mgmt/meron_details/input_meron_breed'

2018-11-26 19:03:04 - [TEST_STEP][PASSED] - setText: Text 'Weight 1' is set on object 'Object Repository/Backoffice/match_mgmt/meron_details/input_meron_weight'

2018-11-26 19:03:04 - [MESSAGE][PASSED] - Text 'Weight 1' is set on object 'Object Repository/Backoffice/match_mgmt/meron_details/input_meron_weight'

2018-11-26 19:03:04 - [TEST_STEP][PASSED] - setText: Text 'BB' is set on object 'Object Repository/Backoffice/match_mgmt/wala_details/input_wala_name'

2018-11-26 19:03:04 - [MESSAGE][PASSED] - Text 'BB' is set on object 'Object Repository/Backoffice/match_mgmt/wala_details/input_wala_name'

2018-11-26 19:03:04 - [TEST_STEP][PASSED] - setText: Text 'Farm 2' is set on object 'Object Repository/Backoffice/match_mgmt/wala_details/input_wala_farm'

2018-11-26 19:03:04 - [MESSAGE][PASSED] - Text 'Farm 2' is set on object 'Object Repository/Backoffice/match_mgmt/wala_details/input_wala_farm'

2018-11-26 19:03:04 - [TEST_STEP][PASSED] - setText: Text 'Breed 2' is set on object 'Object Repository/Backoffice/match_mgmt/wala_details/input_wala_breed'

2018-11-26 19:03:04 - [MESSAGE][PASSED] - Text 'Breed 2' is set on object 'Object Repository/Backoffice/match_mgmt/wala_details/input_wala_breed'

2018-11-26 19:03:04 - [TEST_STEP][PASSED] - setText: Text 'Weight 2' is set on object 'Object Repository/Backoffice/match_mgmt/wala_details/input_wala_weight'

2018-11-26 19:03:04 - [MESSAGE][PASSED] - Text 'Weight 2' is set on object 'Object Repository/Backoffice/match_mgmt/wala_details/input_wala_weight'

2018-11-26 19:03:04 - [TEST_STEP][PASSED] - click: Object: 'Object Repository/Backoffice/match_mgmt/input_submit_match' is clicked on

2018-11-26 19:03:05 - [MESSAGE][PASSED] - Object: 'Object Repository/Backoffice/match_mgmt/input_submit_match' is clicked on

2018-11-26 19:03:05 - [TEST_STEP][PASSED] - delay: Delayed 1 second(s)

2018-11-26 19:03:06 - [MESSAGE][PASSED] - Delayed 1 second(s)

2018-11-26 19:03:06 - [TEST_STEP][PASSED] - click: Object: 'Object Repository/Backoffice/match_mgmt/button_create_match' is clicked on

2018-11-26 19:03:06 - [MESSAGE][PASSED] - Object: 'Object Repository/Backoffice/match_mgmt/button_create_match' is clicked on

2018-11-26 19:03:06 - [TEST_STEP][PASSED] - delay: Delayed 1 second(s)

2018-11-26 19:03:07 - [MESSAGE][PASSED] - Delayed 1 second(s)

2018-11-26 19:03:07 - [TEST_STEP][PASSED] - click: Object: 'Object Repository/Backoffice/match_mgmt/span_select_arena_name' is clicked on

2018-11-26 19:03:07 - [MESSAGE][PASSED] - Object: 'Object Repository/Backoffice/match_mgmt/span_select_arena_name' is clicked on

2018-11-26 19:03:07 - [TEST_STEP][PASSED] - setText: Text 'PASIG SQUARE GARDEN - PSG' is set on object 'Object Repository/Backoffice/match_mgmt/input__select2-search__arena_name'

2018-11-26 19:03:08 - [MESSAGE][PASSED] - Text 'PASIG SQUARE GARDEN - PSG' is set on object 'Object Repository/Backoffice/match_mgmt/input__select2-search__arena_name'

2018-11-26 19:03:08 - [TEST_STEP][PASSED] - sendKeys: Keys 'ENTER + ' sent to object: 'Object Repository/Backoffice/match_mgmt/input__select2-search__arena_name'

2018-11-26 19:03:08 - [MESSAGE][PASSED] - Keys 'ENTER + ' sent to object: 'Object Repository/Backoffice/match_mgmt/input__select2-search__arena_name'

2018-11-26 19:03:08 - [TEST_STEP][PASSED] - setText: Text 'AA' is set on object 'Object Repository/Backoffice/match_mgmt/meron_details/input_meron_name'

2018-11-26 19:03:08 - [MESSAGE][PASSED] - Text 'AA' is set on object 'Object Repository/Backoffice/match_mgmt/meron_details/input_meron_name'

2018-11-26 19:03:08 - [TEST_STEP][PASSED] - setText: Text 'Farm 1' is set on object 'Object Repository/Backoffice/match_mgmt/meron_details/input_meron_farm'

2018-11-26 19:03:08 - [MESSAGE][PASSED] - Text 'Farm 1' is set on object 'Object Repository/Backoffice/match_mgmt/meron_details/input_meron_farm'

2018-11-26 19:03:08 - [TEST_STEP][PASSED] - setText: Text 'Breed 1' is set on object 'Object Repository/Backoffice/match_mgmt/meron_details/input_meron_breed'

2018-11-26 19:03:08 - [MESSAGE][PASSED] - Text 'Breed 1' is set on object 'Object Repository/Backoffice/match_mgmt/meron_details/input_meron_breed'

2018-11-26 19:03:08 - [TEST_STEP][PASSED] - setText: Text 'Weight 1' is set on object 'Object Repository/Backoffice/match_mgmt/meron_details/input_meron_weight'

2018-11-26 19:03:08 - [MESSAGE][PASSED] - Text 'Weight 1' is set on object 'Object Repository/Backoffice/match_mgmt/meron_details/input_meron_weight'

2018-11-26 19:03:08 - [TEST_STEP][PASSED] - setText: Text 'BB' is set on object 'Object Repository/Backoffice/match_mgmt/wala_details/input_wala_name'

2018-11-26 19:03:08 - [MESSAGE][PASSED] - Text 'BB' is set on object 'Object Repository/Backoffice/match_mgmt/wala_details/input_wala_name'

2018-11-26 19:03:08 - [TEST_STEP][PASSED] - setText: Text 'Farm 2' is set on object 'Object Repository/Backoffice/match_mgmt/wala_details/input_wala_farm'

2018-11-26 19:03:09 - [MESSAGE][PASSED] - Text 'Farm 2' is set on object 'Object Repository/Backoffice/match_mgmt/wala_details/input_wala_farm'

2018-11-26 19:03:09 - [TEST_STEP][PASSED] - setText: Text 'Breed 2' is set on object 'Object Repository/Backoffice/match_mgmt/wala_details/input_wala_breed'

2018-11-26 19:03:09 - [MESSAGE][PASSED] - Text 'Breed 2' is set on object 'Object Repository/Backoffice/match_mgmt/wala_details/input_wala_breed'

2018-11-26 19:03:09 - [TEST_STEP][PASSED] - setText: Text 'Weight 2' is set on object 'Object Repository/Backoffice/match_mgmt/wala_details/input_wala_weight'

2018-11-26 19:03:09 - [MESSAGE][PASSED] - Text 'Weight 2' is set on object 'Object Repository/Backoffice/match_mgmt/wala_details/input_wala_weight'

2018-11-26 19:03:09 - [TEST_STEP][PASSED] - click: Object: 'Object Repository/Backoffice/match_mgmt/input_submit_match' is clicked on

2018-11-26 19:03:10 - [MESSAGE][PASSED] - Object: 'Object Repository/Backoffice/match_mgmt/input_submit_match' is clicked on

2018-11-26 19:03:10 - [TEST_STEP][PASSED] - delay: Delayed 1 second(s)

2018-11-26 19:03:11 - [MESSAGE][PASSED] - Delayed 1 second(s)

2018-11-26 19:03:11 - [TEST_STEP][PASSED] - click: Object: 'Object Repository/Backoffice/match_mgmt/button_create_match' is clicked on

2018-11-26 19:03:11 - [MESSAGE][PASSED] - Object: 'Object Repository/Backoffice/match_mgmt/button_create_match' is clicked on

2018-11-26 19:03:11 - [TEST_STEP][PASSED] - delay: Delayed 1 second(s)

2018-11-26 19:03:12 - [MESSAGE][PASSED] - Delayed 1 second(s)

2018-11-26 19:03:12 - [TEST_STEP][PASSED] - click: Object: 'Object Repository/Backoffice/match_mgmt/span_select_arena_name' is clicked on

2018-11-26 19:03:12 - [MESSAGE][PASSED] - Object: 'Object Repository/Backoffice/match_mgmt/span_select_arena_name' is clicked on

2018-11-26 19:03:12 - [TEST_STEP][PASSED] - setText: Text 'PASIG SQUARE GARDEN - PSG' is set on object 'Object Repository/Backoffice/match_mgmt/input__select2-search__arena_name'

2018-11-26 19:03:13 - [MESSAGE][PASSED] - Text 'PASIG SQUARE GARDEN - PSG' is set on object 'Object Repository/Backoffice/match_mgmt/input__select2-search__arena_name'

2018-11-26 19:03:13 - [TEST_STEP][PASSED] - sendKeys: Keys 'ENTER + ' sent to object: 'Object Repository/Backoffice/match_mgmt/input__select2-search__arena_name'

2018-11-26 19:03:13 - [MESSAGE][PASSED] - Keys 'ENTER + ' sent to object: 'Object Repository/Backoffice/match_mgmt/input__select2-search__arena_name'

2018-11-26 19:03:13 - [TEST_STEP][PASSED] - setText: Text 'AA' is set on object 'Object Repository/Backoffice/match_mgmt/meron_details/input_meron_name'

2018-11-26 19:03:13 - [MESSAGE][PASSED] - Text 'AA' is set on object 'Object Repository/Backoffice/match_mgmt/meron_details/input_meron_name'

2018-11-26 19:03:13 - [TEST_STEP][PASSED] - setText: Text 'Farm 1' is set on object 'Object Repository/Backoffice/match_mgmt/meron_details/input_meron_farm'

2018-11-26 19:03:13 - [MESSAGE][PASSED] - Text 'Farm 1' is set on object 'Object Repository/Backoffice/match_mgmt/meron_details/input_meron_farm'

2018-11-26 19:03:13 - [TEST_STEP][PASSED] - setText: Text 'Breed 1' is set on object 'Object Repository/Backoffice/match_mgmt/meron_details/input_meron_breed'

2018-11-26 19:03:13 - [MESSAGE][PASSED] - Text 'Breed 1' is set on object 'Object Repository/Backoffice/match_mgmt/meron_details/input_meron_breed'

2018-11-26 19:03:13 - [TEST_STEP][PASSED] - setText: Text 'Weight 1' is set on object 'Object Repository/Backoffice/match_mgmt/meron_details/input_meron_weight'

2018-11-26 19:03:13 - [MESSAGE][PASSED] - Text 'Weight 1' is set on object 'Object Repository/Backoffice/match_mgmt/meron_details/input_meron_weight'

2018-11-26 19:03:13 - [TEST_STEP][PASSED] - setText: Text 'BB' is set on object 'Object Repository/Backoffice/match_mgmt/wala_details/input_wala_name'

2018-11-26 19:03:13 - [MESSAGE][PASSED] - Text 'BB' is set on object 'Object Repository/Backoffice/match_mgmt/wala_details/input_wala_name'

2018-11-26 19:03:13 - [TEST_STEP][PASSED] - setText: Text 'Farm 2' is set on object 'Object Repository/Backoffice/match_mgmt/wala_details/input_wala_farm'

2018-11-26 19:03:13 - [MESSAGE][PASSED] - Text 'Farm 2' is set on object 'Object Repository/Backoffice/match_mgmt/wala_details/input_wala_farm'

2018-11-26 19:03:13 - [TEST_STEP][PASSED] - setText: Text 'Breed 2' is set on object 'Object Repository/Backoffice/match_mgmt/wala_details/input_wala_breed'

2018-11-26 19:03:13 - [MESSAGE][PASSED] - Text 'Breed 2' is set on object 'Object Repository/Backoffice/match_mgmt/wala_details/input_wala_breed'

2018-11-26 19:03:13 - [TEST_STEP][PASSED] - setText: Text 'Weight 2' is set on object 'Object Repository/Backoffice/match_mgmt/wala_details/input_wala_weight'

2018-11-26 19:03:13 - [MESSAGE][PASSED] - Text 'Weight 2' is set on object 'Object Repository/Backoffice/match_mgmt/wala_details/input_wala_weight'

2018-11-26 19:03:13 - [TEST_STEP][PASSED] - click: Object: 'Object Repository/Backoffice/match_mgmt/input_submit_match' is clicked on

2018-11-26 19:03:15 - [MESSAGE][PASSED] - Object: 'Object Repository/Backoffice/match_mgmt/input_submit_match' is clicked on

2018-11-26 19:03:15 - [TEST_STEP][PASSED] - delay: Delayed 1 second(s)

2018-11-26 19:03:16 - [MESSAGE][PASSED] - Delayed 1 second(s)

2018-11-26 19:03:16 - [TEST_STEP][PASSED] - click: Object: 'Object Repository/Backoffice/match_mgmt/button_create_match' is clicked on

2018-11-26 19:03:16 - [MESSAGE][PASSED] - Object: 'Object Repository/Backoffice/match_mgmt/button_create_match' is clicked on

2018-11-26 19:03:16 - [TEST_STEP][PASSED] - delay: Delayed 1 second(s)

2018-11-26 19:03:17 - [MESSAGE][PASSED] - Delayed 1 second(s)

2018-11-26 19:03:17 - [TEST_STEP][PASSED] - click: Object: 'Object Repository/Backoffice/match_mgmt/span_select_arena_name' is clicked on

2018-11-26 19:03:17 - [MESSAGE][PASSED] - Object: 'Object Repository/Backoffice/match_mgmt/span_select_arena_name' is clicked on

2018-11-26 19:03:17 - [TEST_STEP][PASSED] - setText: Text 'PASIG SQUARE GARDEN - PSG' is set on object 'Object Repository/Backoffice/match_mgmt/input__select2-search__arena_name'

2018-11-26 19:03:17 - [MESSAGE][PASSED] - Text 'PASIG SQUARE GARDEN - PSG' is set on object 'Object Repository/Backoffice/match_mgmt/input__select2-search__arena_name'

2018-11-26 19:03:17 - [TEST_STEP][PASSED] - sendKeys: Keys 'ENTER + ' sent to object: 'Object Repository/Backoffice/match_mgmt/input__select2-search__arena_name'

2018-11-26 19:03:17 - [MESSAGE][PASSED] - Keys 'ENTER + ' sent to object: 'Object Repository/Backoffice/match_mgmt/input__select2-search__arena_name'

2018-11-26 19:03:17 - [TEST_STEP][PASSED] - setText: Text 'AA' is set on object 'Object Repository/Backoffice/match_mgmt/meron_details/input_meron_name'

2018-11-26 19:03:17 - [MESSAGE][PASSED] - Text 'AA' is set on object 'Object Repository/Backoffice/match_mgmt/meron_details/input_meron_name'

2018-11-26 19:03:17 - [TEST_STEP][PASSED] - setText: Text 'Farm 1' is set on object 'Object Repository/Backoffice/match_mgmt/meron_details/input_meron_farm'

2018-11-26 19:03:18 - [MESSAGE][PASSED] - Text 'Farm 1' is set on object 'Object Repository/Backoffice/match_mgmt/meron_details/input_meron_farm'

2018-11-26 19:03:18 - [TEST_STEP][PASSED] - setText: Text 'Breed 1' is set on object 'Object Repository/Backoffice/match_mgmt/meron_details/input_meron_breed'

2018-11-26 19:03:18 - [MESSAGE][PASSED] - Text 'Breed 1' is set on object 'Object Repository/Backoffice/match_mgmt/meron_details/input_meron_breed'

2018-11-26 19:03:18 - [TEST_STEP][PASSED] - setText: Text 'Weight 1' is set on object 'Object Repository/Backoffice/match_mgmt/meron_details/input_meron_weight'

2018-11-26 19:03:18 - [MESSAGE][PASSED] - Text 'Weight 1' is set on object 'Object Repository/Backoffice/match_mgmt/meron_details/input_meron_weight'

2018-11-26 19:03:18 - [TEST_STEP][PASSED] - setText: Text 'BB' is set on object 'Object Repository/Backoffice/match_mgmt/wala_details/input_wala_name'

2018-11-26 19:03:18 - [MESSAGE][PASSED] - Text 'BB' is set on object 'Object Repository/Backoffice/match_mgmt/wala_details/input_wala_name'

2018-11-26 19:03:18 - [TEST_STEP][PASSED] - setText: Text 'Farm 2' is set on object 'Object Repository/Backoffice/match_mgmt/wala_details/input_wala_farm'

2018-11-26 19:03:18 - [MESSAGE][PASSED] - Text 'Farm 2' is set on object 'Object Repository/Backoffice/match_mgmt/wala_details/input_wala_farm'

2018-11-26 19:03:18 - [TEST_STEP][PASSED] - setText: Text 'Breed 2' is set on object 'Object Repository/Backoffice/match_mgmt/wala_details/input_wala_breed'

2018-11-26 19:03:18 - [MESSAGE][PASSED] - Text 'Breed 2' is set on object 'Object Repository/Backoffice/match_mgmt/wala_details/input_wala_breed'

2018-11-26 19:03:18 - [TEST_STEP][PASSED] - setText: Text 'Weight 2' is set on object 'Object Repository/Backoffice/match_mgmt/wala_details/input_wala_weight'

2018-11-26 19:03:18 - [MESSAGE][PASSED] - Text 'Weight 2' is set on object 'Object Repository/Backoffice/match_mgmt/wala_details/input_wala_weight'

2018-11-26 19:03:18 - [TEST_STEP][PASSED] - click: Object: 'Object Repository/Backoffice/match_mgmt/input_submit_match' is clicked on

2018-11-26 19:03:19 - [MESSAGE][PASSED] - Object: 'Object Repository/Backoffice/match_mgmt/input_submit_match' is clicked on

2018-11-26 19:03:19 - [TEST_STEP][PASSED] - delay: Delayed 1 second(s)

2018-11-26 19:03:20 - [MESSAGE][PASSED] - Delayed 1 second(s)

2018-11-26 19:03:20 - [TEST_STEP][PASSED] - click: Object: 'Object Repository/Backoffice/match_mgmt/button_create_match' is clicked on

2018-11-26 19:03:21 - [MESSAGE][PASSED] - Object: 'Object Repository/Backoffice/match_mgmt/button_create_match' is clicked on

2018-11-26 19:03:21 - [TEST_STEP][PASSED] - delay: Delayed 1 second(s)

2018-11-26 19:03:22 - [MESSAGE][PASSED] - Delayed 1 second(s)

2018-11-26 19:03:22 - [TEST_STEP][PASSED] - click: Object: 'Object Repository/Backoffice/match_mgmt/span_select_arena_name' is clicked on

2018-11-26 19:03:22 - [MESSAGE][PASSED] - Object: 'Object Repository/Backoffice/match_mgmt/span_select_arena_name' is clicked on

2018-11-26 19:03:22 - [TEST_STEP][PASSED] - setText: Text 'PASIG SQUARE GARDEN - PSG' is set on object 'Object Repository/Backoffice/match_mgmt/input__select2-search__arena_name'

2018-11-26 19:03:22 - [MESSAGE][PASSED] - Text 'PASIG SQUARE GARDEN - PSG' is set on object 'Object Repository/Backoffice/match_mgmt/input__select2-search__arena_name'

2018-11-26 19:03:22 - [TEST_STEP][PASSED] - sendKeys: Keys 'ENTER + ' sent to object: 'Object Repository/Backoffice/match_mgmt/input__select2-search__arena_name'

2018-11-26 19:03:22 - [MESSAGE][PASSED] - Keys 'ENTER + ' sent to object: 'Object Repository/Backoffice/match_mgmt/input__select2-search__arena_name'

2018-11-26 19:03:22 - [TEST_STEP][PASSED] - setText: Text 'AA' is set on object 'Object Repository/Backoffice/match_mgmt/meron_details/input_meron_name'

2018-11-26 19:03:22 - [MESSAGE][PASSED] - Text 'AA' is set on object 'Object Repository/Backoffice/match_mgmt/meron_details/input_meron_name'

2018-11-26 19:03:22 - [TEST_STEP][PASSED] - setText: Text 'Farm 1' is set on object 'Object Repository/Backoffice/match_mgmt/meron_details/input_meron_farm'

2018-11-26 19:03:22 - [MESSAGE][PASSED] - Text 'Farm 1' is set on object 'Object Repository/Backoffice/match_mgmt/meron_details/input_meron_farm'

2018-11-26 19:03:22 - [TEST_STEP][PASSED] - setText: Text 'Breed 1' is set on object 'Object Repository/Backoffice/match_mgmt/meron_details/input_meron_breed'

2018-11-26 19:03:22 - [MESSAGE][PASSED] - Text 'Breed 1' is set on object 'Object Repository/Backoffice/match_mgmt/meron_details/input_meron_breed'

2018-11-26 19:03:22 - [TEST_STEP][PASSED] - setText: Text 'Weight 1' is set on object 'Object Repository/Backoffice/match_mgmt/meron_details/input_meron_weight'

2018-11-26 19:03:23 - [MESSAGE][PASSED] - Text 'Weight 1' is set on object 'Object Repository/Backoffice/match_mgmt/meron_details/input_meron_weight'

2018-11-26 19:03:23 - [TEST_STEP][PASSED] - setText: Text 'BB' is set on object 'Object Repository/Backoffice/match_mgmt/wala_details/input_wala_name'

2018-11-26 19:03:23 - [MESSAGE][PASSED] - Text 'BB' is set on object 'Object Repository/Backoffice/match_mgmt/wala_details/input_wala_name'

2018-11-26 19:03:23 - [TEST_STEP][PASSED] - setText: Text 'Farm 2' is set on object 'Object Repository/Backoffice/match_mgmt/wala_details/input_wala_farm'

2018-11-26 19:03:23 - [MESSAGE][PASSED] - Text 'Farm 2' is set on object 'Object Repository/Backoffice/match_mgmt/wala_details/input_wala_farm'

2018-11-26 19:03:23 - [TEST_STEP][PASSED] - setText: Text 'Breed 2' is set on object 'Object Repository/Backoffice/match_mgmt/wala_details/input_wala_breed'

2018-11-26 19:03:23 - [MESSAGE][PASSED] - Text 'Breed 2' is set on object 'Object Repository/Backoffice/match_mgmt/wala_details/input_wala_breed'

2018-11-26 19:03:23 - [TEST_STEP][PASSED] - setText: Text 'Weight 2' is set on object 'Object Repository/Backoffice/match_mgmt/wala_details/input_wala_weight'

2018-11-26 19:03:23 - [MESSAGE][PASSED] - Text 'Weight 2' is set on object 'Object Repository/Backoffice/match_mgmt/wala_details/input_wala_weight'

2018-11-26 19:03:23 - [TEST_STEP][PASSED] - click: Object: 'Object Repository/Backoffice/match_mgmt/input_submit_match' is clicked on

2018-11-26 19:03:24 - [MESSAGE][PASSED] - Object: 'Object Repository/Backoffice/match_mgmt/input_submit_match' is clicked on

2018-11-26 19:03:24 - [TEST_STEP][PASSED] - delay: Delayed 1 second(s)

2018-11-26 19:03:25 - [MESSAGE][PASSED] - Delayed 1 second(s)

2018-11-26 19:03:25 - [TEST_STEP][PASSED] - click: Object: 'Object Repository/Backoffice/match_mgmt/button_create_match' is clicked on

2018-11-26 19:03:25 - [MESSAGE][PASSED] - Object: 'Object Repository/Backoffice/match_mgmt/button_create_match' is clicked on

2018-11-26 19:03:25 - [TEST_STEP][PASSED] - delay: Delayed 1 second(s)

2018-11-26 19:03:26 - [MESSAGE][PASSED] - Delayed 1 second(s)

2018-11-26 19:03:26 - [TEST_STEP][PASSED] - click: Object: 'Object Repository/Backoffice/match_mgmt/span_select_arena_name' is clicked on

2018-11-26 19:03:26 - [MESSAGE][PASSED] - Object: 'Object Repository/Backoffice/match_mgmt/span_select_arena_name' is clicked on

2018-11-26 19:03:26 - [TEST_STEP][PASSED] - setText: Text 'PASIG SQUARE GARDEN - PSG' is set on object 'Object Repository/Backoffice/match_mgmt/input__select2-search__arena_name'

2018-11-26 19:03:27 - [MESSAGE][PASSED] - Text 'PASIG SQUARE GARDEN - PSG' is set on object 'Object Repository/Backoffice/match_mgmt/input__select2-search__arena_name'

2018-11-26 19:03:27 - [TEST_STEP][PASSED] - sendKeys: Keys 'ENTER + ' sent to object: 'Object Repository/Backoffice/match_mgmt/input__select2-search__arena_name'

2018-11-26 19:03:27 - [MESSAGE][PASSED] - Keys 'ENTER + ' sent to object: 'Object Repository/Backoffice/match_mgmt/input__select2-search__arena_name'

2018-11-26 19:03:27 - [TEST_STEP][PASSED] - setText: Text 'AA' is set on object 'Object Repository/Backoffice/match_mgmt/meron_details/input_meron_name'

2018-11-26 19:03:27 - [MESSAGE][PASSED] - Text 'AA' is set on object 'Object Repository/Backoffice/match_mgmt/meron_details/input_meron_name'

2018-11-26 19:03:27 - [TEST_STEP][PASSED] - setText: Text 'Farm 1' is set on object 'Object Repository/Backoffice/match_mgmt/meron_details/input_meron_farm'

2018-11-26 19:03:27 - [MESSAGE][PASSED] - Text 'Farm 1' is set on object 'Object Repository/Backoffice/match_mgmt/meron_details/input_meron_farm'

2018-11-26 19:03:27 - [TEST_STEP][PASSED] - setText: Text 'Breed 1' is set on object 'Object Repository/Backoffice/match_mgmt/meron_details/input_meron_breed'

2018-11-26 19:03:27 - [MESSAGE][PASSED] - Text 'Breed 1' is set on object 'Object Repository/Backoffice/match_mgmt/meron_details/input_meron_breed'

2018-11-26 19:03:27 - [TEST_STEP][PASSED] - setText: Text 'Weight 1' is set on object 'Object Repository/Backoffice/match_mgmt/meron_details/input_meron_weight'

2018-11-26 19:03:27 - [MESSAGE][PASSED] - Text 'Weight 1' is set on object 'Object Repository/Backoffice/match_mgmt/meron_details/input_meron_weight'

2018-11-26 19:03:27 - [TEST_STEP][PASSED] - setText: Text 'BB' is set on object 'Object Repository/Backoffice/match_mgmt/wala_details/input_wala_name'

2018-11-26 19:03:27 - [MESSAGE][PASSED] - Text 'BB' is set on object 'Object Repository/Backoffice/match_mgmt/wala_details/input_wala_name'

2018-11-26 19:03:27 - [TEST_STEP][PASSED] - setText: Text 'Farm 2' is set on object 'Object Repository/Backoffice/match_mgmt/wala_details/input_wala_farm'

2018-11-26 19:03:28 - [MESSAGE][PASSED] - Text 'Farm 2' is set on object 'Object Repository/Backoffice/match_mgmt/wala_details/input_wala_farm'

2018-11-26 19:03:28 - [TEST_STEP][PASSED] - setText: Text 'Breed 2' is set on object 'Object Repository/Backoffice/match_mgmt/wala_details/input_wala_breed'

2018-11-26 19:03:28 - [MESSAGE][PASSED] - Text 'Breed 2' is set on object 'Object Repository/Backoffice/match_mgmt/wala_details/input_wala_breed'

2018-11-26 19:03:28 - [TEST_STEP][PASSED] - setText: Text 'Weight 2' is set on object 'Object Repository/Backoffice/match_mgmt/wala_details/input_wala_weight'

2018-11-26 19:03:28 - [MESSAGE][PASSED] - Text 'Weight 2' is set on object 'Object Repository/Backoffice/match_mgmt/wala_details/input_wala_weight'

2018-11-26 19:03:28 - [TEST_STEP][PASSED] - click: Object: 'Object Repository/Backoffice/match_mgmt/input_submit_match' is clicked on

2018-11-26 19:03:29 - [MESSAGE][PASSED] - Object: 'Object Repository/Backoffice/match_mgmt/input_submit_match' is clicked on

2018-11-26 19:03:29 - [TEST_STEP][PASSED] - delay: Delayed 1 second(s)

2018-11-26 19:03:30 - [MESSAGE][PASSED] - Delayed 1 second(s)

2018-11-26 19:03:30 - [TEST_STEP][PASSED] - click: Object: 'Object Repository/Backoffice/match_mgmt/button_create_match' is clicked on

2018-11-26 19:03:30 - [MESSAGE][PASSED] - Object: 'Object Repository/Backoffice/match_mgmt/button_create_match' is clicked on

2018-11-26 19:03:30 - [TEST_STEP][PASSED] - delay: Delayed 1 second(s)

2018-11-26 19:03:31 - [MESSAGE][PASSED] - Delayed 1 second(s)

2018-11-26 19:03:31 - [TEST_STEP][PASSED] - click: Object: 'Object Repository/Backoffice/match_mgmt/span_select_arena_name' is clicked on

2018-11-26 19:03:31 - [MESSAGE][PASSED] - Object: 'Object Repository/Backoffice/match_mgmt/span_select_arena_name' is clicked on

2018-11-26 19:03:31 - [TEST_STEP][PASSED] - setText: Text 'PASIG SQUARE GARDEN - PSG' is set on object 'Object Repository/Backoffice/match_mgmt/input__select2-search__arena_name'

2018-11-26 19:03:32 - [MESSAGE][PASSED] - Text 'PASIG SQUARE GARDEN - PSG' is set on object 'Object Repository/Backoffice/match_mgmt/input__select2-search__arena_name'

2018-11-26 19:03:32 - [TEST_STEP][PASSED] - sendKeys: Keys 'ENTER + ' sent to object: 'Object Repository/Backoffice/match_mgmt/input__select2-search__arena_name'

2018-11-26 19:03:32 - [MESSAGE][PASSED] - Keys 'ENTER + ' sent to object: 'Object Repository/Backoffice/match_mgmt/input__select2-search__arena_name'

2018-11-26 19:03:32 - [TEST_STEP][PASSED] - setText: Text 'AA' is set on object 'Object Repository/Backoffice/match_mgmt/meron_details/input_meron_name'

2018-11-26 19:03:32 - [MESSAGE][PASSED] - Text 'AA' is set on object 'Object Repository/Backoffice/match_mgmt/meron_details/input_meron_name'

2018-11-26 19:03:32 - [TEST_STEP][PASSED] - setText: Text 'Farm 1' is set on object 'Object Repository/Backoffice/match_mgmt/meron_details/input_meron_farm'

2018-11-26 19:03:32 - [MESSAGE][PASSED] - Text 'Farm 1' is set on object 'Object Repository/Backoffice/match_mgmt/meron_details/input_meron_farm'

2018-11-26 19:03:32 - [TEST_STEP][PASSED] - setText: Text 'Breed 1' is set on object 'Object Repository/Backoffice/match_mgmt/meron_details/input_meron_breed'

2018-11-26 19:03:32 - [MESSAGE][PASSED] - Text 'Breed 1' is set on object 'Object Repository/Backoffice/match_mgmt/meron_details/input_meron_breed'

2018-11-26 19:03:32 - [TEST_STEP][PASSED] - setText: Text 'Weight 1' is set on object 'Object Repository/Backoffice/match_mgmt/meron_details/input_meron_weight'

2018-11-26 19:03:32 - [MESSAGE][PASSED] - Text 'Weight 1' is set on object 'Object Repository/Backoffice/match_mgmt/meron_details/input_meron_weight'

2018-11-26 19:03:32 - [TEST_STEP][PASSED] - setText: Text 'BB' is set on object 'Object Repository/Backoffice/match_mgmt/wala_details/input_wala_name'

2018-11-26 19:03:32 - [MESSAGE][PASSED] - Text 'BB' is set on object 'Object Repository/Backoffice/match_mgmt/wala_details/input_wala_name'

2018-11-26 19:03:32 - [TEST_STEP][PASSED] - setText: Text 'Farm 2' is set on object 'Object Repository/Backoffice/match_mgmt/wala_details/input_wala_farm'

2018-11-26 19:03:32 - [MESSAGE][PASSED] - Text 'Farm 2' is set on object 'Object Repository/Backoffice/match_mgmt/wala_details/input_wala_farm'

2018-11-26 19:03:32 - [TEST_STEP][PASSED] - setText: Text 'Breed 2' is set on object 'Object Repository/Backoffice/match_mgmt/wala_details/input_wala_breed'

2018-11-26 19:03:32 - [MESSAGE][PASSED] - Text 'Breed 2' is set on object 'Object Repository/Backoffice/match_mgmt/wala_details/input_wala_breed'

2018-11-26 19:03:32 - [TEST_STEP][PASSED] - setText: Text 'Weight 2' is set on object 'Object Repository/Backoffice/match_mgmt/wala_details/input_wala_weight'

2018-11-26 19:03:33 - [MESSAGE][PASSED] - Text 'Weight 2' is set on object 'Object Repository/Backoffice/match_mgmt/wala_details/input_wala_weight'

2018-11-26 19:03:33 - [TEST_STEP][PASSED] - click: Object: 'Object Repository/Backoffice/match_mgmt/input_submit_match' is clicked on

2018-11-26 19:03:34 - [MESSAGE][PASSED] - Object: 'Object Repository/Backoffice/match_mgmt/input_submit_match' is clicked on

2018-11-26 19:03:34 - [TEST_STEP][PASSED] - delay: Delayed 1 second(s)

2018-11-26 19:03:35 - [MESSAGE][PASSED] - Delayed 1 second(s)

2018-11-26 19:03:35 - [TEST_STEP][PASSED] - click: Object: 'Object Repository/Backoffice/match_mgmt/button_create_match' is clicked on

2018-11-26 19:03:35 - [MESSAGE][PASSED] - Object: 'Object Repository/Backoffice/match_mgmt/button_create_match' is clicked on

2018-11-26 19:03:35 - [TEST_STEP][PASSED] - delay: Delayed 1 second(s)

2018-11-26 19:03:36 - [MESSAGE][PASSED] - Delayed 1 second(s)

2018-11-26 19:03:36 - [TEST_STEP][PASSED] - click: Object: 'Object Repository/Backoffice/match_mgmt/span_select_arena_name' is clicked on

2018-11-26 19:03:36 - [MESSAGE][PASSED] - Object: 'Object Repository/Backoffice/match_mgmt/span_select_arena_name' is clicked on

2018-11-26 19:03:36 - [TEST_STEP][PASSED] - setText: Text 'PASIG SQUARE GARDEN - PSG' is set on object 'Object Repository/Backoffice/match_mgmt/input__select2-search__arena_name'

2018-11-26 19:03:36 - [MESSAGE][PASSED] - Text 'PASIG SQUARE GARDEN - PSG' is set on object 'Object Repository/Backoffice/match_mgmt/input__select2-search__arena_name'

2018-11-26 19:03:36 - [TEST_STEP][PASSED] - sendKeys: Keys 'ENTER + ' sent to object: 'Object Repository/Backoffice/match_mgmt/input__select2-search__arena_name'

2018-11-26 19:03:36 - [MESSAGE][PASSED] - Keys 'ENTER + ' sent to object: 'Object Repository/Backoffice/match_mgmt/input__select2-search__arena_name'

2018-11-26 19:03:36 - [TEST_STEP][PASSED] - setText: Text 'AA' is set on object 'Object Repository/Backoffice/match_mgmt/meron_details/input_meron_name'

2018-11-26 19:03:36 - [MESSAGE][PASSED] - Text 'AA' is set on object 'Object Repository/Backoffice/match_mgmt/meron_details/input_meron_name'

2018-11-26 19:03:36 - [TEST_STEP][PASSED] - setText: Text 'Farm 1' is set on object 'Object Repository/Backoffice/match_mgmt/meron_details/input_meron_farm'

2018-11-26 19:03:37 - [MESSAGE][PASSED] - Text 'Farm 1' is set on object 'Object Repository/Backoffice/match_mgmt/meron_details/input_meron_farm'

2018-11-26 19:03:37 - [TEST_STEP][PASSED] - setText: Text 'Breed 1' is set on object 'Object Repository/Backoffice/match_mgmt/meron_details/input_meron_breed'

2018-11-26 19:03:37 - [MESSAGE][PASSED] - Text 'Breed 1' is set on object 'Object Repository/Backoffice/match_mgmt/meron_details/input_meron_breed'

2018-11-26 19:03:37 - [TEST_STEP][PASSED] - setText: Text 'Weight 1' is set on object 'Object Repository/Backoffice/match_mgmt/meron_details/input_meron_weight'

2018-11-26 19:03:37 - [MESSAGE][PASSED] - Text 'Weight 1' is set on object 'Object Repository/Backoffice/match_mgmt/meron_details/input_meron_weight'

2018-11-26 19:03:37 - [TEST_STEP][PASSED] - setText: Text 'BB' is set on object 'Object Repository/Backoffice/match_mgmt/wala_details/input_wala_name'

2018-11-26 19:03:37 - [MESSAGE][PASSED] - Text 'BB' is set on object 'Object Repository/Backoffice/match_mgmt/wala_details/input_wala_name'

2018-11-26 19:03:37 - [TEST_STEP][PASSED] - setText: Text 'Farm 2' is set on object 'Object Repository/Backoffice/match_mgmt/wala_details/input_wala_farm'

2018-11-26 19:03:37 - [MESSAGE][PASSED] - Text 'Farm 2' is set on object 'Object Repository/Backoffice/match_mgmt/wala_details/input_wala_farm'

2018-11-26 19:03:37 - [TEST_STEP][PASSED] - setText: Text 'Breed 2' is set on object 'Object Repository/Backoffice/match_mgmt/wala_details/input_wala_breed'

2018-11-26 19:03:37 - [MESSAGE][PASSED] - Text 'Breed 2' is set on object 'Object Repository/Backoffice/match_mgmt/wala_details/input_wala_breed'

2018-11-26 19:03:37 - [TEST_STEP][PASSED] - setText: Text 'Weight 2' is set on object 'Object Repository/Backoffice/match_mgmt/wala_details/input_wala_weight'

2018-11-26 19:03:37 - [MESSAGE][PASSED] - Text 'Weight 2' is set on object 'Object Repository/Backoffice/match_mgmt/wala_details/input_wala_weight'

2018-11-26 19:03:37 - [TEST_STEP][PASSED] - click: Object: 'Object Repository/Backoffice/match_mgmt/input_submit_match' is clicked on

2018-11-26 19:03:38 - [MESSAGE][PASSED] - Object: 'Object Repository/Backoffice/match_mgmt/input_submit_match' is clicked on

2018-11-26 19:03:38 - [TEST_STEP][PASSED] - delay: Delayed 1 second(s)

2018-11-26 19:03:39 - [MESSAGE][PASSED] - Delayed 1 second(s)

2018-11-26 19:03:39 - [TEST_STEP][PASSED] - click: Object: 'Object Repository/Backoffice/match_mgmt/button_create_match' is clicked on

2018-11-26 19:03:40 - [MESSAGE][PASSED] - Object: 'Object Repository/Backoffice/match_mgmt/button_create_match' is clicked on

2018-11-26 19:03:40 - [TEST_STEP][PASSED] - delay: Delayed 1 second(s)

2018-11-26 19:03:41 - [MESSAGE][PASSED] - Delayed 1 second(s)

2018-11-26 19:03:41 - [TEST_STEP][PASSED] - click: Object: 'Object Repository/Backoffice/match_mgmt/span_select_arena_name' is clicked on

2018-11-26 19:03:41 - [MESSAGE][PASSED] - Object: 'Object Repository/Backoffice/match_mgmt/span_select_arena_name' is clicked on

2018-11-26 19:03:41 - [TEST_STEP][PASSED] - setText: Text 'PASIG SQUARE GARDEN - PSG' is set on object 'Object Repository/Backoffice/match_mgmt/input__select2-search__arena_name'

2018-11-26 19:03:41 - [MESSAGE][PASSED] - Text 'PASIG SQUARE GARDEN - PSG' is set on object 'Object Repository/Backoffice/match_mgmt/input__select2-search__arena_name'

2018-11-26 19:03:41 - [TEST_STEP][PASSED] - sendKeys: Keys 'ENTER + ' sent to object: 'Object Repository/Backoffice/match_mgmt/input__select2-search__arena_name'

2018-11-26 19:03:41 - [MESSAGE][PASSED] - Keys 'ENTER + ' sent to object: 'Object Repository/Backoffice/match_mgmt/input__select2-search__arena_name'

2018-11-26 19:03:41 - [TEST_STEP][PASSED] - setText: Text 'AA' is set on object 'Object Repository/Backoffice/match_mgmt/meron_details/input_meron_name'

2018-11-26 19:03:41 - [MESSAGE][PASSED] - Text 'AA' is set on object 'Object Repository/Backoffice/match_mgmt/meron_details/input_meron_name'

2018-11-26 19:03:41 - [TEST_STEP][PASSED] - setText: Text 'Farm 1' is set on object 'Object Repository/Backoffice/match_mgmt/meron_details/input_meron_farm'

2018-11-26 19:03:41 - [MESSAGE][PASSED] - Text 'Farm 1' is set on object 'Object Repository/Backoffice/match_mgmt/meron_details/input_meron_farm'

2018-11-26 19:03:41 - [TEST_STEP][PASSED] - setText: Text 'Breed 1' is set on object 'Object Repository/Backoffice/match_mgmt/meron_details/input_meron_breed'

2018-11-26 19:03:41 - [MESSAGE][PASSED] - Text 'Breed 1' is set on object 'Object Repository/Backoffice/match_mgmt/meron_details/input_meron_breed'

2018-11-26 19:03:41 - [TEST_STEP][PASSED] - setText: Text 'Weight 1' is set on object 'Object Repository/Backoffice/match_mgmt/meron_details/input_meron_weight'

2018-11-26 19:03:42 - [MESSAGE][PASSED] - Text 'Weight 1' is set on object 'Object Repository/Backoffice/match_mgmt/meron_details/input_meron_weight'

2018-11-26 19:03:42 - [TEST_STEP][PASSED] - setText: Text 'BB' is set on object 'Object Repository/Backoffice/match_mgmt/wala_details/input_wala_name'

2018-11-26 19:03:42 - [MESSAGE][PASSED] - Text 'BB' is set on object 'Object Repository/Backoffice/match_mgmt/wala_details/input_wala_name'

2018-11-26 19:03:42 - [TEST_STEP][PASSED] - setText: Text 'Farm 2' is set on object 'Object Repository/Backoffice/match_mgmt/wala_details/input_wala_farm'

2018-11-26 19:03:42 - [MESSAGE][PASSED] - Text 'Farm 2' is set on object 'Object Repository/Backoffice/match_mgmt/wala_details/input_wala_farm'

2018-11-26 19:03:42 - [TEST_STEP][PASSED] - setText: Text 'Breed 2' is set on object 'Object Repository/Backoffice/match_mgmt/wala_details/input_wala_breed'

2018-11-26 19:03:42 - [MESSAGE][PASSED] - Text 'Breed 2' is set on object 'Object Repository/Backoffice/match_mgmt/wala_details/input_wala_breed'

2018-11-26 19:03:42 - [TEST_STEP][PASSED] - setText: Text 'Weight 2' is set on object 'Object Repository/Backoffice/match_mgmt/wala_details/input_wala_weight'

2018-11-26 19:03:42 - [MESSAGE][PASSED] - Text 'Weight 2' is set on object 'Object Repository/Backoffice/match_mgmt/wala_details/input_wala_weight'

2018-11-26 19:03:42 - [TEST_STEP][PASSED] - click: Object: 'Object Repository/Backoffice/match_mgmt/input_submit_match' is clicked on

2018-11-26 19:03:43 - [MESSAGE][PASSED] - Object: 'Object Repository/Backoffice/match_mgmt/input_submit_match' is clicked on

2018-11-26 19:03:43 - [TEST_STEP][PASSED] - delay: Delayed 1 second(s)

2018-11-26 19:03:44 - [MESSAGE][PASSED] - Delayed 1 second(s)

2018-11-26 19:03:44 - [TEST_STEP][PASSED] - click: Object: 'Object Repository/Backoffice/match_mgmt/button_create_match' is clicked on

2018-11-26 19:03:44 - [MESSAGE][PASSED] - Object: 'Object Repository/Backoffice/match_mgmt/button_create_match' is clicked on

2018-11-26 19:03:44 - [TEST_STEP][PASSED] - delay: Delayed 1 second(s)

2018-11-26 19:03:45 - [MESSAGE][PASSED] - Delayed 1 second(s)

2018-11-26 19:03:45 - [TEST_STEP][PASSED] - click: Object: 'Object Repository/Backoffice/match_mgmt/span_select_arena_name' is clicked on

2018-11-26 19:03:45 - [MESSAGE][PASSED] - Object: 'Object Repository/Backoffice/match_mgmt/span_select_arena_name' is clicked on

2018-11-26 19:03:45 - [TEST_STEP][PASSED] - setText: Text 'PASIG SQUARE GARDEN - PSG' is set on object 'Object Repository/Backoffice/match_mgmt/input__select2-search__arena_name'

2018-11-26 19:03:46 - [MESSAGE][PASSED] - Text 'PASIG SQUARE GARDEN - PSG' is set on object 'Object Repository/Backoffice/match_mgmt/input__select2-search__arena_name'

2018-11-26 19:03:46 - [TEST_STEP][PASSED] - sendKeys: Keys 'ENTER + ' sent to object: 'Object Repository/Backoffice/match_mgmt/input__select2-search__arena_name'

2018-11-26 19:03:46 - [MESSAGE][PASSED] - Keys 'ENTER + ' sent to object: 'Object Repository/Backoffice/match_mgmt/input__select2-search__arena_name'

2018-11-26 19:03:46 - [TEST_STEP][PASSED] - setText: Text 'AA' is set on object 'Object Repository/Backoffice/match_mgmt/meron_details/input_meron_name'

2018-11-26 19:03:46 - [MESSAGE][PASSED] - Text 'AA' is set on object 'Object Repository/Backoffice/match_mgmt/meron_details/input_meron_name'

2018-11-26 19:03:46 - [TEST_STEP][PASSED] - setText: Text 'Farm 1' is set on object 'Object Repository/Backoffice/match_mgmt/meron_details/input_meron_farm'

2018-11-26 19:03:46 - [MESSAGE][PASSED] - Text 'Farm 1' is set on object 'Object Repository/Backoffice/match_mgmt/meron_details/input_meron_farm'

2018-11-26 19:03:46 - [TEST_STEP][PASSED] - setText: Text 'Breed 1' is set on object 'Object Repository/Backoffice/match_mgmt/meron_details/input_meron_breed'

2018-11-26 19:03:46 - [MESSAGE][PASSED] - Text 'Breed 1' is set on object 'Object Repository/Backoffice/match_mgmt/meron_details/input_meron_breed'

2018-11-26 19:03:46 - [TEST_STEP][PASSED] - setText: Text 'Weight 1' is set on object 'Object Repository/Backoffice/match_mgmt/meron_details/input_meron_weight'

2018-11-26 19:03:46 - [MESSAGE][PASSED] - Text 'Weight 1' is set on object 'Object Repository/Backoffice/match_mgmt/meron_details/input_meron_weight'

2018-11-26 19:03:46 - [TEST_STEP][PASSED] - setText: Text 'BB' is set on object 'Object Repository/Backoffice/match_mgmt/wala_details/input_wala_name'

2018-11-26 19:03:46 - [MESSAGE][PASSED] - Text 'BB' is set on object 'Object Repository/Backoffice/match_mgmt/wala_details/input_wala_name'

2018-11-26 19:03:46 - [TEST_STEP][PASSED] - setText: Text 'Farm 2' is set on object 'Object Repository/Backoffice/match_mgmt/wala_details/input_wala_farm'

2018-11-26 19:03:47 - [MESSAGE][PASSED] - Text 'Farm 2' is set on object 'Object Repository/Backoffice/match_mgmt/wala_details/input_wala_farm'

2018-11-26 19:03:47 - [TEST_STEP][PASSED] - setText: Text 'Breed 2' is set on object 'Object Repository/Backoffice/match_mgmt/wala_details/input_wala_breed'

2018-11-26 19:03:47 - [MESSAGE][PASSED] - Text 'Breed 2' is set on object 'Object Repository/Backoffice/match_mgmt/wala_details/input_wala_breed'

2018-11-26 19:03:47 - [TEST_STEP][PASSED] - setText: Text 'Weight 2' is set on object 'Object Repository/Backoffice/match_mgmt/wala_details/input_wala_weight'

2018-11-26 19:03:47 - [MESSAGE][PASSED] - Text 'Weight 2' is set on object 'Object Repository/Backoffice/match_mgmt/wala_details/input_wala_weight'

2018-11-26 19:03:47 - [TEST_STEP][PASSED] - click: Object: 'Object Repository/Backoffice/match_mgmt/input_submit_match' is clicked on

2018-11-26 19:03:48 - [MESSAGE][PASSED] - Object: 'Object Repository/Backoffice/match_mgmt/input_submit_match' is clicked on

2018-11-26 19:03:48 - [TEST_STEP][PASSED] - delay: Delayed 1 second(s)

2018-11-26 19:03:49 - [MESSAGE][PASSED] - Delayed 1 second(s)

2018-11-26 19:03:49 - [TEST_STEP][PASSED] - click: Object: 'Object Repository/Backoffice/match_mgmt/button_create_match' is clicked on

2018-11-26 19:03:49 - [MESSAGE][PASSED] - Object: 'Object Repository/Backoffice/match_mgmt/button_create_match' is clicked on

2018-11-26 19:03:49 - [TEST_STEP][PASSED] - delay: Delayed 1 second(s)

2018-11-26 19:03:50 - [MESSAGE][PASSED] - Delayed 1 second(s)

2018-11-26 19:03:50 - [TEST_STEP][PASSED] - click: Object: 'Object Repository/Backoffice/match_mgmt/span_select_arena_name' is clicked on

2018-11-26 19:03:50 - [MESSAGE][PASSED] - Object: 'Object Repository/Backoffice/match_mgmt/span_select_arena_name' is clicked on

2018-11-26 19:03:50 - [TEST_STEP][PASSED] - setText: Text 'PASIG SQUARE GARDEN - PSG' is set on object 'Object Repository/Backoffice/match_mgmt/input__select2-search__arena_name'

2018-11-26 19:03:51 - [MESSAGE][PASSED] - Text 'PASIG SQUARE GARDEN - PSG' is set on object 'Object Repository/Backoffice/match_mgmt/input__select2-search__arena_name'

2018-11-26 19:03:51 - [TEST_STEP][PASSED] - sendKeys: Keys 'ENTER + ' sent to object: 'Object Repository/Backoffice/match_mgmt/input__select2-search__arena_name'

2018-11-26 19:03:51 - [MESSAGE][PASSED] - Keys 'ENTER + ' sent to object: 'Object Repository/Backoffice/match_mgmt/input__select2-search__arena_name'

2018-11-26 19:03:51 - [TEST_STEP][PASSED] - setText: Text 'AA' is set on object 'Object Repository/Backoffice/match_mgmt/meron_details/input_meron_name'

2018-11-26 19:03:51 - [MESSAGE][PASSED] - Text 'AA' is set on object 'Object Repository/Backoffice/match_mgmt/meron_details/input_meron_name'

2018-11-26 19:03:51 - [TEST_STEP][PASSED] - setText: Text 'Farm 1' is set on object 'Object Repository/Backoffice/match_mgmt/meron_details/input_meron_farm'

2018-11-26 19:03:51 - [MESSAGE][PASSED] - Text 'Farm 1' is set on object 'Object Repository/Backoffice/match_mgmt/meron_details/input_meron_farm'

2018-11-26 19:03:51 - [TEST_STEP][PASSED] - setText: Text 'Breed 1' is set on object 'Object Repository/Backoffice/match_mgmt/meron_details/input_meron_breed'

2018-11-26 19:03:51 - [MESSAGE][PASSED] - Text 'Breed 1' is set on object 'Object Repository/Backoffice/match_mgmt/meron_details/input_meron_breed'

2018-11-26 19:03:51 - [TEST_STEP][PASSED] - setText: Text 'Weight 1' is set on object 'Object Repository/Backoffice/match_mgmt/meron_details/input_meron_weight'

2018-11-26 19:03:51 - [MESSAGE][PASSED] - Text 'Weight 1' is set on object 'Object Repository/Backoffice/match_mgmt/meron_details/input_meron_weight'

2018-11-26 19:03:51 - [TEST_STEP][PASSED] - setText: Text 'BB' is set on object 'Object Repository/Backoffice/match_mgmt/wala_details/input_wala_name'

2018-11-26 19:03:51 - [MESSAGE][PASSED] - Text 'BB' is set on object 'Object Repository/Backoffice/match_mgmt/wala_details/input_wala_name'

2018-11-26 19:03:51 - [TEST_STEP][PASSED] - setText: Text 'Farm 2' is set on object 'Object Repository/Backoffice/match_mgmt/wala_details/input_wala_farm'

2018-11-26 19:03:51 - [MESSAGE][PASSED] - Text 'Farm 2' is set on object 'Object Repository/Backoffice/match_mgmt/wala_details/input_wala_farm'

2018-11-26 19:03:51 - [TEST_STEP][PASSED] - setText: Text 'Breed 2' is set on object 'Object Repository/Backoffice/match_mgmt/wala_details/input_wala_breed'

2018-11-26 19:03:51 - [MESSAGE][PASSED] - Text 'Breed 2' is set on object 'Object Repository/Backoffice/match_mgmt/wala_details/input_wala_breed'

2018-11-26 19:03:51 - [TEST_STEP][PASSED] - setText: Text 'Weight 2' is set on object 'Object Repository/Backoffice/match_mgmt/wala_details/input_wala_weight'

2018-11-26 19:03:51 - [MESSAGE][PASSED] - Text 'Weight 2' is set on object 'Object Repository/Backoffice/match_mgmt/wala_details/input_wala_weight'

2018-11-26 19:03:51 - [TEST_STEP][PASSED] - click: Object: 'Object Repository/Backoffice/match_mgmt/input_submit_match' is clicked on

2018-11-26 19:03:53 - [MESSAGE][PASSED] - Object: 'Object Repository/Backoffice/match_mgmt/input_submit_match' is clicked on

2018-11-26 19:03:53 - [TEST_STEP][PASSED] - delay: Delayed 1 second(s)

2018-11-26 19:03:54 - [MESSAGE][PASSED] - Delayed 1 second(s)

2018-11-26 19:03:54 - [TEST_STEP][PASSED] - click: Object: 'Object Repository/Backoffice/match_mgmt/button_create_match' is clicked on

2018-11-26 19:03:54 - [MESSAGE][PASSED] - Object: 'Object Repository/Backoffice/match_mgmt/button_create_match' is clicked on

2018-11-26 19:03:54 - [TEST_STEP][PASSED] - delay: Delayed 1 second(s)

2018-11-26 19:03:55 - [MESSAGE][PASSED] - Delayed 1 second(s)

2018-11-26 19:03:55 - [TEST_STEP][PASSED] - click: Object: 'Object Repository/Backoffice/match_mgmt/span_select_arena_name' is clicked on

2018-11-26 19:03:55 - [MESSAGE][PASSED] - Object: 'Object Repository/Backoffice/match_mgmt/span_select_arena_name' is clicked on

2018-11-26 19:03:55 - [TEST_STEP][PASSED] - setText: Text 'PASIG SQUARE GARDEN - PSG' is set on object 'Object Repository/Backoffice/match_mgmt/input__select2-search__arena_name'

2018-11-26 19:03:55 - [MESSAGE][PASSED] - Text 'PASIG SQUARE GARDEN - PSG' is set on object 'Object Repository/Backoffice/match_mgmt/input__select2-search__arena_name'

2018-11-26 19:03:55 - [TEST_STEP][PASSED] - sendKeys: Keys 'ENTER + ' sent to object: 'Object Repository/Backoffice/match_mgmt/input__select2-search__arena_name'

2018-11-26 19:03:55 - [MESSAGE][PASSED] - Keys 'ENTER + ' sent to object: 'Object Repository/Backoffice/match_mgmt/input__select2-search__arena_name'

2018-11-26 19:03:55 - [TEST_STEP][PASSED] - setText: Text 'AA' is set on object 'Object Repository/Backoffice/match_mgmt/meron_details/input_meron_name'

2018-11-26 19:03:55 - [MESSAGE][PASSED] - Text 'AA' is set on object 'Object Repository/Backoffice/match_mgmt/meron_details/input_meron_name'

2018-11-26 19:03:55 - [TEST_STEP][PASSED] - setText: Text 'Farm 1' is set on object 'Object Repository/Backoffice/match_mgmt/meron_details/input_meron_farm'

2018-11-26 19:03:55 - [MESSAGE][PASSED] - Text 'Farm 1' is set on object 'Object Repository/Backoffice/match_mgmt/meron_details/input_meron_farm'

2018-11-26 19:03:55 - [TEST_STEP][PASSED] - setText: Text 'Breed 1' is set on object 'Object Repository/Backoffice/match_mgmt/meron_details/input_meron_breed'

2018-11-26 19:03:56 - [MESSAGE][PASSED] - Text 'Breed 1' is set on object 'Object Repository/Backoffice/match_mgmt/meron_details/input_meron_breed'

2018-11-26 19:03:56 - [TEST_STEP][PASSED] - setText: Text 'Weight 1' is set on object 'Object Repository/Backoffice/match_mgmt/meron_details/input_meron_weight'

2018-11-26 19:03:56 - [MESSAGE][PASSED] - Text 'Weight 1' is set on object 'Object Repository/Backoffice/match_mgmt/meron_details/input_meron_weight'

2018-11-26 19:03:56 - [TEST_STEP][PASSED] - setText: Text 'BB' is set on object 'Object Repository/Backoffice/match_mgmt/wala_details/input_wala_name'

2018-11-26 19:03:56 - [MESSAGE][PASSED] - Text 'BB' is set on object 'Object Repository/Backoffice/match_mgmt/wala_details/input_wala_name'

2018-11-26 19:03:56 - [TEST_STEP][PASSED] - setText: Text 'Farm 2' is set on object 'Object Repository/Backoffice/match_mgmt/wala_details/input_wala_farm'

2018-11-26 19:03:56 - [MESSAGE][PASSED] - Text 'Farm 2' is set on object 'Object Repository/Backoffice/match_mgmt/wala_details/input_wala_farm'

2018-11-26 19:03:56 - [TEST_STEP][PASSED] - setText: Text 'Breed 2' is set on object 'Object Repository/Backoffice/match_mgmt/wala_details/input_wala_breed'

2018-11-26 19:03:56 - [MESSAGE][PASSED] - Text 'Breed 2' is set on object 'Object Repository/Backoffice/match_mgmt/wala_details/input_wala_breed'

2018-11-26 19:03:56 - [TEST_STEP][PASSED] - setText: Text 'Weight 2' is set on object 'Object Repository/Backoffice/match_mgmt/wala_details/input_wala_weight'

2018-11-26 19:03:56 - [MESSAGE][PASSED] - Text 'Weight 2' is set on object 'Object Repository/Backoffice/match_mgmt/wala_details/input_wala_weight'

2018-11-26 19:03:56 - [TEST_STEP][PASSED] - click: Object: 'Object Repository/Backoffice/match_mgmt/input_submit_match' is clicked on

2018-11-26 19:03:57 - [MESSAGE][PASSED] - Object: 'Object Repository/Backoffice/match_mgmt/input_submit_match' is clicked on

2018-11-26 19:03:57 - [TEST_STEP][PASSED] - delay: Delayed 1 second(s)

2018-11-26 19:03:58 - [MESSAGE][PASSED] - Delayed 1 second(s)

2018-11-26 19:03:58 - [TEST_STEP][PASSED] - click: Object: 'Object Repository/Backoffice/match_mgmt/button_create_match' is clicked on

2018-11-26 19:03:58 - [MESSAGE][PASSED] - Object: 'Object Repository/Backoffice/match_mgmt/button_create_match' is clicked on

2018-11-26 19:03:58 - [TEST_STEP][PASSED] - delay: Delayed 1 second(s)

2018-11-26 19:03:59 - [MESSAGE][PASSED] - Delayed 1 second(s)

2018-11-26 19:03:59 - [TEST_STEP][PASSED] - click: Object: 'Object Repository/Backoffice/match_mgmt/span_select_arena_name' is clicked on

2018-11-26 19:04:00 - [MESSAGE][PASSED] - Object: 'Object Repository/Backoffice/match_mgmt/span_select_arena_name' is clicked on

2018-11-26 19:04:00 - [TEST_STEP][PASSED] - setText: Text 'PASIG SQUARE GARDEN - PSG' is set on object 'Object Repository/Backoffice/match_mgmt/input__select2-search__arena_name'

2018-11-26 19:04:00 - [MESSAGE][PASSED] - Text 'PASIG SQUARE GARDEN - PSG' is set on object 'Object Repository/Backoffice/match_mgmt/input__select2-search__arena_name'

2018-11-26 19:04:00 - [TEST_STEP][PASSED] - sendKeys: Keys 'ENTER + ' sent to object: 'Object Repository/Backoffice/match_mgmt/input__select2-search__arena_name'

2018-11-26 19:04:00 - [MESSAGE][PASSED] - Keys 'ENTER + ' sent to object: 'Object Repository/Backoffice/match_mgmt/input__select2-search__arena_name'

2018-11-26 19:04:00 - [TEST_STEP][PASSED] - setText: Text 'AA' is set on object 'Object Repository/Backoffice/match_mgmt/meron_details/input_meron_name'

2018-11-26 19:04:00 - [MESSAGE][PASSED] - Text 'AA' is set on object 'Object Repository/Backoffice/match_mgmt/meron_details/input_meron_name'

2018-11-26 19:04:00 - [TEST_STEP][PASSED] - setText: Text 'Farm 1' is set on object 'Object Repository/Backoffice/match_mgmt/meron_details/input_meron_farm'

2018-11-26 19:04:00 - [MESSAGE][PASSED] - Text 'Farm 1' is set on object 'Object Repository/Backoffice/match_mgmt/meron_details/input_meron_farm'

2018-11-26 19:04:00 - [TEST_STEP][PASSED] - setText: Text 'Breed 1' is set on object 'Object Repository/Backoffice/match_mgmt/meron_details/input_meron_breed'

2018-11-26 19:04:00 - [MESSAGE][PASSED] - Text 'Breed 1' is set on object 'Object Repository/Backoffice/match_mgmt/meron_details/input_meron_breed'

2018-11-26 19:04:00 - [TEST_STEP][PASSED] - setText: Text 'Weight 1' is set on object 'Object Repository/Backoffice/match_mgmt/meron_details/input_meron_weight'

2018-11-26 19:04:01 - [MESSAGE][PASSED] - Text 'Weight 1' is set on object 'Object Repository/Backoffice/match_mgmt/meron_details/input_meron_weight'

2018-11-26 19:04:01 - [TEST_STEP][PASSED] - setText: Text 'BB' is set on object 'Object Repository/Backoffice/match_mgmt/wala_details/input_wala_name'

2018-11-26 19:04:01 - [MESSAGE][PASSED] - Text 'BB' is set on object 'Object Repository/Backoffice/match_mgmt/wala_details/input_wala_name'

2018-11-26 19:04:01 - [TEST_STEP][PASSED] - setText: Text 'Farm 2' is set on object 'Object Repository/Backoffice/match_mgmt/wala_details/input_wala_farm'

2018-11-26 19:04:01 - [MESSAGE][PASSED] - Text 'Farm 2' is set on object 'Object Repository/Backoffice/match_mgmt/wala_details/input_wala_farm'

2018-11-26 19:04:01 - [TEST_STEP][PASSED] - setText: Text 'Breed 2' is set on object 'Object Repository/Backoffice/match_mgmt/wala_details/input_wala_breed'

2018-11-26 19:04:01 - [MESSAGE][PASSED] - Text 'Breed 2' is set on object 'Object Repository/Backoffice/match_mgmt/wala_details/input_wala_breed'

2018-11-26 19:04:01 - [TEST_STEP][PASSED] - setText: Text 'Weight 2' is set on object 'Object Repository/Backoffice/match_mgmt/wala_details/input_wala_weight'

2018-11-26 19:04:01 - [MESSAGE][PASSED] - Text 'Weight 2' is set on object 'Object Repository/Backoffice/match_mgmt/wala_details/input_wala_weight'

2018-11-26 19:04:01 - [TEST_STEP][PASSED] - click: Object: 'Object Repository/Backoffice/match_mgmt/input_submit_match' is clicked on

2018-11-26 19:04:02 - [MESSAGE][PASSED] - Object: 'Object Repository/Backoffice/match_mgmt/input_submit_match' is clicked on

2018-11-26 19:04:02 - [TEST_STEP][PASSED] - delay: Delayed 1 second(s)

2018-11-26 19:04:03 - [MESSAGE][PASSED] - Delayed 1 second(s)

2018-11-26 19:04:03 - [TEST_STEP][PASSED] - click: Object: 'Object Repository/Backoffice/match_mgmt/button_create_match' is clicked on

2018-11-26 19:04:03 - [MESSAGE][PASSED] - Object: 'Object Repository/Backoffice/match_mgmt/button_create_match' is clicked on

2018-11-26 19:04:03 - [TEST_STEP][PASSED] - delay: Delayed 1 second(s)

2018-11-26 19:04:04 - [MESSAGE][PASSED] - Delayed 1 second(s)

2018-11-26 19:04:04 - [TEST_STEP][PASSED] - click: Object: 'Object Repository/Backoffice/match_mgmt/span_select_arena_name' is clicked on

2018-11-26 19:04:04 - [MESSAGE][PASSED] - Object: 'Object Repository/Backoffice/match_mgmt/span_select_arena_name' is clicked on

2018-11-26 19:04:04 - [TEST_STEP][PASSED] - setText: Text 'PASIG SQUARE GARDEN - PSG' is set on object 'Object Repository/Backoffice/match_mgmt/input__select2-search__arena_name'

2018-11-26 19:04:05 - [MESSAGE][PASSED] - Text 'PASIG SQUARE GARDEN - PSG' is set on object 'Object Repository/Backoffice/match_mgmt/input__select2-search__arena_name'

2018-11-26 19:04:05 - [TEST_STEP][PASSED] - sendKeys: Keys 'ENTER + ' sent to object: 'Object Repository/Backoffice/match_mgmt/input__select2-search__arena_name'

2018-11-26 19:04:05 - [MESSAGE][PASSED] - Keys 'ENTER + ' sent to object: 'Object Repository/Backoffice/match_mgmt/input__select2-search__arena_name'

2018-11-26 19:04:05 - [TEST_STEP][PASSED] - setText: Text 'AA' is set on object 'Object Repository/Backoffice/match_mgmt/meron_details/input_meron_name'

2018-11-26 19:04:05 - [MESSAGE][PASSED] - Text 'AA' is set on object 'Object Repository/Backoffice/match_mgmt/meron_details/input_meron_name'

2018-11-26 19:04:05 - [TEST_STEP][PASSED] - setText: Text 'Farm 1' is set on object 'Object Repository/Backoffice/match_mgmt/meron_details/input_meron_farm'

2018-11-26 19:04:05 - [MESSAGE][PASSED] - Text 'Farm 1' is set on object 'Object Repository/Backoffice/match_mgmt/meron_details/input_meron_farm'

2018-11-26 19:04:05 - [TEST_STEP][PASSED] - setText: Text 'Breed 1' is set on object 'Object Repository/Backoffice/match_mgmt/meron_details/input_meron_breed'

2018-11-26 19:04:05 - [MESSAGE][PASSED] - Text 'Breed 1' is set on object 'Object Repository/Backoffice/match_mgmt/meron_details/input_meron_breed'

2018-11-26 19:04:05 - [TEST_STEP][PASSED] - setText: Text 'Weight 1' is set on object 'Object Repository/Backoffice/match_mgmt/meron_details/input_meron_weight'

2018-11-26 19:04:05 - [MESSAGE][PASSED] - Text 'Weight 1' is set on object 'Object Repository/Backoffice/match_mgmt/meron_details/input_meron_weight'

2018-11-26 19:04:05 - [TEST_STEP][PASSED] - setText: Text 'BB' is set on object 'Object Repository/Backoffice/match_mgmt/wala_details/input_wala_name'

2018-11-26 19:04:05 - [MESSAGE][PASSED] - Text 'BB' is set on object 'Object Repository/Backoffice/match_mgmt/wala_details/input_wala_name'

2018-11-26 19:04:05 - [TEST_STEP][PASSED] - setText: Text 'Farm 2' is set on object 'Object Repository/Backoffice/match_mgmt/wala_details/input_wala_farm'

2018-11-26 19:04:05 - [MESSAGE][PASSED] - Text 'Farm 2' is set on object 'Object Repository/Backoffice/match_mgmt/wala_details/input_wala_farm'

2018-11-26 19:04:05 - [TEST_STEP][PASSED] - setText: Text 'Breed 2' is set on object 'Object Repository/Backoffice/match_mgmt/wala_details/input_wala_breed'

2018-11-26 19:04:06 - [MESSAGE][PASSED] - Text 'Breed 2' is set on object 'Object Repository/Backoffice/match_mgmt/wala_details/input_wala_breed'

2018-11-26 19:04:06 - [TEST_STEP][PASSED] - setText: Text 'Weight 2' is set on object 'Object Repository/Backoffice/match_mgmt/wala_details/input_wala_weight'

2018-11-26 19:04:06 - [MESSAGE][PASSED] - Text 'Weight 2' is set on object 'Object Repository/Backoffice/match_mgmt/wala_details/input_wala_weight'

2018-11-26 19:04:06 - [TEST_STEP][PASSED] - click: Object: 'Object Repository/Backoffice/match_mgmt/input_submit_match' is clicked on

2018-11-26 19:04:07 - [MESSAGE][PASSED] - Object: 'Object Repository/Backoffice/match_mgmt/input_submit_match' is clicked on

2018-11-26 19:04:07 - [TEST_STEP][PASSED] - delay: Delayed 1 second(s)

2018-11-26 19:04:08 - [MESSAGE][PASSED] - Delayed 1 second(s)

2018-11-26 19:04:08 - [TEST_STEP][PASSED] - click: Object: 'Object Repository/Backoffice/match_mgmt/button_create_match' is clicked on

2018-11-26 19:04:08 - [MESSAGE][PASSED] - Object: 'Object Repository/Backoffice/match_mgmt/button_create_match' is clicked on

2018-11-26 19:04:08 - [TEST_STEP][PASSED] - delay: Delayed 1 second(s)

2018-11-26 19:04:09 - [MESSAGE][PASSED] - Delayed 1 second(s)

2018-11-26 19:04:09 - [TEST_STEP][PASSED] - click: Object: 'Object Repository/Backoffice/match_mgmt/span_select_arena_name' is clicked on

2018-11-26 19:04:09 - [MESSAGE][PASSED] - Object: 'Object Repository/Backoffice/match_mgmt/span_select_arena_name' is clicked on

2018-11-26 19:04:09 - [TEST_STEP][PASSED] - setText: Text 'PASIG SQUARE GARDEN - PSG' is set on object 'Object Repository/Backoffice/match_mgmt/input__select2-search__arena_name'

2018-11-26 19:04:09 - [MESSAGE][PASSED] - Text 'PASIG SQUARE GARDEN - PSG' is set on object 'Object Repository/Backoffice/match_mgmt/input__select2-search__arena_name'

2018-11-26 19:04:09 - [TEST_STEP][PASSED] - sendKeys: Keys 'ENTER + ' sent to object: 'Object Repository/Backoffice/match_mgmt/input__select2-search__arena_name'

2018-11-26 19:04:09 - [MESSAGE][PASSED] - Keys 'ENTER + ' sent to object: 'Object Repository/Backoffice/match_mgmt/input__select2-search__arena_name'

2018-11-26 19:04:09 - [TEST_STEP][PASSED] - setText: Text 'AA' is set on object 'Object Repository/Backoffice/match_mgmt/meron_details/input_meron_name'

2018-11-26 19:04:10 - [MESSAGE][PASSED] - Text 'AA' is set on object 'Object Repository/Backoffice/match_mgmt/meron_details/input_meron_name'

2018-11-26 19:04:10 - [TEST_STEP][PASSED] - setText: Text 'Farm 1' is set on object 'Object Repository/Backoffice/match_mgmt/meron_details/input_meron_farm'

2018-11-26 19:04:10 - [MESSAGE][PASSED] - Text 'Farm 1' is set on object 'Object Repository/Backoffice/match_mgmt/meron_details/input_meron_farm'

2018-11-26 19:04:10 - [TEST_STEP][PASSED] - setText: Text 'Breed 1' is set on object 'Object Repository/Backoffice/match_mgmt/meron_details/input_meron_breed'

2018-11-26 19:04:10 - [MESSAGE][PASSED] - Text 'Breed 1' is set on object 'Object Repository/Backoffice/match_mgmt/meron_details/input_meron_breed'

2018-11-26 19:04:10 - [TEST_STEP][PASSED] - setText: Text 'Weight 1' is set on object 'Object Repository/Backoffice/match_mgmt/meron_details/input_meron_weight'

2018-11-26 19:04:10 - [MESSAGE][PASSED] - Text 'Weight 1' is set on object 'Object Repository/Backoffice/match_mgmt/meron_details/input_meron_weight'

2018-11-26 19:04:10 - [TEST_STEP][PASSED] - setText: Text 'BB' is set on object 'Object Repository/Backoffice/match_mgmt/wala_details/input_wala_name'

2018-11-26 19:04:10 - [MESSAGE][PASSED] - Text 'BB' is set on object 'Object Repository/Backoffice/match_mgmt/wala_details/input_wala_name'

2018-11-26 19:04:10 - [TEST_STEP][PASSED] - setText: Text 'Farm 2' is set on object 'Object Repository/Backoffice/match_mgmt/wala_details/input_wala_farm'

2018-11-26 19:04:10 - [MESSAGE][PASSED] - Text 'Farm 2' is set on object 'Object Repository/Backoffice/match_mgmt/wala_details/input_wala_farm'

2018-11-26 19:04:10 - [TEST_STEP][PASSED] - setText: Text 'Breed 2' is set on object 'Object Repository/Backoffice/match_mgmt/wala_details/input_wala_breed'

2018-11-26 19:04:10 - [MESSAGE][PASSED] - Text 'Breed 2' is set on object 'Object Repository/Backoffice/match_mgmt/wala_details/input_wala_breed'

2018-11-26 19:04:10 - [TEST_STEP][PASSED] - setText: Text 'Weight 2' is set on object 'Object Repository/Backoffice/match_mgmt/wala_details/input_wala_weight'

2018-11-26 19:04:10 - [MESSAGE][PASSED] - Text 'Weight 2' is set on object 'Object Repository/Backoffice/match_mgmt/wala_details/input_wala_weight'

2018-11-26 19:04:10 - [TEST_STEP][PASSED] - click: Object: 'Object Repository/Backoffice/match_mgmt/input_submit_match' is clicked on

2018-11-26 19:04:12 - [MESSAGE][PASSED] - Object: 'Object Repository/Backoffice/match_mgmt/input_submit_match' is clicked on

2018-11-26 19:04:12 - [TEST_STEP][PASSED] - delay: Delayed 1 second(s)

2018-11-26 19:04:13 - [MESSAGE][PASSED] - Delayed 1 second(s)

2018-11-26 19:04:13 - [TEST_STEP][PASSED] - click: Object: 'Object Repository/Backoffice/match_mgmt/button_create_match' is clicked on

2018-11-26 19:04:13 - [MESSAGE][PASSED] - Object: 'Object Repository/Backoffice/match_mgmt/button_create_match' is clicked on

2018-11-26 19:04:13 - [TEST_STEP][PASSED] - delay: Delayed 1 second(s)

2018-11-26 19:04:14 - [MESSAGE][PASSED] - Delayed 1 second(s)

2018-11-26 19:04:14 - [TEST_STEP][PASSED] - click: Object: 'Object Repository/Backoffice/match_mgmt/span_select_arena_name' is clicked on

2018-11-26 19:04:14 - [MESSAGE][PASSED] - Object: 'Object Repository/Backoffice/match_mgmt/span_select_arena_name' is clicked on

2018-11-26 19:04:14 - [TEST_STEP][PASSED] - setText: Text 'PASIG SQUARE GARDEN - PSG' is set on object 'Object Repository/Backoffice/match_mgmt/input__select2-search__arena_name'

2018-11-26 19:04:15 - [MESSAGE][PASSED] - Text 'PASIG SQUARE GARDEN - PSG' is set on object 'Object Repository/Backoffice/match_mgmt/input__select2-search__arena_name'

2018-11-26 19:04:15 - [TEST_STEP][PASSED] - sendKeys: Keys 'ENTER + ' sent to object: 'Object Repository/Backoffice/match_mgmt/input__select2-search__arena_name'

2018-11-26 19:04:15 - [MESSAGE][PASSED] - Keys 'ENTER + ' sent to object: 'Object Repository/Backoffice/match_mgmt/input__select2-search__arena_name'

2018-11-26 19:04:15 - [TEST_STEP][PASSED] - setText: Text 'AA' is set on object 'Object Repository/Backoffice/match_mgmt/meron_details/input_meron_name'

2018-11-26 19:04:15 - [MESSAGE][PASSED] - Text 'AA' is set on object 'Object Repository/Backoffice/match_mgmt/meron_details/input_meron_name'

2018-11-26 19:04:15 - [TEST_STEP][PASSED] - setText: Text 'Farm 1' is set on object 'Object Repository/Backoffice/match_mgmt/meron_details/input_meron_farm'

2018-11-26 19:04:15 - [MESSAGE][PASSED] - Text 'Farm 1' is set on object 'Object Repository/Backoffice/match_mgmt/meron_details/input_meron_farm'

2018-11-26 19:04:15 - [TEST_STEP][PASSED] - setText: Text 'Breed 1' is set on object 'Object Repository/Backoffice/match_mgmt/meron_details/input_meron_breed'

2018-11-26 19:04:15 - [MESSAGE][PASSED] - Text 'Breed 1' is set on object 'Object Repository/Backoffice/match_mgmt/meron_details/input_meron_breed'

2018-11-26 19:04:15 - [TEST_STEP][PASSED] - setText: Text 'Weight 1' is set on object 'Object Repository/Backoffice/match_mgmt/meron_details/input_meron_weight'

2018-11-26 19:04:15 - [MESSAGE][PASSED] - Text 'Weight 1' is set on object 'Object Repository/Backoffice/match_mgmt/meron_details/input_meron_weight'

2018-11-26 19:04:15 - [TEST_STEP][PASSED] - setText: Text 'BB' is set on object 'Object Repository/Backoffice/match_mgmt/wala_details/input_wala_name'

2018-11-26 19:04:15 - [MESSAGE][PASSED] - Text 'BB' is set on object 'Object Repository/Backoffice/match_mgmt/wala_details/input_wala_name'

2018-11-26 19:04:15 - [TEST_STEP][PASSED] - setText: Text 'Farm 2' is set on object 'Object Repository/Backoffice/match_mgmt/wala_details/input_wala_farm'

2018-11-26 19:04:15 - [MESSAGE][PASSED] - Text 'Farm 2' is set on object 'Object Repository/Backoffice/match_mgmt/wala_details/input_wala_farm'

2018-11-26 19:04:15 - [TEST_STEP][PASSED] - setText: Text 'Breed 2' is set on object 'Object Repository/Backoffice/match_mgmt/wala_details/input_wala_breed'

2018-11-26 19:04:15 - [MESSAGE][PASSED] - Text 'Breed 2' is set on object 'Object Repository/Backoffice/match_mgmt/wala_details/input_wala_breed'

2018-11-26 19:04:15 - [TEST_STEP][PASSED] - setText: Text 'Weight 2' is set on object 'Object Repository/Backoffice/match_mgmt/wala_details/input_wala_weight'

2018-11-26 19:04:16 - [MESSAGE][PASSED] - Text 'Weight 2' is set on object 'Object Repository/Backoffice/match_mgmt/wala_details/input_wala_weight'

2018-11-26 19:04:16 - [TEST_STEP][PASSED] - click: Object: 'Object Repository/Backoffice/match_mgmt/input_submit_match' is clicked on

2018-11-26 19:04:17 - [MESSAGE][PASSED] - Object: 'Object Repository/Backoffice/match_mgmt/input_submit_match' is clicked on

2018-11-26 19:04:17 - [TEST_STEP][PASSED] - delay: Delayed 1 second(s)

2018-11-26 19:04:18 - [MESSAGE][PASSED] - Delayed 1 second(s)

2018-11-26 19:04:18 - [TEST_STEP][PASSED] - click: Object: 'Object Repository/Backoffice/match_mgmt/button_create_match' is clicked on

2018-11-26 19:04:18 - [MESSAGE][PASSED] - Object: 'Object Repository/Backoffice/match_mgmt/button_create_match' is clicked on

2018-11-26 19:04:18 - [TEST_STEP][PASSED] - delay: Delayed 1 second(s)

2018-11-26 19:04:19 - [MESSAGE][PASSED] - Delayed 1 second(s)

2018-11-26 19:04:19 - [TEST_STEP][PASSED] - click: Object: 'Object Repository/Backoffice/match_mgmt/span_select_arena_name' is clicked on

2018-11-26 19:04:19 - [MESSAGE][PASSED] - Object: 'Object Repository/Backoffice/match_mgmt/span_select_arena_name' is clicked on

2018-11-26 19:04:19 - [TEST_STEP][PASSED] - setText: Text 'PASIG SQUARE GARDEN - PSG' is set on object 'Object Repository/Backoffice/match_mgmt/input__select2-search__arena_name'

2018-11-26 19:04:19 - [MESSAGE][PASSED] - Text 'PASIG SQUARE GARDEN - PSG' is set on object 'Object Repository/Backoffice/match_mgmt/input__select2-search__arena_name'

2018-11-26 19:04:19 - [TEST_STEP][PASSED] - sendKeys: Keys 'ENTER + ' sent to object: 'Object Repository/Backoffice/match_mgmt/input__select2-search__arena_name'

2018-11-26 19:04:19 - [MESSAGE][PASSED] - Keys 'ENTER + ' sent to object: 'Object Repository/Backoffice/match_mgmt/input__select2-search__arena_name'

2018-11-26 19:04:19 - [TEST_STEP][PASSED] - setText: Text 'AA' is set on object 'Object Repository/Backoffice/match_mgmt/meron_details/input_meron_name'

2018-11-26 19:04:20 - [MESSAGE][PASSED] - Text 'AA' is set on object 'Object Repository/Backoffice/match_mgmt/meron_details/input_meron_name'

2018-11-26 19:04:20 - [TEST_STEP][PASSED] - setText: Text 'Farm 1' is set on object 'Object Repository/Backoffice/match_mgmt/meron_details/input_meron_farm'

2018-11-26 19:04:20 - [MESSAGE][PASSED] - Text 'Farm 1' is set on object 'Object Repository/Backoffice/match_mgmt/meron_details/input_meron_farm'

2018-11-26 19:04:20 - [TEST_STEP][PASSED] - setText: Text 'Breed 1' is set on object 'Object Repository/Backoffice/match_mgmt/meron_details/input_meron_breed'

2018-11-26 19:04:20 - [MESSAGE][PASSED] - Text 'Breed 1' is set on object 'Object Repository/Backoffice/match_mgmt/meron_details/input_meron_breed'

2018-11-26 19:04:20 - [TEST_STEP][PASSED] - setText: Text 'Weight 1' is set on object 'Object Repository/Backoffice/match_mgmt/meron_details/input_meron_weight'

2018-11-26 19:04:20 - [MESSAGE][PASSED] - Text 'Weight 1' is set on object 'Object Repository/Backoffice/match_mgmt/meron_details/input_meron_weight'

2018-11-26 19:04:20 - [TEST_STEP][PASSED] - setText: Text 'BB' is set on object 'Object Repository/Backoffice/match_mgmt/wala_details/input_wala_name'

2018-11-26 19:04:20 - [MESSAGE][PASSED] - Text 'BB' is set on object 'Object Repository/Backoffice/match_mgmt/wala_details/input_wala_name'

2018-11-26 19:04:20 - [TEST_STEP][PASSED] - setText: Text 'Farm 2' is set on object 'Object Repository/Backoffice/match_mgmt/wala_details/input_wala_farm'

2018-11-26 19:04:20 - [MESSAGE][PASSED] - Text 'Farm 2' is set on object 'Object Repository/Backoffice/match_mgmt/wala_details/input_wala_farm'

2018-11-26 19:04:20 - [TEST_STEP][PASSED] - setText: Text 'Breed 2' is set on object 'Object Repository/Backoffice/match_mgmt/wala_details/input_wala_breed'

2018-11-26 19:04:20 - [MESSAGE][PASSED] - Text 'Breed 2' is set on object 'Object Repository/Backoffice/match_mgmt/wala_details/input_wala_breed'

2018-11-26 19:04:20 - [TEST_STEP][PASSED] - setText: Text 'Weight 2' is set on object 'Object Repository/Backoffice/match_mgmt/wala_details/input_wala_weight'

2018-11-26 19:04:20 - [MESSAGE][PASSED] - Text 'Weight 2' is set on object 'Object Repository/Backoffice/match_mgmt/wala_details/input_wala_weight'

2018-11-26 19:04:20 - [TEST_STEP][PASSED] - click: Object: 'Object Repository/Backoffice/match_mgmt/input_submit_match' is clicked on

2018-11-26 19:04:21 - [MESSAGE][PASSED] - Object: 'Object Repository/Backoffice/match_mgmt/input_submit_match' is clicked on

2018-11-26 19:04:21 - [TEST_STEP][PASSED] - delay: Delayed 1 second(s)

2018-11-26 19:04:22 - [MESSAGE][PASSED] - Delayed 1 second(s)

2018-11-26 19:04:22 - [TEST_STEP][PASSED] - click: Object: 'Object Repository/Backoffice/match_mgmt/button_create_match' is clicked on

2018-11-26 19:04:23 - [MESSAGE][PASSED] - Object: 'Object Repository/Backoffice/match_mgmt/button_create_match' is clicked on

2018-11-26 19:04:23 - [TEST_STEP][PASSED] - delay: Delayed 1 second(s)

2018-11-26 19:04:24 - [MESSAGE][PASSED] - Delayed 1 second(s)

2018-11-26 19:04:24 - [TEST_STEP][PASSED] - click: Object: 'Object Repository/Backoffice/match_mgmt/span_select_arena_name' is clicked on

2018-11-26 19:04:24 - [MESSAGE][PASSED] - Object: 'Object Repository/Backoffice/match_mgmt/span_select_arena_name' is clicked on

2018-11-26 19:04:24 - [TEST_STEP][PASSED] - setText: Text 'PASIG SQUARE GARDEN - PSG' is set on object 'Object Repository/Backoffice/match_mgmt/input__select2-search__arena_name'

2018-11-26 19:04:24 - [MESSAGE][PASSED] - Text 'PASIG SQUARE GARDEN - PSG' is set on object 'Object Repository/Backoffice/match_mgmt/input__select2-search__arena_name'

2018-11-26 19:04:24 - [TEST_STEP][PASSED] - sendKeys: Keys 'ENTER + ' sent to object: 'Object Repository/Backoffice/match_mgmt/input__select2-search__arena_name'

2018-11-26 19:04:24 - [MESSAGE][PASSED] - Keys 'ENTER + ' sent to object: 'Object Repository/Backoffice/match_mgmt/input__select2-search__arena_name'

2018-11-26 19:04:24 - [TEST_STEP][PASSED] - setText: Text 'AA' is set on object 'Object Repository/Backoffice/match_mgmt/meron_details/input_meron_name'

2018-11-26 19:04:24 - [MESSAGE][PASSED] - Text 'AA' is set on object 'Object Repository/Backoffice/match_mgmt/meron_details/input_meron_name'

2018-11-26 19:04:24 - [TEST_STEP][PASSED] - setText: Text 'Farm 1' is set on object 'Object Repository/Backoffice/match_mgmt/meron_details/input_meron_farm'

2018-11-26 19:04:24 - [MESSAGE][PASSED] - Text 'Farm 1' is set on object 'Object Repository/Backoffice/match_mgmt/meron_details/input_meron_farm'

2018-11-26 19:04:24 - [TEST_STEP][PASSED] - setText: Text 'Breed 1' is set on object 'Object Repository/Backoffice/match_mgmt/meron_details/input_meron_breed'

2018-11-26 19:04:25 - [MESSAGE][PASSED] - Text 'Breed 1' is set on object 'Object Repository/Backoffice/match_mgmt/meron_details/input_meron_breed'

2018-11-26 19:04:25 - [TEST_STEP][PASSED] - setText: Text 'Weight 1' is set on object 'Object Repository/Backoffice/match_mgmt/meron_details/input_meron_weight'

2018-11-26 19:04:25 - [MESSAGE][PASSED] - Text 'Weight 1' is set on object 'Object Repository/Backoffice/match_mgmt/meron_details/input_meron_weight'

2018-11-26 19:04:25 - [TEST_STEP][PASSED] - setText: Text 'BB' is set on object 'Object Repository/Backoffice/match_mgmt/wala_details/input_wala_name'

2018-11-26 19:04:25 - [MESSAGE][PASSED] - Text 'BB' is set on object 'Object Repository/Backoffice/match_mgmt/wala_details/input_wala_name'

2018-11-26 19:04:25 - [TEST_STEP][PASSED] - setText: Text 'Farm 2' is set on object 'Object Repository/Backoffice/match_mgmt/wala_details/input_wala_farm'

2018-11-26 19:04:25 - [MESSAGE][PASSED] - Text 'Farm 2' is set on object 'Object Repository/Backoffice/match_mgmt/wala_details/input_wala_farm'

2018-11-26 19:04:25 - [TEST_STEP][PASSED] - setText: Text 'Breed 2' is set on object 'Object Repository/Backoffice/match_mgmt/wala_details/input_wala_breed'

2018-11-26 19:04:25 - [MESSAGE][PASSED] - Text 'Breed 2' is set on object 'Object Repository/Backoffice/match_mgmt/wala_details/input_wala_breed'

2018-11-26 19:04:25 - [TEST_STEP][PASSED] - setText: Text 'Weight 2' is set on object 'Object Repository/Backoffice/match_mgmt/wala_details/input_wala_weight'

2018-11-26 19:04:25 - [MESSAGE][PASSED] - Text 'Weight 2' is set on object 'Object Repository/Backoffice/match_mgmt/wala_details/input_wala_weight'

2018-11-26 19:04:25 - [TEST_STEP][PASSED] - click: Object: 'Object Repository/Backoffice/match_mgmt/input_submit_match' is clicked on

2018-11-26 19:04:26 - [MESSAGE][PASSED] - Object: 'Object Repository/Backoffice/match_mgmt/input_submit_match' is clicked on

2018-11-26 19:04:26 - [TEST_STEP][PASSED] - delay: Delayed 1 second(s)

2018-11-26 19:04:27 - [MESSAGE][PASSED] - Delayed 1 second(s)

2018-11-26 19:04:27 - [TEST_STEP][PASSED] - click: Object: 'Object Repository/Backoffice/match_mgmt/button_create_match' is clicked on

2018-11-26 19:04:27 - [MESSAGE][PASSED] - Object: 'Object Repository/Backoffice/match_mgmt/button_create_match' is clicked on

2018-11-26 19:04:27 - [TEST_STEP][PASSED] - delay: Delayed 1 second(s)

2018-11-26 19:04:28 - [MESSAGE][PASSED] - Delayed 1 second(s)

2018-11-26 19:04:28 - [TEST_STEP][PASSED] - click: Object: 'Object Repository/Backoffice/match_mgmt/span_select_arena_name' is clicked on

2018-11-26 19:04:29 - [MESSAGE][PASSED] - Object: 'Object Repository/Backoffice/match_mgmt/span_select_arena_name' is clicked on

2018-11-26 19:04:29 - [TEST_STEP][PASSED] - setText: Text 'PASIG SQUARE GARDEN - PSG' is set on object 'Object Repository/Backoffice/match_mgmt/input__select2-search__arena_name'

2018-11-26 19:04:29 - [MESSAGE][PASSED] - Text 'PASIG SQUARE GARDEN - PSG' is set on object 'Object Repository/Backoffice/match_mgmt/input__select2-search__arena_name'

2018-11-26 19:04:29 - [TEST_STEP][PASSED] - sendKeys: Keys 'ENTER + ' sent to object: 'Object Repository/Backoffice/match_mgmt/input__select2-search__arena_name'

2018-11-26 19:04:29 - [MESSAGE][PASSED] - Keys 'ENTER + ' sent to object: 'Object Repository/Backoffice/match_mgmt/input__select2-search__arena_name'

2018-11-26 19:04:29 - [TEST_STEP][PASSED] - setText: Text 'AA' is set on object 'Object Repository/Backoffice/match_mgmt/meron_details/input_meron_name'

2018-11-26 19:04:29 - [MESSAGE][PASSED] - Text 'AA' is set on object 'Object Repository/Backoffice/match_mgmt/meron_details/input_meron_name'

2018-11-26 19:04:29 - [TEST_STEP][PASSED] - setText: Text 'Farm 1' is set on object 'Object Repository/Backoffice/match_mgmt/meron_details/input_meron_farm'

2018-11-26 19:04:29 - [MESSAGE][PASSED] - Text 'Farm 1' is set on object 'Object Repository/Backoffice/match_mgmt/meron_details/input_meron_farm'

2018-11-26 19:04:29 - [TEST_STEP][PASSED] - setText: Text 'Breed 1' is set on object 'Object Repository/Backoffice/match_mgmt/meron_details/input_meron_breed'

2018-11-26 19:04:29 - [MESSAGE][PASSED] - Text 'Breed 1' is set on object 'Object Repository/Backoffice/match_mgmt/meron_details/input_meron_breed'

2018-11-26 19:04:29 - [TEST_STEP][PASSED] - setText: Text 'Weight 1' is set on object 'Object Repository/Backoffice/match_mgmt/meron_details/input_meron_weight'

2018-11-26 19:04:30 - [MESSAGE][PASSED] - Text 'Weight 1' is set on object 'Object Repository/Backoffice/match_mgmt/meron_details/input_meron_weight'

2018-11-26 19:04:30 - [TEST_STEP][PASSED] - setText: Text 'BB' is set on object 'Object Repository/Backoffice/match_mgmt/wala_details/input_wala_name'

2018-11-26 19:04:30 - [MESSAGE][PASSED] - Text 'BB' is set on object 'Object Repository/Backoffice/match_mgmt/wala_details/input_wala_name'

2018-11-26 19:04:30 - [TEST_STEP][PASSED] - setText: Text 'Farm 2' is set on object 'Object Repository/Backoffice/match_mgmt/wala_details/input_wala_farm'

2018-11-26 19:04:30 - [MESSAGE][PASSED] - Text 'Farm 2' is set on object 'Object Repository/Backoffice/match_mgmt/wala_details/input_wala_farm'

2018-11-26 19:04:30 - [TEST_STEP][PASSED] - setText: Text 'Breed 2' is set on object 'Object Repository/Backoffice/match_mgmt/wala_details/input_wala_breed'

2018-11-26 19:04:30 - [MESSAGE][PASSED] - Text 'Breed 2' is set on object 'Object Repository/Backoffice/match_mgmt/wala_details/input_wala_breed'

2018-11-26 19:04:30 - [TEST_STEP][PASSED] - setText: Text 'Weight 2' is set on object 'Object Repository/Backoffice/match_mgmt/wala_details/input_wala_weight'

2018-11-26 19:04:30 - [MESSAGE][PASSED] - Text 'Weight 2' is set on object 'Object Repository/Backoffice/match_mgmt/wala_details/input_wala_weight'

2018-11-26 19:04:30 - [TEST_STEP][PASSED] - click: Object: 'Object Repository/Backoffice/match_mgmt/input_submit_match' is clicked on

2018-11-26 19:04:31 - [MESSAGE][PASSED] - Object: 'Object Repository/Backoffice/match_mgmt/input_submit_match' is clicked on

2018-11-26 19:04:31 - [TEST_STEP][PASSED] - delay: Delayed 1 second(s)

2018-11-26 19:04:32 - [MESSAGE][PASSED] - Delayed 1 second(s)

2018-11-26 19:04:32 - [TEST_STEP][PASSED] - click: Object: 'Object Repository/Backoffice/match_mgmt/button_create_match' is clicked on

2018-11-26 19:04:32 - [MESSAGE][PASSED] - Object: 'Object Repository/Backoffice/match_mgmt/button_create_match' is clicked on

2018-11-26 19:04:32 - [TEST_STEP][PASSED] - delay: Delayed 1 second(s)

2018-11-26 19:04:33 - [MESSAGE][PASSED] - Delayed 1 second(s)

2018-11-26 19:04:33 - [TEST_STEP][PASSED] - click: Object: 'Object Repository/Backoffice/match_mgmt/span_select_arena_name' is clicked on

2018-11-26 19:04:33 - [MESSAGE][PASSED] - Object: 'Object Repository/Backoffice/match_mgmt/span_select_arena_name' is clicked on

2018-11-26 19:04:33 - [TEST_STEP][PASSED] - setText: Text 'PASIG SQUARE GARDEN - PSG' is set on object 'Object Repository/Backoffice/match_mgmt/input__select2-search__arena_name'

2018-11-26 19:04:34 - [MESSAGE][PASSED] - Text 'PASIG SQUARE GARDEN - PSG' is set on object 'Object Repository/Backoffice/match_mgmt/input__select2-search__arena_name'

2018-11-26 19:04:34 - [TEST_STEP][PASSED] - sendKeys: Keys 'ENTER + ' sent to object: 'Object Repository/Backoffice/match_mgmt/input__select2-search__arena_name'

2018-11-26 19:04:34 - [MESSAGE][PASSED] - Keys 'ENTER + ' sent to object: 'Object Repository/Backoffice/match_mgmt/input__select2-search__arena_name'

2018-11-26 19:04:34 - [TEST_STEP][PASSED] - setText: Text 'AA' is set on object 'Object Repository/Backoffice/match_mgmt/meron_details/input_meron_name'

2018-11-26 19:04:34 - [MESSAGE][PASSED] - Text 'AA' is set on object 'Object Repository/Backoffice/match_mgmt/meron_details/input_meron_name'

2018-11-26 19:04:34 - [TEST_STEP][PASSED] - setText: Text 'Farm 1' is set on object 'Object Repository/Backoffice/match_mgmt/meron_details/input_meron_farm'

2018-11-26 19:04:34 - [MESSAGE][PASSED] - Text 'Farm 1' is set on object 'Object Repository/Backoffice/match_mgmt/meron_details/input_meron_farm'

2018-11-26 19:04:34 - [TEST_STEP][PASSED] - setText: Text 'Breed 1' is set on object 'Object Repository/Backoffice/match_mgmt/meron_details/input_meron_breed'

2018-11-26 19:04:34 - [MESSAGE][PASSED] - Text 'Breed 1' is set on object 'Object Repository/Backoffice/match_mgmt/meron_details/input_meron_breed'

2018-11-26 19:04:34 - [TEST_STEP][PASSED] - setText: Text 'Weight 1' is set on object 'Object Repository/Backoffice/match_mgmt/meron_details/input_meron_weight'

2018-11-26 19:04:34 - [MESSAGE][PASSED] - Text 'Weight 1' is set on object 'Object Repository/Backoffice/match_mgmt/meron_details/input_meron_weight'

2018-11-26 19:04:34 - [TEST_STEP][PASSED] - setText: Text 'BB' is set on object 'Object Repository/Backoffice/match_mgmt/wala_details/input_wala_name'

2018-11-26 19:04:34 - [MESSAGE][PASSED] - Text 'BB' is set on object 'Object Repository/Backoffice/match_mgmt/wala_details/input_wala_name'

2018-11-26 19:04:34 - [TEST_STEP][PASSED] - setText: Text 'Farm 2' is set on object 'Object Repository/Backoffice/match_mgmt/wala_details/input_wala_farm'

2018-11-26 19:04:34 - [MESSAGE][PASSED] - Text 'Farm 2' is set on object 'Object Repository/Backoffice/match_mgmt/wala_details/input_wala_farm'

2018-11-26 19:04:34 - [TEST_STEP][PASSED] - setText: Text 'Breed 2' is set on object 'Object Repository/Backoffice/match_mgmt/wala_details/input_wala_breed'

2018-11-26 19:04:35 - [MESSAGE][PASSED] - Text 'Breed 2' is set on object 'Object Repository/Backoffice/match_mgmt/wala_details/input_wala_breed'

2018-11-26 19:04:35 - [TEST_STEP][PASSED] - setText: Text 'Weight 2' is set on object 'Object Repository/Backoffice/match_mgmt/wala_details/input_wala_weight'

2018-11-26 19:04:35 - [MESSAGE][PASSED] - Text 'Weight 2' is set on object 'Object Repository/Backoffice/match_mgmt/wala_details/input_wala_weight'

2018-11-26 19:04:35 - [TEST_STEP][PASSED] - click: Object: 'Object Repository/Backoffice/match_mgmt/input_submit_match' is clicked on

2018-11-26 19:04:36 - [MESSAGE][PASSED] - Object: 'Object Repository/Backoffice/match_mgmt/input_submit_match' is clicked on

2018-11-26 19:04:36 - [TEST_STEP][PASSED] - delay: Delayed 1 second(s)

2018-11-26 19:04:37 - [MESSAGE][PASSED] - Delayed 1 second(s)

2018-11-26 19:04:37 - [TEST_STEP][PASSED] - click: Object: 'Object Repository/Backoffice/match_mgmt/button_create_match' is clicked on

2018-11-26 19:04:37 - [MESSAGE][PASSED] - Object: 'Object Repository/Backoffice/match_mgmt/button_create_match' is clicked on

2018-11-26 19:04:37 - [TEST_STEP][PASSED] - delay: Delayed 1 second(s)

2018-11-26 19:04:38 - [MESSAGE][PASSED] - Delayed 1 second(s)

2018-11-26 19:04:38 - [TEST_STEP][PASSED] - click: Object: 'Object Repository/Backoffice/match_mgmt/span_select_arena_name' is clicked on

2018-11-26 19:04:38 - [MESSAGE][PASSED] - Object: 'Object Repository/Backoffice/match_mgmt/span_select_arena_name' is clicked on

2018-11-26 19:04:38 - [TEST_STEP][PASSED] - setText: Text 'PASIG SQUARE GARDEN - PSG' is set on object 'Object Repository/Backoffice/match_mgmt/input__select2-search__arena_name'

2018-11-26 19:04:39 - [MESSAGE][PASSED] - Text 'PASIG SQUARE GARDEN - PSG' is set on object 'Object Repository/Backoffice/match_mgmt/input__select2-search__arena_name'

2018-11-26 19:04:39 - [TEST_STEP][PASSED] - sendKeys: Keys 'ENTER + ' sent to object: 'Object Repository/Backoffice/match_mgmt/input__select2-search__arena_name'

2018-11-26 19:04:39 - [MESSAGE][PASSED] - Keys 'ENTER + ' sent to object: 'Object Repository/Backoffice/match_mgmt/input__select2-search__arena_name'

2018-11-26 19:04:39 - [TEST_STEP][PASSED] - setText: Text 'AA' is set on object 'Object Repository/Backoffice/match_mgmt/meron_details/input_meron_name'

2018-11-26 19:04:39 - [MESSAGE][PASSED] - Text 'AA' is set on object 'Object Repository/Backoffice/match_mgmt/meron_details/input_meron_name'

2018-11-26 19:04:39 - [TEST_STEP][PASSED] - setText: Text 'Farm 1' is set on object 'Object Repository/Backoffice/match_mgmt/meron_details/input_meron_farm'

2018-11-26 19:04:39 - [MESSAGE][PASSED] - Text 'Farm 1' is set on object 'Object Repository/Backoffice/match_mgmt/meron_details/input_meron_farm'

2018-11-26 19:04:39 - [TEST_STEP][PASSED] - setText: Text 'Breed 1' is set on object 'Object Repository/Backoffice/match_mgmt/meron_details/input_meron_breed'

2018-11-26 19:04:39 - [MESSAGE][PASSED] - Text 'Breed 1' is set on object 'Object Repository/Backoffice/match_mgmt/meron_details/input_meron_breed'

2018-11-26 19:04:39 - [TEST_STEP][PASSED] - setText: Text 'Weight 1' is set on object 'Object Repository/Backoffice/match_mgmt/meron_details/input_meron_weight'

2018-11-26 19:04:39 - [MESSAGE][PASSED] - Text 'Weight 1' is set on object 'Object Repository/Backoffice/match_mgmt/meron_details/input_meron_weight'

2018-11-26 19:04:39 - [TEST_STEP][PASSED] - setText: Text 'BB' is set on object 'Object Repository/Backoffice/match_mgmt/wala_details/input_wala_name'

2018-11-26 19:04:39 - [MESSAGE][PASSED] - Text 'BB' is set on object 'Object Repository/Backoffice/match_mgmt/wala_details/input_wala_name'

2018-11-26 19:04:39 - [TEST_STEP][PASSED] - setText: Text 'Farm 2' is set on object 'Object Repository/Backoffice/match_mgmt/wala_details/input_wala_farm'

2018-11-26 19:04:39 - [MESSAGE][PASSED] - Text 'Farm 2' is set on object 'Object Repository/Backoffice/match_mgmt/wala_details/input_wala_farm'

2018-11-26 19:04:39 - [TEST_STEP][PASSED] - setText: Text 'Breed 2' is set on object 'Object Repository/Backoffice/match_mgmt/wala_details/input_wala_breed'

2018-11-26 19:04:39 - [MESSAGE][PASSED] - Text 'Breed 2' is set on object 'Object Repository/Backoffice/match_mgmt/wala_details/input_wala_breed'

2018-11-26 19:04:39 - [TEST_STEP][PASSED] - setText: Text 'Weight 2' is set on object 'Object Repository/Backoffice/match_mgmt/wala_details/input_wala_weight'

2018-11-26 19:04:39 - [MESSAGE][PASSED] - Text 'Weight 2' is set on object 'Object Repository/Backoffice/match_mgmt/wala_details/input_wala_weight'

2018-11-26 19:04:39 - [TEST_STEP][PASSED] - click: Object: 'Object Repository/Backoffice/match_mgmt/input_submit_match' is clicked on

2018-11-26 19:04:41 - [MESSAGE][PASSED] - Object: 'Object Repository/Backoffice/match_mgmt/input_submit_match' is clicked on

2018-11-26 19:04:41 - [TEST_STEP][PASSED] - delay: Delayed 1 second(s)

2018-11-26 19:04:42 - [MESSAGE][PASSED] - Delayed 1 second(s)

2018-11-26 19:04:42 - [TEST_STEP][PASSED] - click: Object: 'Object Repository/Backoffice/match_mgmt/button_create_match' is clicked on

2018-11-26 19:04:42 - [MESSAGE][PASSED] - Object: 'Object Repository/Backoffice/match_mgmt/button_create_match' is clicked on

2018-11-26 19:04:42 - [TEST_STEP][PASSED] - delay: Delayed 1 second(s)

2018-11-26 19:04:43 - [MESSAGE][PASSED] - Delayed 1 second(s)

2018-11-26 19:04:43 - [TEST_STEP][PASSED] - click: Object: 'Object Repository/Backoffice/match_mgmt/span_select_arena_name' is clicked on

2018-11-26 19:04:43 - [MESSAGE][PASSED] - Object: 'Object Repository/Backoffice/match_mgmt/span_select_arena_name' is clicked on

2018-11-26 19:04:43 - [TEST_STEP][PASSED] - setText: Text 'PASIG SQUARE GARDEN - PSG' is set on object 'Object Repository/Backoffice/match_mgmt/input__select2-search__arena_name'

2018-11-26 19:04:43 - [MESSAGE][PASSED] - Text 'PASIG SQUARE GARDEN - PSG' is set on object 'Object Repository/Backoffice/match_mgmt/input__select2-search__arena_name'

2018-11-26 19:04:43 - [TEST_STEP][PASSED] - sendKeys: Keys 'ENTER + ' sent to object: 'Object Repository/Backoffice/match_mgmt/input__select2-search__arena_name'

2018-11-26 19:04:43 - [MESSAGE][PASSED] - Keys 'ENTER + ' sent to object: 'Object Repository/Backoffice/match_mgmt/input__select2-search__arena_name'

2018-11-26 19:04:43 - [TEST_STEP][PASSED] - setText: Text 'AA' is set on object 'Object Repository/Backoffice/match_mgmt/meron_details/input_meron_name'

2018-11-26 19:04:43 - [MESSAGE][PASSED] - Text 'AA' is set on object 'Object Repository/Backoffice/match_mgmt/meron_details/input_meron_name'

2018-11-26 19:04:43 - [TEST_STEP][PASSED] - setText: Text 'Farm 1' is set on object 'Object Repository/Backoffice/match_mgmt/meron_details/input_meron_farm'

2018-11-26 19:04:44 - [MESSAGE][PASSED] - Text 'Farm 1' is set on object 'Object Repository/Backoffice/match_mgmt/meron_details/input_meron_farm'

2018-11-26 19:04:44 - [TEST_STEP][PASSED] - setText: Text 'Breed 1' is set on object 'Object Repository/Backoffice/match_mgmt/meron_details/input_meron_breed'

2018-11-26 19:04:44 - [MESSAGE][PASSED] - Text 'Breed 1' is set on object 'Object Repository/Backoffice/match_mgmt/meron_details/input_meron_breed'

2018-11-26 19:04:44 - [TEST_STEP][PASSED] - setText: Text 'Weight 1' is set on object 'Object Repository/Backoffice/match_mgmt/meron_details/input_meron_weight'

2018-11-26 19:04:44 - [MESSAGE][PASSED] - Text 'Weight 1' is set on object 'Object Repository/Backoffice/match_mgmt/meron_details/input_meron_weight'

2018-11-26 19:04:44 - [TEST_STEP][PASSED] - setText: Text 'BB' is set on object 'Object Repository/Backoffice/match_mgmt/wala_details/input_wala_name'

2018-11-26 19:04:44 - [MESSAGE][PASSED] - Text 'BB' is set on object 'Object Repository/Backoffice/match_mgmt/wala_details/input_wala_name'

2018-11-26 19:04:44 - [TEST_STEP][PASSED] - setText: Text 'Farm 2' is set on object 'Object Repository/Backoffice/match_mgmt/wala_details/input_wala_farm'

2018-11-26 19:04:44 - [MESSAGE][PASSED] - Text 'Farm 2' is set on object 'Object Repository/Backoffice/match_mgmt/wala_details/input_wala_farm'

2018-11-26 19:04:44 - [TEST_STEP][PASSED] - setText: Text 'Breed 2' is set on object 'Object Repository/Backoffice/match_mgmt/wala_details/input_wala_breed'

2018-11-26 19:04:44 - [MESSAGE][PASSED] - Text 'Breed 2' is set on object 'Object Repository/Backoffice/match_mgmt/wala_details/input_wala_breed'

2018-11-26 19:04:44 - [TEST_STEP][PASSED] - setText: Text 'Weight 2' is set on object 'Object Repository/Backoffice/match_mgmt/wala_details/input_wala_weight'

2018-11-26 19:04:44 - [MESSAGE][PASSED] - Text 'Weight 2' is set on object 'Object Repository/Backoffice/match_mgmt/wala_details/input_wala_weight'

2018-11-26 19:04:44 - [TEST_STEP][PASSED] - click: Object: 'Object Repository/Backoffice/match_mgmt/input_submit_match' is clicked on

2018-11-26 19:04:45 - [MESSAGE][PASSED] - Object: 'Object Repository/Backoffice/match_mgmt/input_submit_match' is clicked on

2018-11-26 19:04:45 - [TEST_STEP][PASSED] - delay: Delayed 1 second(s)

2018-11-26 19:04:46 - [MESSAGE][PASSED] - Delayed 1 second(s)

2018-11-26 19:04:46 - [TEST_STEP][PASSED] - click: Object: 'Object Repository/Backoffice/match_mgmt/button_create_match' is clicked on

2018-11-26 19:04:46 - [MESSAGE][PASSED] - Object: 'Object Repository/Backoffice/match_mgmt/button_create_match' is clicked on

2018-11-26 19:04:46 - [TEST_STEP][PASSED] - delay: Delayed 1 second(s)

2018-11-26 19:04:47 - [MESSAGE][PASSED] - Delayed 1 second(s)

2018-11-26 19:04:47 - [TEST_STEP][PASSED] - click: Object: 'Object Repository/Backoffice/match_mgmt/span_select_arena_name' is clicked on

2018-11-26 19:04:48 - [MESSAGE][PASSED] - Object: 'Object Repository/Backoffice/match_mgmt/span_select_arena_name' is clicked on

2018-11-26 19:04:48 - [TEST_STEP][PASSED] - setText: Text 'PASIG SQUARE GARDEN - PSG' is set on object 'Object Repository/Backoffice/match_mgmt/input__select2-search__arena_name'

2018-11-26 19:04:48 - [MESSAGE][PASSED] - Text 'PASIG SQUARE GARDEN - PSG' is set on object 'Object Repository/Backoffice/match_mgmt/input__select2-search__arena_name'

2018-11-26 19:04:48 - [TEST_STEP][PASSED] - sendKeys: Keys 'ENTER + ' sent to object: 'Object Repository/Backoffice/match_mgmt/input__select2-search__arena_name'

2018-11-26 19:04:48 - [MESSAGE][PASSED] - Keys 'ENTER + ' sent to object: 'Object Repository/Backoffice/match_mgmt/input__select2-search__arena_name'

2018-11-26 19:04:48 - [TEST_STEP][PASSED] - setText: Text 'AA' is set on object 'Object Repository/Backoffice/match_mgmt/meron_details/input_meron_name'

2018-11-26 19:04:48 - [MESSAGE][PASSED] - Text 'AA' is set on object 'Object Repository/Backoffice/match_mgmt/meron_details/input_meron_name'

2018-11-26 19:04:48 - [TEST_STEP][PASSED] - setText: Text 'Farm 1' is set on object 'Object Repository/Backoffice/match_mgmt/meron_details/input_meron_farm'

2018-11-26 19:04:48 - [MESSAGE][PASSED] - Text 'Farm 1' is set on object 'Object Repository/Backoffice/match_mgmt/meron_details/input_meron_farm'

2018-11-26 19:04:48 - [TEST_STEP][PASSED] - setText: Text 'Breed 1' is set on object 'Object Repository/Backoffice/match_mgmt/meron_details/input_meron_breed'

2018-11-26 19:04:48 - [MESSAGE][PASSED] - Text 'Breed 1' is set on object 'Object Repository/Backoffice/match_mgmt/meron_details/input_meron_breed'

2018-11-26 19:04:48 - [TEST_STEP][PASSED] - setText: Text 'Weight 1' is set on object 'Object Repository/Backoffice/match_mgmt/meron_details/input_meron_weight'

2018-11-26 19:04:49 - [MESSAGE][PASSED] - Text 'Weight 1' is set on object 'Object Repository/Backoffice/match_mgmt/meron_details/input_meron_weight'

2018-11-26 19:04:49 - [TEST_STEP][PASSED] - setText: Text 'BB' is set on object 'Object Repository/Backoffice/match_mgmt/wala_details/input_wala_name'

2018-11-26 19:04:49 - [MESSAGE][PASSED] - Text 'BB' is set on object 'Object Repository/Backoffice/match_mgmt/wala_details/input_wala_name'

2018-11-26 19:04:49 - [TEST_STEP][PASSED] - setText: Text 'Farm 2' is set on object 'Object Repository/Backoffice/match_mgmt/wala_details/input_wala_farm'

2018-11-26 19:04:49 - [MESSAGE][PASSED] - Text 'Farm 2' is set on object 'Object Repository/Backoffice/match_mgmt/wala_details/input_wala_farm'

2018-11-26 19:04:49 - [TEST_STEP][PASSED] - setText: Text 'Breed 2' is set on object 'Object Repository/Backoffice/match_mgmt/wala_details/input_wala_breed'

2018-11-26 19:04:49 - [MESSAGE][PASSED] - Text 'Breed 2' is set on object 'Object Repository/Backoffice/match_mgmt/wala_details/input_wala_breed'

2018-11-26 19:04:49 - [TEST_STEP][PASSED] - setText: Text 'Weight 2' is set on object 'Object Repository/Backoffice/match_mgmt/wala_details/input_wala_weight'

2018-11-26 19:04:49 - [MESSAGE][PASSED] - Text 'Weight 2' is set on object 'Object Repository/Backoffice/match_mgmt/wala_details/input_wala_weight'

2018-11-26 19:04:49 - [TEST_STEP][PASSED] - click: Object: 'Object Repository/Backoffice/match_mgmt/input_submit_match' is clicked on

2018-11-26 19:04:50 - [MESSAGE][PASSED] - Object: 'Object Repository/Backoffice/match_mgmt/input_submit_match' is clicked on

2018-11-26 19:04:50 - [TEST_STEP][PASSED] - delay: Delayed 1 second(s)

2018-11-26 19:04:51 - [MESSAGE][PASSED] - Delayed 1 second(s)

2018-11-26 19:04:51 - [TEST_STEP][PASSED] - click: Object: 'Object Repository/Backoffice/match_mgmt/button_create_match' is clicked on

2018-11-26 19:04:51 - [MESSAGE][PASSED] - Object: 'Object Repository/Backoffice/match_mgmt/button_create_match' is clicked on

2018-11-26 19:04:51 - [TEST_STEP][PASSED] - delay: Delayed 1 second(s)

2018-11-26 19:04:52 - [MESSAGE][PASSED] - Delayed 1 second(s)

2018-11-26 19:04:52 - [TEST_STEP][PASSED] - click: Object: 'Object Repository/Backoffice/match_mgmt/span_select_arena_name' is clicked on

2018-11-26 19:04:52 - [MESSAGE][PASSED] - Object: 'Object Repository/Backoffice/match_mgmt/span_select_arena_name' is clicked on

2018-11-26 19:04:52 - [TEST_STEP][PASSED] - setText: Text 'PASIG SQUARE GARDEN - PSG' is set on object 'Object Repository/Backoffice/match_mgmt/input__select2-search__arena_name'

2018-11-26 19:04:53 - [MESSAGE][PASSED] - Text 'PASIG SQUARE GARDEN - PSG' is set on object 'Object Repository/Backoffice/match_mgmt/input__select2-search__arena_name'

2018-11-26 19:04:53 - [TEST_STEP][PASSED] - sendKeys: Keys 'ENTER + ' sent to object: 'Object Repository/Backoffice/match_mgmt/input__select2-search__arena_name'

2018-11-26 19:04:53 - [MESSAGE][PASSED] - Keys 'ENTER + ' sent to object: 'Object Repository/Backoffice/match_mgmt/input__select2-search__arena_name'

2018-11-26 19:04:53 - [TEST_STEP][PASSED] - setText: Text 'AA' is set on object 'Object Repository/Backoffice/match_mgmt/meron_details/input_meron_name'

2018-11-26 19:04:53 - [MESSAGE][PASSED] - Text 'AA' is set on object 'Object Repository/Backoffice/match_mgmt/meron_details/input_meron_name'

2018-11-26 19:04:53 - [TEST_STEP][PASSED] - setText: Text 'Farm 1' is set on object 'Object Repository/Backoffice/match_mgmt/meron_details/input_meron_farm'

2018-11-26 19:04:53 - [MESSAGE][PASSED] - Text 'Farm 1' is set on object 'Object Repository/Backoffice/match_mgmt/meron_details/input_meron_farm'

2018-11-26 19:04:53 - [TEST_STEP][PASSED] - setText: Text 'Breed 1' is set on object 'Object Repository/Backoffice/match_mgmt/meron_details/input_meron_breed'

2018-11-26 19:04:53 - [MESSAGE][PASSED] - Text 'Breed 1' is set on object 'Object Repository/Backoffice/match_mgmt/meron_details/input_meron_breed'

2018-11-26 19:04:53 - [TEST_STEP][PASSED] - setText: Text 'Weight 1' is set on object 'Object Repository/Backoffice/match_mgmt/meron_details/input_meron_weight'

2018-11-26 19:04:53 - [MESSAGE][PASSED] - Text 'Weight 1' is set on object 'Object Repository/Backoffice/match_mgmt/meron_details/input_meron_weight'

2018-11-26 19:04:53 - [TEST_STEP][PASSED] - setText: Text 'BB' is set on object 'Object Repository/Backoffice/match_mgmt/wala_details/input_wala_name'

2018-11-26 19:04:53 - [MESSAGE][PASSED] - Text 'BB' is set on object 'Object Repository/Backoffice/match_mgmt/wala_details/input_wala_name'

2018-11-26 19:04:53 - [TEST_STEP][PASSED] - setText: Text 'Farm 2' is set on object 'Object Repository/Backoffice/match_mgmt/wala_details/input_wala_farm'

2018-11-26 19:04:53 - [MESSAGE][PASSED] - Text 'Farm 2' is set on object 'Object Repository/Backoffice/match_mgmt/wala_details/input_wala_farm'

2018-11-26 19:04:53 - [TEST_STEP][PASSED] - setText: Text 'Breed 2' is set on object 'Object Repository/Backoffice/match_mgmt/wala_details/input_wala_breed'

2018-11-26 19:04:54 - [MESSAGE][PASSED] - Text 'Breed 2' is set on object 'Object Repository/Backoffice/match_mgmt/wala_details/input_wala_breed'

2018-11-26 19:04:54 - [TEST_STEP][PASSED] - setText: Text 'Weight 2' is set on object 'Object Repository/Backoffice/match_mgmt/wala_details/input_wala_weight'

2018-11-26 19:04:54 - [MESSAGE][PASSED] - Text 'Weight 2' is set on object 'Object Repository/Backoffice/match_mgmt/wala_details/input_wala_weight'

2018-11-26 19:04:54 - [TEST_STEP][PASSED] - click: Object: 'Object Repository/Backoffice/match_mgmt/input_submit_match' is clicked on

2018-11-26 19:04:55 - [MESSAGE][PASSED] - Object: 'Object Repository/Backoffice/match_mgmt/input_submit_match' is clicked on

2018-11-26 19:04:55 - [TEST_STEP][PASSED] - delay: Delayed 1 second(s)

2018-11-26 19:04:56 - [MESSAGE][PASSED] - Delayed 1 second(s)

2018-11-26 19:04:56 - [TEST_STEP][PASSED] - click: Object: 'Object Repository/Backoffice/match_mgmt/button_create_match' is clicked on

2018-11-26 19:04:56 - [MESSAGE][PASSED] - Object: 'Object Repository/Backoffice/match_mgmt/button_create_match' is clicked on

2018-11-26 19:04:56 - [TEST_STEP][PASSED] - delay: Delayed 1 second(s)

2018-11-26 19:04:57 - [MESSAGE][PASSED] - Delayed 1 second(s)

2018-11-26 19:04:57 - [TEST_STEP][PASSED] - click: Object: 'Object Repository/Backoffice/match_mgmt/span_select_arena_name' is clicked on

2018-11-26 19:04:57 - [MESSAGE][PASSED] - Object: 'Object Repository/Backoffice/match_mgmt/span_select_arena_name' is clicked on

2018-11-26 19:04:57 - [TEST_STEP][PASSED] - setText: Text 'PASIG SQUARE GARDEN - PSG' is set on object 'Object Repository/Backoffice/match_mgmt/input__select2-search__arena_name'

2018-11-26 19:04:58 - [MESSAGE][PASSED] - Text 'PASIG SQUARE GARDEN - PSG' is set on object 'Object Repository/Backoffice/match_mgmt/input__select2-search__arena_name'

2018-11-26 19:04:58 - [TEST_STEP][PASSED] - sendKeys: Keys 'ENTER + ' sent to object: 'Object Repository/Backoffice/match_mgmt/input__select2-search__arena_name'

2018-11-26 19:04:58 - [MESSAGE][PASSED] - Keys 'ENTER + ' sent to object: 'Object Repository/Backoffice/match_mgmt/input__select2-search__arena_name'

2018-11-26 19:04:58 - [TEST_STEP][PASSED] - setText: Text 'AA' is set on object 'Object Repository/Backoffice/match_mgmt/meron_details/input_meron_name'

2018-11-26 19:04:58 - [MESSAGE][PASSED] - Text 'AA' is set on object 'Object Repository/Backoffice/match_mgmt/meron_details/input_meron_name'

2018-11-26 19:04:58 - [TEST_STEP][PASSED] - setText: Text 'Farm 1' is set on object 'Object Repository/Backoffice/match_mgmt/meron_details/input_meron_farm'

2018-11-26 19:04:58 - [MESSAGE][PASSED] - Text 'Farm 1' is set on object 'Object Repository/Backoffice/match_mgmt/meron_details/input_meron_farm'

2018-11-26 19:04:58 - [TEST_STEP][PASSED] - setText: Text 'Breed 1' is set on object 'Object Repository/Backoffice/match_mgmt/meron_details/input_meron_breed'

2018-11-26 19:04:58 - [MESSAGE][PASSED] - Text 'Breed 1' is set on object 'Object Repository/Backoffice/match_mgmt/meron_details/input_meron_breed'

2018-11-26 19:04:58 - [TEST_STEP][PASSED] - setText: Text 'Weight 1' is set on object 'Object Repository/Backoffice/match_mgmt/meron_details/input_meron_weight'

2018-11-26 19:04:58 - [MESSAGE][PASSED] - Text 'Weight 1' is set on object 'Object Repository/Backoffice/match_mgmt/meron_details/input_meron_weight'

2018-11-26 19:04:58 - [TEST_STEP][PASSED] - setText: Text 'BB' is set on object 'Object Repository/Backoffice/match_mgmt/wala_details/input_wala_name'

2018-11-26 19:04:58 - [MESSAGE][PASSED] - Text 'BB' is set on object 'Object Repository/Backoffice/match_mgmt/wala_details/input_wala_name'

2018-11-26 19:04:58 - [TEST_STEP][PASSED] - setText: Text 'Farm 2' is set on object 'Object Repository/Backoffice/match_mgmt/wala_details/input_wala_farm'

2018-11-26 19:04:58 - [MESSAGE][PASSED] - Text 'Farm 2' is set on object 'Object Repository/Backoffice/match_mgmt/wala_details/input_wala_farm'

2018-11-26 19:04:58 - [TEST_STEP][PASSED] - setText: Text 'Breed 2' is set on object 'Object Repository/Backoffice/match_mgmt/wala_details/input_wala_breed'

2018-11-26 19:04:58 - [MESSAGE][PASSED] - Text 'Breed 2' is set on object 'Object Repository/Backoffice/match_mgmt/wala_details/input_wala_breed'

2018-11-26 19:04:58 - [TEST_STEP][PASSED] - setText: Text 'Weight 2' is set on object 'Object Repository/Backoffice/match_mgmt/wala_details/input_wala_weight'

2018-11-26 19:04:58 - [MESSAGE][PASSED] - Text 'Weight 2' is set on object 'Object Repository/Backoffice/match_mgmt/wala_details/input_wala_weight'

2018-11-26 19:04:58 - [TEST_STEP][PASSED] - click: Object: 'Object Repository/Backoffice/match_mgmt/input_submit_match' is clicked on

2018-11-26 19:05:00 - [MESSAGE][PASSED] - Object: 'Object Repository/Backoffice/match_mgmt/input_submit_match' is clicked on

2018-11-26 19:05:00 - [TEST_STEP][PASSED] - delay: Delayed 1 second(s)

2018-11-26 19:05:01 - [MESSAGE][PASSED] - Delayed 1 second(s)

2018-11-26 19:05:01 - [TEST_STEP][PASSED] - click: Object: 'Object Repository/Backoffice/match_mgmt/button_create_match' is clicked on

2018-11-26 19:05:01 - [MESSAGE][PASSED] - Object: 'Object Repository/Backoffice/match_mgmt/button_create_match' is clicked on

2018-11-26 19:05:01 - [TEST_STEP][PASSED] - delay: Delayed 1 second(s)

2018-11-26 19:05:02 - [MESSAGE][PASSED] - Delayed 1 second(s)

2018-11-26 19:05:02 - [TEST_STEP][PASSED] - click: Object: 'Object Repository/Backoffice/match_mgmt/span_select_arena_name' is clicked on

2018-11-26 19:05:02 - [MESSAGE][PASSED] - Object: 'Object Repository/Backoffice/match_mgmt/span_select_arena_name' is clicked on

2018-11-26 19:05:02 - [TEST_STEP][PASSED] - setText: Text 'PASIG SQUARE GARDEN - PSG' is set on object 'Object Repository/Backoffice/match_mgmt/input__select2-search__arena_name'

2018-11-26 19:05:02 - [MESSAGE][PASSED] - Text 'PASIG SQUARE GARDEN - PSG' is set on object 'Object Repository/Backoffice/match_mgmt/input__select2-search__arena_name'

2018-11-26 19:05:02 - [TEST_STEP][PASSED] - sendKeys: Keys 'ENTER + ' sent to object: 'Object Repository/Backoffice/match_mgmt/input__select2-search__arena_name'

2018-11-26 19:05:02 - [MESSAGE][PASSED] - Keys 'ENTER + ' sent to object: 'Object Repository/Backoffice/match_mgmt/input__select2-search__arena_name'

2018-11-26 19:05:02 - [TEST_STEP][PASSED] - setText: Text 'AA' is set on object 'Object Repository/Backoffice/match_mgmt/meron_details/input_meron_name'

2018-11-26 19:05:02 - [MESSAGE][PASSED] - Text 'AA' is set on object 'Object Repository/Backoffice/match_mgmt/meron_details/input_meron_name'

2018-11-26 19:05:02 - [TEST_STEP][PASSED] - setText: Text 'Farm 1' is set on object 'Object Repository/Backoffice/match_mgmt/meron_details/input_meron_farm'

2018-11-26 19:05:03 - [MESSAGE][PASSED] - Text 'Farm 1' is set on object 'Object Repository/Backoffice/match_mgmt/meron_details/input_meron_farm'

2018-11-26 19:05:03 - [TEST_STEP][PASSED] - setText: Text 'Breed 1' is set on object 'Object Repository/Backoffice/match_mgmt/meron_details/input_meron_breed'

2018-11-26 19:05:03 - [MESSAGE][PASSED] - Text 'Breed 1' is set on object 'Object Repository/Backoffice/match_mgmt/meron_details/input_meron_breed'

2018-11-26 19:05:03 - [TEST_STEP][PASSED] - setText: Text 'Weight 1' is set on object 'Object Repository/Backoffice/match_mgmt/meron_details/input_meron_weight'

2018-11-26 19:05:03 - [MESSAGE][PASSED] - Text 'Weight 1' is set on object 'Object Repository/Backoffice/match_mgmt/meron_details/input_meron_weight'

2018-11-26 19:05:03 - [TEST_STEP][PASSED] - setText: Text 'BB' is set on object 'Object Repository/Backoffice/match_mgmt/wala_details/input_wala_name'

2018-11-26 19:05:03 - [MESSAGE][PASSED] - Text 'BB' is set on object 'Object Repository/Backoffice/match_mgmt/wala_details/input_wala_name'

2018-11-26 19:05:03 - [TEST_STEP][PASSED] - setText: Text 'Farm 2' is set on object 'Object Repository/Backoffice/match_mgmt/wala_details/input_wala_farm'

2018-11-26 19:05:03 - [MESSAGE][PASSED] - Text 'Farm 2' is set on object 'Object Repository/Backoffice/match_mgmt/wala_details/input_wala_farm'

2018-11-26 19:05:03 - [TEST_STEP][PASSED] - setText: Text 'Breed 2' is set on object 'Object Repository/Backoffice/match_mgmt/wala_details/input_wala_breed'

2018-11-26 19:05:03 - [MESSAGE][PASSED] - Text 'Breed 2' is set on object 'Object Repository/Backoffice/match_mgmt/wala_details/input_wala_breed'

2018-11-26 19:05:03 - [TEST_STEP][PASSED] - setText: Text 'Weight 2' is set on object 'Object Repository/Backoffice/match_mgmt/wala_details/input_wala_weight'

2018-11-26 19:05:03 - [MESSAGE][PASSED] - Text 'Weight 2' is set on object 'Object Repository/Backoffice/match_mgmt/wala_details/input_wala_weight'

2018-11-26 19:05:03 - [TEST_STEP][PASSED] - click: Object: 'Object Repository/Backoffice/match_mgmt/input_submit_match' is clicked on

2018-11-26 19:05:04 - [MESSAGE][PASSED] - Object: 'Object Repository/Backoffice/match_mgmt/input_submit_match' is clicked on

2018-11-26 19:05:04 - [TEST_STEP][PASSED] - delay: Delayed 1 second(s)

2018-11-26 19:05:05 - [MESSAGE][PASSED] - Delayed 1 second(s)

2018-11-26 19:05:05 - [TEST_STEP][PASSED] - click: Object: 'Object Repository/Backoffice/match_mgmt/button_create_match' is clicked on

2018-11-26 19:05:05 - [MESSAGE][PASSED] - Object: 'Object Repository/Backoffice/match_mgmt/button_create_match' is clicked on

2018-11-26 19:05:05 - [TEST_STEP][PASSED] - delay: Delayed 1 second(s)

2018-11-26 19:05:06 - [MESSAGE][PASSED] - Delayed 1 second(s)

2018-11-26 19:05:06 - [TEST_STEP][PASSED] - click: Object: 'Object Repository/Backoffice/match_mgmt/span_select_arena_name' is clicked on

2018-11-26 19:05:07 - [MESSAGE][PASSED] - Object: 'Object Repository/Backoffice/match_mgmt/span_select_arena_name' is clicked on

2018-11-26 19:05:07 - [TEST_STEP][PASSED] - setText: Text 'PASIG SQUARE GARDEN - PSG' is set on object 'Object Repository/Backoffice/match_mgmt/input__select2-search__arena_name'

2018-11-26 19:05:07 - [MESSAGE][PASSED] - Text 'PASIG SQUARE GARDEN - PSG' is set on object 'Object Repository/Backoffice/match_mgmt/input__select2-search__arena_name'

2018-11-26 19:05:07 - [TEST_STEP][PASSED] - sendKeys: Keys 'ENTER + ' sent to object: 'Object Repository/Backoffice/match_mgmt/input__select2-search__arena_name'

2018-11-26 19:05:07 - [MESSAGE][PASSED] - Keys 'ENTER + ' sent to object: 'Object Repository/Backoffice/match_mgmt/input__select2-search__arena_name'

2018-11-26 19:05:07 - [TEST_STEP][PASSED] - setText: Text 'AA' is set on object 'Object Repository/Backoffice/match_mgmt/meron_details/input_meron_name'

2018-11-26 19:05:07 - [MESSAGE][PASSED] - Text 'AA' is set on object 'Object Repository/Backoffice/match_mgmt/meron_details/input_meron_name'

2018-11-26 19:05:07 - [TEST_STEP][PASSED] - setText: Text 'Farm 1' is set on object 'Object Repository/Backoffice/match_mgmt/meron_details/input_meron_farm'

2018-11-26 19:05:07 - [MESSAGE][PASSED] - Text 'Farm 1' is set on object 'Object Repository/Backoffice/match_mgmt/meron_details/input_meron_farm'

2018-11-26 19:05:07 - [TEST_STEP][PASSED] - setText: Text 'Breed 1' is set on object 'Object Repository/Backoffice/match_mgmt/meron_details/input_meron_breed'

2018-11-26 19:05:07 - [MESSAGE][PASSED] - Text 'Breed 1' is set on object 'Object Repository/Backoffice/match_mgmt/meron_details/input_meron_breed'

2018-11-26 19:05:07 - [TEST_STEP][PASSED] - setText: Text 'Weight 1' is set on object 'Object Repository/Backoffice/match_mgmt/meron_details/input_meron_weight'

2018-11-26 19:05:07 - [MESSAGE][PASSED] - Text 'Weight 1' is set on object 'Object Repository/Backoffice/match_mgmt/meron_details/input_meron_weight'

2018-11-26 19:05:07 - [TEST_STEP][PASSED] - setText: Text 'BB' is set on object 'Object Repository/Backoffice/match_mgmt/wala_details/input_wala_name'

2018-11-26 19:05:07 - [MESSAGE][PASSED] - Text 'BB' is set on object 'Object Repository/Backoffice/match_mgmt/wala_details/input_wala_name'

2018-11-26 19:05:07 - [TEST_STEP][PASSED] - setText: Text 'Farm 2' is set on object 'Object Repository/Backoffice/match_mgmt/wala_details/input_wala_farm'

2018-11-26 19:05:08 - [MESSAGE][PASSED] - Text 'Farm 2' is set on object 'Object Repository/Backoffice/match_mgmt/wala_details/input_wala_farm'

2018-11-26 19:05:08 - [TEST_STEP][PASSED] - setText: Text 'Breed 2' is set on object 'Object Repository/Backoffice/match_mgmt/wala_details/input_wala_breed'

2018-11-26 19:05:08 - [MESSAGE][PASSED] - Text 'Breed 2' is set on object 'Object Repository/Backoffice/match_mgmt/wala_details/input_wala_breed'

2018-11-26 19:05:08 - [TEST_STEP][PASSED] - setText: Text 'Weight 2' is set on object 'Object Repository/Backoffice/match_mgmt/wala_details/input_wala_weight'

2018-11-26 19:05:08 - [MESSAGE][PASSED] - Text 'Weight 2' is set on object 'Object Repository/Backoffice/match_mgmt/wala_details/input_wala_weight'

2018-11-26 19:05:08 - [TEST_STEP][PASSED] - click: Object: 'Object Repository/Backoffice/match_mgmt/input_submit_match' is clicked on

2018-11-26 19:05:09 - [MESSAGE][PASSED] - Object: 'Object Repository/Backoffice/match_mgmt/input_submit_match' is clicked on

2018-11-26 19:05:09 - [TEST_STEP][PASSED] - delay: Delayed 1 second(s)

2018-11-26 19:05:10 - [MESSAGE][PASSED] - Delayed 1 second(s)

2018-11-26 19:05:10 - [TEST_STEP][PASSED] - click: Object: 'Object Repository/Backoffice/match_mgmt/button_create_match' is clicked on

2018-11-26 19:05:10 - [MESSAGE][PASSED] - Object: 'Object Repository/Backoffice/match_mgmt/button_create_match' is clicked on

2018-11-26 19:05:10 - [TEST_STEP][PASSED] - delay: Delayed 1 second(s)

2018-11-26 19:05:11 - [MESSAGE][PASSED] - Delayed 1 second(s)

2018-11-26 19:05:11 - [TEST_STEP][PASSED] - click: Object: 'Object Repository/Backoffice/match_mgmt/span_select_arena_name' is clicked on

2018-11-26 19:05:11 - [MESSAGE][PASSED] - Object: 'Object Repository/Backoffice/match_mgmt/span_select_arena_name' is clicked on

2018-11-26 19:05:11 - [TEST_STEP][PASSED] - setText: Text 'PASIG SQUARE GARDEN - PSG' is set on object 'Object Repository/Backoffice/match_mgmt/input__select2-search__arena_name'

2018-11-26 19:05:12 - [MESSAGE][PASSED] - Text 'PASIG SQUARE GARDEN - PSG' is set on object 'Object Repository/Backoffice/match_mgmt/input__select2-search__arena_name'

2018-11-26 19:05:12 - [TEST_STEP][PASSED] - sendKeys: Keys 'ENTER + ' sent to object: 'Object Repository/Backoffice/match_mgmt/input__select2-search__arena_name'

2018-11-26 19:05:12 - [MESSAGE][PASSED] - Keys 'ENTER + ' sent to object: 'Object Repository/Backoffice/match_mgmt/input__select2-search__arena_name'

2018-11-26 19:05:12 - [TEST_STEP][PASSED] - setText: Text 'AA' is set on object 'Object Repository/Backoffice/match_mgmt/meron_details/input_meron_name'

2018-11-26 19:05:12 - [MESSAGE][PASSED] - Text 'AA' is set on object 'Object Repository/Backoffice/match_mgmt/meron_details/input_meron_name'

2018-11-26 19:05:12 - [TEST_STEP][PASSED] - setText: Text 'Farm 1' is set on object 'Object Repository/Backoffice/match_mgmt/meron_details/input_meron_farm'

2018-11-26 19:05:12 - [MESSAGE][PASSED] - Text 'Farm 1' is set on object 'Object Repository/Backoffice/match_mgmt/meron_details/input_meron_farm'

2018-11-26 19:05:12 - [TEST_STEP][PASSED] - setText: Text 'Breed 1' is set on object 'Object Repository/Backoffice/match_mgmt/meron_details/input_meron_breed'

2018-11-26 19:05:12 - [MESSAGE][PASSED] - Text 'Breed 1' is set on object 'Object Repository/Backoffice/match_mgmt/meron_details/input_meron_breed'

2018-11-26 19:05:12 - [TEST_STEP][PASSED] - setText: Text 'Weight 1' is set on object 'Object Repository/Backoffice/match_mgmt/meron_details/input_meron_weight'

2018-11-26 19:05:12 - [MESSAGE][PASSED] - Text 'Weight 1' is set on object 'Object Repository/Backoffice/match_mgmt/meron_details/input_meron_weight'

2018-11-26 19:05:12 - [TEST_STEP][PASSED] - setText: Text 'BB' is set on object 'Object Repository/Backoffice/match_mgmt/wala_details/input_wala_name'

2018-11-26 19:05:12 - [MESSAGE][PASSED] - Text 'BB' is set on object 'Object Repository/Backoffice/match_mgmt/wala_details/input_wala_name'

2018-11-26 19:05:12 - [TEST_STEP][PASSED] - setText: Text 'Farm 2' is set on object 'Object Repository/Backoffice/match_mgmt/wala_details/input_wala_farm'

2018-11-26 19:05:12 - [MESSAGE][PASSED] - Text 'Farm 2' is set on object 'Object Repository/Backoffice/match_mgmt/wala_details/input_wala_farm'

2018-11-26 19:05:12 - [TEST_STEP][PASSED] - setText: Text 'Breed 2' is set on object 'Object Repository/Backoffice/match_mgmt/wala_details/input_wala_breed'

2018-11-26 19:05:12 - [MESSAGE][PASSED] - Text 'Breed 2' is set on object 'Object Repository/Backoffice/match_mgmt/wala_details/input_wala_breed'

2018-11-26 19:05:12 - [TEST_STEP][PASSED] - setText: Text 'Weight 2' is set on object 'Object Repository/Backoffice/match_mgmt/wala_details/input_wala_weight'

2018-11-26 19:05:13 - [MESSAGE][PASSED] - Text 'Weight 2' is set on object 'Object Repository/Backoffice/match_mgmt/wala_details/input_wala_weight'

2018-11-26 19:05:13 - [TEST_STEP][PASSED] - click: Object: 'Object Repository/Backoffice/match_mgmt/input_submit_match' is clicked on

2018-11-26 19:05:14 - [MESSAGE][PASSED] - Object: 'Object Repository/Backoffice/match_mgmt/input_submit_match' is clicked on

2018-11-26 19:05:14 - [TEST_STEP][PASSED] - delay: Delayed 1 second(s)

2018-11-26 19:05:15 - [MESSAGE][PASSED] - Delayed 1 second(s)

2018-11-26 19:05:15 - [TEST_STEP][PASSED] - click: Object: 'Object Repository/Backoffice/match_mgmt/button_create_match' is clicked on

2018-11-26 19:05:15 - [MESSAGE][PASSED] - Object: 'Object Repository/Backoffice/match_mgmt/button_create_match' is clicked on

2018-11-26 19:05:15 - [TEST_STEP][PASSED] - delay: Delayed 1 second(s)

2018-11-26 19:05:16 - [MESSAGE][PASSED] - Delayed 1 second(s)

2018-11-26 19:05:16 - [TEST_STEP][PASSED] - click: Object: 'Object Repository/Backoffice/match_mgmt/span_select_arena_name' is clicked on

2018-11-26 19:05:16 - [MESSAGE][PASSED] - Object: 'Object Repository/Backoffice/match_mgmt/span_select_arena_name' is clicked on

2018-11-26 19:05:16 - [TEST_STEP][PASSED] - setText: Text 'PASIG SQUARE GARDEN - PSG' is set on object 'Object Repository/Backoffice/match_mgmt/input__select2-search__arena_name'

2018-11-26 19:05:16 - [MESSAGE][PASSED] - Text 'PASIG SQUARE GARDEN - PSG' is set on object 'Object Repository/Backoffice/match_mgmt/input__select2-search__arena_name'

2018-11-26 19:05:16 - [TEST_STEP][PASSED] - sendKeys: Keys 'ENTER + ' sent to object: 'Object Repository/Backoffice/match_mgmt/input__select2-search__arena_name'

2018-11-26 19:05:16 - [MESSAGE][PASSED] - Keys 'ENTER + ' sent to object: 'Object Repository/Backoffice/match_mgmt/input__select2-search__arena_name'

2018-11-26 19:05:16 - [TEST_STEP][PASSED] - setText: Text 'AA' is set on object 'Object Repository/Backoffice/match_mgmt/meron_details/input_meron_name'

2018-11-26 19:05:17 - [MESSAGE][PASSED] - Text 'AA' is set on object 'Object Repository/Backoffice/match_mgmt/meron_details/input_meron_name'

2018-11-26 19:05:17 - [TEST_STEP][PASSED] - setText: Text 'Farm 1' is set on object 'Object Repository/Backoffice/match_mgmt/meron_details/input_meron_farm'

2018-11-26 19:05:17 - [MESSAGE][PASSED] - Text 'Farm 1' is set on object 'Object Repository/Backoffice/match_mgmt/meron_details/input_meron_farm'

2018-11-26 19:05:17 - [TEST_STEP][PASSED] - setText: Text 'Breed 1' is set on object 'Object Repository/Backoffice/match_mgmt/meron_details/input_meron_breed'

2018-11-26 19:05:17 - [MESSAGE][PASSED] - Text 'Breed 1' is set on object 'Object Repository/Backoffice/match_mgmt/meron_details/input_meron_breed'

2018-11-26 19:05:17 - [TEST_STEP][PASSED] - setText: Text 'Weight 1' is set on object 'Object Repository/Backoffice/match_mgmt/meron_details/input_meron_weight'

2018-11-26 19:05:17 - [MESSAGE][PASSED] - Text 'Weight 1' is set on object 'Object Repository/Backoffice/match_mgmt/meron_details/input_meron_weight'

2018-11-26 19:05:17 - [TEST_STEP][PASSED] - setText: Text 'BB' is set on object 'Object Repository/Backoffice/match_mgmt/wala_details/input_wala_name'

2018-11-26 19:05:17 - [MESSAGE][PASSED] - Text 'BB' is set on object 'Object Repository/Backoffice/match_mgmt/wala_details/input_wala_name'

2018-11-26 19:05:17 - [TEST_STEP][PASSED] - setText: Text 'Farm 2' is set on object 'Object Repository/Backoffice/match_mgmt/wala_details/input_wala_farm'

2018-11-26 19:05:17 - [MESSAGE][PASSED] - Text 'Farm 2' is set on object 'Object Repository/Backoffice/match_mgmt/wala_details/input_wala_farm'

2018-11-26 19:05:17 - [TEST_STEP][PASSED] - setText: Text 'Breed 2' is set on object 'Object Repository/Backoffice/match_mgmt/wala_details/input_wala_breed'

2018-11-26 19:05:17 - [MESSAGE][PASSED] - Text 'Breed 2' is set on object 'Object Repository/Backoffice/match_mgmt/wala_details/input_wala_breed'

2018-11-26 19:05:17 - [TEST_STEP][PASSED] - setText: Text 'Weight 2' is set on object 'Object Repository/Backoffice/match_mgmt/wala_details/input_wala_weight'

2018-11-26 19:05:17 - [MESSAGE][PASSED] - Text 'Weight 2' is set on object 'Object Repository/Backoffice/match_mgmt/wala_details/input_wala_weight'

2018-11-26 19:05:17 - [TEST_STEP][PASSED] - click: Object: 'Object Repository/Backoffice/match_mgmt/input_submit_match' is clicked on

2018-11-26 19:05:19 - [MESSAGE][PASSED] - Object: 'Object Repository/Backoffice/match_mgmt/input_submit_match' is clicked on

2018-11-26 19:05:19 - [TEST_STEP][PASSED] - delay: Delayed 1 second(s)

2018-11-26 19:05:20 - [MESSAGE][PASSED] - Delayed 1 second(s)

2018-11-26 19:05:20 - [TEST_STEP][PASSED] - click: Object: 'Object Repository/Backoffice/match_mgmt/button_create_match' is clicked on

2018-11-26 19:05:20 - [MESSAGE][PASSED] - Object: 'Object Repository/Backoffice/match_mgmt/button_create_match' is clicked on

2018-11-26 19:05:20 - [TEST_STEP][PASSED] - delay: Delayed 1 second(s)

2018-11-26 19:05:21 - [MESSAGE][PASSED] - Delayed 1 second(s)

2018-11-26 19:05:21 - [TEST_STEP][PASSED] - click: Object: 'Object Repository/Backoffice/match_mgmt/span_select_arena_name' is clicked on

2018-11-26 19:05:21 - [MESSAGE][PASSED] - Object: 'Object Repository/Backoffice/match_mgmt/span_select_arena_name' is clicked on

2018-11-26 19:05:21 - [TEST_STEP][PASSED] - setText: Text 'PASIG SQUARE GARDEN - PSG' is set on object 'Object Repository/Backoffice/match_mgmt/input__select2-search__arena_name'

2018-11-26 19:05:21 - [MESSAGE][PASSED] - Text 'PASIG SQUARE GARDEN - PSG' is set on object 'Object Repository/Backoffice/match_mgmt/input__select2-search__arena_name'

2018-11-26 19:05:21 - [TEST_STEP][PASSED] - sendKeys: Keys 'ENTER + ' sent to object: 'Object Repository/Backoffice/match_mgmt/input__select2-search__arena_name'

2018-11-26 19:05:21 - [MESSAGE][PASSED] - Keys 'ENTER + ' sent to object: 'Object Repository/Backoffice/match_mgmt/input__select2-search__arena_name'

2018-11-26 19:05:21 - [TEST_STEP][PASSED] - setText: Text 'AA' is set on object 'Object Repository/Backoffice/match_mgmt/meron_details/input_meron_name'

2018-11-26 19:05:21 - [MESSAGE][PASSED] - Text 'AA' is set on object 'Object Repository/Backoffice/match_mgmt/meron_details/input_meron_name'

2018-11-26 19:05:21 - [TEST_STEP][PASSED] - setText: Text 'Farm 1' is set on object 'Object Repository/Backoffice/match_mgmt/meron_details/input_meron_farm'

2018-11-26 19:05:21 - [MESSAGE][PASSED] - Text 'Farm 1' is set on object 'Object Repository/Backoffice/match_mgmt/meron_details/input_meron_farm'

2018-11-26 19:05:21 - [TEST_STEP][PASSED] - setText: Text 'Breed 1' is set on object 'Object Repository/Backoffice/match_mgmt/meron_details/input_meron_breed'

2018-11-26 19:05:22 - [MESSAGE][PASSED] - Text 'Breed 1' is set on object 'Object Repository/Backoffice/match_mgmt/meron_details/input_meron_breed'

2018-11-26 19:05:22 - [TEST_STEP][PASSED] - setText: Text 'Weight 1' is set on object 'Object Repository/Backoffice/match_mgmt/meron_details/input_meron_weight'

2018-11-26 19:05:22 - [MESSAGE][PASSED] - Text 'Weight 1' is set on object 'Object Repository/Backoffice/match_mgmt/meron_details/input_meron_weight'

2018-11-26 19:05:22 - [TEST_STEP][PASSED] - setText: Text 'BB' is set on object 'Object Repository/Backoffice/match_mgmt/wala_details/input_wala_name'

2018-11-26 19:05:22 - [MESSAGE][PASSED] - Text 'BB' is set on object 'Object Repository/Backoffice/match_mgmt/wala_details/input_wala_name'

2018-11-26 19:05:22 - [TEST_STEP][PASSED] - setText: Text 'Farm 2' is set on object 'Object Repository/Backoffice/match_mgmt/wala_details/input_wala_farm'

2018-11-26 19:05:22 - [MESSAGE][PASSED] - Text 'Farm 2' is set on object 'Object Repository/Backoffice/match_mgmt/wala_details/input_wala_farm'

2018-11-26 19:05:22 - [TEST_STEP][PASSED] - setText: Text 'Breed 2' is set on object 'Object Repository/Backoffice/match_mgmt/wala_details/input_wala_breed'

2018-11-26 19:05:22 - [MESSAGE][PASSED] - Text 'Breed 2' is set on object 'Object Repository/Backoffice/match_mgmt/wala_details/input_wala_breed'

2018-11-26 19:05:22 - [TEST_STEP][PASSED] - setText: Text 'Weight 2' is set on object 'Object Repository/Backoffice/match_mgmt/wala_details/input_wala_weight'

2018-11-26 19:05:22 - [MESSAGE][PASSED] - Text 'Weight 2' is set on object 'Object Repository/Backoffice/match_mgmt/wala_details/input_wala_weight'

2018-11-26 19:05:22 - [TEST_STEP][PASSED] - click: Object: 'Object Repository/Backoffice/match_mgmt/input_submit_match' is clicked on

2018-11-26 19:05:23 - [MESSAGE][PASSED] - Object: 'Object Repository/Backoffice/match_mgmt/input_submit_match' is clicked on

2018-11-26 19:05:23 - [TEST_STEP][PASSED] - delay: Delayed 1 second(s)

2018-11-26 19:05:24 - [MESSAGE][PASSED] - Delayed 1 second(s)

2018-11-26 19:05:24 - [TEST_STEP][PASSED] - click: Object: 'Object Repository/Backoffice/match_mgmt/button_create_match' is clicked on

2018-11-26 19:05:25 - [MESSAGE][PASSED] - Object: 'Object Repository/Backoffice/match_mgmt/button_create_match' is clicked on

2018-11-26 19:05:25 - [TEST_STEP][PASSED] - delay: Delayed 1 second(s)

2018-11-26 19:05:26 - [MESSAGE][PASSED] - Delayed 1 second(s)

2018-11-26 19:05:26 - [TEST_STEP][PASSED] - click: Object: 'Object Repository/Backoffice/match_mgmt/span_select_arena_name' is clicked on

2018-11-26 19:05:26 - [MESSAGE][PASSED] - Object: 'Object Repository/Backoffice/match_mgmt/span_select_arena_name' is clicked on

2018-11-26 19:05:26 - [TEST_STEP][PASSED] - setText: Text 'PASIG SQUARE GARDEN - PSG' is set on object 'Object Repository/Backoffice/match_mgmt/input__select2-search__arena_name'

2018-11-26 19:05:26 - [MESSAGE][PASSED] - Text 'PASIG SQUARE GARDEN - PSG' is set on object 'Object Repository/Backoffice/match_mgmt/input__select2-search__arena_name'

2018-11-26 19:05:26 - [TEST_STEP][PASSED] - sendKeys: Keys 'ENTER + ' sent to object: 'Object Repository/Backoffice/match_mgmt/input__select2-search__arena_name'

2018-11-26 19:05:26 - [MESSAGE][PASSED] - Keys 'ENTER + ' sent to object: 'Object Repository/Backoffice/match_mgmt/input__select2-search__arena_name'

2018-11-26 19:05:26 - [TEST_STEP][PASSED] - setText: Text 'AA' is set on object 'Object Repository/Backoffice/match_mgmt/meron_details/input_meron_name'

2018-11-26 19:05:26 - [MESSAGE][PASSED] - Text 'AA' is set on object 'Object Repository/Backoffice/match_mgmt/meron_details/input_meron_name'

2018-11-26 19:05:26 - [TEST_STEP][PASSED] - setText: Text 'Farm 1' is set on object 'Object Repository/Backoffice/match_mgmt/meron_details/input_meron_farm'

2018-11-26 19:05:26 - [MESSAGE][PASSED] - Text 'Farm 1' is set on object 'Object Repository/Backoffice/match_mgmt/meron_details/input_meron_farm'

2018-11-26 19:05:26 - [TEST_STEP][PASSED] - setText: Text 'Breed 1' is set on object 'Object Repository/Backoffice/match_mgmt/meron_details/input_meron_breed'

2018-11-26 19:05:26 - [MESSAGE][PASSED] - Text 'Breed 1' is set on object 'Object Repository/Backoffice/match_mgmt/meron_details/input_meron_breed'

2018-11-26 19:05:26 - [TEST_STEP][PASSED] - setText: Text 'Weight 1' is set on object 'Object Repository/Backoffice/match_mgmt/meron_details/input_meron_weight'

2018-11-26 19:05:27 - [MESSAGE][PASSED] - Text 'Weight 1' is set on object 'Object Repository/Backoffice/match_mgmt/meron_details/input_meron_weight'

2018-11-26 19:05:27 - [TEST_STEP][PASSED] - setText: Text 'BB' is set on object 'Object Repository/Backoffice/match_mgmt/wala_details/input_wala_name'

2018-11-26 19:05:27 - [MESSAGE][PASSED] - Text 'BB' is set on object 'Object Repository/Backoffice/match_mgmt/wala_details/input_wala_name'

2018-11-26 19:05:27 - [TEST_STEP][PASSED] - setText: Text 'Farm 2' is set on object 'Object Repository/Backoffice/match_mgmt/wala_details/input_wala_farm'

2018-11-26 19:05:27 - [MESSAGE][PASSED] - Text 'Farm 2' is set on object 'Object Repository/Backoffice/match_mgmt/wala_details/input_wala_farm'

2018-11-26 19:05:27 - [TEST_STEP][PASSED] - setText: Text 'Breed 2' is set on object 'Object Repository/Backoffice/match_mgmt/wala_details/input_wala_breed'

2018-11-26 19:05:27 - [MESSAGE][PASSED] - Text 'Breed 2' is set on object 'Object Repository/Backoffice/match_mgmt/wala_details/input_wala_breed'

2018-11-26 19:05:27 - [TEST_STEP][PASSED] - setText: Text 'Weight 2' is set on object 'Object Repository/Backoffice/match_mgmt/wala_details/input_wala_weight'

2018-11-26 19:05:27 - [MESSAGE][PASSED] - Text 'Weight 2' is set on object 'Object Repository/Backoffice/match_mgmt/wala_details/input_wala_weight'

2018-11-26 19:05:27 - [TEST_STEP][PASSED] - click: Object: 'Object Repository/Backoffice/match_mgmt/input_submit_match' is clicked on

2018-11-26 19:05:28 - [MESSAGE][PASSED] - Object: 'Object Repository/Backoffice/match_mgmt/input_submit_match' is clicked on

2018-11-26 19:05:28 - [TEST_STEP][PASSED] - delay: Delayed 1 second(s)

2018-11-26 19:05:29 - [MESSAGE][PASSED] - Delayed 1 second(s)

2018-11-26 19:05:29 - [TEST_STEP][PASSED] - click: Object: 'Object Repository/Backoffice/match_mgmt/button_create_match' is clicked on

2018-11-26 19:05:29 - [MESSAGE][PASSED] - Object: 'Object Repository/Backoffice/match_mgmt/button_create_match' is clicked on

2018-11-26 19:05:29 - [TEST_STEP][PASSED] - delay: Delayed 1 second(s)

2018-11-26 19:05:30 - [MESSAGE][PASSED] - Delayed 1 second(s)

2018-11-26 19:05:30 - [TEST_STEP][PASSED] - click: Object: 'Object Repository/Backoffice/match_mgmt/span_select_arena_name' is clicked on

2018-11-26 19:05:30 - [MESSAGE][PASSED] - Object: 'Object Repository/Backoffice/match_mgmt/span_select_arena_name' is clicked on

2018-11-26 19:05:30 - [TEST_STEP][PASSED] - setText: Text 'PASIG SQUARE GARDEN - PSG' is set on object 'Object Repository/Backoffice/match_mgmt/input__select2-search__arena_name'

2018-11-26 19:05:31 - [MESSAGE][PASSED] - Text 'PASIG SQUARE GARDEN - PSG' is set on object 'Object Repository/Backoffice/match_mgmt/input__select2-search__arena_name'

2018-11-26 19:05:31 - [TEST_STEP][PASSED] - sendKeys: Keys 'ENTER + ' sent to object: 'Object Repository/Backoffice/match_mgmt/input__select2-search__arena_name'

2018-11-26 19:05:31 - [MESSAGE][PASSED] - Keys 'ENTER + ' sent to object: 'Object Repository/Backoffice/match_mgmt/input__select2-search__arena_name'

2018-11-26 19:05:31 - [TEST_STEP][PASSED] - setText: Text 'AA' is set on object 'Object Repository/Backoffice/match_mgmt/meron_details/input_meron_name'

2018-11-26 19:05:31 - [MESSAGE][PASSED] - Text 'AA' is set on object 'Object Repository/Backoffice/match_mgmt/meron_details/input_meron_name'

2018-11-26 19:05:31 - [TEST_STEP][PASSED] - setText: Text 'Farm 1' is set on object 'Object Repository/Backoffice/match_mgmt/meron_details/input_meron_farm'

2018-11-26 19:05:31 - [MESSAGE][PASSED] - Text 'Farm 1' is set on object 'Object Repository/Backoffice/match_mgmt/meron_details/input_meron_farm'

2018-11-26 19:05:31 - [TEST_STEP][PASSED] - setText: Text 'Breed 1' is set on object 'Object Repository/Backoffice/match_mgmt/meron_details/input_meron_breed'

2018-11-26 19:05:31 - [MESSAGE][PASSED] - Text 'Breed 1' is set on object 'Object Repository/Backoffice/match_mgmt/meron_details/input_meron_breed'

2018-11-26 19:05:31 - [TEST_STEP][PASSED] - setText: Text 'Weight 1' is set on object 'Object Repository/Backoffice/match_mgmt/meron_details/input_meron_weight'

2018-11-26 19:05:31 - [MESSAGE][PASSED] - Text 'Weight 1' is set on object 'Object Repository/Backoffice/match_mgmt/meron_details/input_meron_weight'

2018-11-26 19:05:31 - [TEST_STEP][PASSED] - setText: Text 'BB' is set on object 'Object Repository/Backoffice/match_mgmt/wala_details/input_wala_name'

2018-11-26 19:05:31 - [MESSAGE][PASSED] - Text 'BB' is set on object 'Object Repository/Backoffice/match_mgmt/wala_details/input_wala_name'

2018-11-26 19:05:31 - [TEST_STEP][PASSED] - setText: Text 'Farm 2' is set on object 'Object Repository/Backoffice/match_mgmt/wala_details/input_wala_farm'

2018-11-26 19:05:32 - [MESSAGE][PASSED] - Text 'Farm 2' is set on object 'Object Repository/Backoffice/match_mgmt/wala_details/input_wala_farm'

2018-11-26 19:05:32 - [TEST_STEP][PASSED] - setText: Text 'Breed 2' is set on object 'Object Repository/Backoffice/match_mgmt/wala_details/input_wala_breed'

2018-11-26 19:05:32 - [MESSAGE][PASSED] - Text 'Breed 2' is set on object 'Object Repository/Backoffice/match_mgmt/wala_details/input_wala_breed'

2018-11-26 19:05:32 - [TEST_STEP][PASSED] - setText: Text 'Weight 2' is set on object 'Object Repository/Backoffice/match_mgmt/wala_details/input_wala_weight'

2018-11-26 19:05:32 - [MESSAGE][PASSED] - Text 'Weight 2' is set on object 'Object Repository/Backoffice/match_mgmt/wala_details/input_wala_weight'

2018-11-26 19:05:32 - [TEST_STEP][PASSED] - click: Object: 'Object Repository/Backoffice/match_mgmt/input_submit_match' is clicked on

2018-11-26 19:05:33 - [MESSAGE][PASSED] - Object: 'Object Repository/Backoffice/match_mgmt/input_submit_match' is clicked on

2018-11-26 19:05:33 - [TEST_STEP][PASSED] - delay: Delayed 1 second(s)

2018-11-26 19:05:34 - [MESSAGE][PASSED] - Delayed 1 second(s)

2018-11-26 19:05:34 - [TEST_STEP][PASSED] - click: Object: 'Object Repository/Backoffice/match_mgmt/button_create_match' is clicked on

2018-11-26 19:05:34 - [MESSAGE][PASSED] - Object: 'Object Repository/Backoffice/match_mgmt/button_create_match' is clicked on

2018-11-26 19:05:34 - [TEST_STEP][PASSED] - delay: Delayed 1 second(s)

2018-11-26 19:05:35 - [MESSAGE][PASSED] - Delayed 1 second(s)

2018-11-26 19:05:35 - [TEST_STEP][PASSED] - click: Object: 'Object Repository/Backoffice/match_mgmt/span_select_arena_name' is clicked on

2018-11-26 19:05:35 - [MESSAGE][PASSED] - Object: 'Object Repository/Backoffice/match_mgmt/span_select_arena_name' is clicked on

2018-11-26 19:05:35 - [TEST_STEP][PASSED] - setText: Text 'PASIG SQUARE GARDEN - PSG' is set on object 'Object Repository/Backoffice/match_mgmt/input__select2-search__arena_name'

2018-11-26 19:05:36 - [MESSAGE][PASSED] - Text 'PASIG SQUARE GARDEN - PSG' is set on object 'Object Repository/Backoffice/match_mgmt/input__select2-search__arena_name'

2018-11-26 19:05:36 - [TEST_STEP][PASSED] - sendKeys: Keys 'ENTER + ' sent to object: 'Object Repository/Backoffice/match_mgmt/input__select2-search__arena_name'

2018-11-26 19:05:36 - [MESSAGE][PASSED] - Keys 'ENTER + ' sent to object: 'Object Repository/Backoffice/match_mgmt/input__select2-search__arena_name'

2018-11-26 19:05:36 - [TEST_STEP][PASSED] - setText: Text 'AA' is set on object 'Object Repository/Backoffice/match_mgmt/meron_details/input_meron_name'

2018-11-26 19:05:36 - [MESSAGE][PASSED] - Text 'AA' is set on object 'Object Repository/Backoffice/match_mgmt/meron_details/input_meron_name'

2018-11-26 19:05:36 - [TEST_STEP][PASSED] - setText: Text 'Farm 1' is set on object 'Object Repository/Backoffice/match_mgmt/meron_details/input_meron_farm'

2018-11-26 19:05:36 - [MESSAGE][PASSED] - Text 'Farm 1' is set on object 'Object Repository/Backoffice/match_mgmt/meron_details/input_meron_farm'

2018-11-26 19:05:36 - [TEST_STEP][PASSED] - setText: Text 'Breed 1' is set on object 'Object Repository/Backoffice/match_mgmt/meron_details/input_meron_breed'

2018-11-26 19:05:36 - [MESSAGE][PASSED] - Text 'Breed 1' is set on object 'Object Repository/Backoffice/match_mgmt/meron_details/input_meron_breed'

2018-11-26 19:05:36 - [TEST_STEP][PASSED] - setText: Text 'Weight 1' is set on object 'Object Repository/Backoffice/match_mgmt/meron_details/input_meron_weight'

2018-11-26 19:05:36 - [MESSAGE][PASSED] - Text 'Weight 1' is set on object 'Object Repository/Backoffice/match_mgmt/meron_details/input_meron_weight'

2018-11-26 19:05:36 - [TEST_STEP][PASSED] - setText: Text 'BB' is set on object 'Object Repository/Backoffice/match_mgmt/wala_details/input_wala_name'

2018-11-26 19:05:36 - [MESSAGE][PASSED] - Text 'BB' is set on object 'Object Repository/Backoffice/match_mgmt/wala_details/input_wala_name'

2018-11-26 19:05:36 - [TEST_STEP][PASSED] - setText: Text 'Farm 2' is set on object 'Object Repository/Backoffice/match_mgmt/wala_details/input_wala_farm'

2018-11-26 19:05:36 - [MESSAGE][PASSED] - Text 'Farm 2' is set on object 'Object Repository/Backoffice/match_mgmt/wala_details/input_wala_farm'

2018-11-26 19:05:36 - [TEST_STEP][PASSED] - setText: Text 'Breed 2' is set on object 'Object Repository/Backoffice/match_mgmt/wala_details/input_wala_breed'

2018-11-26 19:05:36 - [MESSAGE][PASSED] - Text 'Breed 2' is set on object 'Object Repository/Backoffice/match_mgmt/wala_details/input_wala_breed'

2018-11-26 19:05:36 - [TEST_STEP][PASSED] - setText: Text 'Weight 2' is set on object 'Object Repository/Backoffice/match_mgmt/wala_details/input_wala_weight'

2018-11-26 19:05:37 - [MESSAGE][PASSED] - Text 'Weight 2' is set on object 'Object Repository/Backoffice/match_mgmt/wala_details/input_wala_weight'

2018-11-26 19:05:37 - [TEST_STEP][PASSED] - click: Object: 'Object Repository/Backoffice/match_mgmt/input_submit_match' is clicked on

2018-11-26 19:05:38 - [MESSAGE][PASSED] - Object: 'Object Repository/Backoffice/match_mgmt/input_submit_match' is clicked on

2018-11-26 19:05:38 - [TEST_STEP][PASSED] - delay: Delayed 1 second(s)

2018-11-26 19:05:39 - [MESSAGE][PASSED] - Delayed 1 second(s)

2018-11-26 19:05:39 - [TEST_STEP][PASSED] - click: Object: 'Object Repository/Backoffice/match_mgmt/button_create_match' is clicked on

2018-11-26 19:05:39 - [MESSAGE][PASSED] - Object: 'Object Repository/Backoffice/match_mgmt/button_create_match' is clicked on

2018-11-26 19:05:39 - [TEST_STEP][PASSED] - delay: Delayed 1 second(s)

2018-11-26 19:05:40 - [MESSAGE][PASSED] - Delayed 1 second(s)

2018-11-26 19:05:40 - [TEST_STEP][PASSED] - click: Object: 'Object Repository/Backoffice/match_mgmt/span_select_arena_name' is clicked on

2018-11-26 19:05:40 - [MESSAGE][PASSED] - Object: 'Object Repository/Backoffice/match_mgmt/span_select_arena_name' is clicked on

2018-11-26 19:05:40 - [TEST_STEP][PASSED] - setText: Text 'PASIG SQUARE GARDEN - PSG' is set on object 'Object Repository/Backoffice/match_mgmt/input__select2-search__arena_name'

2018-11-26 19:05:40 - [MESSAGE][PASSED] - Text 'PASIG SQUARE GARDEN - PSG' is set on object 'Object Repository/Backoffice/match_mgmt/input__select2-search__arena_name'

2018-11-26 19:05:40 - [TEST_STEP][PASSED] - sendKeys: Keys 'ENTER + ' sent to object: 'Object Repository/Backoffice/match_mgmt/input__select2-search__arena_name'

2018-11-26 19:05:40 - [MESSAGE][PASSED] - Keys 'ENTER + ' sent to object: 'Object Repository/Backoffice/match_mgmt/input__select2-search__arena_name'

2018-11-26 19:05:40 - [TEST_STEP][PASSED] - setText: Text 'AA' is set on object 'Object Repository/Backoffice/match_mgmt/meron_details/input_meron_name'

2018-11-26 19:05:41 - [MESSAGE][PASSED] - Text 'AA' is set on object 'Object Repository/Backoffice/match_mgmt/meron_details/input_meron_name'

2018-11-26 19:05:41 - [TEST_STEP][PASSED] - setText: Text 'Farm 1' is set on object 'Object Repository/Backoffice/match_mgmt/meron_details/input_meron_farm'

2018-11-26 19:05:41 - [MESSAGE][PASSED] - Text 'Farm 1' is set on object 'Object Repository/Backoffice/match_mgmt/meron_details/input_meron_farm'

2018-11-26 19:05:41 - [TEST_STEP][PASSED] - setText: Text 'Breed 1' is set on object 'Object Repository/Backoffice/match_mgmt/meron_details/input_meron_breed'

2018-11-26 19:05:41 - [MESSAGE][PASSED] - Text 'Breed 1' is set on object 'Object Repository/Backoffice/match_mgmt/meron_details/input_meron_breed'

2018-11-26 19:05:41 - [TEST_STEP][PASSED] - setText: Text 'Weight 1' is set on object 'Object Repository/Backoffice/match_mgmt/meron_details/input_meron_weight'

2018-11-26 19:05:41 - [MESSAGE][PASSED] - Text 'Weight 1' is set on object 'Object Repository/Backoffice/match_mgmt/meron_details/input_meron_weight'

2018-11-26 19:05:41 - [TEST_STEP][PASSED] - setText: Text 'BB' is set on object 'Object Repository/Backoffice/match_mgmt/wala_details/input_wala_name'

2018-11-26 19:05:41 - [MESSAGE][PASSED] - Text 'BB' is set on object 'Object Repository/Backoffice/match_mgmt/wala_details/input_wala_name'

2018-11-26 19:05:41 - [TEST_STEP][PASSED] - setText: Text 'Farm 2' is set on object 'Object Repository/Backoffice/match_mgmt/wala_details/input_wala_farm'

2018-11-26 19:05:41 - [MESSAGE][PASSED] - Text 'Farm 2' is set on object 'Object Repository/Backoffice/match_mgmt/wala_details/input_wala_farm'

2018-11-26 19:05:41 - [TEST_STEP][PASSED] - setText: Text 'Breed 2' is set on object 'Object Repository/Backoffice/match_mgmt/wala_details/input_wala_breed'

2018-11-26 19:05:41 - [MESSAGE][PASSED] - Text 'Breed 2' is set on object 'Object Repository/Backoffice/match_mgmt/wala_details/input_wala_breed'

2018-11-26 19:05:41 - [TEST_STEP][PASSED] - setText: Text 'Weight 2' is set on object 'Object Repository/Backoffice/match_mgmt/wala_details/input_wala_weight'

2018-11-26 19:05:41 - [MESSAGE][PASSED] - Text 'Weight 2' is set on object 'Object Repository/Backoffice/match_mgmt/wala_details/input_wala_weight'

2018-11-26 19:05:41 - [TEST_STEP][PASSED] - click: Object: 'Object Repository/Backoffice/match_mgmt/input_submit_match' is clicked on

2018-11-26 19:05:43 - [MESSAGE][PASSED] - Object: 'Object Repository/Backoffice/match_mgmt/input_submit_match' is clicked on

2018-11-26 19:05:43 - [TEST_STEP][PASSED] - delay: Delayed 1 second(s)

2018-11-26 19:05:44 - [MESSAGE][PASSED] - Delayed 1 second(s)

2018-11-26 19:05:44 - [TEST_STEP][PASSED] - click: Object: 'Object Repository/Backoffice/match_mgmt/button_create_match' is clicked on

2018-11-26 19:05:44 - [MESSAGE][PASSED] - Object: 'Object Repository/Backoffice/match_mgmt/button_create_match' is clicked on

2018-11-26 19:05:44 - [TEST_STEP][PASSED] - delay: Delayed 1 second(s)

2018-11-26 19:05:45 - [MESSAGE][PASSED] - Delayed 1 second(s)

2018-11-26 19:05:45 - [TEST_STEP][PASSED] - click: Object: 'Object Repository/Backoffice/match_mgmt/span_select_arena_name' is clicked on

2018-11-26 19:05:45 - [MESSAGE][PASSED] - Object: 'Object Repository/Backoffice/match_mgmt/span_select_arena_name' is clicked on

2018-11-26 19:05:45 - [TEST_STEP][PASSED] - setText: Text 'PASIG SQUARE GARDEN - PSG' is set on object 'Object Repository/Backoffice/match_mgmt/input__select2-search__arena_name'

2018-11-26 19:05:45 - [MESSAGE][PASSED] - Text 'PASIG SQUARE GARDEN - PSG' is set on object 'Object Repository/Backoffice/match_mgmt/input__select2-search__arena_name'

2018-11-26 19:05:45 - [TEST_STEP][PASSED] - sendKeys: Keys 'ENTER + ' sent to object: 'Object Repository/Backoffice/match_mgmt/input__select2-search__arena_name'

2018-11-26 19:05:45 - [MESSAGE][PASSED] - Keys 'ENTER + ' sent to object: 'Object Repository/Backoffice/match_mgmt/input__select2-search__arena_name'

2018-11-26 19:05:45 - [TEST_STEP][PASSED] - setText: Text 'AA' is set on object 'Object Repository/Backoffice/match_mgmt/meron_details/input_meron_name'

2018-11-26 19:05:45 - [MESSAGE][PASSED] - Text 'AA' is set on object 'Object Repository/Backoffice/match_mgmt/meron_details/input_meron_name'

2018-11-26 19:05:45 - [TEST_STEP][PASSED] - setText: Text 'Farm 1' is set on object 'Object Repository/Backoffice/match_mgmt/meron_details/input_meron_farm'

2018-11-26 19:05:45 - [MESSAGE][PASSED] - Text 'Farm 1' is set on object 'Object Repository/Backoffice/match_mgmt/meron_details/input_meron_farm'

2018-11-26 19:05:45 - [TEST_STEP][PASSED] - setText: Text 'Breed 1' is set on object 'Object Repository/Backoffice/match_mgmt/meron_details/input_meron_breed'

2018-11-26 19:05:46 - [MESSAGE][PASSED] - Text 'Breed 1' is set on object 'Object Repository/Backoffice/match_mgmt/meron_details/input_meron_breed'

2018-11-26 19:05:46 - [TEST_STEP][PASSED] - setText: Text 'Weight 1' is set on object 'Object Repository/Backoffice/match_mgmt/meron_details/input_meron_weight'

2018-11-26 19:05:46 - [MESSAGE][PASSED] - Text 'Weight 1' is set on object 'Object Repository/Backoffice/match_mgmt/meron_details/input_meron_weight'

2018-11-26 19:05:46 - [TEST_STEP][PASSED] - setText: Text 'BB' is set on object 'Object Repository/Backoffice/match_mgmt/wala_details/input_wala_name'

2018-11-26 19:05:46 - [MESSAGE][PASSED] - Text 'BB' is set on object 'Object Repository/Backoffice/match_mgmt/wala_details/input_wala_name'

2018-11-26 19:05:46 - [TEST_STEP][PASSED] - setText: Text 'Farm 2' is set on object 'Object Repository/Backoffice/match_mgmt/wala_details/input_wala_farm'

2018-11-26 19:05:46 - [MESSAGE][PASSED] - Text 'Farm 2' is set on object 'Object Repository/Backoffice/match_mgmt/wala_details/input_wala_farm'

2018-11-26 19:05:46 - [TEST_STEP][PASSED] - setText: Text 'Breed 2' is set on object 'Object Repository/Backoffice/match_mgmt/wala_details/input_wala_breed'

2018-11-26 19:05:46 - [MESSAGE][PASSED] - Text 'Breed 2' is set on object 'Object Repository/Backoffice/match_mgmt/wala_details/input_wala_breed'

2018-11-26 19:05:46 - [TEST_STEP][PASSED] - setText: Text 'Weight 2' is set on object 'Object Repository/Backoffice/match_mgmt/wala_details/input_wala_weight'

2018-11-26 19:05:46 - [MESSAGE][PASSED] - Text 'Weight 2' is set on object 'Object Repository/Backoffice/match_mgmt/wala_details/input_wala_weight'

2018-11-26 19:05:46 - [TEST_STEP][PASSED] - click: Object: 'Object Repository/Backoffice/match_mgmt/input_submit_match' is clicked on

2018-11-26 19:05:47 - [MESSAGE][PASSED] - Object: 'Object Repository/Backoffice/match_mgmt/input_submit_match' is clicked on

2018-11-26 19:05:47 - [TEST_STEP][PASSED] - delay: Delayed 1 second(s)

2018-11-26 19:05:48 - [MESSAGE][PASSED] - Delayed 1 second(s)

2018-11-26 19:05:48 - [TEST_STEP][PASSED] - click: Object: 'Object Repository/Backoffice/match_mgmt/button_create_match' is clicked on

2018-11-26 19:05:48 - [MESSAGE][PASSED] - Object: 'Object Repository/Backoffice/match_mgmt/button_create_match' is clicked on

2018-11-26 19:05:48 - [TEST_STEP][PASSED] - delay: Delayed 1 second(s)

2018-11-26 19:05:49 - [MESSAGE][PASSED] - Delayed 1 second(s)

2018-11-26 19:05:49 - [TEST_STEP][PASSED] - click: Object: 'Object Repository/Backoffice/match_mgmt/span_select_arena_name' is clicked on

2018-11-26 19:05:50 - [MESSAGE][PASSED] - Object: 'Object Repository/Backoffice/match_mgmt/span_select_arena_name' is clicked on

2018-11-26 19:05:50 - [TEST_STEP][PASSED] - setText: Text 'PASIG SQUARE GARDEN - PSG' is set on object 'Object Repository/Backoffice/match_mgmt/input__select2-search__arena_name'

2018-11-26 19:05:50 - [MESSAGE][PASSED] - Text 'PASIG SQUARE GARDEN - PSG' is set on object 'Object Repository/Backoffice/match_mgmt/input__select2-search__arena_name'

2018-11-26 19:05:50 - [TEST_STEP][PASSED] - sendKeys: Keys 'ENTER + ' sent to object: 'Object Repository/Backoffice/match_mgmt/input__select2-search__arena_name'

2018-11-26 19:05:50 - [MESSAGE][PASSED] - Keys 'ENTER + ' sent to object: 'Object Repository/Backoffice/match_mgmt/input__select2-search__arena_name'

2018-11-26 19:05:50 - [TEST_STEP][PASSED] - setText: Text 'AA' is set on object 'Object Repository/Backoffice/match_mgmt/meron_details/input_meron_name'

2018-11-26 19:05:50 - [MESSAGE][PASSED] - Text 'AA' is set on object 'Object Repository/Backoffice/match_mgmt/meron_details/input_meron_name'

2018-11-26 19:05:50 - [TEST_STEP][PASSED] - setText: Text 'Farm 1' is set on object 'Object Repository/Backoffice/match_mgmt/meron_details/input_meron_farm'

2018-11-26 19:05:50 - [MESSAGE][PASSED] - Text 'Farm 1' is set on object 'Object Repository/Backoffice/match_mgmt/meron_details/input_meron_farm'

2018-11-26 19:05:50 - [TEST_STEP][PASSED] - setText: Text 'Breed 1' is set on object 'Object Repository/Backoffice/match_mgmt/meron_details/input_meron_breed'

2018-11-26 19:05:50 - [MESSAGE][PASSED] - Text 'Breed 1' is set on object 'Object Repository/Backoffice/match_mgmt/meron_details/input_meron_breed'

2018-11-26 19:05:50 - [TEST_STEP][PASSED] - setText: Text 'Weight 1' is set on object 'Object Repository/Backoffice/match_mgmt/meron_details/input_meron_weight'

2018-11-26 19:05:50 - [MESSAGE][PASSED] - Text 'Weight 1' is set on object 'Object Repository/Backoffice/match_mgmt/meron_details/input_meron_weight'

2018-11-26 19:05:50 - [TEST_STEP][PASSED] - setText: Text 'BB' is set on object 'Object Repository/Backoffice/match_mgmt/wala_details/input_wala_name'

2018-11-26 19:05:51 - [MESSAGE][PASSED] - Text 'BB' is set on object 'Object Repository/Backoffice/match_mgmt/wala_details/input_wala_name'

2018-11-26 19:05:51 - [TEST_STEP][PASSED] - setText: Text 'Farm 2' is set on object 'Object Repository/Backoffice/match_mgmt/wala_details/input_wala_farm'

2018-11-26 19:05:51 - [MESSAGE][PASSED] - Text 'Farm 2' is set on object 'Object Repository/Backoffice/match_mgmt/wala_details/input_wala_farm'

2018-11-26 19:05:51 - [TEST_STEP][PASSED] - setText: Text 'Breed 2' is set on object 'Object Repository/Backoffice/match_mgmt/wala_details/input_wala_breed'

2018-11-26 19:05:51 - [MESSAGE][PASSED] - Text 'Breed 2' is set on object 'Object Repository/Backoffice/match_mgmt/wala_details/input_wala_breed'

2018-11-26 19:05:51 - [TEST_STEP][PASSED] - setText: Text 'Weight 2' is set on object 'Object Repository/Backoffice/match_mgmt/wala_details/input_wala_weight'

2018-11-26 19:05:51 - [MESSAGE][PASSED] - Text 'Weight 2' is set on object 'Object Repository/Backoffice/match_mgmt/wala_details/input_wala_weight'

2018-11-26 19:05:51 - [TEST_STEP][PASSED] - click: Object: 'Object Repository/Backoffice/match_mgmt/input_submit_match' is clicked on

2018-11-26 19:05:52 - [MESSAGE][PASSED] - Object: 'Object Repository/Backoffice/match_mgmt/input_submit_match' is clicked on

2018-11-26 19:05:52 - [TEST_STEP][PASSED] - delay: Delayed 1 second(s)

2018-11-26 19:05:53 - [MESSAGE][PASSED] - Delayed 1 second(s)

2018-11-26 19:05:53 - [TEST_STEP][PASSED] - click: Object: 'Object Repository/Backoffice/match_mgmt/button_create_match' is clicked on

2018-11-26 19:05:53 - [MESSAGE][PASSED] - Object: 'Object Repository/Backoffice/match_mgmt/button_create_match' is clicked on

2018-11-26 19:05:53 - [TEST_STEP][PASSED] - delay: Delayed 1 second(s)

2018-11-26 19:05:54 - [MESSAGE][PASSED] - Delayed 1 second(s)

2018-11-26 19:05:54 - [TEST_STEP][PASSED] - click: Object: 'Object Repository/Backoffice/match_mgmt/span_select_arena_name' is clicked on

2018-11-26 19:05:54 - [MESSAGE][PASSED] - Object: 'Object Repository/Backoffice/match_mgmt/span_select_arena_name' is clicked on

2018-11-26 19:05:54 - [TEST_STEP][PASSED] - setText: Text 'PASIG SQUARE GARDEN - PSG' is set on object 'Object Repository/Backoffice/match_mgmt/input__select2-search__arena_name'

2018-11-26 19:05:55 - [MESSAGE][PASSED] - Text 'PASIG SQUARE GARDEN - PSG' is set on object 'Object Repository/Backoffice/match_mgmt/input__select2-search__arena_name'

2018-11-26 19:05:55 - [TEST_STEP][PASSED] - sendKeys: Keys 'ENTER + ' sent to object: 'Object Repository/Backoffice/match_mgmt/input__select2-search__arena_name'

2018-11-26 19:05:55 - [MESSAGE][PASSED] - Keys 'ENTER + ' sent to object: 'Object Repository/Backoffice/match_mgmt/input__select2-search__arena_name'

2018-11-26 19:05:55 - [TEST_STEP][PASSED] - setText: Text 'AA' is set on object 'Object Repository/Backoffice/match_mgmt/meron_details/input_meron_name'

2018-11-26 19:05:55 - [MESSAGE][PASSED] - Text 'AA' is set on object 'Object Repository/Backoffice/match_mgmt/meron_details/input_meron_name'

2018-11-26 19:05:55 - [TEST_STEP][PASSED] - setText: Text 'Farm 1' is set on object 'Object Repository/Backoffice/match_mgmt/meron_details/input_meron_farm'

2018-11-26 19:05:55 - [MESSAGE][PASSED] - Text 'Farm 1' is set on object 'Object Repository/Backoffice/match_mgmt/meron_details/input_meron_farm'

2018-11-26 19:05:55 - [TEST_STEP][PASSED] - setText: Text 'Breed 1' is set on object 'Object Repository/Backoffice/match_mgmt/meron_details/input_meron_breed'

2018-11-26 19:05:55 - [MESSAGE][PASSED] - Text 'Breed 1' is set on object 'Object Repository/Backoffice/match_mgmt/meron_details/input_meron_breed'

2018-11-26 19:05:55 - [TEST_STEP][PASSED] - setText: Text 'Weight 1' is set on object 'Object Repository/Backoffice/match_mgmt/meron_details/input_meron_weight'

2018-11-26 19:05:55 - [MESSAGE][PASSED] - Text 'Weight 1' is set on object 'Object Repository/Backoffice/match_mgmt/meron_details/input_meron_weight'

2018-11-26 19:05:55 - [TEST_STEP][PASSED] - setText: Text 'BB' is set on object 'Object Repository/Backoffice/match_mgmt/wala_details/input_wala_name'

2018-11-26 19:05:56 - [MESSAGE][PASSED] - Text 'BB' is set on object 'Object Repository/Backoffice/match_mgmt/wala_details/input_wala_name'

2018-11-26 19:05:56 - [TEST_STEP][PASSED] - setText: Text 'Farm 2' is set on object 'Object Repository/Backoffice/match_mgmt/wala_details/input_wala_farm'

2018-11-26 19:05:56 - [MESSAGE][PASSED] - Text 'Farm 2' is set on object 'Object Repository/Backoffice/match_mgmt/wala_details/input_wala_farm'

2018-11-26 19:05:56 - [TEST_STEP][PASSED] - setText: Text 'Breed 2' is set on object 'Object Repository/Backoffice/match_mgmt/wala_details/input_wala_breed'

2018-11-26 19:05:56 - [MESSAGE][PASSED] - Text 'Breed 2' is set on object 'Object Repository/Backoffice/match_mgmt/wala_details/input_wala_breed'

2018-11-26 19:05:56 - [TEST_STEP][PASSED] - setText: Text 'Weight 2' is set on object 'Object Repository/Backoffice/match_mgmt/wala_details/input_wala_weight'

2018-11-26 19:05:56 - [MESSAGE][PASSED] - Text 'Weight 2' is set on object 'Object Repository/Backoffice/match_mgmt/wala_details/input_wala_weight'

2018-11-26 19:05:56 - [TEST_STEP][PASSED] - click: Object: 'Object Repository/Backoffice/match_mgmt/input_submit_match' is clicked on

2018-11-26 19:05:57 - [MESSAGE][PASSED] - Object: 'Object Repository/Backoffice/match_mgmt/input_submit_match' is clicked on

2018-11-26 19:05:57 - [TEST_STEP][PASSED] - delay: Delayed 1 second(s)

2018-11-26 19:05:58 - [MESSAGE][PASSED] - Delayed 1 second(s)

2018-11-26 19:05:58 - [TEST_STEP][PASSED] - click: Object: 'Object Repository/Backoffice/match_mgmt/button_create_match' is clicked on

2018-11-26 19:05:58 - [MESSAGE][PASSED] - Object: 'Object Repository/Backoffice/match_mgmt/button_create_match' is clicked on

2018-11-26 19:05:58 - [TEST_STEP][PASSED] - delay: Delayed 1 second(s)

2018-11-26 19:05:59 - [MESSAGE][PASSED] - Delayed 1 second(s)

2018-11-26 19:05:59 - [TEST_STEP][PASSED] - click: Object: 'Object Repository/Backoffice/match_mgmt/span_select_arena_name' is clicked on

2018-11-26 19:05:59 - [MESSAGE][PASSED] - Object: 'Object Repository/Backoffice/match_mgmt/span_select_arena_name' is clicked on

2018-11-26 19:05:59 - [TEST_STEP][PASSED] - setText: Text 'PASIG SQUARE GARDEN - PSG' is set on object 'Object Repository/Backoffice/match_mgmt/input__select2-search__arena_name'

2018-11-26 19:06:00 - [MESSAGE][PASSED] - Text 'PASIG SQUARE GARDEN - PSG' is set on object 'Object Repository/Backoffice/match_mgmt/input__select2-search__arena_name'

2018-11-26 19:06:00 - [TEST_STEP][PASSED] - sendKeys: Keys 'ENTER + ' sent to object: 'Object Repository/Backoffice/match_mgmt/input__select2-search__arena_name'

2018-11-26 19:06:00 - [MESSAGE][PASSED] - Keys 'ENTER + ' sent to object: 'Object Repository/Backoffice/match_mgmt/input__select2-search__arena_name'

2018-11-26 19:06:00 - [TEST_STEP][PASSED] - setText: Text 'AA' is set on object 'Object Repository/Backoffice/match_mgmt/meron_details/input_meron_name'

2018-11-26 19:06:00 - [MESSAGE][PASSED] - Text 'AA' is set on object 'Object Repository/Backoffice/match_mgmt/meron_details/input_meron_name'

2018-11-26 19:06:00 - [TEST_STEP][PASSED] - setText: Text 'Farm 1' is set on object 'Object Repository/Backoffice/match_mgmt/meron_details/input_meron_farm'

2018-11-26 19:06:00 - [MESSAGE][PASSED] - Text 'Farm 1' is set on object 'Object Repository/Backoffice/match_mgmt/meron_details/input_meron_farm'

2018-11-26 19:06:00 - [TEST_STEP][PASSED] - setText: Text 'Breed 1' is set on object 'Object Repository/Backoffice/match_mgmt/meron_details/input_meron_breed'

2018-11-26 19:06:00 - [MESSAGE][PASSED] - Text 'Breed 1' is set on object 'Object Repository/Backoffice/match_mgmt/meron_details/input_meron_breed'

2018-11-26 19:06:00 - [TEST_STEP][PASSED] - setText: Text 'Weight 1' is set on object 'Object Repository/Backoffice/match_mgmt/meron_details/input_meron_weight'

2018-11-26 19:06:00 - [MESSAGE][PASSED] - Text 'Weight 1' is set on object 'Object Repository/Backoffice/match_mgmt/meron_details/input_meron_weight'

2018-11-26 19:06:00 - [TEST_STEP][PASSED] - setText: Text 'BB' is set on object 'Object Repository/Backoffice/match_mgmt/wala_details/input_wala_name'

2018-11-26 19:06:00 - [MESSAGE][PASSED] - Text 'BB' is set on object 'Object Repository/Backoffice/match_mgmt/wala_details/input_wala_name'

2018-11-26 19:06:00 - [TEST_STEP][PASSED] - setText: Text 'Farm 2' is set on object 'Object Repository/Backoffice/match_mgmt/wala_details/input_wala_farm'

2018-11-26 19:06:01 - [MESSAGE][PASSED] - Text 'Farm 2' is set on object 'Object Repository/Backoffice/match_mgmt/wala_details/input_wala_farm'

2018-11-26 19:06:01 - [TEST_STEP][PASSED] - setText: Text 'Breed 2' is set on object 'Object Repository/Backoffice/match_mgmt/wala_details/input_wala_breed'

2018-11-26 19:06:01 - [MESSAGE][PASSED] - Text 'Breed 2' is set on object 'Object Repository/Backoffice/match_mgmt/wala_details/input_wala_breed'

2018-11-26 19:06:01 - [TEST_STEP][PASSED] - setText: Text 'Weight 2' is set on object 'Object Repository/Backoffice/match_mgmt/wala_details/input_wala_weight'

2018-11-26 19:06:01 - [MESSAGE][PASSED] - Text 'Weight 2' is set on object 'Object Repository/Backoffice/match_mgmt/wala_details/input_wala_weight'

2018-11-26 19:06:01 - [TEST_STEP][PASSED] - click: Object: 'Object Repository/Backoffice/match_mgmt/input_submit_match' is clicked on

2018-11-26 19:06:02 - [MESSAGE][PASSED] - Object: 'Object Repository/Backoffice/match_mgmt/input_submit_match' is clicked on

2018-11-26 19:06:02 - [TEST_STEP][PASSED] - delay: Delayed 1 second(s)

2018-11-26 19:06:03 - [MESSAGE][PASSED] - Delayed 1 second(s)

2018-11-26 19:06:03 - [TEST_STEP][PASSED] - click: Object: 'Object Repository/Backoffice/match_mgmt/button_create_match' is clicked on

2018-11-26 19:06:03 - [MESSAGE][PASSED] - Object: 'Object Repository/Backoffice/match_mgmt/button_create_match' is clicked on

2018-11-26 19:06:03 - [TEST_STEP][PASSED] - delay: Delayed 1 second(s)

2018-11-26 19:06:04 - [MESSAGE][PASSED] - Delayed 1 second(s)

2018-11-26 19:06:04 - [TEST_STEP][PASSED] - click: Object: 'Object Repository/Backoffice/match_mgmt/span_select_arena_name' is clicked on

2018-11-26 19:06:04 - [MESSAGE][PASSED] - Object: 'Object Repository/Backoffice/match_mgmt/span_select_arena_name' is clicked on

2018-11-26 19:06:04 - [TEST_STEP][PASSED] - setText: Text 'PASIG SQUARE GARDEN - PSG' is set on object 'Object Repository/Backoffice/match_mgmt/input__select2-search__arena_name'

2018-11-26 19:06:05 - [MESSAGE][PASSED] - Text 'PASIG SQUARE GARDEN - PSG' is set on object 'Object Repository/Backoffice/match_mgmt/input__select2-search__arena_name'

2018-11-26 19:06:05 - [TEST_STEP][PASSED] - sendKeys: Keys 'ENTER + ' sent to object: 'Object Repository/Backoffice/match_mgmt/input__select2-search__arena_name'

2018-11-26 19:06:05 - [MESSAGE][PASSED] - Keys 'ENTER + ' sent to object: 'Object Repository/Backoffice/match_mgmt/input__select2-search__arena_name'

2018-11-26 19:06:05 - [TEST_STEP][PASSED] - setText: Text 'AA' is set on object 'Object Repository/Backoffice/match_mgmt/meron_details/input_meron_name'

2018-11-26 19:06:05 - [MESSAGE][PASSED] - Text 'AA' is set on object 'Object Repository/Backoffice/match_mgmt/meron_details/input_meron_name'

2018-11-26 19:06:05 - [TEST_STEP][PASSED] - setText: Text 'Farm 1' is set on object 'Object Repository/Backoffice/match_mgmt/meron_details/input_meron_farm'

2018-11-26 19:06:05 - [MESSAGE][PASSED] - Text 'Farm 1' is set on object 'Object Repository/Backoffice/match_mgmt/meron_details/input_meron_farm'

2018-11-26 19:06:05 - [TEST_STEP][PASSED] - setText: Text 'Breed 1' is set on object 'Object Repository/Backoffice/match_mgmt/meron_details/input_meron_breed'

2018-11-26 19:06:05 - [MESSAGE][PASSED] - Text 'Breed 1' is set on object 'Object Repository/Backoffice/match_mgmt/meron_details/input_meron_breed'

2018-11-26 19:06:05 - [TEST_STEP][PASSED] - setText: Text 'Weight 1' is set on object 'Object Repository/Backoffice/match_mgmt/meron_details/input_meron_weight'

2018-11-26 19:06:05 - [MESSAGE][PASSED] - Text 'Weight 1' is set on object 'Object Repository/Backoffice/match_mgmt/meron_details/input_meron_weight'

2018-11-26 19:06:05 - [TEST_STEP][PASSED] - setText: Text 'BB' is set on object 'Object Repository/Backoffice/match_mgmt/wala_details/input_wala_name'

2018-11-26 19:06:05 - [MESSAGE][PASSED] - Text 'BB' is set on object 'Object Repository/Backoffice/match_mgmt/wala_details/input_wala_name'

2018-11-26 19:06:05 - [TEST_STEP][PASSED] - setText: Text 'Farm 2' is set on object 'Object Repository/Backoffice/match_mgmt/wala_details/input_wala_farm'

2018-11-26 19:06:05 - [MESSAGE][PASSED] - Text 'Farm 2' is set on object 'Object Repository/Backoffice/match_mgmt/wala_details/input_wala_farm'

2018-11-26 19:06:05 - [TEST_STEP][PASSED] - setText: Text 'Breed 2' is set on object 'Object Repository/Backoffice/match_mgmt/wala_details/input_wala_breed'

2018-11-26 19:06:06 - [MESSAGE][PASSED] - Text 'Breed 2' is set on object 'Object Repository/Backoffice/match_mgmt/wala_details/input_wala_breed'

2018-11-26 19:06:06 - [TEST_STEP][PASSED] - setText: Text 'Weight 2' is set on object 'Object Repository/Backoffice/match_mgmt/wala_details/input_wala_weight'

2018-11-26 19:06:06 - [MESSAGE][PASSED] - Text 'Weight 2' is set on object 'Object Repository/Backoffice/match_mgmt/wala_details/input_wala_weight'

2018-11-26 19:06:06 - [TEST_STEP][PASSED] - click: Object: 'Object Repository/Backoffice/match_mgmt/input_submit_match' is clicked on

2018-11-26 19:06:07 - [MESSAGE][PASSED] - Object: 'Object Repository/Backoffice/match_mgmt/input_submit_match' is clicked on

2018-11-26 19:06:07 - [TEST_STEP][PASSED] - delay: Delayed 1 second(s)

2018-11-26 19:06:08 - [MESSAGE][PASSED] - Delayed 1 second(s)

2018-11-26 19:06:08 - [TEST_STEP][PASSED] - click: Object: 'Object Repository/Backoffice/match_mgmt/button_create_match' is clicked on

2018-11-26 19:06:08 - [MESSAGE][PASSED] - Object: 'Object Repository/Backoffice/match_mgmt/button_create_match' is clicked on

2018-11-26 19:06:08 - [TEST_STEP][PASSED] - delay: Delayed 1 second(s)

2018-11-26 19:06:09 - [MESSAGE][PASSED] - Delayed 1 second(s)

2018-11-26 19:06:09 - [TEST_STEP][PASSED] - click: Object: 'Object Repository/Backoffice/match_mgmt/span_select_arena_name' is clicked on

2018-11-26 19:06:09 - [MESSAGE][PASSED] - Object: 'Object Repository/Backoffice/match_mgmt/span_select_arena_name' is clicked on

2018-11-26 19:06:09 - [TEST_STEP][PASSED] - setText: Text 'PASIG SQUARE GARDEN - PSG' is set on object 'Object Repository/Backoffice/match_mgmt/input__select2-search__arena_name'

2018-11-26 19:06:10 - [MESSAGE][PASSED] - Text 'PASIG SQUARE GARDEN - PSG' is set on object 'Object Repository/Backoffice/match_mgmt/input__select2-search__arena_name'

2018-11-26 19:06:10 - [TEST_STEP][PASSED] - sendKeys: Keys 'ENTER + ' sent to object: 'Object Repository/Backoffice/match_mgmt/input__select2-search__arena_name'

2018-11-26 19:06:10 - [MESSAGE][PASSED] - Keys 'ENTER + ' sent to object: 'Object Repository/Backoffice/match_mgmt/input__select2-search__arena_name'

2018-11-26 19:06:10 - [TEST_STEP][PASSED] - setText: Text 'AA' is set on object 'Object Repository/Backoffice/match_mgmt/meron_details/input_meron_name'

2018-11-26 19:06:10 - [MESSAGE][PASSED] - Text 'AA' is set on object 'Object Repository/Backoffice/match_mgmt/meron_details/input_meron_name'

2018-11-26 19:06:10 - [TEST_STEP][PASSED] - setText: Text 'Farm 1' is set on object 'Object Repository/Backoffice/match_mgmt/meron_details/input_meron_farm'

2018-11-26 19:06:10 - [MESSAGE][PASSED] - Text 'Farm 1' is set on object 'Object Repository/Backoffice/match_mgmt/meron_details/input_meron_farm'

2018-11-26 19:06:10 - [TEST_STEP][PASSED] - setText: Text 'Breed 1' is set on object 'Object Repository/Backoffice/match_mgmt/meron_details/input_meron_breed'

2018-11-26 19:06:10 - [MESSAGE][PASSED] - Text 'Breed 1' is set on object 'Object Repository/Backoffice/match_mgmt/meron_details/input_meron_breed'

2018-11-26 19:06:10 - [TEST_STEP][PASSED] - setText: Text 'Weight 1' is set on object 'Object Repository/Backoffice/match_mgmt/meron_details/input_meron_weight'

2018-11-26 19:06:10 - [MESSAGE][PASSED] - Text 'Weight 1' is set on object 'Object Repository/Backoffice/match_mgmt/meron_details/input_meron_weight'

2018-11-26 19:06:10 - [TEST_STEP][PASSED] - setText: Text 'BB' is set on object 'Object Repository/Backoffice/match_mgmt/wala_details/input_wala_name'

2018-11-26 19:06:10 - [MESSAGE][PASSED] - Text 'BB' is set on object 'Object Repository/Backoffice/match_mgmt/wala_details/input_wala_name'

2018-11-26 19:06:10 - [TEST_STEP][PASSED] - setText: Text 'Farm 2' is set on object 'Object Repository/Backoffice/match_mgmt/wala_details/input_wala_farm'

2018-11-26 19:06:10 - [MESSAGE][PASSED] - Text 'Farm 2' is set on object 'Object Repository/Backoffice/match_mgmt/wala_details/input_wala_farm'

2018-11-26 19:06:10 - [TEST_STEP][PASSED] - setText: Text 'Breed 2' is set on object 'Object Repository/Backoffice/match_mgmt/wala_details/input_wala_breed'

2018-11-26 19:06:11 - [MESSAGE][PASSED] - Text 'Breed 2' is set on object 'Object Repository/Backoffice/match_mgmt/wala_details/input_wala_breed'

2018-11-26 19:06:11 - [TEST_STEP][PASSED] - setText: Text 'Weight 2' is set on object 'Object Repository/Backoffice/match_mgmt/wala_details/input_wala_weight'

2018-11-26 19:06:11 - [MESSAGE][PASSED] - Text 'Weight 2' is set on object 'Object Repository/Backoffice/match_mgmt/wala_details/input_wala_weight'

2018-11-26 19:06:11 - [TEST_STEP][PASSED] - click: Object: 'Object Repository/Backoffice/match_mgmt/input_submit_match' is clicked on

2018-11-26 19:06:12 - [MESSAGE][PASSED] - Object: 'Object Repository/Backoffice/match_mgmt/input_submit_match' is clicked on

2018-11-26 19:06:12 - [TEST_STEP][PASSED] - delay: Delayed 1 second(s)

2018-11-26 19:06:13 - [MESSAGE][PASSED] - Delayed 1 second(s)

2018-11-26 19:06:13 - [TEST_STEP][PASSED] - click: Object: 'Object Repository/Backoffice/match_mgmt/button_create_match' is clicked on

2018-11-26 19:06:13 - [MESSAGE][PASSED] - Object: 'Object Repository/Backoffice/match_mgmt/button_create_match' is clicked on

2018-11-26 19:06:13 - [TEST_STEP][PASSED] - delay: Delayed 1 second(s)

2018-11-26 19:06:14 - [MESSAGE][PASSED] - Delayed 1 second(s)

2018-11-26 19:06:14 - [TEST_STEP][PASSED] - click: Object: 'Object Repository/Backoffice/match_mgmt/span_select_arena_name' is clicked on

2018-11-26 19:06:14 - [MESSAGE][PASSED] - Object: 'Object Repository/Backoffice/match_mgmt/span_select_arena_name' is clicked on

2018-11-26 19:06:14 - [TEST_STEP][PASSED] - setText: Text 'PASIG SQUARE GARDEN - PSG' is set on object 'Object Repository/Backoffice/match_mgmt/input__select2-search__arena_name'

2018-11-26 19:06:15 - [MESSAGE][PASSED] - Text 'PASIG SQUARE GARDEN - PSG' is set on object 'Object Repository/Backoffice/match_mgmt/input__select2-search__arena_name'

2018-11-26 19:06:15 - [TEST_STEP][PASSED] - sendKeys: Keys 'ENTER + ' sent to object: 'Object Repository/Backoffice/match_mgmt/input__select2-search__arena_name'

2018-11-26 19:06:15 - [MESSAGE][PASSED] - Keys 'ENTER + ' sent to object: 'Object Repository/Backoffice/match_mgmt/input__select2-search__arena_name'

2018-11-26 19:06:15 - [TEST_STEP][PASSED] - setText: Text 'AA' is set on object 'Object Repository/Backoffice/match_mgmt/meron_details/input_meron_name'

2018-11-26 19:06:15 - [MESSAGE][PASSED] - Text 'AA' is set on object 'Object Repository/Backoffice/match_mgmt/meron_details/input_meron_name'

2018-11-26 19:06:15 - [TEST_STEP][PASSED] - setText: Text 'Farm 1' is set on object 'Object Repository/Backoffice/match_mgmt/meron_details/input_meron_farm'

2018-11-26 19:06:15 - [MESSAGE][PASSED] - Text 'Farm 1' is set on object 'Object Repository/Backoffice/match_mgmt/meron_details/input_meron_farm'

2018-11-26 19:06:15 - [TEST_STEP][PASSED] - setText: Text 'Breed 1' is set on object 'Object Repository/Backoffice/match_mgmt/meron_details/input_meron_breed'

2018-11-26 19:06:15 - [MESSAGE][PASSED] - Text 'Breed 1' is set on object 'Object Repository/Backoffice/match_mgmt/meron_details/input_meron_breed'

2018-11-26 19:06:15 - [TEST_STEP][PASSED] - setText: Text 'Weight 1' is set on object 'Object Repository/Backoffice/match_mgmt/meron_details/input_meron_weight'

2018-11-26 19:06:15 - [MESSAGE][PASSED] - Text 'Weight 1' is set on object 'Object Repository/Backoffice/match_mgmt/meron_details/input_meron_weight'

2018-11-26 19:06:15 - [TEST_STEP][PASSED] - setText: Text 'BB' is set on object 'Object Repository/Backoffice/match_mgmt/wala_details/input_wala_name'

2018-11-26 19:06:15 - [MESSAGE][PASSED] - Text 'BB' is set on object 'Object Repository/Backoffice/match_mgmt/wala_details/input_wala_name'

2018-11-26 19:06:15 - [TEST_STEP][PASSED] - setText: Text 'Farm 2' is set on object 'Object Repository/Backoffice/match_mgmt/wala_details/input_wala_farm'

2018-11-26 19:06:15 - [MESSAGE][PASSED] - Text 'Farm 2' is set on object 'Object Repository/Backoffice/match_mgmt/wala_details/input_wala_farm'

2018-11-26 19:06:15 - [TEST_STEP][PASSED] - setText: Text 'Breed 2' is set on object 'Object Repository/Backoffice/match_mgmt/wala_details/input_wala_breed'

2018-11-26 19:06:15 - [MESSAGE][PASSED] - Text 'Breed 2' is set on object 'Object Repository/Backoffice/match_mgmt/wala_details/input_wala_breed'

2018-11-26 19:06:15 - [TEST_STEP][PASSED] - setText: Text 'Weight 2' is set on object 'Object Repository/Backoffice/match_mgmt/wala_details/input_wala_weight'

2018-11-26 19:06:16 - [MESSAGE][PASSED] - Text 'Weight 2' is set on object 'Object Repository/Backoffice/match_mgmt/wala_details/input_wala_weight'

2018-11-26 19:06:16 - [TEST_STEP][PASSED] - click: Object: 'Object Repository/Backoffice/match_mgmt/input_submit_match' is clicked on

2018-11-26 19:06:17 - [MESSAGE][PASSED] - Object: 'Object Repository/Backoffice/match_mgmt/input_submit_match' is clicked on

2018-11-26 19:06:17 - [TEST_STEP][PASSED] - delay: Delayed 1 second(s)

2018-11-26 19:06:18 - [MESSAGE][PASSED] - Delayed 1 second(s)

2018-11-26 19:06:18 - [TEST_STEP][PASSED] - click: Object: 'Object Repository/Backoffice/match_mgmt/button_create_match' is clicked on

2018-11-26 19:06:18 - [MESSAGE][PASSED] - Object: 'Object Repository/Backoffice/match_mgmt/button_create_match' is clicked on

2018-11-26 19:06:18 - [TEST_STEP][PASSED] - delay: Delayed 1 second(s)

2018-11-26 19:06:19 - [MESSAGE][PASSED] - Delayed 1 second(s)

2018-11-26 19:06:19 - [TEST_STEP][PASSED] - click: Object: 'Object Repository/Backoffice/match_mgmt/span_select_arena_name' is clicked on

2018-11-26 19:06:19 - [MESSAGE][PASSED] - Object: 'Object Repository/Backoffice/match_mgmt/span_select_arena_name' is clicked on

2018-11-26 19:06:19 - [TEST_STEP][PASSED] - setText: Text 'PASIG SQUARE GARDEN - PSG' is set on object 'Object Repository/Backoffice/match_mgmt/input__select2-search__arena_name'

2018-11-26 19:06:19 - [MESSAGE][PASSED] - Text 'PASIG SQUARE GARDEN - PSG' is set on object 'Object Repository/Backoffice/match_mgmt/input__select2-search__arena_name'

2018-11-26 19:06:19 - [TEST_STEP][PASSED] - sendKeys: Keys 'ENTER + ' sent to object: 'Object Repository/Backoffice/match_mgmt/input__select2-search__arena_name'

2018-11-26 19:06:20 - [MESSAGE][PASSED] - Keys 'ENTER + ' sent to object: 'Object Repository/Backoffice/match_mgmt/input__select2-search__arena_name'

2018-11-26 19:06:20 - [TEST_STEP][PASSED] - setText: Text 'AA' is set on object 'Object Repository/Backoffice/match_mgmt/meron_details/input_meron_name'

2018-11-26 19:06:20 - [MESSAGE][PASSED] - Text 'AA' is set on object 'Object Repository/Backoffice/match_mgmt/meron_details/input_meron_name'

2018-11-26 19:06:20 - [TEST_STEP][PASSED] - setText: Text 'Farm 1' is set on object 'Object Repository/Backoffice/match_mgmt/meron_details/input_meron_farm'

2018-11-26 19:06:20 - [MESSAGE][PASSED] - Text 'Farm 1' is set on object 'Object Repository/Backoffice/match_mgmt/meron_details/input_meron_farm'

2018-11-26 19:06:20 - [TEST_STEP][PASSED] - setText: Text 'Breed 1' is set on object 'Object Repository/Backoffice/match_mgmt/meron_details/input_meron_breed'

2018-11-26 19:06:20 - [MESSAGE][PASSED] - Text 'Breed 1' is set on object 'Object Repository/Backoffice/match_mgmt/meron_details/input_meron_breed'

2018-11-26 19:06:20 - [TEST_STEP][PASSED] - setText: Text 'Weight 1' is set on object 'Object Repository/Backoffice/match_mgmt/meron_details/input_meron_weight'

2018-11-26 19:06:20 - [MESSAGE][PASSED] - Text 'Weight 1' is set on object 'Object Repository/Backoffice/match_mgmt/meron_details/input_meron_weight'

2018-11-26 19:06:20 - [TEST_STEP][PASSED] - setText: Text 'BB' is set on object 'Object Repository/Backoffice/match_mgmt/wala_details/input_wala_name'

2018-11-26 19:06:20 - [MESSAGE][PASSED] - Text 'BB' is set on object 'Object Repository/Backoffice/match_mgmt/wala_details/input_wala_name'

2018-11-26 19:06:20 - [TEST_STEP][PASSED] - setText: Text 'Farm 2' is set on object 'Object Repository/Backoffice/match_mgmt/wala_details/input_wala_farm'

2018-11-26 19:06:20 - [MESSAGE][PASSED] - Text 'Farm 2' is set on object 'Object Repository/Backoffice/match_mgmt/wala_details/input_wala_farm'

2018-11-26 19:06:20 - [TEST_STEP][PASSED] - setText: Text 'Breed 2' is set on object 'Object Repository/Backoffice/match_mgmt/wala_details/input_wala_breed'

2018-11-26 19:06:20 - [MESSAGE][PASSED] - Text 'Breed 2' is set on object 'Object Repository/Backoffice/match_mgmt/wala_details/input_wala_breed'

2018-11-26 19:06:20 - [TEST_STEP][PASSED] - setText: Text 'Weight 2' is set on object 'Object Repository/Backoffice/match_mgmt/wala_details/input_wala_weight'

2018-11-26 19:06:20 - [MESSAGE][PASSED] - Text 'Weight 2' is set on object 'Object Repository/Backoffice/match_mgmt/wala_details/input_wala_weight'

2018-11-26 19:06:20 - [TEST_STEP][PASSED] - click: Object: 'Object Repository/Backoffice/match_mgmt/input_submit_match' is clicked on

2018-11-26 19:06:22 - [MESSAGE][PASSED] - Object: 'Object Repository/Backoffice/match_mgmt/input_submit_match' is clicked on

2018-11-26 19:06:22 - [TEST_STEP][PASSED] - delay: Delayed 1 second(s)

2018-11-26 19:06:23 - [MESSAGE][PASSED] - Delayed 1 second(s)

2018-11-26 19:06:23 - [TEST_STEP][PASSED] - click: Object: 'Object Repository/Backoffice/match_mgmt/button_create_match' is clicked on

2018-11-26 19:06:23 - [MESSAGE][PASSED] - Object: 'Object Repository/Backoffice/match_mgmt/button_create_match' is clicked on

2018-11-26 19:06:23 - [TEST_STEP][PASSED] - delay: Delayed 1 second(s)

2018-11-26 19:06:24 - [MESSAGE][PASSED] - Delayed 1 second(s)

2018-11-26 19:06:24 - [TEST_STEP][PASSED] - click: Object: 'Object Repository/Backoffice/match_mgmt/span_select_arena_name' is clicked on

2018-11-26 19:06:24 - [MESSAGE][PASSED] - Object: 'Object Repository/Backoffice/match_mgmt/span_select_arena_name' is clicked on

2018-11-26 19:06:24 - [TEST_STEP][PASSED] - setText: Text 'PASIG SQUARE GARDEN - PSG' is set on object 'Object Repository/Backoffice/match_mgmt/input__select2-search__arena_name'

2018-11-26 19:06:24 - [MESSAGE][PASSED] - Text 'PASIG SQUARE GARDEN - PSG' is set on object 'Object Repository/Backoffice/match_mgmt/input__select2-search__arena_name'

2018-11-26 19:06:24 - [TEST_STEP][PASSED] - sendKeys: Keys 'ENTER + ' sent to object: 'Object Repository/Backoffice/match_mgmt/input__select2-search__arena_name'

2018-11-26 19:06:24 - [MESSAGE][PASSED] - Keys 'ENTER + ' sent to object: 'Object Repository/Backoffice/match_mgmt/input__select2-search__arena_name'

2018-11-26 19:06:24 - [TEST_STEP][PASSED] - setText: Text 'AA' is set on object 'Object Repository/Backoffice/match_mgmt/meron_details/input_meron_name'

2018-11-26 19:06:25 - [MESSAGE][PASSED] - Text 'AA' is set on object 'Object Repository/Backoffice/match_mgmt/meron_details/input_meron_name'

2018-11-26 19:06:25 - [TEST_STEP][PASSED] - setText: Text 'Farm 1' is set on object 'Object Repository/Backoffice/match_mgmt/meron_details/input_meron_farm'

2018-11-26 19:06:25 - [MESSAGE][PASSED] - Text 'Farm 1' is set on object 'Object Repository/Backoffice/match_mgmt/meron_details/input_meron_farm'

2018-11-26 19:06:25 - [TEST_STEP][PASSED] - setText: Text 'Breed 1' is set on object 'Object Repository/Backoffice/match_mgmt/meron_details/input_meron_breed'

2018-11-26 19:06:25 - [MESSAGE][PASSED] - Text 'Breed 1' is set on object 'Object Repository/Backoffice/match_mgmt/meron_details/input_meron_breed'

2018-11-26 19:06:25 - [TEST_STEP][PASSED] - setText: Text 'Weight 1' is set on object 'Object Repository/Backoffice/match_mgmt/meron_details/input_meron_weight'

2018-11-26 19:06:25 - [MESSAGE][PASSED] - Text 'Weight 1' is set on object 'Object Repository/Backoffice/match_mgmt/meron_details/input_meron_weight'

2018-11-26 19:06:25 - [TEST_STEP][PASSED] - setText: Text 'BB' is set on object 'Object Repository/Backoffice/match_mgmt/wala_details/input_wala_name'

2018-11-26 19:06:25 - [MESSAGE][PASSED] - Text 'BB' is set on object 'Object Repository/Backoffice/match_mgmt/wala_details/input_wala_name'

2018-11-26 19:06:25 - [TEST_STEP][PASSED] - setText: Text 'Farm 2' is set on object 'Object Repository/Backoffice/match_mgmt/wala_details/input_wala_farm'

2018-11-26 19:06:25 - [MESSAGE][PASSED] - Text 'Farm 2' is set on object 'Object Repository/Backoffice/match_mgmt/wala_details/input_wala_farm'

2018-11-26 19:06:25 - [TEST_STEP][PASSED] - setText: Text 'Breed 2' is set on object 'Object Repository/Backoffice/match_mgmt/wala_details/input_wala_breed'

2018-11-26 19:06:25 - [MESSAGE][PASSED] - Text 'Breed 2' is set on object 'Object Repository/Backoffice/match_mgmt/wala_details/input_wala_breed'

2018-11-26 19:06:25 - [TEST_STEP][PASSED] - setText: Text 'Weight 2' is set on object 'Object Repository/Backoffice/match_mgmt/wala_details/input_wala_weight'

2018-11-26 19:06:25 - [MESSAGE][PASSED] - Text 'Weight 2' is set on object 'Object Repository/Backoffice/match_mgmt/wala_details/input_wala_weight'

2018-11-26 19:06:25 - [TEST_STEP][PASSED] - click: Object: 'Object Repository/Backoffice/match_mgmt/input_submit_match' is clicked on

2018-11-26 19:06:27 - [MESSAGE][PASSED] - Object: 'Object Repository/Backoffice/match_mgmt/input_submit_match' is clicked on

2018-11-26 19:06:27 - [TEST_STEP][PASSED] - delay: Delayed 1 second(s)

2018-11-26 19:06:28 - [MESSAGE][PASSED] - Delayed 1 second(s)

2018-11-26 19:06:28 - [TEST_STEP][PASSED] - click: Object: 'Object Repository/Backoffice/match_mgmt/button_create_match' is clicked on

2018-11-26 19:06:28 - [MESSAGE][PASSED] - Object: 'Object Repository/Backoffice/match_mgmt/button_create_match' is clicked on

2018-11-26 19:06:28 - [TEST_STEP][PASSED] - delay: Delayed 1 second(s)

2018-11-26 19:06:29 - [MESSAGE][PASSED] - Delayed 1 second(s)

2018-11-26 19:06:29 - [TEST_STEP][PASSED] - click: Object: 'Object Repository/Backoffice/match_mgmt/span_select_arena_name' is clicked on

2018-11-26 19:06:29 - [MESSAGE][PASSED] - Object: 'Object Repository/Backoffice/match_mgmt/span_select_arena_name' is clicked on

2018-11-26 19:06:29 - [TEST_STEP][PASSED] - setText: Text 'PASIG SQUARE GARDEN - PSG' is set on object 'Object Repository/Backoffice/match_mgmt/input__select2-search__arena_name'

2018-11-26 19:06:29 - [MESSAGE][PASSED] - Text 'PASIG SQUARE GARDEN - PSG' is set on object 'Object Repository/Backoffice/match_mgmt/input__select2-search__arena_name'

2018-11-26 19:06:29 - [TEST_STEP][PASSED] - sendKeys: Keys 'ENTER + ' sent to object: 'Object Repository/Backoffice/match_mgmt/input__select2-search__arena_name'

2018-11-26 19:06:29 - [MESSAGE][PASSED] - Keys 'ENTER + ' sent to object: 'Object Repository/Backoffice/match_mgmt/input__select2-search__arena_name'

2018-11-26 19:06:29 - [TEST_STEP][PASSED] - setText: Text 'AA' is set on object 'Object Repository/Backoffice/match_mgmt/meron_details/input_meron_name'

2018-11-26 19:06:29 - [MESSAGE][PASSED] - Text 'AA' is set on object 'Object Repository/Backoffice/match_mgmt/meron_details/input_meron_name'

2018-11-26 19:06:29 - [TEST_STEP][PASSED] - setText: Text 'Farm 1' is set on object 'Object Repository/Backoffice/match_mgmt/meron_details/input_meron_farm'

2018-11-26 19:06:30 - [MESSAGE][PASSED] - Text 'Farm 1' is set on object 'Object Repository/Backoffice/match_mgmt/meron_details/input_meron_farm'

2018-11-26 19:06:30 - [TEST_STEP][PASSED] - setText: Text 'Breed 1' is set on object 'Object Repository/Backoffice/match_mgmt/meron_details/input_meron_breed'

2018-11-26 19:06:30 - [MESSAGE][PASSED] - Text 'Breed 1' is set on object 'Object Repository/Backoffice/match_mgmt/meron_details/input_meron_breed'

2018-11-26 19:06:30 - [TEST_STEP][PASSED] - setText: Text 'Weight 1' is set on object 'Object Repository/Backoffice/match_mgmt/meron_details/input_meron_weight'

2018-11-26 19:06:30 - [MESSAGE][PASSED] - Text 'Weight 1' is set on object 'Object Repository/Backoffice/match_mgmt/meron_details/input_meron_weight'

2018-11-26 19:06:30 - [TEST_STEP][PASSED] - setText: Text 'BB' is set on object 'Object Repository/Backoffice/match_mgmt/wala_details/input_wala_name'

2018-11-26 19:06:30 - [MESSAGE][PASSED] - Text 'BB' is set on object 'Object Repository/Backoffice/match_mgmt/wala_details/input_wala_name'

2018-11-26 19:06:30 - [TEST_STEP][PASSED] - setText: Text 'Farm 2' is set on object 'Object Repository/Backoffice/match_mgmt/wala_details/input_wala_farm'

2018-11-26 19:06:30 - [MESSAGE][PASSED] - Text 'Farm 2' is set on object 'Object Repository/Backoffice/match_mgmt/wala_details/input_wala_farm'

2018-11-26 19:06:30 - [TEST_STEP][PASSED] - setText: Text 'Breed 2' is set on object 'Object Repository/Backoffice/match_mgmt/wala_details/input_wala_breed'

2018-11-26 19:06:30 - [MESSAGE][PASSED] - Text 'Breed 2' is set on object 'Object Repository/Backoffice/match_mgmt/wala_details/input_wala_breed'

2018-11-26 19:06:30 - [TEST_STEP][PASSED] - setText: Text 'Weight 2' is set on object 'Object Repository/Backoffice/match_mgmt/wala_details/input_wala_weight'

2018-11-26 19:06:30 - [MESSAGE][PASSED] - Text 'Weight 2' is set on object 'Object Repository/Backoffice/match_mgmt/wala_details/input_wala_weight'

2018-11-26 19:06:30 - [TEST_STEP][PASSED] - click: Object: 'Object Repository/Backoffice/match_mgmt/input_submit_match' is clicked on

2018-11-26 19:06:32 - [MESSAGE][PASSED] - Object: 'Object Repository/Backoffice/match_mgmt/input_submit_match' is clicked on

2018-11-26 19:06:32 - [TEST_STEP][PASSED] - delay: Delayed 1 second(s)

2018-11-26 19:06:33 - [MESSAGE][PASSED] - Delayed 1 second(s)

2018-11-26 19:06:33 - [TEST_STEP][PASSED] - click: Object: 'Object Repository/Backoffice/match_mgmt/button_create_match' is clicked on

2018-11-26 19:06:33 - [MESSAGE][PASSED] - Object: 'Object Repository/Backoffice/match_mgmt/button_create_match' is clicked on

2018-11-26 19:06:33 - [TEST_STEP][PASSED] - delay: Delayed 1 second(s)

2018-11-26 19:06:34 - [MESSAGE][PASSED] - Delayed 1 second(s)

2018-11-26 19:06:34 - [TEST_STEP][PASSED] - click: Object: 'Object Repository/Backoffice/match_mgmt/span_select_arena_name' is clicked on

2018-11-26 19:06:34 - [MESSAGE][PASSED] - Object: 'Object Repository/Backoffice/match_mgmt/span_select_arena_name' is clicked on

2018-11-26 19:06:34 - [TEST_STEP][PASSED] - setText: Text 'PASIG SQUARE GARDEN - PSG' is set on object 'Object Repository/Backoffice/match_mgmt/input__select2-search__arena_name'

2018-11-26 19:06:34 - [MESSAGE][PASSED] - Text 'PASIG SQUARE GARDEN - PSG' is set on object 'Object Repository/Backoffice/match_mgmt/input__select2-search__arena_name'

2018-11-26 19:06:34 - [TEST_STEP][PASSED] - sendKeys: Keys 'ENTER + ' sent to object: 'Object Repository/Backoffice/match_mgmt/input__select2-search__arena_name'

2018-11-26 19:06:34 - [MESSAGE][PASSED] - Keys 'ENTER + ' sent to object: 'Object Repository/Backoffice/match_mgmt/input__select2-search__arena_name'

2018-11-26 19:06:34 - [TEST_STEP][PASSED] - setText: Text 'AA' is set on object 'Object Repository/Backoffice/match_mgmt/meron_details/input_meron_name'

2018-11-26 19:06:34 - [MESSAGE][PASSED] - Text 'AA' is set on object 'Object Repository/Backoffice/match_mgmt/meron_details/input_meron_name'

2018-11-26 19:06:34 - [TEST_STEP][PASSED] - setText: Text 'Farm 1' is set on object 'Object Repository/Backoffice/match_mgmt/meron_details/input_meron_farm'

2018-11-26 19:06:35 - [MESSAGE][PASSED] - Text 'Farm 1' is set on object 'Object Repository/Backoffice/match_mgmt/meron_details/input_meron_farm'

2018-11-26 19:06:35 - [TEST_STEP][PASSED] - setText: Text 'Breed 1' is set on object 'Object Repository/Backoffice/match_mgmt/meron_details/input_meron_breed'

2018-11-26 19:06:35 - [MESSAGE][PASSED] - Text 'Breed 1' is set on object 'Object Repository/Backoffice/match_mgmt/meron_details/input_meron_breed'

2018-11-26 19:06:35 - [TEST_STEP][PASSED] - setText: Text 'Weight 1' is set on object 'Object Repository/Backoffice/match_mgmt/meron_details/input_meron_weight'

2018-11-26 19:06:35 - [MESSAGE][PASSED] - Text 'Weight 1' is set on object 'Object Repository/Backoffice/match_mgmt/meron_details/input_meron_weight'

2018-11-26 19:06:35 - [TEST_STEP][PASSED] - setText: Text 'BB' is set on object 'Object Repository/Backoffice/match_mgmt/wala_details/input_wala_name'

2018-11-26 19:06:35 - [MESSAGE][PASSED] - Text 'BB' is set on object 'Object Repository/Backoffice/match_mgmt/wala_details/input_wala_name'

2018-11-26 19:06:35 - [TEST_STEP][PASSED] - setText: Text 'Farm 2' is set on object 'Object Repository/Backoffice/match_mgmt/wala_details/input_wala_farm'

2018-11-26 19:06:35 - [MESSAGE][PASSED] - Text 'Farm 2' is set on object 'Object Repository/Backoffice/match_mgmt/wala_details/input_wala_farm'

2018-11-26 19:06:35 - [TEST_STEP][PASSED] - setText: Text 'Breed 2' is set on object 'Object Repository/Backoffice/match_mgmt/wala_details/input_wala_breed'

2018-11-26 19:06:35 - [MESSAGE][PASSED] - Text 'Breed 2' is set on object 'Object Repository/Backoffice/match_mgmt/wala_details/input_wala_breed'

2018-11-26 19:06:35 - [TEST_STEP][PASSED] - setText: Text 'Weight 2' is set on object 'Object Repository/Backoffice/match_mgmt/wala_details/input_wala_weight'

2018-11-26 19:06:35 - [MESSAGE][PASSED] - Text 'Weight 2' is set on object 'Object Repository/Backoffice/match_mgmt/wala_details/input_wala_weight'

2018-11-26 19:06:35 - [TEST_STEP][PASSED] - click: Object: 'Object Repository/Backoffice/match_mgmt/input_submit_match' is clicked on

2018-11-26 19:06:37 - [MESSAGE][PASSED] - Object: 'Object Repository/Backoffice/match_mgmt/input_submit_match' is clicked on

2018-11-26 19:06:37 - [TEST_STEP][PASSED] - delay: Delayed 1 second(s)

2018-11-26 19:06:38 - [MESSAGE][PASSED] - Delayed 1 second(s)

2018-11-26 19:06:38 - [TEST_STEP][PASSED] - click: Object: 'Object Repository/Backoffice/match_mgmt/button_create_match' is clicked on

2018-11-26 19:06:38 - [MESSAGE][PASSED] - Object: 'Object Repository/Backoffice/match_mgmt/button_create_match' is clicked on

2018-11-26 19:06:38 - [TEST_STEP][PASSED] - delay: Delayed 1 second(s)

2018-11-26 19:06:39 - [MESSAGE][PASSED] - Delayed 1 second(s)

2018-11-26 19:06:39 - [TEST_STEP][PASSED] - click: Object: 'Object Repository/Backoffice/match_mgmt/span_select_arena_name' is clicked on

2018-11-26 19:06:39 - [MESSAGE][PASSED] - Object: 'Object Repository/Backoffice/match_mgmt/span_select_arena_name' is clicked on

2018-11-26 19:06:39 - [TEST_STEP][PASSED] - setText: Text 'PASIG SQUARE GARDEN - PSG' is set on object 'Object Repository/Backoffice/match_mgmt/input__select2-search__arena_name'

2018-11-26 19:06:39 - [MESSAGE][PASSED] - Text 'PASIG SQUARE GARDEN - PSG' is set on object 'Object Repository/Backoffice/match_mgmt/input__select2-search__arena_name'

2018-11-26 19:06:39 - [TEST_STEP][PASSED] - sendKeys: Keys 'ENTER + ' sent to object: 'Object Repository/Backoffice/match_mgmt/input__select2-search__arena_name'

2018-11-26 19:06:39 - [MESSAGE][PASSED] - Keys 'ENTER + ' sent to object: 'Object Repository/Backoffice/match_mgmt/input__select2-search__arena_name'

2018-11-26 19:06:39 - [TEST_STEP][PASSED] - setText: Text 'AA' is set on object 'Object Repository/Backoffice/match_mgmt/meron_details/input_meron_name'

2018-11-26 19:06:40 - [MESSAGE][PASSED] - Text 'AA' is set on object 'Object Repository/Backoffice/match_mgmt/meron_details/input_meron_name'

2018-11-26 19:06:40 - [TEST_STEP][PASSED] - setText: Text 'Farm 1' is set on object 'Object Repository/Backoffice/match_mgmt/meron_details/input_meron_farm'

2018-11-26 19:06:40 - [MESSAGE][PASSED] - Text 'Farm 1' is set on object 'Object Repository/Backoffice/match_mgmt/meron_details/input_meron_farm'

2018-11-26 19:06:40 - [TEST_STEP][PASSED] - setText: Text 'Breed 1' is set on object 'Object Repository/Backoffice/match_mgmt/meron_details/input_meron_breed'

2018-11-26 19:06:40 - [MESSAGE][PASSED] - Text 'Breed 1' is set on object 'Object Repository/Backoffice/match_mgmt/meron_details/input_meron_breed'

2018-11-26 19:06:40 - [TEST_STEP][PASSED] - setText: Text 'Weight 1' is set on object 'Object Repository/Backoffice/match_mgmt/meron_details/input_meron_weight'

2018-11-26 19:06:40 - [MESSAGE][PASSED] - Text 'Weight 1' is set on object 'Object Repository/Backoffice/match_mgmt/meron_details/input_meron_weight'

2018-11-26 19:06:40 - [TEST_STEP][PASSED] - setText: Text 'BB' is set on object 'Object Repository/Backoffice/match_mgmt/wala_details/input_wala_name'

2018-11-26 19:06:40 - [MESSAGE][PASSED] - Text 'BB' is set on object 'Object Repository/Backoffice/match_mgmt/wala_details/input_wala_name'

2018-11-26 19:06:40 - [TEST_STEP][PASSED] - setText: Text 'Farm 2' is set on object 'Object Repository/Backoffice/match_mgmt/wala_details/input_wala_farm'

2018-11-26 19:06:40 - [MESSAGE][PASSED] - Text 'Farm 2' is set on object 'Object Repository/Backoffice/match_mgmt/wala_details/input_wala_farm'

2018-11-26 19:06:40 - [TEST_STEP][PASSED] - setText: Text 'Breed 2' is set on object 'Object Repository/Backoffice/match_mgmt/wala_details/input_wala_breed'

2018-11-26 19:06:40 - [MESSAGE][PASSED] - Text 'Breed 2' is set on object 'Object Repository/Backoffice/match_mgmt/wala_details/input_wala_breed'

2018-11-26 19:06:40 - [TEST_STEP][PASSED] - setText: Text 'Weight 2' is set on object 'Object Repository/Backoffice/match_mgmt/wala_details/input_wala_weight'

2018-11-26 19:06:40 - [MESSAGE][PASSED] - Text 'Weight 2' is set on object 'Object Repository/Backoffice/match_mgmt/wala_details/input_wala_weight'

2018-11-26 19:06:40 - [TEST_STEP][PASSED] - click: Object: 'Object Repository/Backoffice/match_mgmt/input_submit_match' is clicked on

2018-11-26 19:06:42 - [MESSAGE][PASSED] - Object: 'Object Repository/Backoffice/match_mgmt/input_submit_match' is clicked on

2018-11-26 19:06:42 - [TEST_STEP][PASSED] - delay: Delayed 1 second(s)

2018-11-26 19:06:43 - [MESSAGE][PASSED] - Delayed 1 second(s)

2018-11-26 19:06:43 - [TEST_STEP][PASSED] - click: Object: 'Object Repository/Backoffice/match_mgmt/button_create_match' is clicked on

2018-11-26 19:06:43 - [MESSAGE][PASSED] - Object: 'Object Repository/Backoffice/match_mgmt/button_create_match' is clicked on

2018-11-26 19:06:43 - [TEST_STEP][PASSED] - delay: Delayed 1 second(s)

2018-11-26 19:06:44 - [MESSAGE][PASSED] - Delayed 1 second(s)

2018-11-26 19:06:44 - [TEST_STEP][PASSED] - click: Object: 'Object Repository/Backoffice/match_mgmt/span_select_arena_name' is clicked on

2018-11-26 19:06:44 - [MESSAGE][PASSED] - Object: 'Object Repository/Backoffice/match_mgmt/span_select_arena_name' is clicked on

2018-11-26 19:06:44 - [TEST_STEP][PASSED] - setText: Text 'PASIG SQUARE GARDEN - PSG' is set on object 'Object Repository/Backoffice/match_mgmt/input__select2-search__arena_name'

2018-11-26 19:06:44 - [MESSAGE][PASSED] - Text 'PASIG SQUARE GARDEN - PSG' is set on object 'Object Repository/Backoffice/match_mgmt/input__select2-search__arena_name'

2018-11-26 19:06:44 - [TEST_STEP][PASSED] - sendKeys: Keys 'ENTER + ' sent to object: 'Object Repository/Backoffice/match_mgmt/input__select2-search__arena_name'

2018-11-26 19:06:44 - [MESSAGE][PASSED] - Keys 'ENTER + ' sent to object: 'Object Repository/Backoffice/match_mgmt/input__select2-search__arena_name'

2018-11-26 19:06:44 - [TEST_STEP][PASSED] - setText: Text 'AA' is set on object 'Object Repository/Backoffice/match_mgmt/meron_details/input_meron_name'

2018-11-26 19:06:44 - [MESSAGE][PASSED] - Text 'AA' is set on object 'Object Repository/Backoffice/match_mgmt/meron_details/input_meron_name'

2018-11-26 19:06:44 - [TEST_STEP][PASSED] - setText: Text 'Farm 1' is set on object 'Object Repository/Backoffice/match_mgmt/meron_details/input_meron_farm'

2018-11-26 19:06:44 - [MESSAGE][PASSED] - Text 'Farm 1' is set on object 'Object Repository/Backoffice/match_mgmt/meron_details/input_meron_farm'

2018-11-26 19:06:44 - [TEST_STEP][PASSED] - setText: Text 'Breed 1' is set on object 'Object Repository/Backoffice/match_mgmt/meron_details/input_meron_breed'

2018-11-26 19:06:45 - [MESSAGE][PASSED] - Text 'Breed 1' is set on object 'Object Repository/Backoffice/match_mgmt/meron_details/input_meron_breed'

2018-11-26 19:06:45 - [TEST_STEP][PASSED] - setText: Text 'Weight 1' is set on object 'Object Repository/Backoffice/match_mgmt/meron_details/input_meron_weight'

2018-11-26 19:06:45 - [MESSAGE][PASSED] - Text 'Weight 1' is set on object 'Object Repository/Backoffice/match_mgmt/meron_details/input_meron_weight'

2018-11-26 19:06:45 - [TEST_STEP][PASSED] - setText: Text 'BB' is set on object 'Object Repository/Backoffice/match_mgmt/wala_details/input_wala_name'

2018-11-26 19:06:45 - [MESSAGE][PASSED] - Text 'BB' is set on object 'Object Repository/Backoffice/match_mgmt/wala_details/input_wala_name'

2018-11-26 19:06:45 - [TEST_STEP][PASSED] - setText: Text 'Farm 2' is set on object 'Object Repository/Backoffice/match_mgmt/wala_details/input_wala_farm'

2018-11-26 19:06:45 - [MESSAGE][PASSED] - Text 'Farm 2' is set on object 'Object Repository/Backoffice/match_mgmt/wala_details/input_wala_farm'

2018-11-26 19:06:45 - [TEST_STEP][PASSED] - setText: Text 'Breed 2' is set on object 'Object Repository/Backoffice/match_mgmt/wala_details/input_wala_breed'

2018-11-26 19:06:45 - [MESSAGE][PASSED] - Text 'Breed 2' is set on object 'Object Repository/Backoffice/match_mgmt/wala_details/input_wala_breed'

2018-11-26 19:06:45 - [TEST_STEP][PASSED] - setText: Text 'Weight 2' is set on object 'Object Repository/Backoffice/match_mgmt/wala_details/input_wala_weight'

2018-11-26 19:06:45 - [MESSAGE][PASSED] - Text 'Weight 2' is set on object 'Object Repository/Backoffice/match_mgmt/wala_details/input_wala_weight'

2018-11-26 19:06:45 - [TEST_STEP][PASSED] - click: Object: 'Object Repository/Backoffice/match_mgmt/input_submit_match' is clicked on

2018-11-26 19:06:46 - [MESSAGE][PASSED] - Object: 'Object Repository/Backoffice/match_mgmt/input_submit_match' is clicked on

2018-11-26 19:06:46 - [TEST_STEP][PASSED] - delay: Delayed 1 second(s)

2018-11-26 19:06:47 - [MESSAGE][PASSED] - Delayed 1 second(s)

2018-11-26 19:06:47 - [TEST_STEP][PASSED] - click: Object: 'Object Repository/Backoffice/match_mgmt/button_create_match' is clicked on

2018-11-26 19:06:47 - [MESSAGE][PASSED] - Object: 'Object Repository/Backoffice/match_mgmt/button_create_match' is clicked on

2018-11-26 19:06:47 - [TEST_STEP][PASSED] - delay: Delayed 1 second(s)

2018-11-26 19:06:48 - [MESSAGE][PASSED] - Delayed 1 second(s)

2018-11-26 19:06:48 - [TEST_STEP][PASSED] - click: Object: 'Object Repository/Backoffice/match_mgmt/span_select_arena_name' is clicked on

2018-11-26 19:06:49 - [MESSAGE][PASSED] - Object: 'Object Repository/Backoffice/match_mgmt/span_select_arena_name' is clicked on

2018-11-26 19:06:49 - [TEST_STEP][PASSED] - setText: Text 'PASIG SQUARE GARDEN - PSG' is set on object 'Object Repository/Backoffice/match_mgmt/input__select2-search__arena_name'

2018-11-26 19:06:49 - [MESSAGE][PASSED] - Text 'PASIG SQUARE GARDEN - PSG' is set on object 'Object Repository/Backoffice/match_mgmt/input__select2-search__arena_name'

2018-11-26 19:06:49 - [TEST_STEP][PASSED] - sendKeys: Keys 'ENTER + ' sent to object: 'Object Repository/Backoffice/match_mgmt/input__select2-search__arena_name'

2018-11-26 19:06:49 - [MESSAGE][PASSED] - Keys 'ENTER + ' sent to object: 'Object Repository/Backoffice/match_mgmt/input__select2-search__arena_name'

2018-11-26 19:06:49 - [TEST_STEP][PASSED] - setText: Text 'AA' is set on object 'Object Repository/Backoffice/match_mgmt/meron_details/input_meron_name'

2018-11-26 19:06:49 - [MESSAGE][PASSED] - Text 'AA' is set on object 'Object Repository/Backoffice/match_mgmt/meron_details/input_meron_name'

2018-11-26 19:06:49 - [TEST_STEP][PASSED] - setText: Text 'Farm 1' is set on object 'Object Repository/Backoffice/match_mgmt/meron_details/input_meron_farm'

2018-11-26 19:06:49 - [MESSAGE][PASSED] - Text 'Farm 1' is set on object 'Object Repository/Backoffice/match_mgmt/meron_details/input_meron_farm'

2018-11-26 19:06:49 - [TEST_STEP][PASSED] - setText: Text 'Breed 1' is set on object 'Object Repository/Backoffice/match_mgmt/meron_details/input_meron_breed'

2018-11-26 19:06:49 - [MESSAGE][PASSED] - Text 'Breed 1' is set on object 'Object Repository/Backoffice/match_mgmt/meron_details/input_meron_breed'

2018-11-26 19:06:49 - [TEST_STEP][PASSED] - setText: Text 'Weight 1' is set on object 'Object Repository/Backoffice/match_mgmt/meron_details/input_meron_weight'

2018-11-26 19:06:49 - [MESSAGE][PASSED] - Text 'Weight 1' is set on object 'Object Repository/Backoffice/match_mgmt/meron_details/input_meron_weight'

2018-11-26 19:06:49 - [TEST_STEP][PASSED] - setText: Text 'BB' is set on object 'Object Repository/Backoffice/match_mgmt/wala_details/input_wala_name'

2018-11-26 19:06:50 - [MESSAGE][PASSED] - Text 'BB' is set on object 'Object Repository/Backoffice/match_mgmt/wala_details/input_wala_name'

2018-11-26 19:06:50 - [TEST_STEP][PASSED] - setText: Text 'Farm 2' is set on object 'Object Repository/Backoffice/match_mgmt/wala_details/input_wala_farm'

2018-11-26 19:06:50 - [MESSAGE][PASSED] - Text 'Farm 2' is set on object 'Object Repository/Backoffice/match_mgmt/wala_details/input_wala_farm'

2018-11-26 19:06:50 - [TEST_STEP][PASSED] - setText: Text 'Breed 2' is set on object 'Object Repository/Backoffice/match_mgmt/wala_details/input_wala_breed'

2018-11-26 19:06:50 - [MESSAGE][PASSED] - Text 'Breed 2' is set on object 'Object Repository/Backoffice/match_mgmt/wala_details/input_wala_breed'

2018-11-26 19:06:50 - [TEST_STEP][PASSED] - setText: Text 'Weight 2' is set on object 'Object Repository/Backoffice/match_mgmt/wala_details/input_wala_weight'

2018-11-26 19:06:50 - [MESSAGE][PASSED] - Text 'Weight 2' is set on object 'Object Repository/Backoffice/match_mgmt/wala_details/input_wala_weight'

2018-11-26 19:06:50 - [TEST_STEP][PASSED] - click: Object: 'Object Repository/Backoffice/match_mgmt/input_submit_match' is clicked on

2018-11-26 19:06:51 - [MESSAGE][PASSED] - Object: 'Object Repository/Backoffice/match_mgmt/input_submit_match' is clicked on

2018-11-26 19:06:51 - [TEST_STEP][PASSED] - delay: Delayed 1 second(s)

2018-11-26 19:06:52 - [MESSAGE][PASSED] - Delayed 1 second(s)

2018-11-26 19:06:52 - [TEST_STEP][PASSED] - click: Object: 'Object Repository/Backoffice/match_mgmt/button_create_match' is clicked on

2018-11-26 19:06:52 - [MESSAGE][PASSED] - Object: 'Object Repository/Backoffice/match_mgmt/button_create_match' is clicked on

2018-11-26 19:06:52 - [TEST_STEP][PASSED] - delay: Delayed 1 second(s)

2018-11-26 19:06:53 - [MESSAGE][PASSED] - Delayed 1 second(s)

2018-11-26 19:06:53 - [TEST_STEP][PASSED] - click: Object: 'Object Repository/Backoffice/match_mgmt/span_select_arena_name' is clicked on

2018-11-26 19:06:53 - [MESSAGE][PASSED] - Object: 'Object Repository/Backoffice/match_mgmt/span_select_arena_name' is clicked on

2018-11-26 19:06:53 - [TEST_STEP][PASSED] - setText: Text 'PASIG SQUARE GARDEN - PSG' is set on object 'Object Repository/Backoffice/match_mgmt/input__select2-search__arena_name'

2018-11-26 19:06:54 - [MESSAGE][PASSED] - Text 'PASIG SQUARE GARDEN - PSG' is set on object 'Object Repository/Backoffice/match_mgmt/input__select2-search__arena_name'

2018-11-26 19:06:54 - [TEST_STEP][PASSED] - sendKeys: Keys 'ENTER + ' sent to object: 'Object Repository/Backoffice/match_mgmt/input__select2-search__arena_name'

2018-11-26 19:06:54 - [MESSAGE][PASSED] - Keys 'ENTER + ' sent to object: 'Object Repository/Backoffice/match_mgmt/input__select2-search__arena_name'

2018-11-26 19:06:54 - [TEST_STEP][PASSED] - setText: Text 'AA' is set on object 'Object Repository/Backoffice/match_mgmt/meron_details/input_meron_name'

2018-11-26 19:06:54 - [MESSAGE][PASSED] - Text 'AA' is set on object 'Object Repository/Backoffice/match_mgmt/meron_details/input_meron_name'

2018-11-26 19:06:54 - [TEST_STEP][PASSED] - setText: Text 'Farm 1' is set on object 'Object Repository/Backoffice/match_mgmt/meron_details/input_meron_farm'

2018-11-26 19:06:54 - [MESSAGE][PASSED] - Text 'Farm 1' is set on object 'Object Repository/Backoffice/match_mgmt/meron_details/input_meron_farm'

2018-11-26 19:06:54 - [TEST_STEP][PASSED] - setText: Text 'Breed 1' is set on object 'Object Repository/Backoffice/match_mgmt/meron_details/input_meron_breed'

2018-11-26 19:06:54 - [MESSAGE][PASSED] - Text 'Breed 1' is set on object 'Object Repository/Backoffice/match_mgmt/meron_details/input_meron_breed'

2018-11-26 19:06:54 - [TEST_STEP][PASSED] - setText: Text 'Weight 1' is set on object 'Object Repository/Backoffice/match_mgmt/meron_details/input_meron_weight'

2018-11-26 19:06:54 - [MESSAGE][PASSED] - Text 'Weight 1' is set on object 'Object Repository/Backoffice/match_mgmt/meron_details/input_meron_weight'

2018-11-26 19:06:54 - [TEST_STEP][PASSED] - setText: Text 'BB' is set on object 'Object Repository/Backoffice/match_mgmt/wala_details/input_wala_name'

2018-11-26 19:06:54 - [MESSAGE][PASSED] - Text 'BB' is set on object 'Object Repository/Backoffice/match_mgmt/wala_details/input_wala_name'

2018-11-26 19:06:54 - [TEST_STEP][PASSED] - setText: Text 'Farm 2' is set on object 'Object Repository/Backoffice/match_mgmt/wala_details/input_wala_farm'

2018-11-26 19:06:54 - [MESSAGE][PASSED] - Text 'Farm 2' is set on object 'Object Repository/Backoffice/match_mgmt/wala_details/input_wala_farm'

2018-11-26 19:06:54 - [TEST_STEP][PASSED] - setText: Text 'Breed 2' is set on object 'Object Repository/Backoffice/match_mgmt/wala_details/input_wala_breed'

2018-11-26 19:06:55 - [MESSAGE][PASSED] - Text 'Breed 2' is set on object 'Object Repository/Backoffice/match_mgmt/wala_details/input_wala_breed'

2018-11-26 19:06:55 - [TEST_STEP][PASSED] - setText: Text 'Weight 2' is set on object 'Object Repository/Backoffice/match_mgmt/wala_details/input_wala_weight'

2018-11-26 19:06:55 - [MESSAGE][PASSED] - Text 'Weight 2' is set on object 'Object Repository/Backoffice/match_mgmt/wala_details/input_wala_weight'

2018-11-26 19:06:55 - [TEST_STEP][PASSED] - click: Object: 'Object Repository/Backoffice/match_mgmt/input_submit_match' is clicked on

2018-11-26 19:06:56 - [MESSAGE][PASSED] - Object: 'Object Repository/Backoffice/match_mgmt/input_submit_match' is clicked on

2018-11-26 19:06:56 - [TEST_STEP][PASSED] - delay: Delayed 1 second(s)

2018-11-26 19:06:57 - [MESSAGE][PASSED] - Delayed 1 second(s)

2018-11-26 19:06:57 - [TEST_STEP][PASSED] - click: Object: 'Object Repository/Backoffice/match_mgmt/button_create_match' is clicked on

2018-11-26 19:06:57 - [MESSAGE][PASSED] - Object: 'Object Repository/Backoffice/match_mgmt/button_create_match' is clicked on

2018-11-26 19:06:57 - [TEST_STEP][PASSED] - delay: Delayed 1 second(s)

2018-11-26 19:06:58 - [MESSAGE][PASSED] - Delayed 1 second(s)

2018-11-26 19:06:58 - [TEST_STEP][PASSED] - click: Object: 'Object Repository/Backoffice/match_mgmt/span_select_arena_name' is clicked on

2018-11-26 19:06:58 - [MESSAGE][PASSED] - Object: 'Object Repository/Backoffice/match_mgmt/span_select_arena_name' is clicked on

2018-11-26 19:06:58 - [TEST_STEP][PASSED] - setText: Text 'PASIG SQUARE GARDEN - PSG' is set on object 'Object Repository/Backoffice/match_mgmt/input__select2-search__arena_name'

2018-11-26 19:06:58 - [MESSAGE][PASSED] - Text 'PASIG SQUARE GARDEN - PSG' is set on object 'Object Repository/Backoffice/match_mgmt/input__select2-search__arena_name'

2018-11-26 19:06:58 - [TEST_STEP][PASSED] - sendKeys: Keys 'ENTER + ' sent to object: 'Object Repository/Backoffice/match_mgmt/input__select2-search__arena_name'

2018-11-26 19:06:58 - [MESSAGE][PASSED] - Keys 'ENTER + ' sent to object: 'Object Repository/Backoffice/match_mgmt/input__select2-search__arena_name'

2018-11-26 19:06:58 - [TEST_STEP][PASSED] - setText: Text 'AA' is set on object 'Object Repository/Backoffice/match_mgmt/meron_details/input_meron_name'

2018-11-26 19:06:59 - [MESSAGE][PASSED] - Text 'AA' is set on object 'Object Repository/Backoffice/match_mgmt/meron_details/input_meron_name'

2018-11-26 19:06:59 - [TEST_STEP][PASSED] - setText: Text 'Farm 1' is set on object 'Object Repository/Backoffice/match_mgmt/meron_details/input_meron_farm'

2018-11-26 19:06:59 - [MESSAGE][PASSED] - Text 'Farm 1' is set on object 'Object Repository/Backoffice/match_mgmt/meron_details/input_meron_farm'

2018-11-26 19:06:59 - [TEST_STEP][PASSED] - setText: Text 'Breed 1' is set on object 'Object Repository/Backoffice/match_mgmt/meron_details/input_meron_breed'

2018-11-26 19:06:59 - [MESSAGE][PASSED] - Text 'Breed 1' is set on object 'Object Repository/Backoffice/match_mgmt/meron_details/input_meron_breed'

2018-11-26 19:06:59 - [TEST_STEP][PASSED] - setText: Text 'Weight 1' is set on object 'Object Repository/Backoffice/match_mgmt/meron_details/input_meron_weight'

2018-11-26 19:06:59 - [MESSAGE][PASSED] - Text 'Weight 1' is set on object 'Object Repository/Backoffice/match_mgmt/meron_details/input_meron_weight'

2018-11-26 19:06:59 - [TEST_STEP][PASSED] - setText: Text 'BB' is set on object 'Object Repository/Backoffice/match_mgmt/wala_details/input_wala_name'

2018-11-26 19:06:59 - [MESSAGE][PASSED] - Text 'BB' is set on object 'Object Repository/Backoffice/match_mgmt/wala_details/input_wala_name'

2018-11-26 19:06:59 - [TEST_STEP][PASSED] - setText: Text 'Farm 2' is set on object 'Object Repository/Backoffice/match_mgmt/wala_details/input_wala_farm'

2018-11-26 19:06:59 - [MESSAGE][PASSED] - Text 'Farm 2' is set on object 'Object Repository/Backoffice/match_mgmt/wala_details/input_wala_farm'

2018-11-26 19:06:59 - [TEST_STEP][PASSED] - setText: Text 'Breed 2' is set on object 'Object Repository/Backoffice/match_mgmt/wala_details/input_wala_breed'

2018-11-26 19:06:59 - [MESSAGE][PASSED] - Text 'Breed 2' is set on object 'Object Repository/Backoffice/match_mgmt/wala_details/input_wala_breed'

2018-11-26 19:06:59 - [TEST_STEP][PASSED] - setText: Text 'Weight 2' is set on object 'Object Repository/Backoffice/match_mgmt/wala_details/input_wala_weight'

2018-11-26 19:06:59 - [MESSAGE][PASSED] - Text 'Weight 2' is set on object 'Object Repository/Backoffice/match_mgmt/wala_details/input_wala_weight'

2018-11-26 19:06:59 - [TEST_STEP][PASSED] - click: Object: 'Object Repository/Backoffice/match_mgmt/input_submit_match' is clicked on

2018-11-26 19:07:01 - [MESSAGE][PASSED] - Object: 'Object Repository/Backoffice/match_mgmt/input_submit_match' is clicked on

2018-11-26 19:07:01 - [TEST_STEP][PASSED] - delay: Delayed 1 second(s)

2018-11-26 19:07:02 - [MESSAGE][PASSED] - Delayed 1 second(s)]]></system-out>
         <system-err><![CDATA[]]></system-err>
      </testcase>
      <system-out><![CDATA[2018-11-26 18:54:03 - [TEST_SUITE][PASSED] - 160_match: Test Cases/Backoffice/create_match/create_match]]></system-out>
      <system-err><![CDATA[]]></system-err>
   </testsuite>
</testsuites>
