<?xml version="1.0" encoding="UTF-8"?>
<testsuites name="match_ASC" time="175" tests="1" failures="0" errors="0">
   <testsuite name="match_ASC" tests="1" failures="0" errors="0" time="175" timestamp="2018-12-10 08:43:42" hostname="Administrator - WIN-A9QUABO2G0M" id="Test Suites/Backoffice/create_match/create_match_loop_with_open_match/match_ASC">
      <properties>
         <property name="deviceName" value=""/>
         <property name="devicePlatform" value=""/>
         <property name="logFolder" value="C:\\Users\\Administrator\\git\\JANINE_QA\\Reports\\Backoffice\\create_match\\create_match_loop_with_open_match\\match_ASC\\20181210_084304"/>
         <property name="logFiles" value="C:\\Users\\Administrator\\git\\JANINE_QA\\Reports\\Backoffice\\create_match\\create_match_loop_with_open_match\\match_ASC\\20181210_084304\\execution0.log"/>
         <property name="attachments" value=""/>
         <property name="hostName" value="Administrator - WIN-A9QUABO2G0M"/>
         <property name="os" value="Windows Server 2016 64bit"/>
         <property name="katalonVersion" value="5.9.1.2"/>
         <property name="browser" value="Chrome 70.0.3538.110"/>
         <property name="hostAddress" value="192.168.111.1"/>
         <property name="sessionId" value="ca737158964edd83deaf7ed193950ee7"/>
         <property name="seleniumVersion" value="3.7.1"/>
         <property name="proxyInformation" value="ProxyInformation{proxyOption=NO_PROXY, proxyServerType=HTTP, password=, proxyServerAddress=, proxyServerPort=0}"/>
         <property name="platform" value="Windows Server 2016"/>
      </properties>
      <testcase name="Test Cases/Backoffice/create_match/create_match_loop_with_open_match" classname="Test Cases/Backoffice/create_match/create_match_loop_with_open_match" status="PASSED">
         <system-out><![CDATA[2018-12-10 08:43:42 - [TEST_CASE][PASSED] - Test Cases/Backoffice/create_match/create_match_loop_with_open_match: Test Cases/Backoffice/create_match/create_match_loop_with_open_match

2018-12-10 08:43:43 - [TEST_STEP][PASSED] - mj.loginBackoffice.login(): mj.loginBackoffice.login is PASSED

2018-12-10 08:43:44 - [MESSAGE][INFO] - Starting 'Chrome' driver

2018-12-10 08:43:44 - [MESSAGE][INFO] - Action delay is set to 0 seconds

2018-12-10 08:43:49 - [MESSAGE][PASSED] - Browser is opened with url: ''

2018-12-10 08:43:50 - [MESSAGE][PASSED] - Current window maximized

2018-12-10 08:43:51 - [MESSAGE][PASSED] - Navigate to 'http://staging-admin.ucf88.com/login' successfully

2018-12-10 08:43:52 - [MESSAGE][PASSED] - Text 'janine' is set on object 'Object Repository/Backoffice/login_page/input_username'

2018-12-10 08:43:52 - [MESSAGE][PASSED] - Text ****** has been set on object 'Object Repository/Backoffice/login_page/input_password'

2018-12-10 08:43:54 - [MESSAGE][PASSED] - Object: 'Object Repository/Backoffice/login_page/button_login' is clicked on

2018-12-10 08:43:54 - [MESSAGE][PASSED] - mj.loginBackoffice.login is PASSED

2018-12-10 08:43:54 - [TEST_STEP][PASSED] - mouseOver(findTestObject("Backoffice/headers/span_betting")): Object: 'Object Repository/Backoffice/headers/span_betting' is hovered

2018-12-10 08:43:55 - [MESSAGE][PASSED] - Object: 'Object Repository/Backoffice/headers/span_betting' is hovered

2018-12-10 08:43:55 - [TEST_STEP][PASSED] - delay(1): Delayed 1 second(s)

2018-12-10 08:43:56 - [MESSAGE][PASSED] - Delayed 1 second(s)

2018-12-10 08:43:56 - [TEST_STEP][PASSED] - waitForElementVisible(findTestObject("Backoffice/headers/span_match"), 2): Object 'Object Repository/Backoffice/headers/span_match' is visible

2018-12-10 08:43:56 - [MESSAGE][PASSED] - Object 'Object Repository/Backoffice/headers/span_match' is visible

2018-12-10 08:43:56 - [TEST_STEP][PASSED] - click(findTestObject("Backoffice/headers/span_match")): Object: 'Object Repository/Backoffice/headers/span_match' is clicked on

2018-12-10 08:43:58 - [MESSAGE][PASSED] - Object: 'Object Repository/Backoffice/headers/span_match' is clicked on

2018-12-10 08:43:58 - [TEST_STEP][PASSED] - delay(1): Delayed 1 second(s)

2018-12-10 08:43:59 - [MESSAGE][PASSED] - Delayed 1 second(s)

2018-12-10 08:43:59 - [TEST_STEP][PASSED] - verifyElementPresent(findTestObject("Backoffice/match_mgmt/button_create_match"), 2): Object 'Object Repository/Backoffice/match_mgmt/button_create_match' is present

2018-12-10 08:43:59 - [MESSAGE][PASSED] - Object 'Object Repository/Backoffice/match_mgmt/button_create_match' is present

2018-12-10 08:43:59 - [TEST_STEP][PASSED] - click(findTestObject("Backoffice/match_mgmt/button_create_match")): Object: 'Object Repository/Backoffice/match_mgmt/button_create_match' is clicked on

2018-12-10 08:43:59 - [MESSAGE][PASSED] - Object: 'Object Repository/Backoffice/match_mgmt/button_create_match' is clicked on

2018-12-10 08:43:59 - [TEST_STEP][PASSED] - delay(1): Delayed 1 second(s)

2018-12-10 08:44:00 - [MESSAGE][PASSED] - Delayed 1 second(s)

2018-12-10 08:44:00 - [TEST_STEP][PASSED] - click(findTestObject("Backoffice/match_mgmt/span_select_arena_name")): Object: 'Object Repository/Backoffice/match_mgmt/span_select_arena_name' is clicked on

2018-12-10 08:44:00 - [MESSAGE][PASSED] - Object: 'Object Repository/Backoffice/match_mgmt/span_select_arena_name' is clicked on

2018-12-10 08:44:00 - [TEST_STEP][PASSED] - setText(findTestObject("Backoffice/match_mgmt/input__select2-search__arena_name"), Arena_Acronym): Text 'ALIXANDRA SPORTS COMPLEX - ASC' is set on object 'Object Repository/Backoffice/match_mgmt/input__select2-search__arena_name'

2018-12-10 08:44:01 - [MESSAGE][PASSED] - Text 'ALIXANDRA SPORTS COMPLEX - ASC' is set on object 'Object Repository/Backoffice/match_mgmt/input__select2-search__arena_name'

2018-12-10 08:44:01 - [TEST_STEP][PASSED] - sendKeys(findTestObject("Backoffice/match_mgmt/input__select2-search__arena_name"), Keys.chord(ENTER)): Keys 'ENTER + ' sent to object: 'Object Repository/Backoffice/match_mgmt/input__select2-search__arena_name'

2018-12-10 08:44:01 - [MESSAGE][PASSED] - Keys 'ENTER + ' sent to object: 'Object Repository/Backoffice/match_mgmt/input__select2-search__arena_name'

2018-12-10 08:44:01 - [TEST_STEP][PASSED] - setText(findTestObject("Backoffice/match_mgmt/meron_details/input_meron_name"), Meron_Name): Text 'AA' is set on object 'Object Repository/Backoffice/match_mgmt/meron_details/input_meron_name'

2018-12-10 08:44:01 - [MESSAGE][PASSED] - Text 'AA' is set on object 'Object Repository/Backoffice/match_mgmt/meron_details/input_meron_name'

2018-12-10 08:44:01 - [TEST_STEP][PASSED] - setText(findTestObject("Backoffice/match_mgmt/meron_details/input_meron_farm"), Meron_Farm): Text 'Farm 1' is set on object 'Object Repository/Backoffice/match_mgmt/meron_details/input_meron_farm'

2018-12-10 08:44:02 - [MESSAGE][PASSED] - Text 'Farm 1' is set on object 'Object Repository/Backoffice/match_mgmt/meron_details/input_meron_farm'

2018-12-10 08:44:02 - [TEST_STEP][PASSED] - setText(findTestObject("Backoffice/match_mgmt/meron_details/input_meron_breed"), Meron_Breed): Text 'Breed 1' is set on object 'Object Repository/Backoffice/match_mgmt/meron_details/input_meron_breed'

2018-12-10 08:44:02 - [MESSAGE][PASSED] - Text 'Breed 1' is set on object 'Object Repository/Backoffice/match_mgmt/meron_details/input_meron_breed'

2018-12-10 08:44:02 - [TEST_STEP][PASSED] - setText(findTestObject("Backoffice/match_mgmt/meron_details/input_meron_weight"), Meron_Weight): Text 'Weight 1' is set on object 'Object Repository/Backoffice/match_mgmt/meron_details/input_meron_weight'

2018-12-10 08:44:03 - [MESSAGE][PASSED] - Text 'Weight 1' is set on object 'Object Repository/Backoffice/match_mgmt/meron_details/input_meron_weight'

2018-12-10 08:44:03 - [TEST_STEP][PASSED] - setText(findTestObject("Backoffice/match_mgmt/wala_details/input_wala_name"), Wala_Name): Text 'BB' is set on object 'Object Repository/Backoffice/match_mgmt/wala_details/input_wala_name'

2018-12-10 08:44:03 - [MESSAGE][PASSED] - Text 'BB' is set on object 'Object Repository/Backoffice/match_mgmt/wala_details/input_wala_name'

2018-12-10 08:44:03 - [TEST_STEP][PASSED] - setText(findTestObject("Backoffice/match_mgmt/wala_details/input_wala_farm"), Wala_Farm): Text 'Farm 2' is set on object 'Object Repository/Backoffice/match_mgmt/wala_details/input_wala_farm'

2018-12-10 08:44:03 - [MESSAGE][PASSED] - Text 'Farm 2' is set on object 'Object Repository/Backoffice/match_mgmt/wala_details/input_wala_farm'

2018-12-10 08:44:03 - [TEST_STEP][PASSED] - setText(findTestObject("Backoffice/match_mgmt/wala_details/input_wala_breed"), Wala_Breed): Text 'Breed 2' is set on object 'Object Repository/Backoffice/match_mgmt/wala_details/input_wala_breed'

2018-12-10 08:44:04 - [MESSAGE][PASSED] - Text 'Breed 2' is set on object 'Object Repository/Backoffice/match_mgmt/wala_details/input_wala_breed'

2018-12-10 08:44:04 - [TEST_STEP][PASSED] - setText(findTestObject("Backoffice/match_mgmt/wala_details/input_wala_weight"), Wala_Weight): Text 'Weight 2' is set on object 'Object Repository/Backoffice/match_mgmt/wala_details/input_wala_weight'

2018-12-10 08:44:04 - [MESSAGE][PASSED] - Text 'Weight 2' is set on object 'Object Repository/Backoffice/match_mgmt/wala_details/input_wala_weight'

2018-12-10 08:44:04 - [TEST_STEP][PASSED] - click(findTestObject("Backoffice/match_mgmt/input_submit_match")): Object: 'Object Repository/Backoffice/match_mgmt/input_submit_match' is clicked on

2018-12-10 08:44:05 - [MESSAGE][PASSED] - Object: 'Object Repository/Backoffice/match_mgmt/input_submit_match' is clicked on

2018-12-10 08:44:05 - [TEST_STEP][PASSED] - click(findTestObject("Backoffice/match_mgmt/span_link_match")): Object: 'Object Repository/Backoffice/match_mgmt/span_link_match' is clicked on

2018-12-10 08:44:06 - [MESSAGE][PASSED] - Object: 'Object Repository/Backoffice/match_mgmt/span_link_match' is clicked on

2018-12-10 08:44:06 - [TEST_STEP][PASSED] - switchToWindowIndex(1): Switched to window with index: '1'

2018-12-10 08:44:06 - [MESSAGE][PASSED] - Switched to window with index: '1'

2018-12-10 08:44:06 - [TEST_STEP][PASSED] - delay(1): Delayed 1 second(s)

2018-12-10 08:44:07 - [MESSAGE][PASSED] - Delayed 1 second(s)

2018-12-10 08:44:07 - [TEST_STEP][PASSED] - click(findTestObject("Backoffice/match_mgmt/open_match/button_open_match")): Object: 'Object Repository/Backoffice/match_mgmt/open_match/button_open_match' is clicked on

2018-12-10 08:44:08 - [MESSAGE][PASSED] - Object: 'Object Repository/Backoffice/match_mgmt/open_match/button_open_match' is clicked on

2018-12-10 08:44:08 - [TEST_STEP][PASSED] - delay(1): Delayed 1 second(s)

2018-12-10 08:44:09 - [MESSAGE][PASSED] - Delayed 1 second(s)

2018-12-10 08:44:09 - [TEST_STEP][PASSED] - waitForElementVisible(findTestObject("Backoffice/match_mgmt/settlement/button_finished_yes_i_agree"), 1): Object 'Object Repository/Backoffice/match_mgmt/settlement/button_finished_yes_i_agree' is visible

2018-12-10 08:44:09 - [MESSAGE][PASSED] - Object 'Object Repository/Backoffice/match_mgmt/settlement/button_finished_yes_i_agree' is visible

2018-12-10 08:44:09 - [TEST_STEP][PASSED] - delay(1): Delayed 1 second(s)

2018-12-10 08:44:10 - [MESSAGE][PASSED] - Delayed 1 second(s)

2018-12-10 08:44:10 - [TEST_STEP][PASSED] - click(findTestObject("Backoffice/match_mgmt/settlement/button_finished_yes_i_agree")): Object: 'Object Repository/Backoffice/match_mgmt/settlement/button_finished_yes_i_agree' is clicked on

2018-12-10 08:44:10 - [MESSAGE][PASSED] - Object: 'Object Repository/Backoffice/match_mgmt/settlement/button_finished_yes_i_agree' is clicked on

2018-12-10 08:44:10 - [TEST_STEP][PASSED] - delay(2): Delayed 2 second(s)

2018-12-10 08:44:12 - [MESSAGE][PASSED] - Delayed 2 second(s)

2018-12-10 08:44:12 - [TEST_STEP][PASSED] - closeWindowIndex(1): Window with index 1 is closed

2018-12-10 08:44:12 - [MESSAGE][PASSED] - Window with index 1 is closed

2018-12-10 08:44:12 - [TEST_STEP][PASSED] - switchToWindowIndex(0): Switched to window with index: '0'

2018-12-10 08:44:12 - [MESSAGE][PASSED] - Switched to window with index: '0'

2018-12-10 08:44:12 - [TEST_STEP][PASSED] - verifyElementPresent(findTestObject("Backoffice/match_mgmt/button_create_match"), 2): Object 'Object Repository/Backoffice/match_mgmt/button_create_match' is present

2018-12-10 08:44:13 - [MESSAGE][PASSED] - Object 'Object Repository/Backoffice/match_mgmt/button_create_match' is present

2018-12-10 08:44:13 - [TEST_STEP][PASSED] - delay(1): Delayed 1 second(s)

2018-12-10 08:44:14 - [MESSAGE][PASSED] - Delayed 1 second(s)

2018-12-10 08:44:14 - [TEST_STEP][PASSED] - for ([loop = 1, loop <= 19, (loop++)]): Delayed 1 second(s)

2018-12-10 08:44:14 - [TEST_STEP][PASSED] - click(findTestObject("Backoffice/match_mgmt/button_create_match")): Object: 'Object Repository/Backoffice/match_mgmt/button_create_match' is clicked on

2018-12-10 08:44:14 - [MESSAGE][PASSED] - Object: 'Object Repository/Backoffice/match_mgmt/button_create_match' is clicked on

2018-12-10 08:44:14 - [TEST_STEP][PASSED] - delay(1): Delayed 1 second(s)

2018-12-10 08:44:15 - [MESSAGE][PASSED] - Delayed 1 second(s)

2018-12-10 08:44:15 - [TEST_STEP][PASSED] - click(findTestObject("Backoffice/match_mgmt/span_select_arena_name")): Object: 'Object Repository/Backoffice/match_mgmt/span_select_arena_name' is clicked on

2018-12-10 08:44:15 - [MESSAGE][PASSED] - Object: 'Object Repository/Backoffice/match_mgmt/span_select_arena_name' is clicked on

2018-12-10 08:44:15 - [TEST_STEP][PASSED] - setText(findTestObject("Backoffice/match_mgmt/input__select2-search__arena_name"), Arena_Acronym): Text 'ALIXANDRA SPORTS COMPLEX - ASC' is set on object 'Object Repository/Backoffice/match_mgmt/input__select2-search__arena_name'

2018-12-10 08:44:16 - [MESSAGE][PASSED] - Text 'ALIXANDRA SPORTS COMPLEX - ASC' is set on object 'Object Repository/Backoffice/match_mgmt/input__select2-search__arena_name'

2018-12-10 08:44:16 - [TEST_STEP][PASSED] - sendKeys(findTestObject("Backoffice/match_mgmt/input__select2-search__arena_name"), Keys.chord(ENTER)): Keys 'ENTER + ' sent to object: 'Object Repository/Backoffice/match_mgmt/input__select2-search__arena_name'

2018-12-10 08:44:16 - [MESSAGE][PASSED] - Keys 'ENTER + ' sent to object: 'Object Repository/Backoffice/match_mgmt/input__select2-search__arena_name'

2018-12-10 08:44:16 - [TEST_STEP][PASSED] - setText(findTestObject("Backoffice/match_mgmt/meron_details/input_meron_name"), Meron_Name): Text 'AA' is set on object 'Object Repository/Backoffice/match_mgmt/meron_details/input_meron_name'

2018-12-10 08:44:16 - [MESSAGE][PASSED] - Text 'AA' is set on object 'Object Repository/Backoffice/match_mgmt/meron_details/input_meron_name'

2018-12-10 08:44:16 - [TEST_STEP][PASSED] - setText(findTestObject("Backoffice/match_mgmt/meron_details/input_meron_farm"), Meron_Farm): Text 'Farm 1' is set on object 'Object Repository/Backoffice/match_mgmt/meron_details/input_meron_farm'

2018-12-10 08:44:17 - [MESSAGE][PASSED] - Text 'Farm 1' is set on object 'Object Repository/Backoffice/match_mgmt/meron_details/input_meron_farm'

2018-12-10 08:44:17 - [TEST_STEP][PASSED] - setText(findTestObject("Backoffice/match_mgmt/meron_details/input_meron_breed"), Meron_Breed): Text 'Breed 1' is set on object 'Object Repository/Backoffice/match_mgmt/meron_details/input_meron_breed'

2018-12-10 08:44:17 - [MESSAGE][PASSED] - Text 'Breed 1' is set on object 'Object Repository/Backoffice/match_mgmt/meron_details/input_meron_breed'

2018-12-10 08:44:17 - [TEST_STEP][PASSED] - setText(findTestObject("Backoffice/match_mgmt/meron_details/input_meron_weight"), Meron_Weight): Text 'Weight 1' is set on object 'Object Repository/Backoffice/match_mgmt/meron_details/input_meron_weight'

2018-12-10 08:44:17 - [MESSAGE][PASSED] - Text 'Weight 1' is set on object 'Object Repository/Backoffice/match_mgmt/meron_details/input_meron_weight'

2018-12-10 08:44:17 - [TEST_STEP][PASSED] - setText(findTestObject("Backoffice/match_mgmt/wala_details/input_wala_name"), Wala_Name): Text 'BB' is set on object 'Object Repository/Backoffice/match_mgmt/wala_details/input_wala_name'

2018-12-10 08:44:18 - [MESSAGE][PASSED] - Text 'BB' is set on object 'Object Repository/Backoffice/match_mgmt/wala_details/input_wala_name'

2018-12-10 08:44:18 - [TEST_STEP][PASSED] - setText(findTestObject("Backoffice/match_mgmt/wala_details/input_wala_farm"), Wala_Farm): Text 'Farm 2' is set on object 'Object Repository/Backoffice/match_mgmt/wala_details/input_wala_farm'

2018-12-10 08:44:18 - [MESSAGE][PASSED] - Text 'Farm 2' is set on object 'Object Repository/Backoffice/match_mgmt/wala_details/input_wala_farm'

2018-12-10 08:44:18 - [TEST_STEP][PASSED] - setText(findTestObject("Backoffice/match_mgmt/wala_details/input_wala_breed"), Wala_Breed): Text 'Breed 2' is set on object 'Object Repository/Backoffice/match_mgmt/wala_details/input_wala_breed'

2018-12-10 08:44:18 - [MESSAGE][PASSED] - Text 'Breed 2' is set on object 'Object Repository/Backoffice/match_mgmt/wala_details/input_wala_breed'

2018-12-10 08:44:18 - [TEST_STEP][PASSED] - setText(findTestObject("Backoffice/match_mgmt/wala_details/input_wala_weight"), Wala_Weight): Text 'Weight 2' is set on object 'Object Repository/Backoffice/match_mgmt/wala_details/input_wala_weight'

2018-12-10 08:44:19 - [MESSAGE][PASSED] - Text 'Weight 2' is set on object 'Object Repository/Backoffice/match_mgmt/wala_details/input_wala_weight'

2018-12-10 08:44:19 - [TEST_STEP][PASSED] - click(findTestObject("Backoffice/match_mgmt/input_submit_match")): Object: 'Object Repository/Backoffice/match_mgmt/input_submit_match' is clicked on

2018-12-10 08:44:20 - [MESSAGE][PASSED] - Object: 'Object Repository/Backoffice/match_mgmt/input_submit_match' is clicked on

2018-12-10 08:44:20 - [TEST_STEP][PASSED] - delay(1): Delayed 1 second(s)

2018-12-10 08:44:21 - [MESSAGE][PASSED] - Delayed 1 second(s)

2018-12-10 08:44:21 - [TEST_STEP][PASSED] - click(findTestObject("Backoffice/match_mgmt/button_create_match")): Object: 'Object Repository/Backoffice/match_mgmt/button_create_match' is clicked on

2018-12-10 08:44:21 - [MESSAGE][PASSED] - Object: 'Object Repository/Backoffice/match_mgmt/button_create_match' is clicked on

2018-12-10 08:44:21 - [TEST_STEP][PASSED] - delay(1): Delayed 1 second(s)

2018-12-10 08:44:22 - [MESSAGE][PASSED] - Delayed 1 second(s)

2018-12-10 08:44:22 - [TEST_STEP][PASSED] - click(findTestObject("Backoffice/match_mgmt/span_select_arena_name")): Object: 'Object Repository/Backoffice/match_mgmt/span_select_arena_name' is clicked on

2018-12-10 08:44:23 - [MESSAGE][PASSED] - Object: 'Object Repository/Backoffice/match_mgmt/span_select_arena_name' is clicked on

2018-12-10 08:44:23 - [TEST_STEP][PASSED] - setText(findTestObject("Backoffice/match_mgmt/input__select2-search__arena_name"), Arena_Acronym): Text 'ALIXANDRA SPORTS COMPLEX - ASC' is set on object 'Object Repository/Backoffice/match_mgmt/input__select2-search__arena_name'

2018-12-10 08:44:24 - [MESSAGE][PASSED] - Text 'ALIXANDRA SPORTS COMPLEX - ASC' is set on object 'Object Repository/Backoffice/match_mgmt/input__select2-search__arena_name'

2018-12-10 08:44:24 - [TEST_STEP][PASSED] - sendKeys(findTestObject("Backoffice/match_mgmt/input__select2-search__arena_name"), Keys.chord(ENTER)): Keys 'ENTER + ' sent to object: 'Object Repository/Backoffice/match_mgmt/input__select2-search__arena_name'

2018-12-10 08:44:24 - [MESSAGE][PASSED] - Keys 'ENTER + ' sent to object: 'Object Repository/Backoffice/match_mgmt/input__select2-search__arena_name'

2018-12-10 08:44:24 - [TEST_STEP][PASSED] - setText(findTestObject("Backoffice/match_mgmt/meron_details/input_meron_name"), Meron_Name): Text 'AA' is set on object 'Object Repository/Backoffice/match_mgmt/meron_details/input_meron_name'

2018-12-10 08:44:24 - [MESSAGE][PASSED] - Text 'AA' is set on object 'Object Repository/Backoffice/match_mgmt/meron_details/input_meron_name'

2018-12-10 08:44:24 - [TEST_STEP][PASSED] - setText(findTestObject("Backoffice/match_mgmt/meron_details/input_meron_farm"), Meron_Farm): Text 'Farm 1' is set on object 'Object Repository/Backoffice/match_mgmt/meron_details/input_meron_farm'

2018-12-10 08:44:24 - [MESSAGE][PASSED] - Text 'Farm 1' is set on object 'Object Repository/Backoffice/match_mgmt/meron_details/input_meron_farm'

2018-12-10 08:44:24 - [TEST_STEP][PASSED] - setText(findTestObject("Backoffice/match_mgmt/meron_details/input_meron_breed"), Meron_Breed): Text 'Breed 1' is set on object 'Object Repository/Backoffice/match_mgmt/meron_details/input_meron_breed'

2018-12-10 08:44:25 - [MESSAGE][PASSED] - Text 'Breed 1' is set on object 'Object Repository/Backoffice/match_mgmt/meron_details/input_meron_breed'

2018-12-10 08:44:25 - [TEST_STEP][PASSED] - setText(findTestObject("Backoffice/match_mgmt/meron_details/input_meron_weight"), Meron_Weight): Text 'Weight 1' is set on object 'Object Repository/Backoffice/match_mgmt/meron_details/input_meron_weight'

2018-12-10 08:44:25 - [MESSAGE][PASSED] - Text 'Weight 1' is set on object 'Object Repository/Backoffice/match_mgmt/meron_details/input_meron_weight'

2018-12-10 08:44:25 - [TEST_STEP][PASSED] - setText(findTestObject("Backoffice/match_mgmt/wala_details/input_wala_name"), Wala_Name): Text 'BB' is set on object 'Object Repository/Backoffice/match_mgmt/wala_details/input_wala_name'

2018-12-10 08:44:25 - [MESSAGE][PASSED] - Text 'BB' is set on object 'Object Repository/Backoffice/match_mgmt/wala_details/input_wala_name'

2018-12-10 08:44:25 - [TEST_STEP][PASSED] - setText(findTestObject("Backoffice/match_mgmt/wala_details/input_wala_farm"), Wala_Farm): Text 'Farm 2' is set on object 'Object Repository/Backoffice/match_mgmt/wala_details/input_wala_farm'

2018-12-10 08:44:26 - [MESSAGE][PASSED] - Text 'Farm 2' is set on object 'Object Repository/Backoffice/match_mgmt/wala_details/input_wala_farm'

2018-12-10 08:44:26 - [TEST_STEP][PASSED] - setText(findTestObject("Backoffice/match_mgmt/wala_details/input_wala_breed"), Wala_Breed): Text 'Breed 2' is set on object 'Object Repository/Backoffice/match_mgmt/wala_details/input_wala_breed'

2018-12-10 08:44:26 - [MESSAGE][PASSED] - Text 'Breed 2' is set on object 'Object Repository/Backoffice/match_mgmt/wala_details/input_wala_breed'

2018-12-10 08:44:26 - [TEST_STEP][PASSED] - setText(findTestObject("Backoffice/match_mgmt/wala_details/input_wala_weight"), Wala_Weight): Text 'Weight 2' is set on object 'Object Repository/Backoffice/match_mgmt/wala_details/input_wala_weight'

2018-12-10 08:44:26 - [MESSAGE][PASSED] - Text 'Weight 2' is set on object 'Object Repository/Backoffice/match_mgmt/wala_details/input_wala_weight'

2018-12-10 08:44:26 - [TEST_STEP][PASSED] - click(findTestObject("Backoffice/match_mgmt/input_submit_match")): Object: 'Object Repository/Backoffice/match_mgmt/input_submit_match' is clicked on

2018-12-10 08:44:28 - [MESSAGE][PASSED] - Object: 'Object Repository/Backoffice/match_mgmt/input_submit_match' is clicked on

2018-12-10 08:44:28 - [TEST_STEP][PASSED] - delay(1): Delayed 1 second(s)

2018-12-10 08:44:29 - [MESSAGE][PASSED] - Delayed 1 second(s)

2018-12-10 08:44:29 - [TEST_STEP][PASSED] - click(findTestObject("Backoffice/match_mgmt/button_create_match")): Object: 'Object Repository/Backoffice/match_mgmt/button_create_match' is clicked on

2018-12-10 08:44:29 - [MESSAGE][PASSED] - Object: 'Object Repository/Backoffice/match_mgmt/button_create_match' is clicked on

2018-12-10 08:44:29 - [TEST_STEP][PASSED] - delay(1): Delayed 1 second(s)

2018-12-10 08:44:30 - [MESSAGE][PASSED] - Delayed 1 second(s)

2018-12-10 08:44:30 - [TEST_STEP][PASSED] - click(findTestObject("Backoffice/match_mgmt/span_select_arena_name")): Object: 'Object Repository/Backoffice/match_mgmt/span_select_arena_name' is clicked on

2018-12-10 08:44:30 - [MESSAGE][PASSED] - Object: 'Object Repository/Backoffice/match_mgmt/span_select_arena_name' is clicked on

2018-12-10 08:44:30 - [TEST_STEP][PASSED] - setText(findTestObject("Backoffice/match_mgmt/input__select2-search__arena_name"), Arena_Acronym): Text 'ALIXANDRA SPORTS COMPLEX - ASC' is set on object 'Object Repository/Backoffice/match_mgmt/input__select2-search__arena_name'

2018-12-10 08:44:31 - [MESSAGE][PASSED] - Text 'ALIXANDRA SPORTS COMPLEX - ASC' is set on object 'Object Repository/Backoffice/match_mgmt/input__select2-search__arena_name'

2018-12-10 08:44:31 - [TEST_STEP][PASSED] - sendKeys(findTestObject("Backoffice/match_mgmt/input__select2-search__arena_name"), Keys.chord(ENTER)): Keys 'ENTER + ' sent to object: 'Object Repository/Backoffice/match_mgmt/input__select2-search__arena_name'

2018-12-10 08:44:31 - [MESSAGE][PASSED] - Keys 'ENTER + ' sent to object: 'Object Repository/Backoffice/match_mgmt/input__select2-search__arena_name'

2018-12-10 08:44:31 - [TEST_STEP][PASSED] - setText(findTestObject("Backoffice/match_mgmt/meron_details/input_meron_name"), Meron_Name): Text 'AA' is set on object 'Object Repository/Backoffice/match_mgmt/meron_details/input_meron_name'

2018-12-10 08:44:32 - [MESSAGE][PASSED] - Text 'AA' is set on object 'Object Repository/Backoffice/match_mgmt/meron_details/input_meron_name'

2018-12-10 08:44:32 - [TEST_STEP][PASSED] - setText(findTestObject("Backoffice/match_mgmt/meron_details/input_meron_farm"), Meron_Farm): Text 'Farm 1' is set on object 'Object Repository/Backoffice/match_mgmt/meron_details/input_meron_farm'

2018-12-10 08:44:32 - [MESSAGE][PASSED] - Text 'Farm 1' is set on object 'Object Repository/Backoffice/match_mgmt/meron_details/input_meron_farm'

2018-12-10 08:44:32 - [TEST_STEP][PASSED] - setText(findTestObject("Backoffice/match_mgmt/meron_details/input_meron_breed"), Meron_Breed): Text 'Breed 1' is set on object 'Object Repository/Backoffice/match_mgmt/meron_details/input_meron_breed'

2018-12-10 08:44:32 - [MESSAGE][PASSED] - Text 'Breed 1' is set on object 'Object Repository/Backoffice/match_mgmt/meron_details/input_meron_breed'

2018-12-10 08:44:32 - [TEST_STEP][PASSED] - setText(findTestObject("Backoffice/match_mgmt/meron_details/input_meron_weight"), Meron_Weight): Text 'Weight 1' is set on object 'Object Repository/Backoffice/match_mgmt/meron_details/input_meron_weight'

2018-12-10 08:44:33 - [MESSAGE][PASSED] - Text 'Weight 1' is set on object 'Object Repository/Backoffice/match_mgmt/meron_details/input_meron_weight'

2018-12-10 08:44:33 - [TEST_STEP][PASSED] - setText(findTestObject("Backoffice/match_mgmt/wala_details/input_wala_name"), Wala_Name): Text 'BB' is set on object 'Object Repository/Backoffice/match_mgmt/wala_details/input_wala_name'

2018-12-10 08:44:33 - [MESSAGE][PASSED] - Text 'BB' is set on object 'Object Repository/Backoffice/match_mgmt/wala_details/input_wala_name'

2018-12-10 08:44:33 - [TEST_STEP][PASSED] - setText(findTestObject("Backoffice/match_mgmt/wala_details/input_wala_farm"), Wala_Farm): Text 'Farm 2' is set on object 'Object Repository/Backoffice/match_mgmt/wala_details/input_wala_farm'

2018-12-10 08:44:33 - [MESSAGE][PASSED] - Text 'Farm 2' is set on object 'Object Repository/Backoffice/match_mgmt/wala_details/input_wala_farm'

2018-12-10 08:44:33 - [TEST_STEP][PASSED] - setText(findTestObject("Backoffice/match_mgmt/wala_details/input_wala_breed"), Wala_Breed): Text 'Breed 2' is set on object 'Object Repository/Backoffice/match_mgmt/wala_details/input_wala_breed'

2018-12-10 08:44:34 - [MESSAGE][PASSED] - Text 'Breed 2' is set on object 'Object Repository/Backoffice/match_mgmt/wala_details/input_wala_breed'

2018-12-10 08:44:34 - [TEST_STEP][PASSED] - setText(findTestObject("Backoffice/match_mgmt/wala_details/input_wala_weight"), Wala_Weight): Text 'Weight 2' is set on object 'Object Repository/Backoffice/match_mgmt/wala_details/input_wala_weight'

2018-12-10 08:44:34 - [MESSAGE][PASSED] - Text 'Weight 2' is set on object 'Object Repository/Backoffice/match_mgmt/wala_details/input_wala_weight'

2018-12-10 08:44:34 - [TEST_STEP][PASSED] - click(findTestObject("Backoffice/match_mgmt/input_submit_match")): Object: 'Object Repository/Backoffice/match_mgmt/input_submit_match' is clicked on

2018-12-10 08:44:35 - [MESSAGE][PASSED] - Object: 'Object Repository/Backoffice/match_mgmt/input_submit_match' is clicked on

2018-12-10 08:44:35 - [TEST_STEP][PASSED] - delay(1): Delayed 1 second(s)

2018-12-10 08:44:36 - [MESSAGE][PASSED] - Delayed 1 second(s)

2018-12-10 08:44:36 - [TEST_STEP][PASSED] - click(findTestObject("Backoffice/match_mgmt/button_create_match")): Object: 'Object Repository/Backoffice/match_mgmt/button_create_match' is clicked on

2018-12-10 08:44:37 - [MESSAGE][PASSED] - Object: 'Object Repository/Backoffice/match_mgmt/button_create_match' is clicked on

2018-12-10 08:44:37 - [TEST_STEP][PASSED] - delay(1): Delayed 1 second(s)

2018-12-10 08:44:38 - [MESSAGE][PASSED] - Delayed 1 second(s)

2018-12-10 08:44:38 - [TEST_STEP][PASSED] - click(findTestObject("Backoffice/match_mgmt/span_select_arena_name")): Object: 'Object Repository/Backoffice/match_mgmt/span_select_arena_name' is clicked on

2018-12-10 08:44:38 - [MESSAGE][PASSED] - Object: 'Object Repository/Backoffice/match_mgmt/span_select_arena_name' is clicked on

2018-12-10 08:44:38 - [TEST_STEP][PASSED] - setText(findTestObject("Backoffice/match_mgmt/input__select2-search__arena_name"), Arena_Acronym): Text 'ALIXANDRA SPORTS COMPLEX - ASC' is set on object 'Object Repository/Backoffice/match_mgmt/input__select2-search__arena_name'

2018-12-10 08:44:39 - [MESSAGE][PASSED] - Text 'ALIXANDRA SPORTS COMPLEX - ASC' is set on object 'Object Repository/Backoffice/match_mgmt/input__select2-search__arena_name'

2018-12-10 08:44:39 - [TEST_STEP][PASSED] - sendKeys(findTestObject("Backoffice/match_mgmt/input__select2-search__arena_name"), Keys.chord(ENTER)): Keys 'ENTER + ' sent to object: 'Object Repository/Backoffice/match_mgmt/input__select2-search__arena_name'

2018-12-10 08:44:39 - [MESSAGE][PASSED] - Keys 'ENTER + ' sent to object: 'Object Repository/Backoffice/match_mgmt/input__select2-search__arena_name'

2018-12-10 08:44:39 - [TEST_STEP][PASSED] - setText(findTestObject("Backoffice/match_mgmt/meron_details/input_meron_name"), Meron_Name): Text 'AA' is set on object 'Object Repository/Backoffice/match_mgmt/meron_details/input_meron_name'

2018-12-10 08:44:39 - [MESSAGE][PASSED] - Text 'AA' is set on object 'Object Repository/Backoffice/match_mgmt/meron_details/input_meron_name'

2018-12-10 08:44:39 - [TEST_STEP][PASSED] - setText(findTestObject("Backoffice/match_mgmt/meron_details/input_meron_farm"), Meron_Farm): Text 'Farm 1' is set on object 'Object Repository/Backoffice/match_mgmt/meron_details/input_meron_farm'

2018-12-10 08:44:40 - [MESSAGE][PASSED] - Text 'Farm 1' is set on object 'Object Repository/Backoffice/match_mgmt/meron_details/input_meron_farm'

2018-12-10 08:44:40 - [TEST_STEP][PASSED] - setText(findTestObject("Backoffice/match_mgmt/meron_details/input_meron_breed"), Meron_Breed): Text 'Breed 1' is set on object 'Object Repository/Backoffice/match_mgmt/meron_details/input_meron_breed'

2018-12-10 08:44:40 - [MESSAGE][PASSED] - Text 'Breed 1' is set on object 'Object Repository/Backoffice/match_mgmt/meron_details/input_meron_breed'

2018-12-10 08:44:40 - [TEST_STEP][PASSED] - setText(findTestObject("Backoffice/match_mgmt/meron_details/input_meron_weight"), Meron_Weight): Text 'Weight 1' is set on object 'Object Repository/Backoffice/match_mgmt/meron_details/input_meron_weight'

2018-12-10 08:44:40 - [MESSAGE][PASSED] - Text 'Weight 1' is set on object 'Object Repository/Backoffice/match_mgmt/meron_details/input_meron_weight'

2018-12-10 08:44:40 - [TEST_STEP][PASSED] - setText(findTestObject("Backoffice/match_mgmt/wala_details/input_wala_name"), Wala_Name): Text 'BB' is set on object 'Object Repository/Backoffice/match_mgmt/wala_details/input_wala_name'

2018-12-10 08:44:40 - [MESSAGE][PASSED] - Text 'BB' is set on object 'Object Repository/Backoffice/match_mgmt/wala_details/input_wala_name'

2018-12-10 08:44:40 - [TEST_STEP][PASSED] - setText(findTestObject("Backoffice/match_mgmt/wala_details/input_wala_farm"), Wala_Farm): Text 'Farm 2' is set on object 'Object Repository/Backoffice/match_mgmt/wala_details/input_wala_farm'

2018-12-10 08:44:41 - [MESSAGE][PASSED] - Text 'Farm 2' is set on object 'Object Repository/Backoffice/match_mgmt/wala_details/input_wala_farm'

2018-12-10 08:44:41 - [TEST_STEP][PASSED] - setText(findTestObject("Backoffice/match_mgmt/wala_details/input_wala_breed"), Wala_Breed): Text 'Breed 2' is set on object 'Object Repository/Backoffice/match_mgmt/wala_details/input_wala_breed'

2018-12-10 08:44:41 - [MESSAGE][PASSED] - Text 'Breed 2' is set on object 'Object Repository/Backoffice/match_mgmt/wala_details/input_wala_breed'

2018-12-10 08:44:41 - [TEST_STEP][PASSED] - setText(findTestObject("Backoffice/match_mgmt/wala_details/input_wala_weight"), Wala_Weight): Text 'Weight 2' is set on object 'Object Repository/Backoffice/match_mgmt/wala_details/input_wala_weight'

2018-12-10 08:44:41 - [MESSAGE][PASSED] - Text 'Weight 2' is set on object 'Object Repository/Backoffice/match_mgmt/wala_details/input_wala_weight'

2018-12-10 08:44:41 - [TEST_STEP][PASSED] - click(findTestObject("Backoffice/match_mgmt/input_submit_match")): Object: 'Object Repository/Backoffice/match_mgmt/input_submit_match' is clicked on

2018-12-10 08:44:43 - [MESSAGE][PASSED] - Object: 'Object Repository/Backoffice/match_mgmt/input_submit_match' is clicked on

2018-12-10 08:44:43 - [TEST_STEP][PASSED] - delay(1): Delayed 1 second(s)

2018-12-10 08:44:44 - [MESSAGE][PASSED] - Delayed 1 second(s)

2018-12-10 08:44:44 - [TEST_STEP][PASSED] - click(findTestObject("Backoffice/match_mgmt/button_create_match")): Object: 'Object Repository/Backoffice/match_mgmt/button_create_match' is clicked on

2018-12-10 08:44:44 - [MESSAGE][PASSED] - Object: 'Object Repository/Backoffice/match_mgmt/button_create_match' is clicked on

2018-12-10 08:44:44 - [TEST_STEP][PASSED] - delay(1): Delayed 1 second(s)

2018-12-10 08:44:45 - [MESSAGE][PASSED] - Delayed 1 second(s)

2018-12-10 08:44:45 - [TEST_STEP][PASSED] - click(findTestObject("Backoffice/match_mgmt/span_select_arena_name")): Object: 'Object Repository/Backoffice/match_mgmt/span_select_arena_name' is clicked on

2018-12-10 08:44:45 - [MESSAGE][PASSED] - Object: 'Object Repository/Backoffice/match_mgmt/span_select_arena_name' is clicked on

2018-12-10 08:44:45 - [TEST_STEP][PASSED] - setText(findTestObject("Backoffice/match_mgmt/input__select2-search__arena_name"), Arena_Acronym): Text 'ALIXANDRA SPORTS COMPLEX - ASC' is set on object 'Object Repository/Backoffice/match_mgmt/input__select2-search__arena_name'

2018-12-10 08:44:46 - [MESSAGE][PASSED] - Text 'ALIXANDRA SPORTS COMPLEX - ASC' is set on object 'Object Repository/Backoffice/match_mgmt/input__select2-search__arena_name'

2018-12-10 08:44:46 - [TEST_STEP][PASSED] - sendKeys(findTestObject("Backoffice/match_mgmt/input__select2-search__arena_name"), Keys.chord(ENTER)): Keys 'ENTER + ' sent to object: 'Object Repository/Backoffice/match_mgmt/input__select2-search__arena_name'

2018-12-10 08:44:47 - [MESSAGE][PASSED] - Keys 'ENTER + ' sent to object: 'Object Repository/Backoffice/match_mgmt/input__select2-search__arena_name'

2018-12-10 08:44:47 - [TEST_STEP][PASSED] - setText(findTestObject("Backoffice/match_mgmt/meron_details/input_meron_name"), Meron_Name): Text 'AA' is set on object 'Object Repository/Backoffice/match_mgmt/meron_details/input_meron_name'

2018-12-10 08:44:47 - [MESSAGE][PASSED] - Text 'AA' is set on object 'Object Repository/Backoffice/match_mgmt/meron_details/input_meron_name'

2018-12-10 08:44:47 - [TEST_STEP][PASSED] - setText(findTestObject("Backoffice/match_mgmt/meron_details/input_meron_farm"), Meron_Farm): Text 'Farm 1' is set on object 'Object Repository/Backoffice/match_mgmt/meron_details/input_meron_farm'

2018-12-10 08:44:47 - [MESSAGE][PASSED] - Text 'Farm 1' is set on object 'Object Repository/Backoffice/match_mgmt/meron_details/input_meron_farm'

2018-12-10 08:44:47 - [TEST_STEP][PASSED] - setText(findTestObject("Backoffice/match_mgmt/meron_details/input_meron_breed"), Meron_Breed): Text 'Breed 1' is set on object 'Object Repository/Backoffice/match_mgmt/meron_details/input_meron_breed'

2018-12-10 08:44:47 - [MESSAGE][PASSED] - Text 'Breed 1' is set on object 'Object Repository/Backoffice/match_mgmt/meron_details/input_meron_breed'

2018-12-10 08:44:47 - [TEST_STEP][PASSED] - setText(findTestObject("Backoffice/match_mgmt/meron_details/input_meron_weight"), Meron_Weight): Text 'Weight 1' is set on object 'Object Repository/Backoffice/match_mgmt/meron_details/input_meron_weight'

2018-12-10 08:44:48 - [MESSAGE][PASSED] - Text 'Weight 1' is set on object 'Object Repository/Backoffice/match_mgmt/meron_details/input_meron_weight'

2018-12-10 08:44:48 - [TEST_STEP][PASSED] - setText(findTestObject("Backoffice/match_mgmt/wala_details/input_wala_name"), Wala_Name): Text 'BB' is set on object 'Object Repository/Backoffice/match_mgmt/wala_details/input_wala_name'

2018-12-10 08:44:48 - [MESSAGE][PASSED] - Text 'BB' is set on object 'Object Repository/Backoffice/match_mgmt/wala_details/input_wala_name'

2018-12-10 08:44:48 - [TEST_STEP][PASSED] - setText(findTestObject("Backoffice/match_mgmt/wala_details/input_wala_farm"), Wala_Farm): Text 'Farm 2' is set on object 'Object Repository/Backoffice/match_mgmt/wala_details/input_wala_farm'

2018-12-10 08:44:48 - [MESSAGE][PASSED] - Text 'Farm 2' is set on object 'Object Repository/Backoffice/match_mgmt/wala_details/input_wala_farm'

2018-12-10 08:44:48 - [TEST_STEP][PASSED] - setText(findTestObject("Backoffice/match_mgmt/wala_details/input_wala_breed"), Wala_Breed): Text 'Breed 2' is set on object 'Object Repository/Backoffice/match_mgmt/wala_details/input_wala_breed'

2018-12-10 08:44:49 - [MESSAGE][PASSED] - Text 'Breed 2' is set on object 'Object Repository/Backoffice/match_mgmt/wala_details/input_wala_breed'

2018-12-10 08:44:49 - [TEST_STEP][PASSED] - setText(findTestObject("Backoffice/match_mgmt/wala_details/input_wala_weight"), Wala_Weight): Text 'Weight 2' is set on object 'Object Repository/Backoffice/match_mgmt/wala_details/input_wala_weight'

2018-12-10 08:44:49 - [MESSAGE][PASSED] - Text 'Weight 2' is set on object 'Object Repository/Backoffice/match_mgmt/wala_details/input_wala_weight'

2018-12-10 08:44:49 - [TEST_STEP][PASSED] - click(findTestObject("Backoffice/match_mgmt/input_submit_match")): Object: 'Object Repository/Backoffice/match_mgmt/input_submit_match' is clicked on

2018-12-10 08:44:51 - [MESSAGE][PASSED] - Object: 'Object Repository/Backoffice/match_mgmt/input_submit_match' is clicked on

2018-12-10 08:44:51 - [TEST_STEP][PASSED] - delay(1): Delayed 1 second(s)

2018-12-10 08:44:52 - [MESSAGE][PASSED] - Delayed 1 second(s)

2018-12-10 08:44:52 - [TEST_STEP][PASSED] - click(findTestObject("Backoffice/match_mgmt/button_create_match")): Object: 'Object Repository/Backoffice/match_mgmt/button_create_match' is clicked on

2018-12-10 08:44:52 - [MESSAGE][PASSED] - Object: 'Object Repository/Backoffice/match_mgmt/button_create_match' is clicked on

2018-12-10 08:44:52 - [TEST_STEP][PASSED] - delay(1): Delayed 1 second(s)

2018-12-10 08:44:53 - [MESSAGE][PASSED] - Delayed 1 second(s)

2018-12-10 08:44:53 - [TEST_STEP][PASSED] - click(findTestObject("Backoffice/match_mgmt/span_select_arena_name")): Object: 'Object Repository/Backoffice/match_mgmt/span_select_arena_name' is clicked on

2018-12-10 08:44:53 - [MESSAGE][PASSED] - Object: 'Object Repository/Backoffice/match_mgmt/span_select_arena_name' is clicked on

2018-12-10 08:44:53 - [TEST_STEP][PASSED] - setText(findTestObject("Backoffice/match_mgmt/input__select2-search__arena_name"), Arena_Acronym): Text 'ALIXANDRA SPORTS COMPLEX - ASC' is set on object 'Object Repository/Backoffice/match_mgmt/input__select2-search__arena_name'

2018-12-10 08:44:54 - [MESSAGE][PASSED] - Text 'ALIXANDRA SPORTS COMPLEX - ASC' is set on object 'Object Repository/Backoffice/match_mgmt/input__select2-search__arena_name'

2018-12-10 08:44:54 - [TEST_STEP][PASSED] - sendKeys(findTestObject("Backoffice/match_mgmt/input__select2-search__arena_name"), Keys.chord(ENTER)): Keys 'ENTER + ' sent to object: 'Object Repository/Backoffice/match_mgmt/input__select2-search__arena_name'

2018-12-10 08:44:54 - [MESSAGE][PASSED] - Keys 'ENTER + ' sent to object: 'Object Repository/Backoffice/match_mgmt/input__select2-search__arena_name'

2018-12-10 08:44:54 - [TEST_STEP][PASSED] - setText(findTestObject("Backoffice/match_mgmt/meron_details/input_meron_name"), Meron_Name): Text 'AA' is set on object 'Object Repository/Backoffice/match_mgmt/meron_details/input_meron_name'

2018-12-10 08:44:54 - [MESSAGE][PASSED] - Text 'AA' is set on object 'Object Repository/Backoffice/match_mgmt/meron_details/input_meron_name'

2018-12-10 08:44:54 - [TEST_STEP][PASSED] - setText(findTestObject("Backoffice/match_mgmt/meron_details/input_meron_farm"), Meron_Farm): Text 'Farm 1' is set on object 'Object Repository/Backoffice/match_mgmt/meron_details/input_meron_farm'

2018-12-10 08:44:55 - [MESSAGE][PASSED] - Text 'Farm 1' is set on object 'Object Repository/Backoffice/match_mgmt/meron_details/input_meron_farm'

2018-12-10 08:44:55 - [TEST_STEP][PASSED] - setText(findTestObject("Backoffice/match_mgmt/meron_details/input_meron_breed"), Meron_Breed): Text 'Breed 1' is set on object 'Object Repository/Backoffice/match_mgmt/meron_details/input_meron_breed'

2018-12-10 08:44:55 - [MESSAGE][PASSED] - Text 'Breed 1' is set on object 'Object Repository/Backoffice/match_mgmt/meron_details/input_meron_breed'

2018-12-10 08:44:55 - [TEST_STEP][PASSED] - setText(findTestObject("Backoffice/match_mgmt/meron_details/input_meron_weight"), Meron_Weight): Text 'Weight 1' is set on object 'Object Repository/Backoffice/match_mgmt/meron_details/input_meron_weight'

2018-12-10 08:44:55 - [MESSAGE][PASSED] - Text 'Weight 1' is set on object 'Object Repository/Backoffice/match_mgmt/meron_details/input_meron_weight'

2018-12-10 08:44:55 - [TEST_STEP][PASSED] - setText(findTestObject("Backoffice/match_mgmt/wala_details/input_wala_name"), Wala_Name): Text 'BB' is set on object 'Object Repository/Backoffice/match_mgmt/wala_details/input_wala_name'

2018-12-10 08:44:56 - [MESSAGE][PASSED] - Text 'BB' is set on object 'Object Repository/Backoffice/match_mgmt/wala_details/input_wala_name'

2018-12-10 08:44:56 - [TEST_STEP][PASSED] - setText(findTestObject("Backoffice/match_mgmt/wala_details/input_wala_farm"), Wala_Farm): Text 'Farm 2' is set on object 'Object Repository/Backoffice/match_mgmt/wala_details/input_wala_farm'

2018-12-10 08:44:56 - [MESSAGE][PASSED] - Text 'Farm 2' is set on object 'Object Repository/Backoffice/match_mgmt/wala_details/input_wala_farm'

2018-12-10 08:44:56 - [TEST_STEP][PASSED] - setText(findTestObject("Backoffice/match_mgmt/wala_details/input_wala_breed"), Wala_Breed): Text 'Breed 2' is set on object 'Object Repository/Backoffice/match_mgmt/wala_details/input_wala_breed'

2018-12-10 08:44:56 - [MESSAGE][PASSED] - Text 'Breed 2' is set on object 'Object Repository/Backoffice/match_mgmt/wala_details/input_wala_breed'

2018-12-10 08:44:56 - [TEST_STEP][PASSED] - setText(findTestObject("Backoffice/match_mgmt/wala_details/input_wala_weight"), Wala_Weight): Text 'Weight 2' is set on object 'Object Repository/Backoffice/match_mgmt/wala_details/input_wala_weight'

2018-12-10 08:44:57 - [MESSAGE][PASSED] - Text 'Weight 2' is set on object 'Object Repository/Backoffice/match_mgmt/wala_details/input_wala_weight'

2018-12-10 08:44:57 - [TEST_STEP][PASSED] - click(findTestObject("Backoffice/match_mgmt/input_submit_match")): Object: 'Object Repository/Backoffice/match_mgmt/input_submit_match' is clicked on

2018-12-10 08:44:58 - [MESSAGE][PASSED] - Object: 'Object Repository/Backoffice/match_mgmt/input_submit_match' is clicked on

2018-12-10 08:44:58 - [TEST_STEP][PASSED] - delay(1): Delayed 1 second(s)

2018-12-10 08:44:59 - [MESSAGE][PASSED] - Delayed 1 second(s)

2018-12-10 08:44:59 - [TEST_STEP][PASSED] - click(findTestObject("Backoffice/match_mgmt/button_create_match")): Object: 'Object Repository/Backoffice/match_mgmt/button_create_match' is clicked on

2018-12-10 08:44:59 - [MESSAGE][PASSED] - Object: 'Object Repository/Backoffice/match_mgmt/button_create_match' is clicked on

2018-12-10 08:44:59 - [TEST_STEP][PASSED] - delay(1): Delayed 1 second(s)

2018-12-10 08:45:00 - [MESSAGE][PASSED] - Delayed 1 second(s)

2018-12-10 08:45:00 - [TEST_STEP][PASSED] - click(findTestObject("Backoffice/match_mgmt/span_select_arena_name")): Object: 'Object Repository/Backoffice/match_mgmt/span_select_arena_name' is clicked on

2018-12-10 08:45:01 - [MESSAGE][PASSED] - Object: 'Object Repository/Backoffice/match_mgmt/span_select_arena_name' is clicked on

2018-12-10 08:45:01 - [TEST_STEP][PASSED] - setText(findTestObject("Backoffice/match_mgmt/input__select2-search__arena_name"), Arena_Acronym): Text 'ALIXANDRA SPORTS COMPLEX - ASC' is set on object 'Object Repository/Backoffice/match_mgmt/input__select2-search__arena_name'

2018-12-10 08:45:02 - [MESSAGE][PASSED] - Text 'ALIXANDRA SPORTS COMPLEX - ASC' is set on object 'Object Repository/Backoffice/match_mgmt/input__select2-search__arena_name'

2018-12-10 08:45:02 - [TEST_STEP][PASSED] - sendKeys(findTestObject("Backoffice/match_mgmt/input__select2-search__arena_name"), Keys.chord(ENTER)): Keys 'ENTER + ' sent to object: 'Object Repository/Backoffice/match_mgmt/input__select2-search__arena_name'

2018-12-10 08:45:02 - [MESSAGE][PASSED] - Keys 'ENTER + ' sent to object: 'Object Repository/Backoffice/match_mgmt/input__select2-search__arena_name'

2018-12-10 08:45:02 - [TEST_STEP][PASSED] - setText(findTestObject("Backoffice/match_mgmt/meron_details/input_meron_name"), Meron_Name): Text 'AA' is set on object 'Object Repository/Backoffice/match_mgmt/meron_details/input_meron_name'

2018-12-10 08:45:02 - [MESSAGE][PASSED] - Text 'AA' is set on object 'Object Repository/Backoffice/match_mgmt/meron_details/input_meron_name'

2018-12-10 08:45:02 - [TEST_STEP][PASSED] - setText(findTestObject("Backoffice/match_mgmt/meron_details/input_meron_farm"), Meron_Farm): Text 'Farm 1' is set on object 'Object Repository/Backoffice/match_mgmt/meron_details/input_meron_farm'

2018-12-10 08:45:02 - [MESSAGE][PASSED] - Text 'Farm 1' is set on object 'Object Repository/Backoffice/match_mgmt/meron_details/input_meron_farm'

2018-12-10 08:45:02 - [TEST_STEP][PASSED] - setText(findTestObject("Backoffice/match_mgmt/meron_details/input_meron_breed"), Meron_Breed): Text 'Breed 1' is set on object 'Object Repository/Backoffice/match_mgmt/meron_details/input_meron_breed'

2018-12-10 08:45:03 - [MESSAGE][PASSED] - Text 'Breed 1' is set on object 'Object Repository/Backoffice/match_mgmt/meron_details/input_meron_breed'

2018-12-10 08:45:03 - [TEST_STEP][PASSED] - setText(findTestObject("Backoffice/match_mgmt/meron_details/input_meron_weight"), Meron_Weight): Text 'Weight 1' is set on object 'Object Repository/Backoffice/match_mgmt/meron_details/input_meron_weight'

2018-12-10 08:45:03 - [MESSAGE][PASSED] - Text 'Weight 1' is set on object 'Object Repository/Backoffice/match_mgmt/meron_details/input_meron_weight'

2018-12-10 08:45:03 - [TEST_STEP][PASSED] - setText(findTestObject("Backoffice/match_mgmt/wala_details/input_wala_name"), Wala_Name): Text 'BB' is set on object 'Object Repository/Backoffice/match_mgmt/wala_details/input_wala_name'

2018-12-10 08:45:03 - [MESSAGE][PASSED] - Text 'BB' is set on object 'Object Repository/Backoffice/match_mgmt/wala_details/input_wala_name'

2018-12-10 08:45:03 - [TEST_STEP][PASSED] - setText(findTestObject("Backoffice/match_mgmt/wala_details/input_wala_farm"), Wala_Farm): Text 'Farm 2' is set on object 'Object Repository/Backoffice/match_mgmt/wala_details/input_wala_farm'

2018-12-10 08:45:03 - [MESSAGE][PASSED] - Text 'Farm 2' is set on object 'Object Repository/Backoffice/match_mgmt/wala_details/input_wala_farm'

2018-12-10 08:45:03 - [TEST_STEP][PASSED] - setText(findTestObject("Backoffice/match_mgmt/wala_details/input_wala_breed"), Wala_Breed): Text 'Breed 2' is set on object 'Object Repository/Backoffice/match_mgmt/wala_details/input_wala_breed'

2018-12-10 08:45:04 - [MESSAGE][PASSED] - Text 'Breed 2' is set on object 'Object Repository/Backoffice/match_mgmt/wala_details/input_wala_breed'

2018-12-10 08:45:04 - [TEST_STEP][PASSED] - setText(findTestObject("Backoffice/match_mgmt/wala_details/input_wala_weight"), Wala_Weight): Text 'Weight 2' is set on object 'Object Repository/Backoffice/match_mgmt/wala_details/input_wala_weight'

2018-12-10 08:45:04 - [MESSAGE][PASSED] - Text 'Weight 2' is set on object 'Object Repository/Backoffice/match_mgmt/wala_details/input_wala_weight'

2018-12-10 08:45:04 - [TEST_STEP][PASSED] - click(findTestObject("Backoffice/match_mgmt/input_submit_match")): Object: 'Object Repository/Backoffice/match_mgmt/input_submit_match' is clicked on

2018-12-10 08:45:05 - [MESSAGE][PASSED] - Object: 'Object Repository/Backoffice/match_mgmt/input_submit_match' is clicked on

2018-12-10 08:45:05 - [TEST_STEP][PASSED] - delay(1): Delayed 1 second(s)

2018-12-10 08:45:06 - [MESSAGE][PASSED] - Delayed 1 second(s)

2018-12-10 08:45:06 - [TEST_STEP][PASSED] - click(findTestObject("Backoffice/match_mgmt/button_create_match")): Object: 'Object Repository/Backoffice/match_mgmt/button_create_match' is clicked on

2018-12-10 08:45:07 - [MESSAGE][PASSED] - Object: 'Object Repository/Backoffice/match_mgmt/button_create_match' is clicked on

2018-12-10 08:45:07 - [TEST_STEP][PASSED] - delay(1): Delayed 1 second(s)

2018-12-10 08:45:08 - [MESSAGE][PASSED] - Delayed 1 second(s)

2018-12-10 08:45:08 - [TEST_STEP][PASSED] - click(findTestObject("Backoffice/match_mgmt/span_select_arena_name")): Object: 'Object Repository/Backoffice/match_mgmt/span_select_arena_name' is clicked on

2018-12-10 08:45:08 - [MESSAGE][PASSED] - Object: 'Object Repository/Backoffice/match_mgmt/span_select_arena_name' is clicked on

2018-12-10 08:45:08 - [TEST_STEP][PASSED] - setText(findTestObject("Backoffice/match_mgmt/input__select2-search__arena_name"), Arena_Acronym): Text 'ALIXANDRA SPORTS COMPLEX - ASC' is set on object 'Object Repository/Backoffice/match_mgmt/input__select2-search__arena_name'

2018-12-10 08:45:09 - [MESSAGE][PASSED] - Text 'ALIXANDRA SPORTS COMPLEX - ASC' is set on object 'Object Repository/Backoffice/match_mgmt/input__select2-search__arena_name'

2018-12-10 08:45:09 - [TEST_STEP][PASSED] - sendKeys(findTestObject("Backoffice/match_mgmt/input__select2-search__arena_name"), Keys.chord(ENTER)): Keys 'ENTER + ' sent to object: 'Object Repository/Backoffice/match_mgmt/input__select2-search__arena_name'

2018-12-10 08:45:09 - [MESSAGE][PASSED] - Keys 'ENTER + ' sent to object: 'Object Repository/Backoffice/match_mgmt/input__select2-search__arena_name'

2018-12-10 08:45:09 - [TEST_STEP][PASSED] - setText(findTestObject("Backoffice/match_mgmt/meron_details/input_meron_name"), Meron_Name): Text 'AA' is set on object 'Object Repository/Backoffice/match_mgmt/meron_details/input_meron_name'

2018-12-10 08:45:09 - [MESSAGE][PASSED] - Text 'AA' is set on object 'Object Repository/Backoffice/match_mgmt/meron_details/input_meron_name'

2018-12-10 08:45:09 - [TEST_STEP][PASSED] - setText(findTestObject("Backoffice/match_mgmt/meron_details/input_meron_farm"), Meron_Farm): Text 'Farm 1' is set on object 'Object Repository/Backoffice/match_mgmt/meron_details/input_meron_farm'

2018-12-10 08:45:09 - [MESSAGE][PASSED] - Text 'Farm 1' is set on object 'Object Repository/Backoffice/match_mgmt/meron_details/input_meron_farm'

2018-12-10 08:45:09 - [TEST_STEP][PASSED] - setText(findTestObject("Backoffice/match_mgmt/meron_details/input_meron_breed"), Meron_Breed): Text 'Breed 1' is set on object 'Object Repository/Backoffice/match_mgmt/meron_details/input_meron_breed'

2018-12-10 08:45:10 - [MESSAGE][PASSED] - Text 'Breed 1' is set on object 'Object Repository/Backoffice/match_mgmt/meron_details/input_meron_breed'

2018-12-10 08:45:10 - [TEST_STEP][PASSED] - setText(findTestObject("Backoffice/match_mgmt/meron_details/input_meron_weight"), Meron_Weight): Text 'Weight 1' is set on object 'Object Repository/Backoffice/match_mgmt/meron_details/input_meron_weight'

2018-12-10 08:45:10 - [MESSAGE][PASSED] - Text 'Weight 1' is set on object 'Object Repository/Backoffice/match_mgmt/meron_details/input_meron_weight'

2018-12-10 08:45:10 - [TEST_STEP][PASSED] - setText(findTestObject("Backoffice/match_mgmt/wala_details/input_wala_name"), Wala_Name): Text 'BB' is set on object 'Object Repository/Backoffice/match_mgmt/wala_details/input_wala_name'

2018-12-10 08:45:10 - [MESSAGE][PASSED] - Text 'BB' is set on object 'Object Repository/Backoffice/match_mgmt/wala_details/input_wala_name'

2018-12-10 08:45:10 - [TEST_STEP][PASSED] - setText(findTestObject("Backoffice/match_mgmt/wala_details/input_wala_farm"), Wala_Farm): Text 'Farm 2' is set on object 'Object Repository/Backoffice/match_mgmt/wala_details/input_wala_farm'

2018-12-10 08:45:11 - [MESSAGE][PASSED] - Text 'Farm 2' is set on object 'Object Repository/Backoffice/match_mgmt/wala_details/input_wala_farm'

2018-12-10 08:45:11 - [TEST_STEP][PASSED] - setText(findTestObject("Backoffice/match_mgmt/wala_details/input_wala_breed"), Wala_Breed): Text 'Breed 2' is set on object 'Object Repository/Backoffice/match_mgmt/wala_details/input_wala_breed'

2018-12-10 08:45:11 - [MESSAGE][PASSED] - Text 'Breed 2' is set on object 'Object Repository/Backoffice/match_mgmt/wala_details/input_wala_breed'

2018-12-10 08:45:11 - [TEST_STEP][PASSED] - setText(findTestObject("Backoffice/match_mgmt/wala_details/input_wala_weight"), Wala_Weight): Text 'Weight 2' is set on object 'Object Repository/Backoffice/match_mgmt/wala_details/input_wala_weight'

2018-12-10 08:45:11 - [MESSAGE][PASSED] - Text 'Weight 2' is set on object 'Object Repository/Backoffice/match_mgmt/wala_details/input_wala_weight'

2018-12-10 08:45:11 - [TEST_STEP][PASSED] - click(findTestObject("Backoffice/match_mgmt/input_submit_match")): Object: 'Object Repository/Backoffice/match_mgmt/input_submit_match' is clicked on

2018-12-10 08:45:13 - [MESSAGE][PASSED] - Object: 'Object Repository/Backoffice/match_mgmt/input_submit_match' is clicked on

2018-12-10 08:45:13 - [TEST_STEP][PASSED] - delay(1): Delayed 1 second(s)

2018-12-10 08:45:14 - [MESSAGE][PASSED] - Delayed 1 second(s)

2018-12-10 08:45:14 - [TEST_STEP][PASSED] - click(findTestObject("Backoffice/match_mgmt/button_create_match")): Object: 'Object Repository/Backoffice/match_mgmt/button_create_match' is clicked on

2018-12-10 08:45:14 - [MESSAGE][PASSED] - Object: 'Object Repository/Backoffice/match_mgmt/button_create_match' is clicked on

2018-12-10 08:45:14 - [TEST_STEP][PASSED] - delay(1): Delayed 1 second(s)

2018-12-10 08:45:15 - [MESSAGE][PASSED] - Delayed 1 second(s)

2018-12-10 08:45:15 - [TEST_STEP][PASSED] - click(findTestObject("Backoffice/match_mgmt/span_select_arena_name")): Object: 'Object Repository/Backoffice/match_mgmt/span_select_arena_name' is clicked on

2018-12-10 08:45:15 - [MESSAGE][PASSED] - Object: 'Object Repository/Backoffice/match_mgmt/span_select_arena_name' is clicked on

2018-12-10 08:45:15 - [TEST_STEP][PASSED] - setText(findTestObject("Backoffice/match_mgmt/input__select2-search__arena_name"), Arena_Acronym): Text 'ALIXANDRA SPORTS COMPLEX - ASC' is set on object 'Object Repository/Backoffice/match_mgmt/input__select2-search__arena_name'

2018-12-10 08:45:16 - [MESSAGE][PASSED] - Text 'ALIXANDRA SPORTS COMPLEX - ASC' is set on object 'Object Repository/Backoffice/match_mgmt/input__select2-search__arena_name'

2018-12-10 08:45:16 - [TEST_STEP][PASSED] - sendKeys(findTestObject("Backoffice/match_mgmt/input__select2-search__arena_name"), Keys.chord(ENTER)): Keys 'ENTER + ' sent to object: 'Object Repository/Backoffice/match_mgmt/input__select2-search__arena_name'

2018-12-10 08:45:16 - [MESSAGE][PASSED] - Keys 'ENTER + ' sent to object: 'Object Repository/Backoffice/match_mgmt/input__select2-search__arena_name'

2018-12-10 08:45:16 - [TEST_STEP][PASSED] - setText(findTestObject("Backoffice/match_mgmt/meron_details/input_meron_name"), Meron_Name): Text 'AA' is set on object 'Object Repository/Backoffice/match_mgmt/meron_details/input_meron_name'

2018-12-10 08:45:17 - [MESSAGE][PASSED] - Text 'AA' is set on object 'Object Repository/Backoffice/match_mgmt/meron_details/input_meron_name'

2018-12-10 08:45:17 - [TEST_STEP][PASSED] - setText(findTestObject("Backoffice/match_mgmt/meron_details/input_meron_farm"), Meron_Farm): Text 'Farm 1' is set on object 'Object Repository/Backoffice/match_mgmt/meron_details/input_meron_farm'

2018-12-10 08:45:17 - [MESSAGE][PASSED] - Text 'Farm 1' is set on object 'Object Repository/Backoffice/match_mgmt/meron_details/input_meron_farm'

2018-12-10 08:45:17 - [TEST_STEP][PASSED] - setText(findTestObject("Backoffice/match_mgmt/meron_details/input_meron_breed"), Meron_Breed): Text 'Breed 1' is set on object 'Object Repository/Backoffice/match_mgmt/meron_details/input_meron_breed'

2018-12-10 08:45:17 - [MESSAGE][PASSED] - Text 'Breed 1' is set on object 'Object Repository/Backoffice/match_mgmt/meron_details/input_meron_breed'

2018-12-10 08:45:17 - [TEST_STEP][PASSED] - setText(findTestObject("Backoffice/match_mgmt/meron_details/input_meron_weight"), Meron_Weight): Text 'Weight 1' is set on object 'Object Repository/Backoffice/match_mgmt/meron_details/input_meron_weight'

2018-12-10 08:45:18 - [MESSAGE][PASSED] - Text 'Weight 1' is set on object 'Object Repository/Backoffice/match_mgmt/meron_details/input_meron_weight'

2018-12-10 08:45:18 - [TEST_STEP][PASSED] - setText(findTestObject("Backoffice/match_mgmt/wala_details/input_wala_name"), Wala_Name): Text 'BB' is set on object 'Object Repository/Backoffice/match_mgmt/wala_details/input_wala_name'

2018-12-10 08:45:18 - [MESSAGE][PASSED] - Text 'BB' is set on object 'Object Repository/Backoffice/match_mgmt/wala_details/input_wala_name'

2018-12-10 08:45:18 - [TEST_STEP][PASSED] - setText(findTestObject("Backoffice/match_mgmt/wala_details/input_wala_farm"), Wala_Farm): Text 'Farm 2' is set on object 'Object Repository/Backoffice/match_mgmt/wala_details/input_wala_farm'

2018-12-10 08:45:18 - [MESSAGE][PASSED] - Text 'Farm 2' is set on object 'Object Repository/Backoffice/match_mgmt/wala_details/input_wala_farm'

2018-12-10 08:45:18 - [TEST_STEP][PASSED] - setText(findTestObject("Backoffice/match_mgmt/wala_details/input_wala_breed"), Wala_Breed): Text 'Breed 2' is set on object 'Object Repository/Backoffice/match_mgmt/wala_details/input_wala_breed'

2018-12-10 08:45:19 - [MESSAGE][PASSED] - Text 'Breed 2' is set on object 'Object Repository/Backoffice/match_mgmt/wala_details/input_wala_breed'

2018-12-10 08:45:19 - [TEST_STEP][PASSED] - setText(findTestObject("Backoffice/match_mgmt/wala_details/input_wala_weight"), Wala_Weight): Text 'Weight 2' is set on object 'Object Repository/Backoffice/match_mgmt/wala_details/input_wala_weight'

2018-12-10 08:45:19 - [MESSAGE][PASSED] - Text 'Weight 2' is set on object 'Object Repository/Backoffice/match_mgmt/wala_details/input_wala_weight'

2018-12-10 08:45:19 - [TEST_STEP][PASSED] - click(findTestObject("Backoffice/match_mgmt/input_submit_match")): Object: 'Object Repository/Backoffice/match_mgmt/input_submit_match' is clicked on

2018-12-10 08:45:21 - [MESSAGE][PASSED] - Object: 'Object Repository/Backoffice/match_mgmt/input_submit_match' is clicked on

2018-12-10 08:45:21 - [TEST_STEP][PASSED] - delay(1): Delayed 1 second(s)

2018-12-10 08:45:22 - [MESSAGE][PASSED] - Delayed 1 second(s)

2018-12-10 08:45:22 - [TEST_STEP][PASSED] - click(findTestObject("Backoffice/match_mgmt/button_create_match")): Object: 'Object Repository/Backoffice/match_mgmt/button_create_match' is clicked on

2018-12-10 08:45:22 - [MESSAGE][PASSED] - Object: 'Object Repository/Backoffice/match_mgmt/button_create_match' is clicked on

2018-12-10 08:45:22 - [TEST_STEP][PASSED] - delay(1): Delayed 1 second(s)

2018-12-10 08:45:23 - [MESSAGE][PASSED] - Delayed 1 second(s)

2018-12-10 08:45:23 - [TEST_STEP][PASSED] - click(findTestObject("Backoffice/match_mgmt/span_select_arena_name")): Object: 'Object Repository/Backoffice/match_mgmt/span_select_arena_name' is clicked on

2018-12-10 08:45:23 - [MESSAGE][PASSED] - Object: 'Object Repository/Backoffice/match_mgmt/span_select_arena_name' is clicked on

2018-12-10 08:45:23 - [TEST_STEP][PASSED] - setText(findTestObject("Backoffice/match_mgmt/input__select2-search__arena_name"), Arena_Acronym): Text 'ALIXANDRA SPORTS COMPLEX - ASC' is set on object 'Object Repository/Backoffice/match_mgmt/input__select2-search__arena_name'

2018-12-10 08:45:24 - [MESSAGE][PASSED] - Text 'ALIXANDRA SPORTS COMPLEX - ASC' is set on object 'Object Repository/Backoffice/match_mgmt/input__select2-search__arena_name'

2018-12-10 08:45:24 - [TEST_STEP][PASSED] - sendKeys(findTestObject("Backoffice/match_mgmt/input__select2-search__arena_name"), Keys.chord(ENTER)): Keys 'ENTER + ' sent to object: 'Object Repository/Backoffice/match_mgmt/input__select2-search__arena_name'

2018-12-10 08:45:24 - [MESSAGE][PASSED] - Keys 'ENTER + ' sent to object: 'Object Repository/Backoffice/match_mgmt/input__select2-search__arena_name'

2018-12-10 08:45:24 - [TEST_STEP][PASSED] - setText(findTestObject("Backoffice/match_mgmt/meron_details/input_meron_name"), Meron_Name): Text 'AA' is set on object 'Object Repository/Backoffice/match_mgmt/meron_details/input_meron_name'

2018-12-10 08:45:24 - [MESSAGE][PASSED] - Text 'AA' is set on object 'Object Repository/Backoffice/match_mgmt/meron_details/input_meron_name'

2018-12-10 08:45:24 - [TEST_STEP][PASSED] - setText(findTestObject("Backoffice/match_mgmt/meron_details/input_meron_farm"), Meron_Farm): Text 'Farm 1' is set on object 'Object Repository/Backoffice/match_mgmt/meron_details/input_meron_farm'

2018-12-10 08:45:25 - [MESSAGE][PASSED] - Text 'Farm 1' is set on object 'Object Repository/Backoffice/match_mgmt/meron_details/input_meron_farm'

2018-12-10 08:45:25 - [TEST_STEP][PASSED] - setText(findTestObject("Backoffice/match_mgmt/meron_details/input_meron_breed"), Meron_Breed): Text 'Breed 1' is set on object 'Object Repository/Backoffice/match_mgmt/meron_details/input_meron_breed'

2018-12-10 08:45:25 - [MESSAGE][PASSED] - Text 'Breed 1' is set on object 'Object Repository/Backoffice/match_mgmt/meron_details/input_meron_breed'

2018-12-10 08:45:25 - [TEST_STEP][PASSED] - setText(findTestObject("Backoffice/match_mgmt/meron_details/input_meron_weight"), Meron_Weight): Text 'Weight 1' is set on object 'Object Repository/Backoffice/match_mgmt/meron_details/input_meron_weight'

2018-12-10 08:45:25 - [MESSAGE][PASSED] - Text 'Weight 1' is set on object 'Object Repository/Backoffice/match_mgmt/meron_details/input_meron_weight'

2018-12-10 08:45:25 - [TEST_STEP][PASSED] - setText(findTestObject("Backoffice/match_mgmt/wala_details/input_wala_name"), Wala_Name): Text 'BB' is set on object 'Object Repository/Backoffice/match_mgmt/wala_details/input_wala_name'

2018-12-10 08:45:26 - [MESSAGE][PASSED] - Text 'BB' is set on object 'Object Repository/Backoffice/match_mgmt/wala_details/input_wala_name'

2018-12-10 08:45:26 - [TEST_STEP][PASSED] - setText(findTestObject("Backoffice/match_mgmt/wala_details/input_wala_farm"), Wala_Farm): Text 'Farm 2' is set on object 'Object Repository/Backoffice/match_mgmt/wala_details/input_wala_farm'

2018-12-10 08:45:26 - [MESSAGE][PASSED] - Text 'Farm 2' is set on object 'Object Repository/Backoffice/match_mgmt/wala_details/input_wala_farm'

2018-12-10 08:45:26 - [TEST_STEP][PASSED] - setText(findTestObject("Backoffice/match_mgmt/wala_details/input_wala_breed"), Wala_Breed): Text 'Breed 2' is set on object 'Object Repository/Backoffice/match_mgmt/wala_details/input_wala_breed'

2018-12-10 08:45:26 - [MESSAGE][PASSED] - Text 'Breed 2' is set on object 'Object Repository/Backoffice/match_mgmt/wala_details/input_wala_breed'

2018-12-10 08:45:26 - [TEST_STEP][PASSED] - setText(findTestObject("Backoffice/match_mgmt/wala_details/input_wala_weight"), Wala_Weight): Text 'Weight 2' is set on object 'Object Repository/Backoffice/match_mgmt/wala_details/input_wala_weight'

2018-12-10 08:45:27 - [MESSAGE][PASSED] - Text 'Weight 2' is set on object 'Object Repository/Backoffice/match_mgmt/wala_details/input_wala_weight'

2018-12-10 08:45:27 - [TEST_STEP][PASSED] - click(findTestObject("Backoffice/match_mgmt/input_submit_match")): Object: 'Object Repository/Backoffice/match_mgmt/input_submit_match' is clicked on

2018-12-10 08:45:28 - [MESSAGE][PASSED] - Object: 'Object Repository/Backoffice/match_mgmt/input_submit_match' is clicked on

2018-12-10 08:45:28 - [TEST_STEP][PASSED] - delay(1): Delayed 1 second(s)

2018-12-10 08:45:29 - [MESSAGE][PASSED] - Delayed 1 second(s)

2018-12-10 08:45:29 - [TEST_STEP][PASSED] - click(findTestObject("Backoffice/match_mgmt/button_create_match")): Object: 'Object Repository/Backoffice/match_mgmt/button_create_match' is clicked on

2018-12-10 08:45:29 - [MESSAGE][PASSED] - Object: 'Object Repository/Backoffice/match_mgmt/button_create_match' is clicked on

2018-12-10 08:45:29 - [TEST_STEP][PASSED] - delay(1): Delayed 1 second(s)

2018-12-10 08:45:30 - [MESSAGE][PASSED] - Delayed 1 second(s)

2018-12-10 08:45:30 - [TEST_STEP][PASSED] - click(findTestObject("Backoffice/match_mgmt/span_select_arena_name")): Object: 'Object Repository/Backoffice/match_mgmt/span_select_arena_name' is clicked on

2018-12-10 08:45:31 - [MESSAGE][PASSED] - Object: 'Object Repository/Backoffice/match_mgmt/span_select_arena_name' is clicked on

2018-12-10 08:45:31 - [TEST_STEP][PASSED] - setText(findTestObject("Backoffice/match_mgmt/input__select2-search__arena_name"), Arena_Acronym): Text 'ALIXANDRA SPORTS COMPLEX - ASC' is set on object 'Object Repository/Backoffice/match_mgmt/input__select2-search__arena_name'

2018-12-10 08:45:32 - [MESSAGE][PASSED] - Text 'ALIXANDRA SPORTS COMPLEX - ASC' is set on object 'Object Repository/Backoffice/match_mgmt/input__select2-search__arena_name'

2018-12-10 08:45:32 - [TEST_STEP][PASSED] - sendKeys(findTestObject("Backoffice/match_mgmt/input__select2-search__arena_name"), Keys.chord(ENTER)): Keys 'ENTER + ' sent to object: 'Object Repository/Backoffice/match_mgmt/input__select2-search__arena_name'

2018-12-10 08:45:32 - [MESSAGE][PASSED] - Keys 'ENTER + ' sent to object: 'Object Repository/Backoffice/match_mgmt/input__select2-search__arena_name'

2018-12-10 08:45:32 - [TEST_STEP][PASSED] - setText(findTestObject("Backoffice/match_mgmt/meron_details/input_meron_name"), Meron_Name): Text 'AA' is set on object 'Object Repository/Backoffice/match_mgmt/meron_details/input_meron_name'

2018-12-10 08:45:32 - [MESSAGE][PASSED] - Text 'AA' is set on object 'Object Repository/Backoffice/match_mgmt/meron_details/input_meron_name'

2018-12-10 08:45:32 - [TEST_STEP][PASSED] - setText(findTestObject("Backoffice/match_mgmt/meron_details/input_meron_farm"), Meron_Farm): Text 'Farm 1' is set on object 'Object Repository/Backoffice/match_mgmt/meron_details/input_meron_farm'

2018-12-10 08:45:32 - [MESSAGE][PASSED] - Text 'Farm 1' is set on object 'Object Repository/Backoffice/match_mgmt/meron_details/input_meron_farm'

2018-12-10 08:45:32 - [TEST_STEP][PASSED] - setText(findTestObject("Backoffice/match_mgmt/meron_details/input_meron_breed"), Meron_Breed): Text 'Breed 1' is set on object 'Object Repository/Backoffice/match_mgmt/meron_details/input_meron_breed'

2018-12-10 08:45:33 - [MESSAGE][PASSED] - Text 'Breed 1' is set on object 'Object Repository/Backoffice/match_mgmt/meron_details/input_meron_breed'

2018-12-10 08:45:33 - [TEST_STEP][PASSED] - setText(findTestObject("Backoffice/match_mgmt/meron_details/input_meron_weight"), Meron_Weight): Text 'Weight 1' is set on object 'Object Repository/Backoffice/match_mgmt/meron_details/input_meron_weight'

2018-12-10 08:45:33 - [MESSAGE][PASSED] - Text 'Weight 1' is set on object 'Object Repository/Backoffice/match_mgmt/meron_details/input_meron_weight'

2018-12-10 08:45:33 - [TEST_STEP][PASSED] - setText(findTestObject("Backoffice/match_mgmt/wala_details/input_wala_name"), Wala_Name): Text 'BB' is set on object 'Object Repository/Backoffice/match_mgmt/wala_details/input_wala_name'

2018-12-10 08:45:33 - [MESSAGE][PASSED] - Text 'BB' is set on object 'Object Repository/Backoffice/match_mgmt/wala_details/input_wala_name'

2018-12-10 08:45:33 - [TEST_STEP][PASSED] - setText(findTestObject("Backoffice/match_mgmt/wala_details/input_wala_farm"), Wala_Farm): Text 'Farm 2' is set on object 'Object Repository/Backoffice/match_mgmt/wala_details/input_wala_farm'

2018-12-10 08:45:34 - [MESSAGE][PASSED] - Text 'Farm 2' is set on object 'Object Repository/Backoffice/match_mgmt/wala_details/input_wala_farm'

2018-12-10 08:45:34 - [TEST_STEP][PASSED] - setText(findTestObject("Backoffice/match_mgmt/wala_details/input_wala_breed"), Wala_Breed): Text 'Breed 2' is set on object 'Object Repository/Backoffice/match_mgmt/wala_details/input_wala_breed'

2018-12-10 08:45:34 - [MESSAGE][PASSED] - Text 'Breed 2' is set on object 'Object Repository/Backoffice/match_mgmt/wala_details/input_wala_breed'

2018-12-10 08:45:34 - [TEST_STEP][PASSED] - setText(findTestObject("Backoffice/match_mgmt/wala_details/input_wala_weight"), Wala_Weight): Text 'Weight 2' is set on object 'Object Repository/Backoffice/match_mgmt/wala_details/input_wala_weight'

2018-12-10 08:45:34 - [MESSAGE][PASSED] - Text 'Weight 2' is set on object 'Object Repository/Backoffice/match_mgmt/wala_details/input_wala_weight'

2018-12-10 08:45:34 - [TEST_STEP][PASSED] - click(findTestObject("Backoffice/match_mgmt/input_submit_match")): Object: 'Object Repository/Backoffice/match_mgmt/input_submit_match' is clicked on

2018-12-10 08:45:36 - [MESSAGE][PASSED] - Object: 'Object Repository/Backoffice/match_mgmt/input_submit_match' is clicked on

2018-12-10 08:45:36 - [TEST_STEP][PASSED] - delay(1): Delayed 1 second(s)

2018-12-10 08:45:37 - [MESSAGE][PASSED] - Delayed 1 second(s)

2018-12-10 08:45:37 - [TEST_STEP][PASSED] - click(findTestObject("Backoffice/match_mgmt/button_create_match")): Object: 'Object Repository/Backoffice/match_mgmt/button_create_match' is clicked on

2018-12-10 08:45:37 - [MESSAGE][PASSED] - Object: 'Object Repository/Backoffice/match_mgmt/button_create_match' is clicked on

2018-12-10 08:45:37 - [TEST_STEP][PASSED] - delay(1): Delayed 1 second(s)

2018-12-10 08:45:38 - [MESSAGE][PASSED] - Delayed 1 second(s)

2018-12-10 08:45:38 - [TEST_STEP][PASSED] - click(findTestObject("Backoffice/match_mgmt/span_select_arena_name")): Object: 'Object Repository/Backoffice/match_mgmt/span_select_arena_name' is clicked on

2018-12-10 08:45:38 - [MESSAGE][PASSED] - Object: 'Object Repository/Backoffice/match_mgmt/span_select_arena_name' is clicked on

2018-12-10 08:45:38 - [TEST_STEP][PASSED] - setText(findTestObject("Backoffice/match_mgmt/input__select2-search__arena_name"), Arena_Acronym): Text 'ALIXANDRA SPORTS COMPLEX - ASC' is set on object 'Object Repository/Backoffice/match_mgmt/input__select2-search__arena_name'

2018-12-10 08:45:39 - [MESSAGE][PASSED] - Text 'ALIXANDRA SPORTS COMPLEX - ASC' is set on object 'Object Repository/Backoffice/match_mgmt/input__select2-search__arena_name'

2018-12-10 08:45:39 - [TEST_STEP][PASSED] - sendKeys(findTestObject("Backoffice/match_mgmt/input__select2-search__arena_name"), Keys.chord(ENTER)): Keys 'ENTER + ' sent to object: 'Object Repository/Backoffice/match_mgmt/input__select2-search__arena_name'

2018-12-10 08:45:39 - [MESSAGE][PASSED] - Keys 'ENTER + ' sent to object: 'Object Repository/Backoffice/match_mgmt/input__select2-search__arena_name'

2018-12-10 08:45:39 - [TEST_STEP][PASSED] - setText(findTestObject("Backoffice/match_mgmt/meron_details/input_meron_name"), Meron_Name): Text 'AA' is set on object 'Object Repository/Backoffice/match_mgmt/meron_details/input_meron_name'

2018-12-10 08:45:39 - [MESSAGE][PASSED] - Text 'AA' is set on object 'Object Repository/Backoffice/match_mgmt/meron_details/input_meron_name'

2018-12-10 08:45:39 - [TEST_STEP][PASSED] - setText(findTestObject("Backoffice/match_mgmt/meron_details/input_meron_farm"), Meron_Farm): Text 'Farm 1' is set on object 'Object Repository/Backoffice/match_mgmt/meron_details/input_meron_farm'

2018-12-10 08:45:40 - [MESSAGE][PASSED] - Text 'Farm 1' is set on object 'Object Repository/Backoffice/match_mgmt/meron_details/input_meron_farm'

2018-12-10 08:45:40 - [TEST_STEP][PASSED] - setText(findTestObject("Backoffice/match_mgmt/meron_details/input_meron_breed"), Meron_Breed): Text 'Breed 1' is set on object 'Object Repository/Backoffice/match_mgmt/meron_details/input_meron_breed'

2018-12-10 08:45:40 - [MESSAGE][PASSED] - Text 'Breed 1' is set on object 'Object Repository/Backoffice/match_mgmt/meron_details/input_meron_breed'

2018-12-10 08:45:40 - [TEST_STEP][PASSED] - setText(findTestObject("Backoffice/match_mgmt/meron_details/input_meron_weight"), Meron_Weight): Text 'Weight 1' is set on object 'Object Repository/Backoffice/match_mgmt/meron_details/input_meron_weight'

2018-12-10 08:45:40 - [MESSAGE][PASSED] - Text 'Weight 1' is set on object 'Object Repository/Backoffice/match_mgmt/meron_details/input_meron_weight'

2018-12-10 08:45:40 - [TEST_STEP][PASSED] - setText(findTestObject("Backoffice/match_mgmt/wala_details/input_wala_name"), Wala_Name): Text 'BB' is set on object 'Object Repository/Backoffice/match_mgmt/wala_details/input_wala_name'

2018-12-10 08:45:41 - [MESSAGE][PASSED] - Text 'BB' is set on object 'Object Repository/Backoffice/match_mgmt/wala_details/input_wala_name'

2018-12-10 08:45:41 - [TEST_STEP][PASSED] - setText(findTestObject("Backoffice/match_mgmt/wala_details/input_wala_farm"), Wala_Farm): Text 'Farm 2' is set on object 'Object Repository/Backoffice/match_mgmt/wala_details/input_wala_farm'

2018-12-10 08:45:41 - [MESSAGE][PASSED] - Text 'Farm 2' is set on object 'Object Repository/Backoffice/match_mgmt/wala_details/input_wala_farm'

2018-12-10 08:45:41 - [TEST_STEP][PASSED] - setText(findTestObject("Backoffice/match_mgmt/wala_details/input_wala_breed"), Wala_Breed): Text 'Breed 2' is set on object 'Object Repository/Backoffice/match_mgmt/wala_details/input_wala_breed'

2018-12-10 08:45:41 - [MESSAGE][PASSED] - Text 'Breed 2' is set on object 'Object Repository/Backoffice/match_mgmt/wala_details/input_wala_breed'

2018-12-10 08:45:41 - [TEST_STEP][PASSED] - setText(findTestObject("Backoffice/match_mgmt/wala_details/input_wala_weight"), Wala_Weight): Text 'Weight 2' is set on object 'Object Repository/Backoffice/match_mgmt/wala_details/input_wala_weight'

2018-12-10 08:45:42 - [MESSAGE][PASSED] - Text 'Weight 2' is set on object 'Object Repository/Backoffice/match_mgmt/wala_details/input_wala_weight'

2018-12-10 08:45:42 - [TEST_STEP][PASSED] - click(findTestObject("Backoffice/match_mgmt/input_submit_match")): Object: 'Object Repository/Backoffice/match_mgmt/input_submit_match' is clicked on

2018-12-10 08:45:43 - [MESSAGE][PASSED] - Object: 'Object Repository/Backoffice/match_mgmt/input_submit_match' is clicked on

2018-12-10 08:45:43 - [TEST_STEP][PASSED] - delay(1): Delayed 1 second(s)

2018-12-10 08:45:44 - [MESSAGE][PASSED] - Delayed 1 second(s)

2018-12-10 08:45:44 - [TEST_STEP][PASSED] - click(findTestObject("Backoffice/match_mgmt/button_create_match")): Object: 'Object Repository/Backoffice/match_mgmt/button_create_match' is clicked on

2018-12-10 08:45:44 - [MESSAGE][PASSED] - Object: 'Object Repository/Backoffice/match_mgmt/button_create_match' is clicked on

2018-12-10 08:45:44 - [TEST_STEP][PASSED] - delay(1): Delayed 1 second(s)

2018-12-10 08:45:45 - [MESSAGE][PASSED] - Delayed 1 second(s)

2018-12-10 08:45:45 - [TEST_STEP][PASSED] - click(findTestObject("Backoffice/match_mgmt/span_select_arena_name")): Object: 'Object Repository/Backoffice/match_mgmt/span_select_arena_name' is clicked on

2018-12-10 08:45:46 - [MESSAGE][PASSED] - Object: 'Object Repository/Backoffice/match_mgmt/span_select_arena_name' is clicked on

2018-12-10 08:45:46 - [TEST_STEP][PASSED] - setText(findTestObject("Backoffice/match_mgmt/input__select2-search__arena_name"), Arena_Acronym): Text 'ALIXANDRA SPORTS COMPLEX - ASC' is set on object 'Object Repository/Backoffice/match_mgmt/input__select2-search__arena_name'

2018-12-10 08:45:47 - [MESSAGE][PASSED] - Text 'ALIXANDRA SPORTS COMPLEX - ASC' is set on object 'Object Repository/Backoffice/match_mgmt/input__select2-search__arena_name'

2018-12-10 08:45:47 - [TEST_STEP][PASSED] - sendKeys(findTestObject("Backoffice/match_mgmt/input__select2-search__arena_name"), Keys.chord(ENTER)): Keys 'ENTER + ' sent to object: 'Object Repository/Backoffice/match_mgmt/input__select2-search__arena_name'

2018-12-10 08:45:47 - [MESSAGE][PASSED] - Keys 'ENTER + ' sent to object: 'Object Repository/Backoffice/match_mgmt/input__select2-search__arena_name'

2018-12-10 08:45:47 - [TEST_STEP][PASSED] - setText(findTestObject("Backoffice/match_mgmt/meron_details/input_meron_name"), Meron_Name): Text 'AA' is set on object 'Object Repository/Backoffice/match_mgmt/meron_details/input_meron_name'

2018-12-10 08:45:47 - [MESSAGE][PASSED] - Text 'AA' is set on object 'Object Repository/Backoffice/match_mgmt/meron_details/input_meron_name'

2018-12-10 08:45:47 - [TEST_STEP][PASSED] - setText(findTestObject("Backoffice/match_mgmt/meron_details/input_meron_farm"), Meron_Farm): Text 'Farm 1' is set on object 'Object Repository/Backoffice/match_mgmt/meron_details/input_meron_farm'

2018-12-10 08:45:47 - [MESSAGE][PASSED] - Text 'Farm 1' is set on object 'Object Repository/Backoffice/match_mgmt/meron_details/input_meron_farm'

2018-12-10 08:45:47 - [TEST_STEP][PASSED] - setText(findTestObject("Backoffice/match_mgmt/meron_details/input_meron_breed"), Meron_Breed): Text 'Breed 1' is set on object 'Object Repository/Backoffice/match_mgmt/meron_details/input_meron_breed'

2018-12-10 08:45:48 - [MESSAGE][PASSED] - Text 'Breed 1' is set on object 'Object Repository/Backoffice/match_mgmt/meron_details/input_meron_breed'

2018-12-10 08:45:48 - [TEST_STEP][PASSED] - setText(findTestObject("Backoffice/match_mgmt/meron_details/input_meron_weight"), Meron_Weight): Text 'Weight 1' is set on object 'Object Repository/Backoffice/match_mgmt/meron_details/input_meron_weight'

2018-12-10 08:45:48 - [MESSAGE][PASSED] - Text 'Weight 1' is set on object 'Object Repository/Backoffice/match_mgmt/meron_details/input_meron_weight'

2018-12-10 08:45:48 - [TEST_STEP][PASSED] - setText(findTestObject("Backoffice/match_mgmt/wala_details/input_wala_name"), Wala_Name): Text 'BB' is set on object 'Object Repository/Backoffice/match_mgmt/wala_details/input_wala_name'

2018-12-10 08:45:48 - [MESSAGE][PASSED] - Text 'BB' is set on object 'Object Repository/Backoffice/match_mgmt/wala_details/input_wala_name'

2018-12-10 08:45:48 - [TEST_STEP][PASSED] - setText(findTestObject("Backoffice/match_mgmt/wala_details/input_wala_farm"), Wala_Farm): Text 'Farm 2' is set on object 'Object Repository/Backoffice/match_mgmt/wala_details/input_wala_farm'

2018-12-10 08:45:48 - [MESSAGE][PASSED] - Text 'Farm 2' is set on object 'Object Repository/Backoffice/match_mgmt/wala_details/input_wala_farm'

2018-12-10 08:45:48 - [TEST_STEP][PASSED] - setText(findTestObject("Backoffice/match_mgmt/wala_details/input_wala_breed"), Wala_Breed): Text 'Breed 2' is set on object 'Object Repository/Backoffice/match_mgmt/wala_details/input_wala_breed'

2018-12-10 08:45:49 - [MESSAGE][PASSED] - Text 'Breed 2' is set on object 'Object Repository/Backoffice/match_mgmt/wala_details/input_wala_breed'

2018-12-10 08:45:49 - [TEST_STEP][PASSED] - setText(findTestObject("Backoffice/match_mgmt/wala_details/input_wala_weight"), Wala_Weight): Text 'Weight 2' is set on object 'Object Repository/Backoffice/match_mgmt/wala_details/input_wala_weight'

2018-12-10 08:45:49 - [MESSAGE][PASSED] - Text 'Weight 2' is set on object 'Object Repository/Backoffice/match_mgmt/wala_details/input_wala_weight'

2018-12-10 08:45:49 - [TEST_STEP][PASSED] - click(findTestObject("Backoffice/match_mgmt/input_submit_match")): Object: 'Object Repository/Backoffice/match_mgmt/input_submit_match' is clicked on

2018-12-10 08:45:51 - [MESSAGE][PASSED] - Object: 'Object Repository/Backoffice/match_mgmt/input_submit_match' is clicked on

2018-12-10 08:45:51 - [TEST_STEP][PASSED] - delay(1): Delayed 1 second(s)

2018-12-10 08:45:52 - [MESSAGE][PASSED] - Delayed 1 second(s)

2018-12-10 08:45:52 - [TEST_STEP][PASSED] - click(findTestObject("Backoffice/match_mgmt/button_create_match")): Object: 'Object Repository/Backoffice/match_mgmt/button_create_match' is clicked on

2018-12-10 08:45:52 - [MESSAGE][PASSED] - Object: 'Object Repository/Backoffice/match_mgmt/button_create_match' is clicked on

2018-12-10 08:45:52 - [TEST_STEP][PASSED] - delay(1): Delayed 1 second(s)

2018-12-10 08:45:53 - [MESSAGE][PASSED] - Delayed 1 second(s)

2018-12-10 08:45:53 - [TEST_STEP][PASSED] - click(findTestObject("Backoffice/match_mgmt/span_select_arena_name")): Object: 'Object Repository/Backoffice/match_mgmt/span_select_arena_name' is clicked on

2018-12-10 08:45:53 - [MESSAGE][PASSED] - Object: 'Object Repository/Backoffice/match_mgmt/span_select_arena_name' is clicked on

2018-12-10 08:45:53 - [TEST_STEP][PASSED] - setText(findTestObject("Backoffice/match_mgmt/input__select2-search__arena_name"), Arena_Acronym): Text 'ALIXANDRA SPORTS COMPLEX - ASC' is set on object 'Object Repository/Backoffice/match_mgmt/input__select2-search__arena_name'

2018-12-10 08:45:54 - [MESSAGE][PASSED] - Text 'ALIXANDRA SPORTS COMPLEX - ASC' is set on object 'Object Repository/Backoffice/match_mgmt/input__select2-search__arena_name'

2018-12-10 08:45:54 - [TEST_STEP][PASSED] - sendKeys(findTestObject("Backoffice/match_mgmt/input__select2-search__arena_name"), Keys.chord(ENTER)): Keys 'ENTER + ' sent to object: 'Object Repository/Backoffice/match_mgmt/input__select2-search__arena_name'

2018-12-10 08:45:54 - [MESSAGE][PASSED] - Keys 'ENTER + ' sent to object: 'Object Repository/Backoffice/match_mgmt/input__select2-search__arena_name'

2018-12-10 08:45:54 - [TEST_STEP][PASSED] - setText(findTestObject("Backoffice/match_mgmt/meron_details/input_meron_name"), Meron_Name): Text 'AA' is set on object 'Object Repository/Backoffice/match_mgmt/meron_details/input_meron_name'

2018-12-10 08:45:54 - [MESSAGE][PASSED] - Text 'AA' is set on object 'Object Repository/Backoffice/match_mgmt/meron_details/input_meron_name'

2018-12-10 08:45:54 - [TEST_STEP][PASSED] - setText(findTestObject("Backoffice/match_mgmt/meron_details/input_meron_farm"), Meron_Farm): Text 'Farm 1' is set on object 'Object Repository/Backoffice/match_mgmt/meron_details/input_meron_farm'

2018-12-10 08:45:55 - [MESSAGE][PASSED] - Text 'Farm 1' is set on object 'Object Repository/Backoffice/match_mgmt/meron_details/input_meron_farm'

2018-12-10 08:45:55 - [TEST_STEP][PASSED] - setText(findTestObject("Backoffice/match_mgmt/meron_details/input_meron_breed"), Meron_Breed): Text 'Breed 1' is set on object 'Object Repository/Backoffice/match_mgmt/meron_details/input_meron_breed'

2018-12-10 08:45:55 - [MESSAGE][PASSED] - Text 'Breed 1' is set on object 'Object Repository/Backoffice/match_mgmt/meron_details/input_meron_breed'

2018-12-10 08:45:55 - [TEST_STEP][PASSED] - setText(findTestObject("Backoffice/match_mgmt/meron_details/input_meron_weight"), Meron_Weight): Text 'Weight 1' is set on object 'Object Repository/Backoffice/match_mgmt/meron_details/input_meron_weight'

2018-12-10 08:45:55 - [MESSAGE][PASSED] - Text 'Weight 1' is set on object 'Object Repository/Backoffice/match_mgmt/meron_details/input_meron_weight'

2018-12-10 08:45:55 - [TEST_STEP][PASSED] - setText(findTestObject("Backoffice/match_mgmt/wala_details/input_wala_name"), Wala_Name): Text 'BB' is set on object 'Object Repository/Backoffice/match_mgmt/wala_details/input_wala_name'

2018-12-10 08:45:56 - [MESSAGE][PASSED] - Text 'BB' is set on object 'Object Repository/Backoffice/match_mgmt/wala_details/input_wala_name'

2018-12-10 08:45:56 - [TEST_STEP][PASSED] - setText(findTestObject("Backoffice/match_mgmt/wala_details/input_wala_farm"), Wala_Farm): Text 'Farm 2' is set on object 'Object Repository/Backoffice/match_mgmt/wala_details/input_wala_farm'

2018-12-10 08:45:56 - [MESSAGE][PASSED] - Text 'Farm 2' is set on object 'Object Repository/Backoffice/match_mgmt/wala_details/input_wala_farm'

2018-12-10 08:45:56 - [TEST_STEP][PASSED] - setText(findTestObject("Backoffice/match_mgmt/wala_details/input_wala_breed"), Wala_Breed): Text 'Breed 2' is set on object 'Object Repository/Backoffice/match_mgmt/wala_details/input_wala_breed'

2018-12-10 08:45:56 - [MESSAGE][PASSED] - Text 'Breed 2' is set on object 'Object Repository/Backoffice/match_mgmt/wala_details/input_wala_breed'

2018-12-10 08:45:56 - [TEST_STEP][PASSED] - setText(findTestObject("Backoffice/match_mgmt/wala_details/input_wala_weight"), Wala_Weight): Text 'Weight 2' is set on object 'Object Repository/Backoffice/match_mgmt/wala_details/input_wala_weight'

2018-12-10 08:45:56 - [MESSAGE][PASSED] - Text 'Weight 2' is set on object 'Object Repository/Backoffice/match_mgmt/wala_details/input_wala_weight'

2018-12-10 08:45:56 - [TEST_STEP][PASSED] - click(findTestObject("Backoffice/match_mgmt/input_submit_match")): Object: 'Object Repository/Backoffice/match_mgmt/input_submit_match' is clicked on

2018-12-10 08:45:58 - [MESSAGE][PASSED] - Object: 'Object Repository/Backoffice/match_mgmt/input_submit_match' is clicked on

2018-12-10 08:45:58 - [TEST_STEP][PASSED] - delay(1): Delayed 1 second(s)

2018-12-10 08:45:59 - [MESSAGE][PASSED] - Delayed 1 second(s)

2018-12-10 08:45:59 - [TEST_STEP][PASSED] - click(findTestObject("Backoffice/match_mgmt/button_create_match")): Object: 'Object Repository/Backoffice/match_mgmt/button_create_match' is clicked on

2018-12-10 08:45:59 - [MESSAGE][PASSED] - Object: 'Object Repository/Backoffice/match_mgmt/button_create_match' is clicked on

2018-12-10 08:45:59 - [TEST_STEP][PASSED] - delay(1): Delayed 1 second(s)

2018-12-10 08:46:00 - [MESSAGE][PASSED] - Delayed 1 second(s)

2018-12-10 08:46:00 - [TEST_STEP][PASSED] - click(findTestObject("Backoffice/match_mgmt/span_select_arena_name")): Object: 'Object Repository/Backoffice/match_mgmt/span_select_arena_name' is clicked on

2018-12-10 08:46:00 - [MESSAGE][PASSED] - Object: 'Object Repository/Backoffice/match_mgmt/span_select_arena_name' is clicked on

2018-12-10 08:46:00 - [TEST_STEP][PASSED] - setText(findTestObject("Backoffice/match_mgmt/input__select2-search__arena_name"), Arena_Acronym): Text 'ALIXANDRA SPORTS COMPLEX - ASC' is set on object 'Object Repository/Backoffice/match_mgmt/input__select2-search__arena_name'

2018-12-10 08:46:01 - [MESSAGE][PASSED] - Text 'ALIXANDRA SPORTS COMPLEX - ASC' is set on object 'Object Repository/Backoffice/match_mgmt/input__select2-search__arena_name'

2018-12-10 08:46:01 - [TEST_STEP][PASSED] - sendKeys(findTestObject("Backoffice/match_mgmt/input__select2-search__arena_name"), Keys.chord(ENTER)): Keys 'ENTER + ' sent to object: 'Object Repository/Backoffice/match_mgmt/input__select2-search__arena_name'

2018-12-10 08:46:01 - [MESSAGE][PASSED] - Keys 'ENTER + ' sent to object: 'Object Repository/Backoffice/match_mgmt/input__select2-search__arena_name'

2018-12-10 08:46:01 - [TEST_STEP][PASSED] - setText(findTestObject("Backoffice/match_mgmt/meron_details/input_meron_name"), Meron_Name): Text 'AA' is set on object 'Object Repository/Backoffice/match_mgmt/meron_details/input_meron_name'

2018-12-10 08:46:02 - [MESSAGE][PASSED] - Text 'AA' is set on object 'Object Repository/Backoffice/match_mgmt/meron_details/input_meron_name'

2018-12-10 08:46:02 - [TEST_STEP][PASSED] - setText(findTestObject("Backoffice/match_mgmt/meron_details/input_meron_farm"), Meron_Farm): Text 'Farm 1' is set on object 'Object Repository/Backoffice/match_mgmt/meron_details/input_meron_farm'

2018-12-10 08:46:02 - [MESSAGE][PASSED] - Text 'Farm 1' is set on object 'Object Repository/Backoffice/match_mgmt/meron_details/input_meron_farm'

2018-12-10 08:46:02 - [TEST_STEP][PASSED] - setText(findTestObject("Backoffice/match_mgmt/meron_details/input_meron_breed"), Meron_Breed): Text 'Breed 1' is set on object 'Object Repository/Backoffice/match_mgmt/meron_details/input_meron_breed'

2018-12-10 08:46:02 - [MESSAGE][PASSED] - Text 'Breed 1' is set on object 'Object Repository/Backoffice/match_mgmt/meron_details/input_meron_breed'

2018-12-10 08:46:02 - [TEST_STEP][PASSED] - setText(findTestObject("Backoffice/match_mgmt/meron_details/input_meron_weight"), Meron_Weight): Text 'Weight 1' is set on object 'Object Repository/Backoffice/match_mgmt/meron_details/input_meron_weight'

2018-12-10 08:46:03 - [MESSAGE][PASSED] - Text 'Weight 1' is set on object 'Object Repository/Backoffice/match_mgmt/meron_details/input_meron_weight'

2018-12-10 08:46:03 - [TEST_STEP][PASSED] - setText(findTestObject("Backoffice/match_mgmt/wala_details/input_wala_name"), Wala_Name): Text 'BB' is set on object 'Object Repository/Backoffice/match_mgmt/wala_details/input_wala_name'

2018-12-10 08:46:03 - [MESSAGE][PASSED] - Text 'BB' is set on object 'Object Repository/Backoffice/match_mgmt/wala_details/input_wala_name'

2018-12-10 08:46:03 - [TEST_STEP][PASSED] - setText(findTestObject("Backoffice/match_mgmt/wala_details/input_wala_farm"), Wala_Farm): Text 'Farm 2' is set on object 'Object Repository/Backoffice/match_mgmt/wala_details/input_wala_farm'

2018-12-10 08:46:03 - [MESSAGE][PASSED] - Text 'Farm 2' is set on object 'Object Repository/Backoffice/match_mgmt/wala_details/input_wala_farm'

2018-12-10 08:46:03 - [TEST_STEP][PASSED] - setText(findTestObject("Backoffice/match_mgmt/wala_details/input_wala_breed"), Wala_Breed): Text 'Breed 2' is set on object 'Object Repository/Backoffice/match_mgmt/wala_details/input_wala_breed'

2018-12-10 08:46:04 - [MESSAGE][PASSED] - Text 'Breed 2' is set on object 'Object Repository/Backoffice/match_mgmt/wala_details/input_wala_breed'

2018-12-10 08:46:04 - [TEST_STEP][PASSED] - setText(findTestObject("Backoffice/match_mgmt/wala_details/input_wala_weight"), Wala_Weight): Text 'Weight 2' is set on object 'Object Repository/Backoffice/match_mgmt/wala_details/input_wala_weight'

2018-12-10 08:46:04 - [MESSAGE][PASSED] - Text 'Weight 2' is set on object 'Object Repository/Backoffice/match_mgmt/wala_details/input_wala_weight'

2018-12-10 08:46:04 - [TEST_STEP][PASSED] - click(findTestObject("Backoffice/match_mgmt/input_submit_match")): Object: 'Object Repository/Backoffice/match_mgmt/input_submit_match' is clicked on

2018-12-10 08:46:05 - [MESSAGE][PASSED] - Object: 'Object Repository/Backoffice/match_mgmt/input_submit_match' is clicked on

2018-12-10 08:46:05 - [TEST_STEP][PASSED] - delay(1): Delayed 1 second(s)

2018-12-10 08:46:06 - [MESSAGE][PASSED] - Delayed 1 second(s)

2018-12-10 08:46:06 - [TEST_STEP][PASSED] - click(findTestObject("Backoffice/match_mgmt/button_create_match")): Object: 'Object Repository/Backoffice/match_mgmt/button_create_match' is clicked on

2018-12-10 08:46:07 - [MESSAGE][PASSED] - Object: 'Object Repository/Backoffice/match_mgmt/button_create_match' is clicked on

2018-12-10 08:46:07 - [TEST_STEP][PASSED] - delay(1): Delayed 1 second(s)

2018-12-10 08:46:08 - [MESSAGE][PASSED] - Delayed 1 second(s)

2018-12-10 08:46:08 - [TEST_STEP][PASSED] - click(findTestObject("Backoffice/match_mgmt/span_select_arena_name")): Object: 'Object Repository/Backoffice/match_mgmt/span_select_arena_name' is clicked on

2018-12-10 08:46:08 - [MESSAGE][PASSED] - Object: 'Object Repository/Backoffice/match_mgmt/span_select_arena_name' is clicked on

2018-12-10 08:46:08 - [TEST_STEP][PASSED] - setText(findTestObject("Backoffice/match_mgmt/input__select2-search__arena_name"), Arena_Acronym): Text 'ALIXANDRA SPORTS COMPLEX - ASC' is set on object 'Object Repository/Backoffice/match_mgmt/input__select2-search__arena_name'

2018-12-10 08:46:09 - [MESSAGE][PASSED] - Text 'ALIXANDRA SPORTS COMPLEX - ASC' is set on object 'Object Repository/Backoffice/match_mgmt/input__select2-search__arena_name'

2018-12-10 08:46:09 - [TEST_STEP][PASSED] - sendKeys(findTestObject("Backoffice/match_mgmt/input__select2-search__arena_name"), Keys.chord(ENTER)): Keys 'ENTER + ' sent to object: 'Object Repository/Backoffice/match_mgmt/input__select2-search__arena_name'

2018-12-10 08:46:09 - [MESSAGE][PASSED] - Keys 'ENTER + ' sent to object: 'Object Repository/Backoffice/match_mgmt/input__select2-search__arena_name'

2018-12-10 08:46:09 - [TEST_STEP][PASSED] - setText(findTestObject("Backoffice/match_mgmt/meron_details/input_meron_name"), Meron_Name): Text 'AA' is set on object 'Object Repository/Backoffice/match_mgmt/meron_details/input_meron_name'

2018-12-10 08:46:09 - [MESSAGE][PASSED] - Text 'AA' is set on object 'Object Repository/Backoffice/match_mgmt/meron_details/input_meron_name'

2018-12-10 08:46:09 - [TEST_STEP][PASSED] - setText(findTestObject("Backoffice/match_mgmt/meron_details/input_meron_farm"), Meron_Farm): Text 'Farm 1' is set on object 'Object Repository/Backoffice/match_mgmt/meron_details/input_meron_farm'

2018-12-10 08:46:09 - [MESSAGE][PASSED] - Text 'Farm 1' is set on object 'Object Repository/Backoffice/match_mgmt/meron_details/input_meron_farm'

2018-12-10 08:46:09 - [TEST_STEP][PASSED] - setText(findTestObject("Backoffice/match_mgmt/meron_details/input_meron_breed"), Meron_Breed): Text 'Breed 1' is set on object 'Object Repository/Backoffice/match_mgmt/meron_details/input_meron_breed'

2018-12-10 08:46:10 - [MESSAGE][PASSED] - Text 'Breed 1' is set on object 'Object Repository/Backoffice/match_mgmt/meron_details/input_meron_breed'

2018-12-10 08:46:10 - [TEST_STEP][PASSED] - setText(findTestObject("Backoffice/match_mgmt/meron_details/input_meron_weight"), Meron_Weight): Text 'Weight 1' is set on object 'Object Repository/Backoffice/match_mgmt/meron_details/input_meron_weight'

2018-12-10 08:46:10 - [MESSAGE][PASSED] - Text 'Weight 1' is set on object 'Object Repository/Backoffice/match_mgmt/meron_details/input_meron_weight'

2018-12-10 08:46:10 - [TEST_STEP][PASSED] - setText(findTestObject("Backoffice/match_mgmt/wala_details/input_wala_name"), Wala_Name): Text 'BB' is set on object 'Object Repository/Backoffice/match_mgmt/wala_details/input_wala_name'

2018-12-10 08:46:10 - [MESSAGE][PASSED] - Text 'BB' is set on object 'Object Repository/Backoffice/match_mgmt/wala_details/input_wala_name'

2018-12-10 08:46:10 - [TEST_STEP][PASSED] - setText(findTestObject("Backoffice/match_mgmt/wala_details/input_wala_farm"), Wala_Farm): Text 'Farm 2' is set on object 'Object Repository/Backoffice/match_mgmt/wala_details/input_wala_farm'

2018-12-10 08:46:11 - [MESSAGE][PASSED] - Text 'Farm 2' is set on object 'Object Repository/Backoffice/match_mgmt/wala_details/input_wala_farm'

2018-12-10 08:46:11 - [TEST_STEP][PASSED] - setText(findTestObject("Backoffice/match_mgmt/wala_details/input_wala_breed"), Wala_Breed): Text 'Breed 2' is set on object 'Object Repository/Backoffice/match_mgmt/wala_details/input_wala_breed'

2018-12-10 08:46:11 - [MESSAGE][PASSED] - Text 'Breed 2' is set on object 'Object Repository/Backoffice/match_mgmt/wala_details/input_wala_breed'

2018-12-10 08:46:11 - [TEST_STEP][PASSED] - setText(findTestObject("Backoffice/match_mgmt/wala_details/input_wala_weight"), Wala_Weight): Text 'Weight 2' is set on object 'Object Repository/Backoffice/match_mgmt/wala_details/input_wala_weight'

2018-12-10 08:46:11 - [MESSAGE][PASSED] - Text 'Weight 2' is set on object 'Object Repository/Backoffice/match_mgmt/wala_details/input_wala_weight'

2018-12-10 08:46:11 - [TEST_STEP][PASSED] - click(findTestObject("Backoffice/match_mgmt/input_submit_match")): Object: 'Object Repository/Backoffice/match_mgmt/input_submit_match' is clicked on

2018-12-10 08:46:13 - [MESSAGE][PASSED] - Object: 'Object Repository/Backoffice/match_mgmt/input_submit_match' is clicked on

2018-12-10 08:46:13 - [TEST_STEP][PASSED] - delay(1): Delayed 1 second(s)

2018-12-10 08:46:14 - [MESSAGE][PASSED] - Delayed 1 second(s)

2018-12-10 08:46:14 - [TEST_STEP][PASSED] - click(findTestObject("Backoffice/match_mgmt/button_create_match")): Object: 'Object Repository/Backoffice/match_mgmt/button_create_match' is clicked on

2018-12-10 08:46:14 - [MESSAGE][PASSED] - Object: 'Object Repository/Backoffice/match_mgmt/button_create_match' is clicked on

2018-12-10 08:46:14 - [TEST_STEP][PASSED] - delay(1): Delayed 1 second(s)

2018-12-10 08:46:15 - [MESSAGE][PASSED] - Delayed 1 second(s)

2018-12-10 08:46:15 - [TEST_STEP][PASSED] - click(findTestObject("Backoffice/match_mgmt/span_select_arena_name")): Object: 'Object Repository/Backoffice/match_mgmt/span_select_arena_name' is clicked on

2018-12-10 08:46:15 - [MESSAGE][PASSED] - Object: 'Object Repository/Backoffice/match_mgmt/span_select_arena_name' is clicked on

2018-12-10 08:46:15 - [TEST_STEP][PASSED] - setText(findTestObject("Backoffice/match_mgmt/input__select2-search__arena_name"), Arena_Acronym): Text 'ALIXANDRA SPORTS COMPLEX - ASC' is set on object 'Object Repository/Backoffice/match_mgmt/input__select2-search__arena_name'

2018-12-10 08:46:16 - [MESSAGE][PASSED] - Text 'ALIXANDRA SPORTS COMPLEX - ASC' is set on object 'Object Repository/Backoffice/match_mgmt/input__select2-search__arena_name'

2018-12-10 08:46:16 - [TEST_STEP][PASSED] - sendKeys(findTestObject("Backoffice/match_mgmt/input__select2-search__arena_name"), Keys.chord(ENTER)): Keys 'ENTER + ' sent to object: 'Object Repository/Backoffice/match_mgmt/input__select2-search__arena_name'

2018-12-10 08:46:16 - [MESSAGE][PASSED] - Keys 'ENTER + ' sent to object: 'Object Repository/Backoffice/match_mgmt/input__select2-search__arena_name'

2018-12-10 08:46:16 - [TEST_STEP][PASSED] - setText(findTestObject("Backoffice/match_mgmt/meron_details/input_meron_name"), Meron_Name): Text 'AA' is set on object 'Object Repository/Backoffice/match_mgmt/meron_details/input_meron_name'

2018-12-10 08:46:17 - [MESSAGE][PASSED] - Text 'AA' is set on object 'Object Repository/Backoffice/match_mgmt/meron_details/input_meron_name'

2018-12-10 08:46:17 - [TEST_STEP][PASSED] - setText(findTestObject("Backoffice/match_mgmt/meron_details/input_meron_farm"), Meron_Farm): Text 'Farm 1' is set on object 'Object Repository/Backoffice/match_mgmt/meron_details/input_meron_farm'

2018-12-10 08:46:17 - [MESSAGE][PASSED] - Text 'Farm 1' is set on object 'Object Repository/Backoffice/match_mgmt/meron_details/input_meron_farm'

2018-12-10 08:46:17 - [TEST_STEP][PASSED] - setText(findTestObject("Backoffice/match_mgmt/meron_details/input_meron_breed"), Meron_Breed): Text 'Breed 1' is set on object 'Object Repository/Backoffice/match_mgmt/meron_details/input_meron_breed'

2018-12-10 08:46:17 - [MESSAGE][PASSED] - Text 'Breed 1' is set on object 'Object Repository/Backoffice/match_mgmt/meron_details/input_meron_breed'

2018-12-10 08:46:17 - [TEST_STEP][PASSED] - setText(findTestObject("Backoffice/match_mgmt/meron_details/input_meron_weight"), Meron_Weight): Text 'Weight 1' is set on object 'Object Repository/Backoffice/match_mgmt/meron_details/input_meron_weight'

2018-12-10 08:46:18 - [MESSAGE][PASSED] - Text 'Weight 1' is set on object 'Object Repository/Backoffice/match_mgmt/meron_details/input_meron_weight'

2018-12-10 08:46:18 - [TEST_STEP][PASSED] - setText(findTestObject("Backoffice/match_mgmt/wala_details/input_wala_name"), Wala_Name): Text 'BB' is set on object 'Object Repository/Backoffice/match_mgmt/wala_details/input_wala_name'

2018-12-10 08:46:18 - [MESSAGE][PASSED] - Text 'BB' is set on object 'Object Repository/Backoffice/match_mgmt/wala_details/input_wala_name'

2018-12-10 08:46:18 - [TEST_STEP][PASSED] - setText(findTestObject("Backoffice/match_mgmt/wala_details/input_wala_farm"), Wala_Farm): Text 'Farm 2' is set on object 'Object Repository/Backoffice/match_mgmt/wala_details/input_wala_farm'

2018-12-10 08:46:18 - [MESSAGE][PASSED] - Text 'Farm 2' is set on object 'Object Repository/Backoffice/match_mgmt/wala_details/input_wala_farm'

2018-12-10 08:46:18 - [TEST_STEP][PASSED] - setText(findTestObject("Backoffice/match_mgmt/wala_details/input_wala_breed"), Wala_Breed): Text 'Breed 2' is set on object 'Object Repository/Backoffice/match_mgmt/wala_details/input_wala_breed'

2018-12-10 08:46:19 - [MESSAGE][PASSED] - Text 'Breed 2' is set on object 'Object Repository/Backoffice/match_mgmt/wala_details/input_wala_breed'

2018-12-10 08:46:19 - [TEST_STEP][PASSED] - setText(findTestObject("Backoffice/match_mgmt/wala_details/input_wala_weight"), Wala_Weight): Text 'Weight 2' is set on object 'Object Repository/Backoffice/match_mgmt/wala_details/input_wala_weight'

2018-12-10 08:46:19 - [MESSAGE][PASSED] - Text 'Weight 2' is set on object 'Object Repository/Backoffice/match_mgmt/wala_details/input_wala_weight'

2018-12-10 08:46:19 - [TEST_STEP][PASSED] - click(findTestObject("Backoffice/match_mgmt/input_submit_match")): Object: 'Object Repository/Backoffice/match_mgmt/input_submit_match' is clicked on

2018-12-10 08:46:20 - [MESSAGE][PASSED] - Object: 'Object Repository/Backoffice/match_mgmt/input_submit_match' is clicked on

2018-12-10 08:46:20 - [TEST_STEP][PASSED] - delay(1): Delayed 1 second(s)

2018-12-10 08:46:21 - [MESSAGE][PASSED] - Delayed 1 second(s)

2018-12-10 08:46:21 - [TEST_STEP][PASSED] - click(findTestObject("Backoffice/match_mgmt/button_create_match")): Object: 'Object Repository/Backoffice/match_mgmt/button_create_match' is clicked on

2018-12-10 08:46:22 - [MESSAGE][PASSED] - Object: 'Object Repository/Backoffice/match_mgmt/button_create_match' is clicked on

2018-12-10 08:46:22 - [TEST_STEP][PASSED] - delay(1): Delayed 1 second(s)

2018-12-10 08:46:23 - [MESSAGE][PASSED] - Delayed 1 second(s)

2018-12-10 08:46:23 - [TEST_STEP][PASSED] - click(findTestObject("Backoffice/match_mgmt/span_select_arena_name")): Object: 'Object Repository/Backoffice/match_mgmt/span_select_arena_name' is clicked on

2018-12-10 08:46:23 - [MESSAGE][PASSED] - Object: 'Object Repository/Backoffice/match_mgmt/span_select_arena_name' is clicked on

2018-12-10 08:46:23 - [TEST_STEP][PASSED] - setText(findTestObject("Backoffice/match_mgmt/input__select2-search__arena_name"), Arena_Acronym): Text 'ALIXANDRA SPORTS COMPLEX - ASC' is set on object 'Object Repository/Backoffice/match_mgmt/input__select2-search__arena_name'

2018-12-10 08:46:24 - [MESSAGE][PASSED] - Text 'ALIXANDRA SPORTS COMPLEX - ASC' is set on object 'Object Repository/Backoffice/match_mgmt/input__select2-search__arena_name'

2018-12-10 08:46:24 - [TEST_STEP][PASSED] - sendKeys(findTestObject("Backoffice/match_mgmt/input__select2-search__arena_name"), Keys.chord(ENTER)): Keys 'ENTER + ' sent to object: 'Object Repository/Backoffice/match_mgmt/input__select2-search__arena_name'

2018-12-10 08:46:24 - [MESSAGE][PASSED] - Keys 'ENTER + ' sent to object: 'Object Repository/Backoffice/match_mgmt/input__select2-search__arena_name'

2018-12-10 08:46:24 - [TEST_STEP][PASSED] - setText(findTestObject("Backoffice/match_mgmt/meron_details/input_meron_name"), Meron_Name): Text 'AA' is set on object 'Object Repository/Backoffice/match_mgmt/meron_details/input_meron_name'

2018-12-10 08:46:24 - [MESSAGE][PASSED] - Text 'AA' is set on object 'Object Repository/Backoffice/match_mgmt/meron_details/input_meron_name'

2018-12-10 08:46:24 - [TEST_STEP][PASSED] - setText(findTestObject("Backoffice/match_mgmt/meron_details/input_meron_farm"), Meron_Farm): Text 'Farm 1' is set on object 'Object Repository/Backoffice/match_mgmt/meron_details/input_meron_farm'

2018-12-10 08:46:24 - [MESSAGE][PASSED] - Text 'Farm 1' is set on object 'Object Repository/Backoffice/match_mgmt/meron_details/input_meron_farm'

2018-12-10 08:46:24 - [TEST_STEP][PASSED] - setText(findTestObject("Backoffice/match_mgmt/meron_details/input_meron_breed"), Meron_Breed): Text 'Breed 1' is set on object 'Object Repository/Backoffice/match_mgmt/meron_details/input_meron_breed'

2018-12-10 08:46:25 - [MESSAGE][PASSED] - Text 'Breed 1' is set on object 'Object Repository/Backoffice/match_mgmt/meron_details/input_meron_breed'

2018-12-10 08:46:25 - [TEST_STEP][PASSED] - setText(findTestObject("Backoffice/match_mgmt/meron_details/input_meron_weight"), Meron_Weight): Text 'Weight 1' is set on object 'Object Repository/Backoffice/match_mgmt/meron_details/input_meron_weight'

2018-12-10 08:46:25 - [MESSAGE][PASSED] - Text 'Weight 1' is set on object 'Object Repository/Backoffice/match_mgmt/meron_details/input_meron_weight'

2018-12-10 08:46:25 - [TEST_STEP][PASSED] - setText(findTestObject("Backoffice/match_mgmt/wala_details/input_wala_name"), Wala_Name): Text 'BB' is set on object 'Object Repository/Backoffice/match_mgmt/wala_details/input_wala_name'

2018-12-10 08:46:25 - [MESSAGE][PASSED] - Text 'BB' is set on object 'Object Repository/Backoffice/match_mgmt/wala_details/input_wala_name'

2018-12-10 08:46:25 - [TEST_STEP][PASSED] - setText(findTestObject("Backoffice/match_mgmt/wala_details/input_wala_farm"), Wala_Farm): Text 'Farm 2' is set on object 'Object Repository/Backoffice/match_mgmt/wala_details/input_wala_farm'

2018-12-10 08:46:26 - [MESSAGE][PASSED] - Text 'Farm 2' is set on object 'Object Repository/Backoffice/match_mgmt/wala_details/input_wala_farm'

2018-12-10 08:46:26 - [TEST_STEP][PASSED] - setText(findTestObject("Backoffice/match_mgmt/wala_details/input_wala_breed"), Wala_Breed): Text 'Breed 2' is set on object 'Object Repository/Backoffice/match_mgmt/wala_details/input_wala_breed'

2018-12-10 08:46:26 - [MESSAGE][PASSED] - Text 'Breed 2' is set on object 'Object Repository/Backoffice/match_mgmt/wala_details/input_wala_breed'

2018-12-10 08:46:26 - [TEST_STEP][PASSED] - setText(findTestObject("Backoffice/match_mgmt/wala_details/input_wala_weight"), Wala_Weight): Text 'Weight 2' is set on object 'Object Repository/Backoffice/match_mgmt/wala_details/input_wala_weight'

2018-12-10 08:46:26 - [MESSAGE][PASSED] - Text 'Weight 2' is set on object 'Object Repository/Backoffice/match_mgmt/wala_details/input_wala_weight'

2018-12-10 08:46:26 - [TEST_STEP][PASSED] - click(findTestObject("Backoffice/match_mgmt/input_submit_match")): Object: 'Object Repository/Backoffice/match_mgmt/input_submit_match' is clicked on

2018-12-10 08:46:28 - [MESSAGE][PASSED] - Object: 'Object Repository/Backoffice/match_mgmt/input_submit_match' is clicked on

2018-12-10 08:46:28 - [TEST_STEP][PASSED] - delay(1): Delayed 1 second(s)

2018-12-10 08:46:29 - [MESSAGE][PASSED] - Delayed 1 second(s)

2018-12-10 08:46:29 - [TEST_STEP][PASSED] - click(findTestObject("Backoffice/match_mgmt/button_create_match")): Object: 'Object Repository/Backoffice/match_mgmt/button_create_match' is clicked on

2018-12-10 08:46:29 - [MESSAGE][PASSED] - Object: 'Object Repository/Backoffice/match_mgmt/button_create_match' is clicked on

2018-12-10 08:46:29 - [TEST_STEP][PASSED] - delay(1): Delayed 1 second(s)

2018-12-10 08:46:30 - [MESSAGE][PASSED] - Delayed 1 second(s)

2018-12-10 08:46:30 - [TEST_STEP][PASSED] - click(findTestObject("Backoffice/match_mgmt/span_select_arena_name")): Object: 'Object Repository/Backoffice/match_mgmt/span_select_arena_name' is clicked on

2018-12-10 08:46:30 - [MESSAGE][PASSED] - Object: 'Object Repository/Backoffice/match_mgmt/span_select_arena_name' is clicked on

2018-12-10 08:46:30 - [TEST_STEP][PASSED] - setText(findTestObject("Backoffice/match_mgmt/input__select2-search__arena_name"), Arena_Acronym): Text 'ALIXANDRA SPORTS COMPLEX - ASC' is set on object 'Object Repository/Backoffice/match_mgmt/input__select2-search__arena_name'

2018-12-10 08:46:31 - [MESSAGE][PASSED] - Text 'ALIXANDRA SPORTS COMPLEX - ASC' is set on object 'Object Repository/Backoffice/match_mgmt/input__select2-search__arena_name'

2018-12-10 08:46:31 - [TEST_STEP][PASSED] - sendKeys(findTestObject("Backoffice/match_mgmt/input__select2-search__arena_name"), Keys.chord(ENTER)): Keys 'ENTER + ' sent to object: 'Object Repository/Backoffice/match_mgmt/input__select2-search__arena_name'

2018-12-10 08:46:31 - [MESSAGE][PASSED] - Keys 'ENTER + ' sent to object: 'Object Repository/Backoffice/match_mgmt/input__select2-search__arena_name'

2018-12-10 08:46:31 - [TEST_STEP][PASSED] - setText(findTestObject("Backoffice/match_mgmt/meron_details/input_meron_name"), Meron_Name): Text 'AA' is set on object 'Object Repository/Backoffice/match_mgmt/meron_details/input_meron_name'

2018-12-10 08:46:32 - [MESSAGE][PASSED] - Text 'AA' is set on object 'Object Repository/Backoffice/match_mgmt/meron_details/input_meron_name'

2018-12-10 08:46:32 - [TEST_STEP][PASSED] - setText(findTestObject("Backoffice/match_mgmt/meron_details/input_meron_farm"), Meron_Farm): Text 'Farm 1' is set on object 'Object Repository/Backoffice/match_mgmt/meron_details/input_meron_farm'

2018-12-10 08:46:32 - [MESSAGE][PASSED] - Text 'Farm 1' is set on object 'Object Repository/Backoffice/match_mgmt/meron_details/input_meron_farm'

2018-12-10 08:46:32 - [TEST_STEP][PASSED] - setText(findTestObject("Backoffice/match_mgmt/meron_details/input_meron_breed"), Meron_Breed): Text 'Breed 1' is set on object 'Object Repository/Backoffice/match_mgmt/meron_details/input_meron_breed'

2018-12-10 08:46:32 - [MESSAGE][PASSED] - Text 'Breed 1' is set on object 'Object Repository/Backoffice/match_mgmt/meron_details/input_meron_breed'

2018-12-10 08:46:32 - [TEST_STEP][PASSED] - setText(findTestObject("Backoffice/match_mgmt/meron_details/input_meron_weight"), Meron_Weight): Text 'Weight 1' is set on object 'Object Repository/Backoffice/match_mgmt/meron_details/input_meron_weight'

2018-12-10 08:46:33 - [MESSAGE][PASSED] - Text 'Weight 1' is set on object 'Object Repository/Backoffice/match_mgmt/meron_details/input_meron_weight'

2018-12-10 08:46:33 - [TEST_STEP][PASSED] - setText(findTestObject("Backoffice/match_mgmt/wala_details/input_wala_name"), Wala_Name): Text 'BB' is set on object 'Object Repository/Backoffice/match_mgmt/wala_details/input_wala_name'

2018-12-10 08:46:33 - [MESSAGE][PASSED] - Text 'BB' is set on object 'Object Repository/Backoffice/match_mgmt/wala_details/input_wala_name'

2018-12-10 08:46:33 - [TEST_STEP][PASSED] - setText(findTestObject("Backoffice/match_mgmt/wala_details/input_wala_farm"), Wala_Farm): Text 'Farm 2' is set on object 'Object Repository/Backoffice/match_mgmt/wala_details/input_wala_farm'

2018-12-10 08:46:33 - [MESSAGE][PASSED] - Text 'Farm 2' is set on object 'Object Repository/Backoffice/match_mgmt/wala_details/input_wala_farm'

2018-12-10 08:46:33 - [TEST_STEP][PASSED] - setText(findTestObject("Backoffice/match_mgmt/wala_details/input_wala_breed"), Wala_Breed): Text 'Breed 2' is set on object 'Object Repository/Backoffice/match_mgmt/wala_details/input_wala_breed'

2018-12-10 08:46:34 - [MESSAGE][PASSED] - Text 'Breed 2' is set on object 'Object Repository/Backoffice/match_mgmt/wala_details/input_wala_breed'

2018-12-10 08:46:34 - [TEST_STEP][PASSED] - setText(findTestObject("Backoffice/match_mgmt/wala_details/input_wala_weight"), Wala_Weight): Text 'Weight 2' is set on object 'Object Repository/Backoffice/match_mgmt/wala_details/input_wala_weight'

2018-12-10 08:46:34 - [MESSAGE][PASSED] - Text 'Weight 2' is set on object 'Object Repository/Backoffice/match_mgmt/wala_details/input_wala_weight'

2018-12-10 08:46:34 - [TEST_STEP][PASSED] - click(findTestObject("Backoffice/match_mgmt/input_submit_match")): Object: 'Object Repository/Backoffice/match_mgmt/input_submit_match' is clicked on

2018-12-10 08:46:36 - [MESSAGE][PASSED] - Object: 'Object Repository/Backoffice/match_mgmt/input_submit_match' is clicked on

2018-12-10 08:46:36 - [TEST_STEP][PASSED] - delay(1): Delayed 1 second(s)

2018-12-10 08:46:37 - [MESSAGE][PASSED] - Delayed 1 second(s)]]></system-out>
         <system-err><![CDATA[]]></system-err>
      </testcase>
      <system-out><![CDATA[2018-12-10 08:43:42 - [TEST_SUITE][PASSED] - match_ASC: Test Cases/Backoffice/create_match/create_match_loop_with_open_match]]></system-out>
      <system-err><![CDATA[]]></system-err>
   </testsuite>
</testsuites>
