<?xml version="1.0" encoding="UTF-8"?>
<testsuites name="create_arena" time="164" tests="15" failures="0" errors="0">
   <testsuite name="create_arena" tests="15" failures="0" errors="0" time="164" timestamp="2018-11-26 08:44:32" hostname="janine.bautista - J9" id="Test Suites/create_arena/create_arena">
      <properties>
         <property name="deviceName" value=""/>
         <property name="devicePlatform" value=""/>
         <property name="logFolder" value="C:\\Users\\janine.bautista\\git\\JANINE_QA\\Reports\\create_arena\\create_arena\\20181126_084430"/>
         <property name="logFiles" value="C:\\Users\\janine.bautista\\git\\JANINE_QA\\Reports\\create_arena\\create_arena\\20181126_084430\\execution0.log"/>
         <property name="attachments" value=""/>
         <property name="hostName" value="janine.bautista - J9"/>
         <property name="os" value="Windows 10 64bit"/>
         <property name="katalonVersion" value="5.8.6.1"/>
         <property name="browser" value="Chrome 70.0.3538.102"/>
         <property name="hostAddress" value="172.16.8.107"/>
         <property name="sessionId" value="eeed0363e18a8da1bc3812346851f905"/>
         <property name="seleniumVersion" value="3.7.1"/>
         <property name="proxyInformation" value="ProxyInformation{proxyOption=NO_PROXY, proxyServerType=HTTP, password=, proxyServerAddress=, proxyServerPort=0}"/>
         <property name="platform" value="Windows 10"/>
      </properties>
      <testcase name="Test Cases/Backoffice/create_arena/1_arena" classname="Test Cases/Backoffice/create_arena/1_arena" status="PASSED">
         <system-out><![CDATA[2018-11-26 08:44:32 - [TEST_CASE][PASSED] - Test Cases/Backoffice/create_arena/1_arena: Test Cases/Backoffice/create_arena/1_arena

2018-11-26 08:44:32 - [TEST_STEP][PASSED] - mj.loginBackoffice.login: mj.loginBackoffice.login is PASSED

2018-11-26 08:44:35 - [MESSAGE][PASSED] - Browser is opened with url: ''

2018-11-26 08:44:36 - [MESSAGE][PASSED] - Current window maximized

2018-11-26 08:44:37 - [MESSAGE][PASSED] - Navigate to 'http://dev-admin.ucf88.com/login' successfully

2018-11-26 08:44:37 - [MESSAGE][PASSED] - Text 'janine' is set on object 'Object Repository/Backoffice/login_page/input_username'

2018-11-26 08:44:37 - [MESSAGE][PASSED] - Text ****** has been set on object 'Object Repository/Backoffice/login_page/input_password'

2018-11-26 08:44:39 - [MESSAGE][PASSED] - Object: 'Object Repository/Backoffice/login_page/button_login' is clicked on

2018-11-26 08:44:39 - [MESSAGE][PASSED] - mj.loginBackoffice.login is PASSED

2018-11-26 08:44:39 - [TEST_STEP][PASSED] - mouseOver: Object: 'Object Repository/Backoffice/headers/span_betting' is hovered

2018-11-26 08:44:39 - [MESSAGE][PASSED] - Object: 'Object Repository/Backoffice/headers/span_betting' is hovered

2018-11-26 08:44:39 - [TEST_STEP][PASSED] - click: Object: 'Object Repository/Backoffice/headers/span_arena' is clicked on

2018-11-26 08:44:40 - [MESSAGE][PASSED] - Object: 'Object Repository/Backoffice/headers/span_arena' is clicked on

2018-11-26 08:44:40 - [TEST_STEP][PASSED] - click: Object: 'Object Repository/Backoffice/arena_mgmt/button_create_arena' is clicked on

2018-11-26 08:44:40 - [MESSAGE][PASSED] - Object: 'Object Repository/Backoffice/arena_mgmt/button_create_arena' is clicked on

2018-11-26 08:44:40 - [TEST_STEP][PASSED] - delay: Delayed 2 second(s)

2018-11-26 08:44:42 - [MESSAGE][PASSED] - Delayed 2 second(s)

2018-11-26 08:44:42 - [TEST_STEP][PASSED] - setText: Text 'Arena 1' is set on object 'Object Repository/Backoffice/arena_mgmt/input_arena_name'

2018-11-26 08:44:42 - [MESSAGE][PASSED] - Text 'Arena 1' is set on object 'Object Repository/Backoffice/arena_mgmt/input_arena_name'

2018-11-26 08:44:42 - [TEST_STEP][PASSED] - setText: Text 'Fight 1' is set on object 'Object Repository/Backoffice/arena_mgmt/input_event_name'

2018-11-26 08:44:42 - [MESSAGE][PASSED] - Text 'Fight 1' is set on object 'Object Repository/Backoffice/arena_mgmt/input_event_name'

2018-11-26 08:44:42 - [TEST_STEP][PASSED] - setText: Text 'Arena 1 - AR1' is set on object 'Object Repository/Backoffice/arena_mgmt/input_acronym'

2018-11-26 08:44:43 - [MESSAGE][PASSED] - Text 'Arena 1 - AR1' is set on object 'Object Repository/Backoffice/arena_mgmt/input_acronym'

2018-11-26 08:44:43 - [TEST_STEP][PASSED] - setText: Text '10' is set on object 'Object Repository/Backoffice/arena_mgmt/input_profit_margin'

2018-11-26 08:44:43 - [MESSAGE][PASSED] - Text '10' is set on object 'Object Repository/Backoffice/arena_mgmt/input_profit_margin'

2018-11-26 08:44:43 - [TEST_STEP][PASSED] - click: Object: 'Object Repository/Backoffice/arena_mgmt/input_submit' is clicked on

2018-11-26 08:44:43 - [MESSAGE][PASSED] - Object: 'Object Repository/Backoffice/arena_mgmt/input_submit' is clicked on]]></system-out>
         <system-err><![CDATA[]]></system-err>
      </testcase>
      <testcase name="Test Cases/Backoffice/create_arena/1_arena" classname="Test Cases/Backoffice/create_arena/1_arena" status="PASSED">
         <system-out><![CDATA[2018-11-26 08:44:43 - [TEST_CASE][PASSED] - Test Cases/Backoffice/create_arena/1_arena: Test Cases/Backoffice/create_arena/1_arena

2018-11-26 08:44:43 - [TEST_STEP][PASSED] - mj.loginBackoffice.login: mj.loginBackoffice.login is PASSED

2018-11-26 08:44:43 - [MESSAGE][WARNING] - A browser is already opened. Closing browser and opening a new one

2018-11-26 08:44:46 - [MESSAGE][PASSED] - Browser is opened with url: ''

2018-11-26 08:44:47 - [MESSAGE][PASSED] - Current window maximized

2018-11-26 08:44:48 - [MESSAGE][PASSED] - Navigate to 'http://dev-admin.ucf88.com/login' successfully

2018-11-26 08:44:48 - [MESSAGE][PASSED] - Text 'janine' is set on object 'Object Repository/Backoffice/login_page/input_username'

2018-11-26 08:44:48 - [MESSAGE][PASSED] - Text ****** has been set on object 'Object Repository/Backoffice/login_page/input_password'

2018-11-26 08:44:50 - [MESSAGE][PASSED] - Object: 'Object Repository/Backoffice/login_page/button_login' is clicked on

2018-11-26 08:44:50 - [MESSAGE][PASSED] - mj.loginBackoffice.login is PASSED

2018-11-26 08:44:50 - [TEST_STEP][PASSED] - mouseOver: Object: 'Object Repository/Backoffice/headers/span_betting' is hovered

2018-11-26 08:44:50 - [MESSAGE][PASSED] - Object: 'Object Repository/Backoffice/headers/span_betting' is hovered

2018-11-26 08:44:50 - [TEST_STEP][PASSED] - click: Object: 'Object Repository/Backoffice/headers/span_arena' is clicked on

2018-11-26 08:44:51 - [MESSAGE][PASSED] - Object: 'Object Repository/Backoffice/headers/span_arena' is clicked on

2018-11-26 08:44:51 - [TEST_STEP][PASSED] - click: Object: 'Object Repository/Backoffice/arena_mgmt/button_create_arena' is clicked on

2018-11-26 08:44:51 - [MESSAGE][PASSED] - Object: 'Object Repository/Backoffice/arena_mgmt/button_create_arena' is clicked on

2018-11-26 08:44:51 - [TEST_STEP][PASSED] - delay: Delayed 2 second(s)

2018-11-26 08:44:53 - [MESSAGE][PASSED] - Delayed 2 second(s)

2018-11-26 08:44:53 - [TEST_STEP][PASSED] - setText: Text 'Arena 2' is set on object 'Object Repository/Backoffice/arena_mgmt/input_arena_name'

2018-11-26 08:44:53 - [MESSAGE][PASSED] - Text 'Arena 2' is set on object 'Object Repository/Backoffice/arena_mgmt/input_arena_name'

2018-11-26 08:44:53 - [TEST_STEP][PASSED] - setText: Text 'Fight 2' is set on object 'Object Repository/Backoffice/arena_mgmt/input_event_name'

2018-11-26 08:44:54 - [MESSAGE][PASSED] - Text 'Fight 2' is set on object 'Object Repository/Backoffice/arena_mgmt/input_event_name'

2018-11-26 08:44:54 - [TEST_STEP][PASSED] - setText: Text 'Arena 2 - AR2' is set on object 'Object Repository/Backoffice/arena_mgmt/input_acronym'

2018-11-26 08:44:54 - [MESSAGE][PASSED] - Text 'Arena 2 - AR2' is set on object 'Object Repository/Backoffice/arena_mgmt/input_acronym'

2018-11-26 08:44:54 - [TEST_STEP][PASSED] - setText: Text '10' is set on object 'Object Repository/Backoffice/arena_mgmt/input_profit_margin'

2018-11-26 08:44:54 - [MESSAGE][PASSED] - Text '10' is set on object 'Object Repository/Backoffice/arena_mgmt/input_profit_margin'

2018-11-26 08:44:54 - [TEST_STEP][PASSED] - click: Object: 'Object Repository/Backoffice/arena_mgmt/input_submit' is clicked on

2018-11-26 08:44:55 - [MESSAGE][PASSED] - Object: 'Object Repository/Backoffice/arena_mgmt/input_submit' is clicked on]]></system-out>
         <system-err><![CDATA[]]></system-err>
      </testcase>
      <testcase name="Test Cases/Backoffice/create_arena/1_arena" classname="Test Cases/Backoffice/create_arena/1_arena" status="PASSED">
         <system-out><![CDATA[2018-11-26 08:44:55 - [TEST_CASE][PASSED] - Test Cases/Backoffice/create_arena/1_arena: Test Cases/Backoffice/create_arena/1_arena

2018-11-26 08:44:55 - [TEST_STEP][PASSED] - mj.loginBackoffice.login: mj.loginBackoffice.login is PASSED

2018-11-26 08:44:55 - [MESSAGE][WARNING] - A browser is already opened. Closing browser and opening a new one

2018-11-26 08:44:58 - [MESSAGE][PASSED] - Browser is opened with url: ''

2018-11-26 08:44:59 - [MESSAGE][PASSED] - Current window maximized

2018-11-26 08:44:59 - [MESSAGE][PASSED] - Navigate to 'http://dev-admin.ucf88.com/login' successfully

2018-11-26 08:44:59 - [MESSAGE][PASSED] - Text 'janine' is set on object 'Object Repository/Backoffice/login_page/input_username'

2018-11-26 08:44:59 - [MESSAGE][PASSED] - Text ****** has been set on object 'Object Repository/Backoffice/login_page/input_password'

2018-11-26 08:45:01 - [MESSAGE][PASSED] - Object: 'Object Repository/Backoffice/login_page/button_login' is clicked on

2018-11-26 08:45:01 - [MESSAGE][PASSED] - mj.loginBackoffice.login is PASSED

2018-11-26 08:45:01 - [TEST_STEP][PASSED] - mouseOver: Object: 'Object Repository/Backoffice/headers/span_betting' is hovered

2018-11-26 08:45:01 - [MESSAGE][PASSED] - Object: 'Object Repository/Backoffice/headers/span_betting' is hovered

2018-11-26 08:45:01 - [TEST_STEP][PASSED] - click: Object: 'Object Repository/Backoffice/headers/span_arena' is clicked on

2018-11-26 08:45:02 - [MESSAGE][PASSED] - Object: 'Object Repository/Backoffice/headers/span_arena' is clicked on

2018-11-26 08:45:02 - [TEST_STEP][PASSED] - click: Object: 'Object Repository/Backoffice/arena_mgmt/button_create_arena' is clicked on

2018-11-26 08:45:02 - [MESSAGE][PASSED] - Object: 'Object Repository/Backoffice/arena_mgmt/button_create_arena' is clicked on

2018-11-26 08:45:02 - [TEST_STEP][PASSED] - delay: Delayed 2 second(s)

2018-11-26 08:45:04 - [MESSAGE][PASSED] - Delayed 2 second(s)

2018-11-26 08:45:04 - [TEST_STEP][PASSED] - setText: Text 'Arena 3' is set on object 'Object Repository/Backoffice/arena_mgmt/input_arena_name'

2018-11-26 08:45:04 - [MESSAGE][PASSED] - Text 'Arena 3' is set on object 'Object Repository/Backoffice/arena_mgmt/input_arena_name'

2018-11-26 08:45:04 - [TEST_STEP][PASSED] - setText: Text 'Fight 3' is set on object 'Object Repository/Backoffice/arena_mgmt/input_event_name'

2018-11-26 08:45:05 - [MESSAGE][PASSED] - Text 'Fight 3' is set on object 'Object Repository/Backoffice/arena_mgmt/input_event_name'

2018-11-26 08:45:05 - [TEST_STEP][PASSED] - setText: Text 'Arena 3 - AR3' is set on object 'Object Repository/Backoffice/arena_mgmt/input_acronym'

2018-11-26 08:45:05 - [MESSAGE][PASSED] - Text 'Arena 3 - AR3' is set on object 'Object Repository/Backoffice/arena_mgmt/input_acronym'

2018-11-26 08:45:05 - [TEST_STEP][PASSED] - setText: Text '10' is set on object 'Object Repository/Backoffice/arena_mgmt/input_profit_margin'

2018-11-26 08:45:05 - [MESSAGE][PASSED] - Text '10' is set on object 'Object Repository/Backoffice/arena_mgmt/input_profit_margin'

2018-11-26 08:45:05 - [TEST_STEP][PASSED] - click: Object: 'Object Repository/Backoffice/arena_mgmt/input_submit' is clicked on

2018-11-26 08:45:05 - [MESSAGE][PASSED] - Object: 'Object Repository/Backoffice/arena_mgmt/input_submit' is clicked on]]></system-out>
         <system-err><![CDATA[]]></system-err>
      </testcase>
      <testcase name="Test Cases/Backoffice/create_arena/1_arena" classname="Test Cases/Backoffice/create_arena/1_arena" status="PASSED">
         <system-out><![CDATA[2018-11-26 08:45:06 - [TEST_CASE][PASSED] - Test Cases/Backoffice/create_arena/1_arena: Test Cases/Backoffice/create_arena/1_arena

2018-11-26 08:45:06 - [TEST_STEP][PASSED] - mj.loginBackoffice.login: mj.loginBackoffice.login is PASSED

2018-11-26 08:45:06 - [MESSAGE][WARNING] - A browser is already opened. Closing browser and opening a new one

2018-11-26 08:45:08 - [MESSAGE][PASSED] - Browser is opened with url: ''

2018-11-26 08:45:09 - [MESSAGE][PASSED] - Current window maximized

2018-11-26 08:45:10 - [MESSAGE][PASSED] - Navigate to 'http://dev-admin.ucf88.com/login' successfully

2018-11-26 08:45:11 - [MESSAGE][PASSED] - Text 'janine' is set on object 'Object Repository/Backoffice/login_page/input_username'

2018-11-26 08:45:11 - [MESSAGE][PASSED] - Text ****** has been set on object 'Object Repository/Backoffice/login_page/input_password'

2018-11-26 08:45:12 - [MESSAGE][PASSED] - Object: 'Object Repository/Backoffice/login_page/button_login' is clicked on

2018-11-26 08:45:12 - [MESSAGE][PASSED] - mj.loginBackoffice.login is PASSED

2018-11-26 08:45:12 - [TEST_STEP][PASSED] - mouseOver: Object: 'Object Repository/Backoffice/headers/span_betting' is hovered

2018-11-26 08:45:13 - [MESSAGE][PASSED] - Object: 'Object Repository/Backoffice/headers/span_betting' is hovered

2018-11-26 08:45:13 - [TEST_STEP][PASSED] - click: Object: 'Object Repository/Backoffice/headers/span_arena' is clicked on

2018-11-26 08:45:13 - [MESSAGE][PASSED] - Object: 'Object Repository/Backoffice/headers/span_arena' is clicked on

2018-11-26 08:45:13 - [TEST_STEP][PASSED] - click: Object: 'Object Repository/Backoffice/arena_mgmt/button_create_arena' is clicked on

2018-11-26 08:45:13 - [MESSAGE][PASSED] - Object: 'Object Repository/Backoffice/arena_mgmt/button_create_arena' is clicked on

2018-11-26 08:45:13 - [TEST_STEP][PASSED] - delay: Delayed 2 second(s)

2018-11-26 08:45:15 - [MESSAGE][PASSED] - Delayed 2 second(s)

2018-11-26 08:45:15 - [TEST_STEP][PASSED] - setText: Text 'Arena 4' is set on object 'Object Repository/Backoffice/arena_mgmt/input_arena_name'

2018-11-26 08:45:16 - [MESSAGE][PASSED] - Text 'Arena 4' is set on object 'Object Repository/Backoffice/arena_mgmt/input_arena_name'

2018-11-26 08:45:16 - [TEST_STEP][PASSED] - setText: Text 'Fight 4' is set on object 'Object Repository/Backoffice/arena_mgmt/input_event_name'

2018-11-26 08:45:16 - [MESSAGE][PASSED] - Text 'Fight 4' is set on object 'Object Repository/Backoffice/arena_mgmt/input_event_name'

2018-11-26 08:45:16 - [TEST_STEP][PASSED] - setText: Text 'Arena 4 - AR4' is set on object 'Object Repository/Backoffice/arena_mgmt/input_acronym'

2018-11-26 08:45:16 - [MESSAGE][PASSED] - Text 'Arena 4 - AR4' is set on object 'Object Repository/Backoffice/arena_mgmt/input_acronym'

2018-11-26 08:45:16 - [TEST_STEP][PASSED] - setText: Text '10' is set on object 'Object Repository/Backoffice/arena_mgmt/input_profit_margin'

2018-11-26 08:45:16 - [MESSAGE][PASSED] - Text '10' is set on object 'Object Repository/Backoffice/arena_mgmt/input_profit_margin'

2018-11-26 08:45:16 - [TEST_STEP][PASSED] - click: Object: 'Object Repository/Backoffice/arena_mgmt/input_submit' is clicked on

2018-11-26 08:45:17 - [MESSAGE][PASSED] - Object: 'Object Repository/Backoffice/arena_mgmt/input_submit' is clicked on]]></system-out>
         <system-err><![CDATA[]]></system-err>
      </testcase>
      <testcase name="Test Cases/Backoffice/create_arena/1_arena" classname="Test Cases/Backoffice/create_arena/1_arena" status="PASSED">
         <system-out><![CDATA[2018-11-26 08:45:17 - [TEST_CASE][PASSED] - Test Cases/Backoffice/create_arena/1_arena: Test Cases/Backoffice/create_arena/1_arena

2018-11-26 08:45:17 - [TEST_STEP][PASSED] - mj.loginBackoffice.login: mj.loginBackoffice.login is PASSED

2018-11-26 08:45:17 - [MESSAGE][WARNING] - A browser is already opened. Closing browser and opening a new one

2018-11-26 08:45:20 - [MESSAGE][PASSED] - Browser is opened with url: ''

2018-11-26 08:45:21 - [MESSAGE][PASSED] - Current window maximized

2018-11-26 08:45:21 - [MESSAGE][PASSED] - Navigate to 'http://dev-admin.ucf88.com/login' successfully

2018-11-26 08:45:21 - [MESSAGE][PASSED] - Text 'janine' is set on object 'Object Repository/Backoffice/login_page/input_username'

2018-11-26 08:45:22 - [MESSAGE][PASSED] - Text ****** has been set on object 'Object Repository/Backoffice/login_page/input_password'

2018-11-26 08:45:23 - [MESSAGE][PASSED] - Object: 'Object Repository/Backoffice/login_page/button_login' is clicked on

2018-11-26 08:45:23 - [MESSAGE][PASSED] - mj.loginBackoffice.login is PASSED

2018-11-26 08:45:23 - [TEST_STEP][PASSED] - mouseOver: Object: 'Object Repository/Backoffice/headers/span_betting' is hovered

2018-11-26 08:45:23 - [MESSAGE][PASSED] - Object: 'Object Repository/Backoffice/headers/span_betting' is hovered

2018-11-26 08:45:23 - [TEST_STEP][PASSED] - click: Object: 'Object Repository/Backoffice/headers/span_arena' is clicked on

2018-11-26 08:45:24 - [MESSAGE][PASSED] - Object: 'Object Repository/Backoffice/headers/span_arena' is clicked on

2018-11-26 08:45:24 - [TEST_STEP][PASSED] - click: Object: 'Object Repository/Backoffice/arena_mgmt/button_create_arena' is clicked on

2018-11-26 08:45:24 - [MESSAGE][PASSED] - Object: 'Object Repository/Backoffice/arena_mgmt/button_create_arena' is clicked on

2018-11-26 08:45:24 - [TEST_STEP][PASSED] - delay: Delayed 2 second(s)

2018-11-26 08:45:26 - [MESSAGE][PASSED] - Delayed 2 second(s)

2018-11-26 08:45:26 - [TEST_STEP][PASSED] - setText: Text 'Arena 5' is set on object 'Object Repository/Backoffice/arena_mgmt/input_arena_name'

2018-11-26 08:45:26 - [MESSAGE][PASSED] - Text 'Arena 5' is set on object 'Object Repository/Backoffice/arena_mgmt/input_arena_name'

2018-11-26 08:45:26 - [TEST_STEP][PASSED] - setText: Text 'Fight 5' is set on object 'Object Repository/Backoffice/arena_mgmt/input_event_name'

2018-11-26 08:45:27 - [MESSAGE][PASSED] - Text 'Fight 5' is set on object 'Object Repository/Backoffice/arena_mgmt/input_event_name'

2018-11-26 08:45:27 - [TEST_STEP][PASSED] - setText: Text 'Arena 5 - AR5' is set on object 'Object Repository/Backoffice/arena_mgmt/input_acronym'

2018-11-26 08:45:27 - [MESSAGE][PASSED] - Text 'Arena 5 - AR5' is set on object 'Object Repository/Backoffice/arena_mgmt/input_acronym'

2018-11-26 08:45:27 - [TEST_STEP][PASSED] - setText: Text '10' is set on object 'Object Repository/Backoffice/arena_mgmt/input_profit_margin'

2018-11-26 08:45:27 - [MESSAGE][PASSED] - Text '10' is set on object 'Object Repository/Backoffice/arena_mgmt/input_profit_margin'

2018-11-26 08:45:27 - [TEST_STEP][PASSED] - click: Object: 'Object Repository/Backoffice/arena_mgmt/input_submit' is clicked on

2018-11-26 08:45:27 - [MESSAGE][PASSED] - Object: 'Object Repository/Backoffice/arena_mgmt/input_submit' is clicked on]]></system-out>
         <system-err><![CDATA[]]></system-err>
      </testcase>
      <testcase name="Test Cases/Backoffice/create_arena/1_arena" classname="Test Cases/Backoffice/create_arena/1_arena" status="PASSED">
         <system-out><![CDATA[2018-11-26 08:45:27 - [TEST_CASE][PASSED] - Test Cases/Backoffice/create_arena/1_arena: Test Cases/Backoffice/create_arena/1_arena

2018-11-26 08:45:27 - [TEST_STEP][PASSED] - mj.loginBackoffice.login: mj.loginBackoffice.login is PASSED

2018-11-26 08:45:27 - [MESSAGE][WARNING] - A browser is already opened. Closing browser and opening a new one

2018-11-26 08:45:30 - [MESSAGE][PASSED] - Browser is opened with url: ''

2018-11-26 08:45:31 - [MESSAGE][PASSED] - Current window maximized

2018-11-26 08:45:32 - [MESSAGE][PASSED] - Navigate to 'http://dev-admin.ucf88.com/login' successfully

2018-11-26 08:45:32 - [MESSAGE][PASSED] - Text 'janine' is set on object 'Object Repository/Backoffice/login_page/input_username'

2018-11-26 08:45:32 - [MESSAGE][PASSED] - Text ****** has been set on object 'Object Repository/Backoffice/login_page/input_password'

2018-11-26 08:45:34 - [MESSAGE][PASSED] - Object: 'Object Repository/Backoffice/login_page/button_login' is clicked on

2018-11-26 08:45:34 - [MESSAGE][PASSED] - mj.loginBackoffice.login is PASSED

2018-11-26 08:45:34 - [TEST_STEP][PASSED] - mouseOver: Object: 'Object Repository/Backoffice/headers/span_betting' is hovered

2018-11-26 08:45:34 - [MESSAGE][PASSED] - Object: 'Object Repository/Backoffice/headers/span_betting' is hovered

2018-11-26 08:45:34 - [TEST_STEP][PASSED] - click: Object: 'Object Repository/Backoffice/headers/span_arena' is clicked on

2018-11-26 08:45:35 - [MESSAGE][PASSED] - Object: 'Object Repository/Backoffice/headers/span_arena' is clicked on

2018-11-26 08:45:35 - [TEST_STEP][PASSED] - click: Object: 'Object Repository/Backoffice/arena_mgmt/button_create_arena' is clicked on

2018-11-26 08:45:35 - [MESSAGE][PASSED] - Object: 'Object Repository/Backoffice/arena_mgmt/button_create_arena' is clicked on

2018-11-26 08:45:35 - [TEST_STEP][PASSED] - delay: Delayed 2 second(s)

2018-11-26 08:45:37 - [MESSAGE][PASSED] - Delayed 2 second(s)

2018-11-26 08:45:37 - [TEST_STEP][PASSED] - setText: Text 'Arena 6' is set on object 'Object Repository/Backoffice/arena_mgmt/input_arena_name'

2018-11-26 08:45:37 - [MESSAGE][PASSED] - Text 'Arena 6' is set on object 'Object Repository/Backoffice/arena_mgmt/input_arena_name'

2018-11-26 08:45:37 - [TEST_STEP][PASSED] - setText: Text 'Fight 6' is set on object 'Object Repository/Backoffice/arena_mgmt/input_event_name'

2018-11-26 08:45:37 - [MESSAGE][PASSED] - Text 'Fight 6' is set on object 'Object Repository/Backoffice/arena_mgmt/input_event_name'

2018-11-26 08:45:37 - [TEST_STEP][PASSED] - setText: Text 'Arena 6 - AR6' is set on object 'Object Repository/Backoffice/arena_mgmt/input_acronym'

2018-11-26 08:45:38 - [MESSAGE][PASSED] - Text 'Arena 6 - AR6' is set on object 'Object Repository/Backoffice/arena_mgmt/input_acronym'

2018-11-26 08:45:38 - [TEST_STEP][PASSED] - setText: Text '10' is set on object 'Object Repository/Backoffice/arena_mgmt/input_profit_margin'

2018-11-26 08:45:38 - [MESSAGE][PASSED] - Text '10' is set on object 'Object Repository/Backoffice/arena_mgmt/input_profit_margin'

2018-11-26 08:45:38 - [TEST_STEP][PASSED] - click: Object: 'Object Repository/Backoffice/arena_mgmt/input_submit' is clicked on

2018-11-26 08:45:38 - [MESSAGE][PASSED] - Object: 'Object Repository/Backoffice/arena_mgmt/input_submit' is clicked on]]></system-out>
         <system-err><![CDATA[]]></system-err>
      </testcase>
      <testcase name="Test Cases/Backoffice/create_arena/1_arena" classname="Test Cases/Backoffice/create_arena/1_arena" status="PASSED">
         <system-out><![CDATA[2018-11-26 08:45:38 - [TEST_CASE][PASSED] - Test Cases/Backoffice/create_arena/1_arena: Test Cases/Backoffice/create_arena/1_arena

2018-11-26 08:45:38 - [TEST_STEP][PASSED] - mj.loginBackoffice.login: mj.loginBackoffice.login is PASSED

2018-11-26 08:45:38 - [MESSAGE][WARNING] - A browser is already opened. Closing browser and opening a new one

2018-11-26 08:45:41 - [MESSAGE][PASSED] - Browser is opened with url: ''

2018-11-26 08:45:42 - [MESSAGE][PASSED] - Current window maximized

2018-11-26 08:45:43 - [MESSAGE][PASSED] - Navigate to 'http://dev-admin.ucf88.com/login' successfully

2018-11-26 08:45:43 - [MESSAGE][PASSED] - Text 'janine' is set on object 'Object Repository/Backoffice/login_page/input_username'

2018-11-26 08:45:43 - [MESSAGE][PASSED] - Text ****** has been set on object 'Object Repository/Backoffice/login_page/input_password'

2018-11-26 08:45:45 - [MESSAGE][PASSED] - Object: 'Object Repository/Backoffice/login_page/button_login' is clicked on

2018-11-26 08:45:45 - [MESSAGE][PASSED] - mj.loginBackoffice.login is PASSED

2018-11-26 08:45:45 - [TEST_STEP][PASSED] - mouseOver: Object: 'Object Repository/Backoffice/headers/span_betting' is hovered

2018-11-26 08:45:45 - [MESSAGE][PASSED] - Object: 'Object Repository/Backoffice/headers/span_betting' is hovered

2018-11-26 08:45:45 - [TEST_STEP][PASSED] - click: Object: 'Object Repository/Backoffice/headers/span_arena' is clicked on

2018-11-26 08:45:46 - [MESSAGE][PASSED] - Object: 'Object Repository/Backoffice/headers/span_arena' is clicked on

2018-11-26 08:45:46 - [TEST_STEP][PASSED] - click: Object: 'Object Repository/Backoffice/arena_mgmt/button_create_arena' is clicked on

2018-11-26 08:45:46 - [MESSAGE][PASSED] - Object: 'Object Repository/Backoffice/arena_mgmt/button_create_arena' is clicked on

2018-11-26 08:45:46 - [TEST_STEP][PASSED] - delay: Delayed 2 second(s)

2018-11-26 08:45:48 - [MESSAGE][PASSED] - Delayed 2 second(s)

2018-11-26 08:45:48 - [TEST_STEP][PASSED] - setText: Text 'Arena 7' is set on object 'Object Repository/Backoffice/arena_mgmt/input_arena_name'

2018-11-26 08:45:48 - [MESSAGE][PASSED] - Text 'Arena 7' is set on object 'Object Repository/Backoffice/arena_mgmt/input_arena_name'

2018-11-26 08:45:48 - [TEST_STEP][PASSED] - setText: Text 'Fight 7' is set on object 'Object Repository/Backoffice/arena_mgmt/input_event_name'

2018-11-26 08:45:48 - [MESSAGE][PASSED] - Text 'Fight 7' is set on object 'Object Repository/Backoffice/arena_mgmt/input_event_name'

2018-11-26 08:45:48 - [TEST_STEP][PASSED] - setText: Text 'Arena 7 - AR7' is set on object 'Object Repository/Backoffice/arena_mgmt/input_acronym'

2018-11-26 08:45:48 - [MESSAGE][PASSED] - Text 'Arena 7 - AR7' is set on object 'Object Repository/Backoffice/arena_mgmt/input_acronym'

2018-11-26 08:45:48 - [TEST_STEP][PASSED] - setText: Text '10' is set on object 'Object Repository/Backoffice/arena_mgmt/input_profit_margin'

2018-11-26 08:45:49 - [MESSAGE][PASSED] - Text '10' is set on object 'Object Repository/Backoffice/arena_mgmt/input_profit_margin'

2018-11-26 08:45:49 - [TEST_STEP][PASSED] - click: Object: 'Object Repository/Backoffice/arena_mgmt/input_submit' is clicked on

2018-11-26 08:45:49 - [MESSAGE][PASSED] - Object: 'Object Repository/Backoffice/arena_mgmt/input_submit' is clicked on]]></system-out>
         <system-err><![CDATA[]]></system-err>
      </testcase>
      <testcase name="Test Cases/Backoffice/create_arena/1_arena" classname="Test Cases/Backoffice/create_arena/1_arena" status="PASSED">
         <system-out><![CDATA[2018-11-26 08:45:49 - [TEST_CASE][PASSED] - Test Cases/Backoffice/create_arena/1_arena: Test Cases/Backoffice/create_arena/1_arena

2018-11-26 08:45:49 - [TEST_STEP][PASSED] - mj.loginBackoffice.login: mj.loginBackoffice.login is PASSED

2018-11-26 08:45:49 - [MESSAGE][WARNING] - A browser is already opened. Closing browser and opening a new one

2018-11-26 08:45:52 - [MESSAGE][PASSED] - Browser is opened with url: ''

2018-11-26 08:45:53 - [MESSAGE][PASSED] - Current window maximized

2018-11-26 08:45:54 - [MESSAGE][PASSED] - Navigate to 'http://dev-admin.ucf88.com/login' successfully

2018-11-26 08:45:54 - [MESSAGE][PASSED] - Text 'janine' is set on object 'Object Repository/Backoffice/login_page/input_username'

2018-11-26 08:45:54 - [MESSAGE][PASSED] - Text ****** has been set on object 'Object Repository/Backoffice/login_page/input_password'

2018-11-26 08:45:56 - [MESSAGE][PASSED] - Object: 'Object Repository/Backoffice/login_page/button_login' is clicked on

2018-11-26 08:45:56 - [MESSAGE][PASSED] - mj.loginBackoffice.login is PASSED

2018-11-26 08:45:56 - [TEST_STEP][PASSED] - mouseOver: Object: 'Object Repository/Backoffice/headers/span_betting' is hovered

2018-11-26 08:45:56 - [MESSAGE][PASSED] - Object: 'Object Repository/Backoffice/headers/span_betting' is hovered

2018-11-26 08:45:56 - [TEST_STEP][PASSED] - click: Object: 'Object Repository/Backoffice/headers/span_arena' is clicked on

2018-11-26 08:45:57 - [MESSAGE][PASSED] - Object: 'Object Repository/Backoffice/headers/span_arena' is clicked on

2018-11-26 08:45:57 - [TEST_STEP][PASSED] - click: Object: 'Object Repository/Backoffice/arena_mgmt/button_create_arena' is clicked on

2018-11-26 08:45:57 - [MESSAGE][PASSED] - Object: 'Object Repository/Backoffice/arena_mgmt/button_create_arena' is clicked on

2018-11-26 08:45:57 - [TEST_STEP][PASSED] - delay: Delayed 2 second(s)

2018-11-26 08:45:59 - [MESSAGE][PASSED] - Delayed 2 second(s)

2018-11-26 08:45:59 - [TEST_STEP][PASSED] - setText: Text 'Arena 8' is set on object 'Object Repository/Backoffice/arena_mgmt/input_arena_name'

2018-11-26 08:45:59 - [MESSAGE][PASSED] - Text 'Arena 8' is set on object 'Object Repository/Backoffice/arena_mgmt/input_arena_name'

2018-11-26 08:45:59 - [TEST_STEP][PASSED] - setText: Text 'Fight 8' is set on object 'Object Repository/Backoffice/arena_mgmt/input_event_name'

2018-11-26 08:45:59 - [MESSAGE][PASSED] - Text 'Fight 8' is set on object 'Object Repository/Backoffice/arena_mgmt/input_event_name'

2018-11-26 08:45:59 - [TEST_STEP][PASSED] - setText: Text 'Arena 8 - AR8' is set on object 'Object Repository/Backoffice/arena_mgmt/input_acronym'

2018-11-26 08:45:59 - [MESSAGE][PASSED] - Text 'Arena 8 - AR8' is set on object 'Object Repository/Backoffice/arena_mgmt/input_acronym'

2018-11-26 08:45:59 - [TEST_STEP][PASSED] - setText: Text '10' is set on object 'Object Repository/Backoffice/arena_mgmt/input_profit_margin'

2018-11-26 08:45:59 - [MESSAGE][PASSED] - Text '10' is set on object 'Object Repository/Backoffice/arena_mgmt/input_profit_margin'

2018-11-26 08:45:59 - [TEST_STEP][PASSED] - click: Object: 'Object Repository/Backoffice/arena_mgmt/input_submit' is clicked on

2018-11-26 08:46:00 - [MESSAGE][PASSED] - Object: 'Object Repository/Backoffice/arena_mgmt/input_submit' is clicked on]]></system-out>
         <system-err><![CDATA[]]></system-err>
      </testcase>
      <testcase name="Test Cases/Backoffice/create_arena/1_arena" classname="Test Cases/Backoffice/create_arena/1_arena" status="PASSED">
         <system-out><![CDATA[2018-11-26 08:46:00 - [TEST_CASE][PASSED] - Test Cases/Backoffice/create_arena/1_arena: Test Cases/Backoffice/create_arena/1_arena

2018-11-26 08:46:00 - [TEST_STEP][PASSED] - mj.loginBackoffice.login: mj.loginBackoffice.login is PASSED

2018-11-26 08:46:00 - [MESSAGE][WARNING] - A browser is already opened. Closing browser and opening a new one

2018-11-26 08:46:03 - [MESSAGE][PASSED] - Browser is opened with url: ''

2018-11-26 08:46:04 - [MESSAGE][PASSED] - Current window maximized

2018-11-26 08:46:04 - [MESSAGE][PASSED] - Navigate to 'http://dev-admin.ucf88.com/login' successfully

2018-11-26 08:46:05 - [MESSAGE][PASSED] - Text 'janine' is set on object 'Object Repository/Backoffice/login_page/input_username'

2018-11-26 08:46:05 - [MESSAGE][PASSED] - Text ****** has been set on object 'Object Repository/Backoffice/login_page/input_password'

2018-11-26 08:46:06 - [MESSAGE][PASSED] - Object: 'Object Repository/Backoffice/login_page/button_login' is clicked on

2018-11-26 08:46:06 - [MESSAGE][PASSED] - mj.loginBackoffice.login is PASSED

2018-11-26 08:46:06 - [TEST_STEP][PASSED] - mouseOver: Object: 'Object Repository/Backoffice/headers/span_betting' is hovered

2018-11-26 08:46:06 - [MESSAGE][PASSED] - Object: 'Object Repository/Backoffice/headers/span_betting' is hovered

2018-11-26 08:46:06 - [TEST_STEP][PASSED] - click: Object: 'Object Repository/Backoffice/headers/span_arena' is clicked on

2018-11-26 08:46:07 - [MESSAGE][PASSED] - Object: 'Object Repository/Backoffice/headers/span_arena' is clicked on

2018-11-26 08:46:07 - [TEST_STEP][PASSED] - click: Object: 'Object Repository/Backoffice/arena_mgmt/button_create_arena' is clicked on

2018-11-26 08:46:07 - [MESSAGE][PASSED] - Object: 'Object Repository/Backoffice/arena_mgmt/button_create_arena' is clicked on

2018-11-26 08:46:07 - [TEST_STEP][PASSED] - delay: Delayed 2 second(s)

2018-11-26 08:46:09 - [MESSAGE][PASSED] - Delayed 2 second(s)

2018-11-26 08:46:09 - [TEST_STEP][PASSED] - setText: Text 'Arena 9' is set on object 'Object Repository/Backoffice/arena_mgmt/input_arena_name'

2018-11-26 08:46:09 - [MESSAGE][PASSED] - Text 'Arena 9' is set on object 'Object Repository/Backoffice/arena_mgmt/input_arena_name'

2018-11-26 08:46:09 - [TEST_STEP][PASSED] - setText: Text 'Fight 9' is set on object 'Object Repository/Backoffice/arena_mgmt/input_event_name'

2018-11-26 08:46:10 - [MESSAGE][PASSED] - Text 'Fight 9' is set on object 'Object Repository/Backoffice/arena_mgmt/input_event_name'

2018-11-26 08:46:10 - [TEST_STEP][PASSED] - setText: Text 'Arena 9 - AR9' is set on object 'Object Repository/Backoffice/arena_mgmt/input_acronym'

2018-11-26 08:46:10 - [MESSAGE][PASSED] - Text 'Arena 9 - AR9' is set on object 'Object Repository/Backoffice/arena_mgmt/input_acronym'

2018-11-26 08:46:10 - [TEST_STEP][PASSED] - setText: Text '10' is set on object 'Object Repository/Backoffice/arena_mgmt/input_profit_margin'

2018-11-26 08:46:10 - [MESSAGE][PASSED] - Text '10' is set on object 'Object Repository/Backoffice/arena_mgmt/input_profit_margin'

2018-11-26 08:46:10 - [TEST_STEP][PASSED] - click: Object: 'Object Repository/Backoffice/arena_mgmt/input_submit' is clicked on

2018-11-26 08:46:10 - [MESSAGE][PASSED] - Object: 'Object Repository/Backoffice/arena_mgmt/input_submit' is clicked on]]></system-out>
         <system-err><![CDATA[]]></system-err>
      </testcase>
      <testcase name="Test Cases/Backoffice/create_arena/1_arena" classname="Test Cases/Backoffice/create_arena/1_arena" status="PASSED">
         <system-out><![CDATA[2018-11-26 08:46:10 - [TEST_CASE][PASSED] - Test Cases/Backoffice/create_arena/1_arena: Test Cases/Backoffice/create_arena/1_arena

2018-11-26 08:46:10 - [TEST_STEP][PASSED] - mj.loginBackoffice.login: mj.loginBackoffice.login is PASSED

2018-11-26 08:46:10 - [MESSAGE][WARNING] - A browser is already opened. Closing browser and opening a new one

2018-11-26 08:46:13 - [MESSAGE][PASSED] - Browser is opened with url: ''

2018-11-26 08:46:14 - [MESSAGE][PASSED] - Current window maximized

2018-11-26 08:46:15 - [MESSAGE][PASSED] - Navigate to 'http://dev-admin.ucf88.com/login' successfully

2018-11-26 08:46:15 - [MESSAGE][PASSED] - Text 'janine' is set on object 'Object Repository/Backoffice/login_page/input_username'

2018-11-26 08:46:15 - [MESSAGE][PASSED] - Text ****** has been set on object 'Object Repository/Backoffice/login_page/input_password'

2018-11-26 08:46:17 - [MESSAGE][PASSED] - Object: 'Object Repository/Backoffice/login_page/button_login' is clicked on

2018-11-26 08:46:17 - [MESSAGE][PASSED] - mj.loginBackoffice.login is PASSED

2018-11-26 08:46:17 - [TEST_STEP][PASSED] - mouseOver: Object: 'Object Repository/Backoffice/headers/span_betting' is hovered

2018-11-26 08:46:17 - [MESSAGE][PASSED] - Object: 'Object Repository/Backoffice/headers/span_betting' is hovered

2018-11-26 08:46:17 - [TEST_STEP][PASSED] - click: Object: 'Object Repository/Backoffice/headers/span_arena' is clicked on

2018-11-26 08:46:18 - [MESSAGE][PASSED] - Object: 'Object Repository/Backoffice/headers/span_arena' is clicked on

2018-11-26 08:46:18 - [TEST_STEP][PASSED] - click: Object: 'Object Repository/Backoffice/arena_mgmt/button_create_arena' is clicked on

2018-11-26 08:46:18 - [MESSAGE][PASSED] - Object: 'Object Repository/Backoffice/arena_mgmt/button_create_arena' is clicked on

2018-11-26 08:46:18 - [TEST_STEP][PASSED] - delay: Delayed 2 second(s)

2018-11-26 08:46:20 - [MESSAGE][PASSED] - Delayed 2 second(s)

2018-11-26 08:46:20 - [TEST_STEP][PASSED] - setText: Text 'Arena 10' is set on object 'Object Repository/Backoffice/arena_mgmt/input_arena_name'

2018-11-26 08:46:20 - [MESSAGE][PASSED] - Text 'Arena 10' is set on object 'Object Repository/Backoffice/arena_mgmt/input_arena_name'

2018-11-26 08:46:20 - [TEST_STEP][PASSED] - setText: Text 'Fight 10' is set on object 'Object Repository/Backoffice/arena_mgmt/input_event_name'

2018-11-26 08:46:20 - [MESSAGE][PASSED] - Text 'Fight 10' is set on object 'Object Repository/Backoffice/arena_mgmt/input_event_name'

2018-11-26 08:46:20 - [TEST_STEP][PASSED] - setText: Text 'Arena 10 - AR10' is set on object 'Object Repository/Backoffice/arena_mgmt/input_acronym'

2018-11-26 08:46:21 - [MESSAGE][PASSED] - Text 'Arena 10 - AR10' is set on object 'Object Repository/Backoffice/arena_mgmt/input_acronym'

2018-11-26 08:46:21 - [TEST_STEP][PASSED] - setText: Text '10' is set on object 'Object Repository/Backoffice/arena_mgmt/input_profit_margin'

2018-11-26 08:46:21 - [MESSAGE][PASSED] - Text '10' is set on object 'Object Repository/Backoffice/arena_mgmt/input_profit_margin'

2018-11-26 08:46:21 - [TEST_STEP][PASSED] - click: Object: 'Object Repository/Backoffice/arena_mgmt/input_submit' is clicked on

2018-11-26 08:46:21 - [MESSAGE][PASSED] - Object: 'Object Repository/Backoffice/arena_mgmt/input_submit' is clicked on]]></system-out>
         <system-err><![CDATA[]]></system-err>
      </testcase>
      <testcase name="Test Cases/Backoffice/create_arena/1_arena" classname="Test Cases/Backoffice/create_arena/1_arena" status="PASSED">
         <system-out><![CDATA[2018-11-26 08:46:21 - [TEST_CASE][PASSED] - Test Cases/Backoffice/create_arena/1_arena: Test Cases/Backoffice/create_arena/1_arena

2018-11-26 08:46:21 - [TEST_STEP][PASSED] - mj.loginBackoffice.login: mj.loginBackoffice.login is PASSED

2018-11-26 08:46:21 - [MESSAGE][WARNING] - A browser is already opened. Closing browser and opening a new one

2018-11-26 08:46:24 - [MESSAGE][PASSED] - Browser is opened with url: ''

2018-11-26 08:46:25 - [MESSAGE][PASSED] - Current window maximized

2018-11-26 08:46:26 - [MESSAGE][PASSED] - Navigate to 'http://dev-admin.ucf88.com/login' successfully

2018-11-26 08:46:26 - [MESSAGE][PASSED] - Text 'janine' is set on object 'Object Repository/Backoffice/login_page/input_username'

2018-11-26 08:46:26 - [MESSAGE][PASSED] - Text ****** has been set on object 'Object Repository/Backoffice/login_page/input_password'

2018-11-26 08:46:28 - [MESSAGE][PASSED] - Object: 'Object Repository/Backoffice/login_page/button_login' is clicked on

2018-11-26 08:46:28 - [MESSAGE][PASSED] - mj.loginBackoffice.login is PASSED

2018-11-26 08:46:28 - [TEST_STEP][PASSED] - mouseOver: Object: 'Object Repository/Backoffice/headers/span_betting' is hovered

2018-11-26 08:46:28 - [MESSAGE][PASSED] - Object: 'Object Repository/Backoffice/headers/span_betting' is hovered

2018-11-26 08:46:28 - [TEST_STEP][PASSED] - click: Object: 'Object Repository/Backoffice/headers/span_arena' is clicked on

2018-11-26 08:46:29 - [MESSAGE][PASSED] - Object: 'Object Repository/Backoffice/headers/span_arena' is clicked on

2018-11-26 08:46:29 - [TEST_STEP][PASSED] - click: Object: 'Object Repository/Backoffice/arena_mgmt/button_create_arena' is clicked on

2018-11-26 08:46:29 - [MESSAGE][PASSED] - Object: 'Object Repository/Backoffice/arena_mgmt/button_create_arena' is clicked on

2018-11-26 08:46:29 - [TEST_STEP][PASSED] - delay: Delayed 2 second(s)

2018-11-26 08:46:31 - [MESSAGE][PASSED] - Delayed 2 second(s)

2018-11-26 08:46:31 - [TEST_STEP][PASSED] - setText: Text 'Arena 11' is set on object 'Object Repository/Backoffice/arena_mgmt/input_arena_name'

2018-11-26 08:46:31 - [MESSAGE][PASSED] - Text 'Arena 11' is set on object 'Object Repository/Backoffice/arena_mgmt/input_arena_name'

2018-11-26 08:46:31 - [TEST_STEP][PASSED] - setText: Text 'Fight 11' is set on object 'Object Repository/Backoffice/arena_mgmt/input_event_name'

2018-11-26 08:46:31 - [MESSAGE][PASSED] - Text 'Fight 11' is set on object 'Object Repository/Backoffice/arena_mgmt/input_event_name'

2018-11-26 08:46:31 - [TEST_STEP][PASSED] - setText: Text 'Arena 11 - AR11' is set on object 'Object Repository/Backoffice/arena_mgmt/input_acronym'

2018-11-26 08:46:31 - [MESSAGE][PASSED] - Text 'Arena 11 - AR11' is set on object 'Object Repository/Backoffice/arena_mgmt/input_acronym'

2018-11-26 08:46:31 - [TEST_STEP][PASSED] - setText: Text '10' is set on object 'Object Repository/Backoffice/arena_mgmt/input_profit_margin'

2018-11-26 08:46:31 - [MESSAGE][PASSED] - Text '10' is set on object 'Object Repository/Backoffice/arena_mgmt/input_profit_margin'

2018-11-26 08:46:31 - [TEST_STEP][PASSED] - click: Object: 'Object Repository/Backoffice/arena_mgmt/input_submit' is clicked on

2018-11-26 08:46:32 - [MESSAGE][PASSED] - Object: 'Object Repository/Backoffice/arena_mgmt/input_submit' is clicked on]]></system-out>
         <system-err><![CDATA[]]></system-err>
      </testcase>
      <testcase name="Test Cases/Backoffice/create_arena/1_arena" classname="Test Cases/Backoffice/create_arena/1_arena" status="PASSED">
         <system-out><![CDATA[2018-11-26 08:46:32 - [TEST_CASE][PASSED] - Test Cases/Backoffice/create_arena/1_arena: Test Cases/Backoffice/create_arena/1_arena

2018-11-26 08:46:32 - [TEST_STEP][PASSED] - mj.loginBackoffice.login: mj.loginBackoffice.login is PASSED

2018-11-26 08:46:32 - [MESSAGE][WARNING] - A browser is already opened. Closing browser and opening a new one

2018-11-26 08:46:35 - [MESSAGE][PASSED] - Browser is opened with url: ''

2018-11-26 08:46:36 - [MESSAGE][PASSED] - Current window maximized

2018-11-26 08:46:37 - [MESSAGE][PASSED] - Navigate to 'http://dev-admin.ucf88.com/login' successfully

2018-11-26 08:46:37 - [MESSAGE][PASSED] - Text 'janine' is set on object 'Object Repository/Backoffice/login_page/input_username'

2018-11-26 08:46:37 - [MESSAGE][PASSED] - Text ****** has been set on object 'Object Repository/Backoffice/login_page/input_password'

2018-11-26 08:46:39 - [MESSAGE][PASSED] - Object: 'Object Repository/Backoffice/login_page/button_login' is clicked on

2018-11-26 08:46:39 - [MESSAGE][PASSED] - mj.loginBackoffice.login is PASSED

2018-11-26 08:46:39 - [TEST_STEP][PASSED] - mouseOver: Object: 'Object Repository/Backoffice/headers/span_betting' is hovered

2018-11-26 08:46:39 - [MESSAGE][PASSED] - Object: 'Object Repository/Backoffice/headers/span_betting' is hovered

2018-11-26 08:46:39 - [TEST_STEP][PASSED] - click: Object: 'Object Repository/Backoffice/headers/span_arena' is clicked on

2018-11-26 08:46:40 - [MESSAGE][PASSED] - Object: 'Object Repository/Backoffice/headers/span_arena' is clicked on

2018-11-26 08:46:40 - [TEST_STEP][PASSED] - click: Object: 'Object Repository/Backoffice/arena_mgmt/button_create_arena' is clicked on

2018-11-26 08:46:40 - [MESSAGE][PASSED] - Object: 'Object Repository/Backoffice/arena_mgmt/button_create_arena' is clicked on

2018-11-26 08:46:40 - [TEST_STEP][PASSED] - delay: Delayed 2 second(s)

2018-11-26 08:46:42 - [MESSAGE][PASSED] - Delayed 2 second(s)

2018-11-26 08:46:42 - [TEST_STEP][PASSED] - setText: Text 'Arena 12' is set on object 'Object Repository/Backoffice/arena_mgmt/input_arena_name'

2018-11-26 08:46:42 - [MESSAGE][PASSED] - Text 'Arena 12' is set on object 'Object Repository/Backoffice/arena_mgmt/input_arena_name'

2018-11-26 08:46:42 - [TEST_STEP][PASSED] - setText: Text 'Fight 12' is set on object 'Object Repository/Backoffice/arena_mgmt/input_event_name'

2018-11-26 08:46:42 - [MESSAGE][PASSED] - Text 'Fight 12' is set on object 'Object Repository/Backoffice/arena_mgmt/input_event_name'

2018-11-26 08:46:42 - [TEST_STEP][PASSED] - setText: Text 'Arena 12- AR12' is set on object 'Object Repository/Backoffice/arena_mgmt/input_acronym'

2018-11-26 08:46:42 - [MESSAGE][PASSED] - Text 'Arena 12- AR12' is set on object 'Object Repository/Backoffice/arena_mgmt/input_acronym'

2018-11-26 08:46:42 - [TEST_STEP][PASSED] - setText: Text '10' is set on object 'Object Repository/Backoffice/arena_mgmt/input_profit_margin'

2018-11-26 08:46:42 - [MESSAGE][PASSED] - Text '10' is set on object 'Object Repository/Backoffice/arena_mgmt/input_profit_margin'

2018-11-26 08:46:42 - [TEST_STEP][PASSED] - click: Object: 'Object Repository/Backoffice/arena_mgmt/input_submit' is clicked on

2018-11-26 08:46:43 - [MESSAGE][PASSED] - Object: 'Object Repository/Backoffice/arena_mgmt/input_submit' is clicked on]]></system-out>
         <system-err><![CDATA[]]></system-err>
      </testcase>
      <testcase name="Test Cases/Backoffice/create_arena/1_arena" classname="Test Cases/Backoffice/create_arena/1_arena" status="PASSED">
         <system-out><![CDATA[2018-11-26 08:46:43 - [TEST_CASE][PASSED] - Test Cases/Backoffice/create_arena/1_arena: Test Cases/Backoffice/create_arena/1_arena

2018-11-26 08:46:43 - [TEST_STEP][PASSED] - mj.loginBackoffice.login: mj.loginBackoffice.login is PASSED

2018-11-26 08:46:43 - [MESSAGE][WARNING] - A browser is already opened. Closing browser and opening a new one

2018-11-26 08:46:46 - [MESSAGE][PASSED] - Browser is opened with url: ''

2018-11-26 08:46:47 - [MESSAGE][PASSED] - Current window maximized

2018-11-26 08:46:47 - [MESSAGE][PASSED] - Navigate to 'http://dev-admin.ucf88.com/login' successfully

2018-11-26 08:46:47 - [MESSAGE][PASSED] - Text 'janine' is set on object 'Object Repository/Backoffice/login_page/input_username'

2018-11-26 08:46:48 - [MESSAGE][PASSED] - Text ****** has been set on object 'Object Repository/Backoffice/login_page/input_password'

2018-11-26 08:46:49 - [MESSAGE][PASSED] - Object: 'Object Repository/Backoffice/login_page/button_login' is clicked on

2018-11-26 08:46:49 - [MESSAGE][PASSED] - mj.loginBackoffice.login is PASSED

2018-11-26 08:46:49 - [TEST_STEP][PASSED] - mouseOver: Object: 'Object Repository/Backoffice/headers/span_betting' is hovered

2018-11-26 08:46:49 - [MESSAGE][PASSED] - Object: 'Object Repository/Backoffice/headers/span_betting' is hovered

2018-11-26 08:46:49 - [TEST_STEP][PASSED] - click: Object: 'Object Repository/Backoffice/headers/span_arena' is clicked on

2018-11-26 08:46:50 - [MESSAGE][PASSED] - Object: 'Object Repository/Backoffice/headers/span_arena' is clicked on

2018-11-26 08:46:50 - [TEST_STEP][PASSED] - click: Object: 'Object Repository/Backoffice/arena_mgmt/button_create_arena' is clicked on

2018-11-26 08:46:50 - [MESSAGE][PASSED] - Object: 'Object Repository/Backoffice/arena_mgmt/button_create_arena' is clicked on

2018-11-26 08:46:50 - [TEST_STEP][PASSED] - delay: Delayed 2 second(s)

2018-11-26 08:46:52 - [MESSAGE][PASSED] - Delayed 2 second(s)

2018-11-26 08:46:52 - [TEST_STEP][PASSED] - setText: Text 'Arena 13' is set on object 'Object Repository/Backoffice/arena_mgmt/input_arena_name'

2018-11-26 08:46:52 - [MESSAGE][PASSED] - Text 'Arena 13' is set on object 'Object Repository/Backoffice/arena_mgmt/input_arena_name'

2018-11-26 08:46:52 - [TEST_STEP][PASSED] - setText: Text 'Fight 13' is set on object 'Object Repository/Backoffice/arena_mgmt/input_event_name'

2018-11-26 08:46:52 - [MESSAGE][PASSED] - Text 'Fight 13' is set on object 'Object Repository/Backoffice/arena_mgmt/input_event_name'

2018-11-26 08:46:52 - [TEST_STEP][PASSED] - setText: Text 'Arena 13 - AR13' is set on object 'Object Repository/Backoffice/arena_mgmt/input_acronym'

2018-11-26 08:46:53 - [MESSAGE][PASSED] - Text 'Arena 13 - AR13' is set on object 'Object Repository/Backoffice/arena_mgmt/input_acronym'

2018-11-26 08:46:53 - [TEST_STEP][PASSED] - setText: Text '10' is set on object 'Object Repository/Backoffice/arena_mgmt/input_profit_margin'

2018-11-26 08:46:53 - [MESSAGE][PASSED] - Text '10' is set on object 'Object Repository/Backoffice/arena_mgmt/input_profit_margin'

2018-11-26 08:46:53 - [TEST_STEP][PASSED] - click: Object: 'Object Repository/Backoffice/arena_mgmt/input_submit' is clicked on

2018-11-26 08:46:53 - [MESSAGE][PASSED] - Object: 'Object Repository/Backoffice/arena_mgmt/input_submit' is clicked on]]></system-out>
         <system-err><![CDATA[]]></system-err>
      </testcase>
      <testcase name="Test Cases/Backoffice/create_arena/1_arena" classname="Test Cases/Backoffice/create_arena/1_arena" status="PASSED">
         <system-out><![CDATA[2018-11-26 08:46:53 - [TEST_CASE][PASSED] - Test Cases/Backoffice/create_arena/1_arena: Test Cases/Backoffice/create_arena/1_arena

2018-11-26 08:46:53 - [TEST_STEP][PASSED] - mj.loginBackoffice.login: mj.loginBackoffice.login is PASSED

2018-11-26 08:46:53 - [MESSAGE][WARNING] - A browser is already opened. Closing browser and opening a new one

2018-11-26 08:46:56 - [MESSAGE][PASSED] - Browser is opened with url: ''

2018-11-26 08:46:57 - [MESSAGE][PASSED] - Current window maximized

2018-11-26 08:46:58 - [MESSAGE][PASSED] - Navigate to 'http://dev-admin.ucf88.com/login' successfully

2018-11-26 08:46:58 - [MESSAGE][PASSED] - Text 'janine' is set on object 'Object Repository/Backoffice/login_page/input_username'

2018-11-26 08:46:58 - [MESSAGE][PASSED] - Text ****** has been set on object 'Object Repository/Backoffice/login_page/input_password'

2018-11-26 08:47:00 - [MESSAGE][PASSED] - Object: 'Object Repository/Backoffice/login_page/button_login' is clicked on

2018-11-26 08:47:00 - [MESSAGE][PASSED] - mj.loginBackoffice.login is PASSED

2018-11-26 08:47:00 - [TEST_STEP][PASSED] - mouseOver: Object: 'Object Repository/Backoffice/headers/span_betting' is hovered

2018-11-26 08:47:00 - [MESSAGE][PASSED] - Object: 'Object Repository/Backoffice/headers/span_betting' is hovered

2018-11-26 08:47:00 - [TEST_STEP][PASSED] - click: Object: 'Object Repository/Backoffice/headers/span_arena' is clicked on

2018-11-26 08:47:01 - [MESSAGE][PASSED] - Object: 'Object Repository/Backoffice/headers/span_arena' is clicked on

2018-11-26 08:47:01 - [TEST_STEP][PASSED] - click: Object: 'Object Repository/Backoffice/arena_mgmt/button_create_arena' is clicked on

2018-11-26 08:47:01 - [MESSAGE][PASSED] - Object: 'Object Repository/Backoffice/arena_mgmt/button_create_arena' is clicked on

2018-11-26 08:47:01 - [TEST_STEP][PASSED] - delay: Delayed 2 second(s)

2018-11-26 08:47:03 - [MESSAGE][PASSED] - Delayed 2 second(s)

2018-11-26 08:47:03 - [TEST_STEP][PASSED] - setText: Text 'Arena 14' is set on object 'Object Repository/Backoffice/arena_mgmt/input_arena_name'

2018-11-26 08:47:03 - [MESSAGE][PASSED] - Text 'Arena 14' is set on object 'Object Repository/Backoffice/arena_mgmt/input_arena_name'

2018-11-26 08:47:03 - [TEST_STEP][PASSED] - setText: Text 'Fight 14' is set on object 'Object Repository/Backoffice/arena_mgmt/input_event_name'

2018-11-26 08:47:03 - [MESSAGE][PASSED] - Text 'Fight 14' is set on object 'Object Repository/Backoffice/arena_mgmt/input_event_name'

2018-11-26 08:47:03 - [TEST_STEP][PASSED] - setText: Text 'Arena 14 - AR14' is set on object 'Object Repository/Backoffice/arena_mgmt/input_acronym'

2018-11-26 08:47:04 - [MESSAGE][PASSED] - Text 'Arena 14 - AR14' is set on object 'Object Repository/Backoffice/arena_mgmt/input_acronym'

2018-11-26 08:47:04 - [TEST_STEP][PASSED] - setText: Text '10' is set on object 'Object Repository/Backoffice/arena_mgmt/input_profit_margin'

2018-11-26 08:47:04 - [MESSAGE][PASSED] - Text '10' is set on object 'Object Repository/Backoffice/arena_mgmt/input_profit_margin'

2018-11-26 08:47:04 - [TEST_STEP][PASSED] - click: Object: 'Object Repository/Backoffice/arena_mgmt/input_submit' is clicked on

2018-11-26 08:47:04 - [MESSAGE][PASSED] - Object: 'Object Repository/Backoffice/arena_mgmt/input_submit' is clicked on]]></system-out>
         <system-err><![CDATA[]]></system-err>
      </testcase>
      <testcase name="Test Cases/Backoffice/create_arena/1_arena" classname="Test Cases/Backoffice/create_arena/1_arena" status="PASSED">
         <system-out><![CDATA[2018-11-26 08:47:04 - [TEST_CASE][PASSED] - Test Cases/Backoffice/create_arena/1_arena: Test Cases/Backoffice/create_arena/1_arena

2018-11-26 08:47:04 - [TEST_STEP][PASSED] - mj.loginBackoffice.login: mj.loginBackoffice.login is PASSED

2018-11-26 08:47:04 - [MESSAGE][WARNING] - A browser is already opened. Closing browser and opening a new one

2018-11-26 08:47:07 - [MESSAGE][PASSED] - Browser is opened with url: ''

2018-11-26 08:47:08 - [MESSAGE][PASSED] - Current window maximized

2018-11-26 08:47:09 - [MESSAGE][PASSED] - Navigate to 'http://dev-admin.ucf88.com/login' successfully

2018-11-26 08:47:09 - [MESSAGE][PASSED] - Text 'janine' is set on object 'Object Repository/Backoffice/login_page/input_username'

2018-11-26 08:47:09 - [MESSAGE][PASSED] - Text ****** has been set on object 'Object Repository/Backoffice/login_page/input_password'

2018-11-26 08:47:11 - [MESSAGE][PASSED] - Object: 'Object Repository/Backoffice/login_page/button_login' is clicked on

2018-11-26 08:47:11 - [MESSAGE][PASSED] - mj.loginBackoffice.login is PASSED

2018-11-26 08:47:11 - [TEST_STEP][PASSED] - mouseOver: Object: 'Object Repository/Backoffice/headers/span_betting' is hovered

2018-11-26 08:47:11 - [MESSAGE][PASSED] - Object: 'Object Repository/Backoffice/headers/span_betting' is hovered

2018-11-26 08:47:11 - [TEST_STEP][PASSED] - click: Object: 'Object Repository/Backoffice/headers/span_arena' is clicked on

2018-11-26 08:47:12 - [MESSAGE][PASSED] - Object: 'Object Repository/Backoffice/headers/span_arena' is clicked on

2018-11-26 08:47:12 - [TEST_STEP][PASSED] - click: Object: 'Object Repository/Backoffice/arena_mgmt/button_create_arena' is clicked on

2018-11-26 08:47:12 - [MESSAGE][PASSED] - Object: 'Object Repository/Backoffice/arena_mgmt/button_create_arena' is clicked on

2018-11-26 08:47:12 - [TEST_STEP][PASSED] - delay: Delayed 2 second(s)

2018-11-26 08:47:14 - [MESSAGE][PASSED] - Delayed 2 second(s)

2018-11-26 08:47:14 - [TEST_STEP][PASSED] - setText: Text 'Arena 15' is set on object 'Object Repository/Backoffice/arena_mgmt/input_arena_name'

2018-11-26 08:47:14 - [MESSAGE][PASSED] - Text 'Arena 15' is set on object 'Object Repository/Backoffice/arena_mgmt/input_arena_name'

2018-11-26 08:47:14 - [TEST_STEP][PASSED] - setText: Text 'Fight 15' is set on object 'Object Repository/Backoffice/arena_mgmt/input_event_name'

2018-11-26 08:47:15 - [MESSAGE][PASSED] - Text 'Fight 15' is set on object 'Object Repository/Backoffice/arena_mgmt/input_event_name'

2018-11-26 08:47:15 - [TEST_STEP][PASSED] - setText: Text 'Arena 15 - AR15' is set on object 'Object Repository/Backoffice/arena_mgmt/input_acronym'

2018-11-26 08:47:15 - [MESSAGE][PASSED] - Text 'Arena 15 - AR15' is set on object 'Object Repository/Backoffice/arena_mgmt/input_acronym'

2018-11-26 08:47:15 - [TEST_STEP][PASSED] - setText: Text '10' is set on object 'Object Repository/Backoffice/arena_mgmt/input_profit_margin'

2018-11-26 08:47:15 - [MESSAGE][PASSED] - Text '10' is set on object 'Object Repository/Backoffice/arena_mgmt/input_profit_margin'

2018-11-26 08:47:15 - [TEST_STEP][PASSED] - click: Object: 'Object Repository/Backoffice/arena_mgmt/input_submit' is clicked on

2018-11-26 08:47:15 - [MESSAGE][PASSED] - Object: 'Object Repository/Backoffice/arena_mgmt/input_submit' is clicked on]]></system-out>
         <system-err><![CDATA[]]></system-err>
      </testcase>
      <system-out><![CDATA[2018-11-26 08:44:32 - [TEST_SUITE][PASSED] - create_arena: Test Cases/Backoffice/create_arena/1_arena]]></system-out>
      <system-err><![CDATA[]]></system-err>
   </testsuite>
</testsuites>
