<?xml version="1.0" encoding="UTF-8"?>
<testsuites name="match_DRC" time="172" tests="1" failures="0" errors="0">
   <testsuite name="match_DRC" tests="1" failures="0" errors="0" time="172" timestamp="2018-11-29 09:19:02" hostname="Administrator - WIN-A9QUABO2G0M" id="Test Suites/Backoffice/create_match_loop_with_open_match/match_DRC">
      <properties>
         <property name="deviceName" value=""/>
         <property name="devicePlatform" value=""/>
         <property name="logFolder" value="C:\\Users\\Administrator\\git\\JANINE_QA\\Reports\\Backoffice\\create_match_loop_with_open_match\\match_DRC\\20181129_090717"/>
         <property name="logFiles" value="C:\\Users\\Administrator\\git\\JANINE_QA\\Reports\\Backoffice\\create_match_loop_with_open_match\\match_DRC\\20181129_090717\\execution0.log"/>
         <property name="attachments" value=""/>
         <property name="hostName" value="Administrator - WIN-A9QUABO2G0M"/>
         <property name="os" value="Windows Server 2016 64bit"/>
         <property name="katalonVersion" value="5.8.4.14"/>
         <property name="browser" value="Chrome 70.0.3538.102"/>
         <property name="hostAddress" value="192.168.111.1"/>
         <property name="sessionId" value="c0d0f478c4da13d379f9cf532fc651a0"/>
         <property name="seleniumVersion" value="3.7.1"/>
         <property name="proxyInformation" value="ProxyInformation{proxyOption=NO_PROXY, proxyServerType=HTTP, password=, proxyServerAddress=, proxyServerPort=0}"/>
         <property name="platform" value="Windows Server 2016"/>
      </properties>
      <testcase name="Test Cases/Backoffice/create_match/create_match_loop_with_open_match" classname="Test Cases/Backoffice/create_match/create_match_loop_with_open_match" status="PASSED">
         <system-out><![CDATA[2018-11-29 09:19:03 - [TEST_CASE][PASSED] - Test Cases/Backoffice/create_match/create_match_loop_with_open_match: Test Cases/Backoffice/create_match/create_match_loop_with_open_match

2018-11-29 09:19:03 - [TEST_STEP][PASSED] - mj.loginBackoffice.login: mj.loginBackoffice.login is PASSED

2018-11-29 09:19:07 - [MESSAGE][PASSED] - Browser is opened with url: ''

2018-11-29 09:19:09 - [MESSAGE][PASSED] - Current window maximized

2018-11-29 09:19:10 - [MESSAGE][PASSED] - Navigate to 'http://dev-admin.ucf88.com/login' successfully

2018-11-29 09:19:10 - [MESSAGE][PASSED] - Text 'janine' is set on object 'Object Repository/Backoffice/login_page/input_username'

2018-11-29 09:19:10 - [MESSAGE][PASSED] - Text ****** has been set on object 'Object Repository/Backoffice/login_page/input_password'

2018-11-29 09:19:12 - [MESSAGE][PASSED] - Object: 'Object Repository/Backoffice/login_page/button_login' is clicked on

2018-11-29 09:19:12 - [MESSAGE][PASSED] - mj.loginBackoffice.login is PASSED

2018-11-29 09:19:12 - [TEST_STEP][PASSED] - mouseOver: Object: 'Object Repository/Backoffice/headers/span_betting' is hovered

2018-11-29 09:19:13 - [MESSAGE][PASSED] - Object: 'Object Repository/Backoffice/headers/span_betting' is hovered

2018-11-29 09:19:13 - [TEST_STEP][PASSED] - delay: Delayed 1 second(s)

2018-11-29 09:19:14 - [MESSAGE][PASSED] - Delayed 1 second(s)

2018-11-29 09:19:14 - [TEST_STEP][PASSED] - waitForElementVisible: Object 'Object Repository/Backoffice/headers/span_match' is visible

2018-11-29 09:19:14 - [MESSAGE][PASSED] - Object 'Object Repository/Backoffice/headers/span_match' is visible

2018-11-29 09:19:14 - [TEST_STEP][PASSED] - click: Object: 'Object Repository/Backoffice/headers/span_match' is clicked on

2018-11-29 09:19:17 - [MESSAGE][PASSED] - Object: 'Object Repository/Backoffice/headers/span_match' is clicked on

2018-11-29 09:19:17 - [TEST_STEP][PASSED] - delay: Delayed 1 second(s)

2018-11-29 09:19:18 - [MESSAGE][PASSED] - Delayed 1 second(s)

2018-11-29 09:19:18 - [TEST_STEP][PASSED] - verifyElementPresent: Object 'Object Repository/Backoffice/match_mgmt/button_create_match' is present

2018-11-29 09:19:18 - [MESSAGE][PASSED] - Object 'Object Repository/Backoffice/match_mgmt/button_create_match' is present

2018-11-29 09:19:18 - [TEST_STEP][PASSED] - click: Object: 'Object Repository/Backoffice/match_mgmt/button_create_match' is clicked on

2018-11-29 09:19:18 - [MESSAGE][PASSED] - Object: 'Object Repository/Backoffice/match_mgmt/button_create_match' is clicked on

2018-11-29 09:19:18 - [TEST_STEP][PASSED] - delay: Delayed 1 second(s)

2018-11-29 09:19:19 - [MESSAGE][PASSED] - Delayed 1 second(s)

2018-11-29 09:19:19 - [TEST_STEP][PASSED] - click: Object: 'Object Repository/Backoffice/match_mgmt/span_select_arena_name' is clicked on

2018-11-29 09:19:19 - [MESSAGE][PASSED] - Object: 'Object Repository/Backoffice/match_mgmt/span_select_arena_name' is clicked on

2018-11-29 09:19:19 - [TEST_STEP][PASSED] - setText: Text 'DRAGON COCKPIT - DRC' is set on object 'Object Repository/Backoffice/match_mgmt/input__select2-search__arena_name'

2018-11-29 09:19:21 - [MESSAGE][PASSED] - Text 'DRAGON COCKPIT - DRC' is set on object 'Object Repository/Backoffice/match_mgmt/input__select2-search__arena_name'

2018-11-29 09:19:21 - [TEST_STEP][PASSED] - sendKeys: Keys 'ENTER + ' sent to object: 'Object Repository/Backoffice/match_mgmt/input__select2-search__arena_name'

2018-11-29 09:19:21 - [MESSAGE][PASSED] - Keys 'ENTER + ' sent to object: 'Object Repository/Backoffice/match_mgmt/input__select2-search__arena_name'

2018-11-29 09:19:21 - [TEST_STEP][PASSED] - setText: Text 'AA' is set on object 'Object Repository/Backoffice/match_mgmt/meron_details/input_meron_name'

2018-11-29 09:19:21 - [MESSAGE][PASSED] - Text 'AA' is set on object 'Object Repository/Backoffice/match_mgmt/meron_details/input_meron_name'

2018-11-29 09:19:21 - [TEST_STEP][PASSED] - setText: Text 'Farm 1' is set on object 'Object Repository/Backoffice/match_mgmt/meron_details/input_meron_farm'

2018-11-29 09:19:22 - [MESSAGE][PASSED] - Text 'Farm 1' is set on object 'Object Repository/Backoffice/match_mgmt/meron_details/input_meron_farm'

2018-11-29 09:19:22 - [TEST_STEP][PASSED] - setText: Text 'Breed 1' is set on object 'Object Repository/Backoffice/match_mgmt/meron_details/input_meron_breed'

2018-11-29 09:19:22 - [MESSAGE][PASSED] - Text 'Breed 1' is set on object 'Object Repository/Backoffice/match_mgmt/meron_details/input_meron_breed'

2018-11-29 09:19:22 - [TEST_STEP][PASSED] - setText: Text 'Weight 1' is set on object 'Object Repository/Backoffice/match_mgmt/meron_details/input_meron_weight'

2018-11-29 09:19:23 - [MESSAGE][PASSED] - Text 'Weight 1' is set on object 'Object Repository/Backoffice/match_mgmt/meron_details/input_meron_weight'

2018-11-29 09:19:23 - [TEST_STEP][PASSED] - setText: Text 'BB' is set on object 'Object Repository/Backoffice/match_mgmt/wala_details/input_wala_name'

2018-11-29 09:19:23 - [MESSAGE][PASSED] - Text 'BB' is set on object 'Object Repository/Backoffice/match_mgmt/wala_details/input_wala_name'

2018-11-29 09:19:23 - [TEST_STEP][PASSED] - setText: Text 'Farm 2' is set on object 'Object Repository/Backoffice/match_mgmt/wala_details/input_wala_farm'

2018-11-29 09:19:23 - [MESSAGE][PASSED] - Text 'Farm 2' is set on object 'Object Repository/Backoffice/match_mgmt/wala_details/input_wala_farm'

2018-11-29 09:19:23 - [TEST_STEP][PASSED] - setText: Text 'Breed 2' is set on object 'Object Repository/Backoffice/match_mgmt/wala_details/input_wala_breed'

2018-11-29 09:19:24 - [MESSAGE][PASSED] - Text 'Breed 2' is set on object 'Object Repository/Backoffice/match_mgmt/wala_details/input_wala_breed'

2018-11-29 09:19:24 - [TEST_STEP][PASSED] - setText: Text 'Weight 2' is set on object 'Object Repository/Backoffice/match_mgmt/wala_details/input_wala_weight'

2018-11-29 09:19:24 - [MESSAGE][PASSED] - Text 'Weight 2' is set on object 'Object Repository/Backoffice/match_mgmt/wala_details/input_wala_weight'

2018-11-29 09:19:24 - [TEST_STEP][PASSED] - click: Object: 'Object Repository/Backoffice/match_mgmt/input_submit_match' is clicked on

2018-11-29 09:19:27 - [MESSAGE][PASSED] - Object: 'Object Repository/Backoffice/match_mgmt/input_submit_match' is clicked on

2018-11-29 09:19:27 - [TEST_STEP][PASSED] - click: Object: 'Object Repository/Backoffice/match_mgmt/span_link_match' is clicked on

2018-11-29 09:19:28 - [MESSAGE][PASSED] - Object: 'Object Repository/Backoffice/match_mgmt/span_link_match' is clicked on

2018-11-29 09:19:28 - [TEST_STEP][PASSED] - switchToWindowIndex: Switched to window with index: '1'

2018-11-29 09:19:28 - [MESSAGE][PASSED] - Switched to window with index: '1'

2018-11-29 09:19:28 - [TEST_STEP][PASSED] - delay: Delayed 1 second(s)

2018-11-29 09:19:29 - [MESSAGE][PASSED] - Delayed 1 second(s)

2018-11-29 09:19:29 - [TEST_STEP][PASSED] - click: Object: 'Object Repository/Backoffice/match_mgmt/open_match/button_open_match' is clicked on

2018-11-29 09:19:30 - [MESSAGE][PASSED] - Object: 'Object Repository/Backoffice/match_mgmt/open_match/button_open_match' is clicked on

2018-11-29 09:19:30 - [TEST_STEP][PASSED] - delay: Delayed 1 second(s)

2018-11-29 09:19:31 - [MESSAGE][PASSED] - Delayed 1 second(s)

2018-11-29 09:19:31 - [TEST_STEP][PASSED] - waitForElementVisible: Object 'Object Repository/Backoffice/match_mgmt/settlement/button_finished_yes_i_agree' is visible

2018-11-29 09:19:31 - [MESSAGE][PASSED] - Object 'Object Repository/Backoffice/match_mgmt/settlement/button_finished_yes_i_agree' is visible

2018-11-29 09:19:31 - [TEST_STEP][PASSED] - delay: Delayed 1 second(s)

2018-11-29 09:19:32 - [MESSAGE][PASSED] - Delayed 1 second(s)

2018-11-29 09:19:32 - [TEST_STEP][PASSED] - click: Object: 'Object Repository/Backoffice/match_mgmt/settlement/button_finished_yes_i_agree' is clicked on

2018-11-29 09:19:33 - [MESSAGE][PASSED] - Object: 'Object Repository/Backoffice/match_mgmt/settlement/button_finished_yes_i_agree' is clicked on

2018-11-29 09:19:33 - [TEST_STEP][PASSED] - delay: Delayed 2 second(s)

2018-11-29 09:19:35 - [MESSAGE][PASSED] - Delayed 2 second(s)

2018-11-29 09:19:35 - [TEST_STEP][PASSED] - closeWindowIndex: Window with index 1 is closed

2018-11-29 09:19:35 - [MESSAGE][PASSED] - Window with index 1 is closed

2018-11-29 09:19:35 - [TEST_STEP][PASSED] - switchToWindowIndex: Switched to window with index: '0'

2018-11-29 09:19:35 - [MESSAGE][PASSED] - Switched to window with index: '0'

2018-11-29 09:19:35 - [TEST_STEP][PASSED] - verifyElementPresent: Object 'Object Repository/Backoffice/match_mgmt/button_create_match' is present

2018-11-29 09:19:35 - [MESSAGE][PASSED] - Object 'Object Repository/Backoffice/match_mgmt/button_create_match' is present

2018-11-29 09:19:35 - [TEST_STEP][PASSED] - delay: Delayed 1 second(s)

2018-11-29 09:19:36 - [MESSAGE][PASSED] - Delayed 1 second(s)

2018-11-29 09:19:36 - [TEST_STEP][PASSED] - Statement - For ([loop = 1, loop <= 14, (loop++)]): Delayed 1 second(s)

2018-11-29 09:19:36 - [TEST_STEP][PASSED] - click: Object: 'Object Repository/Backoffice/match_mgmt/button_create_match' is clicked on

2018-11-29 09:19:36 - [MESSAGE][PASSED] - Object: 'Object Repository/Backoffice/match_mgmt/button_create_match' is clicked on

2018-11-29 09:19:36 - [TEST_STEP][PASSED] - delay: Delayed 1 second(s)

2018-11-29 09:19:37 - [MESSAGE][PASSED] - Delayed 1 second(s)

2018-11-29 09:19:37 - [TEST_STEP][PASSED] - click: Object: 'Object Repository/Backoffice/match_mgmt/span_select_arena_name' is clicked on

2018-11-29 09:19:37 - [MESSAGE][PASSED] - Object: 'Object Repository/Backoffice/match_mgmt/span_select_arena_name' is clicked on

2018-11-29 09:19:37 - [TEST_STEP][PASSED] - setText: Text 'DRAGON COCKPIT - DRC' is set on object 'Object Repository/Backoffice/match_mgmt/input__select2-search__arena_name'

2018-11-29 09:19:39 - [MESSAGE][PASSED] - Text 'DRAGON COCKPIT - DRC' is set on object 'Object Repository/Backoffice/match_mgmt/input__select2-search__arena_name'

2018-11-29 09:19:39 - [TEST_STEP][PASSED] - sendKeys: Keys 'ENTER + ' sent to object: 'Object Repository/Backoffice/match_mgmt/input__select2-search__arena_name'

2018-11-29 09:19:39 - [MESSAGE][PASSED] - Keys 'ENTER + ' sent to object: 'Object Repository/Backoffice/match_mgmt/input__select2-search__arena_name'

2018-11-29 09:19:39 - [TEST_STEP][PASSED] - setText: Text 'AA' is set on object 'Object Repository/Backoffice/match_mgmt/meron_details/input_meron_name'

2018-11-29 09:19:39 - [MESSAGE][PASSED] - Text 'AA' is set on object 'Object Repository/Backoffice/match_mgmt/meron_details/input_meron_name'

2018-11-29 09:19:39 - [TEST_STEP][PASSED] - setText: Text 'Farm 1' is set on object 'Object Repository/Backoffice/match_mgmt/meron_details/input_meron_farm'

2018-11-29 09:19:39 - [MESSAGE][PASSED] - Text 'Farm 1' is set on object 'Object Repository/Backoffice/match_mgmt/meron_details/input_meron_farm'

2018-11-29 09:19:39 - [TEST_STEP][PASSED] - setText: Text 'Breed 1' is set on object 'Object Repository/Backoffice/match_mgmt/meron_details/input_meron_breed'

2018-11-29 09:19:40 - [MESSAGE][PASSED] - Text 'Breed 1' is set on object 'Object Repository/Backoffice/match_mgmt/meron_details/input_meron_breed'

2018-11-29 09:19:40 - [TEST_STEP][PASSED] - setText: Text 'Weight 1' is set on object 'Object Repository/Backoffice/match_mgmt/meron_details/input_meron_weight'

2018-11-29 09:19:40 - [MESSAGE][PASSED] - Text 'Weight 1' is set on object 'Object Repository/Backoffice/match_mgmt/meron_details/input_meron_weight'

2018-11-29 09:19:40 - [TEST_STEP][PASSED] - setText: Text 'BB' is set on object 'Object Repository/Backoffice/match_mgmt/wala_details/input_wala_name'

2018-11-29 09:19:41 - [MESSAGE][PASSED] - Text 'BB' is set on object 'Object Repository/Backoffice/match_mgmt/wala_details/input_wala_name'

2018-11-29 09:19:41 - [TEST_STEP][PASSED] - setText: Text 'Farm 2' is set on object 'Object Repository/Backoffice/match_mgmt/wala_details/input_wala_farm'

2018-11-29 09:19:41 - [MESSAGE][PASSED] - Text 'Farm 2' is set on object 'Object Repository/Backoffice/match_mgmt/wala_details/input_wala_farm'

2018-11-29 09:19:41 - [TEST_STEP][PASSED] - setText: Text 'Breed 2' is set on object 'Object Repository/Backoffice/match_mgmt/wala_details/input_wala_breed'

2018-11-29 09:19:41 - [MESSAGE][PASSED] - Text 'Breed 2' is set on object 'Object Repository/Backoffice/match_mgmt/wala_details/input_wala_breed'

2018-11-29 09:19:41 - [TEST_STEP][PASSED] - setText: Text 'Weight 2' is set on object 'Object Repository/Backoffice/match_mgmt/wala_details/input_wala_weight'

2018-11-29 09:19:42 - [MESSAGE][PASSED] - Text 'Weight 2' is set on object 'Object Repository/Backoffice/match_mgmt/wala_details/input_wala_weight'

2018-11-29 09:19:42 - [TEST_STEP][PASSED] - click: Object: 'Object Repository/Backoffice/match_mgmt/input_submit_match' is clicked on

2018-11-29 09:19:45 - [MESSAGE][PASSED] - Object: 'Object Repository/Backoffice/match_mgmt/input_submit_match' is clicked on

2018-11-29 09:19:45 - [TEST_STEP][PASSED] - delay: Delayed 1 second(s)

2018-11-29 09:19:46 - [MESSAGE][PASSED] - Delayed 1 second(s)

2018-11-29 09:19:46 - [TEST_STEP][PASSED] - click: Object: 'Object Repository/Backoffice/match_mgmt/button_create_match' is clicked on

2018-11-29 09:19:46 - [MESSAGE][PASSED] - Object: 'Object Repository/Backoffice/match_mgmt/button_create_match' is clicked on

2018-11-29 09:19:46 - [TEST_STEP][PASSED] - delay: Delayed 1 second(s)

2018-11-29 09:19:47 - [MESSAGE][PASSED] - Delayed 1 second(s)

2018-11-29 09:19:47 - [TEST_STEP][PASSED] - click: Object: 'Object Repository/Backoffice/match_mgmt/span_select_arena_name' is clicked on

2018-11-29 09:19:48 - [MESSAGE][PASSED] - Object: 'Object Repository/Backoffice/match_mgmt/span_select_arena_name' is clicked on

2018-11-29 09:19:48 - [TEST_STEP][PASSED] - setText: Text 'DRAGON COCKPIT - DRC' is set on object 'Object Repository/Backoffice/match_mgmt/input__select2-search__arena_name'

2018-11-29 09:19:49 - [MESSAGE][PASSED] - Text 'DRAGON COCKPIT - DRC' is set on object 'Object Repository/Backoffice/match_mgmt/input__select2-search__arena_name'

2018-11-29 09:19:49 - [TEST_STEP][PASSED] - sendKeys: Keys 'ENTER + ' sent to object: 'Object Repository/Backoffice/match_mgmt/input__select2-search__arena_name'

2018-11-29 09:19:49 - [MESSAGE][PASSED] - Keys 'ENTER + ' sent to object: 'Object Repository/Backoffice/match_mgmt/input__select2-search__arena_name'

2018-11-29 09:19:49 - [TEST_STEP][PASSED] - setText: Text 'AA' is set on object 'Object Repository/Backoffice/match_mgmt/meron_details/input_meron_name'

2018-11-29 09:19:49 - [MESSAGE][PASSED] - Text 'AA' is set on object 'Object Repository/Backoffice/match_mgmt/meron_details/input_meron_name'

2018-11-29 09:19:49 - [TEST_STEP][PASSED] - setText: Text 'Farm 1' is set on object 'Object Repository/Backoffice/match_mgmt/meron_details/input_meron_farm'

2018-11-29 09:19:50 - [MESSAGE][PASSED] - Text 'Farm 1' is set on object 'Object Repository/Backoffice/match_mgmt/meron_details/input_meron_farm'

2018-11-29 09:19:50 - [TEST_STEP][PASSED] - setText: Text 'Breed 1' is set on object 'Object Repository/Backoffice/match_mgmt/meron_details/input_meron_breed'

2018-11-29 09:19:50 - [MESSAGE][PASSED] - Text 'Breed 1' is set on object 'Object Repository/Backoffice/match_mgmt/meron_details/input_meron_breed'

2018-11-29 09:19:50 - [TEST_STEP][PASSED] - setText: Text 'Weight 1' is set on object 'Object Repository/Backoffice/match_mgmt/meron_details/input_meron_weight'

2018-11-29 09:19:51 - [MESSAGE][PASSED] - Text 'Weight 1' is set on object 'Object Repository/Backoffice/match_mgmt/meron_details/input_meron_weight'

2018-11-29 09:19:51 - [TEST_STEP][PASSED] - setText: Text 'BB' is set on object 'Object Repository/Backoffice/match_mgmt/wala_details/input_wala_name'

2018-11-29 09:19:51 - [MESSAGE][PASSED] - Text 'BB' is set on object 'Object Repository/Backoffice/match_mgmt/wala_details/input_wala_name'

2018-11-29 09:19:51 - [TEST_STEP][PASSED] - setText: Text 'Farm 2' is set on object 'Object Repository/Backoffice/match_mgmt/wala_details/input_wala_farm'

2018-11-29 09:19:51 - [MESSAGE][PASSED] - Text 'Farm 2' is set on object 'Object Repository/Backoffice/match_mgmt/wala_details/input_wala_farm'

2018-11-29 09:19:51 - [TEST_STEP][PASSED] - setText: Text 'Breed 2' is set on object 'Object Repository/Backoffice/match_mgmt/wala_details/input_wala_breed'

2018-11-29 09:19:52 - [MESSAGE][PASSED] - Text 'Breed 2' is set on object 'Object Repository/Backoffice/match_mgmt/wala_details/input_wala_breed'

2018-11-29 09:19:52 - [TEST_STEP][PASSED] - setText: Text 'Weight 2' is set on object 'Object Repository/Backoffice/match_mgmt/wala_details/input_wala_weight'

2018-11-29 09:19:52 - [MESSAGE][PASSED] - Text 'Weight 2' is set on object 'Object Repository/Backoffice/match_mgmt/wala_details/input_wala_weight'

2018-11-29 09:19:52 - [TEST_STEP][PASSED] - click: Object: 'Object Repository/Backoffice/match_mgmt/input_submit_match' is clicked on

2018-11-29 09:19:55 - [MESSAGE][PASSED] - Object: 'Object Repository/Backoffice/match_mgmt/input_submit_match' is clicked on

2018-11-29 09:19:55 - [TEST_STEP][PASSED] - delay: Delayed 1 second(s)

2018-11-29 09:19:56 - [MESSAGE][PASSED] - Delayed 1 second(s)

2018-11-29 09:19:56 - [TEST_STEP][PASSED] - click: Object: 'Object Repository/Backoffice/match_mgmt/button_create_match' is clicked on

2018-11-29 09:19:56 - [MESSAGE][PASSED] - Object: 'Object Repository/Backoffice/match_mgmt/button_create_match' is clicked on

2018-11-29 09:19:56 - [TEST_STEP][PASSED] - delay: Delayed 1 second(s)

2018-11-29 09:19:57 - [MESSAGE][PASSED] - Delayed 1 second(s)

2018-11-29 09:19:57 - [TEST_STEP][PASSED] - click: Object: 'Object Repository/Backoffice/match_mgmt/span_select_arena_name' is clicked on

2018-11-29 09:19:57 - [MESSAGE][PASSED] - Object: 'Object Repository/Backoffice/match_mgmt/span_select_arena_name' is clicked on

2018-11-29 09:19:57 - [TEST_STEP][PASSED] - setText: Text 'DRAGON COCKPIT - DRC' is set on object 'Object Repository/Backoffice/match_mgmt/input__select2-search__arena_name'

2018-11-29 09:19:58 - [MESSAGE][PASSED] - Text 'DRAGON COCKPIT - DRC' is set on object 'Object Repository/Backoffice/match_mgmt/input__select2-search__arena_name'

2018-11-29 09:19:58 - [TEST_STEP][PASSED] - sendKeys: Keys 'ENTER + ' sent to object: 'Object Repository/Backoffice/match_mgmt/input__select2-search__arena_name'

2018-11-29 09:19:58 - [MESSAGE][PASSED] - Keys 'ENTER + ' sent to object: 'Object Repository/Backoffice/match_mgmt/input__select2-search__arena_name'

2018-11-29 09:19:58 - [TEST_STEP][PASSED] - setText: Text 'AA' is set on object 'Object Repository/Backoffice/match_mgmt/meron_details/input_meron_name'

2018-11-29 09:19:59 - [MESSAGE][PASSED] - Text 'AA' is set on object 'Object Repository/Backoffice/match_mgmt/meron_details/input_meron_name'

2018-11-29 09:19:59 - [TEST_STEP][PASSED] - setText: Text 'Farm 1' is set on object 'Object Repository/Backoffice/match_mgmt/meron_details/input_meron_farm'

2018-11-29 09:19:59 - [MESSAGE][PASSED] - Text 'Farm 1' is set on object 'Object Repository/Backoffice/match_mgmt/meron_details/input_meron_farm'

2018-11-29 09:19:59 - [TEST_STEP][PASSED] - setText: Text 'Breed 1' is set on object 'Object Repository/Backoffice/match_mgmt/meron_details/input_meron_breed'

2018-11-29 09:19:59 - [MESSAGE][PASSED] - Text 'Breed 1' is set on object 'Object Repository/Backoffice/match_mgmt/meron_details/input_meron_breed'

2018-11-29 09:19:59 - [TEST_STEP][PASSED] - setText: Text 'Weight 1' is set on object 'Object Repository/Backoffice/match_mgmt/meron_details/input_meron_weight'

2018-11-29 09:20:00 - [MESSAGE][PASSED] - Text 'Weight 1' is set on object 'Object Repository/Backoffice/match_mgmt/meron_details/input_meron_weight'

2018-11-29 09:20:00 - [TEST_STEP][PASSED] - setText: Text 'BB' is set on object 'Object Repository/Backoffice/match_mgmt/wala_details/input_wala_name'

2018-11-29 09:20:00 - [MESSAGE][PASSED] - Text 'BB' is set on object 'Object Repository/Backoffice/match_mgmt/wala_details/input_wala_name'

2018-11-29 09:20:00 - [TEST_STEP][PASSED] - setText: Text 'Farm 2' is set on object 'Object Repository/Backoffice/match_mgmt/wala_details/input_wala_farm'

2018-11-29 09:20:00 - [MESSAGE][PASSED] - Text 'Farm 2' is set on object 'Object Repository/Backoffice/match_mgmt/wala_details/input_wala_farm'

2018-11-29 09:20:00 - [TEST_STEP][PASSED] - setText: Text 'Breed 2' is set on object 'Object Repository/Backoffice/match_mgmt/wala_details/input_wala_breed'

2018-11-29 09:20:01 - [MESSAGE][PASSED] - Text 'Breed 2' is set on object 'Object Repository/Backoffice/match_mgmt/wala_details/input_wala_breed'

2018-11-29 09:20:01 - [TEST_STEP][PASSED] - setText: Text 'Weight 2' is set on object 'Object Repository/Backoffice/match_mgmt/wala_details/input_wala_weight'

2018-11-29 09:20:01 - [MESSAGE][PASSED] - Text 'Weight 2' is set on object 'Object Repository/Backoffice/match_mgmt/wala_details/input_wala_weight'

2018-11-29 09:20:01 - [TEST_STEP][PASSED] - click: Object: 'Object Repository/Backoffice/match_mgmt/input_submit_match' is clicked on

2018-11-29 09:20:04 - [MESSAGE][PASSED] - Object: 'Object Repository/Backoffice/match_mgmt/input_submit_match' is clicked on

2018-11-29 09:20:04 - [TEST_STEP][PASSED] - delay: Delayed 1 second(s)

2018-11-29 09:20:05 - [MESSAGE][PASSED] - Delayed 1 second(s)

2018-11-29 09:20:05 - [TEST_STEP][PASSED] - click: Object: 'Object Repository/Backoffice/match_mgmt/button_create_match' is clicked on

2018-11-29 09:20:05 - [MESSAGE][PASSED] - Object: 'Object Repository/Backoffice/match_mgmt/button_create_match' is clicked on

2018-11-29 09:20:05 - [TEST_STEP][PASSED] - delay: Delayed 1 second(s)

2018-11-29 09:20:06 - [MESSAGE][PASSED] - Delayed 1 second(s)

2018-11-29 09:20:06 - [TEST_STEP][PASSED] - click: Object: 'Object Repository/Backoffice/match_mgmt/span_select_arena_name' is clicked on

2018-11-29 09:20:07 - [MESSAGE][PASSED] - Object: 'Object Repository/Backoffice/match_mgmt/span_select_arena_name' is clicked on

2018-11-29 09:20:07 - [TEST_STEP][PASSED] - setText: Text 'DRAGON COCKPIT - DRC' is set on object 'Object Repository/Backoffice/match_mgmt/input__select2-search__arena_name'

2018-11-29 09:20:08 - [MESSAGE][PASSED] - Text 'DRAGON COCKPIT - DRC' is set on object 'Object Repository/Backoffice/match_mgmt/input__select2-search__arena_name'

2018-11-29 09:20:08 - [TEST_STEP][PASSED] - sendKeys: Keys 'ENTER + ' sent to object: 'Object Repository/Backoffice/match_mgmt/input__select2-search__arena_name'

2018-11-29 09:20:08 - [MESSAGE][PASSED] - Keys 'ENTER + ' sent to object: 'Object Repository/Backoffice/match_mgmt/input__select2-search__arena_name'

2018-11-29 09:20:08 - [TEST_STEP][PASSED] - setText: Text 'AA' is set on object 'Object Repository/Backoffice/match_mgmt/meron_details/input_meron_name'

2018-11-29 09:20:08 - [MESSAGE][PASSED] - Text 'AA' is set on object 'Object Repository/Backoffice/match_mgmt/meron_details/input_meron_name'

2018-11-29 09:20:08 - [TEST_STEP][PASSED] - setText: Text 'Farm 1' is set on object 'Object Repository/Backoffice/match_mgmt/meron_details/input_meron_farm'

2018-11-29 09:20:09 - [MESSAGE][PASSED] - Text 'Farm 1' is set on object 'Object Repository/Backoffice/match_mgmt/meron_details/input_meron_farm'

2018-11-29 09:20:09 - [TEST_STEP][PASSED] - setText: Text 'Breed 1' is set on object 'Object Repository/Backoffice/match_mgmt/meron_details/input_meron_breed'

2018-11-29 09:20:09 - [MESSAGE][PASSED] - Text 'Breed 1' is set on object 'Object Repository/Backoffice/match_mgmt/meron_details/input_meron_breed'

2018-11-29 09:20:09 - [TEST_STEP][PASSED] - setText: Text 'Weight 1' is set on object 'Object Repository/Backoffice/match_mgmt/meron_details/input_meron_weight'

2018-11-29 09:20:09 - [MESSAGE][PASSED] - Text 'Weight 1' is set on object 'Object Repository/Backoffice/match_mgmt/meron_details/input_meron_weight'

2018-11-29 09:20:09 - [TEST_STEP][PASSED] - setText: Text 'BB' is set on object 'Object Repository/Backoffice/match_mgmt/wala_details/input_wala_name'

2018-11-29 09:20:10 - [MESSAGE][PASSED] - Text 'BB' is set on object 'Object Repository/Backoffice/match_mgmt/wala_details/input_wala_name'

2018-11-29 09:20:10 - [TEST_STEP][PASSED] - setText: Text 'Farm 2' is set on object 'Object Repository/Backoffice/match_mgmt/wala_details/input_wala_farm'

2018-11-29 09:20:10 - [MESSAGE][PASSED] - Text 'Farm 2' is set on object 'Object Repository/Backoffice/match_mgmt/wala_details/input_wala_farm'

2018-11-29 09:20:10 - [TEST_STEP][PASSED] - setText: Text 'Breed 2' is set on object 'Object Repository/Backoffice/match_mgmt/wala_details/input_wala_breed'

2018-11-29 09:20:10 - [MESSAGE][PASSED] - Text 'Breed 2' is set on object 'Object Repository/Backoffice/match_mgmt/wala_details/input_wala_breed'

2018-11-29 09:20:10 - [TEST_STEP][PASSED] - setText: Text 'Weight 2' is set on object 'Object Repository/Backoffice/match_mgmt/wala_details/input_wala_weight'

2018-11-29 09:20:11 - [MESSAGE][PASSED] - Text 'Weight 2' is set on object 'Object Repository/Backoffice/match_mgmt/wala_details/input_wala_weight'

2018-11-29 09:20:11 - [TEST_STEP][PASSED] - click: Object: 'Object Repository/Backoffice/match_mgmt/input_submit_match' is clicked on

2018-11-29 09:20:14 - [MESSAGE][PASSED] - Object: 'Object Repository/Backoffice/match_mgmt/input_submit_match' is clicked on

2018-11-29 09:20:14 - [TEST_STEP][PASSED] - delay: Delayed 1 second(s)

2018-11-29 09:20:15 - [MESSAGE][PASSED] - Delayed 1 second(s)

2018-11-29 09:20:15 - [TEST_STEP][PASSED] - click: Object: 'Object Repository/Backoffice/match_mgmt/button_create_match' is clicked on

2018-11-29 09:20:15 - [MESSAGE][PASSED] - Object: 'Object Repository/Backoffice/match_mgmt/button_create_match' is clicked on

2018-11-29 09:20:15 - [TEST_STEP][PASSED] - delay: Delayed 1 second(s)

2018-11-29 09:20:16 - [MESSAGE][PASSED] - Delayed 1 second(s)

2018-11-29 09:20:16 - [TEST_STEP][PASSED] - click: Object: 'Object Repository/Backoffice/match_mgmt/span_select_arena_name' is clicked on

2018-11-29 09:20:16 - [MESSAGE][PASSED] - Object: 'Object Repository/Backoffice/match_mgmt/span_select_arena_name' is clicked on

2018-11-29 09:20:16 - [TEST_STEP][PASSED] - setText: Text 'DRAGON COCKPIT - DRC' is set on object 'Object Repository/Backoffice/match_mgmt/input__select2-search__arena_name'

2018-11-29 09:20:18 - [MESSAGE][PASSED] - Text 'DRAGON COCKPIT - DRC' is set on object 'Object Repository/Backoffice/match_mgmt/input__select2-search__arena_name'

2018-11-29 09:20:18 - [TEST_STEP][PASSED] - sendKeys: Keys 'ENTER + ' sent to object: 'Object Repository/Backoffice/match_mgmt/input__select2-search__arena_name'

2018-11-29 09:20:18 - [MESSAGE][PASSED] - Keys 'ENTER + ' sent to object: 'Object Repository/Backoffice/match_mgmt/input__select2-search__arena_name'

2018-11-29 09:20:18 - [TEST_STEP][PASSED] - setText: Text 'AA' is set on object 'Object Repository/Backoffice/match_mgmt/meron_details/input_meron_name'

2018-11-29 09:20:18 - [MESSAGE][PASSED] - Text 'AA' is set on object 'Object Repository/Backoffice/match_mgmt/meron_details/input_meron_name'

2018-11-29 09:20:18 - [TEST_STEP][PASSED] - setText: Text 'Farm 1' is set on object 'Object Repository/Backoffice/match_mgmt/meron_details/input_meron_farm'

2018-11-29 09:20:18 - [MESSAGE][PASSED] - Text 'Farm 1' is set on object 'Object Repository/Backoffice/match_mgmt/meron_details/input_meron_farm'

2018-11-29 09:20:18 - [TEST_STEP][PASSED] - setText: Text 'Breed 1' is set on object 'Object Repository/Backoffice/match_mgmt/meron_details/input_meron_breed'

2018-11-29 09:20:19 - [MESSAGE][PASSED] - Text 'Breed 1' is set on object 'Object Repository/Backoffice/match_mgmt/meron_details/input_meron_breed'

2018-11-29 09:20:19 - [TEST_STEP][PASSED] - setText: Text 'Weight 1' is set on object 'Object Repository/Backoffice/match_mgmt/meron_details/input_meron_weight'

2018-11-29 09:20:19 - [MESSAGE][PASSED] - Text 'Weight 1' is set on object 'Object Repository/Backoffice/match_mgmt/meron_details/input_meron_weight'

2018-11-29 09:20:19 - [TEST_STEP][PASSED] - setText: Text 'BB' is set on object 'Object Repository/Backoffice/match_mgmt/wala_details/input_wala_name'

2018-11-29 09:20:19 - [MESSAGE][PASSED] - Text 'BB' is set on object 'Object Repository/Backoffice/match_mgmt/wala_details/input_wala_name'

2018-11-29 09:20:19 - [TEST_STEP][PASSED] - setText: Text 'Farm 2' is set on object 'Object Repository/Backoffice/match_mgmt/wala_details/input_wala_farm'

2018-11-29 09:20:20 - [MESSAGE][PASSED] - Text 'Farm 2' is set on object 'Object Repository/Backoffice/match_mgmt/wala_details/input_wala_farm'

2018-11-29 09:20:20 - [TEST_STEP][PASSED] - setText: Text 'Breed 2' is set on object 'Object Repository/Backoffice/match_mgmt/wala_details/input_wala_breed'

2018-11-29 09:20:20 - [MESSAGE][PASSED] - Text 'Breed 2' is set on object 'Object Repository/Backoffice/match_mgmt/wala_details/input_wala_breed'

2018-11-29 09:20:20 - [TEST_STEP][PASSED] - setText: Text 'Weight 2' is set on object 'Object Repository/Backoffice/match_mgmt/wala_details/input_wala_weight'

2018-11-29 09:20:20 - [MESSAGE][PASSED] - Text 'Weight 2' is set on object 'Object Repository/Backoffice/match_mgmt/wala_details/input_wala_weight'

2018-11-29 09:20:20 - [TEST_STEP][PASSED] - click: Object: 'Object Repository/Backoffice/match_mgmt/input_submit_match' is clicked on

2018-11-29 09:20:24 - [MESSAGE][PASSED] - Object: 'Object Repository/Backoffice/match_mgmt/input_submit_match' is clicked on

2018-11-29 09:20:24 - [TEST_STEP][PASSED] - delay: Delayed 1 second(s)

2018-11-29 09:20:25 - [MESSAGE][PASSED] - Delayed 1 second(s)

2018-11-29 09:20:25 - [TEST_STEP][PASSED] - click: Object: 'Object Repository/Backoffice/match_mgmt/button_create_match' is clicked on

2018-11-29 09:20:25 - [MESSAGE][PASSED] - Object: 'Object Repository/Backoffice/match_mgmt/button_create_match' is clicked on

2018-11-29 09:20:25 - [TEST_STEP][PASSED] - delay: Delayed 1 second(s)

2018-11-29 09:20:26 - [MESSAGE][PASSED] - Delayed 1 second(s)

2018-11-29 09:20:26 - [TEST_STEP][PASSED] - click: Object: 'Object Repository/Backoffice/match_mgmt/span_select_arena_name' is clicked on

2018-11-29 09:20:26 - [MESSAGE][PASSED] - Object: 'Object Repository/Backoffice/match_mgmt/span_select_arena_name' is clicked on

2018-11-29 09:20:26 - [TEST_STEP][PASSED] - setText: Text 'DRAGON COCKPIT - DRC' is set on object 'Object Repository/Backoffice/match_mgmt/input__select2-search__arena_name'

2018-11-29 09:20:27 - [MESSAGE][PASSED] - Text 'DRAGON COCKPIT - DRC' is set on object 'Object Repository/Backoffice/match_mgmt/input__select2-search__arena_name'

2018-11-29 09:20:27 - [TEST_STEP][PASSED] - sendKeys: Keys 'ENTER + ' sent to object: 'Object Repository/Backoffice/match_mgmt/input__select2-search__arena_name'

2018-11-29 09:20:28 - [MESSAGE][PASSED] - Keys 'ENTER + ' sent to object: 'Object Repository/Backoffice/match_mgmt/input__select2-search__arena_name'

2018-11-29 09:20:28 - [TEST_STEP][PASSED] - setText: Text 'AA' is set on object 'Object Repository/Backoffice/match_mgmt/meron_details/input_meron_name'

2018-11-29 09:20:28 - [MESSAGE][PASSED] - Text 'AA' is set on object 'Object Repository/Backoffice/match_mgmt/meron_details/input_meron_name'

2018-11-29 09:20:28 - [TEST_STEP][PASSED] - setText: Text 'Farm 1' is set on object 'Object Repository/Backoffice/match_mgmt/meron_details/input_meron_farm'

2018-11-29 09:20:28 - [MESSAGE][PASSED] - Text 'Farm 1' is set on object 'Object Repository/Backoffice/match_mgmt/meron_details/input_meron_farm'

2018-11-29 09:20:28 - [TEST_STEP][PASSED] - setText: Text 'Breed 1' is set on object 'Object Repository/Backoffice/match_mgmt/meron_details/input_meron_breed'

2018-11-29 09:20:29 - [MESSAGE][PASSED] - Text 'Breed 1' is set on object 'Object Repository/Backoffice/match_mgmt/meron_details/input_meron_breed'

2018-11-29 09:20:29 - [TEST_STEP][PASSED] - setText: Text 'Weight 1' is set on object 'Object Repository/Backoffice/match_mgmt/meron_details/input_meron_weight'

2018-11-29 09:20:29 - [MESSAGE][PASSED] - Text 'Weight 1' is set on object 'Object Repository/Backoffice/match_mgmt/meron_details/input_meron_weight'

2018-11-29 09:20:29 - [TEST_STEP][PASSED] - setText: Text 'BB' is set on object 'Object Repository/Backoffice/match_mgmt/wala_details/input_wala_name'

2018-11-29 09:20:29 - [MESSAGE][PASSED] - Text 'BB' is set on object 'Object Repository/Backoffice/match_mgmt/wala_details/input_wala_name'

2018-11-29 09:20:29 - [TEST_STEP][PASSED] - setText: Text 'Farm 2' is set on object 'Object Repository/Backoffice/match_mgmt/wala_details/input_wala_farm'

2018-11-29 09:20:30 - [MESSAGE][PASSED] - Text 'Farm 2' is set on object 'Object Repository/Backoffice/match_mgmt/wala_details/input_wala_farm'

2018-11-29 09:20:30 - [TEST_STEP][PASSED] - setText: Text 'Breed 2' is set on object 'Object Repository/Backoffice/match_mgmt/wala_details/input_wala_breed'

2018-11-29 09:20:30 - [MESSAGE][PASSED] - Text 'Breed 2' is set on object 'Object Repository/Backoffice/match_mgmt/wala_details/input_wala_breed'

2018-11-29 09:20:30 - [TEST_STEP][PASSED] - setText: Text 'Weight 2' is set on object 'Object Repository/Backoffice/match_mgmt/wala_details/input_wala_weight'

2018-11-29 09:20:30 - [MESSAGE][PASSED] - Text 'Weight 2' is set on object 'Object Repository/Backoffice/match_mgmt/wala_details/input_wala_weight'

2018-11-29 09:20:30 - [TEST_STEP][PASSED] - click: Object: 'Object Repository/Backoffice/match_mgmt/input_submit_match' is clicked on

2018-11-29 09:20:33 - [MESSAGE][PASSED] - Object: 'Object Repository/Backoffice/match_mgmt/input_submit_match' is clicked on

2018-11-29 09:20:33 - [TEST_STEP][PASSED] - delay: Delayed 1 second(s)

2018-11-29 09:20:34 - [MESSAGE][PASSED] - Delayed 1 second(s)

2018-11-29 09:20:34 - [TEST_STEP][PASSED] - click: Object: 'Object Repository/Backoffice/match_mgmt/button_create_match' is clicked on

2018-11-29 09:20:34 - [MESSAGE][PASSED] - Object: 'Object Repository/Backoffice/match_mgmt/button_create_match' is clicked on

2018-11-29 09:20:34 - [TEST_STEP][PASSED] - delay: Delayed 1 second(s)

2018-11-29 09:20:35 - [MESSAGE][PASSED] - Delayed 1 second(s)

2018-11-29 09:20:35 - [TEST_STEP][PASSED] - click: Object: 'Object Repository/Backoffice/match_mgmt/span_select_arena_name' is clicked on

2018-11-29 09:20:35 - [MESSAGE][PASSED] - Object: 'Object Repository/Backoffice/match_mgmt/span_select_arena_name' is clicked on

2018-11-29 09:20:35 - [TEST_STEP][PASSED] - setText: Text 'DRAGON COCKPIT - DRC' is set on object 'Object Repository/Backoffice/match_mgmt/input__select2-search__arena_name'

2018-11-29 09:20:37 - [MESSAGE][PASSED] - Text 'DRAGON COCKPIT - DRC' is set on object 'Object Repository/Backoffice/match_mgmt/input__select2-search__arena_name'

2018-11-29 09:20:37 - [TEST_STEP][PASSED] - sendKeys: Keys 'ENTER + ' sent to object: 'Object Repository/Backoffice/match_mgmt/input__select2-search__arena_name'

2018-11-29 09:20:37 - [MESSAGE][PASSED] - Keys 'ENTER + ' sent to object: 'Object Repository/Backoffice/match_mgmt/input__select2-search__arena_name'

2018-11-29 09:20:37 - [TEST_STEP][PASSED] - setText: Text 'AA' is set on object 'Object Repository/Backoffice/match_mgmt/meron_details/input_meron_name'

2018-11-29 09:20:37 - [MESSAGE][PASSED] - Text 'AA' is set on object 'Object Repository/Backoffice/match_mgmt/meron_details/input_meron_name'

2018-11-29 09:20:37 - [TEST_STEP][PASSED] - setText: Text 'Farm 1' is set on object 'Object Repository/Backoffice/match_mgmt/meron_details/input_meron_farm'

2018-11-29 09:20:37 - [MESSAGE][PASSED] - Text 'Farm 1' is set on object 'Object Repository/Backoffice/match_mgmt/meron_details/input_meron_farm'

2018-11-29 09:20:37 - [TEST_STEP][PASSED] - setText: Text 'Breed 1' is set on object 'Object Repository/Backoffice/match_mgmt/meron_details/input_meron_breed'

2018-11-29 09:20:38 - [MESSAGE][PASSED] - Text 'Breed 1' is set on object 'Object Repository/Backoffice/match_mgmt/meron_details/input_meron_breed'

2018-11-29 09:20:38 - [TEST_STEP][PASSED] - setText: Text 'Weight 1' is set on object 'Object Repository/Backoffice/match_mgmt/meron_details/input_meron_weight'

2018-11-29 09:20:38 - [MESSAGE][PASSED] - Text 'Weight 1' is set on object 'Object Repository/Backoffice/match_mgmt/meron_details/input_meron_weight'

2018-11-29 09:20:38 - [TEST_STEP][PASSED] - setText: Text 'BB' is set on object 'Object Repository/Backoffice/match_mgmt/wala_details/input_wala_name'

2018-11-29 09:20:39 - [MESSAGE][PASSED] - Text 'BB' is set on object 'Object Repository/Backoffice/match_mgmt/wala_details/input_wala_name'

2018-11-29 09:20:39 - [TEST_STEP][PASSED] - setText: Text 'Farm 2' is set on object 'Object Repository/Backoffice/match_mgmt/wala_details/input_wala_farm'

2018-11-29 09:20:39 - [MESSAGE][PASSED] - Text 'Farm 2' is set on object 'Object Repository/Backoffice/match_mgmt/wala_details/input_wala_farm'

2018-11-29 09:20:39 - [TEST_STEP][PASSED] - setText: Text 'Breed 2' is set on object 'Object Repository/Backoffice/match_mgmt/wala_details/input_wala_breed'

2018-11-29 09:20:39 - [MESSAGE][PASSED] - Text 'Breed 2' is set on object 'Object Repository/Backoffice/match_mgmt/wala_details/input_wala_breed'

2018-11-29 09:20:39 - [TEST_STEP][PASSED] - setText: Text 'Weight 2' is set on object 'Object Repository/Backoffice/match_mgmt/wala_details/input_wala_weight'

2018-11-29 09:20:40 - [MESSAGE][PASSED] - Text 'Weight 2' is set on object 'Object Repository/Backoffice/match_mgmt/wala_details/input_wala_weight'

2018-11-29 09:20:40 - [TEST_STEP][PASSED] - click: Object: 'Object Repository/Backoffice/match_mgmt/input_submit_match' is clicked on

2018-11-29 09:20:43 - [MESSAGE][PASSED] - Object: 'Object Repository/Backoffice/match_mgmt/input_submit_match' is clicked on

2018-11-29 09:20:43 - [TEST_STEP][PASSED] - delay: Delayed 1 second(s)

2018-11-29 09:20:44 - [MESSAGE][PASSED] - Delayed 1 second(s)

2018-11-29 09:20:44 - [TEST_STEP][PASSED] - click: Object: 'Object Repository/Backoffice/match_mgmt/button_create_match' is clicked on

2018-11-29 09:20:44 - [MESSAGE][PASSED] - Object: 'Object Repository/Backoffice/match_mgmt/button_create_match' is clicked on

2018-11-29 09:20:44 - [TEST_STEP][PASSED] - delay: Delayed 1 second(s)

2018-11-29 09:20:45 - [MESSAGE][PASSED] - Delayed 1 second(s)

2018-11-29 09:20:45 - [TEST_STEP][PASSED] - click: Object: 'Object Repository/Backoffice/match_mgmt/span_select_arena_name' is clicked on

2018-11-29 09:20:45 - [MESSAGE][PASSED] - Object: 'Object Repository/Backoffice/match_mgmt/span_select_arena_name' is clicked on

2018-11-29 09:20:45 - [TEST_STEP][PASSED] - setText: Text 'DRAGON COCKPIT - DRC' is set on object 'Object Repository/Backoffice/match_mgmt/input__select2-search__arena_name'

2018-11-29 09:20:47 - [MESSAGE][PASSED] - Text 'DRAGON COCKPIT - DRC' is set on object 'Object Repository/Backoffice/match_mgmt/input__select2-search__arena_name'

2018-11-29 09:20:47 - [TEST_STEP][PASSED] - sendKeys: Keys 'ENTER + ' sent to object: 'Object Repository/Backoffice/match_mgmt/input__select2-search__arena_name'

2018-11-29 09:20:47 - [MESSAGE][PASSED] - Keys 'ENTER + ' sent to object: 'Object Repository/Backoffice/match_mgmt/input__select2-search__arena_name'

2018-11-29 09:20:47 - [TEST_STEP][PASSED] - setText: Text 'AA' is set on object 'Object Repository/Backoffice/match_mgmt/meron_details/input_meron_name'

2018-11-29 09:20:47 - [MESSAGE][PASSED] - Text 'AA' is set on object 'Object Repository/Backoffice/match_mgmt/meron_details/input_meron_name'

2018-11-29 09:20:47 - [TEST_STEP][PASSED] - setText: Text 'Farm 1' is set on object 'Object Repository/Backoffice/match_mgmt/meron_details/input_meron_farm'

2018-11-29 09:20:48 - [MESSAGE][PASSED] - Text 'Farm 1' is set on object 'Object Repository/Backoffice/match_mgmt/meron_details/input_meron_farm'

2018-11-29 09:20:48 - [TEST_STEP][PASSED] - setText: Text 'Breed 1' is set on object 'Object Repository/Backoffice/match_mgmt/meron_details/input_meron_breed'

2018-11-29 09:20:48 - [MESSAGE][PASSED] - Text 'Breed 1' is set on object 'Object Repository/Backoffice/match_mgmt/meron_details/input_meron_breed'

2018-11-29 09:20:48 - [TEST_STEP][PASSED] - setText: Text 'Weight 1' is set on object 'Object Repository/Backoffice/match_mgmt/meron_details/input_meron_weight'

2018-11-29 09:20:48 - [MESSAGE][PASSED] - Text 'Weight 1' is set on object 'Object Repository/Backoffice/match_mgmt/meron_details/input_meron_weight'

2018-11-29 09:20:48 - [TEST_STEP][PASSED] - setText: Text 'BB' is set on object 'Object Repository/Backoffice/match_mgmt/wala_details/input_wala_name'

2018-11-29 09:20:49 - [MESSAGE][PASSED] - Text 'BB' is set on object 'Object Repository/Backoffice/match_mgmt/wala_details/input_wala_name'

2018-11-29 09:20:49 - [TEST_STEP][PASSED] - setText: Text 'Farm 2' is set on object 'Object Repository/Backoffice/match_mgmt/wala_details/input_wala_farm'

2018-11-29 09:20:49 - [MESSAGE][PASSED] - Text 'Farm 2' is set on object 'Object Repository/Backoffice/match_mgmt/wala_details/input_wala_farm'

2018-11-29 09:20:49 - [TEST_STEP][PASSED] - setText: Text 'Breed 2' is set on object 'Object Repository/Backoffice/match_mgmt/wala_details/input_wala_breed'

2018-11-29 09:20:49 - [MESSAGE][PASSED] - Text 'Breed 2' is set on object 'Object Repository/Backoffice/match_mgmt/wala_details/input_wala_breed'

2018-11-29 09:20:49 - [TEST_STEP][PASSED] - setText: Text 'Weight 2' is set on object 'Object Repository/Backoffice/match_mgmt/wala_details/input_wala_weight'

2018-11-29 09:20:50 - [MESSAGE][PASSED] - Text 'Weight 2' is set on object 'Object Repository/Backoffice/match_mgmt/wala_details/input_wala_weight'

2018-11-29 09:20:50 - [TEST_STEP][PASSED] - click: Object: 'Object Repository/Backoffice/match_mgmt/input_submit_match' is clicked on

2018-11-29 09:20:53 - [MESSAGE][PASSED] - Object: 'Object Repository/Backoffice/match_mgmt/input_submit_match' is clicked on

2018-11-29 09:20:53 - [TEST_STEP][PASSED] - delay: Delayed 1 second(s)

2018-11-29 09:20:54 - [MESSAGE][PASSED] - Delayed 1 second(s)

2018-11-29 09:20:54 - [TEST_STEP][PASSED] - click: Object: 'Object Repository/Backoffice/match_mgmt/button_create_match' is clicked on

2018-11-29 09:20:54 - [MESSAGE][PASSED] - Object: 'Object Repository/Backoffice/match_mgmt/button_create_match' is clicked on

2018-11-29 09:20:54 - [TEST_STEP][PASSED] - delay: Delayed 1 second(s)

2018-11-29 09:20:55 - [MESSAGE][PASSED] - Delayed 1 second(s)

2018-11-29 09:20:55 - [TEST_STEP][PASSED] - click: Object: 'Object Repository/Backoffice/match_mgmt/span_select_arena_name' is clicked on

2018-11-29 09:20:55 - [MESSAGE][PASSED] - Object: 'Object Repository/Backoffice/match_mgmt/span_select_arena_name' is clicked on

2018-11-29 09:20:55 - [TEST_STEP][PASSED] - setText: Text 'DRAGON COCKPIT - DRC' is set on object 'Object Repository/Backoffice/match_mgmt/input__select2-search__arena_name'

2018-11-29 09:20:57 - [MESSAGE][PASSED] - Text 'DRAGON COCKPIT - DRC' is set on object 'Object Repository/Backoffice/match_mgmt/input__select2-search__arena_name'

2018-11-29 09:20:57 - [TEST_STEP][PASSED] - sendKeys: Keys 'ENTER + ' sent to object: 'Object Repository/Backoffice/match_mgmt/input__select2-search__arena_name'

2018-11-29 09:20:57 - [MESSAGE][PASSED] - Keys 'ENTER + ' sent to object: 'Object Repository/Backoffice/match_mgmt/input__select2-search__arena_name'

2018-11-29 09:20:57 - [TEST_STEP][PASSED] - setText: Text 'AA' is set on object 'Object Repository/Backoffice/match_mgmt/meron_details/input_meron_name'

2018-11-29 09:20:57 - [MESSAGE][PASSED] - Text 'AA' is set on object 'Object Repository/Backoffice/match_mgmt/meron_details/input_meron_name'

2018-11-29 09:20:57 - [TEST_STEP][PASSED] - setText: Text 'Farm 1' is set on object 'Object Repository/Backoffice/match_mgmt/meron_details/input_meron_farm'

2018-11-29 09:20:58 - [MESSAGE][PASSED] - Text 'Farm 1' is set on object 'Object Repository/Backoffice/match_mgmt/meron_details/input_meron_farm'

2018-11-29 09:20:58 - [TEST_STEP][PASSED] - setText: Text 'Breed 1' is set on object 'Object Repository/Backoffice/match_mgmt/meron_details/input_meron_breed'

2018-11-29 09:20:58 - [MESSAGE][PASSED] - Text 'Breed 1' is set on object 'Object Repository/Backoffice/match_mgmt/meron_details/input_meron_breed'

2018-11-29 09:20:58 - [TEST_STEP][PASSED] - setText: Text 'Weight 1' is set on object 'Object Repository/Backoffice/match_mgmt/meron_details/input_meron_weight'

2018-11-29 09:20:58 - [MESSAGE][PASSED] - Text 'Weight 1' is set on object 'Object Repository/Backoffice/match_mgmt/meron_details/input_meron_weight'

2018-11-29 09:20:58 - [TEST_STEP][PASSED] - setText: Text 'BB' is set on object 'Object Repository/Backoffice/match_mgmt/wala_details/input_wala_name'

2018-11-29 09:20:59 - [MESSAGE][PASSED] - Text 'BB' is set on object 'Object Repository/Backoffice/match_mgmt/wala_details/input_wala_name'

2018-11-29 09:20:59 - [TEST_STEP][PASSED] - setText: Text 'Farm 2' is set on object 'Object Repository/Backoffice/match_mgmt/wala_details/input_wala_farm'

2018-11-29 09:20:59 - [MESSAGE][PASSED] - Text 'Farm 2' is set on object 'Object Repository/Backoffice/match_mgmt/wala_details/input_wala_farm'

2018-11-29 09:20:59 - [TEST_STEP][PASSED] - setText: Text 'Breed 2' is set on object 'Object Repository/Backoffice/match_mgmt/wala_details/input_wala_breed'

2018-11-29 09:20:59 - [MESSAGE][PASSED] - Text 'Breed 2' is set on object 'Object Repository/Backoffice/match_mgmt/wala_details/input_wala_breed'

2018-11-29 09:20:59 - [TEST_STEP][PASSED] - setText: Text 'Weight 2' is set on object 'Object Repository/Backoffice/match_mgmt/wala_details/input_wala_weight'

2018-11-29 09:21:00 - [MESSAGE][PASSED] - Text 'Weight 2' is set on object 'Object Repository/Backoffice/match_mgmt/wala_details/input_wala_weight'

2018-11-29 09:21:00 - [TEST_STEP][PASSED] - click: Object: 'Object Repository/Backoffice/match_mgmt/input_submit_match' is clicked on

2018-11-29 09:21:03 - [MESSAGE][PASSED] - Object: 'Object Repository/Backoffice/match_mgmt/input_submit_match' is clicked on

2018-11-29 09:21:03 - [TEST_STEP][PASSED] - delay: Delayed 1 second(s)

2018-11-29 09:21:04 - [MESSAGE][PASSED] - Delayed 1 second(s)

2018-11-29 09:21:04 - [TEST_STEP][PASSED] - click: Object: 'Object Repository/Backoffice/match_mgmt/button_create_match' is clicked on

2018-11-29 09:21:04 - [MESSAGE][PASSED] - Object: 'Object Repository/Backoffice/match_mgmt/button_create_match' is clicked on

2018-11-29 09:21:04 - [TEST_STEP][PASSED] - delay: Delayed 1 second(s)

2018-11-29 09:21:05 - [MESSAGE][PASSED] - Delayed 1 second(s)

2018-11-29 09:21:05 - [TEST_STEP][PASSED] - click: Object: 'Object Repository/Backoffice/match_mgmt/span_select_arena_name' is clicked on

2018-11-29 09:21:05 - [MESSAGE][PASSED] - Object: 'Object Repository/Backoffice/match_mgmt/span_select_arena_name' is clicked on

2018-11-29 09:21:05 - [TEST_STEP][PASSED] - setText: Text 'DRAGON COCKPIT - DRC' is set on object 'Object Repository/Backoffice/match_mgmt/input__select2-search__arena_name'

2018-11-29 09:21:07 - [MESSAGE][PASSED] - Text 'DRAGON COCKPIT - DRC' is set on object 'Object Repository/Backoffice/match_mgmt/input__select2-search__arena_name'

2018-11-29 09:21:07 - [TEST_STEP][PASSED] - sendKeys: Keys 'ENTER + ' sent to object: 'Object Repository/Backoffice/match_mgmt/input__select2-search__arena_name'

2018-11-29 09:21:07 - [MESSAGE][PASSED] - Keys 'ENTER + ' sent to object: 'Object Repository/Backoffice/match_mgmt/input__select2-search__arena_name'

2018-11-29 09:21:07 - [TEST_STEP][PASSED] - setText: Text 'AA' is set on object 'Object Repository/Backoffice/match_mgmt/meron_details/input_meron_name'

2018-11-29 09:21:07 - [MESSAGE][PASSED] - Text 'AA' is set on object 'Object Repository/Backoffice/match_mgmt/meron_details/input_meron_name'

2018-11-29 09:21:07 - [TEST_STEP][PASSED] - setText: Text 'Farm 1' is set on object 'Object Repository/Backoffice/match_mgmt/meron_details/input_meron_farm'

2018-11-29 09:21:07 - [MESSAGE][PASSED] - Text 'Farm 1' is set on object 'Object Repository/Backoffice/match_mgmt/meron_details/input_meron_farm'

2018-11-29 09:21:07 - [TEST_STEP][PASSED] - setText: Text 'Breed 1' is set on object 'Object Repository/Backoffice/match_mgmt/meron_details/input_meron_breed'

2018-11-29 09:21:08 - [MESSAGE][PASSED] - Text 'Breed 1' is set on object 'Object Repository/Backoffice/match_mgmt/meron_details/input_meron_breed'

2018-11-29 09:21:08 - [TEST_STEP][PASSED] - setText: Text 'Weight 1' is set on object 'Object Repository/Backoffice/match_mgmt/meron_details/input_meron_weight'

2018-11-29 09:21:08 - [MESSAGE][PASSED] - Text 'Weight 1' is set on object 'Object Repository/Backoffice/match_mgmt/meron_details/input_meron_weight'

2018-11-29 09:21:08 - [TEST_STEP][PASSED] - setText: Text 'BB' is set on object 'Object Repository/Backoffice/match_mgmt/wala_details/input_wala_name'

2018-11-29 09:21:09 - [MESSAGE][PASSED] - Text 'BB' is set on object 'Object Repository/Backoffice/match_mgmt/wala_details/input_wala_name'

2018-11-29 09:21:09 - [TEST_STEP][PASSED] - setText: Text 'Farm 2' is set on object 'Object Repository/Backoffice/match_mgmt/wala_details/input_wala_farm'

2018-11-29 09:21:09 - [MESSAGE][PASSED] - Text 'Farm 2' is set on object 'Object Repository/Backoffice/match_mgmt/wala_details/input_wala_farm'

2018-11-29 09:21:09 - [TEST_STEP][PASSED] - setText: Text 'Breed 2' is set on object 'Object Repository/Backoffice/match_mgmt/wala_details/input_wala_breed'

2018-11-29 09:21:09 - [MESSAGE][PASSED] - Text 'Breed 2' is set on object 'Object Repository/Backoffice/match_mgmt/wala_details/input_wala_breed'

2018-11-29 09:21:09 - [TEST_STEP][PASSED] - setText: Text 'Weight 2' is set on object 'Object Repository/Backoffice/match_mgmt/wala_details/input_wala_weight'

2018-11-29 09:21:10 - [MESSAGE][PASSED] - Text 'Weight 2' is set on object 'Object Repository/Backoffice/match_mgmt/wala_details/input_wala_weight'

2018-11-29 09:21:10 - [TEST_STEP][PASSED] - click: Object: 'Object Repository/Backoffice/match_mgmt/input_submit_match' is clicked on

2018-11-29 09:21:13 - [MESSAGE][PASSED] - Object: 'Object Repository/Backoffice/match_mgmt/input_submit_match' is clicked on

2018-11-29 09:21:13 - [TEST_STEP][PASSED] - delay: Delayed 1 second(s)

2018-11-29 09:21:14 - [MESSAGE][PASSED] - Delayed 1 second(s)

2018-11-29 09:21:14 - [TEST_STEP][PASSED] - click: Object: 'Object Repository/Backoffice/match_mgmt/button_create_match' is clicked on

2018-11-29 09:21:14 - [MESSAGE][PASSED] - Object: 'Object Repository/Backoffice/match_mgmt/button_create_match' is clicked on

2018-11-29 09:21:14 - [TEST_STEP][PASSED] - delay: Delayed 1 second(s)

2018-11-29 09:21:15 - [MESSAGE][PASSED] - Delayed 1 second(s)

2018-11-29 09:21:15 - [TEST_STEP][PASSED] - click: Object: 'Object Repository/Backoffice/match_mgmt/span_select_arena_name' is clicked on

2018-11-29 09:21:15 - [MESSAGE][PASSED] - Object: 'Object Repository/Backoffice/match_mgmt/span_select_arena_name' is clicked on

2018-11-29 09:21:15 - [TEST_STEP][PASSED] - setText: Text 'DRAGON COCKPIT - DRC' is set on object 'Object Repository/Backoffice/match_mgmt/input__select2-search__arena_name'

2018-11-29 09:21:16 - [MESSAGE][PASSED] - Text 'DRAGON COCKPIT - DRC' is set on object 'Object Repository/Backoffice/match_mgmt/input__select2-search__arena_name'

2018-11-29 09:21:16 - [TEST_STEP][PASSED] - sendKeys: Keys 'ENTER + ' sent to object: 'Object Repository/Backoffice/match_mgmt/input__select2-search__arena_name'

2018-11-29 09:21:17 - [MESSAGE][PASSED] - Keys 'ENTER + ' sent to object: 'Object Repository/Backoffice/match_mgmt/input__select2-search__arena_name'

2018-11-29 09:21:17 - [TEST_STEP][PASSED] - setText: Text 'AA' is set on object 'Object Repository/Backoffice/match_mgmt/meron_details/input_meron_name'

2018-11-29 09:21:17 - [MESSAGE][PASSED] - Text 'AA' is set on object 'Object Repository/Backoffice/match_mgmt/meron_details/input_meron_name'

2018-11-29 09:21:17 - [TEST_STEP][PASSED] - setText: Text 'Farm 1' is set on object 'Object Repository/Backoffice/match_mgmt/meron_details/input_meron_farm'

2018-11-29 09:21:17 - [MESSAGE][PASSED] - Text 'Farm 1' is set on object 'Object Repository/Backoffice/match_mgmt/meron_details/input_meron_farm'

2018-11-29 09:21:17 - [TEST_STEP][PASSED] - setText: Text 'Breed 1' is set on object 'Object Repository/Backoffice/match_mgmt/meron_details/input_meron_breed'

2018-11-29 09:21:18 - [MESSAGE][PASSED] - Text 'Breed 1' is set on object 'Object Repository/Backoffice/match_mgmt/meron_details/input_meron_breed'

2018-11-29 09:21:18 - [TEST_STEP][PASSED] - setText: Text 'Weight 1' is set on object 'Object Repository/Backoffice/match_mgmt/meron_details/input_meron_weight'

2018-11-29 09:21:18 - [MESSAGE][PASSED] - Text 'Weight 1' is set on object 'Object Repository/Backoffice/match_mgmt/meron_details/input_meron_weight'

2018-11-29 09:21:18 - [TEST_STEP][PASSED] - setText: Text 'BB' is set on object 'Object Repository/Backoffice/match_mgmt/wala_details/input_wala_name'

2018-11-29 09:21:18 - [MESSAGE][PASSED] - Text 'BB' is set on object 'Object Repository/Backoffice/match_mgmt/wala_details/input_wala_name'

2018-11-29 09:21:18 - [TEST_STEP][PASSED] - setText: Text 'Farm 2' is set on object 'Object Repository/Backoffice/match_mgmt/wala_details/input_wala_farm'

2018-11-29 09:21:19 - [MESSAGE][PASSED] - Text 'Farm 2' is set on object 'Object Repository/Backoffice/match_mgmt/wala_details/input_wala_farm'

2018-11-29 09:21:19 - [TEST_STEP][PASSED] - setText: Text 'Breed 2' is set on object 'Object Repository/Backoffice/match_mgmt/wala_details/input_wala_breed'

2018-11-29 09:21:19 - [MESSAGE][PASSED] - Text 'Breed 2' is set on object 'Object Repository/Backoffice/match_mgmt/wala_details/input_wala_breed'

2018-11-29 09:21:19 - [TEST_STEP][PASSED] - setText: Text 'Weight 2' is set on object 'Object Repository/Backoffice/match_mgmt/wala_details/input_wala_weight'

2018-11-29 09:21:19 - [MESSAGE][PASSED] - Text 'Weight 2' is set on object 'Object Repository/Backoffice/match_mgmt/wala_details/input_wala_weight'

2018-11-29 09:21:19 - [TEST_STEP][PASSED] - click: Object: 'Object Repository/Backoffice/match_mgmt/input_submit_match' is clicked on

2018-11-29 09:21:23 - [MESSAGE][PASSED] - Object: 'Object Repository/Backoffice/match_mgmt/input_submit_match' is clicked on

2018-11-29 09:21:23 - [TEST_STEP][PASSED] - delay: Delayed 1 second(s)

2018-11-29 09:21:24 - [MESSAGE][PASSED] - Delayed 1 second(s)

2018-11-29 09:21:24 - [TEST_STEP][PASSED] - click: Object: 'Object Repository/Backoffice/match_mgmt/button_create_match' is clicked on

2018-11-29 09:21:24 - [MESSAGE][PASSED] - Object: 'Object Repository/Backoffice/match_mgmt/button_create_match' is clicked on

2018-11-29 09:21:24 - [TEST_STEP][PASSED] - delay: Delayed 1 second(s)

2018-11-29 09:21:25 - [MESSAGE][PASSED] - Delayed 1 second(s)

2018-11-29 09:21:25 - [TEST_STEP][PASSED] - click: Object: 'Object Repository/Backoffice/match_mgmt/span_select_arena_name' is clicked on

2018-11-29 09:21:25 - [MESSAGE][PASSED] - Object: 'Object Repository/Backoffice/match_mgmt/span_select_arena_name' is clicked on

2018-11-29 09:21:25 - [TEST_STEP][PASSED] - setText: Text 'DRAGON COCKPIT - DRC' is set on object 'Object Repository/Backoffice/match_mgmt/input__select2-search__arena_name'

2018-11-29 09:21:26 - [MESSAGE][PASSED] - Text 'DRAGON COCKPIT - DRC' is set on object 'Object Repository/Backoffice/match_mgmt/input__select2-search__arena_name'

2018-11-29 09:21:26 - [TEST_STEP][PASSED] - sendKeys: Keys 'ENTER + ' sent to object: 'Object Repository/Backoffice/match_mgmt/input__select2-search__arena_name'

2018-11-29 09:21:27 - [MESSAGE][PASSED] - Keys 'ENTER + ' sent to object: 'Object Repository/Backoffice/match_mgmt/input__select2-search__arena_name'

2018-11-29 09:21:27 - [TEST_STEP][PASSED] - setText: Text 'AA' is set on object 'Object Repository/Backoffice/match_mgmt/meron_details/input_meron_name'

2018-11-29 09:21:27 - [MESSAGE][PASSED] - Text 'AA' is set on object 'Object Repository/Backoffice/match_mgmt/meron_details/input_meron_name'

2018-11-29 09:21:27 - [TEST_STEP][PASSED] - setText: Text 'Farm 1' is set on object 'Object Repository/Backoffice/match_mgmt/meron_details/input_meron_farm'

2018-11-29 09:21:27 - [MESSAGE][PASSED] - Text 'Farm 1' is set on object 'Object Repository/Backoffice/match_mgmt/meron_details/input_meron_farm'

2018-11-29 09:21:27 - [TEST_STEP][PASSED] - setText: Text 'Breed 1' is set on object 'Object Repository/Backoffice/match_mgmt/meron_details/input_meron_breed'

2018-11-29 09:21:28 - [MESSAGE][PASSED] - Text 'Breed 1' is set on object 'Object Repository/Backoffice/match_mgmt/meron_details/input_meron_breed'

2018-11-29 09:21:28 - [TEST_STEP][PASSED] - setText: Text 'Weight 1' is set on object 'Object Repository/Backoffice/match_mgmt/meron_details/input_meron_weight'

2018-11-29 09:21:28 - [MESSAGE][PASSED] - Text 'Weight 1' is set on object 'Object Repository/Backoffice/match_mgmt/meron_details/input_meron_weight'

2018-11-29 09:21:28 - [TEST_STEP][PASSED] - setText: Text 'BB' is set on object 'Object Repository/Backoffice/match_mgmt/wala_details/input_wala_name'

2018-11-29 09:21:28 - [MESSAGE][PASSED] - Text 'BB' is set on object 'Object Repository/Backoffice/match_mgmt/wala_details/input_wala_name'

2018-11-29 09:21:28 - [TEST_STEP][PASSED] - setText: Text 'Farm 2' is set on object 'Object Repository/Backoffice/match_mgmt/wala_details/input_wala_farm'

2018-11-29 09:21:29 - [MESSAGE][PASSED] - Text 'Farm 2' is set on object 'Object Repository/Backoffice/match_mgmt/wala_details/input_wala_farm'

2018-11-29 09:21:29 - [TEST_STEP][PASSED] - setText: Text 'Breed 2' is set on object 'Object Repository/Backoffice/match_mgmt/wala_details/input_wala_breed'

2018-11-29 09:21:29 - [MESSAGE][PASSED] - Text 'Breed 2' is set on object 'Object Repository/Backoffice/match_mgmt/wala_details/input_wala_breed'

2018-11-29 09:21:29 - [TEST_STEP][PASSED] - setText: Text 'Weight 2' is set on object 'Object Repository/Backoffice/match_mgmt/wala_details/input_wala_weight'

2018-11-29 09:21:29 - [MESSAGE][PASSED] - Text 'Weight 2' is set on object 'Object Repository/Backoffice/match_mgmt/wala_details/input_wala_weight'

2018-11-29 09:21:29 - [TEST_STEP][PASSED] - click: Object: 'Object Repository/Backoffice/match_mgmt/input_submit_match' is clicked on

2018-11-29 09:21:32 - [MESSAGE][PASSED] - Object: 'Object Repository/Backoffice/match_mgmt/input_submit_match' is clicked on

2018-11-29 09:21:32 - [TEST_STEP][PASSED] - delay: Delayed 1 second(s)

2018-11-29 09:21:33 - [MESSAGE][PASSED] - Delayed 1 second(s)

2018-11-29 09:21:33 - [TEST_STEP][PASSED] - click: Object: 'Object Repository/Backoffice/match_mgmt/button_create_match' is clicked on

2018-11-29 09:21:34 - [MESSAGE][PASSED] - Object: 'Object Repository/Backoffice/match_mgmt/button_create_match' is clicked on

2018-11-29 09:21:34 - [TEST_STEP][PASSED] - delay: Delayed 1 second(s)

2018-11-29 09:21:35 - [MESSAGE][PASSED] - Delayed 1 second(s)

2018-11-29 09:21:35 - [TEST_STEP][PASSED] - click: Object: 'Object Repository/Backoffice/match_mgmt/span_select_arena_name' is clicked on

2018-11-29 09:21:35 - [MESSAGE][PASSED] - Object: 'Object Repository/Backoffice/match_mgmt/span_select_arena_name' is clicked on

2018-11-29 09:21:35 - [TEST_STEP][PASSED] - setText: Text 'DRAGON COCKPIT - DRC' is set on object 'Object Repository/Backoffice/match_mgmt/input__select2-search__arena_name'

2018-11-29 09:21:36 - [MESSAGE][PASSED] - Text 'DRAGON COCKPIT - DRC' is set on object 'Object Repository/Backoffice/match_mgmt/input__select2-search__arena_name'

2018-11-29 09:21:36 - [TEST_STEP][PASSED] - sendKeys: Keys 'ENTER + ' sent to object: 'Object Repository/Backoffice/match_mgmt/input__select2-search__arena_name'

2018-11-29 09:21:36 - [MESSAGE][PASSED] - Keys 'ENTER + ' sent to object: 'Object Repository/Backoffice/match_mgmt/input__select2-search__arena_name'

2018-11-29 09:21:36 - [TEST_STEP][PASSED] - setText: Text 'AA' is set on object 'Object Repository/Backoffice/match_mgmt/meron_details/input_meron_name'

2018-11-29 09:21:37 - [MESSAGE][PASSED] - Text 'AA' is set on object 'Object Repository/Backoffice/match_mgmt/meron_details/input_meron_name'

2018-11-29 09:21:37 - [TEST_STEP][PASSED] - setText: Text 'Farm 1' is set on object 'Object Repository/Backoffice/match_mgmt/meron_details/input_meron_farm'

2018-11-29 09:21:37 - [MESSAGE][PASSED] - Text 'Farm 1' is set on object 'Object Repository/Backoffice/match_mgmt/meron_details/input_meron_farm'

2018-11-29 09:21:37 - [TEST_STEP][PASSED] - setText: Text 'Breed 1' is set on object 'Object Repository/Backoffice/match_mgmt/meron_details/input_meron_breed'

2018-11-29 09:21:37 - [MESSAGE][PASSED] - Text 'Breed 1' is set on object 'Object Repository/Backoffice/match_mgmt/meron_details/input_meron_breed'

2018-11-29 09:21:37 - [TEST_STEP][PASSED] - setText: Text 'Weight 1' is set on object 'Object Repository/Backoffice/match_mgmt/meron_details/input_meron_weight'

2018-11-29 09:21:38 - [MESSAGE][PASSED] - Text 'Weight 1' is set on object 'Object Repository/Backoffice/match_mgmt/meron_details/input_meron_weight'

2018-11-29 09:21:38 - [TEST_STEP][PASSED] - setText: Text 'BB' is set on object 'Object Repository/Backoffice/match_mgmt/wala_details/input_wala_name'

2018-11-29 09:21:38 - [MESSAGE][PASSED] - Text 'BB' is set on object 'Object Repository/Backoffice/match_mgmt/wala_details/input_wala_name'

2018-11-29 09:21:38 - [TEST_STEP][PASSED] - setText: Text 'Farm 2' is set on object 'Object Repository/Backoffice/match_mgmt/wala_details/input_wala_farm'

2018-11-29 09:21:38 - [MESSAGE][PASSED] - Text 'Farm 2' is set on object 'Object Repository/Backoffice/match_mgmt/wala_details/input_wala_farm'

2018-11-29 09:21:38 - [TEST_STEP][PASSED] - setText: Text 'Breed 2' is set on object 'Object Repository/Backoffice/match_mgmt/wala_details/input_wala_breed'

2018-11-29 09:21:39 - [MESSAGE][PASSED] - Text 'Breed 2' is set on object 'Object Repository/Backoffice/match_mgmt/wala_details/input_wala_breed'

2018-11-29 09:21:39 - [TEST_STEP][PASSED] - setText: Text 'Weight 2' is set on object 'Object Repository/Backoffice/match_mgmt/wala_details/input_wala_weight'

2018-11-29 09:21:39 - [MESSAGE][PASSED] - Text 'Weight 2' is set on object 'Object Repository/Backoffice/match_mgmt/wala_details/input_wala_weight'

2018-11-29 09:21:39 - [TEST_STEP][PASSED] - click: Object: 'Object Repository/Backoffice/match_mgmt/input_submit_match' is clicked on

2018-11-29 09:21:42 - [MESSAGE][PASSED] - Object: 'Object Repository/Backoffice/match_mgmt/input_submit_match' is clicked on

2018-11-29 09:21:42 - [TEST_STEP][PASSED] - delay: Delayed 1 second(s)

2018-11-29 09:21:43 - [MESSAGE][PASSED] - Delayed 1 second(s)

2018-11-29 09:21:43 - [TEST_STEP][PASSED] - click: Object: 'Object Repository/Backoffice/match_mgmt/button_create_match' is clicked on

2018-11-29 09:21:44 - [MESSAGE][PASSED] - Object: 'Object Repository/Backoffice/match_mgmt/button_create_match' is clicked on

2018-11-29 09:21:44 - [TEST_STEP][PASSED] - delay: Delayed 1 second(s)

2018-11-29 09:21:45 - [MESSAGE][PASSED] - Delayed 1 second(s)

2018-11-29 09:21:45 - [TEST_STEP][PASSED] - click: Object: 'Object Repository/Backoffice/match_mgmt/span_select_arena_name' is clicked on

2018-11-29 09:21:45 - [MESSAGE][PASSED] - Object: 'Object Repository/Backoffice/match_mgmt/span_select_arena_name' is clicked on

2018-11-29 09:21:45 - [TEST_STEP][PASSED] - setText: Text 'DRAGON COCKPIT - DRC' is set on object 'Object Repository/Backoffice/match_mgmt/input__select2-search__arena_name'

2018-11-29 09:21:46 - [MESSAGE][PASSED] - Text 'DRAGON COCKPIT - DRC' is set on object 'Object Repository/Backoffice/match_mgmt/input__select2-search__arena_name'

2018-11-29 09:21:46 - [TEST_STEP][PASSED] - sendKeys: Keys 'ENTER + ' sent to object: 'Object Repository/Backoffice/match_mgmt/input__select2-search__arena_name'

2018-11-29 09:21:46 - [MESSAGE][PASSED] - Keys 'ENTER + ' sent to object: 'Object Repository/Backoffice/match_mgmt/input__select2-search__arena_name'

2018-11-29 09:21:46 - [TEST_STEP][PASSED] - setText: Text 'AA' is set on object 'Object Repository/Backoffice/match_mgmt/meron_details/input_meron_name'

2018-11-29 09:21:47 - [MESSAGE][PASSED] - Text 'AA' is set on object 'Object Repository/Backoffice/match_mgmt/meron_details/input_meron_name'

2018-11-29 09:21:47 - [TEST_STEP][PASSED] - setText: Text 'Farm 1' is set on object 'Object Repository/Backoffice/match_mgmt/meron_details/input_meron_farm'

2018-11-29 09:21:47 - [MESSAGE][PASSED] - Text 'Farm 1' is set on object 'Object Repository/Backoffice/match_mgmt/meron_details/input_meron_farm'

2018-11-29 09:21:47 - [TEST_STEP][PASSED] - setText: Text 'Breed 1' is set on object 'Object Repository/Backoffice/match_mgmt/meron_details/input_meron_breed'

2018-11-29 09:21:47 - [MESSAGE][PASSED] - Text 'Breed 1' is set on object 'Object Repository/Backoffice/match_mgmt/meron_details/input_meron_breed'

2018-11-29 09:21:47 - [TEST_STEP][PASSED] - setText: Text 'Weight 1' is set on object 'Object Repository/Backoffice/match_mgmt/meron_details/input_meron_weight'

2018-11-29 09:21:48 - [MESSAGE][PASSED] - Text 'Weight 1' is set on object 'Object Repository/Backoffice/match_mgmt/meron_details/input_meron_weight'

2018-11-29 09:21:48 - [TEST_STEP][PASSED] - setText: Text 'BB' is set on object 'Object Repository/Backoffice/match_mgmt/wala_details/input_wala_name'

2018-11-29 09:21:48 - [MESSAGE][PASSED] - Text 'BB' is set on object 'Object Repository/Backoffice/match_mgmt/wala_details/input_wala_name'

2018-11-29 09:21:48 - [TEST_STEP][PASSED] - setText: Text 'Farm 2' is set on object 'Object Repository/Backoffice/match_mgmt/wala_details/input_wala_farm'

2018-11-29 09:21:48 - [MESSAGE][PASSED] - Text 'Farm 2' is set on object 'Object Repository/Backoffice/match_mgmt/wala_details/input_wala_farm'

2018-11-29 09:21:48 - [TEST_STEP][PASSED] - setText: Text 'Breed 2' is set on object 'Object Repository/Backoffice/match_mgmt/wala_details/input_wala_breed'

2018-11-29 09:21:49 - [MESSAGE][PASSED] - Text 'Breed 2' is set on object 'Object Repository/Backoffice/match_mgmt/wala_details/input_wala_breed'

2018-11-29 09:21:49 - [TEST_STEP][PASSED] - setText: Text 'Weight 2' is set on object 'Object Repository/Backoffice/match_mgmt/wala_details/input_wala_weight'

2018-11-29 09:21:49 - [MESSAGE][PASSED] - Text 'Weight 2' is set on object 'Object Repository/Backoffice/match_mgmt/wala_details/input_wala_weight'

2018-11-29 09:21:49 - [TEST_STEP][PASSED] - click: Object: 'Object Repository/Backoffice/match_mgmt/input_submit_match' is clicked on

2018-11-29 09:21:52 - [MESSAGE][PASSED] - Object: 'Object Repository/Backoffice/match_mgmt/input_submit_match' is clicked on

2018-11-29 09:21:52 - [TEST_STEP][PASSED] - delay: Delayed 1 second(s)

2018-11-29 09:21:53 - [MESSAGE][PASSED] - Delayed 1 second(s)]]></system-out>
         <system-err><![CDATA[]]></system-err>
      </testcase>
      <system-out><![CDATA[2018-11-29 09:19:02 - [TEST_SUITE][PASSED] - match_DRC: Test Cases/Backoffice/create_match/create_match_loop_with_open_match]]></system-out>
      <system-err><![CDATA[]]></system-err>
   </testsuite>
</testsuites>
