<?xml version="1.0" encoding="UTF-8"?>
<testsuites name="match_JCSC" time="857" tests="0" failures="1" errors="0">
   <testsuite name="match_JCSC" tests="0" failures="1" errors="0" time="857" timestamp="2018-12-06 12:16:36" hostname="Administrator - WIN-A9QUABO2G0M" id="Test Suites/Backoffice/create_match/create_match_loop_with_open_match/match_JCSC">
      <properties>
         <property name="deviceName" value=""/>
         <property name="devicePlatform" value=""/>
         <property name="logFolder" value="C:\\Users\\Administrator\\git\\JANINE_QA\\Reports\\Backoffice\\create_match\\create_match_loop_with_open_match\\match_JCSC\\20181206_082522"/>
         <property name="logFiles" value="C:\\Users\\Administrator\\git\\JANINE_QA\\Reports\\Backoffice\\create_match\\create_match_loop_with_open_match\\match_JCSC\\20181206_082522\\execution0.log"/>
         <property name="attachments" value=""/>
         <property name="hostName" value="Administrator - WIN-A9QUABO2G0M"/>
         <property name="os" value="Windows Server 2016 64bit"/>
         <property name="katalonVersion" value="5.9.1.2"/>
         <property name="browser" value="Chrome 70.0.3538.110"/>
         <property name="hostAddress" value="192.168.111.1"/>
         <property name="sessionId" value="8aa3ef9cc0beb830f84cbb75166a1551"/>
         <property name="seleniumVersion" value="3.7.1"/>
         <property name="proxyInformation" value="ProxyInformation{proxyOption=NO_PROXY, proxyServerType=HTTP, password=, proxyServerAddress=, proxyServerPort=0}"/>
         <property name="platform" value="Windows Server 2016"/>
      </properties>
      <testcase name="Test Cases/Backoffice/create_match/create_match_loop_with_open_match" classname="Test Cases/Backoffice/create_match/create_match_loop_with_open_match" status="FAILED">
         <failure type="FAILED" message="Test Cases/Backoffice/create_match/create_match_loop_with_open_match FAILED.
Reason:
com.kms.katalon.core.exception.StepFailedException: Unable to click on object 'Object Repository/Backoffice/match_mgmt/button_create_match' (Root cause: org.openqa.selenium.WebDriverException: unknown error: Element &lt;button class=&quot;btn btn-success btn-xs btn-circle&quot; data-toggle=&quot;modal&quot; href=&quot;#add-match&quot;>...&lt;/button> is not clickable at point (140, 842). Other element would receive the click: &lt;div class=&quot;modal fade in&quot; id=&quot;add-match&quot; tabindex=&quot;&quot; role=&quot;basic&quot; aria-hidden=&quot;true&quot; style=&quot;display: block; padding-right: 17px;&quot;>...&lt;/div>
  (Session info: chrome=70.0.3538.110)
  (Driver info: chromedriver=2.43.600210 (68dcf5eebde37173d4027fa8635e332711d2874a),platform=Windows NT 10.0.14393 x86_64) (WARNING: The server did not provide any stacktrace information)
Command duration or timeout: 0 milliseconds
Build info: version: '3.7.1', revision: '8a0099a', time: '2017-11-06T21:07:36.161Z'
System info: host: 'WIN-A9QUABO2G0M', ip: '192.168.111.1', os.name: 'Windows Server 2016', os.arch: 'amd64', os.version: '10.0', java.version: '1.8.0_181'
Driver info: com.kms.katalon.selenium.driver.CChromeDriver
Capabilities {acceptInsecureCerts: false, acceptSslCerts: false, applicationCacheEnabled: false, browserConnectionEnabled: false, browserName: chrome, chrome: {chromedriverVersion: 2.43.600210 (68dcf5eebde371..., userDataDir: C:\Users\ADMINI~1\AppData\L...}, cssSelectorsEnabled: true, databaseEnabled: false, goog:chromeOptions: {debuggerAddress: localhost:54405}, handlesAlerts: true, hasTouchScreen: false, javascriptEnabled: true, locationContextEnabled: true, mobileEmulationEnabled: false, nativeEvents: true, networkConnectionEnabled: false, pageLoadStrategy: normal, platform: XP, platformName: XP, rotatable: false, setWindowRect: true, takesHeapSnapshot: true, takesScreenshot: true, unexpectedAlertBehaviour: , unhandledPromptBehavior: , version: 70.0.3538.110, webStorageEnabled: true}
Session ID: 8aa3ef9cc0beb830f84cbb75166a1551)
	at com.kms.katalon.core.keyword.internal.KeywordMain.stepFailed(KeywordMain.groovy:36)
	at com.kms.katalon.core.webui.keyword.internal.WebUIKeywordMain.stepFailed(WebUIKeywordMain.groovy:65)
	at com.kms.katalon.core.webui.keyword.internal.WebUIKeywordMain.runKeyword(WebUIKeywordMain.groovy:27)
	at com.kms.katalon.core.webui.keyword.builtin.ClickKeyword.click(ClickKeyword.groovy:86)
	at com.kms.katalon.core.webui.keyword.builtin.ClickKeyword.execute(ClickKeyword.groovy:67)
	at com.kms.katalon.core.keyword.internal.KeywordExecutor.executeKeywordForPlatform(KeywordExecutor.groovy:53)
	at com.kms.katalon.core.webui.keyword.WebUiBuiltInKeywords.click(WebUiBuiltInKeywords.groovy:616)
	at com.kms.katalon.core.webui.keyword.WebUiBuiltInKeywords$click$4.call(Unknown Source)
	at create_match_loop_with_open_match.run(create_match_loop_with_open_match:87)
	at com.kms.katalon.core.main.ScriptEngine.run(ScriptEngine.java:194)
	at com.kms.katalon.core.main.ScriptEngine.runScriptAsRawText(ScriptEngine.java:119)
	at com.kms.katalon.core.main.TestCaseExecutor.runScript(TestCaseExecutor.java:321)
	at com.kms.katalon.core.main.TestCaseExecutor.doExecute(TestCaseExecutor.java:312)
	at com.kms.katalon.core.main.TestCaseExecutor.processExecutionPhase(TestCaseExecutor.java:291)
	at com.kms.katalon.core.main.TestCaseExecutor.accessMainPhase(TestCaseExecutor.java:283)
	at com.kms.katalon.core.main.TestCaseExecutor.execute(TestCaseExecutor.java:222)
	at com.kms.katalon.core.main.TestSuiteExecutor.accessTestCaseMainPhase(TestSuiteExecutor.java:129)
	at com.kms.katalon.core.main.TestSuiteExecutor.accessTestSuiteMainPhase(TestSuiteExecutor.java:112)
	at com.kms.katalon.core.main.TestSuiteExecutor.execute(TestSuiteExecutor.java:81)
	at com.kms.katalon.core.main.TestCaseMain.startTestSuite(TestCaseMain.java:149)
	at com.kms.katalon.core.main.TestCaseMain$startTestSuite$0.call(Unknown Source)
	at TempTestSuite1544055922438.run(TempTestSuite1544055922438.groovy:36)
"/>
         <system-out><![CDATA[2018-12-06 12:16:36 - [TEST_CASE][FAILED] - Test Cases/Backoffice/create_match/create_match_loop_with_open_match: Test Cases/Backoffice/create_match/create_match_loop_with_open_match FAILED.
Reason:
com.kms.katalon.core.exception.StepFailedException: Unable to click on object 'Object Repository/Backoffice/match_mgmt/button_create_match' (Root cause: org.openqa.selenium.WebDriverException: unknown error: Element <button class="btn btn-success btn-xs btn-circle" data-toggle="modal" href="#add-match">...</button> is not clickable at point (140, 842). Other element would receive the click: <div class="modal fade in" id="add-match" tabindex="" role="basic" aria-hidden="true" style="display: block; padding-right: 17px;">...</div>
  (Session info: chrome=70.0.3538.110)
  (Driver info: chromedriver=2.43.600210 (68dcf5eebde37173d4027fa8635e332711d2874a),platform=Windows NT 10.0.14393 x86_64) (WARNING: The server did not provide any stacktrace information)
Command duration or timeout: 0 milliseconds
Build info: version: '3.7.1', revision: '8a0099a', time: '2017-11-06T21:07:36.161Z'
System info: host: 'WIN-A9QUABO2G0M', ip: '192.168.111.1', os.name: 'Windows Server 2016', os.arch: 'amd64', os.version: '10.0', java.version: '1.8.0_181'
Driver info: com.kms.katalon.selenium.driver.CChromeDriver
Capabilities {acceptInsecureCerts: false, acceptSslCerts: false, applicationCacheEnabled: false, browserConnectionEnabled: false, browserName: chrome, chrome: {chromedriverVersion: 2.43.600210 (68dcf5eebde371..., userDataDir: C:\Users\ADMINI~1\AppData\L...}, cssSelectorsEnabled: true, databaseEnabled: false, goog:chromeOptions: {debuggerAddress: localhost:54405}, handlesAlerts: true, hasTouchScreen: false, javascriptEnabled: true, locationContextEnabled: true, mobileEmulationEnabled: false, nativeEvents: true, networkConnectionEnabled: false, pageLoadStrategy: normal, platform: XP, platformName: XP, rotatable: false, setWindowRect: true, takesHeapSnapshot: true, takesScreenshot: true, unexpectedAlertBehaviour: , unhandledPromptBehavior: , version: 70.0.3538.110, webStorageEnabled: true}
Session ID: 8aa3ef9cc0beb830f84cbb75166a1551)
	at com.kms.katalon.core.keyword.internal.KeywordMain.stepFailed(KeywordMain.groovy:36)
	at com.kms.katalon.core.webui.keyword.internal.WebUIKeywordMain.stepFailed(WebUIKeywordMain.groovy:65)
	at com.kms.katalon.core.webui.keyword.internal.WebUIKeywordMain.runKeyword(WebUIKeywordMain.groovy:27)
	at com.kms.katalon.core.webui.keyword.builtin.ClickKeyword.click(ClickKeyword.groovy:86)
	at com.kms.katalon.core.webui.keyword.builtin.ClickKeyword.execute(ClickKeyword.groovy:67)
	at com.kms.katalon.core.keyword.internal.KeywordExecutor.executeKeywordForPlatform(KeywordExecutor.groovy:53)
	at com.kms.katalon.core.webui.keyword.WebUiBuiltInKeywords.click(WebUiBuiltInKeywords.groovy:616)
	at com.kms.katalon.core.webui.keyword.WebUiBuiltInKeywords$click$4.call(Unknown Source)
	at create_match_loop_with_open_match.run(create_match_loop_with_open_match:87)
	at com.kms.katalon.core.main.ScriptEngine.run(ScriptEngine.java:194)
	at com.kms.katalon.core.main.ScriptEngine.runScriptAsRawText(ScriptEngine.java:119)
	at com.kms.katalon.core.main.TestCaseExecutor.runScript(TestCaseExecutor.java:321)
	at com.kms.katalon.core.main.TestCaseExecutor.doExecute(TestCaseExecutor.java:312)
	at com.kms.katalon.core.main.TestCaseExecutor.processExecutionPhase(TestCaseExecutor.java:291)
	at com.kms.katalon.core.main.TestCaseExecutor.accessMainPhase(TestCaseExecutor.java:283)
	at com.kms.katalon.core.main.TestCaseExecutor.execute(TestCaseExecutor.java:222)
	at com.kms.katalon.core.main.TestSuiteExecutor.accessTestCaseMainPhase(TestSuiteExecutor.java:129)
	at com.kms.katalon.core.main.TestSuiteExecutor.accessTestSuiteMainPhase(TestSuiteExecutor.java:112)
	at com.kms.katalon.core.main.TestSuiteExecutor.execute(TestSuiteExecutor.java:81)
	at com.kms.katalon.core.main.TestCaseMain.startTestSuite(TestCaseMain.java:149)
	at com.kms.katalon.core.main.TestCaseMain$startTestSuite$0.call(Unknown Source)
	at TempTestSuite1544055922438.run(TempTestSuite1544055922438.groovy:36)


2018-12-06 12:16:37 - [TEST_STEP][PASSED] - mj.loginBackoffice.login(): mj.loginBackoffice.login is PASSED

2018-12-06 12:16:37 - [MESSAGE][INFO] - Starting 'Chrome' driver

2018-12-06 12:16:37 - [MESSAGE][INFO] - Action delay is set to 0 seconds

2018-12-06 12:16:41 - [MESSAGE][PASSED] - Browser is opened with url: ''

2018-12-06 12:16:42 - [MESSAGE][PASSED] - Current window maximized

2018-12-06 12:16:43 - [MESSAGE][PASSED] - Navigate to 'http://dev-admin.ucf88.com/login' successfully

2018-12-06 12:16:43 - [MESSAGE][PASSED] - Text 'janine' is set on object 'Object Repository/Backoffice/login_page/input_username'

2018-12-06 12:16:43 - [MESSAGE][PASSED] - Text ****** has been set on object 'Object Repository/Backoffice/login_page/input_password'

2018-12-06 12:16:45 - [MESSAGE][PASSED] - Object: 'Object Repository/Backoffice/login_page/button_login' is clicked on

2018-12-06 12:16:45 - [MESSAGE][PASSED] - mj.loginBackoffice.login is PASSED

2018-12-06 12:16:45 - [TEST_STEP][PASSED] - mouseOver(findTestObject("Backoffice/headers/span_betting")): Object: 'Object Repository/Backoffice/headers/span_betting' is hovered

2018-12-06 12:16:46 - [MESSAGE][PASSED] - Object: 'Object Repository/Backoffice/headers/span_betting' is hovered

2018-12-06 12:16:46 - [TEST_STEP][PASSED] - delay(1): Delayed 1 second(s)

2018-12-06 12:16:47 - [MESSAGE][PASSED] - Delayed 1 second(s)

2018-12-06 12:16:47 - [TEST_STEP][PASSED] - waitForElementVisible(findTestObject("Backoffice/headers/span_match"), 2): Object 'Object Repository/Backoffice/headers/span_match' is visible

2018-12-06 12:16:47 - [MESSAGE][PASSED] - Object 'Object Repository/Backoffice/headers/span_match' is visible

2018-12-06 12:16:47 - [TEST_STEP][PASSED] - click(findTestObject("Backoffice/headers/span_match")): Object: 'Object Repository/Backoffice/headers/span_match' is clicked on

2018-12-06 12:16:54 - [MESSAGE][PASSED] - Object: 'Object Repository/Backoffice/headers/span_match' is clicked on

2018-12-06 12:16:54 - [TEST_STEP][PASSED] - delay(1): Delayed 1 second(s)

2018-12-06 12:16:55 - [MESSAGE][PASSED] - Delayed 1 second(s)

2018-12-06 12:16:55 - [TEST_STEP][PASSED] - verifyElementPresent(findTestObject("Backoffice/match_mgmt/button_create_match"), 2): Object 'Object Repository/Backoffice/match_mgmt/button_create_match' is present

2018-12-06 12:16:55 - [MESSAGE][PASSED] - Object 'Object Repository/Backoffice/match_mgmt/button_create_match' is present

2018-12-06 12:16:55 - [TEST_STEP][PASSED] - click(findTestObject("Backoffice/match_mgmt/button_create_match")): Object: 'Object Repository/Backoffice/match_mgmt/button_create_match' is clicked on

2018-12-06 12:16:56 - [MESSAGE][PASSED] - Object: 'Object Repository/Backoffice/match_mgmt/button_create_match' is clicked on

2018-12-06 12:16:56 - [TEST_STEP][PASSED] - delay(1): Delayed 1 second(s)

2018-12-06 12:16:57 - [MESSAGE][PASSED] - Delayed 1 second(s)

2018-12-06 12:16:57 - [TEST_STEP][PASSED] - click(findTestObject("Backoffice/match_mgmt/span_select_arena_name")): Object: 'Object Repository/Backoffice/match_mgmt/span_select_arena_name' is clicked on

2018-12-06 12:16:57 - [MESSAGE][PASSED] - Object: 'Object Repository/Backoffice/match_mgmt/span_select_arena_name' is clicked on

2018-12-06 12:16:57 - [TEST_STEP][PASSED] - setText(findTestObject("Backoffice/match_mgmt/input__select2-search__arena_name"), Arena_Acronym): Text 'JC CLAY SPORTS COMPLEX - JCSC' is set on object 'Object Repository/Backoffice/match_mgmt/input__select2-search__arena_name'

2018-12-06 12:16:59 - [MESSAGE][PASSED] - Text 'JC CLAY SPORTS COMPLEX - JCSC' is set on object 'Object Repository/Backoffice/match_mgmt/input__select2-search__arena_name'

2018-12-06 12:16:59 - [TEST_STEP][PASSED] - sendKeys(findTestObject("Backoffice/match_mgmt/input__select2-search__arena_name"), Keys.chord(ENTER)): Keys 'ENTER + ' sent to object: 'Object Repository/Backoffice/match_mgmt/input__select2-search__arena_name'

2018-12-06 12:16:59 - [MESSAGE][PASSED] - Keys 'ENTER + ' sent to object: 'Object Repository/Backoffice/match_mgmt/input__select2-search__arena_name'

2018-12-06 12:16:59 - [TEST_STEP][PASSED] - setText(findTestObject("Backoffice/match_mgmt/meron_details/input_meron_name"), Meron_Name): Text 'AA' is set on object 'Object Repository/Backoffice/match_mgmt/meron_details/input_meron_name'

2018-12-06 12:17:00 - [MESSAGE][PASSED] - Text 'AA' is set on object 'Object Repository/Backoffice/match_mgmt/meron_details/input_meron_name'

2018-12-06 12:17:00 - [TEST_STEP][PASSED] - setText(findTestObject("Backoffice/match_mgmt/meron_details/input_meron_farm"), Meron_Farm): Text 'Farm 1' is set on object 'Object Repository/Backoffice/match_mgmt/meron_details/input_meron_farm'

2018-12-06 12:17:00 - [MESSAGE][PASSED] - Text 'Farm 1' is set on object 'Object Repository/Backoffice/match_mgmt/meron_details/input_meron_farm'

2018-12-06 12:17:00 - [TEST_STEP][PASSED] - setText(findTestObject("Backoffice/match_mgmt/meron_details/input_meron_breed"), Meron_Breed): Text 'Breed 1' is set on object 'Object Repository/Backoffice/match_mgmt/meron_details/input_meron_breed'

2018-12-06 12:17:01 - [MESSAGE][PASSED] - Text 'Breed 1' is set on object 'Object Repository/Backoffice/match_mgmt/meron_details/input_meron_breed'

2018-12-06 12:17:01 - [TEST_STEP][PASSED] - setText(findTestObject("Backoffice/match_mgmt/meron_details/input_meron_weight"), Meron_Weight): Text 'Weight 1' is set on object 'Object Repository/Backoffice/match_mgmt/meron_details/input_meron_weight'

2018-12-06 12:17:01 - [MESSAGE][PASSED] - Text 'Weight 1' is set on object 'Object Repository/Backoffice/match_mgmt/meron_details/input_meron_weight'

2018-12-06 12:17:01 - [TEST_STEP][PASSED] - setText(findTestObject("Backoffice/match_mgmt/wala_details/input_wala_name"), Wala_Name): Text 'BB' is set on object 'Object Repository/Backoffice/match_mgmt/wala_details/input_wala_name'

2018-12-06 12:17:01 - [MESSAGE][PASSED] - Text 'BB' is set on object 'Object Repository/Backoffice/match_mgmt/wala_details/input_wala_name'

2018-12-06 12:17:01 - [TEST_STEP][PASSED] - setText(findTestObject("Backoffice/match_mgmt/wala_details/input_wala_farm"), Wala_Farm): Text 'Farm 2' is set on object 'Object Repository/Backoffice/match_mgmt/wala_details/input_wala_farm'

2018-12-06 12:17:02 - [MESSAGE][PASSED] - Text 'Farm 2' is set on object 'Object Repository/Backoffice/match_mgmt/wala_details/input_wala_farm'

2018-12-06 12:17:02 - [TEST_STEP][PASSED] - setText(findTestObject("Backoffice/match_mgmt/wala_details/input_wala_breed"), Wala_Breed): Text 'Breed 2' is set on object 'Object Repository/Backoffice/match_mgmt/wala_details/input_wala_breed'

2018-12-06 12:17:02 - [MESSAGE][PASSED] - Text 'Breed 2' is set on object 'Object Repository/Backoffice/match_mgmt/wala_details/input_wala_breed'

2018-12-06 12:17:02 - [TEST_STEP][PASSED] - setText(findTestObject("Backoffice/match_mgmt/wala_details/input_wala_weight"), Wala_Weight): Text 'Weight 2' is set on object 'Object Repository/Backoffice/match_mgmt/wala_details/input_wala_weight'

2018-12-06 12:17:03 - [MESSAGE][PASSED] - Text 'Weight 2' is set on object 'Object Repository/Backoffice/match_mgmt/wala_details/input_wala_weight'

2018-12-06 12:17:03 - [TEST_STEP][PASSED] - click(findTestObject("Backoffice/match_mgmt/input_submit_match")): Object: 'Object Repository/Backoffice/match_mgmt/input_submit_match' is clicked on

2018-12-06 12:17:07 - [MESSAGE][PASSED] - Object: 'Object Repository/Backoffice/match_mgmt/input_submit_match' is clicked on

2018-12-06 12:17:07 - [TEST_STEP][PASSED] - click(findTestObject("Backoffice/match_mgmt/span_link_match")): Object: 'Object Repository/Backoffice/match_mgmt/span_link_match' is clicked on

2018-12-06 12:17:08 - [MESSAGE][PASSED] - Object: 'Object Repository/Backoffice/match_mgmt/span_link_match' is clicked on

2018-12-06 12:17:08 - [TEST_STEP][PASSED] - switchToWindowIndex(1): Switched to window with index: '1'

2018-12-06 12:17:08 - [MESSAGE][PASSED] - Switched to window with index: '1'

2018-12-06 12:17:08 - [TEST_STEP][PASSED] - delay(1): Delayed 1 second(s)

2018-12-06 12:17:09 - [MESSAGE][PASSED] - Delayed 1 second(s)

2018-12-06 12:17:09 - [TEST_STEP][PASSED] - click(findTestObject("Backoffice/match_mgmt/open_match/button_open_match")): Object: 'Object Repository/Backoffice/match_mgmt/open_match/button_open_match' is clicked on

2018-12-06 12:17:11 - [MESSAGE][PASSED] - Object: 'Object Repository/Backoffice/match_mgmt/open_match/button_open_match' is clicked on

2018-12-06 12:17:11 - [TEST_STEP][PASSED] - delay(1): Delayed 1 second(s)

2018-12-06 12:17:12 - [MESSAGE][PASSED] - Delayed 1 second(s)

2018-12-06 12:17:12 - [TEST_STEP][PASSED] - waitForElementVisible(findTestObject("Backoffice/match_mgmt/settlement/button_finished_yes_i_agree"), 1): Object 'Object Repository/Backoffice/match_mgmt/settlement/button_finished_yes_i_agree' is visible

2018-12-06 12:17:12 - [MESSAGE][PASSED] - Object 'Object Repository/Backoffice/match_mgmt/settlement/button_finished_yes_i_agree' is visible

2018-12-06 12:17:12 - [TEST_STEP][PASSED] - delay(1): Delayed 1 second(s)

2018-12-06 12:17:13 - [MESSAGE][PASSED] - Delayed 1 second(s)

2018-12-06 12:17:13 - [TEST_STEP][PASSED] - click(findTestObject("Backoffice/match_mgmt/settlement/button_finished_yes_i_agree")): Object: 'Object Repository/Backoffice/match_mgmt/settlement/button_finished_yes_i_agree' is clicked on

2018-12-06 12:17:13 - [MESSAGE][PASSED] - Object: 'Object Repository/Backoffice/match_mgmt/settlement/button_finished_yes_i_agree' is clicked on

2018-12-06 12:17:13 - [TEST_STEP][PASSED] - delay(2): Delayed 2 second(s)

2018-12-06 12:17:15 - [MESSAGE][PASSED] - Delayed 2 second(s)

2018-12-06 12:17:15 - [TEST_STEP][PASSED] - closeWindowIndex(1): Window with index 1 is closed

2018-12-06 12:17:15 - [MESSAGE][PASSED] - Window with index 1 is closed

2018-12-06 12:17:15 - [TEST_STEP][PASSED] - switchToWindowIndex(0): Switched to window with index: '0'

2018-12-06 12:17:15 - [MESSAGE][PASSED] - Switched to window with index: '0'

2018-12-06 12:17:15 - [TEST_STEP][PASSED] - verifyElementPresent(findTestObject("Backoffice/match_mgmt/button_create_match"), 2): Object 'Object Repository/Backoffice/match_mgmt/button_create_match' is present

2018-12-06 12:17:15 - [MESSAGE][PASSED] - Object 'Object Repository/Backoffice/match_mgmt/button_create_match' is present

2018-12-06 12:17:15 - [TEST_STEP][PASSED] - delay(1): Delayed 1 second(s)

2018-12-06 12:17:16 - [MESSAGE][PASSED] - Delayed 1 second(s)

2018-12-06 12:17:16 - [TEST_STEP][FAILED] - for ([loop = 1, loop <= 159, (loop++)]): for ([loop = 1, loop <= 159, (loop++)]) FAILED.
Reason:
com.kms.katalon.core.exception.StepFailedException: Unable to click on object 'Object Repository/Backoffice/match_mgmt/button_create_match' (Root cause: org.openqa.selenium.WebDriverException: unknown error: Element <button class="btn btn-success btn-xs btn-circle" data-toggle="modal" href="#add-match">...</button> is not clickable at point (140, 842). Other element would receive the click: <div class="modal fade in" id="add-match" tabindex="" role="basic" aria-hidden="true" style="display: block; padding-right: 17px;">...</div>
  (Session info: chrome=70.0.3538.110)
  (Driver info: chromedriver=2.43.600210 (68dcf5eebde37173d4027fa8635e332711d2874a),platform=Windows NT 10.0.14393 x86_64) (WARNING: The server did not provide any stacktrace information)
Command duration or timeout: 0 milliseconds
Build info: version: '3.7.1', revision: '8a0099a', time: '2017-11-06T21:07:36.161Z'
System info: host: 'WIN-A9QUABO2G0M', ip: '192.168.111.1', os.name: 'Windows Server 2016', os.arch: 'amd64', os.version: '10.0', java.version: '1.8.0_181'
Driver info: com.kms.katalon.selenium.driver.CChromeDriver
Capabilities {acceptInsecureCerts: false, acceptSslCerts: false, applicationCacheEnabled: false, browserConnectionEnabled: false, browserName: chrome, chrome: {chromedriverVersion: 2.43.600210 (68dcf5eebde371..., userDataDir: C:\Users\ADMINI~1\AppData\L...}, cssSelectorsEnabled: true, databaseEnabled: false, goog:chromeOptions: {debuggerAddress: localhost:54405}, handlesAlerts: true, hasTouchScreen: false, javascriptEnabled: true, locationContextEnabled: true, mobileEmulationEnabled: false, nativeEvents: true, networkConnectionEnabled: false, pageLoadStrategy: normal, platform: XP, platformName: XP, rotatable: false, setWindowRect: true, takesHeapSnapshot: true, takesScreenshot: true, unexpectedAlertBehaviour: , unhandledPromptBehavior: , version: 70.0.3538.110, webStorageEnabled: true}
Session ID: 8aa3ef9cc0beb830f84cbb75166a1551)
	at com.kms.katalon.core.keyword.internal.KeywordMain.stepFailed(KeywordMain.groovy:36)
	at com.kms.katalon.core.webui.keyword.internal.WebUIKeywordMain.stepFailed(WebUIKeywordMain.groovy:65)
	at com.kms.katalon.core.webui.keyword.internal.WebUIKeywordMain.runKeyword(WebUIKeywordMain.groovy:27)
	at com.kms.katalon.core.webui.keyword.builtin.ClickKeyword.click(ClickKeyword.groovy:86)
	at com.kms.katalon.core.webui.keyword.builtin.ClickKeyword.execute(ClickKeyword.groovy:67)
	at com.kms.katalon.core.keyword.internal.KeywordExecutor.executeKeywordForPlatform(KeywordExecutor.groovy:53)
	at com.kms.katalon.core.webui.keyword.WebUiBuiltInKeywords.click(WebUiBuiltInKeywords.groovy:616)
	at com.kms.katalon.core.webui.keyword.WebUiBuiltInKeywords$click$4.call(Unknown Source)
	at create_match_loop_with_open_match.run(create_match_loop_with_open_match:87)
	at com.kms.katalon.core.main.ScriptEngine.run(ScriptEngine.java:194)
	at com.kms.katalon.core.main.ScriptEngine.runScriptAsRawText(ScriptEngine.java:119)
	at com.kms.katalon.core.main.TestCaseExecutor.runScript(TestCaseExecutor.java:321)
	at com.kms.katalon.core.main.TestCaseExecutor.doExecute(TestCaseExecutor.java:312)
	at com.kms.katalon.core.main.TestCaseExecutor.processExecutionPhase(TestCaseExecutor.java:291)
	at com.kms.katalon.core.main.TestCaseExecutor.accessMainPhase(TestCaseExecutor.java:283)
	at com.kms.katalon.core.main.TestCaseExecutor.execute(TestCaseExecutor.java:222)
	at com.kms.katalon.core.main.TestSuiteExecutor.accessTestCaseMainPhase(TestSuiteExecutor.java:129)
	at com.kms.katalon.core.main.TestSuiteExecutor.accessTestSuiteMainPhase(TestSuiteExecutor.java:112)
	at com.kms.katalon.core.main.TestSuiteExecutor.execute(TestSuiteExecutor.java:81)
	at com.kms.katalon.core.main.TestCaseMain.startTestSuite(TestCaseMain.java:149)
	at com.kms.katalon.core.main.TestCaseMain$startTestSuite$0.call(Unknown Source)
	at TempTestSuite1544055922438.run(TempTestSuite1544055922438.groovy:36)


2018-12-06 12:17:16 - [TEST_STEP][PASSED] - click(findTestObject("Backoffice/match_mgmt/button_create_match")): Object: 'Object Repository/Backoffice/match_mgmt/button_create_match' is clicked on

2018-12-06 12:17:16 - [MESSAGE][PASSED] - Object: 'Object Repository/Backoffice/match_mgmt/button_create_match' is clicked on

2018-12-06 12:17:16 - [TEST_STEP][PASSED] - delay(1): Delayed 1 second(s)

2018-12-06 12:17:17 - [MESSAGE][PASSED] - Delayed 1 second(s)

2018-12-06 12:17:17 - [TEST_STEP][PASSED] - click(findTestObject("Backoffice/match_mgmt/span_select_arena_name")): Object: 'Object Repository/Backoffice/match_mgmt/span_select_arena_name' is clicked on

2018-12-06 12:17:18 - [MESSAGE][PASSED] - Object: 'Object Repository/Backoffice/match_mgmt/span_select_arena_name' is clicked on

2018-12-06 12:17:18 - [TEST_STEP][PASSED] - setText(findTestObject("Backoffice/match_mgmt/input__select2-search__arena_name"), Arena_Acronym): Text 'JC CLAY SPORTS COMPLEX - JCSC' is set on object 'Object Repository/Backoffice/match_mgmt/input__select2-search__arena_name'

2018-12-06 12:17:20 - [MESSAGE][PASSED] - Text 'JC CLAY SPORTS COMPLEX - JCSC' is set on object 'Object Repository/Backoffice/match_mgmt/input__select2-search__arena_name'

2018-12-06 12:17:20 - [TEST_STEP][PASSED] - sendKeys(findTestObject("Backoffice/match_mgmt/input__select2-search__arena_name"), Keys.chord(ENTER)): Keys 'ENTER + ' sent to object: 'Object Repository/Backoffice/match_mgmt/input__select2-search__arena_name'

2018-12-06 12:17:20 - [MESSAGE][PASSED] - Keys 'ENTER + ' sent to object: 'Object Repository/Backoffice/match_mgmt/input__select2-search__arena_name'

2018-12-06 12:17:20 - [TEST_STEP][PASSED] - setText(findTestObject("Backoffice/match_mgmt/meron_details/input_meron_name"), Meron_Name): Text 'AA' is set on object 'Object Repository/Backoffice/match_mgmt/meron_details/input_meron_name'

2018-12-06 12:17:21 - [MESSAGE][PASSED] - Text 'AA' is set on object 'Object Repository/Backoffice/match_mgmt/meron_details/input_meron_name'

2018-12-06 12:17:21 - [TEST_STEP][PASSED] - setText(findTestObject("Backoffice/match_mgmt/meron_details/input_meron_farm"), Meron_Farm): Text 'Farm 1' is set on object 'Object Repository/Backoffice/match_mgmt/meron_details/input_meron_farm'

2018-12-06 12:17:21 - [MESSAGE][PASSED] - Text 'Farm 1' is set on object 'Object Repository/Backoffice/match_mgmt/meron_details/input_meron_farm'

2018-12-06 12:17:21 - [TEST_STEP][PASSED] - setText(findTestObject("Backoffice/match_mgmt/meron_details/input_meron_breed"), Meron_Breed): Text 'Breed 1' is set on object 'Object Repository/Backoffice/match_mgmt/meron_details/input_meron_breed'

2018-12-06 12:17:21 - [MESSAGE][PASSED] - Text 'Breed 1' is set on object 'Object Repository/Backoffice/match_mgmt/meron_details/input_meron_breed'

2018-12-06 12:17:21 - [TEST_STEP][PASSED] - setText(findTestObject("Backoffice/match_mgmt/meron_details/input_meron_weight"), Meron_Weight): Text 'Weight 1' is set on object 'Object Repository/Backoffice/match_mgmt/meron_details/input_meron_weight'

2018-12-06 12:17:22 - [MESSAGE][PASSED] - Text 'Weight 1' is set on object 'Object Repository/Backoffice/match_mgmt/meron_details/input_meron_weight'

2018-12-06 12:17:22 - [TEST_STEP][PASSED] - setText(findTestObject("Backoffice/match_mgmt/wala_details/input_wala_name"), Wala_Name): Text 'BB' is set on object 'Object Repository/Backoffice/match_mgmt/wala_details/input_wala_name'

2018-12-06 12:17:22 - [MESSAGE][PASSED] - Text 'BB' is set on object 'Object Repository/Backoffice/match_mgmt/wala_details/input_wala_name'

2018-12-06 12:17:22 - [TEST_STEP][PASSED] - setText(findTestObject("Backoffice/match_mgmt/wala_details/input_wala_farm"), Wala_Farm): Text 'Farm 2' is set on object 'Object Repository/Backoffice/match_mgmt/wala_details/input_wala_farm'

2018-12-06 12:17:23 - [MESSAGE][PASSED] - Text 'Farm 2' is set on object 'Object Repository/Backoffice/match_mgmt/wala_details/input_wala_farm'

2018-12-06 12:17:23 - [TEST_STEP][PASSED] - setText(findTestObject("Backoffice/match_mgmt/wala_details/input_wala_breed"), Wala_Breed): Text 'Breed 2' is set on object 'Object Repository/Backoffice/match_mgmt/wala_details/input_wala_breed'

2018-12-06 12:17:23 - [MESSAGE][PASSED] - Text 'Breed 2' is set on object 'Object Repository/Backoffice/match_mgmt/wala_details/input_wala_breed'

2018-12-06 12:17:23 - [TEST_STEP][PASSED] - setText(findTestObject("Backoffice/match_mgmt/wala_details/input_wala_weight"), Wala_Weight): Text 'Weight 2' is set on object 'Object Repository/Backoffice/match_mgmt/wala_details/input_wala_weight'

2018-12-06 12:17:23 - [MESSAGE][PASSED] - Text 'Weight 2' is set on object 'Object Repository/Backoffice/match_mgmt/wala_details/input_wala_weight'

2018-12-06 12:17:23 - [TEST_STEP][PASSED] - click(findTestObject("Backoffice/match_mgmt/input_submit_match")): Object: 'Object Repository/Backoffice/match_mgmt/input_submit_match' is clicked on

2018-12-06 12:17:28 - [MESSAGE][PASSED] - Object: 'Object Repository/Backoffice/match_mgmt/input_submit_match' is clicked on

2018-12-06 12:17:28 - [TEST_STEP][PASSED] - delay(1): Delayed 1 second(s)

2018-12-06 12:17:29 - [MESSAGE][PASSED] - Delayed 1 second(s)

2018-12-06 12:17:29 - [TEST_STEP][PASSED] - click(findTestObject("Backoffice/match_mgmt/button_create_match")): Object: 'Object Repository/Backoffice/match_mgmt/button_create_match' is clicked on

2018-12-06 12:17:30 - [MESSAGE][PASSED] - Object: 'Object Repository/Backoffice/match_mgmt/button_create_match' is clicked on

2018-12-06 12:17:30 - [TEST_STEP][PASSED] - delay(1): Delayed 1 second(s)

2018-12-06 12:17:31 - [MESSAGE][PASSED] - Delayed 1 second(s)

2018-12-06 12:17:31 - [TEST_STEP][PASSED] - click(findTestObject("Backoffice/match_mgmt/span_select_arena_name")): Object: 'Object Repository/Backoffice/match_mgmt/span_select_arena_name' is clicked on

2018-12-06 12:17:31 - [MESSAGE][PASSED] - Object: 'Object Repository/Backoffice/match_mgmt/span_select_arena_name' is clicked on

2018-12-06 12:17:31 - [TEST_STEP][PASSED] - setText(findTestObject("Backoffice/match_mgmt/input__select2-search__arena_name"), Arena_Acronym): Text 'JC CLAY SPORTS COMPLEX - JCSC' is set on object 'Object Repository/Backoffice/match_mgmt/input__select2-search__arena_name'

2018-12-06 12:17:33 - [MESSAGE][PASSED] - Text 'JC CLAY SPORTS COMPLEX - JCSC' is set on object 'Object Repository/Backoffice/match_mgmt/input__select2-search__arena_name'

2018-12-06 12:17:33 - [TEST_STEP][PASSED] - sendKeys(findTestObject("Backoffice/match_mgmt/input__select2-search__arena_name"), Keys.chord(ENTER)): Keys 'ENTER + ' sent to object: 'Object Repository/Backoffice/match_mgmt/input__select2-search__arena_name'

2018-12-06 12:17:33 - [MESSAGE][PASSED] - Keys 'ENTER + ' sent to object: 'Object Repository/Backoffice/match_mgmt/input__select2-search__arena_name'

2018-12-06 12:17:33 - [TEST_STEP][PASSED] - setText(findTestObject("Backoffice/match_mgmt/meron_details/input_meron_name"), Meron_Name): Text 'AA' is set on object 'Object Repository/Backoffice/match_mgmt/meron_details/input_meron_name'

2018-12-06 12:17:34 - [MESSAGE][PASSED] - Text 'AA' is set on object 'Object Repository/Backoffice/match_mgmt/meron_details/input_meron_name'

2018-12-06 12:17:34 - [TEST_STEP][PASSED] - setText(findTestObject("Backoffice/match_mgmt/meron_details/input_meron_farm"), Meron_Farm): Text 'Farm 1' is set on object 'Object Repository/Backoffice/match_mgmt/meron_details/input_meron_farm'

2018-12-06 12:17:34 - [MESSAGE][PASSED] - Text 'Farm 1' is set on object 'Object Repository/Backoffice/match_mgmt/meron_details/input_meron_farm'

2018-12-06 12:17:34 - [TEST_STEP][PASSED] - setText(findTestObject("Backoffice/match_mgmt/meron_details/input_meron_breed"), Meron_Breed): Text 'Breed 1' is set on object 'Object Repository/Backoffice/match_mgmt/meron_details/input_meron_breed'

2018-12-06 12:17:35 - [MESSAGE][PASSED] - Text 'Breed 1' is set on object 'Object Repository/Backoffice/match_mgmt/meron_details/input_meron_breed'

2018-12-06 12:17:35 - [TEST_STEP][PASSED] - setText(findTestObject("Backoffice/match_mgmt/meron_details/input_meron_weight"), Meron_Weight): Text 'Weight 1' is set on object 'Object Repository/Backoffice/match_mgmt/meron_details/input_meron_weight'

2018-12-06 12:17:35 - [MESSAGE][PASSED] - Text 'Weight 1' is set on object 'Object Repository/Backoffice/match_mgmt/meron_details/input_meron_weight'

2018-12-06 12:17:35 - [TEST_STEP][PASSED] - setText(findTestObject("Backoffice/match_mgmt/wala_details/input_wala_name"), Wala_Name): Text 'BB' is set on object 'Object Repository/Backoffice/match_mgmt/wala_details/input_wala_name'

2018-12-06 12:17:35 - [MESSAGE][PASSED] - Text 'BB' is set on object 'Object Repository/Backoffice/match_mgmt/wala_details/input_wala_name'

2018-12-06 12:17:35 - [TEST_STEP][PASSED] - setText(findTestObject("Backoffice/match_mgmt/wala_details/input_wala_farm"), Wala_Farm): Text 'Farm 2' is set on object 'Object Repository/Backoffice/match_mgmt/wala_details/input_wala_farm'

2018-12-06 12:17:36 - [MESSAGE][PASSED] - Text 'Farm 2' is set on object 'Object Repository/Backoffice/match_mgmt/wala_details/input_wala_farm'

2018-12-06 12:17:36 - [TEST_STEP][PASSED] - setText(findTestObject("Backoffice/match_mgmt/wala_details/input_wala_breed"), Wala_Breed): Text 'Breed 2' is set on object 'Object Repository/Backoffice/match_mgmt/wala_details/input_wala_breed'

2018-12-06 12:17:36 - [MESSAGE][PASSED] - Text 'Breed 2' is set on object 'Object Repository/Backoffice/match_mgmt/wala_details/input_wala_breed'

2018-12-06 12:17:36 - [TEST_STEP][PASSED] - setText(findTestObject("Backoffice/match_mgmt/wala_details/input_wala_weight"), Wala_Weight): Text 'Weight 2' is set on object 'Object Repository/Backoffice/match_mgmt/wala_details/input_wala_weight'

2018-12-06 12:17:37 - [MESSAGE][PASSED] - Text 'Weight 2' is set on object 'Object Repository/Backoffice/match_mgmt/wala_details/input_wala_weight'

2018-12-06 12:17:37 - [TEST_STEP][PASSED] - click(findTestObject("Backoffice/match_mgmt/input_submit_match")): Object: 'Object Repository/Backoffice/match_mgmt/input_submit_match' is clicked on

2018-12-06 12:17:41 - [MESSAGE][PASSED] - Object: 'Object Repository/Backoffice/match_mgmt/input_submit_match' is clicked on

2018-12-06 12:17:41 - [TEST_STEP][PASSED] - delay(1): Delayed 1 second(s)

2018-12-06 12:17:42 - [MESSAGE][PASSED] - Delayed 1 second(s)

2018-12-06 12:17:42 - [TEST_STEP][PASSED] - click(findTestObject("Backoffice/match_mgmt/button_create_match")): Object: 'Object Repository/Backoffice/match_mgmt/button_create_match' is clicked on

2018-12-06 12:17:42 - [MESSAGE][PASSED] - Object: 'Object Repository/Backoffice/match_mgmt/button_create_match' is clicked on

2018-12-06 12:17:42 - [TEST_STEP][PASSED] - delay(1): Delayed 1 second(s)

2018-12-06 12:17:43 - [MESSAGE][PASSED] - Delayed 1 second(s)

2018-12-06 12:17:43 - [TEST_STEP][PASSED] - click(findTestObject("Backoffice/match_mgmt/span_select_arena_name")): Object: 'Object Repository/Backoffice/match_mgmt/span_select_arena_name' is clicked on

2018-12-06 12:17:44 - [MESSAGE][PASSED] - Object: 'Object Repository/Backoffice/match_mgmt/span_select_arena_name' is clicked on

2018-12-06 12:17:44 - [TEST_STEP][PASSED] - setText(findTestObject("Backoffice/match_mgmt/input__select2-search__arena_name"), Arena_Acronym): Text 'JC CLAY SPORTS COMPLEX - JCSC' is set on object 'Object Repository/Backoffice/match_mgmt/input__select2-search__arena_name'

2018-12-06 12:17:46 - [MESSAGE][PASSED] - Text 'JC CLAY SPORTS COMPLEX - JCSC' is set on object 'Object Repository/Backoffice/match_mgmt/input__select2-search__arena_name'

2018-12-06 12:17:46 - [TEST_STEP][PASSED] - sendKeys(findTestObject("Backoffice/match_mgmt/input__select2-search__arena_name"), Keys.chord(ENTER)): Keys 'ENTER + ' sent to object: 'Object Repository/Backoffice/match_mgmt/input__select2-search__arena_name'

2018-12-06 12:17:46 - [MESSAGE][PASSED] - Keys 'ENTER + ' sent to object: 'Object Repository/Backoffice/match_mgmt/input__select2-search__arena_name'

2018-12-06 12:17:46 - [TEST_STEP][PASSED] - setText(findTestObject("Backoffice/match_mgmt/meron_details/input_meron_name"), Meron_Name): Text 'AA' is set on object 'Object Repository/Backoffice/match_mgmt/meron_details/input_meron_name'

2018-12-06 12:17:46 - [MESSAGE][PASSED] - Text 'AA' is set on object 'Object Repository/Backoffice/match_mgmt/meron_details/input_meron_name'

2018-12-06 12:17:46 - [TEST_STEP][PASSED] - setText(findTestObject("Backoffice/match_mgmt/meron_details/input_meron_farm"), Meron_Farm): Text 'Farm 1' is set on object 'Object Repository/Backoffice/match_mgmt/meron_details/input_meron_farm'

2018-12-06 12:17:47 - [MESSAGE][PASSED] - Text 'Farm 1' is set on object 'Object Repository/Backoffice/match_mgmt/meron_details/input_meron_farm'

2018-12-06 12:17:47 - [TEST_STEP][PASSED] - setText(findTestObject("Backoffice/match_mgmt/meron_details/input_meron_breed"), Meron_Breed): Text 'Breed 1' is set on object 'Object Repository/Backoffice/match_mgmt/meron_details/input_meron_breed'

2018-12-06 12:17:47 - [MESSAGE][PASSED] - Text 'Breed 1' is set on object 'Object Repository/Backoffice/match_mgmt/meron_details/input_meron_breed'

2018-12-06 12:17:47 - [TEST_STEP][PASSED] - setText(findTestObject("Backoffice/match_mgmt/meron_details/input_meron_weight"), Meron_Weight): Text 'Weight 1' is set on object 'Object Repository/Backoffice/match_mgmt/meron_details/input_meron_weight'

2018-12-06 12:17:48 - [MESSAGE][PASSED] - Text 'Weight 1' is set on object 'Object Repository/Backoffice/match_mgmt/meron_details/input_meron_weight'

2018-12-06 12:17:48 - [TEST_STEP][PASSED] - setText(findTestObject("Backoffice/match_mgmt/wala_details/input_wala_name"), Wala_Name): Text 'BB' is set on object 'Object Repository/Backoffice/match_mgmt/wala_details/input_wala_name'

2018-12-06 12:17:48 - [MESSAGE][PASSED] - Text 'BB' is set on object 'Object Repository/Backoffice/match_mgmt/wala_details/input_wala_name'

2018-12-06 12:17:48 - [TEST_STEP][PASSED] - setText(findTestObject("Backoffice/match_mgmt/wala_details/input_wala_farm"), Wala_Farm): Text 'Farm 2' is set on object 'Object Repository/Backoffice/match_mgmt/wala_details/input_wala_farm'

2018-12-06 12:17:48 - [MESSAGE][PASSED] - Text 'Farm 2' is set on object 'Object Repository/Backoffice/match_mgmt/wala_details/input_wala_farm'

2018-12-06 12:17:48 - [TEST_STEP][PASSED] - setText(findTestObject("Backoffice/match_mgmt/wala_details/input_wala_breed"), Wala_Breed): Text 'Breed 2' is set on object 'Object Repository/Backoffice/match_mgmt/wala_details/input_wala_breed'

2018-12-06 12:17:49 - [MESSAGE][PASSED] - Text 'Breed 2' is set on object 'Object Repository/Backoffice/match_mgmt/wala_details/input_wala_breed'

2018-12-06 12:17:49 - [TEST_STEP][PASSED] - setText(findTestObject("Backoffice/match_mgmt/wala_details/input_wala_weight"), Wala_Weight): Text 'Weight 2' is set on object 'Object Repository/Backoffice/match_mgmt/wala_details/input_wala_weight'

2018-12-06 12:17:49 - [MESSAGE][PASSED] - Text 'Weight 2' is set on object 'Object Repository/Backoffice/match_mgmt/wala_details/input_wala_weight'

2018-12-06 12:17:49 - [TEST_STEP][PASSED] - click(findTestObject("Backoffice/match_mgmt/input_submit_match")): Object: 'Object Repository/Backoffice/match_mgmt/input_submit_match' is clicked on

2018-12-06 12:17:54 - [MESSAGE][PASSED] - Object: 'Object Repository/Backoffice/match_mgmt/input_submit_match' is clicked on

2018-12-06 12:17:54 - [TEST_STEP][PASSED] - delay(1): Delayed 1 second(s)

2018-12-06 12:17:55 - [MESSAGE][PASSED] - Delayed 1 second(s)

2018-12-06 12:17:55 - [TEST_STEP][PASSED] - click(findTestObject("Backoffice/match_mgmt/button_create_match")): Object: 'Object Repository/Backoffice/match_mgmt/button_create_match' is clicked on

2018-12-06 12:17:55 - [MESSAGE][PASSED] - Object: 'Object Repository/Backoffice/match_mgmt/button_create_match' is clicked on

2018-12-06 12:17:55 - [TEST_STEP][PASSED] - delay(1): Delayed 1 second(s)

2018-12-06 12:17:56 - [MESSAGE][PASSED] - Delayed 1 second(s)

2018-12-06 12:17:56 - [TEST_STEP][PASSED] - click(findTestObject("Backoffice/match_mgmt/span_select_arena_name")): Object: 'Object Repository/Backoffice/match_mgmt/span_select_arena_name' is clicked on

2018-12-06 12:17:56 - [MESSAGE][PASSED] - Object: 'Object Repository/Backoffice/match_mgmt/span_select_arena_name' is clicked on

2018-12-06 12:17:56 - [TEST_STEP][PASSED] - setText(findTestObject("Backoffice/match_mgmt/input__select2-search__arena_name"), Arena_Acronym): Text 'JC CLAY SPORTS COMPLEX - JCSC' is set on object 'Object Repository/Backoffice/match_mgmt/input__select2-search__arena_name'

2018-12-06 12:17:59 - [MESSAGE][PASSED] - Text 'JC CLAY SPORTS COMPLEX - JCSC' is set on object 'Object Repository/Backoffice/match_mgmt/input__select2-search__arena_name'

2018-12-06 12:17:59 - [TEST_STEP][PASSED] - sendKeys(findTestObject("Backoffice/match_mgmt/input__select2-search__arena_name"), Keys.chord(ENTER)): Keys 'ENTER + ' sent to object: 'Object Repository/Backoffice/match_mgmt/input__select2-search__arena_name'

2018-12-06 12:17:59 - [MESSAGE][PASSED] - Keys 'ENTER + ' sent to object: 'Object Repository/Backoffice/match_mgmt/input__select2-search__arena_name'

2018-12-06 12:17:59 - [TEST_STEP][PASSED] - setText(findTestObject("Backoffice/match_mgmt/meron_details/input_meron_name"), Meron_Name): Text 'AA' is set on object 'Object Repository/Backoffice/match_mgmt/meron_details/input_meron_name'

2018-12-06 12:17:59 - [MESSAGE][PASSED] - Text 'AA' is set on object 'Object Repository/Backoffice/match_mgmt/meron_details/input_meron_name'

2018-12-06 12:17:59 - [TEST_STEP][PASSED] - setText(findTestObject("Backoffice/match_mgmt/meron_details/input_meron_farm"), Meron_Farm): Text 'Farm 1' is set on object 'Object Repository/Backoffice/match_mgmt/meron_details/input_meron_farm'

2018-12-06 12:17:59 - [MESSAGE][PASSED] - Text 'Farm 1' is set on object 'Object Repository/Backoffice/match_mgmt/meron_details/input_meron_farm'

2018-12-06 12:17:59 - [TEST_STEP][PASSED] - setText(findTestObject("Backoffice/match_mgmt/meron_details/input_meron_breed"), Meron_Breed): Text 'Breed 1' is set on object 'Object Repository/Backoffice/match_mgmt/meron_details/input_meron_breed'

2018-12-06 12:18:00 - [MESSAGE][PASSED] - Text 'Breed 1' is set on object 'Object Repository/Backoffice/match_mgmt/meron_details/input_meron_breed'

2018-12-06 12:18:00 - [TEST_STEP][PASSED] - setText(findTestObject("Backoffice/match_mgmt/meron_details/input_meron_weight"), Meron_Weight): Text 'Weight 1' is set on object 'Object Repository/Backoffice/match_mgmt/meron_details/input_meron_weight'

2018-12-06 12:18:00 - [MESSAGE][PASSED] - Text 'Weight 1' is set on object 'Object Repository/Backoffice/match_mgmt/meron_details/input_meron_weight'

2018-12-06 12:18:00 - [TEST_STEP][PASSED] - setText(findTestObject("Backoffice/match_mgmt/wala_details/input_wala_name"), Wala_Name): Text 'BB' is set on object 'Object Repository/Backoffice/match_mgmt/wala_details/input_wala_name'

2018-12-06 12:18:01 - [MESSAGE][PASSED] - Text 'BB' is set on object 'Object Repository/Backoffice/match_mgmt/wala_details/input_wala_name'

2018-12-06 12:18:01 - [TEST_STEP][PASSED] - setText(findTestObject("Backoffice/match_mgmt/wala_details/input_wala_farm"), Wala_Farm): Text 'Farm 2' is set on object 'Object Repository/Backoffice/match_mgmt/wala_details/input_wala_farm'

2018-12-06 12:18:01 - [MESSAGE][PASSED] - Text 'Farm 2' is set on object 'Object Repository/Backoffice/match_mgmt/wala_details/input_wala_farm'

2018-12-06 12:18:01 - [TEST_STEP][PASSED] - setText(findTestObject("Backoffice/match_mgmt/wala_details/input_wala_breed"), Wala_Breed): Text 'Breed 2' is set on object 'Object Repository/Backoffice/match_mgmt/wala_details/input_wala_breed'

2018-12-06 12:18:01 - [MESSAGE][PASSED] - Text 'Breed 2' is set on object 'Object Repository/Backoffice/match_mgmt/wala_details/input_wala_breed'

2018-12-06 12:18:01 - [TEST_STEP][PASSED] - setText(findTestObject("Backoffice/match_mgmt/wala_details/input_wala_weight"), Wala_Weight): Text 'Weight 2' is set on object 'Object Repository/Backoffice/match_mgmt/wala_details/input_wala_weight'

2018-12-06 12:18:02 - [MESSAGE][PASSED] - Text 'Weight 2' is set on object 'Object Repository/Backoffice/match_mgmt/wala_details/input_wala_weight'

2018-12-06 12:18:02 - [TEST_STEP][PASSED] - click(findTestObject("Backoffice/match_mgmt/input_submit_match")): Object: 'Object Repository/Backoffice/match_mgmt/input_submit_match' is clicked on

2018-12-06 12:18:07 - [MESSAGE][PASSED] - Object: 'Object Repository/Backoffice/match_mgmt/input_submit_match' is clicked on

2018-12-06 12:18:07 - [TEST_STEP][PASSED] - delay(1): Delayed 1 second(s)

2018-12-06 12:18:08 - [MESSAGE][PASSED] - Delayed 1 second(s)

2018-12-06 12:18:08 - [TEST_STEP][PASSED] - click(findTestObject("Backoffice/match_mgmt/button_create_match")): Object: 'Object Repository/Backoffice/match_mgmt/button_create_match' is clicked on

2018-12-06 12:18:08 - [MESSAGE][PASSED] - Object: 'Object Repository/Backoffice/match_mgmt/button_create_match' is clicked on

2018-12-06 12:18:08 - [TEST_STEP][PASSED] - delay(1): Delayed 1 second(s)

2018-12-06 12:18:09 - [MESSAGE][PASSED] - Delayed 1 second(s)

2018-12-06 12:18:09 - [TEST_STEP][PASSED] - click(findTestObject("Backoffice/match_mgmt/span_select_arena_name")): Object: 'Object Repository/Backoffice/match_mgmt/span_select_arena_name' is clicked on

2018-12-06 12:18:09 - [MESSAGE][PASSED] - Object: 'Object Repository/Backoffice/match_mgmt/span_select_arena_name' is clicked on

2018-12-06 12:18:09 - [TEST_STEP][PASSED] - setText(findTestObject("Backoffice/match_mgmt/input__select2-search__arena_name"), Arena_Acronym): Text 'JC CLAY SPORTS COMPLEX - JCSC' is set on object 'Object Repository/Backoffice/match_mgmt/input__select2-search__arena_name'

2018-12-06 12:18:12 - [MESSAGE][PASSED] - Text 'JC CLAY SPORTS COMPLEX - JCSC' is set on object 'Object Repository/Backoffice/match_mgmt/input__select2-search__arena_name'

2018-12-06 12:18:12 - [TEST_STEP][PASSED] - sendKeys(findTestObject("Backoffice/match_mgmt/input__select2-search__arena_name"), Keys.chord(ENTER)): Keys 'ENTER + ' sent to object: 'Object Repository/Backoffice/match_mgmt/input__select2-search__arena_name'

2018-12-06 12:18:12 - [MESSAGE][PASSED] - Keys 'ENTER + ' sent to object: 'Object Repository/Backoffice/match_mgmt/input__select2-search__arena_name'

2018-12-06 12:18:12 - [TEST_STEP][PASSED] - setText(findTestObject("Backoffice/match_mgmt/meron_details/input_meron_name"), Meron_Name): Text 'AA' is set on object 'Object Repository/Backoffice/match_mgmt/meron_details/input_meron_name'

2018-12-06 12:18:13 - [MESSAGE][PASSED] - Text 'AA' is set on object 'Object Repository/Backoffice/match_mgmt/meron_details/input_meron_name'

2018-12-06 12:18:13 - [TEST_STEP][PASSED] - setText(findTestObject("Backoffice/match_mgmt/meron_details/input_meron_farm"), Meron_Farm): Text 'Farm 1' is set on object 'Object Repository/Backoffice/match_mgmt/meron_details/input_meron_farm'

2018-12-06 12:18:13 - [MESSAGE][PASSED] - Text 'Farm 1' is set on object 'Object Repository/Backoffice/match_mgmt/meron_details/input_meron_farm'

2018-12-06 12:18:13 - [TEST_STEP][PASSED] - setText(findTestObject("Backoffice/match_mgmt/meron_details/input_meron_breed"), Meron_Breed): Text 'Breed 1' is set on object 'Object Repository/Backoffice/match_mgmt/meron_details/input_meron_breed'

2018-12-06 12:18:13 - [MESSAGE][PASSED] - Text 'Breed 1' is set on object 'Object Repository/Backoffice/match_mgmt/meron_details/input_meron_breed'

2018-12-06 12:18:13 - [TEST_STEP][PASSED] - setText(findTestObject("Backoffice/match_mgmt/meron_details/input_meron_weight"), Meron_Weight): Text 'Weight 1' is set on object 'Object Repository/Backoffice/match_mgmt/meron_details/input_meron_weight'

2018-12-06 12:18:14 - [MESSAGE][PASSED] - Text 'Weight 1' is set on object 'Object Repository/Backoffice/match_mgmt/meron_details/input_meron_weight'

2018-12-06 12:18:14 - [TEST_STEP][PASSED] - setText(findTestObject("Backoffice/match_mgmt/wala_details/input_wala_name"), Wala_Name): Text 'BB' is set on object 'Object Repository/Backoffice/match_mgmt/wala_details/input_wala_name'

2018-12-06 12:18:14 - [MESSAGE][PASSED] - Text 'BB' is set on object 'Object Repository/Backoffice/match_mgmt/wala_details/input_wala_name'

2018-12-06 12:18:14 - [TEST_STEP][PASSED] - setText(findTestObject("Backoffice/match_mgmt/wala_details/input_wala_farm"), Wala_Farm): Text 'Farm 2' is set on object 'Object Repository/Backoffice/match_mgmt/wala_details/input_wala_farm'

2018-12-06 12:18:14 - [MESSAGE][PASSED] - Text 'Farm 2' is set on object 'Object Repository/Backoffice/match_mgmt/wala_details/input_wala_farm'

2018-12-06 12:18:14 - [TEST_STEP][PASSED] - setText(findTestObject("Backoffice/match_mgmt/wala_details/input_wala_breed"), Wala_Breed): Text 'Breed 2' is set on object 'Object Repository/Backoffice/match_mgmt/wala_details/input_wala_breed'

2018-12-06 12:18:15 - [MESSAGE][PASSED] - Text 'Breed 2' is set on object 'Object Repository/Backoffice/match_mgmt/wala_details/input_wala_breed'

2018-12-06 12:18:15 - [TEST_STEP][PASSED] - setText(findTestObject("Backoffice/match_mgmt/wala_details/input_wala_weight"), Wala_Weight): Text 'Weight 2' is set on object 'Object Repository/Backoffice/match_mgmt/wala_details/input_wala_weight'

2018-12-06 12:18:15 - [MESSAGE][PASSED] - Text 'Weight 2' is set on object 'Object Repository/Backoffice/match_mgmt/wala_details/input_wala_weight'

2018-12-06 12:18:15 - [TEST_STEP][PASSED] - click(findTestObject("Backoffice/match_mgmt/input_submit_match")): Object: 'Object Repository/Backoffice/match_mgmt/input_submit_match' is clicked on

2018-12-06 12:18:20 - [MESSAGE][PASSED] - Object: 'Object Repository/Backoffice/match_mgmt/input_submit_match' is clicked on

2018-12-06 12:18:20 - [TEST_STEP][PASSED] - delay(1): Delayed 1 second(s)

2018-12-06 12:18:21 - [MESSAGE][PASSED] - Delayed 1 second(s)

2018-12-06 12:18:21 - [TEST_STEP][PASSED] - click(findTestObject("Backoffice/match_mgmt/button_create_match")): Object: 'Object Repository/Backoffice/match_mgmt/button_create_match' is clicked on

2018-12-06 12:18:21 - [MESSAGE][PASSED] - Object: 'Object Repository/Backoffice/match_mgmt/button_create_match' is clicked on

2018-12-06 12:18:21 - [TEST_STEP][PASSED] - delay(1): Delayed 1 second(s)

2018-12-06 12:18:22 - [MESSAGE][PASSED] - Delayed 1 second(s)

2018-12-06 12:18:22 - [TEST_STEP][PASSED] - click(findTestObject("Backoffice/match_mgmt/span_select_arena_name")): Object: 'Object Repository/Backoffice/match_mgmt/span_select_arena_name' is clicked on

2018-12-06 12:18:23 - [MESSAGE][PASSED] - Object: 'Object Repository/Backoffice/match_mgmt/span_select_arena_name' is clicked on

2018-12-06 12:18:23 - [TEST_STEP][PASSED] - setText(findTestObject("Backoffice/match_mgmt/input__select2-search__arena_name"), Arena_Acronym): Text 'JC CLAY SPORTS COMPLEX - JCSC' is set on object 'Object Repository/Backoffice/match_mgmt/input__select2-search__arena_name'

2018-12-06 12:18:25 - [MESSAGE][PASSED] - Text 'JC CLAY SPORTS COMPLEX - JCSC' is set on object 'Object Repository/Backoffice/match_mgmt/input__select2-search__arena_name'

2018-12-06 12:18:25 - [TEST_STEP][PASSED] - sendKeys(findTestObject("Backoffice/match_mgmt/input__select2-search__arena_name"), Keys.chord(ENTER)): Keys 'ENTER + ' sent to object: 'Object Repository/Backoffice/match_mgmt/input__select2-search__arena_name'

2018-12-06 12:18:25 - [MESSAGE][PASSED] - Keys 'ENTER + ' sent to object: 'Object Repository/Backoffice/match_mgmt/input__select2-search__arena_name'

2018-12-06 12:18:25 - [TEST_STEP][PASSED] - setText(findTestObject("Backoffice/match_mgmt/meron_details/input_meron_name"), Meron_Name): Text 'AA' is set on object 'Object Repository/Backoffice/match_mgmt/meron_details/input_meron_name'

2018-12-06 12:18:25 - [MESSAGE][PASSED] - Text 'AA' is set on object 'Object Repository/Backoffice/match_mgmt/meron_details/input_meron_name'

2018-12-06 12:18:25 - [TEST_STEP][PASSED] - setText(findTestObject("Backoffice/match_mgmt/meron_details/input_meron_farm"), Meron_Farm): Text 'Farm 1' is set on object 'Object Repository/Backoffice/match_mgmt/meron_details/input_meron_farm'

2018-12-06 12:18:26 - [MESSAGE][PASSED] - Text 'Farm 1' is set on object 'Object Repository/Backoffice/match_mgmt/meron_details/input_meron_farm'

2018-12-06 12:18:26 - [TEST_STEP][PASSED] - setText(findTestObject("Backoffice/match_mgmt/meron_details/input_meron_breed"), Meron_Breed): Text 'Breed 1' is set on object 'Object Repository/Backoffice/match_mgmt/meron_details/input_meron_breed'

2018-12-06 12:18:26 - [MESSAGE][PASSED] - Text 'Breed 1' is set on object 'Object Repository/Backoffice/match_mgmt/meron_details/input_meron_breed'

2018-12-06 12:18:26 - [TEST_STEP][PASSED] - setText(findTestObject("Backoffice/match_mgmt/meron_details/input_meron_weight"), Meron_Weight): Text 'Weight 1' is set on object 'Object Repository/Backoffice/match_mgmt/meron_details/input_meron_weight'

2018-12-06 12:18:27 - [MESSAGE][PASSED] - Text 'Weight 1' is set on object 'Object Repository/Backoffice/match_mgmt/meron_details/input_meron_weight'

2018-12-06 12:18:27 - [TEST_STEP][PASSED] - setText(findTestObject("Backoffice/match_mgmt/wala_details/input_wala_name"), Wala_Name): Text 'BB' is set on object 'Object Repository/Backoffice/match_mgmt/wala_details/input_wala_name'

2018-12-06 12:18:27 - [MESSAGE][PASSED] - Text 'BB' is set on object 'Object Repository/Backoffice/match_mgmt/wala_details/input_wala_name'

2018-12-06 12:18:27 - [TEST_STEP][PASSED] - setText(findTestObject("Backoffice/match_mgmt/wala_details/input_wala_farm"), Wala_Farm): Text 'Farm 2' is set on object 'Object Repository/Backoffice/match_mgmt/wala_details/input_wala_farm'

2018-12-06 12:18:27 - [MESSAGE][PASSED] - Text 'Farm 2' is set on object 'Object Repository/Backoffice/match_mgmt/wala_details/input_wala_farm'

2018-12-06 12:18:27 - [TEST_STEP][PASSED] - setText(findTestObject("Backoffice/match_mgmt/wala_details/input_wala_breed"), Wala_Breed): Text 'Breed 2' is set on object 'Object Repository/Backoffice/match_mgmt/wala_details/input_wala_breed'

2018-12-06 12:18:28 - [MESSAGE][PASSED] - Text 'Breed 2' is set on object 'Object Repository/Backoffice/match_mgmt/wala_details/input_wala_breed'

2018-12-06 12:18:28 - [TEST_STEP][PASSED] - setText(findTestObject("Backoffice/match_mgmt/wala_details/input_wala_weight"), Wala_Weight): Text 'Weight 2' is set on object 'Object Repository/Backoffice/match_mgmt/wala_details/input_wala_weight'

2018-12-06 12:18:28 - [MESSAGE][PASSED] - Text 'Weight 2' is set on object 'Object Repository/Backoffice/match_mgmt/wala_details/input_wala_weight'

2018-12-06 12:18:28 - [TEST_STEP][PASSED] - click(findTestObject("Backoffice/match_mgmt/input_submit_match")): Object: 'Object Repository/Backoffice/match_mgmt/input_submit_match' is clicked on

2018-12-06 12:18:33 - [MESSAGE][PASSED] - Object: 'Object Repository/Backoffice/match_mgmt/input_submit_match' is clicked on

2018-12-06 12:18:33 - [TEST_STEP][PASSED] - delay(1): Delayed 1 second(s)

2018-12-06 12:18:34 - [MESSAGE][PASSED] - Delayed 1 second(s)

2018-12-06 12:18:34 - [TEST_STEP][PASSED] - click(findTestObject("Backoffice/match_mgmt/button_create_match")): Object: 'Object Repository/Backoffice/match_mgmt/button_create_match' is clicked on

2018-12-06 12:18:34 - [MESSAGE][PASSED] - Object: 'Object Repository/Backoffice/match_mgmt/button_create_match' is clicked on

2018-12-06 12:18:34 - [TEST_STEP][PASSED] - delay(1): Delayed 1 second(s)

2018-12-06 12:18:35 - [MESSAGE][PASSED] - Delayed 1 second(s)

2018-12-06 12:18:35 - [TEST_STEP][PASSED] - click(findTestObject("Backoffice/match_mgmt/span_select_arena_name")): Object: 'Object Repository/Backoffice/match_mgmt/span_select_arena_name' is clicked on

2018-12-06 12:18:35 - [MESSAGE][PASSED] - Object: 'Object Repository/Backoffice/match_mgmt/span_select_arena_name' is clicked on

2018-12-06 12:18:35 - [TEST_STEP][PASSED] - setText(findTestObject("Backoffice/match_mgmt/input__select2-search__arena_name"), Arena_Acronym): Text 'JC CLAY SPORTS COMPLEX - JCSC' is set on object 'Object Repository/Backoffice/match_mgmt/input__select2-search__arena_name'

2018-12-06 12:18:37 - [MESSAGE][PASSED] - Text 'JC CLAY SPORTS COMPLEX - JCSC' is set on object 'Object Repository/Backoffice/match_mgmt/input__select2-search__arena_name'

2018-12-06 12:18:37 - [TEST_STEP][PASSED] - sendKeys(findTestObject("Backoffice/match_mgmt/input__select2-search__arena_name"), Keys.chord(ENTER)): Keys 'ENTER + ' sent to object: 'Object Repository/Backoffice/match_mgmt/input__select2-search__arena_name'

2018-12-06 12:18:38 - [MESSAGE][PASSED] - Keys 'ENTER + ' sent to object: 'Object Repository/Backoffice/match_mgmt/input__select2-search__arena_name'

2018-12-06 12:18:38 - [TEST_STEP][PASSED] - setText(findTestObject("Backoffice/match_mgmt/meron_details/input_meron_name"), Meron_Name): Text 'AA' is set on object 'Object Repository/Backoffice/match_mgmt/meron_details/input_meron_name'

2018-12-06 12:18:38 - [MESSAGE][PASSED] - Text 'AA' is set on object 'Object Repository/Backoffice/match_mgmt/meron_details/input_meron_name'

2018-12-06 12:18:38 - [TEST_STEP][PASSED] - setText(findTestObject("Backoffice/match_mgmt/meron_details/input_meron_farm"), Meron_Farm): Text 'Farm 1' is set on object 'Object Repository/Backoffice/match_mgmt/meron_details/input_meron_farm'

2018-12-06 12:18:38 - [MESSAGE][PASSED] - Text 'Farm 1' is set on object 'Object Repository/Backoffice/match_mgmt/meron_details/input_meron_farm'

2018-12-06 12:18:38 - [TEST_STEP][PASSED] - setText(findTestObject("Backoffice/match_mgmt/meron_details/input_meron_breed"), Meron_Breed): Text 'Breed 1' is set on object 'Object Repository/Backoffice/match_mgmt/meron_details/input_meron_breed'

2018-12-06 12:18:39 - [MESSAGE][PASSED] - Text 'Breed 1' is set on object 'Object Repository/Backoffice/match_mgmt/meron_details/input_meron_breed'

2018-12-06 12:18:39 - [TEST_STEP][PASSED] - setText(findTestObject("Backoffice/match_mgmt/meron_details/input_meron_weight"), Meron_Weight): Text 'Weight 1' is set on object 'Object Repository/Backoffice/match_mgmt/meron_details/input_meron_weight'

2018-12-06 12:18:39 - [MESSAGE][PASSED] - Text 'Weight 1' is set on object 'Object Repository/Backoffice/match_mgmt/meron_details/input_meron_weight'

2018-12-06 12:18:39 - [TEST_STEP][PASSED] - setText(findTestObject("Backoffice/match_mgmt/wala_details/input_wala_name"), Wala_Name): Text 'BB' is set on object 'Object Repository/Backoffice/match_mgmt/wala_details/input_wala_name'

2018-12-06 12:18:39 - [MESSAGE][PASSED] - Text 'BB' is set on object 'Object Repository/Backoffice/match_mgmt/wala_details/input_wala_name'

2018-12-06 12:18:39 - [TEST_STEP][PASSED] - setText(findTestObject("Backoffice/match_mgmt/wala_details/input_wala_farm"), Wala_Farm): Text 'Farm 2' is set on object 'Object Repository/Backoffice/match_mgmt/wala_details/input_wala_farm'

2018-12-06 12:18:40 - [MESSAGE][PASSED] - Text 'Farm 2' is set on object 'Object Repository/Backoffice/match_mgmt/wala_details/input_wala_farm'

2018-12-06 12:18:40 - [TEST_STEP][PASSED] - setText(findTestObject("Backoffice/match_mgmt/wala_details/input_wala_breed"), Wala_Breed): Text 'Breed 2' is set on object 'Object Repository/Backoffice/match_mgmt/wala_details/input_wala_breed'

2018-12-06 12:18:40 - [MESSAGE][PASSED] - Text 'Breed 2' is set on object 'Object Repository/Backoffice/match_mgmt/wala_details/input_wala_breed'

2018-12-06 12:18:40 - [TEST_STEP][PASSED] - setText(findTestObject("Backoffice/match_mgmt/wala_details/input_wala_weight"), Wala_Weight): Text 'Weight 2' is set on object 'Object Repository/Backoffice/match_mgmt/wala_details/input_wala_weight'

2018-12-06 12:18:41 - [MESSAGE][PASSED] - Text 'Weight 2' is set on object 'Object Repository/Backoffice/match_mgmt/wala_details/input_wala_weight'

2018-12-06 12:18:41 - [TEST_STEP][PASSED] - click(findTestObject("Backoffice/match_mgmt/input_submit_match")): Object: 'Object Repository/Backoffice/match_mgmt/input_submit_match' is clicked on

2018-12-06 12:18:45 - [MESSAGE][PASSED] - Object: 'Object Repository/Backoffice/match_mgmt/input_submit_match' is clicked on

2018-12-06 12:18:45 - [TEST_STEP][PASSED] - delay(1): Delayed 1 second(s)

2018-12-06 12:18:46 - [MESSAGE][PASSED] - Delayed 1 second(s)

2018-12-06 12:18:46 - [TEST_STEP][PASSED] - click(findTestObject("Backoffice/match_mgmt/button_create_match")): Object: 'Object Repository/Backoffice/match_mgmt/button_create_match' is clicked on

2018-12-06 12:18:46 - [MESSAGE][PASSED] - Object: 'Object Repository/Backoffice/match_mgmt/button_create_match' is clicked on

2018-12-06 12:18:46 - [TEST_STEP][PASSED] - delay(1): Delayed 1 second(s)

2018-12-06 12:18:47 - [MESSAGE][PASSED] - Delayed 1 second(s)

2018-12-06 12:18:47 - [TEST_STEP][PASSED] - click(findTestObject("Backoffice/match_mgmt/span_select_arena_name")): Object: 'Object Repository/Backoffice/match_mgmt/span_select_arena_name' is clicked on

2018-12-06 12:18:48 - [MESSAGE][PASSED] - Object: 'Object Repository/Backoffice/match_mgmt/span_select_arena_name' is clicked on

2018-12-06 12:18:48 - [TEST_STEP][PASSED] - setText(findTestObject("Backoffice/match_mgmt/input__select2-search__arena_name"), Arena_Acronym): Text 'JC CLAY SPORTS COMPLEX - JCSC' is set on object 'Object Repository/Backoffice/match_mgmt/input__select2-search__arena_name'

2018-12-06 12:18:50 - [MESSAGE][PASSED] - Text 'JC CLAY SPORTS COMPLEX - JCSC' is set on object 'Object Repository/Backoffice/match_mgmt/input__select2-search__arena_name'

2018-12-06 12:18:50 - [TEST_STEP][PASSED] - sendKeys(findTestObject("Backoffice/match_mgmt/input__select2-search__arena_name"), Keys.chord(ENTER)): Keys 'ENTER + ' sent to object: 'Object Repository/Backoffice/match_mgmt/input__select2-search__arena_name'

2018-12-06 12:18:50 - [MESSAGE][PASSED] - Keys 'ENTER + ' sent to object: 'Object Repository/Backoffice/match_mgmt/input__select2-search__arena_name'

2018-12-06 12:18:50 - [TEST_STEP][PASSED] - setText(findTestObject("Backoffice/match_mgmt/meron_details/input_meron_name"), Meron_Name): Text 'AA' is set on object 'Object Repository/Backoffice/match_mgmt/meron_details/input_meron_name'

2018-12-06 12:18:50 - [MESSAGE][PASSED] - Text 'AA' is set on object 'Object Repository/Backoffice/match_mgmt/meron_details/input_meron_name'

2018-12-06 12:18:50 - [TEST_STEP][PASSED] - setText(findTestObject("Backoffice/match_mgmt/meron_details/input_meron_farm"), Meron_Farm): Text 'Farm 1' is set on object 'Object Repository/Backoffice/match_mgmt/meron_details/input_meron_farm'

2018-12-06 12:18:51 - [MESSAGE][PASSED] - Text 'Farm 1' is set on object 'Object Repository/Backoffice/match_mgmt/meron_details/input_meron_farm'

2018-12-06 12:18:51 - [TEST_STEP][PASSED] - setText(findTestObject("Backoffice/match_mgmt/meron_details/input_meron_breed"), Meron_Breed): Text 'Breed 1' is set on object 'Object Repository/Backoffice/match_mgmt/meron_details/input_meron_breed'

2018-12-06 12:18:51 - [MESSAGE][PASSED] - Text 'Breed 1' is set on object 'Object Repository/Backoffice/match_mgmt/meron_details/input_meron_breed'

2018-12-06 12:18:51 - [TEST_STEP][PASSED] - setText(findTestObject("Backoffice/match_mgmt/meron_details/input_meron_weight"), Meron_Weight): Text 'Weight 1' is set on object 'Object Repository/Backoffice/match_mgmt/meron_details/input_meron_weight'

2018-12-06 12:18:52 - [MESSAGE][PASSED] - Text 'Weight 1' is set on object 'Object Repository/Backoffice/match_mgmt/meron_details/input_meron_weight'

2018-12-06 12:18:52 - [TEST_STEP][PASSED] - setText(findTestObject("Backoffice/match_mgmt/wala_details/input_wala_name"), Wala_Name): Text 'BB' is set on object 'Object Repository/Backoffice/match_mgmt/wala_details/input_wala_name'

2018-12-06 12:18:52 - [MESSAGE][PASSED] - Text 'BB' is set on object 'Object Repository/Backoffice/match_mgmt/wala_details/input_wala_name'

2018-12-06 12:18:52 - [TEST_STEP][PASSED] - setText(findTestObject("Backoffice/match_mgmt/wala_details/input_wala_farm"), Wala_Farm): Text 'Farm 2' is set on object 'Object Repository/Backoffice/match_mgmt/wala_details/input_wala_farm'

2018-12-06 12:18:52 - [MESSAGE][PASSED] - Text 'Farm 2' is set on object 'Object Repository/Backoffice/match_mgmt/wala_details/input_wala_farm'

2018-12-06 12:18:52 - [TEST_STEP][PASSED] - setText(findTestObject("Backoffice/match_mgmt/wala_details/input_wala_breed"), Wala_Breed): Text 'Breed 2' is set on object 'Object Repository/Backoffice/match_mgmt/wala_details/input_wala_breed'

2018-12-06 12:18:53 - [MESSAGE][PASSED] - Text 'Breed 2' is set on object 'Object Repository/Backoffice/match_mgmt/wala_details/input_wala_breed'

2018-12-06 12:18:53 - [TEST_STEP][PASSED] - setText(findTestObject("Backoffice/match_mgmt/wala_details/input_wala_weight"), Wala_Weight): Text 'Weight 2' is set on object 'Object Repository/Backoffice/match_mgmt/wala_details/input_wala_weight'

2018-12-06 12:18:53 - [MESSAGE][PASSED] - Text 'Weight 2' is set on object 'Object Repository/Backoffice/match_mgmt/wala_details/input_wala_weight'

2018-12-06 12:18:53 - [TEST_STEP][PASSED] - click(findTestObject("Backoffice/match_mgmt/input_submit_match")): Object: 'Object Repository/Backoffice/match_mgmt/input_submit_match' is clicked on

2018-12-06 12:18:57 - [MESSAGE][PASSED] - Object: 'Object Repository/Backoffice/match_mgmt/input_submit_match' is clicked on

2018-12-06 12:18:57 - [TEST_STEP][PASSED] - delay(1): Delayed 1 second(s)

2018-12-06 12:18:58 - [MESSAGE][PASSED] - Delayed 1 second(s)

2018-12-06 12:18:58 - [TEST_STEP][PASSED] - click(findTestObject("Backoffice/match_mgmt/button_create_match")): Object: 'Object Repository/Backoffice/match_mgmt/button_create_match' is clicked on

2018-12-06 12:18:58 - [MESSAGE][PASSED] - Object: 'Object Repository/Backoffice/match_mgmt/button_create_match' is clicked on

2018-12-06 12:18:58 - [TEST_STEP][PASSED] - delay(1): Delayed 1 second(s)

2018-12-06 12:18:59 - [MESSAGE][PASSED] - Delayed 1 second(s)

2018-12-06 12:18:59 - [TEST_STEP][PASSED] - click(findTestObject("Backoffice/match_mgmt/span_select_arena_name")): Object: 'Object Repository/Backoffice/match_mgmt/span_select_arena_name' is clicked on

2018-12-06 12:18:59 - [MESSAGE][PASSED] - Object: 'Object Repository/Backoffice/match_mgmt/span_select_arena_name' is clicked on

2018-12-06 12:18:59 - [TEST_STEP][PASSED] - setText(findTestObject("Backoffice/match_mgmt/input__select2-search__arena_name"), Arena_Acronym): Text 'JC CLAY SPORTS COMPLEX - JCSC' is set on object 'Object Repository/Backoffice/match_mgmt/input__select2-search__arena_name'

2018-12-06 12:19:02 - [MESSAGE][PASSED] - Text 'JC CLAY SPORTS COMPLEX - JCSC' is set on object 'Object Repository/Backoffice/match_mgmt/input__select2-search__arena_name'

2018-12-06 12:19:02 - [TEST_STEP][PASSED] - sendKeys(findTestObject("Backoffice/match_mgmt/input__select2-search__arena_name"), Keys.chord(ENTER)): Keys 'ENTER + ' sent to object: 'Object Repository/Backoffice/match_mgmt/input__select2-search__arena_name'

2018-12-06 12:19:02 - [MESSAGE][PASSED] - Keys 'ENTER + ' sent to object: 'Object Repository/Backoffice/match_mgmt/input__select2-search__arena_name'

2018-12-06 12:19:02 - [TEST_STEP][PASSED] - setText(findTestObject("Backoffice/match_mgmt/meron_details/input_meron_name"), Meron_Name): Text 'AA' is set on object 'Object Repository/Backoffice/match_mgmt/meron_details/input_meron_name'

2018-12-06 12:19:02 - [MESSAGE][PASSED] - Text 'AA' is set on object 'Object Repository/Backoffice/match_mgmt/meron_details/input_meron_name'

2018-12-06 12:19:02 - [TEST_STEP][PASSED] - setText(findTestObject("Backoffice/match_mgmt/meron_details/input_meron_farm"), Meron_Farm): Text 'Farm 1' is set on object 'Object Repository/Backoffice/match_mgmt/meron_details/input_meron_farm'

2018-12-06 12:19:02 - [MESSAGE][PASSED] - Text 'Farm 1' is set on object 'Object Repository/Backoffice/match_mgmt/meron_details/input_meron_farm'

2018-12-06 12:19:02 - [TEST_STEP][PASSED] - setText(findTestObject("Backoffice/match_mgmt/meron_details/input_meron_breed"), Meron_Breed): Text 'Breed 1' is set on object 'Object Repository/Backoffice/match_mgmt/meron_details/input_meron_breed'

2018-12-06 12:19:03 - [MESSAGE][PASSED] - Text 'Breed 1' is set on object 'Object Repository/Backoffice/match_mgmt/meron_details/input_meron_breed'

2018-12-06 12:19:03 - [TEST_STEP][PASSED] - setText(findTestObject("Backoffice/match_mgmt/meron_details/input_meron_weight"), Meron_Weight): Text 'Weight 1' is set on object 'Object Repository/Backoffice/match_mgmt/meron_details/input_meron_weight'

2018-12-06 12:19:03 - [MESSAGE][PASSED] - Text 'Weight 1' is set on object 'Object Repository/Backoffice/match_mgmt/meron_details/input_meron_weight'

2018-12-06 12:19:03 - [TEST_STEP][PASSED] - setText(findTestObject("Backoffice/match_mgmt/wala_details/input_wala_name"), Wala_Name): Text 'BB' is set on object 'Object Repository/Backoffice/match_mgmt/wala_details/input_wala_name'

2018-12-06 12:19:04 - [MESSAGE][PASSED] - Text 'BB' is set on object 'Object Repository/Backoffice/match_mgmt/wala_details/input_wala_name'

2018-12-06 12:19:04 - [TEST_STEP][PASSED] - setText(findTestObject("Backoffice/match_mgmt/wala_details/input_wala_farm"), Wala_Farm): Text 'Farm 2' is set on object 'Object Repository/Backoffice/match_mgmt/wala_details/input_wala_farm'

2018-12-06 12:19:04 - [MESSAGE][PASSED] - Text 'Farm 2' is set on object 'Object Repository/Backoffice/match_mgmt/wala_details/input_wala_farm'

2018-12-06 12:19:04 - [TEST_STEP][PASSED] - setText(findTestObject("Backoffice/match_mgmt/wala_details/input_wala_breed"), Wala_Breed): Text 'Breed 2' is set on object 'Object Repository/Backoffice/match_mgmt/wala_details/input_wala_breed'

2018-12-06 12:19:04 - [MESSAGE][PASSED] - Text 'Breed 2' is set on object 'Object Repository/Backoffice/match_mgmt/wala_details/input_wala_breed'

2018-12-06 12:19:04 - [TEST_STEP][PASSED] - setText(findTestObject("Backoffice/match_mgmt/wala_details/input_wala_weight"), Wala_Weight): Text 'Weight 2' is set on object 'Object Repository/Backoffice/match_mgmt/wala_details/input_wala_weight'

2018-12-06 12:19:05 - [MESSAGE][PASSED] - Text 'Weight 2' is set on object 'Object Repository/Backoffice/match_mgmt/wala_details/input_wala_weight'

2018-12-06 12:19:05 - [TEST_STEP][PASSED] - click(findTestObject("Backoffice/match_mgmt/input_submit_match")): Object: 'Object Repository/Backoffice/match_mgmt/input_submit_match' is clicked on

2018-12-06 12:19:09 - [MESSAGE][PASSED] - Object: 'Object Repository/Backoffice/match_mgmt/input_submit_match' is clicked on

2018-12-06 12:19:09 - [TEST_STEP][PASSED] - delay(1): Delayed 1 second(s)

2018-12-06 12:19:10 - [MESSAGE][PASSED] - Delayed 1 second(s)

2018-12-06 12:19:10 - [TEST_STEP][PASSED] - click(findTestObject("Backoffice/match_mgmt/button_create_match")): Object: 'Object Repository/Backoffice/match_mgmt/button_create_match' is clicked on

2018-12-06 12:19:10 - [MESSAGE][PASSED] - Object: 'Object Repository/Backoffice/match_mgmt/button_create_match' is clicked on

2018-12-06 12:19:10 - [TEST_STEP][PASSED] - delay(1): Delayed 1 second(s)

2018-12-06 12:19:11 - [MESSAGE][PASSED] - Delayed 1 second(s)

2018-12-06 12:19:11 - [TEST_STEP][PASSED] - click(findTestObject("Backoffice/match_mgmt/span_select_arena_name")): Object: 'Object Repository/Backoffice/match_mgmt/span_select_arena_name' is clicked on

2018-12-06 12:19:12 - [MESSAGE][PASSED] - Object: 'Object Repository/Backoffice/match_mgmt/span_select_arena_name' is clicked on

2018-12-06 12:19:12 - [TEST_STEP][PASSED] - setText(findTestObject("Backoffice/match_mgmt/input__select2-search__arena_name"), Arena_Acronym): Text 'JC CLAY SPORTS COMPLEX - JCSC' is set on object 'Object Repository/Backoffice/match_mgmt/input__select2-search__arena_name'

2018-12-06 12:19:14 - [MESSAGE][PASSED] - Text 'JC CLAY SPORTS COMPLEX - JCSC' is set on object 'Object Repository/Backoffice/match_mgmt/input__select2-search__arena_name'

2018-12-06 12:19:14 - [TEST_STEP][PASSED] - sendKeys(findTestObject("Backoffice/match_mgmt/input__select2-search__arena_name"), Keys.chord(ENTER)): Keys 'ENTER + ' sent to object: 'Object Repository/Backoffice/match_mgmt/input__select2-search__arena_name'

2018-12-06 12:19:14 - [MESSAGE][PASSED] - Keys 'ENTER + ' sent to object: 'Object Repository/Backoffice/match_mgmt/input__select2-search__arena_name'

2018-12-06 12:19:14 - [TEST_STEP][PASSED] - setText(findTestObject("Backoffice/match_mgmt/meron_details/input_meron_name"), Meron_Name): Text 'AA' is set on object 'Object Repository/Backoffice/match_mgmt/meron_details/input_meron_name'

2018-12-06 12:19:14 - [MESSAGE][PASSED] - Text 'AA' is set on object 'Object Repository/Backoffice/match_mgmt/meron_details/input_meron_name'

2018-12-06 12:19:14 - [TEST_STEP][PASSED] - setText(findTestObject("Backoffice/match_mgmt/meron_details/input_meron_farm"), Meron_Farm): Text 'Farm 1' is set on object 'Object Repository/Backoffice/match_mgmt/meron_details/input_meron_farm'

2018-12-06 12:19:15 - [MESSAGE][PASSED] - Text 'Farm 1' is set on object 'Object Repository/Backoffice/match_mgmt/meron_details/input_meron_farm'

2018-12-06 12:19:15 - [TEST_STEP][PASSED] - setText(findTestObject("Backoffice/match_mgmt/meron_details/input_meron_breed"), Meron_Breed): Text 'Breed 1' is set on object 'Object Repository/Backoffice/match_mgmt/meron_details/input_meron_breed'

2018-12-06 12:19:15 - [MESSAGE][PASSED] - Text 'Breed 1' is set on object 'Object Repository/Backoffice/match_mgmt/meron_details/input_meron_breed'

2018-12-06 12:19:15 - [TEST_STEP][PASSED] - setText(findTestObject("Backoffice/match_mgmt/meron_details/input_meron_weight"), Meron_Weight): Text 'Weight 1' is set on object 'Object Repository/Backoffice/match_mgmt/meron_details/input_meron_weight'

2018-12-06 12:19:15 - [MESSAGE][PASSED] - Text 'Weight 1' is set on object 'Object Repository/Backoffice/match_mgmt/meron_details/input_meron_weight'

2018-12-06 12:19:15 - [TEST_STEP][PASSED] - setText(findTestObject("Backoffice/match_mgmt/wala_details/input_wala_name"), Wala_Name): Text 'BB' is set on object 'Object Repository/Backoffice/match_mgmt/wala_details/input_wala_name'

2018-12-06 12:19:16 - [MESSAGE][PASSED] - Text 'BB' is set on object 'Object Repository/Backoffice/match_mgmt/wala_details/input_wala_name'

2018-12-06 12:19:16 - [TEST_STEP][PASSED] - setText(findTestObject("Backoffice/match_mgmt/wala_details/input_wala_farm"), Wala_Farm): Text 'Farm 2' is set on object 'Object Repository/Backoffice/match_mgmt/wala_details/input_wala_farm'

2018-12-06 12:19:16 - [MESSAGE][PASSED] - Text 'Farm 2' is set on object 'Object Repository/Backoffice/match_mgmt/wala_details/input_wala_farm'

2018-12-06 12:19:16 - [TEST_STEP][PASSED] - setText(findTestObject("Backoffice/match_mgmt/wala_details/input_wala_breed"), Wala_Breed): Text 'Breed 2' is set on object 'Object Repository/Backoffice/match_mgmt/wala_details/input_wala_breed'

2018-12-06 12:19:17 - [MESSAGE][PASSED] - Text 'Breed 2' is set on object 'Object Repository/Backoffice/match_mgmt/wala_details/input_wala_breed'

2018-12-06 12:19:17 - [TEST_STEP][PASSED] - setText(findTestObject("Backoffice/match_mgmt/wala_details/input_wala_weight"), Wala_Weight): Text 'Weight 2' is set on object 'Object Repository/Backoffice/match_mgmt/wala_details/input_wala_weight'

2018-12-06 12:19:17 - [MESSAGE][PASSED] - Text 'Weight 2' is set on object 'Object Repository/Backoffice/match_mgmt/wala_details/input_wala_weight'

2018-12-06 12:19:17 - [TEST_STEP][PASSED] - click(findTestObject("Backoffice/match_mgmt/input_submit_match")): Object: 'Object Repository/Backoffice/match_mgmt/input_submit_match' is clicked on

2018-12-06 12:19:22 - [MESSAGE][PASSED] - Object: 'Object Repository/Backoffice/match_mgmt/input_submit_match' is clicked on

2018-12-06 12:19:22 - [TEST_STEP][PASSED] - delay(1): Delayed 1 second(s)

2018-12-06 12:19:23 - [MESSAGE][PASSED] - Delayed 1 second(s)

2018-12-06 12:19:23 - [TEST_STEP][PASSED] - click(findTestObject("Backoffice/match_mgmt/button_create_match")): Object: 'Object Repository/Backoffice/match_mgmt/button_create_match' is clicked on

2018-12-06 12:19:24 - [MESSAGE][PASSED] - Object: 'Object Repository/Backoffice/match_mgmt/button_create_match' is clicked on

2018-12-06 12:19:24 - [TEST_STEP][PASSED] - delay(1): Delayed 1 second(s)

2018-12-06 12:19:25 - [MESSAGE][PASSED] - Delayed 1 second(s)

2018-12-06 12:19:25 - [TEST_STEP][PASSED] - click(findTestObject("Backoffice/match_mgmt/span_select_arena_name")): Object: 'Object Repository/Backoffice/match_mgmt/span_select_arena_name' is clicked on

2018-12-06 12:19:27 - [MESSAGE][PASSED] - Object: 'Object Repository/Backoffice/match_mgmt/span_select_arena_name' is clicked on

2018-12-06 12:19:27 - [TEST_STEP][PASSED] - setText(findTestObject("Backoffice/match_mgmt/input__select2-search__arena_name"), Arena_Acronym): Text 'JC CLAY SPORTS COMPLEX - JCSC' is set on object 'Object Repository/Backoffice/match_mgmt/input__select2-search__arena_name'

2018-12-06 12:19:29 - [MESSAGE][PASSED] - Text 'JC CLAY SPORTS COMPLEX - JCSC' is set on object 'Object Repository/Backoffice/match_mgmt/input__select2-search__arena_name'

2018-12-06 12:19:29 - [TEST_STEP][PASSED] - sendKeys(findTestObject("Backoffice/match_mgmt/input__select2-search__arena_name"), Keys.chord(ENTER)): Keys 'ENTER + ' sent to object: 'Object Repository/Backoffice/match_mgmt/input__select2-search__arena_name'

2018-12-06 12:19:29 - [MESSAGE][PASSED] - Keys 'ENTER + ' sent to object: 'Object Repository/Backoffice/match_mgmt/input__select2-search__arena_name'

2018-12-06 12:19:29 - [TEST_STEP][PASSED] - setText(findTestObject("Backoffice/match_mgmt/meron_details/input_meron_name"), Meron_Name): Text 'AA' is set on object 'Object Repository/Backoffice/match_mgmt/meron_details/input_meron_name'

2018-12-06 12:19:30 - [MESSAGE][PASSED] - Text 'AA' is set on object 'Object Repository/Backoffice/match_mgmt/meron_details/input_meron_name'

2018-12-06 12:19:30 - [TEST_STEP][PASSED] - setText(findTestObject("Backoffice/match_mgmt/meron_details/input_meron_farm"), Meron_Farm): Text 'Farm 1' is set on object 'Object Repository/Backoffice/match_mgmt/meron_details/input_meron_farm'

2018-12-06 12:19:30 - [MESSAGE][PASSED] - Text 'Farm 1' is set on object 'Object Repository/Backoffice/match_mgmt/meron_details/input_meron_farm'

2018-12-06 12:19:30 - [TEST_STEP][PASSED] - setText(findTestObject("Backoffice/match_mgmt/meron_details/input_meron_breed"), Meron_Breed): Text 'Breed 1' is set on object 'Object Repository/Backoffice/match_mgmt/meron_details/input_meron_breed'

2018-12-06 12:19:31 - [MESSAGE][PASSED] - Text 'Breed 1' is set on object 'Object Repository/Backoffice/match_mgmt/meron_details/input_meron_breed'

2018-12-06 12:19:31 - [TEST_STEP][PASSED] - setText(findTestObject("Backoffice/match_mgmt/meron_details/input_meron_weight"), Meron_Weight): Text 'Weight 1' is set on object 'Object Repository/Backoffice/match_mgmt/meron_details/input_meron_weight'

2018-12-06 12:19:31 - [MESSAGE][PASSED] - Text 'Weight 1' is set on object 'Object Repository/Backoffice/match_mgmt/meron_details/input_meron_weight'

2018-12-06 12:19:31 - [TEST_STEP][PASSED] - setText(findTestObject("Backoffice/match_mgmt/wala_details/input_wala_name"), Wala_Name): Text 'BB' is set on object 'Object Repository/Backoffice/match_mgmt/wala_details/input_wala_name'

2018-12-06 12:19:32 - [MESSAGE][PASSED] - Text 'BB' is set on object 'Object Repository/Backoffice/match_mgmt/wala_details/input_wala_name'

2018-12-06 12:19:32 - [TEST_STEP][PASSED] - setText(findTestObject("Backoffice/match_mgmt/wala_details/input_wala_farm"), Wala_Farm): Text 'Farm 2' is set on object 'Object Repository/Backoffice/match_mgmt/wala_details/input_wala_farm'

2018-12-06 12:19:32 - [MESSAGE][PASSED] - Text 'Farm 2' is set on object 'Object Repository/Backoffice/match_mgmt/wala_details/input_wala_farm'

2018-12-06 12:19:32 - [TEST_STEP][PASSED] - setText(findTestObject("Backoffice/match_mgmt/wala_details/input_wala_breed"), Wala_Breed): Text 'Breed 2' is set on object 'Object Repository/Backoffice/match_mgmt/wala_details/input_wala_breed'

2018-12-06 12:19:33 - [MESSAGE][PASSED] - Text 'Breed 2' is set on object 'Object Repository/Backoffice/match_mgmt/wala_details/input_wala_breed'

2018-12-06 12:19:33 - [TEST_STEP][PASSED] - setText(findTestObject("Backoffice/match_mgmt/wala_details/input_wala_weight"), Wala_Weight): Text 'Weight 2' is set on object 'Object Repository/Backoffice/match_mgmt/wala_details/input_wala_weight'

2018-12-06 12:19:33 - [MESSAGE][PASSED] - Text 'Weight 2' is set on object 'Object Repository/Backoffice/match_mgmt/wala_details/input_wala_weight'

2018-12-06 12:19:33 - [TEST_STEP][PASSED] - click(findTestObject("Backoffice/match_mgmt/input_submit_match")): Object: 'Object Repository/Backoffice/match_mgmt/input_submit_match' is clicked on

2018-12-06 12:19:39 - [MESSAGE][PASSED] - Object: 'Object Repository/Backoffice/match_mgmt/input_submit_match' is clicked on

2018-12-06 12:19:39 - [TEST_STEP][PASSED] - delay(1): Delayed 1 second(s)

2018-12-06 12:19:40 - [MESSAGE][PASSED] - Delayed 1 second(s)

2018-12-06 12:19:40 - [TEST_STEP][PASSED] - click(findTestObject("Backoffice/match_mgmt/button_create_match")): Object: 'Object Repository/Backoffice/match_mgmt/button_create_match' is clicked on

2018-12-06 12:19:40 - [MESSAGE][PASSED] - Object: 'Object Repository/Backoffice/match_mgmt/button_create_match' is clicked on

2018-12-06 12:19:40 - [TEST_STEP][PASSED] - delay(1): Delayed 1 second(s)

2018-12-06 12:19:41 - [MESSAGE][PASSED] - Delayed 1 second(s)

2018-12-06 12:19:41 - [TEST_STEP][PASSED] - click(findTestObject("Backoffice/match_mgmt/span_select_arena_name")): Object: 'Object Repository/Backoffice/match_mgmt/span_select_arena_name' is clicked on

2018-12-06 12:19:41 - [MESSAGE][PASSED] - Object: 'Object Repository/Backoffice/match_mgmt/span_select_arena_name' is clicked on

2018-12-06 12:19:41 - [TEST_STEP][PASSED] - setText(findTestObject("Backoffice/match_mgmt/input__select2-search__arena_name"), Arena_Acronym): Text 'JC CLAY SPORTS COMPLEX - JCSC' is set on object 'Object Repository/Backoffice/match_mgmt/input__select2-search__arena_name'

2018-12-06 12:19:44 - [MESSAGE][PASSED] - Text 'JC CLAY SPORTS COMPLEX - JCSC' is set on object 'Object Repository/Backoffice/match_mgmt/input__select2-search__arena_name'

2018-12-06 12:19:44 - [TEST_STEP][PASSED] - sendKeys(findTestObject("Backoffice/match_mgmt/input__select2-search__arena_name"), Keys.chord(ENTER)): Keys 'ENTER + ' sent to object: 'Object Repository/Backoffice/match_mgmt/input__select2-search__arena_name'

2018-12-06 12:19:44 - [MESSAGE][PASSED] - Keys 'ENTER + ' sent to object: 'Object Repository/Backoffice/match_mgmt/input__select2-search__arena_name'

2018-12-06 12:19:44 - [TEST_STEP][PASSED] - setText(findTestObject("Backoffice/match_mgmt/meron_details/input_meron_name"), Meron_Name): Text 'AA' is set on object 'Object Repository/Backoffice/match_mgmt/meron_details/input_meron_name'

2018-12-06 12:19:44 - [MESSAGE][PASSED] - Text 'AA' is set on object 'Object Repository/Backoffice/match_mgmt/meron_details/input_meron_name'

2018-12-06 12:19:44 - [TEST_STEP][PASSED] - setText(findTestObject("Backoffice/match_mgmt/meron_details/input_meron_farm"), Meron_Farm): Text 'Farm 1' is set on object 'Object Repository/Backoffice/match_mgmt/meron_details/input_meron_farm'

2018-12-06 12:19:45 - [MESSAGE][PASSED] - Text 'Farm 1' is set on object 'Object Repository/Backoffice/match_mgmt/meron_details/input_meron_farm'

2018-12-06 12:19:45 - [TEST_STEP][PASSED] - setText(findTestObject("Backoffice/match_mgmt/meron_details/input_meron_breed"), Meron_Breed): Text 'Breed 1' is set on object 'Object Repository/Backoffice/match_mgmt/meron_details/input_meron_breed'

2018-12-06 12:19:45 - [MESSAGE][PASSED] - Text 'Breed 1' is set on object 'Object Repository/Backoffice/match_mgmt/meron_details/input_meron_breed'

2018-12-06 12:19:45 - [TEST_STEP][PASSED] - setText(findTestObject("Backoffice/match_mgmt/meron_details/input_meron_weight"), Meron_Weight): Text 'Weight 1' is set on object 'Object Repository/Backoffice/match_mgmt/meron_details/input_meron_weight'

2018-12-06 12:19:46 - [MESSAGE][PASSED] - Text 'Weight 1' is set on object 'Object Repository/Backoffice/match_mgmt/meron_details/input_meron_weight'

2018-12-06 12:19:46 - [TEST_STEP][PASSED] - setText(findTestObject("Backoffice/match_mgmt/wala_details/input_wala_name"), Wala_Name): Text 'BB' is set on object 'Object Repository/Backoffice/match_mgmt/wala_details/input_wala_name'

2018-12-06 12:19:46 - [MESSAGE][PASSED] - Text 'BB' is set on object 'Object Repository/Backoffice/match_mgmt/wala_details/input_wala_name'

2018-12-06 12:19:46 - [TEST_STEP][PASSED] - setText(findTestObject("Backoffice/match_mgmt/wala_details/input_wala_farm"), Wala_Farm): Text 'Farm 2' is set on object 'Object Repository/Backoffice/match_mgmt/wala_details/input_wala_farm'

2018-12-06 12:19:47 - [MESSAGE][PASSED] - Text 'Farm 2' is set on object 'Object Repository/Backoffice/match_mgmt/wala_details/input_wala_farm'

2018-12-06 12:19:47 - [TEST_STEP][PASSED] - setText(findTestObject("Backoffice/match_mgmt/wala_details/input_wala_breed"), Wala_Breed): Text 'Breed 2' is set on object 'Object Repository/Backoffice/match_mgmt/wala_details/input_wala_breed'

2018-12-06 12:19:47 - [MESSAGE][PASSED] - Text 'Breed 2' is set on object 'Object Repository/Backoffice/match_mgmt/wala_details/input_wala_breed'

2018-12-06 12:19:47 - [TEST_STEP][PASSED] - setText(findTestObject("Backoffice/match_mgmt/wala_details/input_wala_weight"), Wala_Weight): Text 'Weight 2' is set on object 'Object Repository/Backoffice/match_mgmt/wala_details/input_wala_weight'

2018-12-06 12:19:48 - [MESSAGE][PASSED] - Text 'Weight 2' is set on object 'Object Repository/Backoffice/match_mgmt/wala_details/input_wala_weight'

2018-12-06 12:19:48 - [TEST_STEP][PASSED] - click(findTestObject("Backoffice/match_mgmt/input_submit_match")): Object: 'Object Repository/Backoffice/match_mgmt/input_submit_match' is clicked on

2018-12-06 12:19:52 - [MESSAGE][PASSED] - Object: 'Object Repository/Backoffice/match_mgmt/input_submit_match' is clicked on

2018-12-06 12:19:52 - [TEST_STEP][PASSED] - delay(1): Delayed 1 second(s)

2018-12-06 12:19:53 - [MESSAGE][PASSED] - Delayed 1 second(s)

2018-12-06 12:19:53 - [TEST_STEP][PASSED] - click(findTestObject("Backoffice/match_mgmt/button_create_match")): Object: 'Object Repository/Backoffice/match_mgmt/button_create_match' is clicked on

2018-12-06 12:19:53 - [MESSAGE][PASSED] - Object: 'Object Repository/Backoffice/match_mgmt/button_create_match' is clicked on

2018-12-06 12:19:53 - [TEST_STEP][PASSED] - delay(1): Delayed 1 second(s)

2018-12-06 12:19:54 - [MESSAGE][PASSED] - Delayed 1 second(s)

2018-12-06 12:19:54 - [TEST_STEP][PASSED] - click(findTestObject("Backoffice/match_mgmt/span_select_arena_name")): Object: 'Object Repository/Backoffice/match_mgmt/span_select_arena_name' is clicked on

2018-12-06 12:19:55 - [MESSAGE][PASSED] - Object: 'Object Repository/Backoffice/match_mgmt/span_select_arena_name' is clicked on

2018-12-06 12:19:55 - [TEST_STEP][PASSED] - setText(findTestObject("Backoffice/match_mgmt/input__select2-search__arena_name"), Arena_Acronym): Text 'JC CLAY SPORTS COMPLEX - JCSC' is set on object 'Object Repository/Backoffice/match_mgmt/input__select2-search__arena_name'

2018-12-06 12:19:57 - [MESSAGE][PASSED] - Text 'JC CLAY SPORTS COMPLEX - JCSC' is set on object 'Object Repository/Backoffice/match_mgmt/input__select2-search__arena_name'

2018-12-06 12:19:57 - [TEST_STEP][PASSED] - sendKeys(findTestObject("Backoffice/match_mgmt/input__select2-search__arena_name"), Keys.chord(ENTER)): Keys 'ENTER + ' sent to object: 'Object Repository/Backoffice/match_mgmt/input__select2-search__arena_name'

2018-12-06 12:19:57 - [MESSAGE][PASSED] - Keys 'ENTER + ' sent to object: 'Object Repository/Backoffice/match_mgmt/input__select2-search__arena_name'

2018-12-06 12:19:57 - [TEST_STEP][PASSED] - setText(findTestObject("Backoffice/match_mgmt/meron_details/input_meron_name"), Meron_Name): Text 'AA' is set on object 'Object Repository/Backoffice/match_mgmt/meron_details/input_meron_name'

2018-12-06 12:19:58 - [MESSAGE][PASSED] - Text 'AA' is set on object 'Object Repository/Backoffice/match_mgmt/meron_details/input_meron_name'

2018-12-06 12:19:58 - [TEST_STEP][PASSED] - setText(findTestObject("Backoffice/match_mgmt/meron_details/input_meron_farm"), Meron_Farm): Text 'Farm 1' is set on object 'Object Repository/Backoffice/match_mgmt/meron_details/input_meron_farm'

2018-12-06 12:19:58 - [MESSAGE][PASSED] - Text 'Farm 1' is set on object 'Object Repository/Backoffice/match_mgmt/meron_details/input_meron_farm'

2018-12-06 12:19:58 - [TEST_STEP][PASSED] - setText(findTestObject("Backoffice/match_mgmt/meron_details/input_meron_breed"), Meron_Breed): Text 'Breed 1' is set on object 'Object Repository/Backoffice/match_mgmt/meron_details/input_meron_breed'

2018-12-06 12:19:58 - [MESSAGE][PASSED] - Text 'Breed 1' is set on object 'Object Repository/Backoffice/match_mgmt/meron_details/input_meron_breed'

2018-12-06 12:19:58 - [TEST_STEP][PASSED] - setText(findTestObject("Backoffice/match_mgmt/meron_details/input_meron_weight"), Meron_Weight): Text 'Weight 1' is set on object 'Object Repository/Backoffice/match_mgmt/meron_details/input_meron_weight'

2018-12-06 12:19:59 - [MESSAGE][PASSED] - Text 'Weight 1' is set on object 'Object Repository/Backoffice/match_mgmt/meron_details/input_meron_weight'

2018-12-06 12:19:59 - [TEST_STEP][PASSED] - setText(findTestObject("Backoffice/match_mgmt/wala_details/input_wala_name"), Wala_Name): Text 'BB' is set on object 'Object Repository/Backoffice/match_mgmt/wala_details/input_wala_name'

2018-12-06 12:19:59 - [MESSAGE][PASSED] - Text 'BB' is set on object 'Object Repository/Backoffice/match_mgmt/wala_details/input_wala_name'

2018-12-06 12:19:59 - [TEST_STEP][PASSED] - setText(findTestObject("Backoffice/match_mgmt/wala_details/input_wala_farm"), Wala_Farm): Text 'Farm 2' is set on object 'Object Repository/Backoffice/match_mgmt/wala_details/input_wala_farm'

2018-12-06 12:20:00 - [MESSAGE][PASSED] - Text 'Farm 2' is set on object 'Object Repository/Backoffice/match_mgmt/wala_details/input_wala_farm'

2018-12-06 12:20:00 - [TEST_STEP][PASSED] - setText(findTestObject("Backoffice/match_mgmt/wala_details/input_wala_breed"), Wala_Breed): Text 'Breed 2' is set on object 'Object Repository/Backoffice/match_mgmt/wala_details/input_wala_breed'

2018-12-06 12:20:00 - [MESSAGE][PASSED] - Text 'Breed 2' is set on object 'Object Repository/Backoffice/match_mgmt/wala_details/input_wala_breed'

2018-12-06 12:20:00 - [TEST_STEP][PASSED] - setText(findTestObject("Backoffice/match_mgmt/wala_details/input_wala_weight"), Wala_Weight): Text 'Weight 2' is set on object 'Object Repository/Backoffice/match_mgmt/wala_details/input_wala_weight'

2018-12-06 12:20:01 - [MESSAGE][PASSED] - Text 'Weight 2' is set on object 'Object Repository/Backoffice/match_mgmt/wala_details/input_wala_weight'

2018-12-06 12:20:01 - [TEST_STEP][PASSED] - click(findTestObject("Backoffice/match_mgmt/input_submit_match")): Object: 'Object Repository/Backoffice/match_mgmt/input_submit_match' is clicked on

2018-12-06 12:20:05 - [MESSAGE][PASSED] - Object: 'Object Repository/Backoffice/match_mgmt/input_submit_match' is clicked on

2018-12-06 12:20:05 - [TEST_STEP][PASSED] - delay(1): Delayed 1 second(s)

2018-12-06 12:20:06 - [MESSAGE][PASSED] - Delayed 1 second(s)

2018-12-06 12:20:06 - [TEST_STEP][PASSED] - click(findTestObject("Backoffice/match_mgmt/button_create_match")): Object: 'Object Repository/Backoffice/match_mgmt/button_create_match' is clicked on

2018-12-06 12:20:06 - [MESSAGE][PASSED] - Object: 'Object Repository/Backoffice/match_mgmt/button_create_match' is clicked on

2018-12-06 12:20:06 - [TEST_STEP][PASSED] - delay(1): Delayed 1 second(s)

2018-12-06 12:20:07 - [MESSAGE][PASSED] - Delayed 1 second(s)

2018-12-06 12:20:07 - [TEST_STEP][PASSED] - click(findTestObject("Backoffice/match_mgmt/span_select_arena_name")): Object: 'Object Repository/Backoffice/match_mgmt/span_select_arena_name' is clicked on

2018-12-06 12:20:07 - [MESSAGE][PASSED] - Object: 'Object Repository/Backoffice/match_mgmt/span_select_arena_name' is clicked on

2018-12-06 12:20:07 - [TEST_STEP][PASSED] - setText(findTestObject("Backoffice/match_mgmt/input__select2-search__arena_name"), Arena_Acronym): Text 'JC CLAY SPORTS COMPLEX - JCSC' is set on object 'Object Repository/Backoffice/match_mgmt/input__select2-search__arena_name'

2018-12-06 12:20:10 - [MESSAGE][PASSED] - Text 'JC CLAY SPORTS COMPLEX - JCSC' is set on object 'Object Repository/Backoffice/match_mgmt/input__select2-search__arena_name'

2018-12-06 12:20:10 - [TEST_STEP][PASSED] - sendKeys(findTestObject("Backoffice/match_mgmt/input__select2-search__arena_name"), Keys.chord(ENTER)): Keys 'ENTER + ' sent to object: 'Object Repository/Backoffice/match_mgmt/input__select2-search__arena_name'

2018-12-06 12:20:10 - [MESSAGE][PASSED] - Keys 'ENTER + ' sent to object: 'Object Repository/Backoffice/match_mgmt/input__select2-search__arena_name'

2018-12-06 12:20:10 - [TEST_STEP][PASSED] - setText(findTestObject("Backoffice/match_mgmt/meron_details/input_meron_name"), Meron_Name): Text 'AA' is set on object 'Object Repository/Backoffice/match_mgmt/meron_details/input_meron_name'

2018-12-06 12:20:10 - [MESSAGE][PASSED] - Text 'AA' is set on object 'Object Repository/Backoffice/match_mgmt/meron_details/input_meron_name'

2018-12-06 12:20:10 - [TEST_STEP][PASSED] - setText(findTestObject("Backoffice/match_mgmt/meron_details/input_meron_farm"), Meron_Farm): Text 'Farm 1' is set on object 'Object Repository/Backoffice/match_mgmt/meron_details/input_meron_farm'

2018-12-06 12:20:11 - [MESSAGE][PASSED] - Text 'Farm 1' is set on object 'Object Repository/Backoffice/match_mgmt/meron_details/input_meron_farm'

2018-12-06 12:20:11 - [TEST_STEP][PASSED] - setText(findTestObject("Backoffice/match_mgmt/meron_details/input_meron_breed"), Meron_Breed): Text 'Breed 1' is set on object 'Object Repository/Backoffice/match_mgmt/meron_details/input_meron_breed'

2018-12-06 12:20:11 - [MESSAGE][PASSED] - Text 'Breed 1' is set on object 'Object Repository/Backoffice/match_mgmt/meron_details/input_meron_breed'

2018-12-06 12:20:11 - [TEST_STEP][PASSED] - setText(findTestObject("Backoffice/match_mgmt/meron_details/input_meron_weight"), Meron_Weight): Text 'Weight 1' is set on object 'Object Repository/Backoffice/match_mgmt/meron_details/input_meron_weight'

2018-12-06 12:20:12 - [MESSAGE][PASSED] - Text 'Weight 1' is set on object 'Object Repository/Backoffice/match_mgmt/meron_details/input_meron_weight'

2018-12-06 12:20:12 - [TEST_STEP][PASSED] - setText(findTestObject("Backoffice/match_mgmt/wala_details/input_wala_name"), Wala_Name): Text 'BB' is set on object 'Object Repository/Backoffice/match_mgmt/wala_details/input_wala_name'

2018-12-06 12:20:12 - [MESSAGE][PASSED] - Text 'BB' is set on object 'Object Repository/Backoffice/match_mgmt/wala_details/input_wala_name'

2018-12-06 12:20:12 - [TEST_STEP][PASSED] - setText(findTestObject("Backoffice/match_mgmt/wala_details/input_wala_farm"), Wala_Farm): Text 'Farm 2' is set on object 'Object Repository/Backoffice/match_mgmt/wala_details/input_wala_farm'

2018-12-06 12:20:12 - [MESSAGE][PASSED] - Text 'Farm 2' is set on object 'Object Repository/Backoffice/match_mgmt/wala_details/input_wala_farm'

2018-12-06 12:20:12 - [TEST_STEP][PASSED] - setText(findTestObject("Backoffice/match_mgmt/wala_details/input_wala_breed"), Wala_Breed): Text 'Breed 2' is set on object 'Object Repository/Backoffice/match_mgmt/wala_details/input_wala_breed'

2018-12-06 12:20:13 - [MESSAGE][PASSED] - Text 'Breed 2' is set on object 'Object Repository/Backoffice/match_mgmt/wala_details/input_wala_breed'

2018-12-06 12:20:13 - [TEST_STEP][PASSED] - setText(findTestObject("Backoffice/match_mgmt/wala_details/input_wala_weight"), Wala_Weight): Text 'Weight 2' is set on object 'Object Repository/Backoffice/match_mgmt/wala_details/input_wala_weight'

2018-12-06 12:20:13 - [MESSAGE][PASSED] - Text 'Weight 2' is set on object 'Object Repository/Backoffice/match_mgmt/wala_details/input_wala_weight'

2018-12-06 12:20:13 - [TEST_STEP][PASSED] - click(findTestObject("Backoffice/match_mgmt/input_submit_match")): Object: 'Object Repository/Backoffice/match_mgmt/input_submit_match' is clicked on

2018-12-06 12:20:18 - [MESSAGE][PASSED] - Object: 'Object Repository/Backoffice/match_mgmt/input_submit_match' is clicked on

2018-12-06 12:20:18 - [TEST_STEP][PASSED] - delay(1): Delayed 1 second(s)

2018-12-06 12:20:19 - [MESSAGE][PASSED] - Delayed 1 second(s)

2018-12-06 12:20:19 - [TEST_STEP][PASSED] - click(findTestObject("Backoffice/match_mgmt/button_create_match")): Object: 'Object Repository/Backoffice/match_mgmt/button_create_match' is clicked on

2018-12-06 12:20:19 - [MESSAGE][PASSED] - Object: 'Object Repository/Backoffice/match_mgmt/button_create_match' is clicked on

2018-12-06 12:20:19 - [TEST_STEP][PASSED] - delay(1): Delayed 1 second(s)

2018-12-06 12:20:20 - [MESSAGE][PASSED] - Delayed 1 second(s)

2018-12-06 12:20:20 - [TEST_STEP][PASSED] - click(findTestObject("Backoffice/match_mgmt/span_select_arena_name")): Object: 'Object Repository/Backoffice/match_mgmt/span_select_arena_name' is clicked on

2018-12-06 12:20:20 - [MESSAGE][PASSED] - Object: 'Object Repository/Backoffice/match_mgmt/span_select_arena_name' is clicked on

2018-12-06 12:20:20 - [TEST_STEP][PASSED] - setText(findTestObject("Backoffice/match_mgmt/input__select2-search__arena_name"), Arena_Acronym): Text 'JC CLAY SPORTS COMPLEX - JCSC' is set on object 'Object Repository/Backoffice/match_mgmt/input__select2-search__arena_name'

2018-12-06 12:20:23 - [MESSAGE][PASSED] - Text 'JC CLAY SPORTS COMPLEX - JCSC' is set on object 'Object Repository/Backoffice/match_mgmt/input__select2-search__arena_name'

2018-12-06 12:20:23 - [TEST_STEP][PASSED] - sendKeys(findTestObject("Backoffice/match_mgmt/input__select2-search__arena_name"), Keys.chord(ENTER)): Keys 'ENTER + ' sent to object: 'Object Repository/Backoffice/match_mgmt/input__select2-search__arena_name'

2018-12-06 12:20:23 - [MESSAGE][PASSED] - Keys 'ENTER + ' sent to object: 'Object Repository/Backoffice/match_mgmt/input__select2-search__arena_name'

2018-12-06 12:20:23 - [TEST_STEP][PASSED] - setText(findTestObject("Backoffice/match_mgmt/meron_details/input_meron_name"), Meron_Name): Text 'AA' is set on object 'Object Repository/Backoffice/match_mgmt/meron_details/input_meron_name'

2018-12-06 12:20:23 - [MESSAGE][PASSED] - Text 'AA' is set on object 'Object Repository/Backoffice/match_mgmt/meron_details/input_meron_name'

2018-12-06 12:20:23 - [TEST_STEP][PASSED] - setText(findTestObject("Backoffice/match_mgmt/meron_details/input_meron_farm"), Meron_Farm): Text 'Farm 1' is set on object 'Object Repository/Backoffice/match_mgmt/meron_details/input_meron_farm'

2018-12-06 12:20:24 - [MESSAGE][PASSED] - Text 'Farm 1' is set on object 'Object Repository/Backoffice/match_mgmt/meron_details/input_meron_farm'

2018-12-06 12:20:24 - [TEST_STEP][PASSED] - setText(findTestObject("Backoffice/match_mgmt/meron_details/input_meron_breed"), Meron_Breed): Text 'Breed 1' is set on object 'Object Repository/Backoffice/match_mgmt/meron_details/input_meron_breed'

2018-12-06 12:20:24 - [MESSAGE][PASSED] - Text 'Breed 1' is set on object 'Object Repository/Backoffice/match_mgmt/meron_details/input_meron_breed'

2018-12-06 12:20:24 - [TEST_STEP][PASSED] - setText(findTestObject("Backoffice/match_mgmt/meron_details/input_meron_weight"), Meron_Weight): Text 'Weight 1' is set on object 'Object Repository/Backoffice/match_mgmt/meron_details/input_meron_weight'

2018-12-06 12:20:25 - [MESSAGE][PASSED] - Text 'Weight 1' is set on object 'Object Repository/Backoffice/match_mgmt/meron_details/input_meron_weight'

2018-12-06 12:20:25 - [TEST_STEP][PASSED] - setText(findTestObject("Backoffice/match_mgmt/wala_details/input_wala_name"), Wala_Name): Text 'BB' is set on object 'Object Repository/Backoffice/match_mgmt/wala_details/input_wala_name'

2018-12-06 12:20:25 - [MESSAGE][PASSED] - Text 'BB' is set on object 'Object Repository/Backoffice/match_mgmt/wala_details/input_wala_name'

2018-12-06 12:20:25 - [TEST_STEP][PASSED] - setText(findTestObject("Backoffice/match_mgmt/wala_details/input_wala_farm"), Wala_Farm): Text 'Farm 2' is set on object 'Object Repository/Backoffice/match_mgmt/wala_details/input_wala_farm'

2018-12-06 12:20:26 - [MESSAGE][PASSED] - Text 'Farm 2' is set on object 'Object Repository/Backoffice/match_mgmt/wala_details/input_wala_farm'

2018-12-06 12:20:26 - [TEST_STEP][PASSED] - setText(findTestObject("Backoffice/match_mgmt/wala_details/input_wala_breed"), Wala_Breed): Text 'Breed 2' is set on object 'Object Repository/Backoffice/match_mgmt/wala_details/input_wala_breed'

2018-12-06 12:20:26 - [MESSAGE][PASSED] - Text 'Breed 2' is set on object 'Object Repository/Backoffice/match_mgmt/wala_details/input_wala_breed'

2018-12-06 12:20:26 - [TEST_STEP][PASSED] - setText(findTestObject("Backoffice/match_mgmt/wala_details/input_wala_weight"), Wala_Weight): Text 'Weight 2' is set on object 'Object Repository/Backoffice/match_mgmt/wala_details/input_wala_weight'

2018-12-06 12:20:26 - [MESSAGE][PASSED] - Text 'Weight 2' is set on object 'Object Repository/Backoffice/match_mgmt/wala_details/input_wala_weight'

2018-12-06 12:20:26 - [TEST_STEP][PASSED] - click(findTestObject("Backoffice/match_mgmt/input_submit_match")): Object: 'Object Repository/Backoffice/match_mgmt/input_submit_match' is clicked on

2018-12-06 12:20:31 - [MESSAGE][PASSED] - Object: 'Object Repository/Backoffice/match_mgmt/input_submit_match' is clicked on

2018-12-06 12:20:31 - [TEST_STEP][PASSED] - delay(1): Delayed 1 second(s)

2018-12-06 12:20:32 - [MESSAGE][PASSED] - Delayed 1 second(s)

2018-12-06 12:20:32 - [TEST_STEP][PASSED] - click(findTestObject("Backoffice/match_mgmt/button_create_match")): Object: 'Object Repository/Backoffice/match_mgmt/button_create_match' is clicked on

2018-12-06 12:20:33 - [MESSAGE][PASSED] - Object: 'Object Repository/Backoffice/match_mgmt/button_create_match' is clicked on

2018-12-06 12:20:33 - [TEST_STEP][PASSED] - delay(1): Delayed 1 second(s)

2018-12-06 12:20:34 - [MESSAGE][PASSED] - Delayed 1 second(s)

2018-12-06 12:20:34 - [TEST_STEP][PASSED] - click(findTestObject("Backoffice/match_mgmt/span_select_arena_name")): Object: 'Object Repository/Backoffice/match_mgmt/span_select_arena_name' is clicked on

2018-12-06 12:20:34 - [MESSAGE][PASSED] - Object: 'Object Repository/Backoffice/match_mgmt/span_select_arena_name' is clicked on

2018-12-06 12:20:34 - [TEST_STEP][PASSED] - setText(findTestObject("Backoffice/match_mgmt/input__select2-search__arena_name"), Arena_Acronym): Text 'JC CLAY SPORTS COMPLEX - JCSC' is set on object 'Object Repository/Backoffice/match_mgmt/input__select2-search__arena_name'

2018-12-06 12:20:36 - [MESSAGE][PASSED] - Text 'JC CLAY SPORTS COMPLEX - JCSC' is set on object 'Object Repository/Backoffice/match_mgmt/input__select2-search__arena_name'

2018-12-06 12:20:36 - [TEST_STEP][PASSED] - sendKeys(findTestObject("Backoffice/match_mgmt/input__select2-search__arena_name"), Keys.chord(ENTER)): Keys 'ENTER + ' sent to object: 'Object Repository/Backoffice/match_mgmt/input__select2-search__arena_name'

2018-12-06 12:20:37 - [MESSAGE][PASSED] - Keys 'ENTER + ' sent to object: 'Object Repository/Backoffice/match_mgmt/input__select2-search__arena_name'

2018-12-06 12:20:37 - [TEST_STEP][PASSED] - setText(findTestObject("Backoffice/match_mgmt/meron_details/input_meron_name"), Meron_Name): Text 'AA' is set on object 'Object Repository/Backoffice/match_mgmt/meron_details/input_meron_name'

2018-12-06 12:20:37 - [MESSAGE][PASSED] - Text 'AA' is set on object 'Object Repository/Backoffice/match_mgmt/meron_details/input_meron_name'

2018-12-06 12:20:37 - [TEST_STEP][PASSED] - setText(findTestObject("Backoffice/match_mgmt/meron_details/input_meron_farm"), Meron_Farm): Text 'Farm 1' is set on object 'Object Repository/Backoffice/match_mgmt/meron_details/input_meron_farm'

2018-12-06 12:20:37 - [MESSAGE][PASSED] - Text 'Farm 1' is set on object 'Object Repository/Backoffice/match_mgmt/meron_details/input_meron_farm'

2018-12-06 12:20:37 - [TEST_STEP][PASSED] - setText(findTestObject("Backoffice/match_mgmt/meron_details/input_meron_breed"), Meron_Breed): Text 'Breed 1' is set on object 'Object Repository/Backoffice/match_mgmt/meron_details/input_meron_breed'

2018-12-06 12:20:38 - [MESSAGE][PASSED] - Text 'Breed 1' is set on object 'Object Repository/Backoffice/match_mgmt/meron_details/input_meron_breed'

2018-12-06 12:20:38 - [TEST_STEP][PASSED] - setText(findTestObject("Backoffice/match_mgmt/meron_details/input_meron_weight"), Meron_Weight): Text 'Weight 1' is set on object 'Object Repository/Backoffice/match_mgmt/meron_details/input_meron_weight'

2018-12-06 12:20:38 - [MESSAGE][PASSED] - Text 'Weight 1' is set on object 'Object Repository/Backoffice/match_mgmt/meron_details/input_meron_weight'

2018-12-06 12:20:38 - [TEST_STEP][PASSED] - setText(findTestObject("Backoffice/match_mgmt/wala_details/input_wala_name"), Wala_Name): Text 'BB' is set on object 'Object Repository/Backoffice/match_mgmt/wala_details/input_wala_name'

2018-12-06 12:20:39 - [MESSAGE][PASSED] - Text 'BB' is set on object 'Object Repository/Backoffice/match_mgmt/wala_details/input_wala_name'

2018-12-06 12:20:39 - [TEST_STEP][PASSED] - setText(findTestObject("Backoffice/match_mgmt/wala_details/input_wala_farm"), Wala_Farm): Text 'Farm 2' is set on object 'Object Repository/Backoffice/match_mgmt/wala_details/input_wala_farm'

2018-12-06 12:20:39 - [MESSAGE][PASSED] - Text 'Farm 2' is set on object 'Object Repository/Backoffice/match_mgmt/wala_details/input_wala_farm'

2018-12-06 12:20:39 - [TEST_STEP][PASSED] - setText(findTestObject("Backoffice/match_mgmt/wala_details/input_wala_breed"), Wala_Breed): Text 'Breed 2' is set on object 'Object Repository/Backoffice/match_mgmt/wala_details/input_wala_breed'

2018-12-06 12:20:39 - [MESSAGE][PASSED] - Text 'Breed 2' is set on object 'Object Repository/Backoffice/match_mgmt/wala_details/input_wala_breed'

2018-12-06 12:20:39 - [TEST_STEP][PASSED] - setText(findTestObject("Backoffice/match_mgmt/wala_details/input_wala_weight"), Wala_Weight): Text 'Weight 2' is set on object 'Object Repository/Backoffice/match_mgmt/wala_details/input_wala_weight'

2018-12-06 12:20:40 - [MESSAGE][PASSED] - Text 'Weight 2' is set on object 'Object Repository/Backoffice/match_mgmt/wala_details/input_wala_weight'

2018-12-06 12:20:40 - [TEST_STEP][PASSED] - click(findTestObject("Backoffice/match_mgmt/input_submit_match")): Object: 'Object Repository/Backoffice/match_mgmt/input_submit_match' is clicked on

2018-12-06 12:20:45 - [MESSAGE][PASSED] - Object: 'Object Repository/Backoffice/match_mgmt/input_submit_match' is clicked on

2018-12-06 12:20:45 - [TEST_STEP][PASSED] - delay(1): Delayed 1 second(s)

2018-12-06 12:20:46 - [MESSAGE][PASSED] - Delayed 1 second(s)

2018-12-06 12:20:46 - [TEST_STEP][PASSED] - click(findTestObject("Backoffice/match_mgmt/button_create_match")): Object: 'Object Repository/Backoffice/match_mgmt/button_create_match' is clicked on

2018-12-06 12:20:47 - [MESSAGE][PASSED] - Object: 'Object Repository/Backoffice/match_mgmt/button_create_match' is clicked on

2018-12-06 12:20:47 - [TEST_STEP][PASSED] - delay(1): Delayed 1 second(s)

2018-12-06 12:20:48 - [MESSAGE][PASSED] - Delayed 1 second(s)

2018-12-06 12:20:48 - [TEST_STEP][PASSED] - click(findTestObject("Backoffice/match_mgmt/span_select_arena_name")): Object: 'Object Repository/Backoffice/match_mgmt/span_select_arena_name' is clicked on

2018-12-06 12:20:48 - [MESSAGE][PASSED] - Object: 'Object Repository/Backoffice/match_mgmt/span_select_arena_name' is clicked on

2018-12-06 12:20:48 - [TEST_STEP][PASSED] - setText(findTestObject("Backoffice/match_mgmt/input__select2-search__arena_name"), Arena_Acronym): Text 'JC CLAY SPORTS COMPLEX - JCSC' is set on object 'Object Repository/Backoffice/match_mgmt/input__select2-search__arena_name'

2018-12-06 12:20:50 - [MESSAGE][PASSED] - Text 'JC CLAY SPORTS COMPLEX - JCSC' is set on object 'Object Repository/Backoffice/match_mgmt/input__select2-search__arena_name'

2018-12-06 12:20:50 - [TEST_STEP][PASSED] - sendKeys(findTestObject("Backoffice/match_mgmt/input__select2-search__arena_name"), Keys.chord(ENTER)): Keys 'ENTER + ' sent to object: 'Object Repository/Backoffice/match_mgmt/input__select2-search__arena_name'

2018-12-06 12:20:50 - [MESSAGE][PASSED] - Keys 'ENTER + ' sent to object: 'Object Repository/Backoffice/match_mgmt/input__select2-search__arena_name'

2018-12-06 12:20:50 - [TEST_STEP][PASSED] - setText(findTestObject("Backoffice/match_mgmt/meron_details/input_meron_name"), Meron_Name): Text 'AA' is set on object 'Object Repository/Backoffice/match_mgmt/meron_details/input_meron_name'

2018-12-06 12:20:51 - [MESSAGE][PASSED] - Text 'AA' is set on object 'Object Repository/Backoffice/match_mgmt/meron_details/input_meron_name'

2018-12-06 12:20:51 - [TEST_STEP][PASSED] - setText(findTestObject("Backoffice/match_mgmt/meron_details/input_meron_farm"), Meron_Farm): Text 'Farm 1' is set on object 'Object Repository/Backoffice/match_mgmt/meron_details/input_meron_farm'

2018-12-06 12:20:51 - [MESSAGE][PASSED] - Text 'Farm 1' is set on object 'Object Repository/Backoffice/match_mgmt/meron_details/input_meron_farm'

2018-12-06 12:20:51 - [TEST_STEP][PASSED] - setText(findTestObject("Backoffice/match_mgmt/meron_details/input_meron_breed"), Meron_Breed): Text 'Breed 1' is set on object 'Object Repository/Backoffice/match_mgmt/meron_details/input_meron_breed'

2018-12-06 12:20:52 - [MESSAGE][PASSED] - Text 'Breed 1' is set on object 'Object Repository/Backoffice/match_mgmt/meron_details/input_meron_breed'

2018-12-06 12:20:52 - [TEST_STEP][PASSED] - setText(findTestObject("Backoffice/match_mgmt/meron_details/input_meron_weight"), Meron_Weight): Text 'Weight 1' is set on object 'Object Repository/Backoffice/match_mgmt/meron_details/input_meron_weight'

2018-12-06 12:20:52 - [MESSAGE][PASSED] - Text 'Weight 1' is set on object 'Object Repository/Backoffice/match_mgmt/meron_details/input_meron_weight'

2018-12-06 12:20:52 - [TEST_STEP][PASSED] - setText(findTestObject("Backoffice/match_mgmt/wala_details/input_wala_name"), Wala_Name): Text 'BB' is set on object 'Object Repository/Backoffice/match_mgmt/wala_details/input_wala_name'

2018-12-06 12:20:52 - [MESSAGE][PASSED] - Text 'BB' is set on object 'Object Repository/Backoffice/match_mgmt/wala_details/input_wala_name'

2018-12-06 12:20:52 - [TEST_STEP][PASSED] - setText(findTestObject("Backoffice/match_mgmt/wala_details/input_wala_farm"), Wala_Farm): Text 'Farm 2' is set on object 'Object Repository/Backoffice/match_mgmt/wala_details/input_wala_farm'

2018-12-06 12:20:53 - [MESSAGE][PASSED] - Text 'Farm 2' is set on object 'Object Repository/Backoffice/match_mgmt/wala_details/input_wala_farm'

2018-12-06 12:20:53 - [TEST_STEP][PASSED] - setText(findTestObject("Backoffice/match_mgmt/wala_details/input_wala_breed"), Wala_Breed): Text 'Breed 2' is set on object 'Object Repository/Backoffice/match_mgmt/wala_details/input_wala_breed'

2018-12-06 12:20:53 - [MESSAGE][PASSED] - Text 'Breed 2' is set on object 'Object Repository/Backoffice/match_mgmt/wala_details/input_wala_breed'

2018-12-06 12:20:53 - [TEST_STEP][PASSED] - setText(findTestObject("Backoffice/match_mgmt/wala_details/input_wala_weight"), Wala_Weight): Text 'Weight 2' is set on object 'Object Repository/Backoffice/match_mgmt/wala_details/input_wala_weight'

2018-12-06 12:20:54 - [MESSAGE][PASSED] - Text 'Weight 2' is set on object 'Object Repository/Backoffice/match_mgmt/wala_details/input_wala_weight'

2018-12-06 12:20:54 - [TEST_STEP][PASSED] - click(findTestObject("Backoffice/match_mgmt/input_submit_match")): Object: 'Object Repository/Backoffice/match_mgmt/input_submit_match' is clicked on

2018-12-06 12:20:58 - [MESSAGE][PASSED] - Object: 'Object Repository/Backoffice/match_mgmt/input_submit_match' is clicked on

2018-12-06 12:20:58 - [TEST_STEP][PASSED] - delay(1): Delayed 1 second(s)

2018-12-06 12:20:59 - [MESSAGE][PASSED] - Delayed 1 second(s)

2018-12-06 12:20:59 - [TEST_STEP][PASSED] - click(findTestObject("Backoffice/match_mgmt/button_create_match")): Object: 'Object Repository/Backoffice/match_mgmt/button_create_match' is clicked on

2018-12-06 12:20:59 - [MESSAGE][PASSED] - Object: 'Object Repository/Backoffice/match_mgmt/button_create_match' is clicked on

2018-12-06 12:20:59 - [TEST_STEP][PASSED] - delay(1): Delayed 1 second(s)

2018-12-06 12:21:00 - [MESSAGE][PASSED] - Delayed 1 second(s)

2018-12-06 12:21:00 - [TEST_STEP][PASSED] - click(findTestObject("Backoffice/match_mgmt/span_select_arena_name")): Object: 'Object Repository/Backoffice/match_mgmt/span_select_arena_name' is clicked on

2018-12-06 12:21:01 - [MESSAGE][PASSED] - Object: 'Object Repository/Backoffice/match_mgmt/span_select_arena_name' is clicked on

2018-12-06 12:21:01 - [TEST_STEP][PASSED] - setText(findTestObject("Backoffice/match_mgmt/input__select2-search__arena_name"), Arena_Acronym): Text 'JC CLAY SPORTS COMPLEX - JCSC' is set on object 'Object Repository/Backoffice/match_mgmt/input__select2-search__arena_name'

2018-12-06 12:21:03 - [MESSAGE][PASSED] - Text 'JC CLAY SPORTS COMPLEX - JCSC' is set on object 'Object Repository/Backoffice/match_mgmt/input__select2-search__arena_name'

2018-12-06 12:21:03 - [TEST_STEP][PASSED] - sendKeys(findTestObject("Backoffice/match_mgmt/input__select2-search__arena_name"), Keys.chord(ENTER)): Keys 'ENTER + ' sent to object: 'Object Repository/Backoffice/match_mgmt/input__select2-search__arena_name'

2018-12-06 12:21:03 - [MESSAGE][PASSED] - Keys 'ENTER + ' sent to object: 'Object Repository/Backoffice/match_mgmt/input__select2-search__arena_name'

2018-12-06 12:21:03 - [TEST_STEP][PASSED] - setText(findTestObject("Backoffice/match_mgmt/meron_details/input_meron_name"), Meron_Name): Text 'AA' is set on object 'Object Repository/Backoffice/match_mgmt/meron_details/input_meron_name'

2018-12-06 12:21:04 - [MESSAGE][PASSED] - Text 'AA' is set on object 'Object Repository/Backoffice/match_mgmt/meron_details/input_meron_name'

2018-12-06 12:21:04 - [TEST_STEP][PASSED] - setText(findTestObject("Backoffice/match_mgmt/meron_details/input_meron_farm"), Meron_Farm): Text 'Farm 1' is set on object 'Object Repository/Backoffice/match_mgmt/meron_details/input_meron_farm'

2018-12-06 12:21:04 - [MESSAGE][PASSED] - Text 'Farm 1' is set on object 'Object Repository/Backoffice/match_mgmt/meron_details/input_meron_farm'

2018-12-06 12:21:04 - [TEST_STEP][PASSED] - setText(findTestObject("Backoffice/match_mgmt/meron_details/input_meron_breed"), Meron_Breed): Text 'Breed 1' is set on object 'Object Repository/Backoffice/match_mgmt/meron_details/input_meron_breed'

2018-12-06 12:21:04 - [MESSAGE][PASSED] - Text 'Breed 1' is set on object 'Object Repository/Backoffice/match_mgmt/meron_details/input_meron_breed'

2018-12-06 12:21:04 - [TEST_STEP][PASSED] - setText(findTestObject("Backoffice/match_mgmt/meron_details/input_meron_weight"), Meron_Weight): Text 'Weight 1' is set on object 'Object Repository/Backoffice/match_mgmt/meron_details/input_meron_weight'

2018-12-06 12:21:05 - [MESSAGE][PASSED] - Text 'Weight 1' is set on object 'Object Repository/Backoffice/match_mgmt/meron_details/input_meron_weight'

2018-12-06 12:21:05 - [TEST_STEP][PASSED] - setText(findTestObject("Backoffice/match_mgmt/wala_details/input_wala_name"), Wala_Name): Text 'BB' is set on object 'Object Repository/Backoffice/match_mgmt/wala_details/input_wala_name'

2018-12-06 12:21:05 - [MESSAGE][PASSED] - Text 'BB' is set on object 'Object Repository/Backoffice/match_mgmt/wala_details/input_wala_name'

2018-12-06 12:21:05 - [TEST_STEP][PASSED] - setText(findTestObject("Backoffice/match_mgmt/wala_details/input_wala_farm"), Wala_Farm): Text 'Farm 2' is set on object 'Object Repository/Backoffice/match_mgmt/wala_details/input_wala_farm'

2018-12-06 12:21:06 - [MESSAGE][PASSED] - Text 'Farm 2' is set on object 'Object Repository/Backoffice/match_mgmt/wala_details/input_wala_farm'

2018-12-06 12:21:06 - [TEST_STEP][PASSED] - setText(findTestObject("Backoffice/match_mgmt/wala_details/input_wala_breed"), Wala_Breed): Text 'Breed 2' is set on object 'Object Repository/Backoffice/match_mgmt/wala_details/input_wala_breed'

2018-12-06 12:21:06 - [MESSAGE][PASSED] - Text 'Breed 2' is set on object 'Object Repository/Backoffice/match_mgmt/wala_details/input_wala_breed'

2018-12-06 12:21:06 - [TEST_STEP][PASSED] - setText(findTestObject("Backoffice/match_mgmt/wala_details/input_wala_weight"), Wala_Weight): Text 'Weight 2' is set on object 'Object Repository/Backoffice/match_mgmt/wala_details/input_wala_weight'

2018-12-06 12:21:07 - [MESSAGE][PASSED] - Text 'Weight 2' is set on object 'Object Repository/Backoffice/match_mgmt/wala_details/input_wala_weight'

2018-12-06 12:21:07 - [TEST_STEP][PASSED] - click(findTestObject("Backoffice/match_mgmt/input_submit_match")): Object: 'Object Repository/Backoffice/match_mgmt/input_submit_match' is clicked on

2018-12-06 12:21:10 - [MESSAGE][PASSED] - Object: 'Object Repository/Backoffice/match_mgmt/input_submit_match' is clicked on

2018-12-06 12:21:10 - [TEST_STEP][PASSED] - delay(1): Delayed 1 second(s)

2018-12-06 12:21:11 - [MESSAGE][PASSED] - Delayed 1 second(s)

2018-12-06 12:21:11 - [TEST_STEP][PASSED] - click(findTestObject("Backoffice/match_mgmt/button_create_match")): Object: 'Object Repository/Backoffice/match_mgmt/button_create_match' is clicked on

2018-12-06 12:21:11 - [MESSAGE][PASSED] - Object: 'Object Repository/Backoffice/match_mgmt/button_create_match' is clicked on

2018-12-06 12:21:11 - [TEST_STEP][PASSED] - delay(1): Delayed 1 second(s)

2018-12-06 12:21:12 - [MESSAGE][PASSED] - Delayed 1 second(s)

2018-12-06 12:21:12 - [TEST_STEP][PASSED] - click(findTestObject("Backoffice/match_mgmt/span_select_arena_name")): Object: 'Object Repository/Backoffice/match_mgmt/span_select_arena_name' is clicked on

2018-12-06 12:21:12 - [MESSAGE][PASSED] - Object: 'Object Repository/Backoffice/match_mgmt/span_select_arena_name' is clicked on

2018-12-06 12:21:12 - [TEST_STEP][PASSED] - setText(findTestObject("Backoffice/match_mgmt/input__select2-search__arena_name"), Arena_Acronym): Text 'JC CLAY SPORTS COMPLEX - JCSC' is set on object 'Object Repository/Backoffice/match_mgmt/input__select2-search__arena_name'

2018-12-06 12:21:15 - [MESSAGE][PASSED] - Text 'JC CLAY SPORTS COMPLEX - JCSC' is set on object 'Object Repository/Backoffice/match_mgmt/input__select2-search__arena_name'

2018-12-06 12:21:15 - [TEST_STEP][PASSED] - sendKeys(findTestObject("Backoffice/match_mgmt/input__select2-search__arena_name"), Keys.chord(ENTER)): Keys 'ENTER + ' sent to object: 'Object Repository/Backoffice/match_mgmt/input__select2-search__arena_name'

2018-12-06 12:21:15 - [MESSAGE][PASSED] - Keys 'ENTER + ' sent to object: 'Object Repository/Backoffice/match_mgmt/input__select2-search__arena_name'

2018-12-06 12:21:15 - [TEST_STEP][PASSED] - setText(findTestObject("Backoffice/match_mgmt/meron_details/input_meron_name"), Meron_Name): Text 'AA' is set on object 'Object Repository/Backoffice/match_mgmt/meron_details/input_meron_name'

2018-12-06 12:21:15 - [MESSAGE][PASSED] - Text 'AA' is set on object 'Object Repository/Backoffice/match_mgmt/meron_details/input_meron_name'

2018-12-06 12:21:15 - [TEST_STEP][PASSED] - setText(findTestObject("Backoffice/match_mgmt/meron_details/input_meron_farm"), Meron_Farm): Text 'Farm 1' is set on object 'Object Repository/Backoffice/match_mgmt/meron_details/input_meron_farm'

2018-12-06 12:21:16 - [MESSAGE][PASSED] - Text 'Farm 1' is set on object 'Object Repository/Backoffice/match_mgmt/meron_details/input_meron_farm'

2018-12-06 12:21:16 - [TEST_STEP][PASSED] - setText(findTestObject("Backoffice/match_mgmt/meron_details/input_meron_breed"), Meron_Breed): Text 'Breed 1' is set on object 'Object Repository/Backoffice/match_mgmt/meron_details/input_meron_breed'

2018-12-06 12:21:16 - [MESSAGE][PASSED] - Text 'Breed 1' is set on object 'Object Repository/Backoffice/match_mgmt/meron_details/input_meron_breed'

2018-12-06 12:21:16 - [TEST_STEP][PASSED] - setText(findTestObject("Backoffice/match_mgmt/meron_details/input_meron_weight"), Meron_Weight): Text 'Weight 1' is set on object 'Object Repository/Backoffice/match_mgmt/meron_details/input_meron_weight'

2018-12-06 12:21:16 - [MESSAGE][PASSED] - Text 'Weight 1' is set on object 'Object Repository/Backoffice/match_mgmt/meron_details/input_meron_weight'

2018-12-06 12:21:16 - [TEST_STEP][PASSED] - setText(findTestObject("Backoffice/match_mgmt/wala_details/input_wala_name"), Wala_Name): Text 'BB' is set on object 'Object Repository/Backoffice/match_mgmt/wala_details/input_wala_name'

2018-12-06 12:21:17 - [MESSAGE][PASSED] - Text 'BB' is set on object 'Object Repository/Backoffice/match_mgmt/wala_details/input_wala_name'

2018-12-06 12:21:17 - [TEST_STEP][PASSED] - setText(findTestObject("Backoffice/match_mgmt/wala_details/input_wala_farm"), Wala_Farm): Text 'Farm 2' is set on object 'Object Repository/Backoffice/match_mgmt/wala_details/input_wala_farm'

2018-12-06 12:21:17 - [MESSAGE][PASSED] - Text 'Farm 2' is set on object 'Object Repository/Backoffice/match_mgmt/wala_details/input_wala_farm'

2018-12-06 12:21:17 - [TEST_STEP][PASSED] - setText(findTestObject("Backoffice/match_mgmt/wala_details/input_wala_breed"), Wala_Breed): Text 'Breed 2' is set on object 'Object Repository/Backoffice/match_mgmt/wala_details/input_wala_breed'

2018-12-06 12:21:18 - [MESSAGE][PASSED] - Text 'Breed 2' is set on object 'Object Repository/Backoffice/match_mgmt/wala_details/input_wala_breed'

2018-12-06 12:21:18 - [TEST_STEP][PASSED] - setText(findTestObject("Backoffice/match_mgmt/wala_details/input_wala_weight"), Wala_Weight): Text 'Weight 2' is set on object 'Object Repository/Backoffice/match_mgmt/wala_details/input_wala_weight'

2018-12-06 12:21:18 - [MESSAGE][PASSED] - Text 'Weight 2' is set on object 'Object Repository/Backoffice/match_mgmt/wala_details/input_wala_weight'

2018-12-06 12:21:18 - [TEST_STEP][PASSED] - click(findTestObject("Backoffice/match_mgmt/input_submit_match")): Object: 'Object Repository/Backoffice/match_mgmt/input_submit_match' is clicked on

2018-12-06 12:21:22 - [MESSAGE][PASSED] - Object: 'Object Repository/Backoffice/match_mgmt/input_submit_match' is clicked on

2018-12-06 12:21:22 - [TEST_STEP][PASSED] - delay(1): Delayed 1 second(s)

2018-12-06 12:21:23 - [MESSAGE][PASSED] - Delayed 1 second(s)

2018-12-06 12:21:23 - [TEST_STEP][PASSED] - click(findTestObject("Backoffice/match_mgmt/button_create_match")): Object: 'Object Repository/Backoffice/match_mgmt/button_create_match' is clicked on

2018-12-06 12:21:23 - [MESSAGE][PASSED] - Object: 'Object Repository/Backoffice/match_mgmt/button_create_match' is clicked on

2018-12-06 12:21:23 - [TEST_STEP][PASSED] - delay(1): Delayed 1 second(s)

2018-12-06 12:21:24 - [MESSAGE][PASSED] - Delayed 1 second(s)

2018-12-06 12:21:24 - [TEST_STEP][PASSED] - click(findTestObject("Backoffice/match_mgmt/span_select_arena_name")): Object: 'Object Repository/Backoffice/match_mgmt/span_select_arena_name' is clicked on

2018-12-06 12:21:25 - [MESSAGE][PASSED] - Object: 'Object Repository/Backoffice/match_mgmt/span_select_arena_name' is clicked on

2018-12-06 12:21:25 - [TEST_STEP][PASSED] - setText(findTestObject("Backoffice/match_mgmt/input__select2-search__arena_name"), Arena_Acronym): Text 'JC CLAY SPORTS COMPLEX - JCSC' is set on object 'Object Repository/Backoffice/match_mgmt/input__select2-search__arena_name'

2018-12-06 12:21:27 - [MESSAGE][PASSED] - Text 'JC CLAY SPORTS COMPLEX - JCSC' is set on object 'Object Repository/Backoffice/match_mgmt/input__select2-search__arena_name'

2018-12-06 12:21:27 - [TEST_STEP][PASSED] - sendKeys(findTestObject("Backoffice/match_mgmt/input__select2-search__arena_name"), Keys.chord(ENTER)): Keys 'ENTER + ' sent to object: 'Object Repository/Backoffice/match_mgmt/input__select2-search__arena_name'

2018-12-06 12:21:27 - [MESSAGE][PASSED] - Keys 'ENTER + ' sent to object: 'Object Repository/Backoffice/match_mgmt/input__select2-search__arena_name'

2018-12-06 12:21:27 - [TEST_STEP][PASSED] - setText(findTestObject("Backoffice/match_mgmt/meron_details/input_meron_name"), Meron_Name): Text 'AA' is set on object 'Object Repository/Backoffice/match_mgmt/meron_details/input_meron_name'

2018-12-06 12:21:28 - [MESSAGE][PASSED] - Text 'AA' is set on object 'Object Repository/Backoffice/match_mgmt/meron_details/input_meron_name'

2018-12-06 12:21:28 - [TEST_STEP][PASSED] - setText(findTestObject("Backoffice/match_mgmt/meron_details/input_meron_farm"), Meron_Farm): Text 'Farm 1' is set on object 'Object Repository/Backoffice/match_mgmt/meron_details/input_meron_farm'

2018-12-06 12:21:28 - [MESSAGE][PASSED] - Text 'Farm 1' is set on object 'Object Repository/Backoffice/match_mgmt/meron_details/input_meron_farm'

2018-12-06 12:21:28 - [TEST_STEP][PASSED] - setText(findTestObject("Backoffice/match_mgmt/meron_details/input_meron_breed"), Meron_Breed): Text 'Breed 1' is set on object 'Object Repository/Backoffice/match_mgmt/meron_details/input_meron_breed'

2018-12-06 12:21:28 - [MESSAGE][PASSED] - Text 'Breed 1' is set on object 'Object Repository/Backoffice/match_mgmt/meron_details/input_meron_breed'

2018-12-06 12:21:28 - [TEST_STEP][PASSED] - setText(findTestObject("Backoffice/match_mgmt/meron_details/input_meron_weight"), Meron_Weight): Text 'Weight 1' is set on object 'Object Repository/Backoffice/match_mgmt/meron_details/input_meron_weight'

2018-12-06 12:21:29 - [MESSAGE][PASSED] - Text 'Weight 1' is set on object 'Object Repository/Backoffice/match_mgmt/meron_details/input_meron_weight'

2018-12-06 12:21:29 - [TEST_STEP][PASSED] - setText(findTestObject("Backoffice/match_mgmt/wala_details/input_wala_name"), Wala_Name): Text 'BB' is set on object 'Object Repository/Backoffice/match_mgmt/wala_details/input_wala_name'

2018-12-06 12:21:29 - [MESSAGE][PASSED] - Text 'BB' is set on object 'Object Repository/Backoffice/match_mgmt/wala_details/input_wala_name'

2018-12-06 12:21:29 - [TEST_STEP][PASSED] - setText(findTestObject("Backoffice/match_mgmt/wala_details/input_wala_farm"), Wala_Farm): Text 'Farm 2' is set on object 'Object Repository/Backoffice/match_mgmt/wala_details/input_wala_farm'

2018-12-06 12:21:30 - [MESSAGE][PASSED] - Text 'Farm 2' is set on object 'Object Repository/Backoffice/match_mgmt/wala_details/input_wala_farm'

2018-12-06 12:21:30 - [TEST_STEP][PASSED] - setText(findTestObject("Backoffice/match_mgmt/wala_details/input_wala_breed"), Wala_Breed): Text 'Breed 2' is set on object 'Object Repository/Backoffice/match_mgmt/wala_details/input_wala_breed'

2018-12-06 12:21:30 - [MESSAGE][PASSED] - Text 'Breed 2' is set on object 'Object Repository/Backoffice/match_mgmt/wala_details/input_wala_breed'

2018-12-06 12:21:30 - [TEST_STEP][PASSED] - setText(findTestObject("Backoffice/match_mgmt/wala_details/input_wala_weight"), Wala_Weight): Text 'Weight 2' is set on object 'Object Repository/Backoffice/match_mgmt/wala_details/input_wala_weight'

2018-12-06 12:21:31 - [MESSAGE][PASSED] - Text 'Weight 2' is set on object 'Object Repository/Backoffice/match_mgmt/wala_details/input_wala_weight'

2018-12-06 12:21:31 - [TEST_STEP][PASSED] - click(findTestObject("Backoffice/match_mgmt/input_submit_match")): Object: 'Object Repository/Backoffice/match_mgmt/input_submit_match' is clicked on

2018-12-06 12:21:36 - [MESSAGE][PASSED] - Object: 'Object Repository/Backoffice/match_mgmt/input_submit_match' is clicked on

2018-12-06 12:21:36 - [TEST_STEP][PASSED] - delay(1): Delayed 1 second(s)

2018-12-06 12:21:37 - [MESSAGE][PASSED] - Delayed 1 second(s)

2018-12-06 12:21:37 - [TEST_STEP][PASSED] - click(findTestObject("Backoffice/match_mgmt/button_create_match")): Object: 'Object Repository/Backoffice/match_mgmt/button_create_match' is clicked on

2018-12-06 12:21:37 - [MESSAGE][PASSED] - Object: 'Object Repository/Backoffice/match_mgmt/button_create_match' is clicked on

2018-12-06 12:21:37 - [TEST_STEP][PASSED] - delay(1): Delayed 1 second(s)

2018-12-06 12:21:38 - [MESSAGE][PASSED] - Delayed 1 second(s)

2018-12-06 12:21:38 - [TEST_STEP][PASSED] - click(findTestObject("Backoffice/match_mgmt/span_select_arena_name")): Object: 'Object Repository/Backoffice/match_mgmt/span_select_arena_name' is clicked on

2018-12-06 12:21:39 - [MESSAGE][PASSED] - Object: 'Object Repository/Backoffice/match_mgmt/span_select_arena_name' is clicked on

2018-12-06 12:21:39 - [TEST_STEP][PASSED] - setText(findTestObject("Backoffice/match_mgmt/input__select2-search__arena_name"), Arena_Acronym): Text 'JC CLAY SPORTS COMPLEX - JCSC' is set on object 'Object Repository/Backoffice/match_mgmt/input__select2-search__arena_name'

2018-12-06 12:21:41 - [MESSAGE][PASSED] - Text 'JC CLAY SPORTS COMPLEX - JCSC' is set on object 'Object Repository/Backoffice/match_mgmt/input__select2-search__arena_name'

2018-12-06 12:21:41 - [TEST_STEP][PASSED] - sendKeys(findTestObject("Backoffice/match_mgmt/input__select2-search__arena_name"), Keys.chord(ENTER)): Keys 'ENTER + ' sent to object: 'Object Repository/Backoffice/match_mgmt/input__select2-search__arena_name'

2018-12-06 12:21:41 - [MESSAGE][PASSED] - Keys 'ENTER + ' sent to object: 'Object Repository/Backoffice/match_mgmt/input__select2-search__arena_name'

2018-12-06 12:21:41 - [TEST_STEP][PASSED] - setText(findTestObject("Backoffice/match_mgmt/meron_details/input_meron_name"), Meron_Name): Text 'AA' is set on object 'Object Repository/Backoffice/match_mgmt/meron_details/input_meron_name'

2018-12-06 12:21:41 - [MESSAGE][PASSED] - Text 'AA' is set on object 'Object Repository/Backoffice/match_mgmt/meron_details/input_meron_name'

2018-12-06 12:21:41 - [TEST_STEP][PASSED] - setText(findTestObject("Backoffice/match_mgmt/meron_details/input_meron_farm"), Meron_Farm): Text 'Farm 1' is set on object 'Object Repository/Backoffice/match_mgmt/meron_details/input_meron_farm'

2018-12-06 12:21:42 - [MESSAGE][PASSED] - Text 'Farm 1' is set on object 'Object Repository/Backoffice/match_mgmt/meron_details/input_meron_farm'

2018-12-06 12:21:42 - [TEST_STEP][PASSED] - setText(findTestObject("Backoffice/match_mgmt/meron_details/input_meron_breed"), Meron_Breed): Text 'Breed 1' is set on object 'Object Repository/Backoffice/match_mgmt/meron_details/input_meron_breed'

2018-12-06 12:21:42 - [MESSAGE][PASSED] - Text 'Breed 1' is set on object 'Object Repository/Backoffice/match_mgmt/meron_details/input_meron_breed'

2018-12-06 12:21:42 - [TEST_STEP][PASSED] - setText(findTestObject("Backoffice/match_mgmt/meron_details/input_meron_weight"), Meron_Weight): Text 'Weight 1' is set on object 'Object Repository/Backoffice/match_mgmt/meron_details/input_meron_weight'

2018-12-06 12:21:43 - [MESSAGE][PASSED] - Text 'Weight 1' is set on object 'Object Repository/Backoffice/match_mgmt/meron_details/input_meron_weight'

2018-12-06 12:21:43 - [TEST_STEP][PASSED] - setText(findTestObject("Backoffice/match_mgmt/wala_details/input_wala_name"), Wala_Name): Text 'BB' is set on object 'Object Repository/Backoffice/match_mgmt/wala_details/input_wala_name'

2018-12-06 12:21:43 - [MESSAGE][PASSED] - Text 'BB' is set on object 'Object Repository/Backoffice/match_mgmt/wala_details/input_wala_name'

2018-12-06 12:21:43 - [TEST_STEP][PASSED] - setText(findTestObject("Backoffice/match_mgmt/wala_details/input_wala_farm"), Wala_Farm): Text 'Farm 2' is set on object 'Object Repository/Backoffice/match_mgmt/wala_details/input_wala_farm'

2018-12-06 12:21:44 - [MESSAGE][PASSED] - Text 'Farm 2' is set on object 'Object Repository/Backoffice/match_mgmt/wala_details/input_wala_farm'

2018-12-06 12:21:44 - [TEST_STEP][PASSED] - setText(findTestObject("Backoffice/match_mgmt/wala_details/input_wala_breed"), Wala_Breed): Text 'Breed 2' is set on object 'Object Repository/Backoffice/match_mgmt/wala_details/input_wala_breed'

2018-12-06 12:21:44 - [MESSAGE][PASSED] - Text 'Breed 2' is set on object 'Object Repository/Backoffice/match_mgmt/wala_details/input_wala_breed'

2018-12-06 12:21:44 - [TEST_STEP][PASSED] - setText(findTestObject("Backoffice/match_mgmt/wala_details/input_wala_weight"), Wala_Weight): Text 'Weight 2' is set on object 'Object Repository/Backoffice/match_mgmt/wala_details/input_wala_weight'

2018-12-06 12:21:44 - [MESSAGE][PASSED] - Text 'Weight 2' is set on object 'Object Repository/Backoffice/match_mgmt/wala_details/input_wala_weight'

2018-12-06 12:21:44 - [TEST_STEP][PASSED] - click(findTestObject("Backoffice/match_mgmt/input_submit_match")): Object: 'Object Repository/Backoffice/match_mgmt/input_submit_match' is clicked on

2018-12-06 12:21:49 - [MESSAGE][PASSED] - Object: 'Object Repository/Backoffice/match_mgmt/input_submit_match' is clicked on

2018-12-06 12:21:49 - [TEST_STEP][PASSED] - delay(1): Delayed 1 second(s)

2018-12-06 12:21:50 - [MESSAGE][PASSED] - Delayed 1 second(s)

2018-12-06 12:21:50 - [TEST_STEP][PASSED] - click(findTestObject("Backoffice/match_mgmt/button_create_match")): Object: 'Object Repository/Backoffice/match_mgmt/button_create_match' is clicked on

2018-12-06 12:21:50 - [MESSAGE][PASSED] - Object: 'Object Repository/Backoffice/match_mgmt/button_create_match' is clicked on

2018-12-06 12:21:50 - [TEST_STEP][PASSED] - delay(1): Delayed 1 second(s)

2018-12-06 12:21:51 - [MESSAGE][PASSED] - Delayed 1 second(s)

2018-12-06 12:21:51 - [TEST_STEP][PASSED] - click(findTestObject("Backoffice/match_mgmt/span_select_arena_name")): Object: 'Object Repository/Backoffice/match_mgmt/span_select_arena_name' is clicked on

2018-12-06 12:21:51 - [MESSAGE][PASSED] - Object: 'Object Repository/Backoffice/match_mgmt/span_select_arena_name' is clicked on

2018-12-06 12:21:51 - [TEST_STEP][PASSED] - setText(findTestObject("Backoffice/match_mgmt/input__select2-search__arena_name"), Arena_Acronym): Text 'JC CLAY SPORTS COMPLEX - JCSC' is set on object 'Object Repository/Backoffice/match_mgmt/input__select2-search__arena_name'

2018-12-06 12:21:53 - [MESSAGE][PASSED] - Text 'JC CLAY SPORTS COMPLEX - JCSC' is set on object 'Object Repository/Backoffice/match_mgmt/input__select2-search__arena_name'

2018-12-06 12:21:53 - [TEST_STEP][PASSED] - sendKeys(findTestObject("Backoffice/match_mgmt/input__select2-search__arena_name"), Keys.chord(ENTER)): Keys 'ENTER + ' sent to object: 'Object Repository/Backoffice/match_mgmt/input__select2-search__arena_name'

2018-12-06 12:21:53 - [MESSAGE][PASSED] - Keys 'ENTER + ' sent to object: 'Object Repository/Backoffice/match_mgmt/input__select2-search__arena_name'

2018-12-06 12:21:53 - [TEST_STEP][PASSED] - setText(findTestObject("Backoffice/match_mgmt/meron_details/input_meron_name"), Meron_Name): Text 'AA' is set on object 'Object Repository/Backoffice/match_mgmt/meron_details/input_meron_name'

2018-12-06 12:21:54 - [MESSAGE][PASSED] - Text 'AA' is set on object 'Object Repository/Backoffice/match_mgmt/meron_details/input_meron_name'

2018-12-06 12:21:54 - [TEST_STEP][PASSED] - setText(findTestObject("Backoffice/match_mgmt/meron_details/input_meron_farm"), Meron_Farm): Text 'Farm 1' is set on object 'Object Repository/Backoffice/match_mgmt/meron_details/input_meron_farm'

2018-12-06 12:21:54 - [MESSAGE][PASSED] - Text 'Farm 1' is set on object 'Object Repository/Backoffice/match_mgmt/meron_details/input_meron_farm'

2018-12-06 12:21:54 - [TEST_STEP][PASSED] - setText(findTestObject("Backoffice/match_mgmt/meron_details/input_meron_breed"), Meron_Breed): Text 'Breed 1' is set on object 'Object Repository/Backoffice/match_mgmt/meron_details/input_meron_breed'

2018-12-06 12:21:55 - [MESSAGE][PASSED] - Text 'Breed 1' is set on object 'Object Repository/Backoffice/match_mgmt/meron_details/input_meron_breed'

2018-12-06 12:21:55 - [TEST_STEP][PASSED] - setText(findTestObject("Backoffice/match_mgmt/meron_details/input_meron_weight"), Meron_Weight): Text 'Weight 1' is set on object 'Object Repository/Backoffice/match_mgmt/meron_details/input_meron_weight'

2018-12-06 12:21:55 - [MESSAGE][PASSED] - Text 'Weight 1' is set on object 'Object Repository/Backoffice/match_mgmt/meron_details/input_meron_weight'

2018-12-06 12:21:55 - [TEST_STEP][PASSED] - setText(findTestObject("Backoffice/match_mgmt/wala_details/input_wala_name"), Wala_Name): Text 'BB' is set on object 'Object Repository/Backoffice/match_mgmt/wala_details/input_wala_name'

2018-12-06 12:21:55 - [MESSAGE][PASSED] - Text 'BB' is set on object 'Object Repository/Backoffice/match_mgmt/wala_details/input_wala_name'

2018-12-06 12:21:55 - [TEST_STEP][PASSED] - setText(findTestObject("Backoffice/match_mgmt/wala_details/input_wala_farm"), Wala_Farm): Text 'Farm 2' is set on object 'Object Repository/Backoffice/match_mgmt/wala_details/input_wala_farm'

2018-12-06 12:21:56 - [MESSAGE][PASSED] - Text 'Farm 2' is set on object 'Object Repository/Backoffice/match_mgmt/wala_details/input_wala_farm'

2018-12-06 12:21:56 - [TEST_STEP][PASSED] - setText(findTestObject("Backoffice/match_mgmt/wala_details/input_wala_breed"), Wala_Breed): Text 'Breed 2' is set on object 'Object Repository/Backoffice/match_mgmt/wala_details/input_wala_breed'

2018-12-06 12:21:56 - [MESSAGE][PASSED] - Text 'Breed 2' is set on object 'Object Repository/Backoffice/match_mgmt/wala_details/input_wala_breed'

2018-12-06 12:21:56 - [TEST_STEP][PASSED] - setText(findTestObject("Backoffice/match_mgmt/wala_details/input_wala_weight"), Wala_Weight): Text 'Weight 2' is set on object 'Object Repository/Backoffice/match_mgmt/wala_details/input_wala_weight'

2018-12-06 12:21:57 - [MESSAGE][PASSED] - Text 'Weight 2' is set on object 'Object Repository/Backoffice/match_mgmt/wala_details/input_wala_weight'

2018-12-06 12:21:57 - [TEST_STEP][PASSED] - click(findTestObject("Backoffice/match_mgmt/input_submit_match")): Object: 'Object Repository/Backoffice/match_mgmt/input_submit_match' is clicked on

2018-12-06 12:22:04 - [MESSAGE][PASSED] - Object: 'Object Repository/Backoffice/match_mgmt/input_submit_match' is clicked on

2018-12-06 12:22:04 - [TEST_STEP][PASSED] - delay(1): Delayed 1 second(s)

2018-12-06 12:22:05 - [MESSAGE][PASSED] - Delayed 1 second(s)

2018-12-06 12:22:05 - [TEST_STEP][PASSED] - click(findTestObject("Backoffice/match_mgmt/button_create_match")): Object: 'Object Repository/Backoffice/match_mgmt/button_create_match' is clicked on

2018-12-06 12:22:05 - [MESSAGE][PASSED] - Object: 'Object Repository/Backoffice/match_mgmt/button_create_match' is clicked on

2018-12-06 12:22:05 - [TEST_STEP][PASSED] - delay(1): Delayed 1 second(s)

2018-12-06 12:22:06 - [MESSAGE][PASSED] - Delayed 1 second(s)

2018-12-06 12:22:06 - [TEST_STEP][PASSED] - click(findTestObject("Backoffice/match_mgmt/span_select_arena_name")): Object: 'Object Repository/Backoffice/match_mgmt/span_select_arena_name' is clicked on

2018-12-06 12:22:07 - [MESSAGE][PASSED] - Object: 'Object Repository/Backoffice/match_mgmt/span_select_arena_name' is clicked on

2018-12-06 12:22:07 - [TEST_STEP][PASSED] - setText(findTestObject("Backoffice/match_mgmt/input__select2-search__arena_name"), Arena_Acronym): Text 'JC CLAY SPORTS COMPLEX - JCSC' is set on object 'Object Repository/Backoffice/match_mgmt/input__select2-search__arena_name'

2018-12-06 12:22:09 - [MESSAGE][PASSED] - Text 'JC CLAY SPORTS COMPLEX - JCSC' is set on object 'Object Repository/Backoffice/match_mgmt/input__select2-search__arena_name'

2018-12-06 12:22:09 - [TEST_STEP][PASSED] - sendKeys(findTestObject("Backoffice/match_mgmt/input__select2-search__arena_name"), Keys.chord(ENTER)): Keys 'ENTER + ' sent to object: 'Object Repository/Backoffice/match_mgmt/input__select2-search__arena_name'

2018-12-06 12:22:09 - [MESSAGE][PASSED] - Keys 'ENTER + ' sent to object: 'Object Repository/Backoffice/match_mgmt/input__select2-search__arena_name'

2018-12-06 12:22:09 - [TEST_STEP][PASSED] - setText(findTestObject("Backoffice/match_mgmt/meron_details/input_meron_name"), Meron_Name): Text 'AA' is set on object 'Object Repository/Backoffice/match_mgmt/meron_details/input_meron_name'

2018-12-06 12:22:10 - [MESSAGE][PASSED] - Text 'AA' is set on object 'Object Repository/Backoffice/match_mgmt/meron_details/input_meron_name'

2018-12-06 12:22:10 - [TEST_STEP][PASSED] - setText(findTestObject("Backoffice/match_mgmt/meron_details/input_meron_farm"), Meron_Farm): Text 'Farm 1' is set on object 'Object Repository/Backoffice/match_mgmt/meron_details/input_meron_farm'

2018-12-06 12:22:10 - [MESSAGE][PASSED] - Text 'Farm 1' is set on object 'Object Repository/Backoffice/match_mgmt/meron_details/input_meron_farm'

2018-12-06 12:22:10 - [TEST_STEP][PASSED] - setText(findTestObject("Backoffice/match_mgmt/meron_details/input_meron_breed"), Meron_Breed): Text 'Breed 1' is set on object 'Object Repository/Backoffice/match_mgmt/meron_details/input_meron_breed'

2018-12-06 12:22:10 - [MESSAGE][PASSED] - Text 'Breed 1' is set on object 'Object Repository/Backoffice/match_mgmt/meron_details/input_meron_breed'

2018-12-06 12:22:10 - [TEST_STEP][PASSED] - setText(findTestObject("Backoffice/match_mgmt/meron_details/input_meron_weight"), Meron_Weight): Text 'Weight 1' is set on object 'Object Repository/Backoffice/match_mgmt/meron_details/input_meron_weight'

2018-12-06 12:22:11 - [MESSAGE][PASSED] - Text 'Weight 1' is set on object 'Object Repository/Backoffice/match_mgmt/meron_details/input_meron_weight'

2018-12-06 12:22:11 - [TEST_STEP][PASSED] - setText(findTestObject("Backoffice/match_mgmt/wala_details/input_wala_name"), Wala_Name): Text 'BB' is set on object 'Object Repository/Backoffice/match_mgmt/wala_details/input_wala_name'

2018-12-06 12:22:11 - [MESSAGE][PASSED] - Text 'BB' is set on object 'Object Repository/Backoffice/match_mgmt/wala_details/input_wala_name'

2018-12-06 12:22:11 - [TEST_STEP][PASSED] - setText(findTestObject("Backoffice/match_mgmt/wala_details/input_wala_farm"), Wala_Farm): Text 'Farm 2' is set on object 'Object Repository/Backoffice/match_mgmt/wala_details/input_wala_farm'

2018-12-06 12:22:11 - [MESSAGE][PASSED] - Text 'Farm 2' is set on object 'Object Repository/Backoffice/match_mgmt/wala_details/input_wala_farm'

2018-12-06 12:22:11 - [TEST_STEP][PASSED] - setText(findTestObject("Backoffice/match_mgmt/wala_details/input_wala_breed"), Wala_Breed): Text 'Breed 2' is set on object 'Object Repository/Backoffice/match_mgmt/wala_details/input_wala_breed'

2018-12-06 12:22:12 - [MESSAGE][PASSED] - Text 'Breed 2' is set on object 'Object Repository/Backoffice/match_mgmt/wala_details/input_wala_breed'

2018-12-06 12:22:12 - [TEST_STEP][PASSED] - setText(findTestObject("Backoffice/match_mgmt/wala_details/input_wala_weight"), Wala_Weight): Text 'Weight 2' is set on object 'Object Repository/Backoffice/match_mgmt/wala_details/input_wala_weight'

2018-12-06 12:22:12 - [MESSAGE][PASSED] - Text 'Weight 2' is set on object 'Object Repository/Backoffice/match_mgmt/wala_details/input_wala_weight'

2018-12-06 12:22:12 - [TEST_STEP][PASSED] - click(findTestObject("Backoffice/match_mgmt/input_submit_match")): Object: 'Object Repository/Backoffice/match_mgmt/input_submit_match' is clicked on

2018-12-06 12:22:17 - [MESSAGE][PASSED] - Object: 'Object Repository/Backoffice/match_mgmt/input_submit_match' is clicked on

2018-12-06 12:22:17 - [TEST_STEP][PASSED] - delay(1): Delayed 1 second(s)

2018-12-06 12:22:18 - [MESSAGE][PASSED] - Delayed 1 second(s)

2018-12-06 12:22:18 - [TEST_STEP][PASSED] - click(findTestObject("Backoffice/match_mgmt/button_create_match")): Object: 'Object Repository/Backoffice/match_mgmt/button_create_match' is clicked on

2018-12-06 12:22:19 - [MESSAGE][PASSED] - Object: 'Object Repository/Backoffice/match_mgmt/button_create_match' is clicked on

2018-12-06 12:22:19 - [TEST_STEP][PASSED] - delay(1): Delayed 1 second(s)

2018-12-06 12:22:20 - [MESSAGE][PASSED] - Delayed 1 second(s)

2018-12-06 12:22:20 - [TEST_STEP][PASSED] - click(findTestObject("Backoffice/match_mgmt/span_select_arena_name")): Object: 'Object Repository/Backoffice/match_mgmt/span_select_arena_name' is clicked on

2018-12-06 12:22:20 - [MESSAGE][PASSED] - Object: 'Object Repository/Backoffice/match_mgmt/span_select_arena_name' is clicked on

2018-12-06 12:22:20 - [TEST_STEP][PASSED] - setText(findTestObject("Backoffice/match_mgmt/input__select2-search__arena_name"), Arena_Acronym): Text 'JC CLAY SPORTS COMPLEX - JCSC' is set on object 'Object Repository/Backoffice/match_mgmt/input__select2-search__arena_name'

2018-12-06 12:22:22 - [MESSAGE][PASSED] - Text 'JC CLAY SPORTS COMPLEX - JCSC' is set on object 'Object Repository/Backoffice/match_mgmt/input__select2-search__arena_name'

2018-12-06 12:22:22 - [TEST_STEP][PASSED] - sendKeys(findTestObject("Backoffice/match_mgmt/input__select2-search__arena_name"), Keys.chord(ENTER)): Keys 'ENTER + ' sent to object: 'Object Repository/Backoffice/match_mgmt/input__select2-search__arena_name'

2018-12-06 12:22:22 - [MESSAGE][PASSED] - Keys 'ENTER + ' sent to object: 'Object Repository/Backoffice/match_mgmt/input__select2-search__arena_name'

2018-12-06 12:22:22 - [TEST_STEP][PASSED] - setText(findTestObject("Backoffice/match_mgmt/meron_details/input_meron_name"), Meron_Name): Text 'AA' is set on object 'Object Repository/Backoffice/match_mgmt/meron_details/input_meron_name'

2018-12-06 12:22:23 - [MESSAGE][PASSED] - Text 'AA' is set on object 'Object Repository/Backoffice/match_mgmt/meron_details/input_meron_name'

2018-12-06 12:22:23 - [TEST_STEP][PASSED] - setText(findTestObject("Backoffice/match_mgmt/meron_details/input_meron_farm"), Meron_Farm): Text 'Farm 1' is set on object 'Object Repository/Backoffice/match_mgmt/meron_details/input_meron_farm'

2018-12-06 12:22:23 - [MESSAGE][PASSED] - Text 'Farm 1' is set on object 'Object Repository/Backoffice/match_mgmt/meron_details/input_meron_farm'

2018-12-06 12:22:23 - [TEST_STEP][PASSED] - setText(findTestObject("Backoffice/match_mgmt/meron_details/input_meron_breed"), Meron_Breed): Text 'Breed 1' is set on object 'Object Repository/Backoffice/match_mgmt/meron_details/input_meron_breed'

2018-12-06 12:22:24 - [MESSAGE][PASSED] - Text 'Breed 1' is set on object 'Object Repository/Backoffice/match_mgmt/meron_details/input_meron_breed'

2018-12-06 12:22:24 - [TEST_STEP][PASSED] - setText(findTestObject("Backoffice/match_mgmt/meron_details/input_meron_weight"), Meron_Weight): Text 'Weight 1' is set on object 'Object Repository/Backoffice/match_mgmt/meron_details/input_meron_weight'

2018-12-06 12:22:24 - [MESSAGE][PASSED] - Text 'Weight 1' is set on object 'Object Repository/Backoffice/match_mgmt/meron_details/input_meron_weight'

2018-12-06 12:22:24 - [TEST_STEP][PASSED] - setText(findTestObject("Backoffice/match_mgmt/wala_details/input_wala_name"), Wala_Name): Text 'BB' is set on object 'Object Repository/Backoffice/match_mgmt/wala_details/input_wala_name'

2018-12-06 12:22:25 - [MESSAGE][PASSED] - Text 'BB' is set on object 'Object Repository/Backoffice/match_mgmt/wala_details/input_wala_name'

2018-12-06 12:22:25 - [TEST_STEP][PASSED] - setText(findTestObject("Backoffice/match_mgmt/wala_details/input_wala_farm"), Wala_Farm): Text 'Farm 2' is set on object 'Object Repository/Backoffice/match_mgmt/wala_details/input_wala_farm'

2018-12-06 12:22:25 - [MESSAGE][PASSED] - Text 'Farm 2' is set on object 'Object Repository/Backoffice/match_mgmt/wala_details/input_wala_farm'

2018-12-06 12:22:25 - [TEST_STEP][PASSED] - setText(findTestObject("Backoffice/match_mgmt/wala_details/input_wala_breed"), Wala_Breed): Text 'Breed 2' is set on object 'Object Repository/Backoffice/match_mgmt/wala_details/input_wala_breed'

2018-12-06 12:22:26 - [MESSAGE][PASSED] - Text 'Breed 2' is set on object 'Object Repository/Backoffice/match_mgmt/wala_details/input_wala_breed'

2018-12-06 12:22:26 - [TEST_STEP][PASSED] - setText(findTestObject("Backoffice/match_mgmt/wala_details/input_wala_weight"), Wala_Weight): Text 'Weight 2' is set on object 'Object Repository/Backoffice/match_mgmt/wala_details/input_wala_weight'

2018-12-06 12:22:26 - [MESSAGE][PASSED] - Text 'Weight 2' is set on object 'Object Repository/Backoffice/match_mgmt/wala_details/input_wala_weight'

2018-12-06 12:22:26 - [TEST_STEP][PASSED] - click(findTestObject("Backoffice/match_mgmt/input_submit_match")): Object: 'Object Repository/Backoffice/match_mgmt/input_submit_match' is clicked on

2018-12-06 12:22:30 - [MESSAGE][PASSED] - Object: 'Object Repository/Backoffice/match_mgmt/input_submit_match' is clicked on

2018-12-06 12:22:30 - [TEST_STEP][PASSED] - delay(1): Delayed 1 second(s)

2018-12-06 12:22:31 - [MESSAGE][PASSED] - Delayed 1 second(s)

2018-12-06 12:22:31 - [TEST_STEP][PASSED] - click(findTestObject("Backoffice/match_mgmt/button_create_match")): Object: 'Object Repository/Backoffice/match_mgmt/button_create_match' is clicked on

2018-12-06 12:22:32 - [MESSAGE][PASSED] - Object: 'Object Repository/Backoffice/match_mgmt/button_create_match' is clicked on

2018-12-06 12:22:32 - [TEST_STEP][PASSED] - delay(1): Delayed 1 second(s)

2018-12-06 12:22:33 - [MESSAGE][PASSED] - Delayed 1 second(s)

2018-12-06 12:22:33 - [TEST_STEP][PASSED] - click(findTestObject("Backoffice/match_mgmt/span_select_arena_name")): Object: 'Object Repository/Backoffice/match_mgmt/span_select_arena_name' is clicked on

2018-12-06 12:22:33 - [MESSAGE][PASSED] - Object: 'Object Repository/Backoffice/match_mgmt/span_select_arena_name' is clicked on

2018-12-06 12:22:33 - [TEST_STEP][PASSED] - setText(findTestObject("Backoffice/match_mgmt/input__select2-search__arena_name"), Arena_Acronym): Text 'JC CLAY SPORTS COMPLEX - JCSC' is set on object 'Object Repository/Backoffice/match_mgmt/input__select2-search__arena_name'

2018-12-06 12:22:35 - [MESSAGE][PASSED] - Text 'JC CLAY SPORTS COMPLEX - JCSC' is set on object 'Object Repository/Backoffice/match_mgmt/input__select2-search__arena_name'

2018-12-06 12:22:35 - [TEST_STEP][PASSED] - sendKeys(findTestObject("Backoffice/match_mgmt/input__select2-search__arena_name"), Keys.chord(ENTER)): Keys 'ENTER + ' sent to object: 'Object Repository/Backoffice/match_mgmt/input__select2-search__arena_name'

2018-12-06 12:22:36 - [MESSAGE][PASSED] - Keys 'ENTER + ' sent to object: 'Object Repository/Backoffice/match_mgmt/input__select2-search__arena_name'

2018-12-06 12:22:36 - [TEST_STEP][PASSED] - setText(findTestObject("Backoffice/match_mgmt/meron_details/input_meron_name"), Meron_Name): Text 'AA' is set on object 'Object Repository/Backoffice/match_mgmt/meron_details/input_meron_name'

2018-12-06 12:22:36 - [MESSAGE][PASSED] - Text 'AA' is set on object 'Object Repository/Backoffice/match_mgmt/meron_details/input_meron_name'

2018-12-06 12:22:36 - [TEST_STEP][PASSED] - setText(findTestObject("Backoffice/match_mgmt/meron_details/input_meron_farm"), Meron_Farm): Text 'Farm 1' is set on object 'Object Repository/Backoffice/match_mgmt/meron_details/input_meron_farm'

2018-12-06 12:22:36 - [MESSAGE][PASSED] - Text 'Farm 1' is set on object 'Object Repository/Backoffice/match_mgmt/meron_details/input_meron_farm'

2018-12-06 12:22:36 - [TEST_STEP][PASSED] - setText(findTestObject("Backoffice/match_mgmt/meron_details/input_meron_breed"), Meron_Breed): Text 'Breed 1' is set on object 'Object Repository/Backoffice/match_mgmt/meron_details/input_meron_breed'

2018-12-06 12:22:37 - [MESSAGE][PASSED] - Text 'Breed 1' is set on object 'Object Repository/Backoffice/match_mgmt/meron_details/input_meron_breed'

2018-12-06 12:22:37 - [TEST_STEP][PASSED] - setText(findTestObject("Backoffice/match_mgmt/meron_details/input_meron_weight"), Meron_Weight): Text 'Weight 1' is set on object 'Object Repository/Backoffice/match_mgmt/meron_details/input_meron_weight'

2018-12-06 12:22:37 - [MESSAGE][PASSED] - Text 'Weight 1' is set on object 'Object Repository/Backoffice/match_mgmt/meron_details/input_meron_weight'

2018-12-06 12:22:37 - [TEST_STEP][PASSED] - setText(findTestObject("Backoffice/match_mgmt/wala_details/input_wala_name"), Wala_Name): Text 'BB' is set on object 'Object Repository/Backoffice/match_mgmt/wala_details/input_wala_name'

2018-12-06 12:22:38 - [MESSAGE][PASSED] - Text 'BB' is set on object 'Object Repository/Backoffice/match_mgmt/wala_details/input_wala_name'

2018-12-06 12:22:38 - [TEST_STEP][PASSED] - setText(findTestObject("Backoffice/match_mgmt/wala_details/input_wala_farm"), Wala_Farm): Text 'Farm 2' is set on object 'Object Repository/Backoffice/match_mgmt/wala_details/input_wala_farm'

2018-12-06 12:22:38 - [MESSAGE][PASSED] - Text 'Farm 2' is set on object 'Object Repository/Backoffice/match_mgmt/wala_details/input_wala_farm'

2018-12-06 12:22:38 - [TEST_STEP][PASSED] - setText(findTestObject("Backoffice/match_mgmt/wala_details/input_wala_breed"), Wala_Breed): Text 'Breed 2' is set on object 'Object Repository/Backoffice/match_mgmt/wala_details/input_wala_breed'

2018-12-06 12:22:38 - [MESSAGE][PASSED] - Text 'Breed 2' is set on object 'Object Repository/Backoffice/match_mgmt/wala_details/input_wala_breed'

2018-12-06 12:22:38 - [TEST_STEP][PASSED] - setText(findTestObject("Backoffice/match_mgmt/wala_details/input_wala_weight"), Wala_Weight): Text 'Weight 2' is set on object 'Object Repository/Backoffice/match_mgmt/wala_details/input_wala_weight'

2018-12-06 12:22:39 - [MESSAGE][PASSED] - Text 'Weight 2' is set on object 'Object Repository/Backoffice/match_mgmt/wala_details/input_wala_weight'

2018-12-06 12:22:39 - [TEST_STEP][PASSED] - click(findTestObject("Backoffice/match_mgmt/input_submit_match")): Object: 'Object Repository/Backoffice/match_mgmt/input_submit_match' is clicked on

2018-12-06 12:22:45 - [MESSAGE][PASSED] - Object: 'Object Repository/Backoffice/match_mgmt/input_submit_match' is clicked on

2018-12-06 12:22:45 - [TEST_STEP][PASSED] - delay(1): Delayed 1 second(s)

2018-12-06 12:22:46 - [MESSAGE][PASSED] - Delayed 1 second(s)

2018-12-06 12:22:46 - [TEST_STEP][PASSED] - click(findTestObject("Backoffice/match_mgmt/button_create_match")): Object: 'Object Repository/Backoffice/match_mgmt/button_create_match' is clicked on

2018-12-06 12:22:46 - [MESSAGE][PASSED] - Object: 'Object Repository/Backoffice/match_mgmt/button_create_match' is clicked on

2018-12-06 12:22:46 - [TEST_STEP][PASSED] - delay(1): Delayed 1 second(s)

2018-12-06 12:22:47 - [MESSAGE][PASSED] - Delayed 1 second(s)

2018-12-06 12:22:47 - [TEST_STEP][PASSED] - click(findTestObject("Backoffice/match_mgmt/span_select_arena_name")): Object: 'Object Repository/Backoffice/match_mgmt/span_select_arena_name' is clicked on

2018-12-06 12:22:47 - [MESSAGE][PASSED] - Object: 'Object Repository/Backoffice/match_mgmt/span_select_arena_name' is clicked on

2018-12-06 12:22:47 - [TEST_STEP][PASSED] - setText(findTestObject("Backoffice/match_mgmt/input__select2-search__arena_name"), Arena_Acronym): Text 'JC CLAY SPORTS COMPLEX - JCSC' is set on object 'Object Repository/Backoffice/match_mgmt/input__select2-search__arena_name'

2018-12-06 12:22:50 - [MESSAGE][PASSED] - Text 'JC CLAY SPORTS COMPLEX - JCSC' is set on object 'Object Repository/Backoffice/match_mgmt/input__select2-search__arena_name'

2018-12-06 12:22:50 - [TEST_STEP][PASSED] - sendKeys(findTestObject("Backoffice/match_mgmt/input__select2-search__arena_name"), Keys.chord(ENTER)): Keys 'ENTER + ' sent to object: 'Object Repository/Backoffice/match_mgmt/input__select2-search__arena_name'

2018-12-06 12:22:50 - [MESSAGE][PASSED] - Keys 'ENTER + ' sent to object: 'Object Repository/Backoffice/match_mgmt/input__select2-search__arena_name'

2018-12-06 12:22:50 - [TEST_STEP][PASSED] - setText(findTestObject("Backoffice/match_mgmt/meron_details/input_meron_name"), Meron_Name): Text 'AA' is set on object 'Object Repository/Backoffice/match_mgmt/meron_details/input_meron_name'

2018-12-06 12:22:50 - [MESSAGE][PASSED] - Text 'AA' is set on object 'Object Repository/Backoffice/match_mgmt/meron_details/input_meron_name'

2018-12-06 12:22:50 - [TEST_STEP][PASSED] - setText(findTestObject("Backoffice/match_mgmt/meron_details/input_meron_farm"), Meron_Farm): Text 'Farm 1' is set on object 'Object Repository/Backoffice/match_mgmt/meron_details/input_meron_farm'

2018-12-06 12:22:51 - [MESSAGE][PASSED] - Text 'Farm 1' is set on object 'Object Repository/Backoffice/match_mgmt/meron_details/input_meron_farm'

2018-12-06 12:22:51 - [TEST_STEP][PASSED] - setText(findTestObject("Backoffice/match_mgmt/meron_details/input_meron_breed"), Meron_Breed): Text 'Breed 1' is set on object 'Object Repository/Backoffice/match_mgmt/meron_details/input_meron_breed'

2018-12-06 12:22:51 - [MESSAGE][PASSED] - Text 'Breed 1' is set on object 'Object Repository/Backoffice/match_mgmt/meron_details/input_meron_breed'

2018-12-06 12:22:51 - [TEST_STEP][PASSED] - setText(findTestObject("Backoffice/match_mgmt/meron_details/input_meron_weight"), Meron_Weight): Text 'Weight 1' is set on object 'Object Repository/Backoffice/match_mgmt/meron_details/input_meron_weight'

2018-12-06 12:22:52 - [MESSAGE][PASSED] - Text 'Weight 1' is set on object 'Object Repository/Backoffice/match_mgmt/meron_details/input_meron_weight'

2018-12-06 12:22:52 - [TEST_STEP][PASSED] - setText(findTestObject("Backoffice/match_mgmt/wala_details/input_wala_name"), Wala_Name): Text 'BB' is set on object 'Object Repository/Backoffice/match_mgmt/wala_details/input_wala_name'

2018-12-06 12:22:52 - [MESSAGE][PASSED] - Text 'BB' is set on object 'Object Repository/Backoffice/match_mgmt/wala_details/input_wala_name'

2018-12-06 12:22:52 - [TEST_STEP][PASSED] - setText(findTestObject("Backoffice/match_mgmt/wala_details/input_wala_farm"), Wala_Farm): Text 'Farm 2' is set on object 'Object Repository/Backoffice/match_mgmt/wala_details/input_wala_farm'

2018-12-06 12:22:52 - [MESSAGE][PASSED] - Text 'Farm 2' is set on object 'Object Repository/Backoffice/match_mgmt/wala_details/input_wala_farm'

2018-12-06 12:22:52 - [TEST_STEP][PASSED] - setText(findTestObject("Backoffice/match_mgmt/wala_details/input_wala_breed"), Wala_Breed): Text 'Breed 2' is set on object 'Object Repository/Backoffice/match_mgmt/wala_details/input_wala_breed'

2018-12-06 12:22:53 - [MESSAGE][PASSED] - Text 'Breed 2' is set on object 'Object Repository/Backoffice/match_mgmt/wala_details/input_wala_breed'

2018-12-06 12:22:53 - [TEST_STEP][PASSED] - setText(findTestObject("Backoffice/match_mgmt/wala_details/input_wala_weight"), Wala_Weight): Text 'Weight 2' is set on object 'Object Repository/Backoffice/match_mgmt/wala_details/input_wala_weight'

2018-12-06 12:22:53 - [MESSAGE][PASSED] - Text 'Weight 2' is set on object 'Object Repository/Backoffice/match_mgmt/wala_details/input_wala_weight'

2018-12-06 12:22:53 - [TEST_STEP][PASSED] - click(findTestObject("Backoffice/match_mgmt/input_submit_match")): Object: 'Object Repository/Backoffice/match_mgmt/input_submit_match' is clicked on

2018-12-06 12:22:58 - [MESSAGE][PASSED] - Object: 'Object Repository/Backoffice/match_mgmt/input_submit_match' is clicked on

2018-12-06 12:22:58 - [TEST_STEP][PASSED] - delay(1): Delayed 1 second(s)

2018-12-06 12:22:59 - [MESSAGE][PASSED] - Delayed 1 second(s)

2018-12-06 12:22:59 - [TEST_STEP][PASSED] - click(findTestObject("Backoffice/match_mgmt/button_create_match")): Object: 'Object Repository/Backoffice/match_mgmt/button_create_match' is clicked on

2018-12-06 12:22:59 - [MESSAGE][PASSED] - Object: 'Object Repository/Backoffice/match_mgmt/button_create_match' is clicked on

2018-12-06 12:22:59 - [TEST_STEP][PASSED] - delay(1): Delayed 1 second(s)

2018-12-06 12:23:00 - [MESSAGE][PASSED] - Delayed 1 second(s)

2018-12-06 12:23:00 - [TEST_STEP][PASSED] - click(findTestObject("Backoffice/match_mgmt/span_select_arena_name")): Object: 'Object Repository/Backoffice/match_mgmt/span_select_arena_name' is clicked on

2018-12-06 12:23:00 - [MESSAGE][PASSED] - Object: 'Object Repository/Backoffice/match_mgmt/span_select_arena_name' is clicked on

2018-12-06 12:23:00 - [TEST_STEP][PASSED] - setText(findTestObject("Backoffice/match_mgmt/input__select2-search__arena_name"), Arena_Acronym): Text 'JC CLAY SPORTS COMPLEX - JCSC' is set on object 'Object Repository/Backoffice/match_mgmt/input__select2-search__arena_name'

2018-12-06 12:23:03 - [MESSAGE][PASSED] - Text 'JC CLAY SPORTS COMPLEX - JCSC' is set on object 'Object Repository/Backoffice/match_mgmt/input__select2-search__arena_name'

2018-12-06 12:23:03 - [TEST_STEP][PASSED] - sendKeys(findTestObject("Backoffice/match_mgmt/input__select2-search__arena_name"), Keys.chord(ENTER)): Keys 'ENTER + ' sent to object: 'Object Repository/Backoffice/match_mgmt/input__select2-search__arena_name'

2018-12-06 12:23:03 - [MESSAGE][PASSED] - Keys 'ENTER + ' sent to object: 'Object Repository/Backoffice/match_mgmt/input__select2-search__arena_name'

2018-12-06 12:23:03 - [TEST_STEP][PASSED] - setText(findTestObject("Backoffice/match_mgmt/meron_details/input_meron_name"), Meron_Name): Text 'AA' is set on object 'Object Repository/Backoffice/match_mgmt/meron_details/input_meron_name'

2018-12-06 12:23:03 - [MESSAGE][PASSED] - Text 'AA' is set on object 'Object Repository/Backoffice/match_mgmt/meron_details/input_meron_name'

2018-12-06 12:23:03 - [TEST_STEP][PASSED] - setText(findTestObject("Backoffice/match_mgmt/meron_details/input_meron_farm"), Meron_Farm): Text 'Farm 1' is set on object 'Object Repository/Backoffice/match_mgmt/meron_details/input_meron_farm'

2018-12-06 12:23:04 - [MESSAGE][PASSED] - Text 'Farm 1' is set on object 'Object Repository/Backoffice/match_mgmt/meron_details/input_meron_farm'

2018-12-06 12:23:04 - [TEST_STEP][PASSED] - setText(findTestObject("Backoffice/match_mgmt/meron_details/input_meron_breed"), Meron_Breed): Text 'Breed 1' is set on object 'Object Repository/Backoffice/match_mgmt/meron_details/input_meron_breed'

2018-12-06 12:23:04 - [MESSAGE][PASSED] - Text 'Breed 1' is set on object 'Object Repository/Backoffice/match_mgmt/meron_details/input_meron_breed'

2018-12-06 12:23:04 - [TEST_STEP][PASSED] - setText(findTestObject("Backoffice/match_mgmt/meron_details/input_meron_weight"), Meron_Weight): Text 'Weight 1' is set on object 'Object Repository/Backoffice/match_mgmt/meron_details/input_meron_weight'

2018-12-06 12:23:05 - [MESSAGE][PASSED] - Text 'Weight 1' is set on object 'Object Repository/Backoffice/match_mgmt/meron_details/input_meron_weight'

2018-12-06 12:23:05 - [TEST_STEP][PASSED] - setText(findTestObject("Backoffice/match_mgmt/wala_details/input_wala_name"), Wala_Name): Text 'BB' is set on object 'Object Repository/Backoffice/match_mgmt/wala_details/input_wala_name'

2018-12-06 12:23:05 - [MESSAGE][PASSED] - Text 'BB' is set on object 'Object Repository/Backoffice/match_mgmt/wala_details/input_wala_name'

2018-12-06 12:23:05 - [TEST_STEP][PASSED] - setText(findTestObject("Backoffice/match_mgmt/wala_details/input_wala_farm"), Wala_Farm): Text 'Farm 2' is set on object 'Object Repository/Backoffice/match_mgmt/wala_details/input_wala_farm'

2018-12-06 12:23:05 - [MESSAGE][PASSED] - Text 'Farm 2' is set on object 'Object Repository/Backoffice/match_mgmt/wala_details/input_wala_farm'

2018-12-06 12:23:05 - [TEST_STEP][PASSED] - setText(findTestObject("Backoffice/match_mgmt/wala_details/input_wala_breed"), Wala_Breed): Text 'Breed 2' is set on object 'Object Repository/Backoffice/match_mgmt/wala_details/input_wala_breed'

2018-12-06 12:23:06 - [MESSAGE][PASSED] - Text 'Breed 2' is set on object 'Object Repository/Backoffice/match_mgmt/wala_details/input_wala_breed'

2018-12-06 12:23:06 - [TEST_STEP][PASSED] - setText(findTestObject("Backoffice/match_mgmt/wala_details/input_wala_weight"), Wala_Weight): Text 'Weight 2' is set on object 'Object Repository/Backoffice/match_mgmt/wala_details/input_wala_weight'

2018-12-06 12:23:06 - [MESSAGE][PASSED] - Text 'Weight 2' is set on object 'Object Repository/Backoffice/match_mgmt/wala_details/input_wala_weight'

2018-12-06 12:23:06 - [TEST_STEP][PASSED] - click(findTestObject("Backoffice/match_mgmt/input_submit_match")): Object: 'Object Repository/Backoffice/match_mgmt/input_submit_match' is clicked on

2018-12-06 12:23:10 - [MESSAGE][PASSED] - Object: 'Object Repository/Backoffice/match_mgmt/input_submit_match' is clicked on

2018-12-06 12:23:10 - [TEST_STEP][PASSED] - delay(1): Delayed 1 second(s)

2018-12-06 12:23:11 - [MESSAGE][PASSED] - Delayed 1 second(s)

2018-12-06 12:23:11 - [TEST_STEP][PASSED] - click(findTestObject("Backoffice/match_mgmt/button_create_match")): Object: 'Object Repository/Backoffice/match_mgmt/button_create_match' is clicked on

2018-12-06 12:23:12 - [MESSAGE][PASSED] - Object: 'Object Repository/Backoffice/match_mgmt/button_create_match' is clicked on

2018-12-06 12:23:12 - [TEST_STEP][PASSED] - delay(1): Delayed 1 second(s)

2018-12-06 12:23:13 - [MESSAGE][PASSED] - Delayed 1 second(s)

2018-12-06 12:23:13 - [TEST_STEP][PASSED] - click(findTestObject("Backoffice/match_mgmt/span_select_arena_name")): Object: 'Object Repository/Backoffice/match_mgmt/span_select_arena_name' is clicked on

2018-12-06 12:23:13 - [MESSAGE][PASSED] - Object: 'Object Repository/Backoffice/match_mgmt/span_select_arena_name' is clicked on

2018-12-06 12:23:13 - [TEST_STEP][PASSED] - setText(findTestObject("Backoffice/match_mgmt/input__select2-search__arena_name"), Arena_Acronym): Text 'JC CLAY SPORTS COMPLEX - JCSC' is set on object 'Object Repository/Backoffice/match_mgmt/input__select2-search__arena_name'

2018-12-06 12:23:15 - [MESSAGE][PASSED] - Text 'JC CLAY SPORTS COMPLEX - JCSC' is set on object 'Object Repository/Backoffice/match_mgmt/input__select2-search__arena_name'

2018-12-06 12:23:15 - [TEST_STEP][PASSED] - sendKeys(findTestObject("Backoffice/match_mgmt/input__select2-search__arena_name"), Keys.chord(ENTER)): Keys 'ENTER + ' sent to object: 'Object Repository/Backoffice/match_mgmt/input__select2-search__arena_name'

2018-12-06 12:23:16 - [MESSAGE][PASSED] - Keys 'ENTER + ' sent to object: 'Object Repository/Backoffice/match_mgmt/input__select2-search__arena_name'

2018-12-06 12:23:16 - [TEST_STEP][PASSED] - setText(findTestObject("Backoffice/match_mgmt/meron_details/input_meron_name"), Meron_Name): Text 'AA' is set on object 'Object Repository/Backoffice/match_mgmt/meron_details/input_meron_name'

2018-12-06 12:23:16 - [MESSAGE][PASSED] - Text 'AA' is set on object 'Object Repository/Backoffice/match_mgmt/meron_details/input_meron_name'

2018-12-06 12:23:16 - [TEST_STEP][PASSED] - setText(findTestObject("Backoffice/match_mgmt/meron_details/input_meron_farm"), Meron_Farm): Text 'Farm 1' is set on object 'Object Repository/Backoffice/match_mgmt/meron_details/input_meron_farm'

2018-12-06 12:23:16 - [MESSAGE][PASSED] - Text 'Farm 1' is set on object 'Object Repository/Backoffice/match_mgmt/meron_details/input_meron_farm'

2018-12-06 12:23:16 - [TEST_STEP][PASSED] - setText(findTestObject("Backoffice/match_mgmt/meron_details/input_meron_breed"), Meron_Breed): Text 'Breed 1' is set on object 'Object Repository/Backoffice/match_mgmt/meron_details/input_meron_breed'

2018-12-06 12:23:17 - [MESSAGE][PASSED] - Text 'Breed 1' is set on object 'Object Repository/Backoffice/match_mgmt/meron_details/input_meron_breed'

2018-12-06 12:23:17 - [TEST_STEP][PASSED] - setText(findTestObject("Backoffice/match_mgmt/meron_details/input_meron_weight"), Meron_Weight): Text 'Weight 1' is set on object 'Object Repository/Backoffice/match_mgmt/meron_details/input_meron_weight'

2018-12-06 12:23:17 - [MESSAGE][PASSED] - Text 'Weight 1' is set on object 'Object Repository/Backoffice/match_mgmt/meron_details/input_meron_weight'

2018-12-06 12:23:17 - [TEST_STEP][PASSED] - setText(findTestObject("Backoffice/match_mgmt/wala_details/input_wala_name"), Wala_Name): Text 'BB' is set on object 'Object Repository/Backoffice/match_mgmt/wala_details/input_wala_name'

2018-12-06 12:23:18 - [MESSAGE][PASSED] - Text 'BB' is set on object 'Object Repository/Backoffice/match_mgmt/wala_details/input_wala_name'

2018-12-06 12:23:18 - [TEST_STEP][PASSED] - setText(findTestObject("Backoffice/match_mgmt/wala_details/input_wala_farm"), Wala_Farm): Text 'Farm 2' is set on object 'Object Repository/Backoffice/match_mgmt/wala_details/input_wala_farm'

2018-12-06 12:23:18 - [MESSAGE][PASSED] - Text 'Farm 2' is set on object 'Object Repository/Backoffice/match_mgmt/wala_details/input_wala_farm'

2018-12-06 12:23:18 - [TEST_STEP][PASSED] - setText(findTestObject("Backoffice/match_mgmt/wala_details/input_wala_breed"), Wala_Breed): Text 'Breed 2' is set on object 'Object Repository/Backoffice/match_mgmt/wala_details/input_wala_breed'

2018-12-06 12:23:18 - [MESSAGE][PASSED] - Text 'Breed 2' is set on object 'Object Repository/Backoffice/match_mgmt/wala_details/input_wala_breed'

2018-12-06 12:23:18 - [TEST_STEP][PASSED] - setText(findTestObject("Backoffice/match_mgmt/wala_details/input_wala_weight"), Wala_Weight): Text 'Weight 2' is set on object 'Object Repository/Backoffice/match_mgmt/wala_details/input_wala_weight'

2018-12-06 12:23:19 - [MESSAGE][PASSED] - Text 'Weight 2' is set on object 'Object Repository/Backoffice/match_mgmt/wala_details/input_wala_weight'

2018-12-06 12:23:19 - [TEST_STEP][PASSED] - click(findTestObject("Backoffice/match_mgmt/input_submit_match")): Object: 'Object Repository/Backoffice/match_mgmt/input_submit_match' is clicked on

2018-12-06 12:23:23 - [MESSAGE][PASSED] - Object: 'Object Repository/Backoffice/match_mgmt/input_submit_match' is clicked on

2018-12-06 12:23:23 - [TEST_STEP][PASSED] - delay(1): Delayed 1 second(s)

2018-12-06 12:23:24 - [MESSAGE][PASSED] - Delayed 1 second(s)

2018-12-06 12:23:24 - [TEST_STEP][PASSED] - click(findTestObject("Backoffice/match_mgmt/button_create_match")): Object: 'Object Repository/Backoffice/match_mgmt/button_create_match' is clicked on

2018-12-06 12:23:24 - [MESSAGE][PASSED] - Object: 'Object Repository/Backoffice/match_mgmt/button_create_match' is clicked on

2018-12-06 12:23:24 - [TEST_STEP][PASSED] - delay(1): Delayed 1 second(s)

2018-12-06 12:23:25 - [MESSAGE][PASSED] - Delayed 1 second(s)

2018-12-06 12:23:25 - [TEST_STEP][PASSED] - click(findTestObject("Backoffice/match_mgmt/span_select_arena_name")): Object: 'Object Repository/Backoffice/match_mgmt/span_select_arena_name' is clicked on

2018-12-06 12:23:25 - [MESSAGE][PASSED] - Object: 'Object Repository/Backoffice/match_mgmt/span_select_arena_name' is clicked on

2018-12-06 12:23:25 - [TEST_STEP][PASSED] - setText(findTestObject("Backoffice/match_mgmt/input__select2-search__arena_name"), Arena_Acronym): Text 'JC CLAY SPORTS COMPLEX - JCSC' is set on object 'Object Repository/Backoffice/match_mgmt/input__select2-search__arena_name'

2018-12-06 12:23:28 - [MESSAGE][PASSED] - Text 'JC CLAY SPORTS COMPLEX - JCSC' is set on object 'Object Repository/Backoffice/match_mgmt/input__select2-search__arena_name'

2018-12-06 12:23:28 - [TEST_STEP][PASSED] - sendKeys(findTestObject("Backoffice/match_mgmt/input__select2-search__arena_name"), Keys.chord(ENTER)): Keys 'ENTER + ' sent to object: 'Object Repository/Backoffice/match_mgmt/input__select2-search__arena_name'

2018-12-06 12:23:28 - [MESSAGE][PASSED] - Keys 'ENTER + ' sent to object: 'Object Repository/Backoffice/match_mgmt/input__select2-search__arena_name'

2018-12-06 12:23:28 - [TEST_STEP][PASSED] - setText(findTestObject("Backoffice/match_mgmt/meron_details/input_meron_name"), Meron_Name): Text 'AA' is set on object 'Object Repository/Backoffice/match_mgmt/meron_details/input_meron_name'

2018-12-06 12:23:28 - [MESSAGE][PASSED] - Text 'AA' is set on object 'Object Repository/Backoffice/match_mgmt/meron_details/input_meron_name'

2018-12-06 12:23:28 - [TEST_STEP][PASSED] - setText(findTestObject("Backoffice/match_mgmt/meron_details/input_meron_farm"), Meron_Farm): Text 'Farm 1' is set on object 'Object Repository/Backoffice/match_mgmt/meron_details/input_meron_farm'

2018-12-06 12:23:29 - [MESSAGE][PASSED] - Text 'Farm 1' is set on object 'Object Repository/Backoffice/match_mgmt/meron_details/input_meron_farm'

2018-12-06 12:23:29 - [TEST_STEP][PASSED] - setText(findTestObject("Backoffice/match_mgmt/meron_details/input_meron_breed"), Meron_Breed): Text 'Breed 1' is set on object 'Object Repository/Backoffice/match_mgmt/meron_details/input_meron_breed'

2018-12-06 12:23:29 - [MESSAGE][PASSED] - Text 'Breed 1' is set on object 'Object Repository/Backoffice/match_mgmt/meron_details/input_meron_breed'

2018-12-06 12:23:29 - [TEST_STEP][PASSED] - setText(findTestObject("Backoffice/match_mgmt/meron_details/input_meron_weight"), Meron_Weight): Text 'Weight 1' is set on object 'Object Repository/Backoffice/match_mgmt/meron_details/input_meron_weight'

2018-12-06 12:23:29 - [MESSAGE][PASSED] - Text 'Weight 1' is set on object 'Object Repository/Backoffice/match_mgmt/meron_details/input_meron_weight'

2018-12-06 12:23:29 - [TEST_STEP][PASSED] - setText(findTestObject("Backoffice/match_mgmt/wala_details/input_wala_name"), Wala_Name): Text 'BB' is set on object 'Object Repository/Backoffice/match_mgmt/wala_details/input_wala_name'

2018-12-06 12:23:30 - [MESSAGE][PASSED] - Text 'BB' is set on object 'Object Repository/Backoffice/match_mgmt/wala_details/input_wala_name'

2018-12-06 12:23:30 - [TEST_STEP][PASSED] - setText(findTestObject("Backoffice/match_mgmt/wala_details/input_wala_farm"), Wala_Farm): Text 'Farm 2' is set on object 'Object Repository/Backoffice/match_mgmt/wala_details/input_wala_farm'

2018-12-06 12:23:30 - [MESSAGE][PASSED] - Text 'Farm 2' is set on object 'Object Repository/Backoffice/match_mgmt/wala_details/input_wala_farm'

2018-12-06 12:23:30 - [TEST_STEP][PASSED] - setText(findTestObject("Backoffice/match_mgmt/wala_details/input_wala_breed"), Wala_Breed): Text 'Breed 2' is set on object 'Object Repository/Backoffice/match_mgmt/wala_details/input_wala_breed'

2018-12-06 12:23:30 - [MESSAGE][PASSED] - Text 'Breed 2' is set on object 'Object Repository/Backoffice/match_mgmt/wala_details/input_wala_breed'

2018-12-06 12:23:30 - [TEST_STEP][PASSED] - setText(findTestObject("Backoffice/match_mgmt/wala_details/input_wala_weight"), Wala_Weight): Text 'Weight 2' is set on object 'Object Repository/Backoffice/match_mgmt/wala_details/input_wala_weight'

2018-12-06 12:23:31 - [MESSAGE][PASSED] - Text 'Weight 2' is set on object 'Object Repository/Backoffice/match_mgmt/wala_details/input_wala_weight'

2018-12-06 12:23:31 - [TEST_STEP][PASSED] - click(findTestObject("Backoffice/match_mgmt/input_submit_match")): Object: 'Object Repository/Backoffice/match_mgmt/input_submit_match' is clicked on

2018-12-06 12:23:36 - [MESSAGE][PASSED] - Object: 'Object Repository/Backoffice/match_mgmt/input_submit_match' is clicked on

2018-12-06 12:23:36 - [TEST_STEP][PASSED] - delay(1): Delayed 1 second(s)

2018-12-06 12:23:37 - [MESSAGE][PASSED] - Delayed 1 second(s)

2018-12-06 12:23:37 - [TEST_STEP][PASSED] - click(findTestObject("Backoffice/match_mgmt/button_create_match")): Object: 'Object Repository/Backoffice/match_mgmt/button_create_match' is clicked on

2018-12-06 12:23:37 - [MESSAGE][PASSED] - Object: 'Object Repository/Backoffice/match_mgmt/button_create_match' is clicked on

2018-12-06 12:23:37 - [TEST_STEP][PASSED] - delay(1): Delayed 1 second(s)

2018-12-06 12:23:38 - [MESSAGE][PASSED] - Delayed 1 second(s)

2018-12-06 12:23:38 - [TEST_STEP][PASSED] - click(findTestObject("Backoffice/match_mgmt/span_select_arena_name")): Object: 'Object Repository/Backoffice/match_mgmt/span_select_arena_name' is clicked on

2018-12-06 12:23:38 - [MESSAGE][PASSED] - Object: 'Object Repository/Backoffice/match_mgmt/span_select_arena_name' is clicked on

2018-12-06 12:23:38 - [TEST_STEP][PASSED] - setText(findTestObject("Backoffice/match_mgmt/input__select2-search__arena_name"), Arena_Acronym): Text 'JC CLAY SPORTS COMPLEX - JCSC' is set on object 'Object Repository/Backoffice/match_mgmt/input__select2-search__arena_name'

2018-12-06 12:23:41 - [MESSAGE][PASSED] - Text 'JC CLAY SPORTS COMPLEX - JCSC' is set on object 'Object Repository/Backoffice/match_mgmt/input__select2-search__arena_name'

2018-12-06 12:23:41 - [TEST_STEP][PASSED] - sendKeys(findTestObject("Backoffice/match_mgmt/input__select2-search__arena_name"), Keys.chord(ENTER)): Keys 'ENTER + ' sent to object: 'Object Repository/Backoffice/match_mgmt/input__select2-search__arena_name'

2018-12-06 12:23:41 - [MESSAGE][PASSED] - Keys 'ENTER + ' sent to object: 'Object Repository/Backoffice/match_mgmt/input__select2-search__arena_name'

2018-12-06 12:23:41 - [TEST_STEP][PASSED] - setText(findTestObject("Backoffice/match_mgmt/meron_details/input_meron_name"), Meron_Name): Text 'AA' is set on object 'Object Repository/Backoffice/match_mgmt/meron_details/input_meron_name'

2018-12-06 12:23:41 - [MESSAGE][PASSED] - Text 'AA' is set on object 'Object Repository/Backoffice/match_mgmt/meron_details/input_meron_name'

2018-12-06 12:23:41 - [TEST_STEP][PASSED] - setText(findTestObject("Backoffice/match_mgmt/meron_details/input_meron_farm"), Meron_Farm): Text 'Farm 1' is set on object 'Object Repository/Backoffice/match_mgmt/meron_details/input_meron_farm'

2018-12-06 12:23:42 - [MESSAGE][PASSED] - Text 'Farm 1' is set on object 'Object Repository/Backoffice/match_mgmt/meron_details/input_meron_farm'

2018-12-06 12:23:42 - [TEST_STEP][PASSED] - setText(findTestObject("Backoffice/match_mgmt/meron_details/input_meron_breed"), Meron_Breed): Text 'Breed 1' is set on object 'Object Repository/Backoffice/match_mgmt/meron_details/input_meron_breed'

2018-12-06 12:23:42 - [MESSAGE][PASSED] - Text 'Breed 1' is set on object 'Object Repository/Backoffice/match_mgmt/meron_details/input_meron_breed'

2018-12-06 12:23:42 - [TEST_STEP][PASSED] - setText(findTestObject("Backoffice/match_mgmt/meron_details/input_meron_weight"), Meron_Weight): Text 'Weight 1' is set on object 'Object Repository/Backoffice/match_mgmt/meron_details/input_meron_weight'

2018-12-06 12:23:43 - [MESSAGE][PASSED] - Text 'Weight 1' is set on object 'Object Repository/Backoffice/match_mgmt/meron_details/input_meron_weight'

2018-12-06 12:23:43 - [TEST_STEP][PASSED] - setText(findTestObject("Backoffice/match_mgmt/wala_details/input_wala_name"), Wala_Name): Text 'BB' is set on object 'Object Repository/Backoffice/match_mgmt/wala_details/input_wala_name'

2018-12-06 12:23:43 - [MESSAGE][PASSED] - Text 'BB' is set on object 'Object Repository/Backoffice/match_mgmt/wala_details/input_wala_name'

2018-12-06 12:23:43 - [TEST_STEP][PASSED] - setText(findTestObject("Backoffice/match_mgmt/wala_details/input_wala_farm"), Wala_Farm): Text 'Farm 2' is set on object 'Object Repository/Backoffice/match_mgmt/wala_details/input_wala_farm'

2018-12-06 12:23:44 - [MESSAGE][PASSED] - Text 'Farm 2' is set on object 'Object Repository/Backoffice/match_mgmt/wala_details/input_wala_farm'

2018-12-06 12:23:44 - [TEST_STEP][PASSED] - setText(findTestObject("Backoffice/match_mgmt/wala_details/input_wala_breed"), Wala_Breed): Text 'Breed 2' is set on object 'Object Repository/Backoffice/match_mgmt/wala_details/input_wala_breed'

2018-12-06 12:23:44 - [MESSAGE][PASSED] - Text 'Breed 2' is set on object 'Object Repository/Backoffice/match_mgmt/wala_details/input_wala_breed'

2018-12-06 12:23:44 - [TEST_STEP][PASSED] - setText(findTestObject("Backoffice/match_mgmt/wala_details/input_wala_weight"), Wala_Weight): Text 'Weight 2' is set on object 'Object Repository/Backoffice/match_mgmt/wala_details/input_wala_weight'

2018-12-06 12:23:44 - [MESSAGE][PASSED] - Text 'Weight 2' is set on object 'Object Repository/Backoffice/match_mgmt/wala_details/input_wala_weight'

2018-12-06 12:23:44 - [TEST_STEP][PASSED] - click(findTestObject("Backoffice/match_mgmt/input_submit_match")): Object: 'Object Repository/Backoffice/match_mgmt/input_submit_match' is clicked on

2018-12-06 12:23:49 - [MESSAGE][PASSED] - Object: 'Object Repository/Backoffice/match_mgmt/input_submit_match' is clicked on

2018-12-06 12:23:49 - [TEST_STEP][PASSED] - delay(1): Delayed 1 second(s)

2018-12-06 12:23:50 - [MESSAGE][PASSED] - Delayed 1 second(s)

2018-12-06 12:23:50 - [TEST_STEP][PASSED] - click(findTestObject("Backoffice/match_mgmt/button_create_match")): Object: 'Object Repository/Backoffice/match_mgmt/button_create_match' is clicked on

2018-12-06 12:23:50 - [MESSAGE][PASSED] - Object: 'Object Repository/Backoffice/match_mgmt/button_create_match' is clicked on

2018-12-06 12:23:50 - [TEST_STEP][PASSED] - delay(1): Delayed 1 second(s)

2018-12-06 12:23:51 - [MESSAGE][PASSED] - Delayed 1 second(s)

2018-12-06 12:23:51 - [TEST_STEP][PASSED] - click(findTestObject("Backoffice/match_mgmt/span_select_arena_name")): Object: 'Object Repository/Backoffice/match_mgmt/span_select_arena_name' is clicked on

2018-12-06 12:23:51 - [MESSAGE][PASSED] - Object: 'Object Repository/Backoffice/match_mgmt/span_select_arena_name' is clicked on

2018-12-06 12:23:51 - [TEST_STEP][PASSED] - setText(findTestObject("Backoffice/match_mgmt/input__select2-search__arena_name"), Arena_Acronym): Text 'JC CLAY SPORTS COMPLEX - JCSC' is set on object 'Object Repository/Backoffice/match_mgmt/input__select2-search__arena_name'

2018-12-06 12:23:54 - [MESSAGE][PASSED] - Text 'JC CLAY SPORTS COMPLEX - JCSC' is set on object 'Object Repository/Backoffice/match_mgmt/input__select2-search__arena_name'

2018-12-06 12:23:54 - [TEST_STEP][PASSED] - sendKeys(findTestObject("Backoffice/match_mgmt/input__select2-search__arena_name"), Keys.chord(ENTER)): Keys 'ENTER + ' sent to object: 'Object Repository/Backoffice/match_mgmt/input__select2-search__arena_name'

2018-12-06 12:23:54 - [MESSAGE][PASSED] - Keys 'ENTER + ' sent to object: 'Object Repository/Backoffice/match_mgmt/input__select2-search__arena_name'

2018-12-06 12:23:54 - [TEST_STEP][PASSED] - setText(findTestObject("Backoffice/match_mgmt/meron_details/input_meron_name"), Meron_Name): Text 'AA' is set on object 'Object Repository/Backoffice/match_mgmt/meron_details/input_meron_name'

2018-12-06 12:23:54 - [MESSAGE][PASSED] - Text 'AA' is set on object 'Object Repository/Backoffice/match_mgmt/meron_details/input_meron_name'

2018-12-06 12:23:54 - [TEST_STEP][PASSED] - setText(findTestObject("Backoffice/match_mgmt/meron_details/input_meron_farm"), Meron_Farm): Text 'Farm 1' is set on object 'Object Repository/Backoffice/match_mgmt/meron_details/input_meron_farm'

2018-12-06 12:23:55 - [MESSAGE][PASSED] - Text 'Farm 1' is set on object 'Object Repository/Backoffice/match_mgmt/meron_details/input_meron_farm'

2018-12-06 12:23:55 - [TEST_STEP][PASSED] - setText(findTestObject("Backoffice/match_mgmt/meron_details/input_meron_breed"), Meron_Breed): Text 'Breed 1' is set on object 'Object Repository/Backoffice/match_mgmt/meron_details/input_meron_breed'

2018-12-06 12:23:55 - [MESSAGE][PASSED] - Text 'Breed 1' is set on object 'Object Repository/Backoffice/match_mgmt/meron_details/input_meron_breed'

2018-12-06 12:23:55 - [TEST_STEP][PASSED] - setText(findTestObject("Backoffice/match_mgmt/meron_details/input_meron_weight"), Meron_Weight): Text 'Weight 1' is set on object 'Object Repository/Backoffice/match_mgmt/meron_details/input_meron_weight'

2018-12-06 12:23:56 - [MESSAGE][PASSED] - Text 'Weight 1' is set on object 'Object Repository/Backoffice/match_mgmt/meron_details/input_meron_weight'

2018-12-06 12:23:56 - [TEST_STEP][PASSED] - setText(findTestObject("Backoffice/match_mgmt/wala_details/input_wala_name"), Wala_Name): Text 'BB' is set on object 'Object Repository/Backoffice/match_mgmt/wala_details/input_wala_name'

2018-12-06 12:23:56 - [MESSAGE][PASSED] - Text 'BB' is set on object 'Object Repository/Backoffice/match_mgmt/wala_details/input_wala_name'

2018-12-06 12:23:56 - [TEST_STEP][PASSED] - setText(findTestObject("Backoffice/match_mgmt/wala_details/input_wala_farm"), Wala_Farm): Text 'Farm 2' is set on object 'Object Repository/Backoffice/match_mgmt/wala_details/input_wala_farm'

2018-12-06 12:23:57 - [MESSAGE][PASSED] - Text 'Farm 2' is set on object 'Object Repository/Backoffice/match_mgmt/wala_details/input_wala_farm'

2018-12-06 12:23:57 - [TEST_STEP][PASSED] - setText(findTestObject("Backoffice/match_mgmt/wala_details/input_wala_breed"), Wala_Breed): Text 'Breed 2' is set on object 'Object Repository/Backoffice/match_mgmt/wala_details/input_wala_breed'

2018-12-06 12:23:57 - [MESSAGE][PASSED] - Text 'Breed 2' is set on object 'Object Repository/Backoffice/match_mgmt/wala_details/input_wala_breed'

2018-12-06 12:23:57 - [TEST_STEP][PASSED] - setText(findTestObject("Backoffice/match_mgmt/wala_details/input_wala_weight"), Wala_Weight): Text 'Weight 2' is set on object 'Object Repository/Backoffice/match_mgmt/wala_details/input_wala_weight'

2018-12-06 12:23:57 - [MESSAGE][PASSED] - Text 'Weight 2' is set on object 'Object Repository/Backoffice/match_mgmt/wala_details/input_wala_weight'

2018-12-06 12:23:57 - [TEST_STEP][PASSED] - click(findTestObject("Backoffice/match_mgmt/input_submit_match")): Object: 'Object Repository/Backoffice/match_mgmt/input_submit_match' is clicked on

2018-12-06 12:24:02 - [MESSAGE][PASSED] - Object: 'Object Repository/Backoffice/match_mgmt/input_submit_match' is clicked on

2018-12-06 12:24:02 - [TEST_STEP][PASSED] - delay(1): Delayed 1 second(s)

2018-12-06 12:24:03 - [MESSAGE][PASSED] - Delayed 1 second(s)

2018-12-06 12:24:03 - [TEST_STEP][PASSED] - click(findTestObject("Backoffice/match_mgmt/button_create_match")): Object: 'Object Repository/Backoffice/match_mgmt/button_create_match' is clicked on

2018-12-06 12:24:04 - [MESSAGE][PASSED] - Object: 'Object Repository/Backoffice/match_mgmt/button_create_match' is clicked on

2018-12-06 12:24:04 - [TEST_STEP][PASSED] - delay(1): Delayed 1 second(s)

2018-12-06 12:24:05 - [MESSAGE][PASSED] - Delayed 1 second(s)

2018-12-06 12:24:05 - [TEST_STEP][PASSED] - click(findTestObject("Backoffice/match_mgmt/span_select_arena_name")): Object: 'Object Repository/Backoffice/match_mgmt/span_select_arena_name' is clicked on

2018-12-06 12:24:05 - [MESSAGE][PASSED] - Object: 'Object Repository/Backoffice/match_mgmt/span_select_arena_name' is clicked on

2018-12-06 12:24:05 - [TEST_STEP][PASSED] - setText(findTestObject("Backoffice/match_mgmt/input__select2-search__arena_name"), Arena_Acronym): Text 'JC CLAY SPORTS COMPLEX - JCSC' is set on object 'Object Repository/Backoffice/match_mgmt/input__select2-search__arena_name'

2018-12-06 12:24:07 - [MESSAGE][PASSED] - Text 'JC CLAY SPORTS COMPLEX - JCSC' is set on object 'Object Repository/Backoffice/match_mgmt/input__select2-search__arena_name'

2018-12-06 12:24:07 - [TEST_STEP][PASSED] - sendKeys(findTestObject("Backoffice/match_mgmt/input__select2-search__arena_name"), Keys.chord(ENTER)): Keys 'ENTER + ' sent to object: 'Object Repository/Backoffice/match_mgmt/input__select2-search__arena_name'

2018-12-06 12:24:07 - [MESSAGE][PASSED] - Keys 'ENTER + ' sent to object: 'Object Repository/Backoffice/match_mgmt/input__select2-search__arena_name'

2018-12-06 12:24:07 - [TEST_STEP][PASSED] - setText(findTestObject("Backoffice/match_mgmt/meron_details/input_meron_name"), Meron_Name): Text 'AA' is set on object 'Object Repository/Backoffice/match_mgmt/meron_details/input_meron_name'

2018-12-06 12:24:08 - [MESSAGE][PASSED] - Text 'AA' is set on object 'Object Repository/Backoffice/match_mgmt/meron_details/input_meron_name'

2018-12-06 12:24:08 - [TEST_STEP][PASSED] - setText(findTestObject("Backoffice/match_mgmt/meron_details/input_meron_farm"), Meron_Farm): Text 'Farm 1' is set on object 'Object Repository/Backoffice/match_mgmt/meron_details/input_meron_farm'

2018-12-06 12:24:08 - [MESSAGE][PASSED] - Text 'Farm 1' is set on object 'Object Repository/Backoffice/match_mgmt/meron_details/input_meron_farm'

2018-12-06 12:24:08 - [TEST_STEP][PASSED] - setText(findTestObject("Backoffice/match_mgmt/meron_details/input_meron_breed"), Meron_Breed): Text 'Breed 1' is set on object 'Object Repository/Backoffice/match_mgmt/meron_details/input_meron_breed'

2018-12-06 12:24:09 - [MESSAGE][PASSED] - Text 'Breed 1' is set on object 'Object Repository/Backoffice/match_mgmt/meron_details/input_meron_breed'

2018-12-06 12:24:09 - [TEST_STEP][PASSED] - setText(findTestObject("Backoffice/match_mgmt/meron_details/input_meron_weight"), Meron_Weight): Text 'Weight 1' is set on object 'Object Repository/Backoffice/match_mgmt/meron_details/input_meron_weight'

2018-12-06 12:24:09 - [MESSAGE][PASSED] - Text 'Weight 1' is set on object 'Object Repository/Backoffice/match_mgmt/meron_details/input_meron_weight'

2018-12-06 12:24:09 - [TEST_STEP][PASSED] - setText(findTestObject("Backoffice/match_mgmt/wala_details/input_wala_name"), Wala_Name): Text 'BB' is set on object 'Object Repository/Backoffice/match_mgmt/wala_details/input_wala_name'

2018-12-06 12:24:09 - [MESSAGE][PASSED] - Text 'BB' is set on object 'Object Repository/Backoffice/match_mgmt/wala_details/input_wala_name'

2018-12-06 12:24:09 - [TEST_STEP][PASSED] - setText(findTestObject("Backoffice/match_mgmt/wala_details/input_wala_farm"), Wala_Farm): Text 'Farm 2' is set on object 'Object Repository/Backoffice/match_mgmt/wala_details/input_wala_farm'

2018-12-06 12:24:10 - [MESSAGE][PASSED] - Text 'Farm 2' is set on object 'Object Repository/Backoffice/match_mgmt/wala_details/input_wala_farm'

2018-12-06 12:24:10 - [TEST_STEP][PASSED] - setText(findTestObject("Backoffice/match_mgmt/wala_details/input_wala_breed"), Wala_Breed): Text 'Breed 2' is set on object 'Object Repository/Backoffice/match_mgmt/wala_details/input_wala_breed'

2018-12-06 12:24:10 - [MESSAGE][PASSED] - Text 'Breed 2' is set on object 'Object Repository/Backoffice/match_mgmt/wala_details/input_wala_breed'

2018-12-06 12:24:10 - [TEST_STEP][PASSED] - setText(findTestObject("Backoffice/match_mgmt/wala_details/input_wala_weight"), Wala_Weight): Text 'Weight 2' is set on object 'Object Repository/Backoffice/match_mgmt/wala_details/input_wala_weight'

2018-12-06 12:24:10 - [MESSAGE][PASSED] - Text 'Weight 2' is set on object 'Object Repository/Backoffice/match_mgmt/wala_details/input_wala_weight'

2018-12-06 12:24:10 - [TEST_STEP][PASSED] - click(findTestObject("Backoffice/match_mgmt/input_submit_match")): Object: 'Object Repository/Backoffice/match_mgmt/input_submit_match' is clicked on

2018-12-06 12:24:17 - [MESSAGE][PASSED] - Object: 'Object Repository/Backoffice/match_mgmt/input_submit_match' is clicked on

2018-12-06 12:24:17 - [TEST_STEP][PASSED] - delay(1): Delayed 1 second(s)

2018-12-06 12:24:18 - [MESSAGE][PASSED] - Delayed 1 second(s)

2018-12-06 12:24:18 - [TEST_STEP][PASSED] - click(findTestObject("Backoffice/match_mgmt/button_create_match")): Object: 'Object Repository/Backoffice/match_mgmt/button_create_match' is clicked on

2018-12-06 12:24:18 - [MESSAGE][PASSED] - Object: 'Object Repository/Backoffice/match_mgmt/button_create_match' is clicked on

2018-12-06 12:24:18 - [TEST_STEP][PASSED] - delay(1): Delayed 1 second(s)

2018-12-06 12:24:19 - [MESSAGE][PASSED] - Delayed 1 second(s)

2018-12-06 12:24:19 - [TEST_STEP][PASSED] - click(findTestObject("Backoffice/match_mgmt/span_select_arena_name")): Object: 'Object Repository/Backoffice/match_mgmt/span_select_arena_name' is clicked on

2018-12-06 12:24:19 - [MESSAGE][PASSED] - Object: 'Object Repository/Backoffice/match_mgmt/span_select_arena_name' is clicked on

2018-12-06 12:24:19 - [TEST_STEP][PASSED] - setText(findTestObject("Backoffice/match_mgmt/input__select2-search__arena_name"), Arena_Acronym): Text 'JC CLAY SPORTS COMPLEX - JCSC' is set on object 'Object Repository/Backoffice/match_mgmt/input__select2-search__arena_name'

2018-12-06 12:24:22 - [MESSAGE][PASSED] - Text 'JC CLAY SPORTS COMPLEX - JCSC' is set on object 'Object Repository/Backoffice/match_mgmt/input__select2-search__arena_name'

2018-12-06 12:24:22 - [TEST_STEP][PASSED] - sendKeys(findTestObject("Backoffice/match_mgmt/input__select2-search__arena_name"), Keys.chord(ENTER)): Keys 'ENTER + ' sent to object: 'Object Repository/Backoffice/match_mgmt/input__select2-search__arena_name'

2018-12-06 12:24:22 - [MESSAGE][PASSED] - Keys 'ENTER + ' sent to object: 'Object Repository/Backoffice/match_mgmt/input__select2-search__arena_name'

2018-12-06 12:24:22 - [TEST_STEP][PASSED] - setText(findTestObject("Backoffice/match_mgmt/meron_details/input_meron_name"), Meron_Name): Text 'AA' is set on object 'Object Repository/Backoffice/match_mgmt/meron_details/input_meron_name'

2018-12-06 12:24:22 - [MESSAGE][PASSED] - Text 'AA' is set on object 'Object Repository/Backoffice/match_mgmt/meron_details/input_meron_name'

2018-12-06 12:24:22 - [TEST_STEP][PASSED] - setText(findTestObject("Backoffice/match_mgmt/meron_details/input_meron_farm"), Meron_Farm): Text 'Farm 1' is set on object 'Object Repository/Backoffice/match_mgmt/meron_details/input_meron_farm'

2018-12-06 12:24:23 - [MESSAGE][PASSED] - Text 'Farm 1' is set on object 'Object Repository/Backoffice/match_mgmt/meron_details/input_meron_farm'

2018-12-06 12:24:23 - [TEST_STEP][PASSED] - setText(findTestObject("Backoffice/match_mgmt/meron_details/input_meron_breed"), Meron_Breed): Text 'Breed 1' is set on object 'Object Repository/Backoffice/match_mgmt/meron_details/input_meron_breed'

2018-12-06 12:24:23 - [MESSAGE][PASSED] - Text 'Breed 1' is set on object 'Object Repository/Backoffice/match_mgmt/meron_details/input_meron_breed'

2018-12-06 12:24:23 - [TEST_STEP][PASSED] - setText(findTestObject("Backoffice/match_mgmt/meron_details/input_meron_weight"), Meron_Weight): Text 'Weight 1' is set on object 'Object Repository/Backoffice/match_mgmt/meron_details/input_meron_weight'

2018-12-06 12:24:24 - [MESSAGE][PASSED] - Text 'Weight 1' is set on object 'Object Repository/Backoffice/match_mgmt/meron_details/input_meron_weight'

2018-12-06 12:24:24 - [TEST_STEP][PASSED] - setText(findTestObject("Backoffice/match_mgmt/wala_details/input_wala_name"), Wala_Name): Text 'BB' is set on object 'Object Repository/Backoffice/match_mgmt/wala_details/input_wala_name'

2018-12-06 12:24:24 - [MESSAGE][PASSED] - Text 'BB' is set on object 'Object Repository/Backoffice/match_mgmt/wala_details/input_wala_name'

2018-12-06 12:24:24 - [TEST_STEP][PASSED] - setText(findTestObject("Backoffice/match_mgmt/wala_details/input_wala_farm"), Wala_Farm): Text 'Farm 2' is set on object 'Object Repository/Backoffice/match_mgmt/wala_details/input_wala_farm'

2018-12-06 12:24:25 - [MESSAGE][PASSED] - Text 'Farm 2' is set on object 'Object Repository/Backoffice/match_mgmt/wala_details/input_wala_farm'

2018-12-06 12:24:25 - [TEST_STEP][PASSED] - setText(findTestObject("Backoffice/match_mgmt/wala_details/input_wala_breed"), Wala_Breed): Text 'Breed 2' is set on object 'Object Repository/Backoffice/match_mgmt/wala_details/input_wala_breed'

2018-12-06 12:24:25 - [MESSAGE][PASSED] - Text 'Breed 2' is set on object 'Object Repository/Backoffice/match_mgmt/wala_details/input_wala_breed'

2018-12-06 12:24:25 - [TEST_STEP][PASSED] - setText(findTestObject("Backoffice/match_mgmt/wala_details/input_wala_weight"), Wala_Weight): Text 'Weight 2' is set on object 'Object Repository/Backoffice/match_mgmt/wala_details/input_wala_weight'

2018-12-06 12:24:25 - [MESSAGE][PASSED] - Text 'Weight 2' is set on object 'Object Repository/Backoffice/match_mgmt/wala_details/input_wala_weight'

2018-12-06 12:24:25 - [TEST_STEP][PASSED] - click(findTestObject("Backoffice/match_mgmt/input_submit_match")): Object: 'Object Repository/Backoffice/match_mgmt/input_submit_match' is clicked on

2018-12-06 12:24:30 - [MESSAGE][PASSED] - Object: 'Object Repository/Backoffice/match_mgmt/input_submit_match' is clicked on

2018-12-06 12:24:30 - [TEST_STEP][PASSED] - delay(1): Delayed 1 second(s)

2018-12-06 12:24:31 - [MESSAGE][PASSED] - Delayed 1 second(s)

2018-12-06 12:24:31 - [TEST_STEP][PASSED] - click(findTestObject("Backoffice/match_mgmt/button_create_match")): Object: 'Object Repository/Backoffice/match_mgmt/button_create_match' is clicked on

2018-12-06 12:24:31 - [MESSAGE][PASSED] - Object: 'Object Repository/Backoffice/match_mgmt/button_create_match' is clicked on

2018-12-06 12:24:31 - [TEST_STEP][PASSED] - delay(1): Delayed 1 second(s)

2018-12-06 12:24:32 - [MESSAGE][PASSED] - Delayed 1 second(s)

2018-12-06 12:24:32 - [TEST_STEP][PASSED] - click(findTestObject("Backoffice/match_mgmt/span_select_arena_name")): Object: 'Object Repository/Backoffice/match_mgmt/span_select_arena_name' is clicked on

2018-12-06 12:24:33 - [MESSAGE][PASSED] - Object: 'Object Repository/Backoffice/match_mgmt/span_select_arena_name' is clicked on

2018-12-06 12:24:33 - [TEST_STEP][PASSED] - setText(findTestObject("Backoffice/match_mgmt/input__select2-search__arena_name"), Arena_Acronym): Text 'JC CLAY SPORTS COMPLEX - JCSC' is set on object 'Object Repository/Backoffice/match_mgmt/input__select2-search__arena_name'

2018-12-06 12:24:35 - [MESSAGE][PASSED] - Text 'JC CLAY SPORTS COMPLEX - JCSC' is set on object 'Object Repository/Backoffice/match_mgmt/input__select2-search__arena_name'

2018-12-06 12:24:35 - [TEST_STEP][PASSED] - sendKeys(findTestObject("Backoffice/match_mgmt/input__select2-search__arena_name"), Keys.chord(ENTER)): Keys 'ENTER + ' sent to object: 'Object Repository/Backoffice/match_mgmt/input__select2-search__arena_name'

2018-12-06 12:24:35 - [MESSAGE][PASSED] - Keys 'ENTER + ' sent to object: 'Object Repository/Backoffice/match_mgmt/input__select2-search__arena_name'

2018-12-06 12:24:35 - [TEST_STEP][PASSED] - setText(findTestObject("Backoffice/match_mgmt/meron_details/input_meron_name"), Meron_Name): Text 'AA' is set on object 'Object Repository/Backoffice/match_mgmt/meron_details/input_meron_name'

2018-12-06 12:24:36 - [MESSAGE][PASSED] - Text 'AA' is set on object 'Object Repository/Backoffice/match_mgmt/meron_details/input_meron_name'

2018-12-06 12:24:36 - [TEST_STEP][PASSED] - setText(findTestObject("Backoffice/match_mgmt/meron_details/input_meron_farm"), Meron_Farm): Text 'Farm 1' is set on object 'Object Repository/Backoffice/match_mgmt/meron_details/input_meron_farm'

2018-12-06 12:24:36 - [MESSAGE][PASSED] - Text 'Farm 1' is set on object 'Object Repository/Backoffice/match_mgmt/meron_details/input_meron_farm'

2018-12-06 12:24:36 - [TEST_STEP][PASSED] - setText(findTestObject("Backoffice/match_mgmt/meron_details/input_meron_breed"), Meron_Breed): Text 'Breed 1' is set on object 'Object Repository/Backoffice/match_mgmt/meron_details/input_meron_breed'

2018-12-06 12:24:37 - [MESSAGE][PASSED] - Text 'Breed 1' is set on object 'Object Repository/Backoffice/match_mgmt/meron_details/input_meron_breed'

2018-12-06 12:24:37 - [TEST_STEP][PASSED] - setText(findTestObject("Backoffice/match_mgmt/meron_details/input_meron_weight"), Meron_Weight): Text 'Weight 1' is set on object 'Object Repository/Backoffice/match_mgmt/meron_details/input_meron_weight'

2018-12-06 12:24:37 - [MESSAGE][PASSED] - Text 'Weight 1' is set on object 'Object Repository/Backoffice/match_mgmt/meron_details/input_meron_weight'

2018-12-06 12:24:37 - [TEST_STEP][PASSED] - setText(findTestObject("Backoffice/match_mgmt/wala_details/input_wala_name"), Wala_Name): Text 'BB' is set on object 'Object Repository/Backoffice/match_mgmt/wala_details/input_wala_name'

2018-12-06 12:24:37 - [MESSAGE][PASSED] - Text 'BB' is set on object 'Object Repository/Backoffice/match_mgmt/wala_details/input_wala_name'

2018-12-06 12:24:37 - [TEST_STEP][PASSED] - setText(findTestObject("Backoffice/match_mgmt/wala_details/input_wala_farm"), Wala_Farm): Text 'Farm 2' is set on object 'Object Repository/Backoffice/match_mgmt/wala_details/input_wala_farm'

2018-12-06 12:24:38 - [MESSAGE][PASSED] - Text 'Farm 2' is set on object 'Object Repository/Backoffice/match_mgmt/wala_details/input_wala_farm'

2018-12-06 12:24:38 - [TEST_STEP][PASSED] - setText(findTestObject("Backoffice/match_mgmt/wala_details/input_wala_breed"), Wala_Breed): Text 'Breed 2' is set on object 'Object Repository/Backoffice/match_mgmt/wala_details/input_wala_breed'

2018-12-06 12:24:38 - [MESSAGE][PASSED] - Text 'Breed 2' is set on object 'Object Repository/Backoffice/match_mgmt/wala_details/input_wala_breed'

2018-12-06 12:24:38 - [TEST_STEP][PASSED] - setText(findTestObject("Backoffice/match_mgmt/wala_details/input_wala_weight"), Wala_Weight): Text 'Weight 2' is set on object 'Object Repository/Backoffice/match_mgmt/wala_details/input_wala_weight'

2018-12-06 12:24:39 - [MESSAGE][PASSED] - Text 'Weight 2' is set on object 'Object Repository/Backoffice/match_mgmt/wala_details/input_wala_weight'

2018-12-06 12:24:39 - [TEST_STEP][PASSED] - click(findTestObject("Backoffice/match_mgmt/input_submit_match")): Object: 'Object Repository/Backoffice/match_mgmt/input_submit_match' is clicked on

2018-12-06 12:24:43 - [MESSAGE][PASSED] - Object: 'Object Repository/Backoffice/match_mgmt/input_submit_match' is clicked on

2018-12-06 12:24:43 - [TEST_STEP][PASSED] - delay(1): Delayed 1 second(s)

2018-12-06 12:24:44 - [MESSAGE][PASSED] - Delayed 1 second(s)

2018-12-06 12:24:44 - [TEST_STEP][PASSED] - click(findTestObject("Backoffice/match_mgmt/button_create_match")): Object: 'Object Repository/Backoffice/match_mgmt/button_create_match' is clicked on

2018-12-06 12:24:44 - [MESSAGE][PASSED] - Object: 'Object Repository/Backoffice/match_mgmt/button_create_match' is clicked on

2018-12-06 12:24:44 - [TEST_STEP][PASSED] - delay(1): Delayed 1 second(s)

2018-12-06 12:24:45 - [MESSAGE][PASSED] - Delayed 1 second(s)

2018-12-06 12:24:45 - [TEST_STEP][PASSED] - click(findTestObject("Backoffice/match_mgmt/span_select_arena_name")): Object: 'Object Repository/Backoffice/match_mgmt/span_select_arena_name' is clicked on

2018-12-06 12:24:46 - [MESSAGE][PASSED] - Object: 'Object Repository/Backoffice/match_mgmt/span_select_arena_name' is clicked on

2018-12-06 12:24:46 - [TEST_STEP][PASSED] - setText(findTestObject("Backoffice/match_mgmt/input__select2-search__arena_name"), Arena_Acronym): Text 'JC CLAY SPORTS COMPLEX - JCSC' is set on object 'Object Repository/Backoffice/match_mgmt/input__select2-search__arena_name'

2018-12-06 12:24:48 - [MESSAGE][PASSED] - Text 'JC CLAY SPORTS COMPLEX - JCSC' is set on object 'Object Repository/Backoffice/match_mgmt/input__select2-search__arena_name'

2018-12-06 12:24:48 - [TEST_STEP][PASSED] - sendKeys(findTestObject("Backoffice/match_mgmt/input__select2-search__arena_name"), Keys.chord(ENTER)): Keys 'ENTER + ' sent to object: 'Object Repository/Backoffice/match_mgmt/input__select2-search__arena_name'

2018-12-06 12:24:48 - [MESSAGE][PASSED] - Keys 'ENTER + ' sent to object: 'Object Repository/Backoffice/match_mgmt/input__select2-search__arena_name'

2018-12-06 12:24:48 - [TEST_STEP][PASSED] - setText(findTestObject("Backoffice/match_mgmt/meron_details/input_meron_name"), Meron_Name): Text 'AA' is set on object 'Object Repository/Backoffice/match_mgmt/meron_details/input_meron_name'

2018-12-06 12:24:49 - [MESSAGE][PASSED] - Text 'AA' is set on object 'Object Repository/Backoffice/match_mgmt/meron_details/input_meron_name'

2018-12-06 12:24:49 - [TEST_STEP][PASSED] - setText(findTestObject("Backoffice/match_mgmt/meron_details/input_meron_farm"), Meron_Farm): Text 'Farm 1' is set on object 'Object Repository/Backoffice/match_mgmt/meron_details/input_meron_farm'

2018-12-06 12:24:49 - [MESSAGE][PASSED] - Text 'Farm 1' is set on object 'Object Repository/Backoffice/match_mgmt/meron_details/input_meron_farm'

2018-12-06 12:24:49 - [TEST_STEP][PASSED] - setText(findTestObject("Backoffice/match_mgmt/meron_details/input_meron_breed"), Meron_Breed): Text 'Breed 1' is set on object 'Object Repository/Backoffice/match_mgmt/meron_details/input_meron_breed'

2018-12-06 12:24:50 - [MESSAGE][PASSED] - Text 'Breed 1' is set on object 'Object Repository/Backoffice/match_mgmt/meron_details/input_meron_breed'

2018-12-06 12:24:50 - [TEST_STEP][PASSED] - setText(findTestObject("Backoffice/match_mgmt/meron_details/input_meron_weight"), Meron_Weight): Text 'Weight 1' is set on object 'Object Repository/Backoffice/match_mgmt/meron_details/input_meron_weight'

2018-12-06 12:24:50 - [MESSAGE][PASSED] - Text 'Weight 1' is set on object 'Object Repository/Backoffice/match_mgmt/meron_details/input_meron_weight'

2018-12-06 12:24:50 - [TEST_STEP][PASSED] - setText(findTestObject("Backoffice/match_mgmt/wala_details/input_wala_name"), Wala_Name): Text 'BB' is set on object 'Object Repository/Backoffice/match_mgmt/wala_details/input_wala_name'

2018-12-06 12:24:50 - [MESSAGE][PASSED] - Text 'BB' is set on object 'Object Repository/Backoffice/match_mgmt/wala_details/input_wala_name'

2018-12-06 12:24:50 - [TEST_STEP][PASSED] - setText(findTestObject("Backoffice/match_mgmt/wala_details/input_wala_farm"), Wala_Farm): Text 'Farm 2' is set on object 'Object Repository/Backoffice/match_mgmt/wala_details/input_wala_farm'

2018-12-06 12:24:51 - [MESSAGE][PASSED] - Text 'Farm 2' is set on object 'Object Repository/Backoffice/match_mgmt/wala_details/input_wala_farm'

2018-12-06 12:24:51 - [TEST_STEP][PASSED] - setText(findTestObject("Backoffice/match_mgmt/wala_details/input_wala_breed"), Wala_Breed): Text 'Breed 2' is set on object 'Object Repository/Backoffice/match_mgmt/wala_details/input_wala_breed'

2018-12-06 12:24:51 - [MESSAGE][PASSED] - Text 'Breed 2' is set on object 'Object Repository/Backoffice/match_mgmt/wala_details/input_wala_breed'

2018-12-06 12:24:51 - [TEST_STEP][PASSED] - setText(findTestObject("Backoffice/match_mgmt/wala_details/input_wala_weight"), Wala_Weight): Text 'Weight 2' is set on object 'Object Repository/Backoffice/match_mgmt/wala_details/input_wala_weight'

2018-12-06 12:24:52 - [MESSAGE][PASSED] - Text 'Weight 2' is set on object 'Object Repository/Backoffice/match_mgmt/wala_details/input_wala_weight'

2018-12-06 12:24:52 - [TEST_STEP][PASSED] - click(findTestObject("Backoffice/match_mgmt/input_submit_match")): Object: 'Object Repository/Backoffice/match_mgmt/input_submit_match' is clicked on

2018-12-06 12:24:56 - [MESSAGE][PASSED] - Object: 'Object Repository/Backoffice/match_mgmt/input_submit_match' is clicked on

2018-12-06 12:24:56 - [TEST_STEP][PASSED] - delay(1): Delayed 1 second(s)

2018-12-06 12:24:57 - [MESSAGE][PASSED] - Delayed 1 second(s)

2018-12-06 12:24:57 - [TEST_STEP][PASSED] - click(findTestObject("Backoffice/match_mgmt/button_create_match")): Object: 'Object Repository/Backoffice/match_mgmt/button_create_match' is clicked on

2018-12-06 12:24:57 - [MESSAGE][PASSED] - Object: 'Object Repository/Backoffice/match_mgmt/button_create_match' is clicked on

2018-12-06 12:24:57 - [TEST_STEP][PASSED] - delay(1): Delayed 1 second(s)

2018-12-06 12:24:58 - [MESSAGE][PASSED] - Delayed 1 second(s)

2018-12-06 12:24:58 - [TEST_STEP][PASSED] - click(findTestObject("Backoffice/match_mgmt/span_select_arena_name")): Object: 'Object Repository/Backoffice/match_mgmt/span_select_arena_name' is clicked on

2018-12-06 12:24:58 - [MESSAGE][PASSED] - Object: 'Object Repository/Backoffice/match_mgmt/span_select_arena_name' is clicked on

2018-12-06 12:24:58 - [TEST_STEP][PASSED] - setText(findTestObject("Backoffice/match_mgmt/input__select2-search__arena_name"), Arena_Acronym): Text 'JC CLAY SPORTS COMPLEX - JCSC' is set on object 'Object Repository/Backoffice/match_mgmt/input__select2-search__arena_name'

2018-12-06 12:25:01 - [MESSAGE][PASSED] - Text 'JC CLAY SPORTS COMPLEX - JCSC' is set on object 'Object Repository/Backoffice/match_mgmt/input__select2-search__arena_name'

2018-12-06 12:25:01 - [TEST_STEP][PASSED] - sendKeys(findTestObject("Backoffice/match_mgmt/input__select2-search__arena_name"), Keys.chord(ENTER)): Keys 'ENTER + ' sent to object: 'Object Repository/Backoffice/match_mgmt/input__select2-search__arena_name'

2018-12-06 12:25:01 - [MESSAGE][PASSED] - Keys 'ENTER + ' sent to object: 'Object Repository/Backoffice/match_mgmt/input__select2-search__arena_name'

2018-12-06 12:25:01 - [TEST_STEP][PASSED] - setText(findTestObject("Backoffice/match_mgmt/meron_details/input_meron_name"), Meron_Name): Text 'AA' is set on object 'Object Repository/Backoffice/match_mgmt/meron_details/input_meron_name'

2018-12-06 12:25:01 - [MESSAGE][PASSED] - Text 'AA' is set on object 'Object Repository/Backoffice/match_mgmt/meron_details/input_meron_name'

2018-12-06 12:25:01 - [TEST_STEP][PASSED] - setText(findTestObject("Backoffice/match_mgmt/meron_details/input_meron_farm"), Meron_Farm): Text 'Farm 1' is set on object 'Object Repository/Backoffice/match_mgmt/meron_details/input_meron_farm'

2018-12-06 12:25:02 - [MESSAGE][PASSED] - Text 'Farm 1' is set on object 'Object Repository/Backoffice/match_mgmt/meron_details/input_meron_farm'

2018-12-06 12:25:02 - [TEST_STEP][PASSED] - setText(findTestObject("Backoffice/match_mgmt/meron_details/input_meron_breed"), Meron_Breed): Text 'Breed 1' is set on object 'Object Repository/Backoffice/match_mgmt/meron_details/input_meron_breed'

2018-12-06 12:25:02 - [MESSAGE][PASSED] - Text 'Breed 1' is set on object 'Object Repository/Backoffice/match_mgmt/meron_details/input_meron_breed'

2018-12-06 12:25:02 - [TEST_STEP][PASSED] - setText(findTestObject("Backoffice/match_mgmt/meron_details/input_meron_weight"), Meron_Weight): Text 'Weight 1' is set on object 'Object Repository/Backoffice/match_mgmt/meron_details/input_meron_weight'

2018-12-06 12:25:03 - [MESSAGE][PASSED] - Text 'Weight 1' is set on object 'Object Repository/Backoffice/match_mgmt/meron_details/input_meron_weight'

2018-12-06 12:25:03 - [TEST_STEP][PASSED] - setText(findTestObject("Backoffice/match_mgmt/wala_details/input_wala_name"), Wala_Name): Text 'BB' is set on object 'Object Repository/Backoffice/match_mgmt/wala_details/input_wala_name'

2018-12-06 12:25:03 - [MESSAGE][PASSED] - Text 'BB' is set on object 'Object Repository/Backoffice/match_mgmt/wala_details/input_wala_name'

2018-12-06 12:25:03 - [TEST_STEP][PASSED] - setText(findTestObject("Backoffice/match_mgmt/wala_details/input_wala_farm"), Wala_Farm): Text 'Farm 2' is set on object 'Object Repository/Backoffice/match_mgmt/wala_details/input_wala_farm'

2018-12-06 12:25:03 - [MESSAGE][PASSED] - Text 'Farm 2' is set on object 'Object Repository/Backoffice/match_mgmt/wala_details/input_wala_farm'

2018-12-06 12:25:03 - [TEST_STEP][PASSED] - setText(findTestObject("Backoffice/match_mgmt/wala_details/input_wala_breed"), Wala_Breed): Text 'Breed 2' is set on object 'Object Repository/Backoffice/match_mgmt/wala_details/input_wala_breed'

2018-12-06 12:25:04 - [MESSAGE][PASSED] - Text 'Breed 2' is set on object 'Object Repository/Backoffice/match_mgmt/wala_details/input_wala_breed'

2018-12-06 12:25:04 - [TEST_STEP][PASSED] - setText(findTestObject("Backoffice/match_mgmt/wala_details/input_wala_weight"), Wala_Weight): Text 'Weight 2' is set on object 'Object Repository/Backoffice/match_mgmt/wala_details/input_wala_weight'

2018-12-06 12:25:04 - [MESSAGE][PASSED] - Text 'Weight 2' is set on object 'Object Repository/Backoffice/match_mgmt/wala_details/input_wala_weight'

2018-12-06 12:25:04 - [TEST_STEP][PASSED] - click(findTestObject("Backoffice/match_mgmt/input_submit_match")): Object: 'Object Repository/Backoffice/match_mgmt/input_submit_match' is clicked on

2018-12-06 12:25:10 - [MESSAGE][PASSED] - Object: 'Object Repository/Backoffice/match_mgmt/input_submit_match' is clicked on

2018-12-06 12:25:10 - [TEST_STEP][PASSED] - delay(1): Delayed 1 second(s)

2018-12-06 12:25:11 - [MESSAGE][PASSED] - Delayed 1 second(s)

2018-12-06 12:25:11 - [TEST_STEP][PASSED] - click(findTestObject("Backoffice/match_mgmt/button_create_match")): Object: 'Object Repository/Backoffice/match_mgmt/button_create_match' is clicked on

2018-12-06 12:25:11 - [MESSAGE][PASSED] - Object: 'Object Repository/Backoffice/match_mgmt/button_create_match' is clicked on

2018-12-06 12:25:11 - [TEST_STEP][PASSED] - delay(1): Delayed 1 second(s)

2018-12-06 12:25:12 - [MESSAGE][PASSED] - Delayed 1 second(s)

2018-12-06 12:25:12 - [TEST_STEP][PASSED] - click(findTestObject("Backoffice/match_mgmt/span_select_arena_name")): Object: 'Object Repository/Backoffice/match_mgmt/span_select_arena_name' is clicked on

2018-12-06 12:25:12 - [MESSAGE][PASSED] - Object: 'Object Repository/Backoffice/match_mgmt/span_select_arena_name' is clicked on

2018-12-06 12:25:12 - [TEST_STEP][PASSED] - setText(findTestObject("Backoffice/match_mgmt/input__select2-search__arena_name"), Arena_Acronym): Text 'JC CLAY SPORTS COMPLEX - JCSC' is set on object 'Object Repository/Backoffice/match_mgmt/input__select2-search__arena_name'

2018-12-06 12:25:15 - [MESSAGE][PASSED] - Text 'JC CLAY SPORTS COMPLEX - JCSC' is set on object 'Object Repository/Backoffice/match_mgmt/input__select2-search__arena_name'

2018-12-06 12:25:15 - [TEST_STEP][PASSED] - sendKeys(findTestObject("Backoffice/match_mgmt/input__select2-search__arena_name"), Keys.chord(ENTER)): Keys 'ENTER + ' sent to object: 'Object Repository/Backoffice/match_mgmt/input__select2-search__arena_name'

2018-12-06 12:25:15 - [MESSAGE][PASSED] - Keys 'ENTER + ' sent to object: 'Object Repository/Backoffice/match_mgmt/input__select2-search__arena_name'

2018-12-06 12:25:15 - [TEST_STEP][PASSED] - setText(findTestObject("Backoffice/match_mgmt/meron_details/input_meron_name"), Meron_Name): Text 'AA' is set on object 'Object Repository/Backoffice/match_mgmt/meron_details/input_meron_name'

2018-12-06 12:25:15 - [MESSAGE][PASSED] - Text 'AA' is set on object 'Object Repository/Backoffice/match_mgmt/meron_details/input_meron_name'

2018-12-06 12:25:15 - [TEST_STEP][PASSED] - setText(findTestObject("Backoffice/match_mgmt/meron_details/input_meron_farm"), Meron_Farm): Text 'Farm 1' is set on object 'Object Repository/Backoffice/match_mgmt/meron_details/input_meron_farm'

2018-12-06 12:25:16 - [MESSAGE][PASSED] - Text 'Farm 1' is set on object 'Object Repository/Backoffice/match_mgmt/meron_details/input_meron_farm'

2018-12-06 12:25:16 - [TEST_STEP][PASSED] - setText(findTestObject("Backoffice/match_mgmt/meron_details/input_meron_breed"), Meron_Breed): Text 'Breed 1' is set on object 'Object Repository/Backoffice/match_mgmt/meron_details/input_meron_breed'

2018-12-06 12:25:16 - [MESSAGE][PASSED] - Text 'Breed 1' is set on object 'Object Repository/Backoffice/match_mgmt/meron_details/input_meron_breed'

2018-12-06 12:25:16 - [TEST_STEP][PASSED] - setText(findTestObject("Backoffice/match_mgmt/meron_details/input_meron_weight"), Meron_Weight): Text 'Weight 1' is set on object 'Object Repository/Backoffice/match_mgmt/meron_details/input_meron_weight'

2018-12-06 12:25:16 - [MESSAGE][PASSED] - Text 'Weight 1' is set on object 'Object Repository/Backoffice/match_mgmt/meron_details/input_meron_weight'

2018-12-06 12:25:16 - [TEST_STEP][PASSED] - setText(findTestObject("Backoffice/match_mgmt/wala_details/input_wala_name"), Wala_Name): Text 'BB' is set on object 'Object Repository/Backoffice/match_mgmt/wala_details/input_wala_name'

2018-12-06 12:25:17 - [MESSAGE][PASSED] - Text 'BB' is set on object 'Object Repository/Backoffice/match_mgmt/wala_details/input_wala_name'

2018-12-06 12:25:17 - [TEST_STEP][PASSED] - setText(findTestObject("Backoffice/match_mgmt/wala_details/input_wala_farm"), Wala_Farm): Text 'Farm 2' is set on object 'Object Repository/Backoffice/match_mgmt/wala_details/input_wala_farm'

2018-12-06 12:25:17 - [MESSAGE][PASSED] - Text 'Farm 2' is set on object 'Object Repository/Backoffice/match_mgmt/wala_details/input_wala_farm'

2018-12-06 12:25:17 - [TEST_STEP][PASSED] - setText(findTestObject("Backoffice/match_mgmt/wala_details/input_wala_breed"), Wala_Breed): Text 'Breed 2' is set on object 'Object Repository/Backoffice/match_mgmt/wala_details/input_wala_breed'

2018-12-06 12:25:17 - [MESSAGE][PASSED] - Text 'Breed 2' is set on object 'Object Repository/Backoffice/match_mgmt/wala_details/input_wala_breed'

2018-12-06 12:25:17 - [TEST_STEP][PASSED] - setText(findTestObject("Backoffice/match_mgmt/wala_details/input_wala_weight"), Wala_Weight): Text 'Weight 2' is set on object 'Object Repository/Backoffice/match_mgmt/wala_details/input_wala_weight'

2018-12-06 12:25:18 - [MESSAGE][PASSED] - Text 'Weight 2' is set on object 'Object Repository/Backoffice/match_mgmt/wala_details/input_wala_weight'

2018-12-06 12:25:18 - [TEST_STEP][PASSED] - click(findTestObject("Backoffice/match_mgmt/input_submit_match")): Object: 'Object Repository/Backoffice/match_mgmt/input_submit_match' is clicked on

2018-12-06 12:25:22 - [MESSAGE][PASSED] - Object: 'Object Repository/Backoffice/match_mgmt/input_submit_match' is clicked on

2018-12-06 12:25:22 - [TEST_STEP][PASSED] - delay(1): Delayed 1 second(s)

2018-12-06 12:25:23 - [MESSAGE][PASSED] - Delayed 1 second(s)

2018-12-06 12:25:23 - [TEST_STEP][PASSED] - click(findTestObject("Backoffice/match_mgmt/button_create_match")): Object: 'Object Repository/Backoffice/match_mgmt/button_create_match' is clicked on

2018-12-06 12:25:24 - [MESSAGE][PASSED] - Object: 'Object Repository/Backoffice/match_mgmt/button_create_match' is clicked on

2018-12-06 12:25:24 - [TEST_STEP][PASSED] - delay(1): Delayed 1 second(s)

2018-12-06 12:25:25 - [MESSAGE][PASSED] - Delayed 1 second(s)

2018-12-06 12:25:25 - [TEST_STEP][PASSED] - click(findTestObject("Backoffice/match_mgmt/span_select_arena_name")): Object: 'Object Repository/Backoffice/match_mgmt/span_select_arena_name' is clicked on

2018-12-06 12:25:25 - [MESSAGE][PASSED] - Object: 'Object Repository/Backoffice/match_mgmt/span_select_arena_name' is clicked on

2018-12-06 12:25:25 - [TEST_STEP][PASSED] - setText(findTestObject("Backoffice/match_mgmt/input__select2-search__arena_name"), Arena_Acronym): Text 'JC CLAY SPORTS COMPLEX - JCSC' is set on object 'Object Repository/Backoffice/match_mgmt/input__select2-search__arena_name'

2018-12-06 12:25:27 - [MESSAGE][PASSED] - Text 'JC CLAY SPORTS COMPLEX - JCSC' is set on object 'Object Repository/Backoffice/match_mgmt/input__select2-search__arena_name'

2018-12-06 12:25:27 - [TEST_STEP][PASSED] - sendKeys(findTestObject("Backoffice/match_mgmt/input__select2-search__arena_name"), Keys.chord(ENTER)): Keys 'ENTER + ' sent to object: 'Object Repository/Backoffice/match_mgmt/input__select2-search__arena_name'

2018-12-06 12:25:28 - [MESSAGE][PASSED] - Keys 'ENTER + ' sent to object: 'Object Repository/Backoffice/match_mgmt/input__select2-search__arena_name'

2018-12-06 12:25:28 - [TEST_STEP][PASSED] - setText(findTestObject("Backoffice/match_mgmt/meron_details/input_meron_name"), Meron_Name): Text 'AA' is set on object 'Object Repository/Backoffice/match_mgmt/meron_details/input_meron_name'

2018-12-06 12:25:28 - [MESSAGE][PASSED] - Text 'AA' is set on object 'Object Repository/Backoffice/match_mgmt/meron_details/input_meron_name'

2018-12-06 12:25:28 - [TEST_STEP][PASSED] - setText(findTestObject("Backoffice/match_mgmt/meron_details/input_meron_farm"), Meron_Farm): Text 'Farm 1' is set on object 'Object Repository/Backoffice/match_mgmt/meron_details/input_meron_farm'

2018-12-06 12:25:28 - [MESSAGE][PASSED] - Text 'Farm 1' is set on object 'Object Repository/Backoffice/match_mgmt/meron_details/input_meron_farm'

2018-12-06 12:25:28 - [TEST_STEP][PASSED] - setText(findTestObject("Backoffice/match_mgmt/meron_details/input_meron_breed"), Meron_Breed): Text 'Breed 1' is set on object 'Object Repository/Backoffice/match_mgmt/meron_details/input_meron_breed'

2018-12-06 12:25:29 - [MESSAGE][PASSED] - Text 'Breed 1' is set on object 'Object Repository/Backoffice/match_mgmt/meron_details/input_meron_breed'

2018-12-06 12:25:29 - [TEST_STEP][PASSED] - setText(findTestObject("Backoffice/match_mgmt/meron_details/input_meron_weight"), Meron_Weight): Text 'Weight 1' is set on object 'Object Repository/Backoffice/match_mgmt/meron_details/input_meron_weight'

2018-12-06 12:25:29 - [MESSAGE][PASSED] - Text 'Weight 1' is set on object 'Object Repository/Backoffice/match_mgmt/meron_details/input_meron_weight'

2018-12-06 12:25:29 - [TEST_STEP][PASSED] - setText(findTestObject("Backoffice/match_mgmt/wala_details/input_wala_name"), Wala_Name): Text 'BB' is set on object 'Object Repository/Backoffice/match_mgmt/wala_details/input_wala_name'

2018-12-06 12:25:30 - [MESSAGE][PASSED] - Text 'BB' is set on object 'Object Repository/Backoffice/match_mgmt/wala_details/input_wala_name'

2018-12-06 12:25:30 - [TEST_STEP][PASSED] - setText(findTestObject("Backoffice/match_mgmt/wala_details/input_wala_farm"), Wala_Farm): Text 'Farm 2' is set on object 'Object Repository/Backoffice/match_mgmt/wala_details/input_wala_farm'

2018-12-06 12:25:30 - [MESSAGE][PASSED] - Text 'Farm 2' is set on object 'Object Repository/Backoffice/match_mgmt/wala_details/input_wala_farm'

2018-12-06 12:25:30 - [TEST_STEP][PASSED] - setText(findTestObject("Backoffice/match_mgmt/wala_details/input_wala_breed"), Wala_Breed): Text 'Breed 2' is set on object 'Object Repository/Backoffice/match_mgmt/wala_details/input_wala_breed'

2018-12-06 12:25:30 - [MESSAGE][PASSED] - Text 'Breed 2' is set on object 'Object Repository/Backoffice/match_mgmt/wala_details/input_wala_breed'

2018-12-06 12:25:30 - [TEST_STEP][PASSED] - setText(findTestObject("Backoffice/match_mgmt/wala_details/input_wala_weight"), Wala_Weight): Text 'Weight 2' is set on object 'Object Repository/Backoffice/match_mgmt/wala_details/input_wala_weight'

2018-12-06 12:25:31 - [MESSAGE][PASSED] - Text 'Weight 2' is set on object 'Object Repository/Backoffice/match_mgmt/wala_details/input_wala_weight'

2018-12-06 12:25:31 - [TEST_STEP][PASSED] - click(findTestObject("Backoffice/match_mgmt/input_submit_match")): Object: 'Object Repository/Backoffice/match_mgmt/input_submit_match' is clicked on

2018-12-06 12:25:38 - [MESSAGE][PASSED] - Object: 'Object Repository/Backoffice/match_mgmt/input_submit_match' is clicked on

2018-12-06 12:25:38 - [TEST_STEP][PASSED] - delay(1): Delayed 1 second(s)

2018-12-06 12:25:39 - [MESSAGE][PASSED] - Delayed 1 second(s)

2018-12-06 12:25:39 - [TEST_STEP][PASSED] - click(findTestObject("Backoffice/match_mgmt/button_create_match")): Object: 'Object Repository/Backoffice/match_mgmt/button_create_match' is clicked on

2018-12-06 12:25:39 - [MESSAGE][PASSED] - Object: 'Object Repository/Backoffice/match_mgmt/button_create_match' is clicked on

2018-12-06 12:25:39 - [TEST_STEP][PASSED] - delay(1): Delayed 1 second(s)

2018-12-06 12:25:40 - [MESSAGE][PASSED] - Delayed 1 second(s)

2018-12-06 12:25:40 - [TEST_STEP][PASSED] - click(findTestObject("Backoffice/match_mgmt/span_select_arena_name")): Object: 'Object Repository/Backoffice/match_mgmt/span_select_arena_name' is clicked on

2018-12-06 12:25:40 - [MESSAGE][PASSED] - Object: 'Object Repository/Backoffice/match_mgmt/span_select_arena_name' is clicked on

2018-12-06 12:25:40 - [TEST_STEP][PASSED] - setText(findTestObject("Backoffice/match_mgmt/input__select2-search__arena_name"), Arena_Acronym): Text 'JC CLAY SPORTS COMPLEX - JCSC' is set on object 'Object Repository/Backoffice/match_mgmt/input__select2-search__arena_name'

2018-12-06 12:25:43 - [MESSAGE][PASSED] - Text 'JC CLAY SPORTS COMPLEX - JCSC' is set on object 'Object Repository/Backoffice/match_mgmt/input__select2-search__arena_name'

2018-12-06 12:25:43 - [TEST_STEP][PASSED] - sendKeys(findTestObject("Backoffice/match_mgmt/input__select2-search__arena_name"), Keys.chord(ENTER)): Keys 'ENTER + ' sent to object: 'Object Repository/Backoffice/match_mgmt/input__select2-search__arena_name'

2018-12-06 12:25:43 - [MESSAGE][PASSED] - Keys 'ENTER + ' sent to object: 'Object Repository/Backoffice/match_mgmt/input__select2-search__arena_name'

2018-12-06 12:25:43 - [TEST_STEP][PASSED] - setText(findTestObject("Backoffice/match_mgmt/meron_details/input_meron_name"), Meron_Name): Text 'AA' is set on object 'Object Repository/Backoffice/match_mgmt/meron_details/input_meron_name'

2018-12-06 12:25:43 - [MESSAGE][PASSED] - Text 'AA' is set on object 'Object Repository/Backoffice/match_mgmt/meron_details/input_meron_name'

2018-12-06 12:25:43 - [TEST_STEP][PASSED] - setText(findTestObject("Backoffice/match_mgmt/meron_details/input_meron_farm"), Meron_Farm): Text 'Farm 1' is set on object 'Object Repository/Backoffice/match_mgmt/meron_details/input_meron_farm'

2018-12-06 12:25:44 - [MESSAGE][PASSED] - Text 'Farm 1' is set on object 'Object Repository/Backoffice/match_mgmt/meron_details/input_meron_farm'

2018-12-06 12:25:44 - [TEST_STEP][PASSED] - setText(findTestObject("Backoffice/match_mgmt/meron_details/input_meron_breed"), Meron_Breed): Text 'Breed 1' is set on object 'Object Repository/Backoffice/match_mgmt/meron_details/input_meron_breed'

2018-12-06 12:25:44 - [MESSAGE][PASSED] - Text 'Breed 1' is set on object 'Object Repository/Backoffice/match_mgmt/meron_details/input_meron_breed'

2018-12-06 12:25:44 - [TEST_STEP][PASSED] - setText(findTestObject("Backoffice/match_mgmt/meron_details/input_meron_weight"), Meron_Weight): Text 'Weight 1' is set on object 'Object Repository/Backoffice/match_mgmt/meron_details/input_meron_weight'

2018-12-06 12:25:45 - [MESSAGE][PASSED] - Text 'Weight 1' is set on object 'Object Repository/Backoffice/match_mgmt/meron_details/input_meron_weight'

2018-12-06 12:25:45 - [TEST_STEP][PASSED] - setText(findTestObject("Backoffice/match_mgmt/wala_details/input_wala_name"), Wala_Name): Text 'BB' is set on object 'Object Repository/Backoffice/match_mgmt/wala_details/input_wala_name'

2018-12-06 12:25:45 - [MESSAGE][PASSED] - Text 'BB' is set on object 'Object Repository/Backoffice/match_mgmt/wala_details/input_wala_name'

2018-12-06 12:25:45 - [TEST_STEP][PASSED] - setText(findTestObject("Backoffice/match_mgmt/wala_details/input_wala_farm"), Wala_Farm): Text 'Farm 2' is set on object 'Object Repository/Backoffice/match_mgmt/wala_details/input_wala_farm'

2018-12-06 12:25:46 - [MESSAGE][PASSED] - Text 'Farm 2' is set on object 'Object Repository/Backoffice/match_mgmt/wala_details/input_wala_farm'

2018-12-06 12:25:46 - [TEST_STEP][PASSED] - setText(findTestObject("Backoffice/match_mgmt/wala_details/input_wala_breed"), Wala_Breed): Text 'Breed 2' is set on object 'Object Repository/Backoffice/match_mgmt/wala_details/input_wala_breed'

2018-12-06 12:25:46 - [MESSAGE][PASSED] - Text 'Breed 2' is set on object 'Object Repository/Backoffice/match_mgmt/wala_details/input_wala_breed'

2018-12-06 12:25:46 - [TEST_STEP][PASSED] - setText(findTestObject("Backoffice/match_mgmt/wala_details/input_wala_weight"), Wala_Weight): Text 'Weight 2' is set on object 'Object Repository/Backoffice/match_mgmt/wala_details/input_wala_weight'

2018-12-06 12:25:46 - [MESSAGE][PASSED] - Text 'Weight 2' is set on object 'Object Repository/Backoffice/match_mgmt/wala_details/input_wala_weight'

2018-12-06 12:25:46 - [TEST_STEP][PASSED] - click(findTestObject("Backoffice/match_mgmt/input_submit_match")): Object: 'Object Repository/Backoffice/match_mgmt/input_submit_match' is clicked on

2018-12-06 12:25:52 - [MESSAGE][PASSED] - Object: 'Object Repository/Backoffice/match_mgmt/input_submit_match' is clicked on

2018-12-06 12:25:52 - [TEST_STEP][PASSED] - delay(1): Delayed 1 second(s)

2018-12-06 12:25:53 - [MESSAGE][PASSED] - Delayed 1 second(s)

2018-12-06 12:25:53 - [TEST_STEP][PASSED] - click(findTestObject("Backoffice/match_mgmt/button_create_match")): Object: 'Object Repository/Backoffice/match_mgmt/button_create_match' is clicked on

2018-12-06 12:25:53 - [MESSAGE][PASSED] - Object: 'Object Repository/Backoffice/match_mgmt/button_create_match' is clicked on

2018-12-06 12:25:53 - [TEST_STEP][PASSED] - delay(1): Delayed 1 second(s)

2018-12-06 12:25:54 - [MESSAGE][PASSED] - Delayed 1 second(s)

2018-12-06 12:25:54 - [TEST_STEP][PASSED] - click(findTestObject("Backoffice/match_mgmt/span_select_arena_name")): Object: 'Object Repository/Backoffice/match_mgmt/span_select_arena_name' is clicked on

2018-12-06 12:25:54 - [MESSAGE][PASSED] - Object: 'Object Repository/Backoffice/match_mgmt/span_select_arena_name' is clicked on

2018-12-06 12:25:54 - [TEST_STEP][PASSED] - setText(findTestObject("Backoffice/match_mgmt/input__select2-search__arena_name"), Arena_Acronym): Text 'JC CLAY SPORTS COMPLEX - JCSC' is set on object 'Object Repository/Backoffice/match_mgmt/input__select2-search__arena_name'

2018-12-06 12:25:57 - [MESSAGE][PASSED] - Text 'JC CLAY SPORTS COMPLEX - JCSC' is set on object 'Object Repository/Backoffice/match_mgmt/input__select2-search__arena_name'

2018-12-06 12:25:57 - [TEST_STEP][PASSED] - sendKeys(findTestObject("Backoffice/match_mgmt/input__select2-search__arena_name"), Keys.chord(ENTER)): Keys 'ENTER + ' sent to object: 'Object Repository/Backoffice/match_mgmt/input__select2-search__arena_name'

2018-12-06 12:25:57 - [MESSAGE][PASSED] - Keys 'ENTER + ' sent to object: 'Object Repository/Backoffice/match_mgmt/input__select2-search__arena_name'

2018-12-06 12:25:57 - [TEST_STEP][PASSED] - setText(findTestObject("Backoffice/match_mgmt/meron_details/input_meron_name"), Meron_Name): Text 'AA' is set on object 'Object Repository/Backoffice/match_mgmt/meron_details/input_meron_name'

2018-12-06 12:25:57 - [MESSAGE][PASSED] - Text 'AA' is set on object 'Object Repository/Backoffice/match_mgmt/meron_details/input_meron_name'

2018-12-06 12:25:57 - [TEST_STEP][PASSED] - setText(findTestObject("Backoffice/match_mgmt/meron_details/input_meron_farm"), Meron_Farm): Text 'Farm 1' is set on object 'Object Repository/Backoffice/match_mgmt/meron_details/input_meron_farm'

2018-12-06 12:25:58 - [MESSAGE][PASSED] - Text 'Farm 1' is set on object 'Object Repository/Backoffice/match_mgmt/meron_details/input_meron_farm'

2018-12-06 12:25:58 - [TEST_STEP][PASSED] - setText(findTestObject("Backoffice/match_mgmt/meron_details/input_meron_breed"), Meron_Breed): Text 'Breed 1' is set on object 'Object Repository/Backoffice/match_mgmt/meron_details/input_meron_breed'

2018-12-06 12:25:58 - [MESSAGE][PASSED] - Text 'Breed 1' is set on object 'Object Repository/Backoffice/match_mgmt/meron_details/input_meron_breed'

2018-12-06 12:25:58 - [TEST_STEP][PASSED] - setText(findTestObject("Backoffice/match_mgmt/meron_details/input_meron_weight"), Meron_Weight): Text 'Weight 1' is set on object 'Object Repository/Backoffice/match_mgmt/meron_details/input_meron_weight'

2018-12-06 12:25:58 - [MESSAGE][PASSED] - Text 'Weight 1' is set on object 'Object Repository/Backoffice/match_mgmt/meron_details/input_meron_weight'

2018-12-06 12:25:58 - [TEST_STEP][PASSED] - setText(findTestObject("Backoffice/match_mgmt/wala_details/input_wala_name"), Wala_Name): Text 'BB' is set on object 'Object Repository/Backoffice/match_mgmt/wala_details/input_wala_name'

2018-12-06 12:25:59 - [MESSAGE][PASSED] - Text 'BB' is set on object 'Object Repository/Backoffice/match_mgmt/wala_details/input_wala_name'

2018-12-06 12:25:59 - [TEST_STEP][PASSED] - setText(findTestObject("Backoffice/match_mgmt/wala_details/input_wala_farm"), Wala_Farm): Text 'Farm 2' is set on object 'Object Repository/Backoffice/match_mgmt/wala_details/input_wala_farm'

2018-12-06 12:25:59 - [MESSAGE][PASSED] - Text 'Farm 2' is set on object 'Object Repository/Backoffice/match_mgmt/wala_details/input_wala_farm'

2018-12-06 12:25:59 - [TEST_STEP][PASSED] - setText(findTestObject("Backoffice/match_mgmt/wala_details/input_wala_breed"), Wala_Breed): Text 'Breed 2' is set on object 'Object Repository/Backoffice/match_mgmt/wala_details/input_wala_breed'

2018-12-06 12:25:59 - [MESSAGE][PASSED] - Text 'Breed 2' is set on object 'Object Repository/Backoffice/match_mgmt/wala_details/input_wala_breed'

2018-12-06 12:25:59 - [TEST_STEP][PASSED] - setText(findTestObject("Backoffice/match_mgmt/wala_details/input_wala_weight"), Wala_Weight): Text 'Weight 2' is set on object 'Object Repository/Backoffice/match_mgmt/wala_details/input_wala_weight'

2018-12-06 12:26:00 - [MESSAGE][PASSED] - Text 'Weight 2' is set on object 'Object Repository/Backoffice/match_mgmt/wala_details/input_wala_weight'

2018-12-06 12:26:00 - [TEST_STEP][PASSED] - click(findTestObject("Backoffice/match_mgmt/input_submit_match")): Object: 'Object Repository/Backoffice/match_mgmt/input_submit_match' is clicked on

2018-12-06 12:26:04 - [MESSAGE][PASSED] - Object: 'Object Repository/Backoffice/match_mgmt/input_submit_match' is clicked on

2018-12-06 12:26:04 - [TEST_STEP][PASSED] - delay(1): Delayed 1 second(s)

2018-12-06 12:26:05 - [MESSAGE][PASSED] - Delayed 1 second(s)

2018-12-06 12:26:05 - [TEST_STEP][PASSED] - click(findTestObject("Backoffice/match_mgmt/button_create_match")): Object: 'Object Repository/Backoffice/match_mgmt/button_create_match' is clicked on

2018-12-06 12:26:05 - [MESSAGE][PASSED] - Object: 'Object Repository/Backoffice/match_mgmt/button_create_match' is clicked on

2018-12-06 12:26:05 - [TEST_STEP][PASSED] - delay(1): Delayed 1 second(s)

2018-12-06 12:26:06 - [MESSAGE][PASSED] - Delayed 1 second(s)

2018-12-06 12:26:06 - [TEST_STEP][PASSED] - click(findTestObject("Backoffice/match_mgmt/span_select_arena_name")): Object: 'Object Repository/Backoffice/match_mgmt/span_select_arena_name' is clicked on

2018-12-06 12:26:06 - [MESSAGE][PASSED] - Object: 'Object Repository/Backoffice/match_mgmt/span_select_arena_name' is clicked on

2018-12-06 12:26:06 - [TEST_STEP][PASSED] - setText(findTestObject("Backoffice/match_mgmt/input__select2-search__arena_name"), Arena_Acronym): Text 'JC CLAY SPORTS COMPLEX - JCSC' is set on object 'Object Repository/Backoffice/match_mgmt/input__select2-search__arena_name'

2018-12-06 12:26:09 - [MESSAGE][PASSED] - Text 'JC CLAY SPORTS COMPLEX - JCSC' is set on object 'Object Repository/Backoffice/match_mgmt/input__select2-search__arena_name'

2018-12-06 12:26:09 - [TEST_STEP][PASSED] - sendKeys(findTestObject("Backoffice/match_mgmt/input__select2-search__arena_name"), Keys.chord(ENTER)): Keys 'ENTER + ' sent to object: 'Object Repository/Backoffice/match_mgmt/input__select2-search__arena_name'

2018-12-06 12:26:09 - [MESSAGE][PASSED] - Keys 'ENTER + ' sent to object: 'Object Repository/Backoffice/match_mgmt/input__select2-search__arena_name'

2018-12-06 12:26:09 - [TEST_STEP][PASSED] - setText(findTestObject("Backoffice/match_mgmt/meron_details/input_meron_name"), Meron_Name): Text 'AA' is set on object 'Object Repository/Backoffice/match_mgmt/meron_details/input_meron_name'

2018-12-06 12:26:10 - [MESSAGE][PASSED] - Text 'AA' is set on object 'Object Repository/Backoffice/match_mgmt/meron_details/input_meron_name'

2018-12-06 12:26:10 - [TEST_STEP][PASSED] - setText(findTestObject("Backoffice/match_mgmt/meron_details/input_meron_farm"), Meron_Farm): Text 'Farm 1' is set on object 'Object Repository/Backoffice/match_mgmt/meron_details/input_meron_farm'

2018-12-06 12:26:10 - [MESSAGE][PASSED] - Text 'Farm 1' is set on object 'Object Repository/Backoffice/match_mgmt/meron_details/input_meron_farm'

2018-12-06 12:26:10 - [TEST_STEP][PASSED] - setText(findTestObject("Backoffice/match_mgmt/meron_details/input_meron_breed"), Meron_Breed): Text 'Breed 1' is set on object 'Object Repository/Backoffice/match_mgmt/meron_details/input_meron_breed'

2018-12-06 12:26:10 - [MESSAGE][PASSED] - Text 'Breed 1' is set on object 'Object Repository/Backoffice/match_mgmt/meron_details/input_meron_breed'

2018-12-06 12:26:10 - [TEST_STEP][PASSED] - setText(findTestObject("Backoffice/match_mgmt/meron_details/input_meron_weight"), Meron_Weight): Text 'Weight 1' is set on object 'Object Repository/Backoffice/match_mgmt/meron_details/input_meron_weight'

2018-12-06 12:26:11 - [MESSAGE][PASSED] - Text 'Weight 1' is set on object 'Object Repository/Backoffice/match_mgmt/meron_details/input_meron_weight'

2018-12-06 12:26:11 - [TEST_STEP][PASSED] - setText(findTestObject("Backoffice/match_mgmt/wala_details/input_wala_name"), Wala_Name): Text 'BB' is set on object 'Object Repository/Backoffice/match_mgmt/wala_details/input_wala_name'

2018-12-06 12:26:11 - [MESSAGE][PASSED] - Text 'BB' is set on object 'Object Repository/Backoffice/match_mgmt/wala_details/input_wala_name'

2018-12-06 12:26:11 - [TEST_STEP][PASSED] - setText(findTestObject("Backoffice/match_mgmt/wala_details/input_wala_farm"), Wala_Farm): Text 'Farm 2' is set on object 'Object Repository/Backoffice/match_mgmt/wala_details/input_wala_farm'

2018-12-06 12:26:12 - [MESSAGE][PASSED] - Text 'Farm 2' is set on object 'Object Repository/Backoffice/match_mgmt/wala_details/input_wala_farm'

2018-12-06 12:26:12 - [TEST_STEP][PASSED] - setText(findTestObject("Backoffice/match_mgmt/wala_details/input_wala_breed"), Wala_Breed): Text 'Breed 2' is set on object 'Object Repository/Backoffice/match_mgmt/wala_details/input_wala_breed'

2018-12-06 12:26:12 - [MESSAGE][PASSED] - Text 'Breed 2' is set on object 'Object Repository/Backoffice/match_mgmt/wala_details/input_wala_breed'

2018-12-06 12:26:12 - [TEST_STEP][PASSED] - setText(findTestObject("Backoffice/match_mgmt/wala_details/input_wala_weight"), Wala_Weight): Text 'Weight 2' is set on object 'Object Repository/Backoffice/match_mgmt/wala_details/input_wala_weight'

2018-12-06 12:26:12 - [MESSAGE][PASSED] - Text 'Weight 2' is set on object 'Object Repository/Backoffice/match_mgmt/wala_details/input_wala_weight'

2018-12-06 12:26:12 - [TEST_STEP][PASSED] - click(findTestObject("Backoffice/match_mgmt/input_submit_match")): Object: 'Object Repository/Backoffice/match_mgmt/input_submit_match' is clicked on

2018-12-06 12:26:18 - [MESSAGE][PASSED] - Object: 'Object Repository/Backoffice/match_mgmt/input_submit_match' is clicked on

2018-12-06 12:26:18 - [TEST_STEP][PASSED] - delay(1): Delayed 1 second(s)

2018-12-06 12:26:19 - [MESSAGE][PASSED] - Delayed 1 second(s)

2018-12-06 12:26:19 - [TEST_STEP][PASSED] - click(findTestObject("Backoffice/match_mgmt/button_create_match")): Object: 'Object Repository/Backoffice/match_mgmt/button_create_match' is clicked on

2018-12-06 12:26:19 - [MESSAGE][PASSED] - Object: 'Object Repository/Backoffice/match_mgmt/button_create_match' is clicked on

2018-12-06 12:26:19 - [TEST_STEP][PASSED] - delay(1): Delayed 1 second(s)

2018-12-06 12:26:20 - [MESSAGE][PASSED] - Delayed 1 second(s)

2018-12-06 12:26:20 - [TEST_STEP][PASSED] - click(findTestObject("Backoffice/match_mgmt/span_select_arena_name")): Object: 'Object Repository/Backoffice/match_mgmt/span_select_arena_name' is clicked on

2018-12-06 12:26:20 - [MESSAGE][PASSED] - Object: 'Object Repository/Backoffice/match_mgmt/span_select_arena_name' is clicked on

2018-12-06 12:26:20 - [TEST_STEP][PASSED] - setText(findTestObject("Backoffice/match_mgmt/input__select2-search__arena_name"), Arena_Acronym): Text 'JC CLAY SPORTS COMPLEX - JCSC' is set on object 'Object Repository/Backoffice/match_mgmt/input__select2-search__arena_name'

2018-12-06 12:26:23 - [MESSAGE][PASSED] - Text 'JC CLAY SPORTS COMPLEX - JCSC' is set on object 'Object Repository/Backoffice/match_mgmt/input__select2-search__arena_name'

2018-12-06 12:26:23 - [TEST_STEP][PASSED] - sendKeys(findTestObject("Backoffice/match_mgmt/input__select2-search__arena_name"), Keys.chord(ENTER)): Keys 'ENTER + ' sent to object: 'Object Repository/Backoffice/match_mgmt/input__select2-search__arena_name'

2018-12-06 12:26:23 - [MESSAGE][PASSED] - Keys 'ENTER + ' sent to object: 'Object Repository/Backoffice/match_mgmt/input__select2-search__arena_name'

2018-12-06 12:26:23 - [TEST_STEP][PASSED] - setText(findTestObject("Backoffice/match_mgmt/meron_details/input_meron_name"), Meron_Name): Text 'AA' is set on object 'Object Repository/Backoffice/match_mgmt/meron_details/input_meron_name'

2018-12-06 12:26:23 - [MESSAGE][PASSED] - Text 'AA' is set on object 'Object Repository/Backoffice/match_mgmt/meron_details/input_meron_name'

2018-12-06 12:26:23 - [TEST_STEP][PASSED] - setText(findTestObject("Backoffice/match_mgmt/meron_details/input_meron_farm"), Meron_Farm): Text 'Farm 1' is set on object 'Object Repository/Backoffice/match_mgmt/meron_details/input_meron_farm'

2018-12-06 12:26:24 - [MESSAGE][PASSED] - Text 'Farm 1' is set on object 'Object Repository/Backoffice/match_mgmt/meron_details/input_meron_farm'

2018-12-06 12:26:24 - [TEST_STEP][PASSED] - setText(findTestObject("Backoffice/match_mgmt/meron_details/input_meron_breed"), Meron_Breed): Text 'Breed 1' is set on object 'Object Repository/Backoffice/match_mgmt/meron_details/input_meron_breed'

2018-12-06 12:26:24 - [MESSAGE][PASSED] - Text 'Breed 1' is set on object 'Object Repository/Backoffice/match_mgmt/meron_details/input_meron_breed'

2018-12-06 12:26:24 - [TEST_STEP][PASSED] - setText(findTestObject("Backoffice/match_mgmt/meron_details/input_meron_weight"), Meron_Weight): Text 'Weight 1' is set on object 'Object Repository/Backoffice/match_mgmt/meron_details/input_meron_weight'

2018-12-06 12:26:24 - [MESSAGE][PASSED] - Text 'Weight 1' is set on object 'Object Repository/Backoffice/match_mgmt/meron_details/input_meron_weight'

2018-12-06 12:26:24 - [TEST_STEP][PASSED] - setText(findTestObject("Backoffice/match_mgmt/wala_details/input_wala_name"), Wala_Name): Text 'BB' is set on object 'Object Repository/Backoffice/match_mgmt/wala_details/input_wala_name'

2018-12-06 12:26:25 - [MESSAGE][PASSED] - Text 'BB' is set on object 'Object Repository/Backoffice/match_mgmt/wala_details/input_wala_name'

2018-12-06 12:26:25 - [TEST_STEP][PASSED] - setText(findTestObject("Backoffice/match_mgmt/wala_details/input_wala_farm"), Wala_Farm): Text 'Farm 2' is set on object 'Object Repository/Backoffice/match_mgmt/wala_details/input_wala_farm'

2018-12-06 12:26:25 - [MESSAGE][PASSED] - Text 'Farm 2' is set on object 'Object Repository/Backoffice/match_mgmt/wala_details/input_wala_farm'

2018-12-06 12:26:25 - [TEST_STEP][PASSED] - setText(findTestObject("Backoffice/match_mgmt/wala_details/input_wala_breed"), Wala_Breed): Text 'Breed 2' is set on object 'Object Repository/Backoffice/match_mgmt/wala_details/input_wala_breed'

2018-12-06 12:26:26 - [MESSAGE][PASSED] - Text 'Breed 2' is set on object 'Object Repository/Backoffice/match_mgmt/wala_details/input_wala_breed'

2018-12-06 12:26:26 - [TEST_STEP][PASSED] - setText(findTestObject("Backoffice/match_mgmt/wala_details/input_wala_weight"), Wala_Weight): Text 'Weight 2' is set on object 'Object Repository/Backoffice/match_mgmt/wala_details/input_wala_weight'

2018-12-06 12:26:26 - [MESSAGE][PASSED] - Text 'Weight 2' is set on object 'Object Repository/Backoffice/match_mgmt/wala_details/input_wala_weight'

2018-12-06 12:26:26 - [TEST_STEP][PASSED] - click(findTestObject("Backoffice/match_mgmt/input_submit_match")): Object: 'Object Repository/Backoffice/match_mgmt/input_submit_match' is clicked on

2018-12-06 12:26:31 - [MESSAGE][PASSED] - Object: 'Object Repository/Backoffice/match_mgmt/input_submit_match' is clicked on

2018-12-06 12:26:31 - [TEST_STEP][PASSED] - delay(1): Delayed 1 second(s)

2018-12-06 12:26:32 - [MESSAGE][PASSED] - Delayed 1 second(s)

2018-12-06 12:26:32 - [TEST_STEP][PASSED] - click(findTestObject("Backoffice/match_mgmt/button_create_match")): Object: 'Object Repository/Backoffice/match_mgmt/button_create_match' is clicked on

2018-12-06 12:26:33 - [MESSAGE][PASSED] - Object: 'Object Repository/Backoffice/match_mgmt/button_create_match' is clicked on

2018-12-06 12:26:33 - [TEST_STEP][PASSED] - delay(1): Delayed 1 second(s)

2018-12-06 12:26:34 - [MESSAGE][PASSED] - Delayed 1 second(s)

2018-12-06 12:26:34 - [TEST_STEP][PASSED] - click(findTestObject("Backoffice/match_mgmt/span_select_arena_name")): Object: 'Object Repository/Backoffice/match_mgmt/span_select_arena_name' is clicked on

2018-12-06 12:26:34 - [MESSAGE][PASSED] - Object: 'Object Repository/Backoffice/match_mgmt/span_select_arena_name' is clicked on

2018-12-06 12:26:34 - [TEST_STEP][PASSED] - setText(findTestObject("Backoffice/match_mgmt/input__select2-search__arena_name"), Arena_Acronym): Text 'JC CLAY SPORTS COMPLEX - JCSC' is set on object 'Object Repository/Backoffice/match_mgmt/input__select2-search__arena_name'

2018-12-06 12:26:36 - [MESSAGE][PASSED] - Text 'JC CLAY SPORTS COMPLEX - JCSC' is set on object 'Object Repository/Backoffice/match_mgmt/input__select2-search__arena_name'

2018-12-06 12:26:36 - [TEST_STEP][PASSED] - sendKeys(findTestObject("Backoffice/match_mgmt/input__select2-search__arena_name"), Keys.chord(ENTER)): Keys 'ENTER + ' sent to object: 'Object Repository/Backoffice/match_mgmt/input__select2-search__arena_name'

2018-12-06 12:26:37 - [MESSAGE][PASSED] - Keys 'ENTER + ' sent to object: 'Object Repository/Backoffice/match_mgmt/input__select2-search__arena_name'

2018-12-06 12:26:37 - [TEST_STEP][PASSED] - setText(findTestObject("Backoffice/match_mgmt/meron_details/input_meron_name"), Meron_Name): Text 'AA' is set on object 'Object Repository/Backoffice/match_mgmt/meron_details/input_meron_name'

2018-12-06 12:26:37 - [MESSAGE][PASSED] - Text 'AA' is set on object 'Object Repository/Backoffice/match_mgmt/meron_details/input_meron_name'

2018-12-06 12:26:37 - [TEST_STEP][PASSED] - setText(findTestObject("Backoffice/match_mgmt/meron_details/input_meron_farm"), Meron_Farm): Text 'Farm 1' is set on object 'Object Repository/Backoffice/match_mgmt/meron_details/input_meron_farm'

2018-12-06 12:26:37 - [MESSAGE][PASSED] - Text 'Farm 1' is set on object 'Object Repository/Backoffice/match_mgmt/meron_details/input_meron_farm'

2018-12-06 12:26:37 - [TEST_STEP][PASSED] - setText(findTestObject("Backoffice/match_mgmt/meron_details/input_meron_breed"), Meron_Breed): Text 'Breed 1' is set on object 'Object Repository/Backoffice/match_mgmt/meron_details/input_meron_breed'

2018-12-06 12:26:38 - [MESSAGE][PASSED] - Text 'Breed 1' is set on object 'Object Repository/Backoffice/match_mgmt/meron_details/input_meron_breed'

2018-12-06 12:26:38 - [TEST_STEP][PASSED] - setText(findTestObject("Backoffice/match_mgmt/meron_details/input_meron_weight"), Meron_Weight): Text 'Weight 1' is set on object 'Object Repository/Backoffice/match_mgmt/meron_details/input_meron_weight'

2018-12-06 12:26:38 - [MESSAGE][PASSED] - Text 'Weight 1' is set on object 'Object Repository/Backoffice/match_mgmt/meron_details/input_meron_weight'

2018-12-06 12:26:38 - [TEST_STEP][PASSED] - setText(findTestObject("Backoffice/match_mgmt/wala_details/input_wala_name"), Wala_Name): Text 'BB' is set on object 'Object Repository/Backoffice/match_mgmt/wala_details/input_wala_name'

2018-12-06 12:26:38 - [MESSAGE][PASSED] - Text 'BB' is set on object 'Object Repository/Backoffice/match_mgmt/wala_details/input_wala_name'

2018-12-06 12:26:38 - [TEST_STEP][PASSED] - setText(findTestObject("Backoffice/match_mgmt/wala_details/input_wala_farm"), Wala_Farm): Text 'Farm 2' is set on object 'Object Repository/Backoffice/match_mgmt/wala_details/input_wala_farm'

2018-12-06 12:26:39 - [MESSAGE][PASSED] - Text 'Farm 2' is set on object 'Object Repository/Backoffice/match_mgmt/wala_details/input_wala_farm'

2018-12-06 12:26:39 - [TEST_STEP][PASSED] - setText(findTestObject("Backoffice/match_mgmt/wala_details/input_wala_breed"), Wala_Breed): Text 'Breed 2' is set on object 'Object Repository/Backoffice/match_mgmt/wala_details/input_wala_breed'

2018-12-06 12:26:39 - [MESSAGE][PASSED] - Text 'Breed 2' is set on object 'Object Repository/Backoffice/match_mgmt/wala_details/input_wala_breed'

2018-12-06 12:26:39 - [TEST_STEP][PASSED] - setText(findTestObject("Backoffice/match_mgmt/wala_details/input_wala_weight"), Wala_Weight): Text 'Weight 2' is set on object 'Object Repository/Backoffice/match_mgmt/wala_details/input_wala_weight'

2018-12-06 12:26:40 - [MESSAGE][PASSED] - Text 'Weight 2' is set on object 'Object Repository/Backoffice/match_mgmt/wala_details/input_wala_weight'

2018-12-06 12:26:40 - [TEST_STEP][PASSED] - click(findTestObject("Backoffice/match_mgmt/input_submit_match")): Object: 'Object Repository/Backoffice/match_mgmt/input_submit_match' is clicked on

2018-12-06 12:26:45 - [MESSAGE][PASSED] - Object: 'Object Repository/Backoffice/match_mgmt/input_submit_match' is clicked on

2018-12-06 12:26:45 - [TEST_STEP][PASSED] - delay(1): Delayed 1 second(s)

2018-12-06 12:26:46 - [MESSAGE][PASSED] - Delayed 1 second(s)

2018-12-06 12:26:46 - [TEST_STEP][PASSED] - click(findTestObject("Backoffice/match_mgmt/button_create_match")): Object: 'Object Repository/Backoffice/match_mgmt/button_create_match' is clicked on

2018-12-06 12:26:46 - [MESSAGE][PASSED] - Object: 'Object Repository/Backoffice/match_mgmt/button_create_match' is clicked on

2018-12-06 12:26:46 - [TEST_STEP][PASSED] - delay(1): Delayed 1 second(s)

2018-12-06 12:26:47 - [MESSAGE][PASSED] - Delayed 1 second(s)

2018-12-06 12:26:47 - [TEST_STEP][PASSED] - click(findTestObject("Backoffice/match_mgmt/span_select_arena_name")): Object: 'Object Repository/Backoffice/match_mgmt/span_select_arena_name' is clicked on

2018-12-06 12:26:48 - [MESSAGE][PASSED] - Object: 'Object Repository/Backoffice/match_mgmt/span_select_arena_name' is clicked on

2018-12-06 12:26:48 - [TEST_STEP][PASSED] - setText(findTestObject("Backoffice/match_mgmt/input__select2-search__arena_name"), Arena_Acronym): Text 'JC CLAY SPORTS COMPLEX - JCSC' is set on object 'Object Repository/Backoffice/match_mgmt/input__select2-search__arena_name'

2018-12-06 12:26:50 - [MESSAGE][PASSED] - Text 'JC CLAY SPORTS COMPLEX - JCSC' is set on object 'Object Repository/Backoffice/match_mgmt/input__select2-search__arena_name'

2018-12-06 12:26:50 - [TEST_STEP][PASSED] - sendKeys(findTestObject("Backoffice/match_mgmt/input__select2-search__arena_name"), Keys.chord(ENTER)): Keys 'ENTER + ' sent to object: 'Object Repository/Backoffice/match_mgmt/input__select2-search__arena_name'

2018-12-06 12:26:50 - [MESSAGE][PASSED] - Keys 'ENTER + ' sent to object: 'Object Repository/Backoffice/match_mgmt/input__select2-search__arena_name'

2018-12-06 12:26:50 - [TEST_STEP][PASSED] - setText(findTestObject("Backoffice/match_mgmt/meron_details/input_meron_name"), Meron_Name): Text 'AA' is set on object 'Object Repository/Backoffice/match_mgmt/meron_details/input_meron_name'

2018-12-06 12:26:51 - [MESSAGE][PASSED] - Text 'AA' is set on object 'Object Repository/Backoffice/match_mgmt/meron_details/input_meron_name'

2018-12-06 12:26:51 - [TEST_STEP][PASSED] - setText(findTestObject("Backoffice/match_mgmt/meron_details/input_meron_farm"), Meron_Farm): Text 'Farm 1' is set on object 'Object Repository/Backoffice/match_mgmt/meron_details/input_meron_farm'

2018-12-06 12:26:51 - [MESSAGE][PASSED] - Text 'Farm 1' is set on object 'Object Repository/Backoffice/match_mgmt/meron_details/input_meron_farm'

2018-12-06 12:26:51 - [TEST_STEP][PASSED] - setText(findTestObject("Backoffice/match_mgmt/meron_details/input_meron_breed"), Meron_Breed): Text 'Breed 1' is set on object 'Object Repository/Backoffice/match_mgmt/meron_details/input_meron_breed'

2018-12-06 12:26:52 - [MESSAGE][PASSED] - Text 'Breed 1' is set on object 'Object Repository/Backoffice/match_mgmt/meron_details/input_meron_breed'

2018-12-06 12:26:52 - [TEST_STEP][PASSED] - setText(findTestObject("Backoffice/match_mgmt/meron_details/input_meron_weight"), Meron_Weight): Text 'Weight 1' is set on object 'Object Repository/Backoffice/match_mgmt/meron_details/input_meron_weight'

2018-12-06 12:26:52 - [MESSAGE][PASSED] - Text 'Weight 1' is set on object 'Object Repository/Backoffice/match_mgmt/meron_details/input_meron_weight'

2018-12-06 12:26:52 - [TEST_STEP][PASSED] - setText(findTestObject("Backoffice/match_mgmt/wala_details/input_wala_name"), Wala_Name): Text 'BB' is set on object 'Object Repository/Backoffice/match_mgmt/wala_details/input_wala_name'

2018-12-06 12:26:53 - [MESSAGE][PASSED] - Text 'BB' is set on object 'Object Repository/Backoffice/match_mgmt/wala_details/input_wala_name'

2018-12-06 12:26:53 - [TEST_STEP][PASSED] - setText(findTestObject("Backoffice/match_mgmt/wala_details/input_wala_farm"), Wala_Farm): Text 'Farm 2' is set on object 'Object Repository/Backoffice/match_mgmt/wala_details/input_wala_farm'

2018-12-06 12:26:53 - [MESSAGE][PASSED] - Text 'Farm 2' is set on object 'Object Repository/Backoffice/match_mgmt/wala_details/input_wala_farm'

2018-12-06 12:26:53 - [TEST_STEP][PASSED] - setText(findTestObject("Backoffice/match_mgmt/wala_details/input_wala_breed"), Wala_Breed): Text 'Breed 2' is set on object 'Object Repository/Backoffice/match_mgmt/wala_details/input_wala_breed'

2018-12-06 12:26:53 - [MESSAGE][PASSED] - Text 'Breed 2' is set on object 'Object Repository/Backoffice/match_mgmt/wala_details/input_wala_breed'

2018-12-06 12:26:53 - [TEST_STEP][PASSED] - setText(findTestObject("Backoffice/match_mgmt/wala_details/input_wala_weight"), Wala_Weight): Text 'Weight 2' is set on object 'Object Repository/Backoffice/match_mgmt/wala_details/input_wala_weight'

2018-12-06 12:26:54 - [MESSAGE][PASSED] - Text 'Weight 2' is set on object 'Object Repository/Backoffice/match_mgmt/wala_details/input_wala_weight'

2018-12-06 12:26:54 - [TEST_STEP][PASSED] - click(findTestObject("Backoffice/match_mgmt/input_submit_match")): Object: 'Object Repository/Backoffice/match_mgmt/input_submit_match' is clicked on

2018-12-06 12:27:01 - [MESSAGE][PASSED] - Object: 'Object Repository/Backoffice/match_mgmt/input_submit_match' is clicked on

2018-12-06 12:27:01 - [TEST_STEP][PASSED] - delay(1): Delayed 1 second(s)

2018-12-06 12:27:02 - [MESSAGE][PASSED] - Delayed 1 second(s)

2018-12-06 12:27:02 - [TEST_STEP][PASSED] - click(findTestObject("Backoffice/match_mgmt/button_create_match")): Object: 'Object Repository/Backoffice/match_mgmt/button_create_match' is clicked on

2018-12-06 12:27:03 - [MESSAGE][PASSED] - Object: 'Object Repository/Backoffice/match_mgmt/button_create_match' is clicked on

2018-12-06 12:27:03 - [TEST_STEP][PASSED] - delay(1): Delayed 1 second(s)

2018-12-06 12:27:04 - [MESSAGE][PASSED] - Delayed 1 second(s)

2018-12-06 12:27:04 - [TEST_STEP][PASSED] - click(findTestObject("Backoffice/match_mgmt/span_select_arena_name")): Object: 'Object Repository/Backoffice/match_mgmt/span_select_arena_name' is clicked on

2018-12-06 12:27:04 - [MESSAGE][PASSED] - Object: 'Object Repository/Backoffice/match_mgmt/span_select_arena_name' is clicked on

2018-12-06 12:27:04 - [TEST_STEP][PASSED] - setText(findTestObject("Backoffice/match_mgmt/input__select2-search__arena_name"), Arena_Acronym): Text 'JC CLAY SPORTS COMPLEX - JCSC' is set on object 'Object Repository/Backoffice/match_mgmt/input__select2-search__arena_name'

2018-12-06 12:27:06 - [MESSAGE][PASSED] - Text 'JC CLAY SPORTS COMPLEX - JCSC' is set on object 'Object Repository/Backoffice/match_mgmt/input__select2-search__arena_name'

2018-12-06 12:27:06 - [TEST_STEP][PASSED] - sendKeys(findTestObject("Backoffice/match_mgmt/input__select2-search__arena_name"), Keys.chord(ENTER)): Keys 'ENTER + ' sent to object: 'Object Repository/Backoffice/match_mgmt/input__select2-search__arena_name'

2018-12-06 12:27:07 - [MESSAGE][PASSED] - Keys 'ENTER + ' sent to object: 'Object Repository/Backoffice/match_mgmt/input__select2-search__arena_name'

2018-12-06 12:27:07 - [TEST_STEP][PASSED] - setText(findTestObject("Backoffice/match_mgmt/meron_details/input_meron_name"), Meron_Name): Text 'AA' is set on object 'Object Repository/Backoffice/match_mgmt/meron_details/input_meron_name'

2018-12-06 12:27:07 - [MESSAGE][PASSED] - Text 'AA' is set on object 'Object Repository/Backoffice/match_mgmt/meron_details/input_meron_name'

2018-12-06 12:27:07 - [TEST_STEP][PASSED] - setText(findTestObject("Backoffice/match_mgmt/meron_details/input_meron_farm"), Meron_Farm): Text 'Farm 1' is set on object 'Object Repository/Backoffice/match_mgmt/meron_details/input_meron_farm'

2018-12-06 12:27:07 - [MESSAGE][PASSED] - Text 'Farm 1' is set on object 'Object Repository/Backoffice/match_mgmt/meron_details/input_meron_farm'

2018-12-06 12:27:07 - [TEST_STEP][PASSED] - setText(findTestObject("Backoffice/match_mgmt/meron_details/input_meron_breed"), Meron_Breed): Text 'Breed 1' is set on object 'Object Repository/Backoffice/match_mgmt/meron_details/input_meron_breed'

2018-12-06 12:27:08 - [MESSAGE][PASSED] - Text 'Breed 1' is set on object 'Object Repository/Backoffice/match_mgmt/meron_details/input_meron_breed'

2018-12-06 12:27:08 - [TEST_STEP][PASSED] - setText(findTestObject("Backoffice/match_mgmt/meron_details/input_meron_weight"), Meron_Weight): Text 'Weight 1' is set on object 'Object Repository/Backoffice/match_mgmt/meron_details/input_meron_weight'

2018-12-06 12:27:08 - [MESSAGE][PASSED] - Text 'Weight 1' is set on object 'Object Repository/Backoffice/match_mgmt/meron_details/input_meron_weight'

2018-12-06 12:27:08 - [TEST_STEP][PASSED] - setText(findTestObject("Backoffice/match_mgmt/wala_details/input_wala_name"), Wala_Name): Text 'BB' is set on object 'Object Repository/Backoffice/match_mgmt/wala_details/input_wala_name'

2018-12-06 12:27:08 - [MESSAGE][PASSED] - Text 'BB' is set on object 'Object Repository/Backoffice/match_mgmt/wala_details/input_wala_name'

2018-12-06 12:27:08 - [TEST_STEP][PASSED] - setText(findTestObject("Backoffice/match_mgmt/wala_details/input_wala_farm"), Wala_Farm): Text 'Farm 2' is set on object 'Object Repository/Backoffice/match_mgmt/wala_details/input_wala_farm'

2018-12-06 12:27:09 - [MESSAGE][PASSED] - Text 'Farm 2' is set on object 'Object Repository/Backoffice/match_mgmt/wala_details/input_wala_farm'

2018-12-06 12:27:09 - [TEST_STEP][PASSED] - setText(findTestObject("Backoffice/match_mgmt/wala_details/input_wala_breed"), Wala_Breed): Text 'Breed 2' is set on object 'Object Repository/Backoffice/match_mgmt/wala_details/input_wala_breed'

2018-12-06 12:27:09 - [MESSAGE][PASSED] - Text 'Breed 2' is set on object 'Object Repository/Backoffice/match_mgmt/wala_details/input_wala_breed'

2018-12-06 12:27:09 - [TEST_STEP][PASSED] - setText(findTestObject("Backoffice/match_mgmt/wala_details/input_wala_weight"), Wala_Weight): Text 'Weight 2' is set on object 'Object Repository/Backoffice/match_mgmt/wala_details/input_wala_weight'

2018-12-06 12:27:10 - [MESSAGE][PASSED] - Text 'Weight 2' is set on object 'Object Repository/Backoffice/match_mgmt/wala_details/input_wala_weight'

2018-12-06 12:27:10 - [TEST_STEP][PASSED] - click(findTestObject("Backoffice/match_mgmt/input_submit_match")): Object: 'Object Repository/Backoffice/match_mgmt/input_submit_match' is clicked on

2018-12-06 12:27:15 - [MESSAGE][PASSED] - Object: 'Object Repository/Backoffice/match_mgmt/input_submit_match' is clicked on

2018-12-06 12:27:15 - [TEST_STEP][PASSED] - delay(1): Delayed 1 second(s)

2018-12-06 12:27:16 - [MESSAGE][PASSED] - Delayed 1 second(s)

2018-12-06 12:27:16 - [TEST_STEP][PASSED] - click(findTestObject("Backoffice/match_mgmt/button_create_match")): Object: 'Object Repository/Backoffice/match_mgmt/button_create_match' is clicked on

2018-12-06 12:27:16 - [MESSAGE][PASSED] - Object: 'Object Repository/Backoffice/match_mgmt/button_create_match' is clicked on

2018-12-06 12:27:16 - [TEST_STEP][PASSED] - delay(1): Delayed 1 second(s)

2018-12-06 12:27:17 - [MESSAGE][PASSED] - Delayed 1 second(s)

2018-12-06 12:27:17 - [TEST_STEP][PASSED] - click(findTestObject("Backoffice/match_mgmt/span_select_arena_name")): Object: 'Object Repository/Backoffice/match_mgmt/span_select_arena_name' is clicked on

2018-12-06 12:27:17 - [MESSAGE][PASSED] - Object: 'Object Repository/Backoffice/match_mgmt/span_select_arena_name' is clicked on

2018-12-06 12:27:17 - [TEST_STEP][PASSED] - setText(findTestObject("Backoffice/match_mgmt/input__select2-search__arena_name"), Arena_Acronym): Text 'JC CLAY SPORTS COMPLEX - JCSC' is set on object 'Object Repository/Backoffice/match_mgmt/input__select2-search__arena_name'

2018-12-06 12:27:19 - [MESSAGE][PASSED] - Text 'JC CLAY SPORTS COMPLEX - JCSC' is set on object 'Object Repository/Backoffice/match_mgmt/input__select2-search__arena_name'

2018-12-06 12:27:19 - [TEST_STEP][PASSED] - sendKeys(findTestObject("Backoffice/match_mgmt/input__select2-search__arena_name"), Keys.chord(ENTER)): Keys 'ENTER + ' sent to object: 'Object Repository/Backoffice/match_mgmt/input__select2-search__arena_name'

2018-12-06 12:27:19 - [MESSAGE][PASSED] - Keys 'ENTER + ' sent to object: 'Object Repository/Backoffice/match_mgmt/input__select2-search__arena_name'

2018-12-06 12:27:19 - [TEST_STEP][PASSED] - setText(findTestObject("Backoffice/match_mgmt/meron_details/input_meron_name"), Meron_Name): Text 'AA' is set on object 'Object Repository/Backoffice/match_mgmt/meron_details/input_meron_name'

2018-12-06 12:27:20 - [MESSAGE][PASSED] - Text 'AA' is set on object 'Object Repository/Backoffice/match_mgmt/meron_details/input_meron_name'

2018-12-06 12:27:20 - [TEST_STEP][PASSED] - setText(findTestObject("Backoffice/match_mgmt/meron_details/input_meron_farm"), Meron_Farm): Text 'Farm 1' is set on object 'Object Repository/Backoffice/match_mgmt/meron_details/input_meron_farm'

2018-12-06 12:27:20 - [MESSAGE][PASSED] - Text 'Farm 1' is set on object 'Object Repository/Backoffice/match_mgmt/meron_details/input_meron_farm'

2018-12-06 12:27:20 - [TEST_STEP][PASSED] - setText(findTestObject("Backoffice/match_mgmt/meron_details/input_meron_breed"), Meron_Breed): Text 'Breed 1' is set on object 'Object Repository/Backoffice/match_mgmt/meron_details/input_meron_breed'

2018-12-06 12:27:21 - [MESSAGE][PASSED] - Text 'Breed 1' is set on object 'Object Repository/Backoffice/match_mgmt/meron_details/input_meron_breed'

2018-12-06 12:27:21 - [TEST_STEP][PASSED] - setText(findTestObject("Backoffice/match_mgmt/meron_details/input_meron_weight"), Meron_Weight): Text 'Weight 1' is set on object 'Object Repository/Backoffice/match_mgmt/meron_details/input_meron_weight'

2018-12-06 12:27:21 - [MESSAGE][PASSED] - Text 'Weight 1' is set on object 'Object Repository/Backoffice/match_mgmt/meron_details/input_meron_weight'

2018-12-06 12:27:21 - [TEST_STEP][PASSED] - setText(findTestObject("Backoffice/match_mgmt/wala_details/input_wala_name"), Wala_Name): Text 'BB' is set on object 'Object Repository/Backoffice/match_mgmt/wala_details/input_wala_name'

2018-12-06 12:27:22 - [MESSAGE][PASSED] - Text 'BB' is set on object 'Object Repository/Backoffice/match_mgmt/wala_details/input_wala_name'

2018-12-06 12:27:22 - [TEST_STEP][PASSED] - setText(findTestObject("Backoffice/match_mgmt/wala_details/input_wala_farm"), Wala_Farm): Text 'Farm 2' is set on object 'Object Repository/Backoffice/match_mgmt/wala_details/input_wala_farm'

2018-12-06 12:27:22 - [MESSAGE][PASSED] - Text 'Farm 2' is set on object 'Object Repository/Backoffice/match_mgmt/wala_details/input_wala_farm'

2018-12-06 12:27:22 - [TEST_STEP][PASSED] - setText(findTestObject("Backoffice/match_mgmt/wala_details/input_wala_breed"), Wala_Breed): Text 'Breed 2' is set on object 'Object Repository/Backoffice/match_mgmt/wala_details/input_wala_breed'

2018-12-06 12:27:22 - [MESSAGE][PASSED] - Text 'Breed 2' is set on object 'Object Repository/Backoffice/match_mgmt/wala_details/input_wala_breed'

2018-12-06 12:27:22 - [TEST_STEP][PASSED] - setText(findTestObject("Backoffice/match_mgmt/wala_details/input_wala_weight"), Wala_Weight): Text 'Weight 2' is set on object 'Object Repository/Backoffice/match_mgmt/wala_details/input_wala_weight'

2018-12-06 12:27:23 - [MESSAGE][PASSED] - Text 'Weight 2' is set on object 'Object Repository/Backoffice/match_mgmt/wala_details/input_wala_weight'

2018-12-06 12:27:23 - [TEST_STEP][PASSED] - click(findTestObject("Backoffice/match_mgmt/input_submit_match")): Object: 'Object Repository/Backoffice/match_mgmt/input_submit_match' is clicked on

2018-12-06 12:27:29 - [MESSAGE][PASSED] - Object: 'Object Repository/Backoffice/match_mgmt/input_submit_match' is clicked on

2018-12-06 12:27:29 - [TEST_STEP][PASSED] - delay(1): Delayed 1 second(s)

2018-12-06 12:27:30 - [MESSAGE][PASSED] - Delayed 1 second(s)

2018-12-06 12:27:30 - [TEST_STEP][PASSED] - click(findTestObject("Backoffice/match_mgmt/button_create_match")): Object: 'Object Repository/Backoffice/match_mgmt/button_create_match' is clicked on

2018-12-06 12:27:31 - [MESSAGE][PASSED] - Object: 'Object Repository/Backoffice/match_mgmt/button_create_match' is clicked on

2018-12-06 12:27:31 - [TEST_STEP][PASSED] - delay(1): Delayed 1 second(s)

2018-12-06 12:27:32 - [MESSAGE][PASSED] - Delayed 1 second(s)

2018-12-06 12:27:32 - [TEST_STEP][PASSED] - click(findTestObject("Backoffice/match_mgmt/span_select_arena_name")): Object: 'Object Repository/Backoffice/match_mgmt/span_select_arena_name' is clicked on

2018-12-06 12:27:32 - [MESSAGE][PASSED] - Object: 'Object Repository/Backoffice/match_mgmt/span_select_arena_name' is clicked on

2018-12-06 12:27:32 - [TEST_STEP][PASSED] - setText(findTestObject("Backoffice/match_mgmt/input__select2-search__arena_name"), Arena_Acronym): Text 'JC CLAY SPORTS COMPLEX - JCSC' is set on object 'Object Repository/Backoffice/match_mgmt/input__select2-search__arena_name'

2018-12-06 12:27:35 - [MESSAGE][PASSED] - Text 'JC CLAY SPORTS COMPLEX - JCSC' is set on object 'Object Repository/Backoffice/match_mgmt/input__select2-search__arena_name'

2018-12-06 12:27:35 - [TEST_STEP][PASSED] - sendKeys(findTestObject("Backoffice/match_mgmt/input__select2-search__arena_name"), Keys.chord(ENTER)): Keys 'ENTER + ' sent to object: 'Object Repository/Backoffice/match_mgmt/input__select2-search__arena_name'

2018-12-06 12:27:35 - [MESSAGE][PASSED] - Keys 'ENTER + ' sent to object: 'Object Repository/Backoffice/match_mgmt/input__select2-search__arena_name'

2018-12-06 12:27:35 - [TEST_STEP][PASSED] - setText(findTestObject("Backoffice/match_mgmt/meron_details/input_meron_name"), Meron_Name): Text 'AA' is set on object 'Object Repository/Backoffice/match_mgmt/meron_details/input_meron_name'

2018-12-06 12:27:35 - [MESSAGE][PASSED] - Text 'AA' is set on object 'Object Repository/Backoffice/match_mgmt/meron_details/input_meron_name'

2018-12-06 12:27:35 - [TEST_STEP][PASSED] - setText(findTestObject("Backoffice/match_mgmt/meron_details/input_meron_farm"), Meron_Farm): Text 'Farm 1' is set on object 'Object Repository/Backoffice/match_mgmt/meron_details/input_meron_farm'

2018-12-06 12:27:36 - [MESSAGE][PASSED] - Text 'Farm 1' is set on object 'Object Repository/Backoffice/match_mgmt/meron_details/input_meron_farm'

2018-12-06 12:27:36 - [TEST_STEP][PASSED] - setText(findTestObject("Backoffice/match_mgmt/meron_details/input_meron_breed"), Meron_Breed): Text 'Breed 1' is set on object 'Object Repository/Backoffice/match_mgmt/meron_details/input_meron_breed'

2018-12-06 12:27:36 - [MESSAGE][PASSED] - Text 'Breed 1' is set on object 'Object Repository/Backoffice/match_mgmt/meron_details/input_meron_breed'

2018-12-06 12:27:36 - [TEST_STEP][PASSED] - setText(findTestObject("Backoffice/match_mgmt/meron_details/input_meron_weight"), Meron_Weight): Text 'Weight 1' is set on object 'Object Repository/Backoffice/match_mgmt/meron_details/input_meron_weight'

2018-12-06 12:27:36 - [MESSAGE][PASSED] - Text 'Weight 1' is set on object 'Object Repository/Backoffice/match_mgmt/meron_details/input_meron_weight'

2018-12-06 12:27:36 - [TEST_STEP][PASSED] - setText(findTestObject("Backoffice/match_mgmt/wala_details/input_wala_name"), Wala_Name): Text 'BB' is set on object 'Object Repository/Backoffice/match_mgmt/wala_details/input_wala_name'

2018-12-06 12:27:37 - [MESSAGE][PASSED] - Text 'BB' is set on object 'Object Repository/Backoffice/match_mgmt/wala_details/input_wala_name'

2018-12-06 12:27:37 - [TEST_STEP][PASSED] - setText(findTestObject("Backoffice/match_mgmt/wala_details/input_wala_farm"), Wala_Farm): Text 'Farm 2' is set on object 'Object Repository/Backoffice/match_mgmt/wala_details/input_wala_farm'

2018-12-06 12:27:37 - [MESSAGE][PASSED] - Text 'Farm 2' is set on object 'Object Repository/Backoffice/match_mgmt/wala_details/input_wala_farm'

2018-12-06 12:27:37 - [TEST_STEP][PASSED] - setText(findTestObject("Backoffice/match_mgmt/wala_details/input_wala_breed"), Wala_Breed): Text 'Breed 2' is set on object 'Object Repository/Backoffice/match_mgmt/wala_details/input_wala_breed'

2018-12-06 12:27:38 - [MESSAGE][PASSED] - Text 'Breed 2' is set on object 'Object Repository/Backoffice/match_mgmt/wala_details/input_wala_breed'

2018-12-06 12:27:38 - [TEST_STEP][PASSED] - setText(findTestObject("Backoffice/match_mgmt/wala_details/input_wala_weight"), Wala_Weight): Text 'Weight 2' is set on object 'Object Repository/Backoffice/match_mgmt/wala_details/input_wala_weight'

2018-12-06 12:27:38 - [MESSAGE][PASSED] - Text 'Weight 2' is set on object 'Object Repository/Backoffice/match_mgmt/wala_details/input_wala_weight'

2018-12-06 12:27:38 - [TEST_STEP][PASSED] - click(findTestObject("Backoffice/match_mgmt/input_submit_match")): Object: 'Object Repository/Backoffice/match_mgmt/input_submit_match' is clicked on

2018-12-06 12:27:46 - [MESSAGE][PASSED] - Object: 'Object Repository/Backoffice/match_mgmt/input_submit_match' is clicked on

2018-12-06 12:27:46 - [TEST_STEP][PASSED] - delay(1): Delayed 1 second(s)

2018-12-06 12:27:47 - [MESSAGE][PASSED] - Delayed 1 second(s)

2018-12-06 12:27:47 - [TEST_STEP][PASSED] - click(findTestObject("Backoffice/match_mgmt/button_create_match")): Object: 'Object Repository/Backoffice/match_mgmt/button_create_match' is clicked on

2018-12-06 12:27:47 - [MESSAGE][PASSED] - Object: 'Object Repository/Backoffice/match_mgmt/button_create_match' is clicked on

2018-12-06 12:27:47 - [TEST_STEP][PASSED] - delay(1): Delayed 1 second(s)

2018-12-06 12:27:48 - [MESSAGE][PASSED] - Delayed 1 second(s)

2018-12-06 12:27:48 - [TEST_STEP][PASSED] - click(findTestObject("Backoffice/match_mgmt/span_select_arena_name")): Object: 'Object Repository/Backoffice/match_mgmt/span_select_arena_name' is clicked on

2018-12-06 12:27:49 - [MESSAGE][PASSED] - Object: 'Object Repository/Backoffice/match_mgmt/span_select_arena_name' is clicked on

2018-12-06 12:27:49 - [TEST_STEP][PASSED] - setText(findTestObject("Backoffice/match_mgmt/input__select2-search__arena_name"), Arena_Acronym): Text 'JC CLAY SPORTS COMPLEX - JCSC' is set on object 'Object Repository/Backoffice/match_mgmt/input__select2-search__arena_name'

2018-12-06 12:27:51 - [MESSAGE][PASSED] - Text 'JC CLAY SPORTS COMPLEX - JCSC' is set on object 'Object Repository/Backoffice/match_mgmt/input__select2-search__arena_name'

2018-12-06 12:27:51 - [TEST_STEP][PASSED] - sendKeys(findTestObject("Backoffice/match_mgmt/input__select2-search__arena_name"), Keys.chord(ENTER)): Keys 'ENTER + ' sent to object: 'Object Repository/Backoffice/match_mgmt/input__select2-search__arena_name'

2018-12-06 12:27:51 - [MESSAGE][PASSED] - Keys 'ENTER + ' sent to object: 'Object Repository/Backoffice/match_mgmt/input__select2-search__arena_name'

2018-12-06 12:27:51 - [TEST_STEP][PASSED] - setText(findTestObject("Backoffice/match_mgmt/meron_details/input_meron_name"), Meron_Name): Text 'AA' is set on object 'Object Repository/Backoffice/match_mgmt/meron_details/input_meron_name'

2018-12-06 12:27:51 - [MESSAGE][PASSED] - Text 'AA' is set on object 'Object Repository/Backoffice/match_mgmt/meron_details/input_meron_name'

2018-12-06 12:27:51 - [TEST_STEP][PASSED] - setText(findTestObject("Backoffice/match_mgmt/meron_details/input_meron_farm"), Meron_Farm): Text 'Farm 1' is set on object 'Object Repository/Backoffice/match_mgmt/meron_details/input_meron_farm'

2018-12-06 12:27:52 - [MESSAGE][PASSED] - Text 'Farm 1' is set on object 'Object Repository/Backoffice/match_mgmt/meron_details/input_meron_farm'

2018-12-06 12:27:52 - [TEST_STEP][PASSED] - setText(findTestObject("Backoffice/match_mgmt/meron_details/input_meron_breed"), Meron_Breed): Text 'Breed 1' is set on object 'Object Repository/Backoffice/match_mgmt/meron_details/input_meron_breed'

2018-12-06 12:27:52 - [MESSAGE][PASSED] - Text 'Breed 1' is set on object 'Object Repository/Backoffice/match_mgmt/meron_details/input_meron_breed'

2018-12-06 12:27:52 - [TEST_STEP][PASSED] - setText(findTestObject("Backoffice/match_mgmt/meron_details/input_meron_weight"), Meron_Weight): Text 'Weight 1' is set on object 'Object Repository/Backoffice/match_mgmt/meron_details/input_meron_weight'

2018-12-06 12:27:52 - [MESSAGE][PASSED] - Text 'Weight 1' is set on object 'Object Repository/Backoffice/match_mgmt/meron_details/input_meron_weight'

2018-12-06 12:27:52 - [TEST_STEP][PASSED] - setText(findTestObject("Backoffice/match_mgmt/wala_details/input_wala_name"), Wala_Name): Text 'BB' is set on object 'Object Repository/Backoffice/match_mgmt/wala_details/input_wala_name'

2018-12-06 12:27:53 - [MESSAGE][PASSED] - Text 'BB' is set on object 'Object Repository/Backoffice/match_mgmt/wala_details/input_wala_name'

2018-12-06 12:27:53 - [TEST_STEP][PASSED] - setText(findTestObject("Backoffice/match_mgmt/wala_details/input_wala_farm"), Wala_Farm): Text 'Farm 2' is set on object 'Object Repository/Backoffice/match_mgmt/wala_details/input_wala_farm'

2018-12-06 12:27:53 - [MESSAGE][PASSED] - Text 'Farm 2' is set on object 'Object Repository/Backoffice/match_mgmt/wala_details/input_wala_farm'

2018-12-06 12:27:53 - [TEST_STEP][PASSED] - setText(findTestObject("Backoffice/match_mgmt/wala_details/input_wala_breed"), Wala_Breed): Text 'Breed 2' is set on object 'Object Repository/Backoffice/match_mgmt/wala_details/input_wala_breed'

2018-12-06 12:27:53 - [MESSAGE][PASSED] - Text 'Breed 2' is set on object 'Object Repository/Backoffice/match_mgmt/wala_details/input_wala_breed'

2018-12-06 12:27:53 - [TEST_STEP][PASSED] - setText(findTestObject("Backoffice/match_mgmt/wala_details/input_wala_weight"), Wala_Weight): Text 'Weight 2' is set on object 'Object Repository/Backoffice/match_mgmt/wala_details/input_wala_weight'

2018-12-06 12:27:54 - [MESSAGE][PASSED] - Text 'Weight 2' is set on object 'Object Repository/Backoffice/match_mgmt/wala_details/input_wala_weight'

2018-12-06 12:27:54 - [TEST_STEP][PASSED] - click(findTestObject("Backoffice/match_mgmt/input_submit_match")): Object: 'Object Repository/Backoffice/match_mgmt/input_submit_match' is clicked on

2018-12-06 12:28:00 - [MESSAGE][PASSED] - Object: 'Object Repository/Backoffice/match_mgmt/input_submit_match' is clicked on

2018-12-06 12:28:00 - [TEST_STEP][PASSED] - delay(1): Delayed 1 second(s)

2018-12-06 12:28:01 - [MESSAGE][PASSED] - Delayed 1 second(s)

2018-12-06 12:28:01 - [TEST_STEP][PASSED] - click(findTestObject("Backoffice/match_mgmt/button_create_match")): Object: 'Object Repository/Backoffice/match_mgmt/button_create_match' is clicked on

2018-12-06 12:28:02 - [MESSAGE][PASSED] - Object: 'Object Repository/Backoffice/match_mgmt/button_create_match' is clicked on

2018-12-06 12:28:02 - [TEST_STEP][PASSED] - delay(1): Delayed 1 second(s)

2018-12-06 12:28:03 - [MESSAGE][PASSED] - Delayed 1 second(s)

2018-12-06 12:28:03 - [TEST_STEP][PASSED] - click(findTestObject("Backoffice/match_mgmt/span_select_arena_name")): Object: 'Object Repository/Backoffice/match_mgmt/span_select_arena_name' is clicked on

2018-12-06 12:28:03 - [MESSAGE][PASSED] - Object: 'Object Repository/Backoffice/match_mgmt/span_select_arena_name' is clicked on

2018-12-06 12:28:03 - [TEST_STEP][PASSED] - setText(findTestObject("Backoffice/match_mgmt/input__select2-search__arena_name"), Arena_Acronym): Text 'JC CLAY SPORTS COMPLEX - JCSC' is set on object 'Object Repository/Backoffice/match_mgmt/input__select2-search__arena_name'

2018-12-06 12:28:05 - [MESSAGE][PASSED] - Text 'JC CLAY SPORTS COMPLEX - JCSC' is set on object 'Object Repository/Backoffice/match_mgmt/input__select2-search__arena_name'

2018-12-06 12:28:05 - [TEST_STEP][PASSED] - sendKeys(findTestObject("Backoffice/match_mgmt/input__select2-search__arena_name"), Keys.chord(ENTER)): Keys 'ENTER + ' sent to object: 'Object Repository/Backoffice/match_mgmt/input__select2-search__arena_name'

2018-12-06 12:28:05 - [MESSAGE][PASSED] - Keys 'ENTER + ' sent to object: 'Object Repository/Backoffice/match_mgmt/input__select2-search__arena_name'

2018-12-06 12:28:05 - [TEST_STEP][PASSED] - setText(findTestObject("Backoffice/match_mgmt/meron_details/input_meron_name"), Meron_Name): Text 'AA' is set on object 'Object Repository/Backoffice/match_mgmt/meron_details/input_meron_name'

2018-12-06 12:28:06 - [MESSAGE][PASSED] - Text 'AA' is set on object 'Object Repository/Backoffice/match_mgmt/meron_details/input_meron_name'

2018-12-06 12:28:06 - [TEST_STEP][PASSED] - setText(findTestObject("Backoffice/match_mgmt/meron_details/input_meron_farm"), Meron_Farm): Text 'Farm 1' is set on object 'Object Repository/Backoffice/match_mgmt/meron_details/input_meron_farm'

2018-12-06 12:28:06 - [MESSAGE][PASSED] - Text 'Farm 1' is set on object 'Object Repository/Backoffice/match_mgmt/meron_details/input_meron_farm'

2018-12-06 12:28:06 - [TEST_STEP][PASSED] - setText(findTestObject("Backoffice/match_mgmt/meron_details/input_meron_breed"), Meron_Breed): Text 'Breed 1' is set on object 'Object Repository/Backoffice/match_mgmt/meron_details/input_meron_breed'

2018-12-06 12:28:07 - [MESSAGE][PASSED] - Text 'Breed 1' is set on object 'Object Repository/Backoffice/match_mgmt/meron_details/input_meron_breed'

2018-12-06 12:28:07 - [TEST_STEP][PASSED] - setText(findTestObject("Backoffice/match_mgmt/meron_details/input_meron_weight"), Meron_Weight): Text 'Weight 1' is set on object 'Object Repository/Backoffice/match_mgmt/meron_details/input_meron_weight'

2018-12-06 12:28:07 - [MESSAGE][PASSED] - Text 'Weight 1' is set on object 'Object Repository/Backoffice/match_mgmt/meron_details/input_meron_weight'

2018-12-06 12:28:07 - [TEST_STEP][PASSED] - setText(findTestObject("Backoffice/match_mgmt/wala_details/input_wala_name"), Wala_Name): Text 'BB' is set on object 'Object Repository/Backoffice/match_mgmt/wala_details/input_wala_name'

2018-12-06 12:28:07 - [MESSAGE][PASSED] - Text 'BB' is set on object 'Object Repository/Backoffice/match_mgmt/wala_details/input_wala_name'

2018-12-06 12:28:07 - [TEST_STEP][PASSED] - setText(findTestObject("Backoffice/match_mgmt/wala_details/input_wala_farm"), Wala_Farm): Text 'Farm 2' is set on object 'Object Repository/Backoffice/match_mgmt/wala_details/input_wala_farm'

2018-12-06 12:28:08 - [MESSAGE][PASSED] - Text 'Farm 2' is set on object 'Object Repository/Backoffice/match_mgmt/wala_details/input_wala_farm'

2018-12-06 12:28:08 - [TEST_STEP][PASSED] - setText(findTestObject("Backoffice/match_mgmt/wala_details/input_wala_breed"), Wala_Breed): Text 'Breed 2' is set on object 'Object Repository/Backoffice/match_mgmt/wala_details/input_wala_breed'

2018-12-06 12:28:08 - [MESSAGE][PASSED] - Text 'Breed 2' is set on object 'Object Repository/Backoffice/match_mgmt/wala_details/input_wala_breed'

2018-12-06 12:28:08 - [TEST_STEP][PASSED] - setText(findTestObject("Backoffice/match_mgmt/wala_details/input_wala_weight"), Wala_Weight): Text 'Weight 2' is set on object 'Object Repository/Backoffice/match_mgmt/wala_details/input_wala_weight'

2018-12-06 12:28:09 - [MESSAGE][PASSED] - Text 'Weight 2' is set on object 'Object Repository/Backoffice/match_mgmt/wala_details/input_wala_weight'

2018-12-06 12:28:09 - [TEST_STEP][PASSED] - click(findTestObject("Backoffice/match_mgmt/input_submit_match")): Object: 'Object Repository/Backoffice/match_mgmt/input_submit_match' is clicked on

2018-12-06 12:28:14 - [MESSAGE][PASSED] - Object: 'Object Repository/Backoffice/match_mgmt/input_submit_match' is clicked on

2018-12-06 12:28:14 - [TEST_STEP][PASSED] - delay(1): Delayed 1 second(s)

2018-12-06 12:28:15 - [MESSAGE][PASSED] - Delayed 1 second(s)

2018-12-06 12:28:15 - [TEST_STEP][PASSED] - click(findTestObject("Backoffice/match_mgmt/button_create_match")): Object: 'Object Repository/Backoffice/match_mgmt/button_create_match' is clicked on

2018-12-06 12:28:15 - [MESSAGE][PASSED] - Object: 'Object Repository/Backoffice/match_mgmt/button_create_match' is clicked on

2018-12-06 12:28:15 - [TEST_STEP][PASSED] - delay(1): Delayed 1 second(s)

2018-12-06 12:28:16 - [MESSAGE][PASSED] - Delayed 1 second(s)

2018-12-06 12:28:16 - [TEST_STEP][PASSED] - click(findTestObject("Backoffice/match_mgmt/span_select_arena_name")): Object: 'Object Repository/Backoffice/match_mgmt/span_select_arena_name' is clicked on

2018-12-06 12:28:16 - [MESSAGE][PASSED] - Object: 'Object Repository/Backoffice/match_mgmt/span_select_arena_name' is clicked on

2018-12-06 12:28:16 - [TEST_STEP][PASSED] - setText(findTestObject("Backoffice/match_mgmt/input__select2-search__arena_name"), Arena_Acronym): Text 'JC CLAY SPORTS COMPLEX - JCSC' is set on object 'Object Repository/Backoffice/match_mgmt/input__select2-search__arena_name'

2018-12-06 12:28:18 - [MESSAGE][PASSED] - Text 'JC CLAY SPORTS COMPLEX - JCSC' is set on object 'Object Repository/Backoffice/match_mgmt/input__select2-search__arena_name'

2018-12-06 12:28:18 - [TEST_STEP][PASSED] - sendKeys(findTestObject("Backoffice/match_mgmt/input__select2-search__arena_name"), Keys.chord(ENTER)): Keys 'ENTER + ' sent to object: 'Object Repository/Backoffice/match_mgmt/input__select2-search__arena_name'

2018-12-06 12:28:19 - [MESSAGE][PASSED] - Keys 'ENTER + ' sent to object: 'Object Repository/Backoffice/match_mgmt/input__select2-search__arena_name'

2018-12-06 12:28:19 - [TEST_STEP][PASSED] - setText(findTestObject("Backoffice/match_mgmt/meron_details/input_meron_name"), Meron_Name): Text 'AA' is set on object 'Object Repository/Backoffice/match_mgmt/meron_details/input_meron_name'

2018-12-06 12:28:19 - [MESSAGE][PASSED] - Text 'AA' is set on object 'Object Repository/Backoffice/match_mgmt/meron_details/input_meron_name'

2018-12-06 12:28:19 - [TEST_STEP][PASSED] - setText(findTestObject("Backoffice/match_mgmt/meron_details/input_meron_farm"), Meron_Farm): Text 'Farm 1' is set on object 'Object Repository/Backoffice/match_mgmt/meron_details/input_meron_farm'

2018-12-06 12:28:19 - [MESSAGE][PASSED] - Text 'Farm 1' is set on object 'Object Repository/Backoffice/match_mgmt/meron_details/input_meron_farm'

2018-12-06 12:28:19 - [TEST_STEP][PASSED] - setText(findTestObject("Backoffice/match_mgmt/meron_details/input_meron_breed"), Meron_Breed): Text 'Breed 1' is set on object 'Object Repository/Backoffice/match_mgmt/meron_details/input_meron_breed'

2018-12-06 12:28:19 - [MESSAGE][PASSED] - Text 'Breed 1' is set on object 'Object Repository/Backoffice/match_mgmt/meron_details/input_meron_breed'

2018-12-06 12:28:19 - [TEST_STEP][PASSED] - setText(findTestObject("Backoffice/match_mgmt/meron_details/input_meron_weight"), Meron_Weight): Text 'Weight 1' is set on object 'Object Repository/Backoffice/match_mgmt/meron_details/input_meron_weight'

2018-12-06 12:28:20 - [MESSAGE][PASSED] - Text 'Weight 1' is set on object 'Object Repository/Backoffice/match_mgmt/meron_details/input_meron_weight'

2018-12-06 12:28:20 - [TEST_STEP][PASSED] - setText(findTestObject("Backoffice/match_mgmt/wala_details/input_wala_name"), Wala_Name): Text 'BB' is set on object 'Object Repository/Backoffice/match_mgmt/wala_details/input_wala_name'

2018-12-06 12:28:20 - [MESSAGE][PASSED] - Text 'BB' is set on object 'Object Repository/Backoffice/match_mgmt/wala_details/input_wala_name'

2018-12-06 12:28:20 - [TEST_STEP][PASSED] - setText(findTestObject("Backoffice/match_mgmt/wala_details/input_wala_farm"), Wala_Farm): Text 'Farm 2' is set on object 'Object Repository/Backoffice/match_mgmt/wala_details/input_wala_farm'

2018-12-06 12:28:21 - [MESSAGE][PASSED] - Text 'Farm 2' is set on object 'Object Repository/Backoffice/match_mgmt/wala_details/input_wala_farm'

2018-12-06 12:28:21 - [TEST_STEP][PASSED] - setText(findTestObject("Backoffice/match_mgmt/wala_details/input_wala_breed"), Wala_Breed): Text 'Breed 2' is set on object 'Object Repository/Backoffice/match_mgmt/wala_details/input_wala_breed'

2018-12-06 12:28:21 - [MESSAGE][PASSED] - Text 'Breed 2' is set on object 'Object Repository/Backoffice/match_mgmt/wala_details/input_wala_breed'

2018-12-06 12:28:21 - [TEST_STEP][PASSED] - setText(findTestObject("Backoffice/match_mgmt/wala_details/input_wala_weight"), Wala_Weight): Text 'Weight 2' is set on object 'Object Repository/Backoffice/match_mgmt/wala_details/input_wala_weight'

2018-12-06 12:28:22 - [MESSAGE][PASSED] - Text 'Weight 2' is set on object 'Object Repository/Backoffice/match_mgmt/wala_details/input_wala_weight'

2018-12-06 12:28:22 - [TEST_STEP][PASSED] - click(findTestObject("Backoffice/match_mgmt/input_submit_match")): Object: 'Object Repository/Backoffice/match_mgmt/input_submit_match' is clicked on

2018-12-06 12:28:28 - [MESSAGE][PASSED] - Object: 'Object Repository/Backoffice/match_mgmt/input_submit_match' is clicked on

2018-12-06 12:28:28 - [TEST_STEP][PASSED] - delay(1): Delayed 1 second(s)

2018-12-06 12:28:29 - [MESSAGE][PASSED] - Delayed 1 second(s)

2018-12-06 12:28:29 - [TEST_STEP][PASSED] - click(findTestObject("Backoffice/match_mgmt/button_create_match")): Object: 'Object Repository/Backoffice/match_mgmt/button_create_match' is clicked on

2018-12-06 12:28:29 - [MESSAGE][PASSED] - Object: 'Object Repository/Backoffice/match_mgmt/button_create_match' is clicked on

2018-12-06 12:28:29 - [TEST_STEP][PASSED] - delay(1): Delayed 1 second(s)

2018-12-06 12:28:30 - [MESSAGE][PASSED] - Delayed 1 second(s)

2018-12-06 12:28:30 - [TEST_STEP][PASSED] - click(findTestObject("Backoffice/match_mgmt/span_select_arena_name")): Object: 'Object Repository/Backoffice/match_mgmt/span_select_arena_name' is clicked on

2018-12-06 12:28:30 - [MESSAGE][PASSED] - Object: 'Object Repository/Backoffice/match_mgmt/span_select_arena_name' is clicked on

2018-12-06 12:28:30 - [TEST_STEP][PASSED] - setText(findTestObject("Backoffice/match_mgmt/input__select2-search__arena_name"), Arena_Acronym): Text 'JC CLAY SPORTS COMPLEX - JCSC' is set on object 'Object Repository/Backoffice/match_mgmt/input__select2-search__arena_name'

2018-12-06 12:28:32 - [MESSAGE][PASSED] - Text 'JC CLAY SPORTS COMPLEX - JCSC' is set on object 'Object Repository/Backoffice/match_mgmt/input__select2-search__arena_name'

2018-12-06 12:28:32 - [TEST_STEP][PASSED] - sendKeys(findTestObject("Backoffice/match_mgmt/input__select2-search__arena_name"), Keys.chord(ENTER)): Keys 'ENTER + ' sent to object: 'Object Repository/Backoffice/match_mgmt/input__select2-search__arena_name'

2018-12-06 12:28:33 - [MESSAGE][PASSED] - Keys 'ENTER + ' sent to object: 'Object Repository/Backoffice/match_mgmt/input__select2-search__arena_name'

2018-12-06 12:28:33 - [TEST_STEP][PASSED] - setText(findTestObject("Backoffice/match_mgmt/meron_details/input_meron_name"), Meron_Name): Text 'AA' is set on object 'Object Repository/Backoffice/match_mgmt/meron_details/input_meron_name'

2018-12-06 12:28:33 - [MESSAGE][PASSED] - Text 'AA' is set on object 'Object Repository/Backoffice/match_mgmt/meron_details/input_meron_name'

2018-12-06 12:28:33 - [TEST_STEP][PASSED] - setText(findTestObject("Backoffice/match_mgmt/meron_details/input_meron_farm"), Meron_Farm): Text 'Farm 1' is set on object 'Object Repository/Backoffice/match_mgmt/meron_details/input_meron_farm'

2018-12-06 12:28:33 - [MESSAGE][PASSED] - Text 'Farm 1' is set on object 'Object Repository/Backoffice/match_mgmt/meron_details/input_meron_farm'

2018-12-06 12:28:33 - [TEST_STEP][PASSED] - setText(findTestObject("Backoffice/match_mgmt/meron_details/input_meron_breed"), Meron_Breed): Text 'Breed 1' is set on object 'Object Repository/Backoffice/match_mgmt/meron_details/input_meron_breed'

2018-12-06 12:28:34 - [MESSAGE][PASSED] - Text 'Breed 1' is set on object 'Object Repository/Backoffice/match_mgmt/meron_details/input_meron_breed'

2018-12-06 12:28:34 - [TEST_STEP][PASSED] - setText(findTestObject("Backoffice/match_mgmt/meron_details/input_meron_weight"), Meron_Weight): Text 'Weight 1' is set on object 'Object Repository/Backoffice/match_mgmt/meron_details/input_meron_weight'

2018-12-06 12:28:34 - [MESSAGE][PASSED] - Text 'Weight 1' is set on object 'Object Repository/Backoffice/match_mgmt/meron_details/input_meron_weight'

2018-12-06 12:28:34 - [TEST_STEP][PASSED] - setText(findTestObject("Backoffice/match_mgmt/wala_details/input_wala_name"), Wala_Name): Text 'BB' is set on object 'Object Repository/Backoffice/match_mgmt/wala_details/input_wala_name'

2018-12-06 12:28:35 - [MESSAGE][PASSED] - Text 'BB' is set on object 'Object Repository/Backoffice/match_mgmt/wala_details/input_wala_name'

2018-12-06 12:28:35 - [TEST_STEP][PASSED] - setText(findTestObject("Backoffice/match_mgmt/wala_details/input_wala_farm"), Wala_Farm): Text 'Farm 2' is set on object 'Object Repository/Backoffice/match_mgmt/wala_details/input_wala_farm'

2018-12-06 12:28:35 - [MESSAGE][PASSED] - Text 'Farm 2' is set on object 'Object Repository/Backoffice/match_mgmt/wala_details/input_wala_farm'

2018-12-06 12:28:35 - [TEST_STEP][PASSED] - setText(findTestObject("Backoffice/match_mgmt/wala_details/input_wala_breed"), Wala_Breed): Text 'Breed 2' is set on object 'Object Repository/Backoffice/match_mgmt/wala_details/input_wala_breed'

2018-12-06 12:28:35 - [MESSAGE][PASSED] - Text 'Breed 2' is set on object 'Object Repository/Backoffice/match_mgmt/wala_details/input_wala_breed'

2018-12-06 12:28:35 - [TEST_STEP][PASSED] - setText(findTestObject("Backoffice/match_mgmt/wala_details/input_wala_weight"), Wala_Weight): Text 'Weight 2' is set on object 'Object Repository/Backoffice/match_mgmt/wala_details/input_wala_weight'

2018-12-06 12:28:36 - [MESSAGE][PASSED] - Text 'Weight 2' is set on object 'Object Repository/Backoffice/match_mgmt/wala_details/input_wala_weight'

2018-12-06 12:28:36 - [TEST_STEP][PASSED] - click(findTestObject("Backoffice/match_mgmt/input_submit_match")): Object: 'Object Repository/Backoffice/match_mgmt/input_submit_match' is clicked on

2018-12-06 12:28:44 - [MESSAGE][PASSED] - Object: 'Object Repository/Backoffice/match_mgmt/input_submit_match' is clicked on

2018-12-06 12:28:44 - [TEST_STEP][PASSED] - delay(1): Delayed 1 second(s)

2018-12-06 12:28:45 - [MESSAGE][PASSED] - Delayed 1 second(s)

2018-12-06 12:28:45 - [TEST_STEP][PASSED] - click(findTestObject("Backoffice/match_mgmt/button_create_match")): Object: 'Object Repository/Backoffice/match_mgmt/button_create_match' is clicked on

2018-12-06 12:28:45 - [MESSAGE][PASSED] - Object: 'Object Repository/Backoffice/match_mgmt/button_create_match' is clicked on

2018-12-06 12:28:45 - [TEST_STEP][PASSED] - delay(1): Delayed 1 second(s)

2018-12-06 12:28:46 - [MESSAGE][PASSED] - Delayed 1 second(s)

2018-12-06 12:28:46 - [TEST_STEP][PASSED] - click(findTestObject("Backoffice/match_mgmt/span_select_arena_name")): Object: 'Object Repository/Backoffice/match_mgmt/span_select_arena_name' is clicked on

2018-12-06 12:28:46 - [MESSAGE][PASSED] - Object: 'Object Repository/Backoffice/match_mgmt/span_select_arena_name' is clicked on

2018-12-06 12:28:46 - [TEST_STEP][PASSED] - setText(findTestObject("Backoffice/match_mgmt/input__select2-search__arena_name"), Arena_Acronym): Text 'JC CLAY SPORTS COMPLEX - JCSC' is set on object 'Object Repository/Backoffice/match_mgmt/input__select2-search__arena_name'

2018-12-06 12:28:49 - [MESSAGE][PASSED] - Text 'JC CLAY SPORTS COMPLEX - JCSC' is set on object 'Object Repository/Backoffice/match_mgmt/input__select2-search__arena_name'

2018-12-06 12:28:49 - [TEST_STEP][PASSED] - sendKeys(findTestObject("Backoffice/match_mgmt/input__select2-search__arena_name"), Keys.chord(ENTER)): Keys 'ENTER + ' sent to object: 'Object Repository/Backoffice/match_mgmt/input__select2-search__arena_name'

2018-12-06 12:28:49 - [MESSAGE][PASSED] - Keys 'ENTER + ' sent to object: 'Object Repository/Backoffice/match_mgmt/input__select2-search__arena_name'

2018-12-06 12:28:49 - [TEST_STEP][PASSED] - setText(findTestObject("Backoffice/match_mgmt/meron_details/input_meron_name"), Meron_Name): Text 'AA' is set on object 'Object Repository/Backoffice/match_mgmt/meron_details/input_meron_name'

2018-12-06 12:28:49 - [MESSAGE][PASSED] - Text 'AA' is set on object 'Object Repository/Backoffice/match_mgmt/meron_details/input_meron_name'

2018-12-06 12:28:49 - [TEST_STEP][PASSED] - setText(findTestObject("Backoffice/match_mgmt/meron_details/input_meron_farm"), Meron_Farm): Text 'Farm 1' is set on object 'Object Repository/Backoffice/match_mgmt/meron_details/input_meron_farm'

2018-12-06 12:28:50 - [MESSAGE][PASSED] - Text 'Farm 1' is set on object 'Object Repository/Backoffice/match_mgmt/meron_details/input_meron_farm'

2018-12-06 12:28:50 - [TEST_STEP][PASSED] - setText(findTestObject("Backoffice/match_mgmt/meron_details/input_meron_breed"), Meron_Breed): Text 'Breed 1' is set on object 'Object Repository/Backoffice/match_mgmt/meron_details/input_meron_breed'

2018-12-06 12:28:50 - [MESSAGE][PASSED] - Text 'Breed 1' is set on object 'Object Repository/Backoffice/match_mgmt/meron_details/input_meron_breed'

2018-12-06 12:28:50 - [TEST_STEP][PASSED] - setText(findTestObject("Backoffice/match_mgmt/meron_details/input_meron_weight"), Meron_Weight): Text 'Weight 1' is set on object 'Object Repository/Backoffice/match_mgmt/meron_details/input_meron_weight'

2018-12-06 12:28:50 - [MESSAGE][PASSED] - Text 'Weight 1' is set on object 'Object Repository/Backoffice/match_mgmt/meron_details/input_meron_weight'

2018-12-06 12:28:50 - [TEST_STEP][PASSED] - setText(findTestObject("Backoffice/match_mgmt/wala_details/input_wala_name"), Wala_Name): Text 'BB' is set on object 'Object Repository/Backoffice/match_mgmt/wala_details/input_wala_name'

2018-12-06 12:28:51 - [MESSAGE][PASSED] - Text 'BB' is set on object 'Object Repository/Backoffice/match_mgmt/wala_details/input_wala_name'

2018-12-06 12:28:51 - [TEST_STEP][PASSED] - setText(findTestObject("Backoffice/match_mgmt/wala_details/input_wala_farm"), Wala_Farm): Text 'Farm 2' is set on object 'Object Repository/Backoffice/match_mgmt/wala_details/input_wala_farm'

2018-12-06 12:28:51 - [MESSAGE][PASSED] - Text 'Farm 2' is set on object 'Object Repository/Backoffice/match_mgmt/wala_details/input_wala_farm'

2018-12-06 12:28:51 - [TEST_STEP][PASSED] - setText(findTestObject("Backoffice/match_mgmt/wala_details/input_wala_breed"), Wala_Breed): Text 'Breed 2' is set on object 'Object Repository/Backoffice/match_mgmt/wala_details/input_wala_breed'

2018-12-06 12:28:52 - [MESSAGE][PASSED] - Text 'Breed 2' is set on object 'Object Repository/Backoffice/match_mgmt/wala_details/input_wala_breed'

2018-12-06 12:28:52 - [TEST_STEP][PASSED] - setText(findTestObject("Backoffice/match_mgmt/wala_details/input_wala_weight"), Wala_Weight): Text 'Weight 2' is set on object 'Object Repository/Backoffice/match_mgmt/wala_details/input_wala_weight'

2018-12-06 12:28:52 - [MESSAGE][PASSED] - Text 'Weight 2' is set on object 'Object Repository/Backoffice/match_mgmt/wala_details/input_wala_weight'

2018-12-06 12:28:52 - [TEST_STEP][PASSED] - click(findTestObject("Backoffice/match_mgmt/input_submit_match")): Object: 'Object Repository/Backoffice/match_mgmt/input_submit_match' is clicked on

2018-12-06 12:29:01 - [MESSAGE][PASSED] - Object: 'Object Repository/Backoffice/match_mgmt/input_submit_match' is clicked on

2018-12-06 12:29:01 - [TEST_STEP][PASSED] - delay(1): Delayed 1 second(s)

2018-12-06 12:29:02 - [MESSAGE][PASSED] - Delayed 1 second(s)

2018-12-06 12:29:02 - [TEST_STEP][PASSED] - click(findTestObject("Backoffice/match_mgmt/button_create_match")): Object: 'Object Repository/Backoffice/match_mgmt/button_create_match' is clicked on

2018-12-06 12:29:02 - [MESSAGE][PASSED] - Object: 'Object Repository/Backoffice/match_mgmt/button_create_match' is clicked on

2018-12-06 12:29:02 - [TEST_STEP][PASSED] - delay(1): Delayed 1 second(s)

2018-12-06 12:29:03 - [MESSAGE][PASSED] - Delayed 1 second(s)

2018-12-06 12:29:03 - [TEST_STEP][PASSED] - click(findTestObject("Backoffice/match_mgmt/span_select_arena_name")): Object: 'Object Repository/Backoffice/match_mgmt/span_select_arena_name' is clicked on

2018-12-06 12:29:03 - [MESSAGE][PASSED] - Object: 'Object Repository/Backoffice/match_mgmt/span_select_arena_name' is clicked on

2018-12-06 12:29:03 - [TEST_STEP][PASSED] - setText(findTestObject("Backoffice/match_mgmt/input__select2-search__arena_name"), Arena_Acronym): Text 'JC CLAY SPORTS COMPLEX - JCSC' is set on object 'Object Repository/Backoffice/match_mgmt/input__select2-search__arena_name'

2018-12-06 12:29:06 - [MESSAGE][PASSED] - Text 'JC CLAY SPORTS COMPLEX - JCSC' is set on object 'Object Repository/Backoffice/match_mgmt/input__select2-search__arena_name'

2018-12-06 12:29:06 - [TEST_STEP][PASSED] - sendKeys(findTestObject("Backoffice/match_mgmt/input__select2-search__arena_name"), Keys.chord(ENTER)): Keys 'ENTER + ' sent to object: 'Object Repository/Backoffice/match_mgmt/input__select2-search__arena_name'

2018-12-06 12:29:06 - [MESSAGE][PASSED] - Keys 'ENTER + ' sent to object: 'Object Repository/Backoffice/match_mgmt/input__select2-search__arena_name'

2018-12-06 12:29:06 - [TEST_STEP][PASSED] - setText(findTestObject("Backoffice/match_mgmt/meron_details/input_meron_name"), Meron_Name): Text 'AA' is set on object 'Object Repository/Backoffice/match_mgmt/meron_details/input_meron_name'

2018-12-06 12:29:06 - [MESSAGE][PASSED] - Text 'AA' is set on object 'Object Repository/Backoffice/match_mgmt/meron_details/input_meron_name'

2018-12-06 12:29:06 - [TEST_STEP][PASSED] - setText(findTestObject("Backoffice/match_mgmt/meron_details/input_meron_farm"), Meron_Farm): Text 'Farm 1' is set on object 'Object Repository/Backoffice/match_mgmt/meron_details/input_meron_farm'

2018-12-06 12:29:07 - [MESSAGE][PASSED] - Text 'Farm 1' is set on object 'Object Repository/Backoffice/match_mgmt/meron_details/input_meron_farm'

2018-12-06 12:29:07 - [TEST_STEP][PASSED] - setText(findTestObject("Backoffice/match_mgmt/meron_details/input_meron_breed"), Meron_Breed): Text 'Breed 1' is set on object 'Object Repository/Backoffice/match_mgmt/meron_details/input_meron_breed'

2018-12-06 12:29:07 - [MESSAGE][PASSED] - Text 'Breed 1' is set on object 'Object Repository/Backoffice/match_mgmt/meron_details/input_meron_breed'

2018-12-06 12:29:07 - [TEST_STEP][PASSED] - setText(findTestObject("Backoffice/match_mgmt/meron_details/input_meron_weight"), Meron_Weight): Text 'Weight 1' is set on object 'Object Repository/Backoffice/match_mgmt/meron_details/input_meron_weight'

2018-12-06 12:29:07 - [MESSAGE][PASSED] - Text 'Weight 1' is set on object 'Object Repository/Backoffice/match_mgmt/meron_details/input_meron_weight'

2018-12-06 12:29:07 - [TEST_STEP][PASSED] - setText(findTestObject("Backoffice/match_mgmt/wala_details/input_wala_name"), Wala_Name): Text 'BB' is set on object 'Object Repository/Backoffice/match_mgmt/wala_details/input_wala_name'

2018-12-06 12:29:08 - [MESSAGE][PASSED] - Text 'BB' is set on object 'Object Repository/Backoffice/match_mgmt/wala_details/input_wala_name'

2018-12-06 12:29:08 - [TEST_STEP][PASSED] - setText(findTestObject("Backoffice/match_mgmt/wala_details/input_wala_farm"), Wala_Farm): Text 'Farm 2' is set on object 'Object Repository/Backoffice/match_mgmt/wala_details/input_wala_farm'

2018-12-06 12:29:08 - [MESSAGE][PASSED] - Text 'Farm 2' is set on object 'Object Repository/Backoffice/match_mgmt/wala_details/input_wala_farm'

2018-12-06 12:29:08 - [TEST_STEP][PASSED] - setText(findTestObject("Backoffice/match_mgmt/wala_details/input_wala_breed"), Wala_Breed): Text 'Breed 2' is set on object 'Object Repository/Backoffice/match_mgmt/wala_details/input_wala_breed'

2018-12-06 12:29:09 - [MESSAGE][PASSED] - Text 'Breed 2' is set on object 'Object Repository/Backoffice/match_mgmt/wala_details/input_wala_breed'

2018-12-06 12:29:09 - [TEST_STEP][PASSED] - setText(findTestObject("Backoffice/match_mgmt/wala_details/input_wala_weight"), Wala_Weight): Text 'Weight 2' is set on object 'Object Repository/Backoffice/match_mgmt/wala_details/input_wala_weight'

2018-12-06 12:29:09 - [MESSAGE][PASSED] - Text 'Weight 2' is set on object 'Object Repository/Backoffice/match_mgmt/wala_details/input_wala_weight'

2018-12-06 12:29:09 - [TEST_STEP][PASSED] - click(findTestObject("Backoffice/match_mgmt/input_submit_match")): Object: 'Object Repository/Backoffice/match_mgmt/input_submit_match' is clicked on

2018-12-06 12:29:15 - [MESSAGE][PASSED] - Object: 'Object Repository/Backoffice/match_mgmt/input_submit_match' is clicked on

2018-12-06 12:29:15 - [TEST_STEP][PASSED] - delay(1): Delayed 1 second(s)

2018-12-06 12:29:16 - [MESSAGE][PASSED] - Delayed 1 second(s)

2018-12-06 12:29:16 - [TEST_STEP][PASSED] - click(findTestObject("Backoffice/match_mgmt/button_create_match")): Object: 'Object Repository/Backoffice/match_mgmt/button_create_match' is clicked on

2018-12-06 12:29:16 - [MESSAGE][PASSED] - Object: 'Object Repository/Backoffice/match_mgmt/button_create_match' is clicked on

2018-12-06 12:29:16 - [TEST_STEP][PASSED] - delay(1): Delayed 1 second(s)

2018-12-06 12:29:17 - [MESSAGE][PASSED] - Delayed 1 second(s)

2018-12-06 12:29:17 - [TEST_STEP][PASSED] - click(findTestObject("Backoffice/match_mgmt/span_select_arena_name")): Object: 'Object Repository/Backoffice/match_mgmt/span_select_arena_name' is clicked on

2018-12-06 12:29:17 - [MESSAGE][PASSED] - Object: 'Object Repository/Backoffice/match_mgmt/span_select_arena_name' is clicked on

2018-12-06 12:29:17 - [TEST_STEP][PASSED] - setText(findTestObject("Backoffice/match_mgmt/input__select2-search__arena_name"), Arena_Acronym): Text 'JC CLAY SPORTS COMPLEX - JCSC' is set on object 'Object Repository/Backoffice/match_mgmt/input__select2-search__arena_name'

2018-12-06 12:29:20 - [MESSAGE][PASSED] - Text 'JC CLAY SPORTS COMPLEX - JCSC' is set on object 'Object Repository/Backoffice/match_mgmt/input__select2-search__arena_name'

2018-12-06 12:29:20 - [TEST_STEP][PASSED] - sendKeys(findTestObject("Backoffice/match_mgmt/input__select2-search__arena_name"), Keys.chord(ENTER)): Keys 'ENTER + ' sent to object: 'Object Repository/Backoffice/match_mgmt/input__select2-search__arena_name'

2018-12-06 12:29:20 - [MESSAGE][PASSED] - Keys 'ENTER + ' sent to object: 'Object Repository/Backoffice/match_mgmt/input__select2-search__arena_name'

2018-12-06 12:29:20 - [TEST_STEP][PASSED] - setText(findTestObject("Backoffice/match_mgmt/meron_details/input_meron_name"), Meron_Name): Text 'AA' is set on object 'Object Repository/Backoffice/match_mgmt/meron_details/input_meron_name'

2018-12-06 12:29:20 - [MESSAGE][PASSED] - Text 'AA' is set on object 'Object Repository/Backoffice/match_mgmt/meron_details/input_meron_name'

2018-12-06 12:29:20 - [TEST_STEP][PASSED] - setText(findTestObject("Backoffice/match_mgmt/meron_details/input_meron_farm"), Meron_Farm): Text 'Farm 1' is set on object 'Object Repository/Backoffice/match_mgmt/meron_details/input_meron_farm'

2018-12-06 12:29:21 - [MESSAGE][PASSED] - Text 'Farm 1' is set on object 'Object Repository/Backoffice/match_mgmt/meron_details/input_meron_farm'

2018-12-06 12:29:21 - [TEST_STEP][PASSED] - setText(findTestObject("Backoffice/match_mgmt/meron_details/input_meron_breed"), Meron_Breed): Text 'Breed 1' is set on object 'Object Repository/Backoffice/match_mgmt/meron_details/input_meron_breed'

2018-12-06 12:29:21 - [MESSAGE][PASSED] - Text 'Breed 1' is set on object 'Object Repository/Backoffice/match_mgmt/meron_details/input_meron_breed'

2018-12-06 12:29:21 - [TEST_STEP][PASSED] - setText(findTestObject("Backoffice/match_mgmt/meron_details/input_meron_weight"), Meron_Weight): Text 'Weight 1' is set on object 'Object Repository/Backoffice/match_mgmt/meron_details/input_meron_weight'

2018-12-06 12:29:22 - [MESSAGE][PASSED] - Text 'Weight 1' is set on object 'Object Repository/Backoffice/match_mgmt/meron_details/input_meron_weight'

2018-12-06 12:29:22 - [TEST_STEP][PASSED] - setText(findTestObject("Backoffice/match_mgmt/wala_details/input_wala_name"), Wala_Name): Text 'BB' is set on object 'Object Repository/Backoffice/match_mgmt/wala_details/input_wala_name'

2018-12-06 12:29:22 - [MESSAGE][PASSED] - Text 'BB' is set on object 'Object Repository/Backoffice/match_mgmt/wala_details/input_wala_name'

2018-12-06 12:29:22 - [TEST_STEP][PASSED] - setText(findTestObject("Backoffice/match_mgmt/wala_details/input_wala_farm"), Wala_Farm): Text 'Farm 2' is set on object 'Object Repository/Backoffice/match_mgmt/wala_details/input_wala_farm'

2018-12-06 12:29:22 - [MESSAGE][PASSED] - Text 'Farm 2' is set on object 'Object Repository/Backoffice/match_mgmt/wala_details/input_wala_farm'

2018-12-06 12:29:22 - [TEST_STEP][PASSED] - setText(findTestObject("Backoffice/match_mgmt/wala_details/input_wala_breed"), Wala_Breed): Text 'Breed 2' is set on object 'Object Repository/Backoffice/match_mgmt/wala_details/input_wala_breed'

2018-12-06 12:29:23 - [MESSAGE][PASSED] - Text 'Breed 2' is set on object 'Object Repository/Backoffice/match_mgmt/wala_details/input_wala_breed'

2018-12-06 12:29:23 - [TEST_STEP][PASSED] - setText(findTestObject("Backoffice/match_mgmt/wala_details/input_wala_weight"), Wala_Weight): Text 'Weight 2' is set on object 'Object Repository/Backoffice/match_mgmt/wala_details/input_wala_weight'

2018-12-06 12:29:23 - [MESSAGE][PASSED] - Text 'Weight 2' is set on object 'Object Repository/Backoffice/match_mgmt/wala_details/input_wala_weight'

2018-12-06 12:29:23 - [TEST_STEP][PASSED] - click(findTestObject("Backoffice/match_mgmt/input_submit_match")): Object: 'Object Repository/Backoffice/match_mgmt/input_submit_match' is clicked on

2018-12-06 12:29:30 - [MESSAGE][PASSED] - Object: 'Object Repository/Backoffice/match_mgmt/input_submit_match' is clicked on

2018-12-06 12:29:30 - [TEST_STEP][PASSED] - delay(1): Delayed 1 second(s)

2018-12-06 12:29:31 - [MESSAGE][PASSED] - Delayed 1 second(s)

2018-12-06 12:29:31 - [TEST_STEP][PASSED] - click(findTestObject("Backoffice/match_mgmt/button_create_match")): Object: 'Object Repository/Backoffice/match_mgmt/button_create_match' is clicked on

2018-12-06 12:29:31 - [MESSAGE][PASSED] - Object: 'Object Repository/Backoffice/match_mgmt/button_create_match' is clicked on

2018-12-06 12:29:31 - [TEST_STEP][PASSED] - delay(1): Delayed 1 second(s)

2018-12-06 12:29:32 - [MESSAGE][PASSED] - Delayed 1 second(s)

2018-12-06 12:29:32 - [TEST_STEP][PASSED] - click(findTestObject("Backoffice/match_mgmt/span_select_arena_name")): Object: 'Object Repository/Backoffice/match_mgmt/span_select_arena_name' is clicked on

2018-12-06 12:29:32 - [MESSAGE][PASSED] - Object: 'Object Repository/Backoffice/match_mgmt/span_select_arena_name' is clicked on

2018-12-06 12:29:32 - [TEST_STEP][PASSED] - setText(findTestObject("Backoffice/match_mgmt/input__select2-search__arena_name"), Arena_Acronym): Text 'JC CLAY SPORTS COMPLEX - JCSC' is set on object 'Object Repository/Backoffice/match_mgmt/input__select2-search__arena_name'

2018-12-06 12:29:35 - [MESSAGE][PASSED] - Text 'JC CLAY SPORTS COMPLEX - JCSC' is set on object 'Object Repository/Backoffice/match_mgmt/input__select2-search__arena_name'

2018-12-06 12:29:35 - [TEST_STEP][PASSED] - sendKeys(findTestObject("Backoffice/match_mgmt/input__select2-search__arena_name"), Keys.chord(ENTER)): Keys 'ENTER + ' sent to object: 'Object Repository/Backoffice/match_mgmt/input__select2-search__arena_name'

2018-12-06 12:29:35 - [MESSAGE][PASSED] - Keys 'ENTER + ' sent to object: 'Object Repository/Backoffice/match_mgmt/input__select2-search__arena_name'

2018-12-06 12:29:35 - [TEST_STEP][PASSED] - setText(findTestObject("Backoffice/match_mgmt/meron_details/input_meron_name"), Meron_Name): Text 'AA' is set on object 'Object Repository/Backoffice/match_mgmt/meron_details/input_meron_name'

2018-12-06 12:29:35 - [MESSAGE][PASSED] - Text 'AA' is set on object 'Object Repository/Backoffice/match_mgmt/meron_details/input_meron_name'

2018-12-06 12:29:35 - [TEST_STEP][PASSED] - setText(findTestObject("Backoffice/match_mgmt/meron_details/input_meron_farm"), Meron_Farm): Text 'Farm 1' is set on object 'Object Repository/Backoffice/match_mgmt/meron_details/input_meron_farm'

2018-12-06 12:29:36 - [MESSAGE][PASSED] - Text 'Farm 1' is set on object 'Object Repository/Backoffice/match_mgmt/meron_details/input_meron_farm'

2018-12-06 12:29:36 - [TEST_STEP][PASSED] - setText(findTestObject("Backoffice/match_mgmt/meron_details/input_meron_breed"), Meron_Breed): Text 'Breed 1' is set on object 'Object Repository/Backoffice/match_mgmt/meron_details/input_meron_breed'

2018-12-06 12:29:36 - [MESSAGE][PASSED] - Text 'Breed 1' is set on object 'Object Repository/Backoffice/match_mgmt/meron_details/input_meron_breed'

2018-12-06 12:29:36 - [TEST_STEP][PASSED] - setText(findTestObject("Backoffice/match_mgmt/meron_details/input_meron_weight"), Meron_Weight): Text 'Weight 1' is set on object 'Object Repository/Backoffice/match_mgmt/meron_details/input_meron_weight'

2018-12-06 12:29:37 - [MESSAGE][PASSED] - Text 'Weight 1' is set on object 'Object Repository/Backoffice/match_mgmt/meron_details/input_meron_weight'

2018-12-06 12:29:37 - [TEST_STEP][PASSED] - setText(findTestObject("Backoffice/match_mgmt/wala_details/input_wala_name"), Wala_Name): Text 'BB' is set on object 'Object Repository/Backoffice/match_mgmt/wala_details/input_wala_name'

2018-12-06 12:29:37 - [MESSAGE][PASSED] - Text 'BB' is set on object 'Object Repository/Backoffice/match_mgmt/wala_details/input_wala_name'

2018-12-06 12:29:37 - [TEST_STEP][PASSED] - setText(findTestObject("Backoffice/match_mgmt/wala_details/input_wala_farm"), Wala_Farm): Text 'Farm 2' is set on object 'Object Repository/Backoffice/match_mgmt/wala_details/input_wala_farm'

2018-12-06 12:29:37 - [MESSAGE][PASSED] - Text 'Farm 2' is set on object 'Object Repository/Backoffice/match_mgmt/wala_details/input_wala_farm'

2018-12-06 12:29:37 - [TEST_STEP][PASSED] - setText(findTestObject("Backoffice/match_mgmt/wala_details/input_wala_breed"), Wala_Breed): Text 'Breed 2' is set on object 'Object Repository/Backoffice/match_mgmt/wala_details/input_wala_breed'

2018-12-06 12:29:38 - [MESSAGE][PASSED] - Text 'Breed 2' is set on object 'Object Repository/Backoffice/match_mgmt/wala_details/input_wala_breed'

2018-12-06 12:29:38 - [TEST_STEP][PASSED] - setText(findTestObject("Backoffice/match_mgmt/wala_details/input_wala_weight"), Wala_Weight): Text 'Weight 2' is set on object 'Object Repository/Backoffice/match_mgmt/wala_details/input_wala_weight'

2018-12-06 12:29:38 - [MESSAGE][PASSED] - Text 'Weight 2' is set on object 'Object Repository/Backoffice/match_mgmt/wala_details/input_wala_weight'

2018-12-06 12:29:38 - [TEST_STEP][PASSED] - click(findTestObject("Backoffice/match_mgmt/input_submit_match")): Object: 'Object Repository/Backoffice/match_mgmt/input_submit_match' is clicked on

2018-12-06 12:29:48 - [MESSAGE][PASSED] - Object: 'Object Repository/Backoffice/match_mgmt/input_submit_match' is clicked on

2018-12-06 12:29:48 - [TEST_STEP][PASSED] - delay(1): Delayed 1 second(s)

2018-12-06 12:29:49 - [MESSAGE][PASSED] - Delayed 1 second(s)

2018-12-06 12:29:49 - [TEST_STEP][PASSED] - click(findTestObject("Backoffice/match_mgmt/button_create_match")): Object: 'Object Repository/Backoffice/match_mgmt/button_create_match' is clicked on

2018-12-06 12:29:49 - [MESSAGE][PASSED] - Object: 'Object Repository/Backoffice/match_mgmt/button_create_match' is clicked on

2018-12-06 12:29:49 - [TEST_STEP][PASSED] - delay(1): Delayed 1 second(s)

2018-12-06 12:29:50 - [MESSAGE][PASSED] - Delayed 1 second(s)

2018-12-06 12:29:50 - [TEST_STEP][PASSED] - click(findTestObject("Backoffice/match_mgmt/span_select_arena_name")): Object: 'Object Repository/Backoffice/match_mgmt/span_select_arena_name' is clicked on

2018-12-06 12:29:51 - [MESSAGE][PASSED] - Object: 'Object Repository/Backoffice/match_mgmt/span_select_arena_name' is clicked on

2018-12-06 12:29:51 - [TEST_STEP][PASSED] - setText(findTestObject("Backoffice/match_mgmt/input__select2-search__arena_name"), Arena_Acronym): Text 'JC CLAY SPORTS COMPLEX - JCSC' is set on object 'Object Repository/Backoffice/match_mgmt/input__select2-search__arena_name'

2018-12-06 12:29:53 - [MESSAGE][PASSED] - Text 'JC CLAY SPORTS COMPLEX - JCSC' is set on object 'Object Repository/Backoffice/match_mgmt/input__select2-search__arena_name'

2018-12-06 12:29:53 - [TEST_STEP][PASSED] - sendKeys(findTestObject("Backoffice/match_mgmt/input__select2-search__arena_name"), Keys.chord(ENTER)): Keys 'ENTER + ' sent to object: 'Object Repository/Backoffice/match_mgmt/input__select2-search__arena_name'

2018-12-06 12:29:53 - [MESSAGE][PASSED] - Keys 'ENTER + ' sent to object: 'Object Repository/Backoffice/match_mgmt/input__select2-search__arena_name'

2018-12-06 12:29:53 - [TEST_STEP][PASSED] - setText(findTestObject("Backoffice/match_mgmt/meron_details/input_meron_name"), Meron_Name): Text 'AA' is set on object 'Object Repository/Backoffice/match_mgmt/meron_details/input_meron_name'

2018-12-06 12:29:53 - [MESSAGE][PASSED] - Text 'AA' is set on object 'Object Repository/Backoffice/match_mgmt/meron_details/input_meron_name'

2018-12-06 12:29:53 - [TEST_STEP][PASSED] - setText(findTestObject("Backoffice/match_mgmt/meron_details/input_meron_farm"), Meron_Farm): Text 'Farm 1' is set on object 'Object Repository/Backoffice/match_mgmt/meron_details/input_meron_farm'

2018-12-06 12:29:54 - [MESSAGE][PASSED] - Text 'Farm 1' is set on object 'Object Repository/Backoffice/match_mgmt/meron_details/input_meron_farm'

2018-12-06 12:29:54 - [TEST_STEP][PASSED] - setText(findTestObject("Backoffice/match_mgmt/meron_details/input_meron_breed"), Meron_Breed): Text 'Breed 1' is set on object 'Object Repository/Backoffice/match_mgmt/meron_details/input_meron_breed'

2018-12-06 12:29:54 - [MESSAGE][PASSED] - Text 'Breed 1' is set on object 'Object Repository/Backoffice/match_mgmt/meron_details/input_meron_breed'

2018-12-06 12:29:54 - [TEST_STEP][PASSED] - setText(findTestObject("Backoffice/match_mgmt/meron_details/input_meron_weight"), Meron_Weight): Text 'Weight 1' is set on object 'Object Repository/Backoffice/match_mgmt/meron_details/input_meron_weight'

2018-12-06 12:29:55 - [MESSAGE][PASSED] - Text 'Weight 1' is set on object 'Object Repository/Backoffice/match_mgmt/meron_details/input_meron_weight'

2018-12-06 12:29:55 - [TEST_STEP][PASSED] - setText(findTestObject("Backoffice/match_mgmt/wala_details/input_wala_name"), Wala_Name): Text 'BB' is set on object 'Object Repository/Backoffice/match_mgmt/wala_details/input_wala_name'

2018-12-06 12:29:55 - [MESSAGE][PASSED] - Text 'BB' is set on object 'Object Repository/Backoffice/match_mgmt/wala_details/input_wala_name'

2018-12-06 12:29:55 - [TEST_STEP][PASSED] - setText(findTestObject("Backoffice/match_mgmt/wala_details/input_wala_farm"), Wala_Farm): Text 'Farm 2' is set on object 'Object Repository/Backoffice/match_mgmt/wala_details/input_wala_farm'

2018-12-06 12:29:55 - [MESSAGE][PASSED] - Text 'Farm 2' is set on object 'Object Repository/Backoffice/match_mgmt/wala_details/input_wala_farm'

2018-12-06 12:29:55 - [TEST_STEP][PASSED] - setText(findTestObject("Backoffice/match_mgmt/wala_details/input_wala_breed"), Wala_Breed): Text 'Breed 2' is set on object 'Object Repository/Backoffice/match_mgmt/wala_details/input_wala_breed'

2018-12-06 12:29:56 - [MESSAGE][PASSED] - Text 'Breed 2' is set on object 'Object Repository/Backoffice/match_mgmt/wala_details/input_wala_breed'

2018-12-06 12:29:56 - [TEST_STEP][PASSED] - setText(findTestObject("Backoffice/match_mgmt/wala_details/input_wala_weight"), Wala_Weight): Text 'Weight 2' is set on object 'Object Repository/Backoffice/match_mgmt/wala_details/input_wala_weight'

2018-12-06 12:29:56 - [MESSAGE][PASSED] - Text 'Weight 2' is set on object 'Object Repository/Backoffice/match_mgmt/wala_details/input_wala_weight'

2018-12-06 12:29:56 - [TEST_STEP][PASSED] - click(findTestObject("Backoffice/match_mgmt/input_submit_match")): Object: 'Object Repository/Backoffice/match_mgmt/input_submit_match' is clicked on

2018-12-06 12:30:02 - [MESSAGE][PASSED] - Object: 'Object Repository/Backoffice/match_mgmt/input_submit_match' is clicked on

2018-12-06 12:30:02 - [TEST_STEP][PASSED] - delay(1): Delayed 1 second(s)

2018-12-06 12:30:03 - [MESSAGE][PASSED] - Delayed 1 second(s)

2018-12-06 12:30:03 - [TEST_STEP][PASSED] - click(findTestObject("Backoffice/match_mgmt/button_create_match")): Object: 'Object Repository/Backoffice/match_mgmt/button_create_match' is clicked on

2018-12-06 12:30:03 - [MESSAGE][PASSED] - Object: 'Object Repository/Backoffice/match_mgmt/button_create_match' is clicked on

2018-12-06 12:30:03 - [TEST_STEP][PASSED] - delay(1): Delayed 1 second(s)

2018-12-06 12:30:04 - [MESSAGE][PASSED] - Delayed 1 second(s)

2018-12-06 12:30:04 - [TEST_STEP][PASSED] - click(findTestObject("Backoffice/match_mgmt/span_select_arena_name")): Object: 'Object Repository/Backoffice/match_mgmt/span_select_arena_name' is clicked on

2018-12-06 12:30:04 - [MESSAGE][PASSED] - Object: 'Object Repository/Backoffice/match_mgmt/span_select_arena_name' is clicked on

2018-12-06 12:30:04 - [TEST_STEP][PASSED] - setText(findTestObject("Backoffice/match_mgmt/input__select2-search__arena_name"), Arena_Acronym): Text 'JC CLAY SPORTS COMPLEX - JCSC' is set on object 'Object Repository/Backoffice/match_mgmt/input__select2-search__arena_name'

2018-12-06 12:30:07 - [MESSAGE][PASSED] - Text 'JC CLAY SPORTS COMPLEX - JCSC' is set on object 'Object Repository/Backoffice/match_mgmt/input__select2-search__arena_name'

2018-12-06 12:30:07 - [TEST_STEP][PASSED] - sendKeys(findTestObject("Backoffice/match_mgmt/input__select2-search__arena_name"), Keys.chord(ENTER)): Keys 'ENTER + ' sent to object: 'Object Repository/Backoffice/match_mgmt/input__select2-search__arena_name'

2018-12-06 12:30:07 - [MESSAGE][PASSED] - Keys 'ENTER + ' sent to object: 'Object Repository/Backoffice/match_mgmt/input__select2-search__arena_name'

2018-12-06 12:30:07 - [TEST_STEP][PASSED] - setText(findTestObject("Backoffice/match_mgmt/meron_details/input_meron_name"), Meron_Name): Text 'AA' is set on object 'Object Repository/Backoffice/match_mgmt/meron_details/input_meron_name'

2018-12-06 12:30:07 - [MESSAGE][PASSED] - Text 'AA' is set on object 'Object Repository/Backoffice/match_mgmt/meron_details/input_meron_name'

2018-12-06 12:30:07 - [TEST_STEP][PASSED] - setText(findTestObject("Backoffice/match_mgmt/meron_details/input_meron_farm"), Meron_Farm): Text 'Farm 1' is set on object 'Object Repository/Backoffice/match_mgmt/meron_details/input_meron_farm'

2018-12-06 12:30:07 - [MESSAGE][PASSED] - Text 'Farm 1' is set on object 'Object Repository/Backoffice/match_mgmt/meron_details/input_meron_farm'

2018-12-06 12:30:07 - [TEST_STEP][PASSED] - setText(findTestObject("Backoffice/match_mgmt/meron_details/input_meron_breed"), Meron_Breed): Text 'Breed 1' is set on object 'Object Repository/Backoffice/match_mgmt/meron_details/input_meron_breed'

2018-12-06 12:30:08 - [MESSAGE][PASSED] - Text 'Breed 1' is set on object 'Object Repository/Backoffice/match_mgmt/meron_details/input_meron_breed'

2018-12-06 12:30:08 - [TEST_STEP][PASSED] - setText(findTestObject("Backoffice/match_mgmt/meron_details/input_meron_weight"), Meron_Weight): Text 'Weight 1' is set on object 'Object Repository/Backoffice/match_mgmt/meron_details/input_meron_weight'

2018-12-06 12:30:08 - [MESSAGE][PASSED] - Text 'Weight 1' is set on object 'Object Repository/Backoffice/match_mgmt/meron_details/input_meron_weight'

2018-12-06 12:30:08 - [TEST_STEP][PASSED] - setText(findTestObject("Backoffice/match_mgmt/wala_details/input_wala_name"), Wala_Name): Text 'BB' is set on object 'Object Repository/Backoffice/match_mgmt/wala_details/input_wala_name'

2018-12-06 12:30:09 - [MESSAGE][PASSED] - Text 'BB' is set on object 'Object Repository/Backoffice/match_mgmt/wala_details/input_wala_name'

2018-12-06 12:30:09 - [TEST_STEP][PASSED] - setText(findTestObject("Backoffice/match_mgmt/wala_details/input_wala_farm"), Wala_Farm): Text 'Farm 2' is set on object 'Object Repository/Backoffice/match_mgmt/wala_details/input_wala_farm'

2018-12-06 12:30:09 - [MESSAGE][PASSED] - Text 'Farm 2' is set on object 'Object Repository/Backoffice/match_mgmt/wala_details/input_wala_farm'

2018-12-06 12:30:09 - [TEST_STEP][PASSED] - setText(findTestObject("Backoffice/match_mgmt/wala_details/input_wala_breed"), Wala_Breed): Text 'Breed 2' is set on object 'Object Repository/Backoffice/match_mgmt/wala_details/input_wala_breed'

2018-12-06 12:30:09 - [MESSAGE][PASSED] - Text 'Breed 2' is set on object 'Object Repository/Backoffice/match_mgmt/wala_details/input_wala_breed'

2018-12-06 12:30:09 - [TEST_STEP][PASSED] - setText(findTestObject("Backoffice/match_mgmt/wala_details/input_wala_weight"), Wala_Weight): Text 'Weight 2' is set on object 'Object Repository/Backoffice/match_mgmt/wala_details/input_wala_weight'

2018-12-06 12:30:10 - [MESSAGE][PASSED] - Text 'Weight 2' is set on object 'Object Repository/Backoffice/match_mgmt/wala_details/input_wala_weight'

2018-12-06 12:30:10 - [TEST_STEP][PASSED] - click(findTestObject("Backoffice/match_mgmt/input_submit_match")): Object: 'Object Repository/Backoffice/match_mgmt/input_submit_match' is clicked on

2018-12-06 12:30:18 - [MESSAGE][PASSED] - Object: 'Object Repository/Backoffice/match_mgmt/input_submit_match' is clicked on

2018-12-06 12:30:18 - [TEST_STEP][PASSED] - delay(1): Delayed 1 second(s)

2018-12-06 12:30:19 - [MESSAGE][PASSED] - Delayed 1 second(s)

2018-12-06 12:30:19 - [TEST_STEP][PASSED] - click(findTestObject("Backoffice/match_mgmt/button_create_match")): Object: 'Object Repository/Backoffice/match_mgmt/button_create_match' is clicked on

2018-12-06 12:30:19 - [MESSAGE][PASSED] - Object: 'Object Repository/Backoffice/match_mgmt/button_create_match' is clicked on

2018-12-06 12:30:19 - [TEST_STEP][PASSED] - delay(1): Delayed 1 second(s)

2018-12-06 12:30:20 - [MESSAGE][PASSED] - Delayed 1 second(s)

2018-12-06 12:30:20 - [TEST_STEP][PASSED] - click(findTestObject("Backoffice/match_mgmt/span_select_arena_name")): Object: 'Object Repository/Backoffice/match_mgmt/span_select_arena_name' is clicked on

2018-12-06 12:30:20 - [MESSAGE][PASSED] - Object: 'Object Repository/Backoffice/match_mgmt/span_select_arena_name' is clicked on

2018-12-06 12:30:20 - [TEST_STEP][PASSED] - setText(findTestObject("Backoffice/match_mgmt/input__select2-search__arena_name"), Arena_Acronym): Text 'JC CLAY SPORTS COMPLEX - JCSC' is set on object 'Object Repository/Backoffice/match_mgmt/input__select2-search__arena_name'

2018-12-06 12:30:23 - [MESSAGE][PASSED] - Text 'JC CLAY SPORTS COMPLEX - JCSC' is set on object 'Object Repository/Backoffice/match_mgmt/input__select2-search__arena_name'

2018-12-06 12:30:23 - [TEST_STEP][PASSED] - sendKeys(findTestObject("Backoffice/match_mgmt/input__select2-search__arena_name"), Keys.chord(ENTER)): Keys 'ENTER + ' sent to object: 'Object Repository/Backoffice/match_mgmt/input__select2-search__arena_name'

2018-12-06 12:30:23 - [MESSAGE][PASSED] - Keys 'ENTER + ' sent to object: 'Object Repository/Backoffice/match_mgmt/input__select2-search__arena_name'

2018-12-06 12:30:23 - [TEST_STEP][PASSED] - setText(findTestObject("Backoffice/match_mgmt/meron_details/input_meron_name"), Meron_Name): Text 'AA' is set on object 'Object Repository/Backoffice/match_mgmt/meron_details/input_meron_name'

2018-12-06 12:30:23 - [MESSAGE][PASSED] - Text 'AA' is set on object 'Object Repository/Backoffice/match_mgmt/meron_details/input_meron_name'

2018-12-06 12:30:23 - [TEST_STEP][PASSED] - setText(findTestObject("Backoffice/match_mgmt/meron_details/input_meron_farm"), Meron_Farm): Text 'Farm 1' is set on object 'Object Repository/Backoffice/match_mgmt/meron_details/input_meron_farm'

2018-12-06 12:30:24 - [MESSAGE][PASSED] - Text 'Farm 1' is set on object 'Object Repository/Backoffice/match_mgmt/meron_details/input_meron_farm'

2018-12-06 12:30:24 - [TEST_STEP][PASSED] - setText(findTestObject("Backoffice/match_mgmt/meron_details/input_meron_breed"), Meron_Breed): Text 'Breed 1' is set on object 'Object Repository/Backoffice/match_mgmt/meron_details/input_meron_breed'

2018-12-06 12:30:24 - [MESSAGE][PASSED] - Text 'Breed 1' is set on object 'Object Repository/Backoffice/match_mgmt/meron_details/input_meron_breed'

2018-12-06 12:30:24 - [TEST_STEP][PASSED] - setText(findTestObject("Backoffice/match_mgmt/meron_details/input_meron_weight"), Meron_Weight): Text 'Weight 1' is set on object 'Object Repository/Backoffice/match_mgmt/meron_details/input_meron_weight'

2018-12-06 12:30:24 - [MESSAGE][PASSED] - Text 'Weight 1' is set on object 'Object Repository/Backoffice/match_mgmt/meron_details/input_meron_weight'

2018-12-06 12:30:24 - [TEST_STEP][PASSED] - setText(findTestObject("Backoffice/match_mgmt/wala_details/input_wala_name"), Wala_Name): Text 'BB' is set on object 'Object Repository/Backoffice/match_mgmt/wala_details/input_wala_name'

2018-12-06 12:30:25 - [MESSAGE][PASSED] - Text 'BB' is set on object 'Object Repository/Backoffice/match_mgmt/wala_details/input_wala_name'

2018-12-06 12:30:25 - [TEST_STEP][PASSED] - setText(findTestObject("Backoffice/match_mgmt/wala_details/input_wala_farm"), Wala_Farm): Text 'Farm 2' is set on object 'Object Repository/Backoffice/match_mgmt/wala_details/input_wala_farm'

2018-12-06 12:30:25 - [MESSAGE][PASSED] - Text 'Farm 2' is set on object 'Object Repository/Backoffice/match_mgmt/wala_details/input_wala_farm'

2018-12-06 12:30:25 - [TEST_STEP][PASSED] - setText(findTestObject("Backoffice/match_mgmt/wala_details/input_wala_breed"), Wala_Breed): Text 'Breed 2' is set on object 'Object Repository/Backoffice/match_mgmt/wala_details/input_wala_breed'

2018-12-06 12:30:26 - [MESSAGE][PASSED] - Text 'Breed 2' is set on object 'Object Repository/Backoffice/match_mgmt/wala_details/input_wala_breed'

2018-12-06 12:30:26 - [TEST_STEP][PASSED] - setText(findTestObject("Backoffice/match_mgmt/wala_details/input_wala_weight"), Wala_Weight): Text 'Weight 2' is set on object 'Object Repository/Backoffice/match_mgmt/wala_details/input_wala_weight'

2018-12-06 12:30:26 - [MESSAGE][PASSED] - Text 'Weight 2' is set on object 'Object Repository/Backoffice/match_mgmt/wala_details/input_wala_weight'

2018-12-06 12:30:26 - [TEST_STEP][PASSED] - click(findTestObject("Backoffice/match_mgmt/input_submit_match")): Object: 'Object Repository/Backoffice/match_mgmt/input_submit_match' is clicked on

2018-12-06 12:30:30 - [MESSAGE][PASSED] - Object: 'Object Repository/Backoffice/match_mgmt/input_submit_match' is clicked on

2018-12-06 12:30:30 - [TEST_STEP][PASSED] - delay(1): Delayed 1 second(s)

2018-12-06 12:30:31 - [MESSAGE][PASSED] - Delayed 1 second(s)

2018-12-06 12:30:31 - [TEST_STEP][PASSED] - click(findTestObject("Backoffice/match_mgmt/button_create_match")): Object: 'Object Repository/Backoffice/match_mgmt/button_create_match' is clicked on

2018-12-06 12:30:31 - [MESSAGE][PASSED] - Object: 'Object Repository/Backoffice/match_mgmt/button_create_match' is clicked on

2018-12-06 12:30:31 - [TEST_STEP][PASSED] - delay(1): Delayed 1 second(s)

2018-12-06 12:30:32 - [MESSAGE][PASSED] - Delayed 1 second(s)

2018-12-06 12:30:32 - [TEST_STEP][PASSED] - click(findTestObject("Backoffice/match_mgmt/span_select_arena_name")): Object: 'Object Repository/Backoffice/match_mgmt/span_select_arena_name' is clicked on

2018-12-06 12:30:32 - [MESSAGE][PASSED] - Object: 'Object Repository/Backoffice/match_mgmt/span_select_arena_name' is clicked on

2018-12-06 12:30:32 - [TEST_STEP][PASSED] - setText(findTestObject("Backoffice/match_mgmt/input__select2-search__arena_name"), Arena_Acronym): Text 'JC CLAY SPORTS COMPLEX - JCSC' is set on object 'Object Repository/Backoffice/match_mgmt/input__select2-search__arena_name'

2018-12-06 12:30:35 - [MESSAGE][PASSED] - Text 'JC CLAY SPORTS COMPLEX - JCSC' is set on object 'Object Repository/Backoffice/match_mgmt/input__select2-search__arena_name'

2018-12-06 12:30:35 - [TEST_STEP][PASSED] - sendKeys(findTestObject("Backoffice/match_mgmt/input__select2-search__arena_name"), Keys.chord(ENTER)): Keys 'ENTER + ' sent to object: 'Object Repository/Backoffice/match_mgmt/input__select2-search__arena_name'

2018-12-06 12:30:35 - [MESSAGE][PASSED] - Keys 'ENTER + ' sent to object: 'Object Repository/Backoffice/match_mgmt/input__select2-search__arena_name'

2018-12-06 12:30:35 - [TEST_STEP][PASSED] - setText(findTestObject("Backoffice/match_mgmt/meron_details/input_meron_name"), Meron_Name): Text 'AA' is set on object 'Object Repository/Backoffice/match_mgmt/meron_details/input_meron_name'

2018-12-06 12:30:35 - [MESSAGE][PASSED] - Text 'AA' is set on object 'Object Repository/Backoffice/match_mgmt/meron_details/input_meron_name'

2018-12-06 12:30:35 - [TEST_STEP][PASSED] - setText(findTestObject("Backoffice/match_mgmt/meron_details/input_meron_farm"), Meron_Farm): Text 'Farm 1' is set on object 'Object Repository/Backoffice/match_mgmt/meron_details/input_meron_farm'

2018-12-06 12:30:36 - [MESSAGE][PASSED] - Text 'Farm 1' is set on object 'Object Repository/Backoffice/match_mgmt/meron_details/input_meron_farm'

2018-12-06 12:30:36 - [TEST_STEP][PASSED] - setText(findTestObject("Backoffice/match_mgmt/meron_details/input_meron_breed"), Meron_Breed): Text 'Breed 1' is set on object 'Object Repository/Backoffice/match_mgmt/meron_details/input_meron_breed'

2018-12-06 12:30:36 - [MESSAGE][PASSED] - Text 'Breed 1' is set on object 'Object Repository/Backoffice/match_mgmt/meron_details/input_meron_breed'

2018-12-06 12:30:36 - [TEST_STEP][PASSED] - setText(findTestObject("Backoffice/match_mgmt/meron_details/input_meron_weight"), Meron_Weight): Text 'Weight 1' is set on object 'Object Repository/Backoffice/match_mgmt/meron_details/input_meron_weight'

2018-12-06 12:30:36 - [MESSAGE][PASSED] - Text 'Weight 1' is set on object 'Object Repository/Backoffice/match_mgmt/meron_details/input_meron_weight'

2018-12-06 12:30:36 - [TEST_STEP][PASSED] - setText(findTestObject("Backoffice/match_mgmt/wala_details/input_wala_name"), Wala_Name): Text 'BB' is set on object 'Object Repository/Backoffice/match_mgmt/wala_details/input_wala_name'

2018-12-06 12:30:37 - [MESSAGE][PASSED] - Text 'BB' is set on object 'Object Repository/Backoffice/match_mgmt/wala_details/input_wala_name'

2018-12-06 12:30:37 - [TEST_STEP][PASSED] - setText(findTestObject("Backoffice/match_mgmt/wala_details/input_wala_farm"), Wala_Farm): Text 'Farm 2' is set on object 'Object Repository/Backoffice/match_mgmt/wala_details/input_wala_farm'

2018-12-06 12:30:37 - [MESSAGE][PASSED] - Text 'Farm 2' is set on object 'Object Repository/Backoffice/match_mgmt/wala_details/input_wala_farm'

2018-12-06 12:30:37 - [TEST_STEP][PASSED] - setText(findTestObject("Backoffice/match_mgmt/wala_details/input_wala_breed"), Wala_Breed): Text 'Breed 2' is set on object 'Object Repository/Backoffice/match_mgmt/wala_details/input_wala_breed'

2018-12-06 12:30:38 - [MESSAGE][PASSED] - Text 'Breed 2' is set on object 'Object Repository/Backoffice/match_mgmt/wala_details/input_wala_breed'

2018-12-06 12:30:38 - [TEST_STEP][PASSED] - setText(findTestObject("Backoffice/match_mgmt/wala_details/input_wala_weight"), Wala_Weight): Text 'Weight 2' is set on object 'Object Repository/Backoffice/match_mgmt/wala_details/input_wala_weight'

2018-12-06 12:30:38 - [MESSAGE][PASSED] - Text 'Weight 2' is set on object 'Object Repository/Backoffice/match_mgmt/wala_details/input_wala_weight'

2018-12-06 12:30:38 - [TEST_STEP][PASSED] - click(findTestObject("Backoffice/match_mgmt/input_submit_match")): Object: 'Object Repository/Backoffice/match_mgmt/input_submit_match' is clicked on

2018-12-06 12:30:42 - [MESSAGE][PASSED] - Object: 'Object Repository/Backoffice/match_mgmt/input_submit_match' is clicked on

2018-12-06 12:30:42 - [TEST_STEP][PASSED] - delay(1): Delayed 1 second(s)

2018-12-06 12:30:43 - [MESSAGE][PASSED] - Delayed 1 second(s)

2018-12-06 12:30:43 - [TEST_STEP][PASSED] - click(findTestObject("Backoffice/match_mgmt/button_create_match")): Object: 'Object Repository/Backoffice/match_mgmt/button_create_match' is clicked on

2018-12-06 12:30:44 - [MESSAGE][PASSED] - Object: 'Object Repository/Backoffice/match_mgmt/button_create_match' is clicked on

2018-12-06 12:30:44 - [TEST_STEP][PASSED] - delay(1): Delayed 1 second(s)

2018-12-06 12:30:45 - [MESSAGE][PASSED] - Delayed 1 second(s)

2018-12-06 12:30:45 - [TEST_STEP][PASSED] - click(findTestObject("Backoffice/match_mgmt/span_select_arena_name")): Object: 'Object Repository/Backoffice/match_mgmt/span_select_arena_name' is clicked on

2018-12-06 12:30:45 - [MESSAGE][PASSED] - Object: 'Object Repository/Backoffice/match_mgmt/span_select_arena_name' is clicked on

2018-12-06 12:30:45 - [TEST_STEP][PASSED] - setText(findTestObject("Backoffice/match_mgmt/input__select2-search__arena_name"), Arena_Acronym): Text 'JC CLAY SPORTS COMPLEX - JCSC' is set on object 'Object Repository/Backoffice/match_mgmt/input__select2-search__arena_name'

2018-12-06 12:30:48 - [MESSAGE][PASSED] - Text 'JC CLAY SPORTS COMPLEX - JCSC' is set on object 'Object Repository/Backoffice/match_mgmt/input__select2-search__arena_name'

2018-12-06 12:30:48 - [TEST_STEP][PASSED] - sendKeys(findTestObject("Backoffice/match_mgmt/input__select2-search__arena_name"), Keys.chord(ENTER)): Keys 'ENTER + ' sent to object: 'Object Repository/Backoffice/match_mgmt/input__select2-search__arena_name'

2018-12-06 12:30:48 - [MESSAGE][PASSED] - Keys 'ENTER + ' sent to object: 'Object Repository/Backoffice/match_mgmt/input__select2-search__arena_name'

2018-12-06 12:30:48 - [TEST_STEP][PASSED] - setText(findTestObject("Backoffice/match_mgmt/meron_details/input_meron_name"), Meron_Name): Text 'AA' is set on object 'Object Repository/Backoffice/match_mgmt/meron_details/input_meron_name'

2018-12-06 12:30:49 - [MESSAGE][PASSED] - Text 'AA' is set on object 'Object Repository/Backoffice/match_mgmt/meron_details/input_meron_name'

2018-12-06 12:30:49 - [TEST_STEP][PASSED] - setText(findTestObject("Backoffice/match_mgmt/meron_details/input_meron_farm"), Meron_Farm): Text 'Farm 1' is set on object 'Object Repository/Backoffice/match_mgmt/meron_details/input_meron_farm'

2018-12-06 12:30:49 - [MESSAGE][PASSED] - Text 'Farm 1' is set on object 'Object Repository/Backoffice/match_mgmt/meron_details/input_meron_farm'

2018-12-06 12:30:49 - [TEST_STEP][PASSED] - setText(findTestObject("Backoffice/match_mgmt/meron_details/input_meron_breed"), Meron_Breed): Text 'Breed 1' is set on object 'Object Repository/Backoffice/match_mgmt/meron_details/input_meron_breed'

2018-12-06 12:30:49 - [MESSAGE][PASSED] - Text 'Breed 1' is set on object 'Object Repository/Backoffice/match_mgmt/meron_details/input_meron_breed'

2018-12-06 12:30:49 - [TEST_STEP][PASSED] - setText(findTestObject("Backoffice/match_mgmt/meron_details/input_meron_weight"), Meron_Weight): Text 'Weight 1' is set on object 'Object Repository/Backoffice/match_mgmt/meron_details/input_meron_weight'

2018-12-06 12:30:50 - [MESSAGE][PASSED] - Text 'Weight 1' is set on object 'Object Repository/Backoffice/match_mgmt/meron_details/input_meron_weight'

2018-12-06 12:30:50 - [TEST_STEP][PASSED] - setText(findTestObject("Backoffice/match_mgmt/wala_details/input_wala_name"), Wala_Name): Text 'BB' is set on object 'Object Repository/Backoffice/match_mgmt/wala_details/input_wala_name'

2018-12-06 12:30:50 - [MESSAGE][PASSED] - Text 'BB' is set on object 'Object Repository/Backoffice/match_mgmt/wala_details/input_wala_name'

2018-12-06 12:30:50 - [TEST_STEP][PASSED] - setText(findTestObject("Backoffice/match_mgmt/wala_details/input_wala_farm"), Wala_Farm): Text 'Farm 2' is set on object 'Object Repository/Backoffice/match_mgmt/wala_details/input_wala_farm'

2018-12-06 12:30:51 - [MESSAGE][PASSED] - Text 'Farm 2' is set on object 'Object Repository/Backoffice/match_mgmt/wala_details/input_wala_farm'

2018-12-06 12:30:51 - [TEST_STEP][PASSED] - setText(findTestObject("Backoffice/match_mgmt/wala_details/input_wala_breed"), Wala_Breed): Text 'Breed 2' is set on object 'Object Repository/Backoffice/match_mgmt/wala_details/input_wala_breed'

2018-12-06 12:30:51 - [MESSAGE][PASSED] - Text 'Breed 2' is set on object 'Object Repository/Backoffice/match_mgmt/wala_details/input_wala_breed'

2018-12-06 12:30:51 - [TEST_STEP][PASSED] - setText(findTestObject("Backoffice/match_mgmt/wala_details/input_wala_weight"), Wala_Weight): Text 'Weight 2' is set on object 'Object Repository/Backoffice/match_mgmt/wala_details/input_wala_weight'

2018-12-06 12:30:51 - [MESSAGE][PASSED] - Text 'Weight 2' is set on object 'Object Repository/Backoffice/match_mgmt/wala_details/input_wala_weight'

2018-12-06 12:30:51 - [TEST_STEP][PASSED] - click(findTestObject("Backoffice/match_mgmt/input_submit_match")): Object: 'Object Repository/Backoffice/match_mgmt/input_submit_match' is clicked on

2018-12-06 12:30:51 - [MESSAGE][PASSED] - Object: 'Object Repository/Backoffice/match_mgmt/input_submit_match' is clicked on

2018-12-06 12:30:51 - [TEST_STEP][PASSED] - delay(1): Delayed 1 second(s)

2018-12-06 12:30:52 - [MESSAGE][PASSED] - Delayed 1 second(s)

2018-12-06 12:30:52 - [TEST_STEP][FAILED] - click(findTestObject("Backoffice/match_mgmt/button_create_match")): for ([loop = 1, loop <= 159, (loop++)]) FAILED.
Reason:
com.kms.katalon.core.exception.StepFailedException: Unable to click on object 'Object Repository/Backoffice/match_mgmt/button_create_match' (Root cause: org.openqa.selenium.WebDriverException: unknown error: Element <button class="btn btn-success btn-xs btn-circle" data-toggle="modal" href="#add-match">...</button> is not clickable at point (140, 842). Other element would receive the click: <div class="modal fade in" id="add-match" tabindex="" role="basic" aria-hidden="true" style="display: block; padding-right: 17px;">...</div>
  (Session info: chrome=70.0.3538.110)
  (Driver info: chromedriver=2.43.600210 (68dcf5eebde37173d4027fa8635e332711d2874a),platform=Windows NT 10.0.14393 x86_64) (WARNING: The server did not provide any stacktrace information)
Command duration or timeout: 0 milliseconds
Build info: version: '3.7.1', revision: '8a0099a', time: '2017-11-06T21:07:36.161Z'
System info: host: 'WIN-A9QUABO2G0M', ip: '192.168.111.1', os.name: 'Windows Server 2016', os.arch: 'amd64', os.version: '10.0', java.version: '1.8.0_181'
Driver info: com.kms.katalon.selenium.driver.CChromeDriver
Capabilities {acceptInsecureCerts: false, acceptSslCerts: false, applicationCacheEnabled: false, browserConnectionEnabled: false, browserName: chrome, chrome: {chromedriverVersion: 2.43.600210 (68dcf5eebde371..., userDataDir: C:\Users\ADMINI~1\AppData\L...}, cssSelectorsEnabled: true, databaseEnabled: false, goog:chromeOptions: {debuggerAddress: localhost:54405}, handlesAlerts: true, hasTouchScreen: false, javascriptEnabled: true, locationContextEnabled: true, mobileEmulationEnabled: false, nativeEvents: true, networkConnectionEnabled: false, pageLoadStrategy: normal, platform: XP, platformName: XP, rotatable: false, setWindowRect: true, takesHeapSnapshot: true, takesScreenshot: true, unexpectedAlertBehaviour: , unhandledPromptBehavior: , version: 70.0.3538.110, webStorageEnabled: true}
Session ID: 8aa3ef9cc0beb830f84cbb75166a1551)
	at com.kms.katalon.core.keyword.internal.KeywordMain.stepFailed(KeywordMain.groovy:36)
	at com.kms.katalon.core.webui.keyword.internal.WebUIKeywordMain.stepFailed(WebUIKeywordMain.groovy:65)
	at com.kms.katalon.core.webui.keyword.internal.WebUIKeywordMain.runKeyword(WebUIKeywordMain.groovy:27)
	at com.kms.katalon.core.webui.keyword.builtin.ClickKeyword.click(ClickKeyword.groovy:86)
	at com.kms.katalon.core.webui.keyword.builtin.ClickKeyword.execute(ClickKeyword.groovy:67)
	at com.kms.katalon.core.keyword.internal.KeywordExecutor.executeKeywordForPlatform(KeywordExecutor.groovy:53)
	at com.kms.katalon.core.webui.keyword.WebUiBuiltInKeywords.click(WebUiBuiltInKeywords.groovy:616)
	at com.kms.katalon.core.webui.keyword.WebUiBuiltInKeywords$click$4.call(Unknown Source)
	at create_match_loop_with_open_match.run(create_match_loop_with_open_match:87)
	at com.kms.katalon.core.main.ScriptEngine.run(ScriptEngine.java:194)
	at com.kms.katalon.core.main.ScriptEngine.runScriptAsRawText(ScriptEngine.java:119)
	at com.kms.katalon.core.main.TestCaseExecutor.runScript(TestCaseExecutor.java:321)
	at com.kms.katalon.core.main.TestCaseExecutor.doExecute(TestCaseExecutor.java:312)
	at com.kms.katalon.core.main.TestCaseExecutor.processExecutionPhase(TestCaseExecutor.java:291)
	at com.kms.katalon.core.main.TestCaseExecutor.accessMainPhase(TestCaseExecutor.java:283)
	at com.kms.katalon.core.main.TestCaseExecutor.execute(TestCaseExecutor.java:222)
	at com.kms.katalon.core.main.TestSuiteExecutor.accessTestCaseMainPhase(TestSuiteExecutor.java:129)
	at com.kms.katalon.core.main.TestSuiteExecutor.accessTestSuiteMainPhase(TestSuiteExecutor.java:112)
	at com.kms.katalon.core.main.TestSuiteExecutor.execute(TestSuiteExecutor.java:81)
	at com.kms.katalon.core.main.TestCaseMain.startTestSuite(TestCaseMain.java:149)
	at com.kms.katalon.core.main.TestCaseMain$startTestSuite$0.call(Unknown Source)
	at TempTestSuite1544055922438.run(TempTestSuite1544055922438.groovy:36)


2018-12-06 12:30:53 - [MESSAGE][FAILED] - Unable to click on object 'Object Repository/Backoffice/match_mgmt/button_create_match' (Root cause: org.openqa.selenium.WebDriverException: unknown error: Element <button class="btn btn-success btn-xs btn-circle" data-toggle="modal" href="#add-match">...</button> is not clickable at point (140, 842). Other element would receive the click: <div class="modal fade in" id="add-match" tabindex="" role="basic" aria-hidden="true" style="display: block; padding-right: 17px;">...</div>
  (Session info: chrome=70.0.3538.110)
  (Driver info: chromedriver=2.43.600210 (68dcf5eebde37173d4027fa8635e332711d2874a),platform=Windows NT 10.0.14393 x86_64) (WARNING: The server did not provide any stacktrace information)
Command duration or timeout: 0 milliseconds
Build info: version: '3.7.1', revision: '8a0099a', time: '2017-11-06T21:07:36.161Z'
System info: host: 'WIN-A9QUABO2G0M', ip: '192.168.111.1', os.name: 'Windows Server 2016', os.arch: 'amd64', os.version: '10.0', java.version: '1.8.0_181'
Driver info: com.kms.katalon.selenium.driver.CChromeDriver
Capabilities {acceptInsecureCerts: false, acceptSslCerts: false, applicationCacheEnabled: false, browserConnectionEnabled: false, browserName: chrome, chrome: {chromedriverVersion: 2.43.600210 (68dcf5eebde371..., userDataDir: C:\Users\ADMINI~1\AppData\L...}, cssSelectorsEnabled: true, databaseEnabled: false, goog:chromeOptions: {debuggerAddress: localhost:54405}, handlesAlerts: true, hasTouchScreen: false, javascriptEnabled: true, locationContextEnabled: true, mobileEmulationEnabled: false, nativeEvents: true, networkConnectionEnabled: false, pageLoadStrategy: normal, platform: XP, platformName: XP, rotatable: false, setWindowRect: true, takesHeapSnapshot: true, takesScreenshot: true, unexpectedAlertBehaviour: , unhandledPromptBehavior: , version: 70.0.3538.110, webStorageEnabled: true}
Session ID: 8aa3ef9cc0beb830f84cbb75166a1551)

2018-12-06 12:30:53 - [MESSAGE][FAILED] - for ([loop = 1, loop <= 159, (loop++)]) FAILED.
Reason:
com.kms.katalon.core.exception.StepFailedException: Unable to click on object 'Object Repository/Backoffice/match_mgmt/button_create_match' (Root cause: org.openqa.selenium.WebDriverException: unknown error: Element <button class="btn btn-success btn-xs btn-circle" data-toggle="modal" href="#add-match">...</button> is not clickable at point (140, 842). Other element would receive the click: <div class="modal fade in" id="add-match" tabindex="" role="basic" aria-hidden="true" style="display: block; padding-right: 17px;">...</div>
  (Session info: chrome=70.0.3538.110)
  (Driver info: chromedriver=2.43.600210 (68dcf5eebde37173d4027fa8635e332711d2874a),platform=Windows NT 10.0.14393 x86_64) (WARNING: The server did not provide any stacktrace information)
Command duration or timeout: 0 milliseconds
Build info: version: '3.7.1', revision: '8a0099a', time: '2017-11-06T21:07:36.161Z'
System info: host: 'WIN-A9QUABO2G0M', ip: '192.168.111.1', os.name: 'Windows Server 2016', os.arch: 'amd64', os.version: '10.0', java.version: '1.8.0_181'
Driver info: com.kms.katalon.selenium.driver.CChromeDriver
Capabilities {acceptInsecureCerts: false, acceptSslCerts: false, applicationCacheEnabled: false, browserConnectionEnabled: false, browserName: chrome, chrome: {chromedriverVersion: 2.43.600210 (68dcf5eebde371..., userDataDir: C:\Users\ADMINI~1\AppData\L...}, cssSelectorsEnabled: true, databaseEnabled: false, goog:chromeOptions: {debuggerAddress: localhost:54405}, handlesAlerts: true, hasTouchScreen: false, javascriptEnabled: true, locationContextEnabled: true, mobileEmulationEnabled: false, nativeEvents: true, networkConnectionEnabled: false, pageLoadStrategy: normal, platform: XP, platformName: XP, rotatable: false, setWindowRect: true, takesHeapSnapshot: true, takesScreenshot: true, unexpectedAlertBehaviour: , unhandledPromptBehavior: , version: 70.0.3538.110, webStorageEnabled: true}
Session ID: 8aa3ef9cc0beb830f84cbb75166a1551)
	at com.kms.katalon.core.keyword.internal.KeywordMain.stepFailed(KeywordMain.groovy:36)
	at com.kms.katalon.core.webui.keyword.internal.WebUIKeywordMain.stepFailed(WebUIKeywordMain.groovy:65)
	at com.kms.katalon.core.webui.keyword.internal.WebUIKeywordMain.runKeyword(WebUIKeywordMain.groovy:27)
	at com.kms.katalon.core.webui.keyword.builtin.ClickKeyword.click(ClickKeyword.groovy:86)
	at com.kms.katalon.core.webui.keyword.builtin.ClickKeyword.execute(ClickKeyword.groovy:67)
	at com.kms.katalon.core.keyword.internal.KeywordExecutor.executeKeywordForPlatform(KeywordExecutor.groovy:53)
	at com.kms.katalon.core.webui.keyword.WebUiBuiltInKeywords.click(WebUiBuiltInKeywords.groovy:616)
	at com.kms.katalon.core.webui.keyword.WebUiBuiltInKeywords$click$4.call(Unknown Source)
	at create_match_loop_with_open_match.run(create_match_loop_with_open_match:87)
	at com.kms.katalon.core.main.ScriptEngine.run(ScriptEngine.java:194)
	at com.kms.katalon.core.main.ScriptEngine.runScriptAsRawText(ScriptEngine.java:119)
	at com.kms.katalon.core.main.TestCaseExecutor.runScript(TestCaseExecutor.java:321)
	at com.kms.katalon.core.main.TestCaseExecutor.doExecute(TestCaseExecutor.java:312)
	at com.kms.katalon.core.main.TestCaseExecutor.processExecutionPhase(TestCaseExecutor.java:291)
	at com.kms.katalon.core.main.TestCaseExecutor.accessMainPhase(TestCaseExecutor.java:283)
	at com.kms.katalon.core.main.TestCaseExecutor.execute(TestCaseExecutor.java:222)
	at com.kms.katalon.core.main.TestSuiteExecutor.accessTestCaseMainPhase(TestSuiteExecutor.java:129)
	at com.kms.katalon.core.main.TestSuiteExecutor.accessTestSuiteMainPhase(TestSuiteExecutor.java:112)
	at com.kms.katalon.core.main.TestSuiteExecutor.execute(TestSuiteExecutor.java:81)
	at com.kms.katalon.core.main.TestCaseMain.startTestSuite(TestCaseMain.java:149)
	at com.kms.katalon.core.main.TestCaseMain$startTestSuite$0.call(Unknown Source)
	at TempTestSuite1544055922438.run(TempTestSuite1544055922438.groovy:36)]]></system-out>
         <system-err><![CDATA[2018-12-06 12:16:36 - [TEST_CASE][FAILED] - Test Cases/Backoffice/create_match/create_match_loop_with_open_match: Test Cases/Backoffice/create_match/create_match_loop_with_open_match FAILED.
Reason:
com.kms.katalon.core.exception.StepFailedException: Unable to click on object 'Object Repository/Backoffice/match_mgmt/button_create_match' (Root cause: org.openqa.selenium.WebDriverException: unknown error: Element <button class="btn btn-success btn-xs btn-circle" data-toggle="modal" href="#add-match">...</button> is not clickable at point (140, 842). Other element would receive the click: <div class="modal fade in" id="add-match" tabindex="" role="basic" aria-hidden="true" style="display: block; padding-right: 17px;">...</div>
  (Session info: chrome=70.0.3538.110)
  (Driver info: chromedriver=2.43.600210 (68dcf5eebde37173d4027fa8635e332711d2874a),platform=Windows NT 10.0.14393 x86_64) (WARNING: The server did not provide any stacktrace information)
Command duration or timeout: 0 milliseconds
Build info: version: '3.7.1', revision: '8a0099a', time: '2017-11-06T21:07:36.161Z'
System info: host: 'WIN-A9QUABO2G0M', ip: '192.168.111.1', os.name: 'Windows Server 2016', os.arch: 'amd64', os.version: '10.0', java.version: '1.8.0_181'
Driver info: com.kms.katalon.selenium.driver.CChromeDriver
Capabilities {acceptInsecureCerts: false, acceptSslCerts: false, applicationCacheEnabled: false, browserConnectionEnabled: false, browserName: chrome, chrome: {chromedriverVersion: 2.43.600210 (68dcf5eebde371..., userDataDir: C:\Users\ADMINI~1\AppData\L...}, cssSelectorsEnabled: true, databaseEnabled: false, goog:chromeOptions: {debuggerAddress: localhost:54405}, handlesAlerts: true, hasTouchScreen: false, javascriptEnabled: true, locationContextEnabled: true, mobileEmulationEnabled: false, nativeEvents: true, networkConnectionEnabled: false, pageLoadStrategy: normal, platform: XP, platformName: XP, rotatable: false, setWindowRect: true, takesHeapSnapshot: true, takesScreenshot: true, unexpectedAlertBehaviour: , unhandledPromptBehavior: , version: 70.0.3538.110, webStorageEnabled: true}
Session ID: 8aa3ef9cc0beb830f84cbb75166a1551)
	at com.kms.katalon.core.keyword.internal.KeywordMain.stepFailed(KeywordMain.groovy:36)
	at com.kms.katalon.core.webui.keyword.internal.WebUIKeywordMain.stepFailed(WebUIKeywordMain.groovy:65)
	at com.kms.katalon.core.webui.keyword.internal.WebUIKeywordMain.runKeyword(WebUIKeywordMain.groovy:27)
	at com.kms.katalon.core.webui.keyword.builtin.ClickKeyword.click(ClickKeyword.groovy:86)
	at com.kms.katalon.core.webui.keyword.builtin.ClickKeyword.execute(ClickKeyword.groovy:67)
	at com.kms.katalon.core.keyword.internal.KeywordExecutor.executeKeywordForPlatform(KeywordExecutor.groovy:53)
	at com.kms.katalon.core.webui.keyword.WebUiBuiltInKeywords.click(WebUiBuiltInKeywords.groovy:616)
	at com.kms.katalon.core.webui.keyword.WebUiBuiltInKeywords$click$4.call(Unknown Source)
	at create_match_loop_with_open_match.run(create_match_loop_with_open_match:87)
	at com.kms.katalon.core.main.ScriptEngine.run(ScriptEngine.java:194)
	at com.kms.katalon.core.main.ScriptEngine.runScriptAsRawText(ScriptEngine.java:119)
	at com.kms.katalon.core.main.TestCaseExecutor.runScript(TestCaseExecutor.java:321)
	at com.kms.katalon.core.main.TestCaseExecutor.doExecute(TestCaseExecutor.java:312)
	at com.kms.katalon.core.main.TestCaseExecutor.processExecutionPhase(TestCaseExecutor.java:291)
	at com.kms.katalon.core.main.TestCaseExecutor.accessMainPhase(TestCaseExecutor.java:283)
	at com.kms.katalon.core.main.TestCaseExecutor.execute(TestCaseExecutor.java:222)
	at com.kms.katalon.core.main.TestSuiteExecutor.accessTestCaseMainPhase(TestSuiteExecutor.java:129)
	at com.kms.katalon.core.main.TestSuiteExecutor.accessTestSuiteMainPhase(TestSuiteExecutor.java:112)
	at com.kms.katalon.core.main.TestSuiteExecutor.execute(TestSuiteExecutor.java:81)
	at com.kms.katalon.core.main.TestCaseMain.startTestSuite(TestCaseMain.java:149)
	at com.kms.katalon.core.main.TestCaseMain$startTestSuite$0.call(Unknown Source)
	at TempTestSuite1544055922438.run(TempTestSuite1544055922438.groovy:36)]]></system-err>
      </testcase>
      <system-out><![CDATA[2018-12-06 12:16:36 - [TEST_SUITE][FAILED] - match_JCSC: Test Cases/Backoffice/create_match/create_match_loop_with_open_match FAILED.
Reason:
com.kms.katalon.core.exception.StepFailedException: Unable to click on object 'Object Repository/Backoffice/match_mgmt/button_create_match' (Root cause: org.openqa.selenium.WebDriverException: unknown error: Element <button class="btn btn-success btn-xs btn-circle" data-toggle="modal" href="#add-match">...</button> is not clickable at point (140, 842). Other element would receive the click: <div class="modal fade in" id="add-match" tabindex="" role="basic" aria-hidden="true" style="display: block; padding-right: 17px;">...</div>
  (Session info: chrome=70.0.3538.110)
  (Driver info: chromedriver=2.43.600210 (68dcf5eebde37173d4027fa8635e332711d2874a),platform=Windows NT 10.0.14393 x86_64) (WARNING: The server did not provide any stacktrace information)
Command duration or timeout: 0 milliseconds
Build info: version: '3.7.1', revision: '8a0099a', time: '2017-11-06T21:07:36.161Z'
System info: host: 'WIN-A9QUABO2G0M', ip: '192.168.111.1', os.name: 'Windows Server 2016', os.arch: 'amd64', os.version: '10.0', java.version: '1.8.0_181'
Driver info: com.kms.katalon.selenium.driver.CChromeDriver
Capabilities {acceptInsecureCerts: false, acceptSslCerts: false, applicationCacheEnabled: false, browserConnectionEnabled: false, browserName: chrome, chrome: {chromedriverVersion: 2.43.600210 (68dcf5eebde371..., userDataDir: C:\Users\ADMINI~1\AppData\L...}, cssSelectorsEnabled: true, databaseEnabled: false, goog:chromeOptions: {debuggerAddress: localhost:54405}, handlesAlerts: true, hasTouchScreen: false, javascriptEnabled: true, locationContextEnabled: true, mobileEmulationEnabled: false, nativeEvents: true, networkConnectionEnabled: false, pageLoadStrategy: normal, platform: XP, platformName: XP, rotatable: false, setWindowRect: true, takesHeapSnapshot: true, takesScreenshot: true, unexpectedAlertBehaviour: , unhandledPromptBehavior: , version: 70.0.3538.110, webStorageEnabled: true}
Session ID: 8aa3ef9cc0beb830f84cbb75166a1551)
	at com.kms.katalon.core.keyword.internal.KeywordMain.stepFailed(KeywordMain.groovy:36)
	at com.kms.katalon.core.webui.keyword.internal.WebUIKeywordMain.stepFailed(WebUIKeywordMain.groovy:65)
	at com.kms.katalon.core.webui.keyword.internal.WebUIKeywordMain.runKeyword(WebUIKeywordMain.groovy:27)
	at com.kms.katalon.core.webui.keyword.builtin.ClickKeyword.click(ClickKeyword.groovy:86)
	at com.kms.katalon.core.webui.keyword.builtin.ClickKeyword.execute(ClickKeyword.groovy:67)
	at com.kms.katalon.core.keyword.internal.KeywordExecutor.executeKeywordForPlatform(KeywordExecutor.groovy:53)
	at com.kms.katalon.core.webui.keyword.WebUiBuiltInKeywords.click(WebUiBuiltInKeywords.groovy:616)
	at com.kms.katalon.core.webui.keyword.WebUiBuiltInKeywords$click$4.call(Unknown Source)
	at create_match_loop_with_open_match.run(create_match_loop_with_open_match:87)
	at com.kms.katalon.core.main.ScriptEngine.run(ScriptEngine.java:194)
	at com.kms.katalon.core.main.ScriptEngine.runScriptAsRawText(ScriptEngine.java:119)
	at com.kms.katalon.core.main.TestCaseExecutor.runScript(TestCaseExecutor.java:321)
	at com.kms.katalon.core.main.TestCaseExecutor.doExecute(TestCaseExecutor.java:312)
	at com.kms.katalon.core.main.TestCaseExecutor.processExecutionPhase(TestCaseExecutor.java:291)
	at com.kms.katalon.core.main.TestCaseExecutor.accessMainPhase(TestCaseExecutor.java:283)
	at com.kms.katalon.core.main.TestCaseExecutor.execute(TestCaseExecutor.java:222)
	at com.kms.katalon.core.main.TestSuiteExecutor.accessTestCaseMainPhase(TestSuiteExecutor.java:129)
	at com.kms.katalon.core.main.TestSuiteExecutor.accessTestSuiteMainPhase(TestSuiteExecutor.java:112)
	at com.kms.katalon.core.main.TestSuiteExecutor.execute(TestSuiteExecutor.java:81)
	at com.kms.katalon.core.main.TestCaseMain.startTestSuite(TestCaseMain.java:149)
	at com.kms.katalon.core.main.TestCaseMain$startTestSuite$0.call(Unknown Source)
	at TempTestSuite1544055922438.run(TempTestSuite1544055922438.groovy:36)]]></system-out>
      <system-err><![CDATA[2018-12-06 12:16:36 - [TEST_SUITE][FAILED] - match_JCSC: Test Cases/Backoffice/create_match/create_match_loop_with_open_match FAILED.
Reason:
com.kms.katalon.core.exception.StepFailedException: Unable to click on object 'Object Repository/Backoffice/match_mgmt/button_create_match' (Root cause: org.openqa.selenium.WebDriverException: unknown error: Element <button class="btn btn-success btn-xs btn-circle" data-toggle="modal" href="#add-match">...</button> is not clickable at point (140, 842). Other element would receive the click: <div class="modal fade in" id="add-match" tabindex="" role="basic" aria-hidden="true" style="display: block; padding-right: 17px;">...</div>
  (Session info: chrome=70.0.3538.110)
  (Driver info: chromedriver=2.43.600210 (68dcf5eebde37173d4027fa8635e332711d2874a),platform=Windows NT 10.0.14393 x86_64) (WARNING: The server did not provide any stacktrace information)
Command duration or timeout: 0 milliseconds
Build info: version: '3.7.1', revision: '8a0099a', time: '2017-11-06T21:07:36.161Z'
System info: host: 'WIN-A9QUABO2G0M', ip: '192.168.111.1', os.name: 'Windows Server 2016', os.arch: 'amd64', os.version: '10.0', java.version: '1.8.0_181'
Driver info: com.kms.katalon.selenium.driver.CChromeDriver
Capabilities {acceptInsecureCerts: false, acceptSslCerts: false, applicationCacheEnabled: false, browserConnectionEnabled: false, browserName: chrome, chrome: {chromedriverVersion: 2.43.600210 (68dcf5eebde371..., userDataDir: C:\Users\ADMINI~1\AppData\L...}, cssSelectorsEnabled: true, databaseEnabled: false, goog:chromeOptions: {debuggerAddress: localhost:54405}, handlesAlerts: true, hasTouchScreen: false, javascriptEnabled: true, locationContextEnabled: true, mobileEmulationEnabled: false, nativeEvents: true, networkConnectionEnabled: false, pageLoadStrategy: normal, platform: XP, platformName: XP, rotatable: false, setWindowRect: true, takesHeapSnapshot: true, takesScreenshot: true, unexpectedAlertBehaviour: , unhandledPromptBehavior: , version: 70.0.3538.110, webStorageEnabled: true}
Session ID: 8aa3ef9cc0beb830f84cbb75166a1551)
	at com.kms.katalon.core.keyword.internal.KeywordMain.stepFailed(KeywordMain.groovy:36)
	at com.kms.katalon.core.webui.keyword.internal.WebUIKeywordMain.stepFailed(WebUIKeywordMain.groovy:65)
	at com.kms.katalon.core.webui.keyword.internal.WebUIKeywordMain.runKeyword(WebUIKeywordMain.groovy:27)
	at com.kms.katalon.core.webui.keyword.builtin.ClickKeyword.click(ClickKeyword.groovy:86)
	at com.kms.katalon.core.webui.keyword.builtin.ClickKeyword.execute(ClickKeyword.groovy:67)
	at com.kms.katalon.core.keyword.internal.KeywordExecutor.executeKeywordForPlatform(KeywordExecutor.groovy:53)
	at com.kms.katalon.core.webui.keyword.WebUiBuiltInKeywords.click(WebUiBuiltInKeywords.groovy:616)
	at com.kms.katalon.core.webui.keyword.WebUiBuiltInKeywords$click$4.call(Unknown Source)
	at create_match_loop_with_open_match.run(create_match_loop_with_open_match:87)
	at com.kms.katalon.core.main.ScriptEngine.run(ScriptEngine.java:194)
	at com.kms.katalon.core.main.ScriptEngine.runScriptAsRawText(ScriptEngine.java:119)
	at com.kms.katalon.core.main.TestCaseExecutor.runScript(TestCaseExecutor.java:321)
	at com.kms.katalon.core.main.TestCaseExecutor.doExecute(TestCaseExecutor.java:312)
	at com.kms.katalon.core.main.TestCaseExecutor.processExecutionPhase(TestCaseExecutor.java:291)
	at com.kms.katalon.core.main.TestCaseExecutor.accessMainPhase(TestCaseExecutor.java:283)
	at com.kms.katalon.core.main.TestCaseExecutor.execute(TestCaseExecutor.java:222)
	at com.kms.katalon.core.main.TestSuiteExecutor.accessTestCaseMainPhase(TestSuiteExecutor.java:129)
	at com.kms.katalon.core.main.TestSuiteExecutor.accessTestSuiteMainPhase(TestSuiteExecutor.java:112)
	at com.kms.katalon.core.main.TestSuiteExecutor.execute(TestSuiteExecutor.java:81)
	at com.kms.katalon.core.main.TestCaseMain.startTestSuite(TestCaseMain.java:149)
	at com.kms.katalon.core.main.TestCaseMain$startTestSuite$0.call(Unknown Source)
	at TempTestSuite1544055922438.run(TempTestSuite1544055922438.groovy:36)]]></system-err>
   </testsuite>
</testsuites>
