<?xml version="1.0" encoding="UTF-8"?>
<testsuites name="match_ASC" time="625" tests="1" failures="0" errors="0">
   <testsuite name="match_ASC" tests="1" failures="0" errors="0" time="625" timestamp="2018-11-29 10:49:54" hostname="Administrator - WIN-A9QUABO2G0M" id="Test Suites/Backoffice/create_match_loop_with_open_match/match_ASC">
      <properties>
         <property name="deviceName" value=""/>
         <property name="devicePlatform" value=""/>
         <property name="logFolder" value="C:\\Users\\Administrator\\git\\JANINE_QA\\Reports\\Backoffice\\create_match_loop_with_open_match\\match_ASC\\20181129_104946"/>
         <property name="logFiles" value="C:\\Users\\Administrator\\git\\JANINE_QA\\Reports\\Backoffice\\create_match_loop_with_open_match\\match_ASC\\20181129_104946\\execution0.log"/>
         <property name="attachments" value=""/>
         <property name="hostName" value="Administrator - WIN-A9QUABO2G0M"/>
         <property name="os" value="Windows Server 2016 64bit"/>
         <property name="katalonVersion" value="5.8.4.14"/>
         <property name="browser" value="Chrome 70.0.3538.102"/>
         <property name="hostAddress" value="192.168.111.1"/>
         <property name="sessionId" value="56aa77a16809c4ef674b598870ca1707"/>
         <property name="seleniumVersion" value="3.7.1"/>
         <property name="proxyInformation" value="ProxyInformation{proxyOption=NO_PROXY, proxyServerType=HTTP, password=, proxyServerAddress=, proxyServerPort=0}"/>
         <property name="platform" value="Windows Server 2016"/>
      </properties>
      <testcase name="Test Cases/Backoffice/create_match/create_match_loop_with_open_match" classname="Test Cases/Backoffice/create_match/create_match_loop_with_open_match" status="PASSED">
         <system-out><![CDATA[2018-11-29 10:49:55 - [TEST_CASE][PASSED] - Test Cases/Backoffice/create_match/create_match_loop_with_open_match: Test Cases/Backoffice/create_match/create_match_loop_with_open_match

2018-11-29 10:49:56 - [TEST_STEP][PASSED] - mj.loginBackoffice.login: mj.loginBackoffice.login is PASSED

2018-11-29 10:50:00 - [MESSAGE][PASSED] - Browser is opened with url: ''

2018-11-29 10:50:02 - [MESSAGE][PASSED] - Current window maximized

2018-11-29 10:50:03 - [MESSAGE][PASSED] - Navigate to 'http://dev-admin.ucf88.com/login' successfully

2018-11-29 10:50:03 - [MESSAGE][PASSED] - Text 'janine' is set on object 'Object Repository/Backoffice/login_page/input_username'

2018-11-29 10:50:04 - [MESSAGE][PASSED] - Text ****** has been set on object 'Object Repository/Backoffice/login_page/input_password'

2018-11-29 10:50:06 - [MESSAGE][PASSED] - Object: 'Object Repository/Backoffice/login_page/button_login' is clicked on

2018-11-29 10:50:06 - [MESSAGE][PASSED] - mj.loginBackoffice.login is PASSED

2018-11-29 10:50:06 - [TEST_STEP][PASSED] - mouseOver: Object: 'Object Repository/Backoffice/headers/span_betting' is hovered

2018-11-29 10:50:06 - [MESSAGE][PASSED] - Object: 'Object Repository/Backoffice/headers/span_betting' is hovered

2018-11-29 10:50:06 - [TEST_STEP][PASSED] - delay: Delayed 1 second(s)

2018-11-29 10:50:07 - [MESSAGE][PASSED] - Delayed 1 second(s)

2018-11-29 10:50:07 - [TEST_STEP][PASSED] - waitForElementVisible: Object 'Object Repository/Backoffice/headers/span_match' is visible

2018-11-29 10:50:08 - [MESSAGE][PASSED] - Object 'Object Repository/Backoffice/headers/span_match' is visible

2018-11-29 10:50:08 - [TEST_STEP][PASSED] - click: Object: 'Object Repository/Backoffice/headers/span_match' is clicked on

2018-11-29 10:50:12 - [MESSAGE][PASSED] - Object: 'Object Repository/Backoffice/headers/span_match' is clicked on

2018-11-29 10:50:12 - [TEST_STEP][PASSED] - delay: Delayed 1 second(s)

2018-11-29 10:50:13 - [MESSAGE][PASSED] - Delayed 1 second(s)

2018-11-29 10:50:13 - [TEST_STEP][PASSED] - verifyElementPresent: Object 'Object Repository/Backoffice/match_mgmt/button_create_match' is present

2018-11-29 10:50:13 - [MESSAGE][PASSED] - Object 'Object Repository/Backoffice/match_mgmt/button_create_match' is present

2018-11-29 10:50:13 - [TEST_STEP][PASSED] - click: Object: 'Object Repository/Backoffice/match_mgmt/button_create_match' is clicked on

2018-11-29 10:50:13 - [MESSAGE][PASSED] - Object: 'Object Repository/Backoffice/match_mgmt/button_create_match' is clicked on

2018-11-29 10:50:13 - [TEST_STEP][PASSED] - delay: Delayed 1 second(s)

2018-11-29 10:50:14 - [MESSAGE][PASSED] - Delayed 1 second(s)

2018-11-29 10:50:14 - [TEST_STEP][PASSED] - click: Object: 'Object Repository/Backoffice/match_mgmt/span_select_arena_name' is clicked on

2018-11-29 10:50:15 - [MESSAGE][PASSED] - Object: 'Object Repository/Backoffice/match_mgmt/span_select_arena_name' is clicked on

2018-11-29 10:50:15 - [TEST_STEP][PASSED] - setText: Text 'ALIXANDRA SPORTS COMPLEX - ASC' is set on object 'Object Repository/Backoffice/match_mgmt/input__select2-search__arena_name'

2018-11-29 10:50:17 - [MESSAGE][PASSED] - Text 'ALIXANDRA SPORTS COMPLEX - ASC' is set on object 'Object Repository/Backoffice/match_mgmt/input__select2-search__arena_name'

2018-11-29 10:50:17 - [TEST_STEP][PASSED] - sendKeys: Keys 'ENTER + ' sent to object: 'Object Repository/Backoffice/match_mgmt/input__select2-search__arena_name'

2018-11-29 10:50:17 - [MESSAGE][PASSED] - Keys 'ENTER + ' sent to object: 'Object Repository/Backoffice/match_mgmt/input__select2-search__arena_name'

2018-11-29 10:50:17 - [TEST_STEP][PASSED] - setText: Text 'AA' is set on object 'Object Repository/Backoffice/match_mgmt/meron_details/input_meron_name'

2018-11-29 10:50:17 - [MESSAGE][PASSED] - Text 'AA' is set on object 'Object Repository/Backoffice/match_mgmt/meron_details/input_meron_name'

2018-11-29 10:50:17 - [TEST_STEP][PASSED] - setText: Text 'Farm 1' is set on object 'Object Repository/Backoffice/match_mgmt/meron_details/input_meron_farm'

2018-11-29 10:50:18 - [MESSAGE][PASSED] - Text 'Farm 1' is set on object 'Object Repository/Backoffice/match_mgmt/meron_details/input_meron_farm'

2018-11-29 10:50:18 - [TEST_STEP][PASSED] - setText: Text 'Breed 1' is set on object 'Object Repository/Backoffice/match_mgmt/meron_details/input_meron_breed'

2018-11-29 10:50:18 - [MESSAGE][PASSED] - Text 'Breed 1' is set on object 'Object Repository/Backoffice/match_mgmt/meron_details/input_meron_breed'

2018-11-29 10:50:18 - [TEST_STEP][PASSED] - setText: Text 'Weight 1' is set on object 'Object Repository/Backoffice/match_mgmt/meron_details/input_meron_weight'

2018-11-29 10:50:18 - [MESSAGE][PASSED] - Text 'Weight 1' is set on object 'Object Repository/Backoffice/match_mgmt/meron_details/input_meron_weight'

2018-11-29 10:50:18 - [TEST_STEP][PASSED] - setText: Text 'BB' is set on object 'Object Repository/Backoffice/match_mgmt/wala_details/input_wala_name'

2018-11-29 10:50:19 - [MESSAGE][PASSED] - Text 'BB' is set on object 'Object Repository/Backoffice/match_mgmt/wala_details/input_wala_name'

2018-11-29 10:50:19 - [TEST_STEP][PASSED] - setText: Text 'Farm 2' is set on object 'Object Repository/Backoffice/match_mgmt/wala_details/input_wala_farm'

2018-11-29 10:50:19 - [MESSAGE][PASSED] - Text 'Farm 2' is set on object 'Object Repository/Backoffice/match_mgmt/wala_details/input_wala_farm'

2018-11-29 10:50:19 - [TEST_STEP][PASSED] - setText: Text 'Breed 2' is set on object 'Object Repository/Backoffice/match_mgmt/wala_details/input_wala_breed'

2018-11-29 10:50:19 - [MESSAGE][PASSED] - Text 'Breed 2' is set on object 'Object Repository/Backoffice/match_mgmt/wala_details/input_wala_breed'

2018-11-29 10:50:19 - [TEST_STEP][PASSED] - setText: Text 'Weight 2' is set on object 'Object Repository/Backoffice/match_mgmt/wala_details/input_wala_weight'

2018-11-29 10:50:20 - [MESSAGE][PASSED] - Text 'Weight 2' is set on object 'Object Repository/Backoffice/match_mgmt/wala_details/input_wala_weight'

2018-11-29 10:50:20 - [TEST_STEP][PASSED] - click: Object: 'Object Repository/Backoffice/match_mgmt/input_submit_match' is clicked on

2018-11-29 10:50:22 - [MESSAGE][PASSED] - Object: 'Object Repository/Backoffice/match_mgmt/input_submit_match' is clicked on

2018-11-29 10:50:22 - [TEST_STEP][PASSED] - click: Object: 'Object Repository/Backoffice/match_mgmt/span_link_match' is clicked on

2018-11-29 10:50:23 - [MESSAGE][PASSED] - Object: 'Object Repository/Backoffice/match_mgmt/span_link_match' is clicked on

2018-11-29 10:50:23 - [TEST_STEP][PASSED] - switchToWindowIndex: Switched to window with index: '1'

2018-11-29 10:50:23 - [MESSAGE][PASSED] - Switched to window with index: '1'

2018-11-29 10:50:23 - [TEST_STEP][PASSED] - delay: Delayed 1 second(s)

2018-11-29 10:50:24 - [MESSAGE][PASSED] - Delayed 1 second(s)

2018-11-29 10:50:24 - [TEST_STEP][PASSED] - click: Object: 'Object Repository/Backoffice/match_mgmt/open_match/button_open_match' is clicked on

2018-11-29 10:50:25 - [MESSAGE][PASSED] - Object: 'Object Repository/Backoffice/match_mgmt/open_match/button_open_match' is clicked on

2018-11-29 10:50:25 - [TEST_STEP][PASSED] - delay: Delayed 1 second(s)

2018-11-29 10:50:26 - [MESSAGE][PASSED] - Delayed 1 second(s)

2018-11-29 10:50:26 - [TEST_STEP][PASSED] - waitForElementVisible: Object 'Object Repository/Backoffice/match_mgmt/settlement/button_finished_yes_i_agree' is visible

2018-11-29 10:50:26 - [MESSAGE][PASSED] - Object 'Object Repository/Backoffice/match_mgmt/settlement/button_finished_yes_i_agree' is visible

2018-11-29 10:50:26 - [TEST_STEP][PASSED] - delay: Delayed 1 second(s)

2018-11-29 10:50:27 - [MESSAGE][PASSED] - Delayed 1 second(s)

2018-11-29 10:50:27 - [TEST_STEP][PASSED] - click: Object: 'Object Repository/Backoffice/match_mgmt/settlement/button_finished_yes_i_agree' is clicked on

2018-11-29 10:50:27 - [MESSAGE][PASSED] - Object: 'Object Repository/Backoffice/match_mgmt/settlement/button_finished_yes_i_agree' is clicked on

2018-11-29 10:50:27 - [TEST_STEP][PASSED] - delay: Delayed 2 second(s)

2018-11-29 10:50:29 - [MESSAGE][PASSED] - Delayed 2 second(s)

2018-11-29 10:50:29 - [TEST_STEP][PASSED] - closeWindowIndex: Window with index 1 is closed

2018-11-29 10:50:29 - [MESSAGE][PASSED] - Window with index 1 is closed

2018-11-29 10:50:29 - [TEST_STEP][PASSED] - switchToWindowIndex: Switched to window with index: '0'

2018-11-29 10:50:30 - [MESSAGE][PASSED] - Switched to window with index: '0'

2018-11-29 10:50:30 - [TEST_STEP][PASSED] - verifyElementPresent: Object 'Object Repository/Backoffice/match_mgmt/button_create_match' is present

2018-11-29 10:50:30 - [MESSAGE][PASSED] - Object 'Object Repository/Backoffice/match_mgmt/button_create_match' is present

2018-11-29 10:50:30 - [TEST_STEP][PASSED] - delay: Delayed 1 second(s)

2018-11-29 10:50:31 - [MESSAGE][PASSED] - Delayed 1 second(s)

2018-11-29 10:50:31 - [TEST_STEP][PASSED] - Statement - For ([loop = 1, loop <= 56, (loop++)]): Delayed 1 second(s)

2018-11-29 10:50:31 - [TEST_STEP][PASSED] - click: Object: 'Object Repository/Backoffice/match_mgmt/button_create_match' is clicked on

2018-11-29 10:50:31 - [MESSAGE][PASSED] - Object: 'Object Repository/Backoffice/match_mgmt/button_create_match' is clicked on

2018-11-29 10:50:31 - [TEST_STEP][PASSED] - delay: Delayed 1 second(s)

2018-11-29 10:50:32 - [MESSAGE][PASSED] - Delayed 1 second(s)

2018-11-29 10:50:32 - [TEST_STEP][PASSED] - click: Object: 'Object Repository/Backoffice/match_mgmt/span_select_arena_name' is clicked on

2018-11-29 10:50:32 - [MESSAGE][PASSED] - Object: 'Object Repository/Backoffice/match_mgmt/span_select_arena_name' is clicked on

2018-11-29 10:50:32 - [TEST_STEP][PASSED] - setText: Text 'ALIXANDRA SPORTS COMPLEX - ASC' is set on object 'Object Repository/Backoffice/match_mgmt/input__select2-search__arena_name'

2018-11-29 10:50:34 - [MESSAGE][PASSED] - Text 'ALIXANDRA SPORTS COMPLEX - ASC' is set on object 'Object Repository/Backoffice/match_mgmt/input__select2-search__arena_name'

2018-11-29 10:50:34 - [TEST_STEP][PASSED] - sendKeys: Keys 'ENTER + ' sent to object: 'Object Repository/Backoffice/match_mgmt/input__select2-search__arena_name'

2018-11-29 10:50:34 - [MESSAGE][PASSED] - Keys 'ENTER + ' sent to object: 'Object Repository/Backoffice/match_mgmt/input__select2-search__arena_name'

2018-11-29 10:50:34 - [TEST_STEP][PASSED] - setText: Text 'AA' is set on object 'Object Repository/Backoffice/match_mgmt/meron_details/input_meron_name'

2018-11-29 10:50:34 - [MESSAGE][PASSED] - Text 'AA' is set on object 'Object Repository/Backoffice/match_mgmt/meron_details/input_meron_name'

2018-11-29 10:50:34 - [TEST_STEP][PASSED] - setText: Text 'Farm 1' is set on object 'Object Repository/Backoffice/match_mgmt/meron_details/input_meron_farm'

2018-11-29 10:50:35 - [MESSAGE][PASSED] - Text 'Farm 1' is set on object 'Object Repository/Backoffice/match_mgmt/meron_details/input_meron_farm'

2018-11-29 10:50:35 - [TEST_STEP][PASSED] - setText: Text 'Breed 1' is set on object 'Object Repository/Backoffice/match_mgmt/meron_details/input_meron_breed'

2018-11-29 10:50:35 - [MESSAGE][PASSED] - Text 'Breed 1' is set on object 'Object Repository/Backoffice/match_mgmt/meron_details/input_meron_breed'

2018-11-29 10:50:35 - [TEST_STEP][PASSED] - setText: Text 'Weight 1' is set on object 'Object Repository/Backoffice/match_mgmt/meron_details/input_meron_weight'

2018-11-29 10:50:36 - [MESSAGE][PASSED] - Text 'Weight 1' is set on object 'Object Repository/Backoffice/match_mgmt/meron_details/input_meron_weight'

2018-11-29 10:50:36 - [TEST_STEP][PASSED] - setText: Text 'BB' is set on object 'Object Repository/Backoffice/match_mgmt/wala_details/input_wala_name'

2018-11-29 10:50:36 - [MESSAGE][PASSED] - Text 'BB' is set on object 'Object Repository/Backoffice/match_mgmt/wala_details/input_wala_name'

2018-11-29 10:50:36 - [TEST_STEP][PASSED] - setText: Text 'Farm 2' is set on object 'Object Repository/Backoffice/match_mgmt/wala_details/input_wala_farm'

2018-11-29 10:50:36 - [MESSAGE][PASSED] - Text 'Farm 2' is set on object 'Object Repository/Backoffice/match_mgmt/wala_details/input_wala_farm'

2018-11-29 10:50:36 - [TEST_STEP][PASSED] - setText: Text 'Breed 2' is set on object 'Object Repository/Backoffice/match_mgmt/wala_details/input_wala_breed'

2018-11-29 10:50:37 - [MESSAGE][PASSED] - Text 'Breed 2' is set on object 'Object Repository/Backoffice/match_mgmt/wala_details/input_wala_breed'

2018-11-29 10:50:37 - [TEST_STEP][PASSED] - setText: Text 'Weight 2' is set on object 'Object Repository/Backoffice/match_mgmt/wala_details/input_wala_weight'

2018-11-29 10:50:37 - [MESSAGE][PASSED] - Text 'Weight 2' is set on object 'Object Repository/Backoffice/match_mgmt/wala_details/input_wala_weight'

2018-11-29 10:50:37 - [TEST_STEP][PASSED] - click: Object: 'Object Repository/Backoffice/match_mgmt/input_submit_match' is clicked on

2018-11-29 10:50:39 - [MESSAGE][PASSED] - Object: 'Object Repository/Backoffice/match_mgmt/input_submit_match' is clicked on

2018-11-29 10:50:39 - [TEST_STEP][PASSED] - delay: Delayed 1 second(s)

2018-11-29 10:50:40 - [MESSAGE][PASSED] - Delayed 1 second(s)

2018-11-29 10:50:40 - [TEST_STEP][PASSED] - click: Object: 'Object Repository/Backoffice/match_mgmt/button_create_match' is clicked on

2018-11-29 10:50:41 - [MESSAGE][PASSED] - Object: 'Object Repository/Backoffice/match_mgmt/button_create_match' is clicked on

2018-11-29 10:50:41 - [TEST_STEP][PASSED] - delay: Delayed 1 second(s)

2018-11-29 10:50:42 - [MESSAGE][PASSED] - Delayed 1 second(s)

2018-11-29 10:50:42 - [TEST_STEP][PASSED] - click: Object: 'Object Repository/Backoffice/match_mgmt/span_select_arena_name' is clicked on

2018-11-29 10:50:42 - [MESSAGE][PASSED] - Object: 'Object Repository/Backoffice/match_mgmt/span_select_arena_name' is clicked on

2018-11-29 10:50:42 - [TEST_STEP][PASSED] - setText: Text 'ALIXANDRA SPORTS COMPLEX - ASC' is set on object 'Object Repository/Backoffice/match_mgmt/input__select2-search__arena_name'

2018-11-29 10:50:44 - [MESSAGE][PASSED] - Text 'ALIXANDRA SPORTS COMPLEX - ASC' is set on object 'Object Repository/Backoffice/match_mgmt/input__select2-search__arena_name'

2018-11-29 10:50:44 - [TEST_STEP][PASSED] - sendKeys: Keys 'ENTER + ' sent to object: 'Object Repository/Backoffice/match_mgmt/input__select2-search__arena_name'

2018-11-29 10:50:44 - [MESSAGE][PASSED] - Keys 'ENTER + ' sent to object: 'Object Repository/Backoffice/match_mgmt/input__select2-search__arena_name'

2018-11-29 10:50:44 - [TEST_STEP][PASSED] - setText: Text 'AA' is set on object 'Object Repository/Backoffice/match_mgmt/meron_details/input_meron_name'

2018-11-29 10:50:44 - [MESSAGE][PASSED] - Text 'AA' is set on object 'Object Repository/Backoffice/match_mgmt/meron_details/input_meron_name'

2018-11-29 10:50:44 - [TEST_STEP][PASSED] - setText: Text 'Farm 1' is set on object 'Object Repository/Backoffice/match_mgmt/meron_details/input_meron_farm'

2018-11-29 10:50:45 - [MESSAGE][PASSED] - Text 'Farm 1' is set on object 'Object Repository/Backoffice/match_mgmt/meron_details/input_meron_farm'

2018-11-29 10:50:45 - [TEST_STEP][PASSED] - setText: Text 'Breed 1' is set on object 'Object Repository/Backoffice/match_mgmt/meron_details/input_meron_breed'

2018-11-29 10:50:45 - [MESSAGE][PASSED] - Text 'Breed 1' is set on object 'Object Repository/Backoffice/match_mgmt/meron_details/input_meron_breed'

2018-11-29 10:50:45 - [TEST_STEP][PASSED] - setText: Text 'Weight 1' is set on object 'Object Repository/Backoffice/match_mgmt/meron_details/input_meron_weight'

2018-11-29 10:50:46 - [MESSAGE][PASSED] - Text 'Weight 1' is set on object 'Object Repository/Backoffice/match_mgmt/meron_details/input_meron_weight'

2018-11-29 10:50:46 - [TEST_STEP][PASSED] - setText: Text 'BB' is set on object 'Object Repository/Backoffice/match_mgmt/wala_details/input_wala_name'

2018-11-29 10:50:46 - [MESSAGE][PASSED] - Text 'BB' is set on object 'Object Repository/Backoffice/match_mgmt/wala_details/input_wala_name'

2018-11-29 10:50:46 - [TEST_STEP][PASSED] - setText: Text 'Farm 2' is set on object 'Object Repository/Backoffice/match_mgmt/wala_details/input_wala_farm'

2018-11-29 10:50:46 - [MESSAGE][PASSED] - Text 'Farm 2' is set on object 'Object Repository/Backoffice/match_mgmt/wala_details/input_wala_farm'

2018-11-29 10:50:46 - [TEST_STEP][PASSED] - setText: Text 'Breed 2' is set on object 'Object Repository/Backoffice/match_mgmt/wala_details/input_wala_breed'

2018-11-29 10:50:47 - [MESSAGE][PASSED] - Text 'Breed 2' is set on object 'Object Repository/Backoffice/match_mgmt/wala_details/input_wala_breed'

2018-11-29 10:50:47 - [TEST_STEP][PASSED] - setText: Text 'Weight 2' is set on object 'Object Repository/Backoffice/match_mgmt/wala_details/input_wala_weight'

2018-11-29 10:50:47 - [MESSAGE][PASSED] - Text 'Weight 2' is set on object 'Object Repository/Backoffice/match_mgmt/wala_details/input_wala_weight'

2018-11-29 10:50:47 - [TEST_STEP][PASSED] - click: Object: 'Object Repository/Backoffice/match_mgmt/input_submit_match' is clicked on

2018-11-29 10:50:50 - [MESSAGE][PASSED] - Object: 'Object Repository/Backoffice/match_mgmt/input_submit_match' is clicked on

2018-11-29 10:50:50 - [TEST_STEP][PASSED] - delay: Delayed 1 second(s)

2018-11-29 10:50:51 - [MESSAGE][PASSED] - Delayed 1 second(s)

2018-11-29 10:50:51 - [TEST_STEP][PASSED] - click: Object: 'Object Repository/Backoffice/match_mgmt/button_create_match' is clicked on

2018-11-29 10:50:52 - [MESSAGE][PASSED] - Object: 'Object Repository/Backoffice/match_mgmt/button_create_match' is clicked on

2018-11-29 10:50:52 - [TEST_STEP][PASSED] - delay: Delayed 1 second(s)

2018-11-29 10:50:53 - [MESSAGE][PASSED] - Delayed 1 second(s)

2018-11-29 10:50:53 - [TEST_STEP][PASSED] - click: Object: 'Object Repository/Backoffice/match_mgmt/span_select_arena_name' is clicked on

2018-11-29 10:50:53 - [MESSAGE][PASSED] - Object: 'Object Repository/Backoffice/match_mgmt/span_select_arena_name' is clicked on

2018-11-29 10:50:53 - [TEST_STEP][PASSED] - setText: Text 'ALIXANDRA SPORTS COMPLEX - ASC' is set on object 'Object Repository/Backoffice/match_mgmt/input__select2-search__arena_name'

2018-11-29 10:50:55 - [MESSAGE][PASSED] - Text 'ALIXANDRA SPORTS COMPLEX - ASC' is set on object 'Object Repository/Backoffice/match_mgmt/input__select2-search__arena_name'

2018-11-29 10:50:55 - [TEST_STEP][PASSED] - sendKeys: Keys 'ENTER + ' sent to object: 'Object Repository/Backoffice/match_mgmt/input__select2-search__arena_name'

2018-11-29 10:50:55 - [MESSAGE][PASSED] - Keys 'ENTER + ' sent to object: 'Object Repository/Backoffice/match_mgmt/input__select2-search__arena_name'

2018-11-29 10:50:55 - [TEST_STEP][PASSED] - setText: Text 'AA' is set on object 'Object Repository/Backoffice/match_mgmt/meron_details/input_meron_name'

2018-11-29 10:50:55 - [MESSAGE][PASSED] - Text 'AA' is set on object 'Object Repository/Backoffice/match_mgmt/meron_details/input_meron_name'

2018-11-29 10:50:55 - [TEST_STEP][PASSED] - setText: Text 'Farm 1' is set on object 'Object Repository/Backoffice/match_mgmt/meron_details/input_meron_farm'

2018-11-29 10:50:56 - [MESSAGE][PASSED] - Text 'Farm 1' is set on object 'Object Repository/Backoffice/match_mgmt/meron_details/input_meron_farm'

2018-11-29 10:50:56 - [TEST_STEP][PASSED] - setText: Text 'Breed 1' is set on object 'Object Repository/Backoffice/match_mgmt/meron_details/input_meron_breed'

2018-11-29 10:50:56 - [MESSAGE][PASSED] - Text 'Breed 1' is set on object 'Object Repository/Backoffice/match_mgmt/meron_details/input_meron_breed'

2018-11-29 10:50:56 - [TEST_STEP][PASSED] - setText: Text 'Weight 1' is set on object 'Object Repository/Backoffice/match_mgmt/meron_details/input_meron_weight'

2018-11-29 10:50:56 - [MESSAGE][PASSED] - Text 'Weight 1' is set on object 'Object Repository/Backoffice/match_mgmt/meron_details/input_meron_weight'

2018-11-29 10:50:56 - [TEST_STEP][PASSED] - setText: Text 'BB' is set on object 'Object Repository/Backoffice/match_mgmt/wala_details/input_wala_name'

2018-11-29 10:50:57 - [MESSAGE][PASSED] - Text 'BB' is set on object 'Object Repository/Backoffice/match_mgmt/wala_details/input_wala_name'

2018-11-29 10:50:57 - [TEST_STEP][PASSED] - setText: Text 'Farm 2' is set on object 'Object Repository/Backoffice/match_mgmt/wala_details/input_wala_farm'

2018-11-29 10:50:57 - [MESSAGE][PASSED] - Text 'Farm 2' is set on object 'Object Repository/Backoffice/match_mgmt/wala_details/input_wala_farm'

2018-11-29 10:50:57 - [TEST_STEP][PASSED] - setText: Text 'Breed 2' is set on object 'Object Repository/Backoffice/match_mgmt/wala_details/input_wala_breed'

2018-11-29 10:50:57 - [MESSAGE][PASSED] - Text 'Breed 2' is set on object 'Object Repository/Backoffice/match_mgmt/wala_details/input_wala_breed'

2018-11-29 10:50:57 - [TEST_STEP][PASSED] - setText: Text 'Weight 2' is set on object 'Object Repository/Backoffice/match_mgmt/wala_details/input_wala_weight'

2018-11-29 10:50:58 - [MESSAGE][PASSED] - Text 'Weight 2' is set on object 'Object Repository/Backoffice/match_mgmt/wala_details/input_wala_weight'

2018-11-29 10:50:58 - [TEST_STEP][PASSED] - click: Object: 'Object Repository/Backoffice/match_mgmt/input_submit_match' is clicked on

2018-11-29 10:51:01 - [MESSAGE][PASSED] - Object: 'Object Repository/Backoffice/match_mgmt/input_submit_match' is clicked on

2018-11-29 10:51:01 - [TEST_STEP][PASSED] - delay: Delayed 1 second(s)

2018-11-29 10:51:02 - [MESSAGE][PASSED] - Delayed 1 second(s)

2018-11-29 10:51:02 - [TEST_STEP][PASSED] - click: Object: 'Object Repository/Backoffice/match_mgmt/button_create_match' is clicked on

2018-11-29 10:51:02 - [MESSAGE][PASSED] - Object: 'Object Repository/Backoffice/match_mgmt/button_create_match' is clicked on

2018-11-29 10:51:02 - [TEST_STEP][PASSED] - delay: Delayed 1 second(s)

2018-11-29 10:51:03 - [MESSAGE][PASSED] - Delayed 1 second(s)

2018-11-29 10:51:03 - [TEST_STEP][PASSED] - click: Object: 'Object Repository/Backoffice/match_mgmt/span_select_arena_name' is clicked on

2018-11-29 10:51:03 - [MESSAGE][PASSED] - Object: 'Object Repository/Backoffice/match_mgmt/span_select_arena_name' is clicked on

2018-11-29 10:51:03 - [TEST_STEP][PASSED] - setText: Text 'ALIXANDRA SPORTS COMPLEX - ASC' is set on object 'Object Repository/Backoffice/match_mgmt/input__select2-search__arena_name'

2018-11-29 10:51:05 - [MESSAGE][PASSED] - Text 'ALIXANDRA SPORTS COMPLEX - ASC' is set on object 'Object Repository/Backoffice/match_mgmt/input__select2-search__arena_name'

2018-11-29 10:51:05 - [TEST_STEP][PASSED] - sendKeys: Keys 'ENTER + ' sent to object: 'Object Repository/Backoffice/match_mgmt/input__select2-search__arena_name'

2018-11-29 10:51:05 - [MESSAGE][PASSED] - Keys 'ENTER + ' sent to object: 'Object Repository/Backoffice/match_mgmt/input__select2-search__arena_name'

2018-11-29 10:51:05 - [TEST_STEP][PASSED] - setText: Text 'AA' is set on object 'Object Repository/Backoffice/match_mgmt/meron_details/input_meron_name'

2018-11-29 10:51:06 - [MESSAGE][PASSED] - Text 'AA' is set on object 'Object Repository/Backoffice/match_mgmt/meron_details/input_meron_name'

2018-11-29 10:51:06 - [TEST_STEP][PASSED] - setText: Text 'Farm 1' is set on object 'Object Repository/Backoffice/match_mgmt/meron_details/input_meron_farm'

2018-11-29 10:51:06 - [MESSAGE][PASSED] - Text 'Farm 1' is set on object 'Object Repository/Backoffice/match_mgmt/meron_details/input_meron_farm'

2018-11-29 10:51:06 - [TEST_STEP][PASSED] - setText: Text 'Breed 1' is set on object 'Object Repository/Backoffice/match_mgmt/meron_details/input_meron_breed'

2018-11-29 10:51:06 - [MESSAGE][PASSED] - Text 'Breed 1' is set on object 'Object Repository/Backoffice/match_mgmt/meron_details/input_meron_breed'

2018-11-29 10:51:06 - [TEST_STEP][PASSED] - setText: Text 'Weight 1' is set on object 'Object Repository/Backoffice/match_mgmt/meron_details/input_meron_weight'

2018-11-29 10:51:07 - [MESSAGE][PASSED] - Text 'Weight 1' is set on object 'Object Repository/Backoffice/match_mgmt/meron_details/input_meron_weight'

2018-11-29 10:51:07 - [TEST_STEP][PASSED] - setText: Text 'BB' is set on object 'Object Repository/Backoffice/match_mgmt/wala_details/input_wala_name'

2018-11-29 10:51:07 - [MESSAGE][PASSED] - Text 'BB' is set on object 'Object Repository/Backoffice/match_mgmt/wala_details/input_wala_name'

2018-11-29 10:51:07 - [TEST_STEP][PASSED] - setText: Text 'Farm 2' is set on object 'Object Repository/Backoffice/match_mgmt/wala_details/input_wala_farm'

2018-11-29 10:51:08 - [MESSAGE][PASSED] - Text 'Farm 2' is set on object 'Object Repository/Backoffice/match_mgmt/wala_details/input_wala_farm'

2018-11-29 10:51:08 - [TEST_STEP][PASSED] - setText: Text 'Breed 2' is set on object 'Object Repository/Backoffice/match_mgmt/wala_details/input_wala_breed'

2018-11-29 10:51:08 - [MESSAGE][PASSED] - Text 'Breed 2' is set on object 'Object Repository/Backoffice/match_mgmt/wala_details/input_wala_breed'

2018-11-29 10:51:08 - [TEST_STEP][PASSED] - setText: Text 'Weight 2' is set on object 'Object Repository/Backoffice/match_mgmt/wala_details/input_wala_weight'

2018-11-29 10:51:09 - [MESSAGE][PASSED] - Text 'Weight 2' is set on object 'Object Repository/Backoffice/match_mgmt/wala_details/input_wala_weight'

2018-11-29 10:51:09 - [TEST_STEP][PASSED] - click: Object: 'Object Repository/Backoffice/match_mgmt/input_submit_match' is clicked on

2018-11-29 10:51:11 - [MESSAGE][PASSED] - Object: 'Object Repository/Backoffice/match_mgmt/input_submit_match' is clicked on

2018-11-29 10:51:11 - [TEST_STEP][PASSED] - delay: Delayed 1 second(s)

2018-11-29 10:51:12 - [MESSAGE][PASSED] - Delayed 1 second(s)

2018-11-29 10:51:12 - [TEST_STEP][PASSED] - click: Object: 'Object Repository/Backoffice/match_mgmt/button_create_match' is clicked on

2018-11-29 10:51:13 - [MESSAGE][PASSED] - Object: 'Object Repository/Backoffice/match_mgmt/button_create_match' is clicked on

2018-11-29 10:51:13 - [TEST_STEP][PASSED] - delay: Delayed 1 second(s)

2018-11-29 10:51:14 - [MESSAGE][PASSED] - Delayed 1 second(s)

2018-11-29 10:51:14 - [TEST_STEP][PASSED] - click: Object: 'Object Repository/Backoffice/match_mgmt/span_select_arena_name' is clicked on

2018-11-29 10:51:14 - [MESSAGE][PASSED] - Object: 'Object Repository/Backoffice/match_mgmt/span_select_arena_name' is clicked on

2018-11-29 10:51:14 - [TEST_STEP][PASSED] - setText: Text 'ALIXANDRA SPORTS COMPLEX - ASC' is set on object 'Object Repository/Backoffice/match_mgmt/input__select2-search__arena_name'

2018-11-29 10:51:16 - [MESSAGE][PASSED] - Text 'ALIXANDRA SPORTS COMPLEX - ASC' is set on object 'Object Repository/Backoffice/match_mgmt/input__select2-search__arena_name'

2018-11-29 10:51:16 - [TEST_STEP][PASSED] - sendKeys: Keys 'ENTER + ' sent to object: 'Object Repository/Backoffice/match_mgmt/input__select2-search__arena_name'

2018-11-29 10:51:16 - [MESSAGE][PASSED] - Keys 'ENTER + ' sent to object: 'Object Repository/Backoffice/match_mgmt/input__select2-search__arena_name'

2018-11-29 10:51:16 - [TEST_STEP][PASSED] - setText: Text 'AA' is set on object 'Object Repository/Backoffice/match_mgmt/meron_details/input_meron_name'

2018-11-29 10:51:16 - [MESSAGE][PASSED] - Text 'AA' is set on object 'Object Repository/Backoffice/match_mgmt/meron_details/input_meron_name'

2018-11-29 10:51:16 - [TEST_STEP][PASSED] - setText: Text 'Farm 1' is set on object 'Object Repository/Backoffice/match_mgmt/meron_details/input_meron_farm'

2018-11-29 10:51:17 - [MESSAGE][PASSED] - Text 'Farm 1' is set on object 'Object Repository/Backoffice/match_mgmt/meron_details/input_meron_farm'

2018-11-29 10:51:17 - [TEST_STEP][PASSED] - setText: Text 'Breed 1' is set on object 'Object Repository/Backoffice/match_mgmt/meron_details/input_meron_breed'

2018-11-29 10:51:17 - [MESSAGE][PASSED] - Text 'Breed 1' is set on object 'Object Repository/Backoffice/match_mgmt/meron_details/input_meron_breed'

2018-11-29 10:51:17 - [TEST_STEP][PASSED] - setText: Text 'Weight 1' is set on object 'Object Repository/Backoffice/match_mgmt/meron_details/input_meron_weight'

2018-11-29 10:51:18 - [MESSAGE][PASSED] - Text 'Weight 1' is set on object 'Object Repository/Backoffice/match_mgmt/meron_details/input_meron_weight'

2018-11-29 10:51:18 - [TEST_STEP][PASSED] - setText: Text 'BB' is set on object 'Object Repository/Backoffice/match_mgmt/wala_details/input_wala_name'

2018-11-29 10:51:18 - [MESSAGE][PASSED] - Text 'BB' is set on object 'Object Repository/Backoffice/match_mgmt/wala_details/input_wala_name'

2018-11-29 10:51:18 - [TEST_STEP][PASSED] - setText: Text 'Farm 2' is set on object 'Object Repository/Backoffice/match_mgmt/wala_details/input_wala_farm'

2018-11-29 10:51:18 - [MESSAGE][PASSED] - Text 'Farm 2' is set on object 'Object Repository/Backoffice/match_mgmt/wala_details/input_wala_farm'

2018-11-29 10:51:18 - [TEST_STEP][PASSED] - setText: Text 'Breed 2' is set on object 'Object Repository/Backoffice/match_mgmt/wala_details/input_wala_breed'

2018-11-29 10:51:19 - [MESSAGE][PASSED] - Text 'Breed 2' is set on object 'Object Repository/Backoffice/match_mgmt/wala_details/input_wala_breed'

2018-11-29 10:51:19 - [TEST_STEP][PASSED] - setText: Text 'Weight 2' is set on object 'Object Repository/Backoffice/match_mgmt/wala_details/input_wala_weight'

2018-11-29 10:51:19 - [MESSAGE][PASSED] - Text 'Weight 2' is set on object 'Object Repository/Backoffice/match_mgmt/wala_details/input_wala_weight'

2018-11-29 10:51:19 - [TEST_STEP][PASSED] - click: Object: 'Object Repository/Backoffice/match_mgmt/input_submit_match' is clicked on

2018-11-29 10:51:21 - [MESSAGE][PASSED] - Object: 'Object Repository/Backoffice/match_mgmt/input_submit_match' is clicked on

2018-11-29 10:51:21 - [TEST_STEP][PASSED] - delay: Delayed 1 second(s)

2018-11-29 10:51:22 - [MESSAGE][PASSED] - Delayed 1 second(s)

2018-11-29 10:51:22 - [TEST_STEP][PASSED] - click: Object: 'Object Repository/Backoffice/match_mgmt/button_create_match' is clicked on

2018-11-29 10:51:23 - [MESSAGE][PASSED] - Object: 'Object Repository/Backoffice/match_mgmt/button_create_match' is clicked on

2018-11-29 10:51:23 - [TEST_STEP][PASSED] - delay: Delayed 1 second(s)

2018-11-29 10:51:24 - [MESSAGE][PASSED] - Delayed 1 second(s)

2018-11-29 10:51:24 - [TEST_STEP][PASSED] - click: Object: 'Object Repository/Backoffice/match_mgmt/span_select_arena_name' is clicked on

2018-11-29 10:51:24 - [MESSAGE][PASSED] - Object: 'Object Repository/Backoffice/match_mgmt/span_select_arena_name' is clicked on

2018-11-29 10:51:24 - [TEST_STEP][PASSED] - setText: Text 'ALIXANDRA SPORTS COMPLEX - ASC' is set on object 'Object Repository/Backoffice/match_mgmt/input__select2-search__arena_name'

2018-11-29 10:51:26 - [MESSAGE][PASSED] - Text 'ALIXANDRA SPORTS COMPLEX - ASC' is set on object 'Object Repository/Backoffice/match_mgmt/input__select2-search__arena_name'

2018-11-29 10:51:26 - [TEST_STEP][PASSED] - sendKeys: Keys 'ENTER + ' sent to object: 'Object Repository/Backoffice/match_mgmt/input__select2-search__arena_name'

2018-11-29 10:51:26 - [MESSAGE][PASSED] - Keys 'ENTER + ' sent to object: 'Object Repository/Backoffice/match_mgmt/input__select2-search__arena_name'

2018-11-29 10:51:26 - [TEST_STEP][PASSED] - setText: Text 'AA' is set on object 'Object Repository/Backoffice/match_mgmt/meron_details/input_meron_name'

2018-11-29 10:51:26 - [MESSAGE][PASSED] - Text 'AA' is set on object 'Object Repository/Backoffice/match_mgmt/meron_details/input_meron_name'

2018-11-29 10:51:26 - [TEST_STEP][PASSED] - setText: Text 'Farm 1' is set on object 'Object Repository/Backoffice/match_mgmt/meron_details/input_meron_farm'

2018-11-29 10:51:27 - [MESSAGE][PASSED] - Text 'Farm 1' is set on object 'Object Repository/Backoffice/match_mgmt/meron_details/input_meron_farm'

2018-11-29 10:51:27 - [TEST_STEP][PASSED] - setText: Text 'Breed 1' is set on object 'Object Repository/Backoffice/match_mgmt/meron_details/input_meron_breed'

2018-11-29 10:51:27 - [MESSAGE][PASSED] - Text 'Breed 1' is set on object 'Object Repository/Backoffice/match_mgmt/meron_details/input_meron_breed'

2018-11-29 10:51:27 - [TEST_STEP][PASSED] - setText: Text 'Weight 1' is set on object 'Object Repository/Backoffice/match_mgmt/meron_details/input_meron_weight'

2018-11-29 10:51:27 - [MESSAGE][PASSED] - Text 'Weight 1' is set on object 'Object Repository/Backoffice/match_mgmt/meron_details/input_meron_weight'

2018-11-29 10:51:27 - [TEST_STEP][PASSED] - setText: Text 'BB' is set on object 'Object Repository/Backoffice/match_mgmt/wala_details/input_wala_name'

2018-11-29 10:51:28 - [MESSAGE][PASSED] - Text 'BB' is set on object 'Object Repository/Backoffice/match_mgmt/wala_details/input_wala_name'

2018-11-29 10:51:28 - [TEST_STEP][PASSED] - setText: Text 'Farm 2' is set on object 'Object Repository/Backoffice/match_mgmt/wala_details/input_wala_farm'

2018-11-29 10:51:28 - [MESSAGE][PASSED] - Text 'Farm 2' is set on object 'Object Repository/Backoffice/match_mgmt/wala_details/input_wala_farm'

2018-11-29 10:51:28 - [TEST_STEP][PASSED] - setText: Text 'Breed 2' is set on object 'Object Repository/Backoffice/match_mgmt/wala_details/input_wala_breed'

2018-11-29 10:51:29 - [MESSAGE][PASSED] - Text 'Breed 2' is set on object 'Object Repository/Backoffice/match_mgmt/wala_details/input_wala_breed'

2018-11-29 10:51:29 - [TEST_STEP][PASSED] - setText: Text 'Weight 2' is set on object 'Object Repository/Backoffice/match_mgmt/wala_details/input_wala_weight'

2018-11-29 10:51:29 - [MESSAGE][PASSED] - Text 'Weight 2' is set on object 'Object Repository/Backoffice/match_mgmt/wala_details/input_wala_weight'

2018-11-29 10:51:29 - [TEST_STEP][PASSED] - click: Object: 'Object Repository/Backoffice/match_mgmt/input_submit_match' is clicked on

2018-11-29 10:51:32 - [MESSAGE][PASSED] - Object: 'Object Repository/Backoffice/match_mgmt/input_submit_match' is clicked on

2018-11-29 10:51:32 - [TEST_STEP][PASSED] - delay: Delayed 1 second(s)

2018-11-29 10:51:33 - [MESSAGE][PASSED] - Delayed 1 second(s)

2018-11-29 10:51:33 - [TEST_STEP][PASSED] - click: Object: 'Object Repository/Backoffice/match_mgmt/button_create_match' is clicked on

2018-11-29 10:51:34 - [MESSAGE][PASSED] - Object: 'Object Repository/Backoffice/match_mgmt/button_create_match' is clicked on

2018-11-29 10:51:34 - [TEST_STEP][PASSED] - delay: Delayed 1 second(s)

2018-11-29 10:51:35 - [MESSAGE][PASSED] - Delayed 1 second(s)

2018-11-29 10:51:35 - [TEST_STEP][PASSED] - click: Object: 'Object Repository/Backoffice/match_mgmt/span_select_arena_name' is clicked on

2018-11-29 10:51:35 - [MESSAGE][PASSED] - Object: 'Object Repository/Backoffice/match_mgmt/span_select_arena_name' is clicked on

2018-11-29 10:51:35 - [TEST_STEP][PASSED] - setText: Text 'ALIXANDRA SPORTS COMPLEX - ASC' is set on object 'Object Repository/Backoffice/match_mgmt/input__select2-search__arena_name'

2018-11-29 10:51:36 - [MESSAGE][PASSED] - Text 'ALIXANDRA SPORTS COMPLEX - ASC' is set on object 'Object Repository/Backoffice/match_mgmt/input__select2-search__arena_name'

2018-11-29 10:51:36 - [TEST_STEP][PASSED] - sendKeys: Keys 'ENTER + ' sent to object: 'Object Repository/Backoffice/match_mgmt/input__select2-search__arena_name'

2018-11-29 10:51:36 - [MESSAGE][PASSED] - Keys 'ENTER + ' sent to object: 'Object Repository/Backoffice/match_mgmt/input__select2-search__arena_name'

2018-11-29 10:51:36 - [TEST_STEP][PASSED] - setText: Text 'AA' is set on object 'Object Repository/Backoffice/match_mgmt/meron_details/input_meron_name'

2018-11-29 10:51:37 - [MESSAGE][PASSED] - Text 'AA' is set on object 'Object Repository/Backoffice/match_mgmt/meron_details/input_meron_name'

2018-11-29 10:51:37 - [TEST_STEP][PASSED] - setText: Text 'Farm 1' is set on object 'Object Repository/Backoffice/match_mgmt/meron_details/input_meron_farm'

2018-11-29 10:51:37 - [MESSAGE][PASSED] - Text 'Farm 1' is set on object 'Object Repository/Backoffice/match_mgmt/meron_details/input_meron_farm'

2018-11-29 10:51:37 - [TEST_STEP][PASSED] - setText: Text 'Breed 1' is set on object 'Object Repository/Backoffice/match_mgmt/meron_details/input_meron_breed'

2018-11-29 10:51:38 - [MESSAGE][PASSED] - Text 'Breed 1' is set on object 'Object Repository/Backoffice/match_mgmt/meron_details/input_meron_breed'

2018-11-29 10:51:38 - [TEST_STEP][PASSED] - setText: Text 'Weight 1' is set on object 'Object Repository/Backoffice/match_mgmt/meron_details/input_meron_weight'

2018-11-29 10:51:38 - [MESSAGE][PASSED] - Text 'Weight 1' is set on object 'Object Repository/Backoffice/match_mgmt/meron_details/input_meron_weight'

2018-11-29 10:51:38 - [TEST_STEP][PASSED] - setText: Text 'BB' is set on object 'Object Repository/Backoffice/match_mgmt/wala_details/input_wala_name'

2018-11-29 10:51:38 - [MESSAGE][PASSED] - Text 'BB' is set on object 'Object Repository/Backoffice/match_mgmt/wala_details/input_wala_name'

2018-11-29 10:51:38 - [TEST_STEP][PASSED] - setText: Text 'Farm 2' is set on object 'Object Repository/Backoffice/match_mgmt/wala_details/input_wala_farm'

2018-11-29 10:51:39 - [MESSAGE][PASSED] - Text 'Farm 2' is set on object 'Object Repository/Backoffice/match_mgmt/wala_details/input_wala_farm'

2018-11-29 10:51:39 - [TEST_STEP][PASSED] - setText: Text 'Breed 2' is set on object 'Object Repository/Backoffice/match_mgmt/wala_details/input_wala_breed'

2018-11-29 10:51:39 - [MESSAGE][PASSED] - Text 'Breed 2' is set on object 'Object Repository/Backoffice/match_mgmt/wala_details/input_wala_breed'

2018-11-29 10:51:39 - [TEST_STEP][PASSED] - setText: Text 'Weight 2' is set on object 'Object Repository/Backoffice/match_mgmt/wala_details/input_wala_weight'

2018-11-29 10:51:40 - [MESSAGE][PASSED] - Text 'Weight 2' is set on object 'Object Repository/Backoffice/match_mgmt/wala_details/input_wala_weight'

2018-11-29 10:51:40 - [TEST_STEP][PASSED] - click: Object: 'Object Repository/Backoffice/match_mgmt/input_submit_match' is clicked on

2018-11-29 10:51:43 - [MESSAGE][PASSED] - Object: 'Object Repository/Backoffice/match_mgmt/input_submit_match' is clicked on

2018-11-29 10:51:43 - [TEST_STEP][PASSED] - delay: Delayed 1 second(s)

2018-11-29 10:51:44 - [MESSAGE][PASSED] - Delayed 1 second(s)

2018-11-29 10:51:44 - [TEST_STEP][PASSED] - click: Object: 'Object Repository/Backoffice/match_mgmt/button_create_match' is clicked on

2018-11-29 10:51:44 - [MESSAGE][PASSED] - Object: 'Object Repository/Backoffice/match_mgmt/button_create_match' is clicked on

2018-11-29 10:51:44 - [TEST_STEP][PASSED] - delay: Delayed 1 second(s)

2018-11-29 10:51:45 - [MESSAGE][PASSED] - Delayed 1 second(s)

2018-11-29 10:51:45 - [TEST_STEP][PASSED] - click: Object: 'Object Repository/Backoffice/match_mgmt/span_select_arena_name' is clicked on

2018-11-29 10:51:45 - [MESSAGE][PASSED] - Object: 'Object Repository/Backoffice/match_mgmt/span_select_arena_name' is clicked on

2018-11-29 10:51:45 - [TEST_STEP][PASSED] - setText: Text 'ALIXANDRA SPORTS COMPLEX - ASC' is set on object 'Object Repository/Backoffice/match_mgmt/input__select2-search__arena_name'

2018-11-29 10:51:47 - [MESSAGE][PASSED] - Text 'ALIXANDRA SPORTS COMPLEX - ASC' is set on object 'Object Repository/Backoffice/match_mgmt/input__select2-search__arena_name'

2018-11-29 10:51:47 - [TEST_STEP][PASSED] - sendKeys: Keys 'ENTER + ' sent to object: 'Object Repository/Backoffice/match_mgmt/input__select2-search__arena_name'

2018-11-29 10:51:47 - [MESSAGE][PASSED] - Keys 'ENTER + ' sent to object: 'Object Repository/Backoffice/match_mgmt/input__select2-search__arena_name'

2018-11-29 10:51:47 - [TEST_STEP][PASSED] - setText: Text 'AA' is set on object 'Object Repository/Backoffice/match_mgmt/meron_details/input_meron_name'

2018-11-29 10:51:47 - [MESSAGE][PASSED] - Text 'AA' is set on object 'Object Repository/Backoffice/match_mgmt/meron_details/input_meron_name'

2018-11-29 10:51:47 - [TEST_STEP][PASSED] - setText: Text 'Farm 1' is set on object 'Object Repository/Backoffice/match_mgmt/meron_details/input_meron_farm'

2018-11-29 10:51:48 - [MESSAGE][PASSED] - Text 'Farm 1' is set on object 'Object Repository/Backoffice/match_mgmt/meron_details/input_meron_farm'

2018-11-29 10:51:48 - [TEST_STEP][PASSED] - setText: Text 'Breed 1' is set on object 'Object Repository/Backoffice/match_mgmt/meron_details/input_meron_breed'

2018-11-29 10:51:48 - [MESSAGE][PASSED] - Text 'Breed 1' is set on object 'Object Repository/Backoffice/match_mgmt/meron_details/input_meron_breed'

2018-11-29 10:51:48 - [TEST_STEP][PASSED] - setText: Text 'Weight 1' is set on object 'Object Repository/Backoffice/match_mgmt/meron_details/input_meron_weight'

2018-11-29 10:51:48 - [MESSAGE][PASSED] - Text 'Weight 1' is set on object 'Object Repository/Backoffice/match_mgmt/meron_details/input_meron_weight'

2018-11-29 10:51:48 - [TEST_STEP][PASSED] - setText: Text 'BB' is set on object 'Object Repository/Backoffice/match_mgmt/wala_details/input_wala_name'

2018-11-29 10:51:49 - [MESSAGE][PASSED] - Text 'BB' is set on object 'Object Repository/Backoffice/match_mgmt/wala_details/input_wala_name'

2018-11-29 10:51:49 - [TEST_STEP][PASSED] - setText: Text 'Farm 2' is set on object 'Object Repository/Backoffice/match_mgmt/wala_details/input_wala_farm'

2018-11-29 10:51:49 - [MESSAGE][PASSED] - Text 'Farm 2' is set on object 'Object Repository/Backoffice/match_mgmt/wala_details/input_wala_farm'

2018-11-29 10:51:49 - [TEST_STEP][PASSED] - setText: Text 'Breed 2' is set on object 'Object Repository/Backoffice/match_mgmt/wala_details/input_wala_breed'

2018-11-29 10:51:50 - [MESSAGE][PASSED] - Text 'Breed 2' is set on object 'Object Repository/Backoffice/match_mgmt/wala_details/input_wala_breed'

2018-11-29 10:51:50 - [TEST_STEP][PASSED] - setText: Text 'Weight 2' is set on object 'Object Repository/Backoffice/match_mgmt/wala_details/input_wala_weight'

2018-11-29 10:51:50 - [MESSAGE][PASSED] - Text 'Weight 2' is set on object 'Object Repository/Backoffice/match_mgmt/wala_details/input_wala_weight'

2018-11-29 10:51:50 - [TEST_STEP][PASSED] - click: Object: 'Object Repository/Backoffice/match_mgmt/input_submit_match' is clicked on

2018-11-29 10:51:53 - [MESSAGE][PASSED] - Object: 'Object Repository/Backoffice/match_mgmt/input_submit_match' is clicked on

2018-11-29 10:51:53 - [TEST_STEP][PASSED] - delay: Delayed 1 second(s)

2018-11-29 10:51:54 - [MESSAGE][PASSED] - Delayed 1 second(s)

2018-11-29 10:51:54 - [TEST_STEP][PASSED] - click: Object: 'Object Repository/Backoffice/match_mgmt/button_create_match' is clicked on

2018-11-29 10:51:54 - [MESSAGE][PASSED] - Object: 'Object Repository/Backoffice/match_mgmt/button_create_match' is clicked on

2018-11-29 10:51:54 - [TEST_STEP][PASSED] - delay: Delayed 1 second(s)

2018-11-29 10:51:55 - [MESSAGE][PASSED] - Delayed 1 second(s)

2018-11-29 10:51:55 - [TEST_STEP][PASSED] - click: Object: 'Object Repository/Backoffice/match_mgmt/span_select_arena_name' is clicked on

2018-11-29 10:51:56 - [MESSAGE][PASSED] - Object: 'Object Repository/Backoffice/match_mgmt/span_select_arena_name' is clicked on

2018-11-29 10:51:56 - [TEST_STEP][PASSED] - setText: Text 'ALIXANDRA SPORTS COMPLEX - ASC' is set on object 'Object Repository/Backoffice/match_mgmt/input__select2-search__arena_name'

2018-11-29 10:51:58 - [MESSAGE][PASSED] - Text 'ALIXANDRA SPORTS COMPLEX - ASC' is set on object 'Object Repository/Backoffice/match_mgmt/input__select2-search__arena_name'

2018-11-29 10:51:58 - [TEST_STEP][PASSED] - sendKeys: Keys 'ENTER + ' sent to object: 'Object Repository/Backoffice/match_mgmt/input__select2-search__arena_name'

2018-11-29 10:51:58 - [MESSAGE][PASSED] - Keys 'ENTER + ' sent to object: 'Object Repository/Backoffice/match_mgmt/input__select2-search__arena_name'

2018-11-29 10:51:58 - [TEST_STEP][PASSED] - setText: Text 'AA' is set on object 'Object Repository/Backoffice/match_mgmt/meron_details/input_meron_name'

2018-11-29 10:51:58 - [MESSAGE][PASSED] - Text 'AA' is set on object 'Object Repository/Backoffice/match_mgmt/meron_details/input_meron_name'

2018-11-29 10:51:58 - [TEST_STEP][PASSED] - setText: Text 'Farm 1' is set on object 'Object Repository/Backoffice/match_mgmt/meron_details/input_meron_farm'

2018-11-29 10:51:58 - [MESSAGE][PASSED] - Text 'Farm 1' is set on object 'Object Repository/Backoffice/match_mgmt/meron_details/input_meron_farm'

2018-11-29 10:51:58 - [TEST_STEP][PASSED] - setText: Text 'Breed 1' is set on object 'Object Repository/Backoffice/match_mgmt/meron_details/input_meron_breed'

2018-11-29 10:51:59 - [MESSAGE][PASSED] - Text 'Breed 1' is set on object 'Object Repository/Backoffice/match_mgmt/meron_details/input_meron_breed'

2018-11-29 10:51:59 - [TEST_STEP][PASSED] - setText: Text 'Weight 1' is set on object 'Object Repository/Backoffice/match_mgmt/meron_details/input_meron_weight'

2018-11-29 10:51:59 - [MESSAGE][PASSED] - Text 'Weight 1' is set on object 'Object Repository/Backoffice/match_mgmt/meron_details/input_meron_weight'

2018-11-29 10:51:59 - [TEST_STEP][PASSED] - setText: Text 'BB' is set on object 'Object Repository/Backoffice/match_mgmt/wala_details/input_wala_name'

2018-11-29 10:52:00 - [MESSAGE][PASSED] - Text 'BB' is set on object 'Object Repository/Backoffice/match_mgmt/wala_details/input_wala_name'

2018-11-29 10:52:00 - [TEST_STEP][PASSED] - setText: Text 'Farm 2' is set on object 'Object Repository/Backoffice/match_mgmt/wala_details/input_wala_farm'

2018-11-29 10:52:00 - [MESSAGE][PASSED] - Text 'Farm 2' is set on object 'Object Repository/Backoffice/match_mgmt/wala_details/input_wala_farm'

2018-11-29 10:52:00 - [TEST_STEP][PASSED] - setText: Text 'Breed 2' is set on object 'Object Repository/Backoffice/match_mgmt/wala_details/input_wala_breed'

2018-11-29 10:52:00 - [MESSAGE][PASSED] - Text 'Breed 2' is set on object 'Object Repository/Backoffice/match_mgmt/wala_details/input_wala_breed'

2018-11-29 10:52:00 - [TEST_STEP][PASSED] - setText: Text 'Weight 2' is set on object 'Object Repository/Backoffice/match_mgmt/wala_details/input_wala_weight'

2018-11-29 10:52:01 - [MESSAGE][PASSED] - Text 'Weight 2' is set on object 'Object Repository/Backoffice/match_mgmt/wala_details/input_wala_weight'

2018-11-29 10:52:01 - [TEST_STEP][PASSED] - click: Object: 'Object Repository/Backoffice/match_mgmt/input_submit_match' is clicked on

2018-11-29 10:52:04 - [MESSAGE][PASSED] - Object: 'Object Repository/Backoffice/match_mgmt/input_submit_match' is clicked on

2018-11-29 10:52:04 - [TEST_STEP][PASSED] - delay: Delayed 1 second(s)

2018-11-29 10:52:05 - [MESSAGE][PASSED] - Delayed 1 second(s)

2018-11-29 10:52:05 - [TEST_STEP][PASSED] - click: Object: 'Object Repository/Backoffice/match_mgmt/button_create_match' is clicked on

2018-11-29 10:52:05 - [MESSAGE][PASSED] - Object: 'Object Repository/Backoffice/match_mgmt/button_create_match' is clicked on

2018-11-29 10:52:05 - [TEST_STEP][PASSED] - delay: Delayed 1 second(s)

2018-11-29 10:52:06 - [MESSAGE][PASSED] - Delayed 1 second(s)

2018-11-29 10:52:06 - [TEST_STEP][PASSED] - click: Object: 'Object Repository/Backoffice/match_mgmt/span_select_arena_name' is clicked on

2018-11-29 10:52:07 - [MESSAGE][PASSED] - Object: 'Object Repository/Backoffice/match_mgmt/span_select_arena_name' is clicked on

2018-11-29 10:52:07 - [TEST_STEP][PASSED] - setText: Text 'ALIXANDRA SPORTS COMPLEX - ASC' is set on object 'Object Repository/Backoffice/match_mgmt/input__select2-search__arena_name'

2018-11-29 10:52:09 - [MESSAGE][PASSED] - Text 'ALIXANDRA SPORTS COMPLEX - ASC' is set on object 'Object Repository/Backoffice/match_mgmt/input__select2-search__arena_name'

2018-11-29 10:52:09 - [TEST_STEP][PASSED] - sendKeys: Keys 'ENTER + ' sent to object: 'Object Repository/Backoffice/match_mgmt/input__select2-search__arena_name'

2018-11-29 10:52:09 - [MESSAGE][PASSED] - Keys 'ENTER + ' sent to object: 'Object Repository/Backoffice/match_mgmt/input__select2-search__arena_name'

2018-11-29 10:52:09 - [TEST_STEP][PASSED] - setText: Text 'AA' is set on object 'Object Repository/Backoffice/match_mgmt/meron_details/input_meron_name'

2018-11-29 10:52:09 - [MESSAGE][PASSED] - Text 'AA' is set on object 'Object Repository/Backoffice/match_mgmt/meron_details/input_meron_name'

2018-11-29 10:52:09 - [TEST_STEP][PASSED] - setText: Text 'Farm 1' is set on object 'Object Repository/Backoffice/match_mgmt/meron_details/input_meron_farm'

2018-11-29 10:52:10 - [MESSAGE][PASSED] - Text 'Farm 1' is set on object 'Object Repository/Backoffice/match_mgmt/meron_details/input_meron_farm'

2018-11-29 10:52:10 - [TEST_STEP][PASSED] - setText: Text 'Breed 1' is set on object 'Object Repository/Backoffice/match_mgmt/meron_details/input_meron_breed'

2018-11-29 10:52:10 - [MESSAGE][PASSED] - Text 'Breed 1' is set on object 'Object Repository/Backoffice/match_mgmt/meron_details/input_meron_breed'

2018-11-29 10:52:10 - [TEST_STEP][PASSED] - setText: Text 'Weight 1' is set on object 'Object Repository/Backoffice/match_mgmt/meron_details/input_meron_weight'

2018-11-29 10:52:10 - [MESSAGE][PASSED] - Text 'Weight 1' is set on object 'Object Repository/Backoffice/match_mgmt/meron_details/input_meron_weight'

2018-11-29 10:52:10 - [TEST_STEP][PASSED] - setText: Text 'BB' is set on object 'Object Repository/Backoffice/match_mgmt/wala_details/input_wala_name'

2018-11-29 10:52:11 - [MESSAGE][PASSED] - Text 'BB' is set on object 'Object Repository/Backoffice/match_mgmt/wala_details/input_wala_name'

2018-11-29 10:52:11 - [TEST_STEP][PASSED] - setText: Text 'Farm 2' is set on object 'Object Repository/Backoffice/match_mgmt/wala_details/input_wala_farm'

2018-11-29 10:52:11 - [MESSAGE][PASSED] - Text 'Farm 2' is set on object 'Object Repository/Backoffice/match_mgmt/wala_details/input_wala_farm'

2018-11-29 10:52:11 - [TEST_STEP][PASSED] - setText: Text 'Breed 2' is set on object 'Object Repository/Backoffice/match_mgmt/wala_details/input_wala_breed'

2018-11-29 10:52:12 - [MESSAGE][PASSED] - Text 'Breed 2' is set on object 'Object Repository/Backoffice/match_mgmt/wala_details/input_wala_breed'

2018-11-29 10:52:12 - [TEST_STEP][PASSED] - setText: Text 'Weight 2' is set on object 'Object Repository/Backoffice/match_mgmt/wala_details/input_wala_weight'

2018-11-29 10:52:12 - [MESSAGE][PASSED] - Text 'Weight 2' is set on object 'Object Repository/Backoffice/match_mgmt/wala_details/input_wala_weight'

2018-11-29 10:52:12 - [TEST_STEP][PASSED] - click: Object: 'Object Repository/Backoffice/match_mgmt/input_submit_match' is clicked on

2018-11-29 10:52:15 - [MESSAGE][PASSED] - Object: 'Object Repository/Backoffice/match_mgmt/input_submit_match' is clicked on

2018-11-29 10:52:15 - [TEST_STEP][PASSED] - delay: Delayed 1 second(s)

2018-11-29 10:52:16 - [MESSAGE][PASSED] - Delayed 1 second(s)

2018-11-29 10:52:16 - [TEST_STEP][PASSED] - click: Object: 'Object Repository/Backoffice/match_mgmt/button_create_match' is clicked on

2018-11-29 10:52:16 - [MESSAGE][PASSED] - Object: 'Object Repository/Backoffice/match_mgmt/button_create_match' is clicked on

2018-11-29 10:52:16 - [TEST_STEP][PASSED] - delay: Delayed 1 second(s)

2018-11-29 10:52:17 - [MESSAGE][PASSED] - Delayed 1 second(s)

2018-11-29 10:52:17 - [TEST_STEP][PASSED] - click: Object: 'Object Repository/Backoffice/match_mgmt/span_select_arena_name' is clicked on

2018-11-29 10:52:18 - [MESSAGE][PASSED] - Object: 'Object Repository/Backoffice/match_mgmt/span_select_arena_name' is clicked on

2018-11-29 10:52:18 - [TEST_STEP][PASSED] - setText: Text 'ALIXANDRA SPORTS COMPLEX - ASC' is set on object 'Object Repository/Backoffice/match_mgmt/input__select2-search__arena_name'

2018-11-29 10:52:20 - [MESSAGE][PASSED] - Text 'ALIXANDRA SPORTS COMPLEX - ASC' is set on object 'Object Repository/Backoffice/match_mgmt/input__select2-search__arena_name'

2018-11-29 10:52:20 - [TEST_STEP][PASSED] - sendKeys: Keys 'ENTER + ' sent to object: 'Object Repository/Backoffice/match_mgmt/input__select2-search__arena_name'

2018-11-29 10:52:20 - [MESSAGE][PASSED] - Keys 'ENTER + ' sent to object: 'Object Repository/Backoffice/match_mgmt/input__select2-search__arena_name'

2018-11-29 10:52:20 - [TEST_STEP][PASSED] - setText: Text 'AA' is set on object 'Object Repository/Backoffice/match_mgmt/meron_details/input_meron_name'

2018-11-29 10:52:20 - [MESSAGE][PASSED] - Text 'AA' is set on object 'Object Repository/Backoffice/match_mgmt/meron_details/input_meron_name'

2018-11-29 10:52:20 - [TEST_STEP][PASSED] - setText: Text 'Farm 1' is set on object 'Object Repository/Backoffice/match_mgmt/meron_details/input_meron_farm'

2018-11-29 10:52:21 - [MESSAGE][PASSED] - Text 'Farm 1' is set on object 'Object Repository/Backoffice/match_mgmt/meron_details/input_meron_farm'

2018-11-29 10:52:21 - [TEST_STEP][PASSED] - setText: Text 'Breed 1' is set on object 'Object Repository/Backoffice/match_mgmt/meron_details/input_meron_breed'

2018-11-29 10:52:21 - [MESSAGE][PASSED] - Text 'Breed 1' is set on object 'Object Repository/Backoffice/match_mgmt/meron_details/input_meron_breed'

2018-11-29 10:52:21 - [TEST_STEP][PASSED] - setText: Text 'Weight 1' is set on object 'Object Repository/Backoffice/match_mgmt/meron_details/input_meron_weight'

2018-11-29 10:52:21 - [MESSAGE][PASSED] - Text 'Weight 1' is set on object 'Object Repository/Backoffice/match_mgmt/meron_details/input_meron_weight'

2018-11-29 10:52:21 - [TEST_STEP][PASSED] - setText: Text 'BB' is set on object 'Object Repository/Backoffice/match_mgmt/wala_details/input_wala_name'

2018-11-29 10:52:22 - [MESSAGE][PASSED] - Text 'BB' is set on object 'Object Repository/Backoffice/match_mgmt/wala_details/input_wala_name'

2018-11-29 10:52:22 - [TEST_STEP][PASSED] - setText: Text 'Farm 2' is set on object 'Object Repository/Backoffice/match_mgmt/wala_details/input_wala_farm'

2018-11-29 10:52:22 - [MESSAGE][PASSED] - Text 'Farm 2' is set on object 'Object Repository/Backoffice/match_mgmt/wala_details/input_wala_farm'

2018-11-29 10:52:22 - [TEST_STEP][PASSED] - setText: Text 'Breed 2' is set on object 'Object Repository/Backoffice/match_mgmt/wala_details/input_wala_breed'

2018-11-29 10:52:23 - [MESSAGE][PASSED] - Text 'Breed 2' is set on object 'Object Repository/Backoffice/match_mgmt/wala_details/input_wala_breed'

2018-11-29 10:52:23 - [TEST_STEP][PASSED] - setText: Text 'Weight 2' is set on object 'Object Repository/Backoffice/match_mgmt/wala_details/input_wala_weight'

2018-11-29 10:52:23 - [MESSAGE][PASSED] - Text 'Weight 2' is set on object 'Object Repository/Backoffice/match_mgmt/wala_details/input_wala_weight'

2018-11-29 10:52:23 - [TEST_STEP][PASSED] - click: Object: 'Object Repository/Backoffice/match_mgmt/input_submit_match' is clicked on

2018-11-29 10:52:25 - [MESSAGE][PASSED] - Object: 'Object Repository/Backoffice/match_mgmt/input_submit_match' is clicked on

2018-11-29 10:52:25 - [TEST_STEP][PASSED] - delay: Delayed 1 second(s)

2018-11-29 10:52:26 - [MESSAGE][PASSED] - Delayed 1 second(s)

2018-11-29 10:52:26 - [TEST_STEP][PASSED] - click: Object: 'Object Repository/Backoffice/match_mgmt/button_create_match' is clicked on

2018-11-29 10:52:27 - [MESSAGE][PASSED] - Object: 'Object Repository/Backoffice/match_mgmt/button_create_match' is clicked on

2018-11-29 10:52:27 - [TEST_STEP][PASSED] - delay: Delayed 1 second(s)

2018-11-29 10:52:28 - [MESSAGE][PASSED] - Delayed 1 second(s)

2018-11-29 10:52:28 - [TEST_STEP][PASSED] - click: Object: 'Object Repository/Backoffice/match_mgmt/span_select_arena_name' is clicked on

2018-11-29 10:52:28 - [MESSAGE][PASSED] - Object: 'Object Repository/Backoffice/match_mgmt/span_select_arena_name' is clicked on

2018-11-29 10:52:28 - [TEST_STEP][PASSED] - setText: Text 'ALIXANDRA SPORTS COMPLEX - ASC' is set on object 'Object Repository/Backoffice/match_mgmt/input__select2-search__arena_name'

2018-11-29 10:52:30 - [MESSAGE][PASSED] - Text 'ALIXANDRA SPORTS COMPLEX - ASC' is set on object 'Object Repository/Backoffice/match_mgmt/input__select2-search__arena_name'

2018-11-29 10:52:30 - [TEST_STEP][PASSED] - sendKeys: Keys 'ENTER + ' sent to object: 'Object Repository/Backoffice/match_mgmt/input__select2-search__arena_name'

2018-11-29 10:52:30 - [MESSAGE][PASSED] - Keys 'ENTER + ' sent to object: 'Object Repository/Backoffice/match_mgmt/input__select2-search__arena_name'

2018-11-29 10:52:30 - [TEST_STEP][PASSED] - setText: Text 'AA' is set on object 'Object Repository/Backoffice/match_mgmt/meron_details/input_meron_name'

2018-11-29 10:52:30 - [MESSAGE][PASSED] - Text 'AA' is set on object 'Object Repository/Backoffice/match_mgmt/meron_details/input_meron_name'

2018-11-29 10:52:30 - [TEST_STEP][PASSED] - setText: Text 'Farm 1' is set on object 'Object Repository/Backoffice/match_mgmt/meron_details/input_meron_farm'

2018-11-29 10:52:31 - [MESSAGE][PASSED] - Text 'Farm 1' is set on object 'Object Repository/Backoffice/match_mgmt/meron_details/input_meron_farm'

2018-11-29 10:52:31 - [TEST_STEP][PASSED] - setText: Text 'Breed 1' is set on object 'Object Repository/Backoffice/match_mgmt/meron_details/input_meron_breed'

2018-11-29 10:52:31 - [MESSAGE][PASSED] - Text 'Breed 1' is set on object 'Object Repository/Backoffice/match_mgmt/meron_details/input_meron_breed'

2018-11-29 10:52:31 - [TEST_STEP][PASSED] - setText: Text 'Weight 1' is set on object 'Object Repository/Backoffice/match_mgmt/meron_details/input_meron_weight'

2018-11-29 10:52:31 - [MESSAGE][PASSED] - Text 'Weight 1' is set on object 'Object Repository/Backoffice/match_mgmt/meron_details/input_meron_weight'

2018-11-29 10:52:31 - [TEST_STEP][PASSED] - setText: Text 'BB' is set on object 'Object Repository/Backoffice/match_mgmt/wala_details/input_wala_name'

2018-11-29 10:52:32 - [MESSAGE][PASSED] - Text 'BB' is set on object 'Object Repository/Backoffice/match_mgmt/wala_details/input_wala_name'

2018-11-29 10:52:32 - [TEST_STEP][PASSED] - setText: Text 'Farm 2' is set on object 'Object Repository/Backoffice/match_mgmt/wala_details/input_wala_farm'

2018-11-29 10:52:32 - [MESSAGE][PASSED] - Text 'Farm 2' is set on object 'Object Repository/Backoffice/match_mgmt/wala_details/input_wala_farm'

2018-11-29 10:52:32 - [TEST_STEP][PASSED] - setText: Text 'Breed 2' is set on object 'Object Repository/Backoffice/match_mgmt/wala_details/input_wala_breed'

2018-11-29 10:52:33 - [MESSAGE][PASSED] - Text 'Breed 2' is set on object 'Object Repository/Backoffice/match_mgmt/wala_details/input_wala_breed'

2018-11-29 10:52:33 - [TEST_STEP][PASSED] - setText: Text 'Weight 2' is set on object 'Object Repository/Backoffice/match_mgmt/wala_details/input_wala_weight'

2018-11-29 10:52:33 - [MESSAGE][PASSED] - Text 'Weight 2' is set on object 'Object Repository/Backoffice/match_mgmt/wala_details/input_wala_weight'

2018-11-29 10:52:33 - [TEST_STEP][PASSED] - click: Object: 'Object Repository/Backoffice/match_mgmt/input_submit_match' is clicked on

2018-11-29 10:52:36 - [MESSAGE][PASSED] - Object: 'Object Repository/Backoffice/match_mgmt/input_submit_match' is clicked on

2018-11-29 10:52:36 - [TEST_STEP][PASSED] - delay: Delayed 1 second(s)

2018-11-29 10:52:37 - [MESSAGE][PASSED] - Delayed 1 second(s)

2018-11-29 10:52:37 - [TEST_STEP][PASSED] - click: Object: 'Object Repository/Backoffice/match_mgmt/button_create_match' is clicked on

2018-11-29 10:52:37 - [MESSAGE][PASSED] - Object: 'Object Repository/Backoffice/match_mgmt/button_create_match' is clicked on

2018-11-29 10:52:37 - [TEST_STEP][PASSED] - delay: Delayed 1 second(s)

2018-11-29 10:52:38 - [MESSAGE][PASSED] - Delayed 1 second(s)

2018-11-29 10:52:38 - [TEST_STEP][PASSED] - click: Object: 'Object Repository/Backoffice/match_mgmt/span_select_arena_name' is clicked on

2018-11-29 10:52:39 - [MESSAGE][PASSED] - Object: 'Object Repository/Backoffice/match_mgmt/span_select_arena_name' is clicked on

2018-11-29 10:52:39 - [TEST_STEP][PASSED] - setText: Text 'ALIXANDRA SPORTS COMPLEX - ASC' is set on object 'Object Repository/Backoffice/match_mgmt/input__select2-search__arena_name'

2018-11-29 10:52:41 - [MESSAGE][PASSED] - Text 'ALIXANDRA SPORTS COMPLEX - ASC' is set on object 'Object Repository/Backoffice/match_mgmt/input__select2-search__arena_name'

2018-11-29 10:52:41 - [TEST_STEP][PASSED] - sendKeys: Keys 'ENTER + ' sent to object: 'Object Repository/Backoffice/match_mgmt/input__select2-search__arena_name'

2018-11-29 10:52:41 - [MESSAGE][PASSED] - Keys 'ENTER + ' sent to object: 'Object Repository/Backoffice/match_mgmt/input__select2-search__arena_name'

2018-11-29 10:52:41 - [TEST_STEP][PASSED] - setText: Text 'AA' is set on object 'Object Repository/Backoffice/match_mgmt/meron_details/input_meron_name'

2018-11-29 10:52:41 - [MESSAGE][PASSED] - Text 'AA' is set on object 'Object Repository/Backoffice/match_mgmt/meron_details/input_meron_name'

2018-11-29 10:52:41 - [TEST_STEP][PASSED] - setText: Text 'Farm 1' is set on object 'Object Repository/Backoffice/match_mgmt/meron_details/input_meron_farm'

2018-11-29 10:52:41 - [MESSAGE][PASSED] - Text 'Farm 1' is set on object 'Object Repository/Backoffice/match_mgmt/meron_details/input_meron_farm'

2018-11-29 10:52:41 - [TEST_STEP][PASSED] - setText: Text 'Breed 1' is set on object 'Object Repository/Backoffice/match_mgmt/meron_details/input_meron_breed'

2018-11-29 10:52:42 - [MESSAGE][PASSED] - Text 'Breed 1' is set on object 'Object Repository/Backoffice/match_mgmt/meron_details/input_meron_breed'

2018-11-29 10:52:42 - [TEST_STEP][PASSED] - setText: Text 'Weight 1' is set on object 'Object Repository/Backoffice/match_mgmt/meron_details/input_meron_weight'

2018-11-29 10:52:42 - [MESSAGE][PASSED] - Text 'Weight 1' is set on object 'Object Repository/Backoffice/match_mgmt/meron_details/input_meron_weight'

2018-11-29 10:52:42 - [TEST_STEP][PASSED] - setText: Text 'BB' is set on object 'Object Repository/Backoffice/match_mgmt/wala_details/input_wala_name'

2018-11-29 10:52:43 - [MESSAGE][PASSED] - Text 'BB' is set on object 'Object Repository/Backoffice/match_mgmt/wala_details/input_wala_name'

2018-11-29 10:52:43 - [TEST_STEP][PASSED] - setText: Text 'Farm 2' is set on object 'Object Repository/Backoffice/match_mgmt/wala_details/input_wala_farm'

2018-11-29 10:52:43 - [MESSAGE][PASSED] - Text 'Farm 2' is set on object 'Object Repository/Backoffice/match_mgmt/wala_details/input_wala_farm'

2018-11-29 10:52:43 - [TEST_STEP][PASSED] - setText: Text 'Breed 2' is set on object 'Object Repository/Backoffice/match_mgmt/wala_details/input_wala_breed'

2018-11-29 10:52:43 - [MESSAGE][PASSED] - Text 'Breed 2' is set on object 'Object Repository/Backoffice/match_mgmt/wala_details/input_wala_breed'

2018-11-29 10:52:43 - [TEST_STEP][PASSED] - setText: Text 'Weight 2' is set on object 'Object Repository/Backoffice/match_mgmt/wala_details/input_wala_weight'

2018-11-29 10:52:44 - [MESSAGE][PASSED] - Text 'Weight 2' is set on object 'Object Repository/Backoffice/match_mgmt/wala_details/input_wala_weight'

2018-11-29 10:52:44 - [TEST_STEP][PASSED] - click: Object: 'Object Repository/Backoffice/match_mgmt/input_submit_match' is clicked on

2018-11-29 10:52:47 - [MESSAGE][PASSED] - Object: 'Object Repository/Backoffice/match_mgmt/input_submit_match' is clicked on

2018-11-29 10:52:47 - [TEST_STEP][PASSED] - delay: Delayed 1 second(s)

2018-11-29 10:52:48 - [MESSAGE][PASSED] - Delayed 1 second(s)

2018-11-29 10:52:48 - [TEST_STEP][PASSED] - click: Object: 'Object Repository/Backoffice/match_mgmt/button_create_match' is clicked on

2018-11-29 10:52:48 - [MESSAGE][PASSED] - Object: 'Object Repository/Backoffice/match_mgmt/button_create_match' is clicked on

2018-11-29 10:52:48 - [TEST_STEP][PASSED] - delay: Delayed 1 second(s)

2018-11-29 10:52:49 - [MESSAGE][PASSED] - Delayed 1 second(s)

2018-11-29 10:52:49 - [TEST_STEP][PASSED] - click: Object: 'Object Repository/Backoffice/match_mgmt/span_select_arena_name' is clicked on

2018-11-29 10:52:49 - [MESSAGE][PASSED] - Object: 'Object Repository/Backoffice/match_mgmt/span_select_arena_name' is clicked on

2018-11-29 10:52:49 - [TEST_STEP][PASSED] - setText: Text 'ALIXANDRA SPORTS COMPLEX - ASC' is set on object 'Object Repository/Backoffice/match_mgmt/input__select2-search__arena_name'

2018-11-29 10:52:51 - [MESSAGE][PASSED] - Text 'ALIXANDRA SPORTS COMPLEX - ASC' is set on object 'Object Repository/Backoffice/match_mgmt/input__select2-search__arena_name'

2018-11-29 10:52:51 - [TEST_STEP][PASSED] - sendKeys: Keys 'ENTER + ' sent to object: 'Object Repository/Backoffice/match_mgmt/input__select2-search__arena_name'

2018-11-29 10:52:51 - [MESSAGE][PASSED] - Keys 'ENTER + ' sent to object: 'Object Repository/Backoffice/match_mgmt/input__select2-search__arena_name'

2018-11-29 10:52:51 - [TEST_STEP][PASSED] - setText: Text 'AA' is set on object 'Object Repository/Backoffice/match_mgmt/meron_details/input_meron_name'

2018-11-29 10:52:52 - [MESSAGE][PASSED] - Text 'AA' is set on object 'Object Repository/Backoffice/match_mgmt/meron_details/input_meron_name'

2018-11-29 10:52:52 - [TEST_STEP][PASSED] - setText: Text 'Farm 1' is set on object 'Object Repository/Backoffice/match_mgmt/meron_details/input_meron_farm'

2018-11-29 10:52:52 - [MESSAGE][PASSED] - Text 'Farm 1' is set on object 'Object Repository/Backoffice/match_mgmt/meron_details/input_meron_farm'

2018-11-29 10:52:52 - [TEST_STEP][PASSED] - setText: Text 'Breed 1' is set on object 'Object Repository/Backoffice/match_mgmt/meron_details/input_meron_breed'

2018-11-29 10:52:53 - [MESSAGE][PASSED] - Text 'Breed 1' is set on object 'Object Repository/Backoffice/match_mgmt/meron_details/input_meron_breed'

2018-11-29 10:52:53 - [TEST_STEP][PASSED] - setText: Text 'Weight 1' is set on object 'Object Repository/Backoffice/match_mgmt/meron_details/input_meron_weight'

2018-11-29 10:52:53 - [MESSAGE][PASSED] - Text 'Weight 1' is set on object 'Object Repository/Backoffice/match_mgmt/meron_details/input_meron_weight'

2018-11-29 10:52:53 - [TEST_STEP][PASSED] - setText: Text 'BB' is set on object 'Object Repository/Backoffice/match_mgmt/wala_details/input_wala_name'

2018-11-29 10:52:53 - [MESSAGE][PASSED] - Text 'BB' is set on object 'Object Repository/Backoffice/match_mgmt/wala_details/input_wala_name'

2018-11-29 10:52:53 - [TEST_STEP][PASSED] - setText: Text 'Farm 2' is set on object 'Object Repository/Backoffice/match_mgmt/wala_details/input_wala_farm'

2018-11-29 10:52:54 - [MESSAGE][PASSED] - Text 'Farm 2' is set on object 'Object Repository/Backoffice/match_mgmt/wala_details/input_wala_farm'

2018-11-29 10:52:54 - [TEST_STEP][PASSED] - setText: Text 'Breed 2' is set on object 'Object Repository/Backoffice/match_mgmt/wala_details/input_wala_breed'

2018-11-29 10:52:54 - [MESSAGE][PASSED] - Text 'Breed 2' is set on object 'Object Repository/Backoffice/match_mgmt/wala_details/input_wala_breed'

2018-11-29 10:52:54 - [TEST_STEP][PASSED] - setText: Text 'Weight 2' is set on object 'Object Repository/Backoffice/match_mgmt/wala_details/input_wala_weight'

2018-11-29 10:52:54 - [MESSAGE][PASSED] - Text 'Weight 2' is set on object 'Object Repository/Backoffice/match_mgmt/wala_details/input_wala_weight'

2018-11-29 10:52:54 - [TEST_STEP][PASSED] - click: Object: 'Object Repository/Backoffice/match_mgmt/input_submit_match' is clicked on

2018-11-29 10:52:58 - [MESSAGE][PASSED] - Object: 'Object Repository/Backoffice/match_mgmt/input_submit_match' is clicked on

2018-11-29 10:52:58 - [TEST_STEP][PASSED] - delay: Delayed 1 second(s)

2018-11-29 10:52:59 - [MESSAGE][PASSED] - Delayed 1 second(s)

2018-11-29 10:52:59 - [TEST_STEP][PASSED] - click: Object: 'Object Repository/Backoffice/match_mgmt/button_create_match' is clicked on

2018-11-29 10:52:59 - [MESSAGE][PASSED] - Object: 'Object Repository/Backoffice/match_mgmt/button_create_match' is clicked on

2018-11-29 10:52:59 - [TEST_STEP][PASSED] - delay: Delayed 1 second(s)

2018-11-29 10:53:00 - [MESSAGE][PASSED] - Delayed 1 second(s)

2018-11-29 10:53:00 - [TEST_STEP][PASSED] - click: Object: 'Object Repository/Backoffice/match_mgmt/span_select_arena_name' is clicked on

2018-11-29 10:53:00 - [MESSAGE][PASSED] - Object: 'Object Repository/Backoffice/match_mgmt/span_select_arena_name' is clicked on

2018-11-29 10:53:00 - [TEST_STEP][PASSED] - setText: Text 'ALIXANDRA SPORTS COMPLEX - ASC' is set on object 'Object Repository/Backoffice/match_mgmt/input__select2-search__arena_name'

2018-11-29 10:53:02 - [MESSAGE][PASSED] - Text 'ALIXANDRA SPORTS COMPLEX - ASC' is set on object 'Object Repository/Backoffice/match_mgmt/input__select2-search__arena_name'

2018-11-29 10:53:02 - [TEST_STEP][PASSED] - sendKeys: Keys 'ENTER + ' sent to object: 'Object Repository/Backoffice/match_mgmt/input__select2-search__arena_name'

2018-11-29 10:53:02 - [MESSAGE][PASSED] - Keys 'ENTER + ' sent to object: 'Object Repository/Backoffice/match_mgmt/input__select2-search__arena_name'

2018-11-29 10:53:02 - [TEST_STEP][PASSED] - setText: Text 'AA' is set on object 'Object Repository/Backoffice/match_mgmt/meron_details/input_meron_name'

2018-11-29 10:53:03 - [MESSAGE][PASSED] - Text 'AA' is set on object 'Object Repository/Backoffice/match_mgmt/meron_details/input_meron_name'

2018-11-29 10:53:03 - [TEST_STEP][PASSED] - setText: Text 'Farm 1' is set on object 'Object Repository/Backoffice/match_mgmt/meron_details/input_meron_farm'

2018-11-29 10:53:03 - [MESSAGE][PASSED] - Text 'Farm 1' is set on object 'Object Repository/Backoffice/match_mgmt/meron_details/input_meron_farm'

2018-11-29 10:53:03 - [TEST_STEP][PASSED] - setText: Text 'Breed 1' is set on object 'Object Repository/Backoffice/match_mgmt/meron_details/input_meron_breed'

2018-11-29 10:53:03 - [MESSAGE][PASSED] - Text 'Breed 1' is set on object 'Object Repository/Backoffice/match_mgmt/meron_details/input_meron_breed'

2018-11-29 10:53:03 - [TEST_STEP][PASSED] - setText: Text 'Weight 1' is set on object 'Object Repository/Backoffice/match_mgmt/meron_details/input_meron_weight'

2018-11-29 10:53:03 - [MESSAGE][PASSED] - Text 'Weight 1' is set on object 'Object Repository/Backoffice/match_mgmt/meron_details/input_meron_weight'

2018-11-29 10:53:03 - [TEST_STEP][PASSED] - setText: Text 'BB' is set on object 'Object Repository/Backoffice/match_mgmt/wala_details/input_wala_name'

2018-11-29 10:53:03 - [MESSAGE][PASSED] - Text 'BB' is set on object 'Object Repository/Backoffice/match_mgmt/wala_details/input_wala_name'

2018-11-29 10:53:03 - [TEST_STEP][PASSED] - setText: Text 'Farm 2' is set on object 'Object Repository/Backoffice/match_mgmt/wala_details/input_wala_farm'

2018-11-29 10:53:04 - [MESSAGE][PASSED] - Text 'Farm 2' is set on object 'Object Repository/Backoffice/match_mgmt/wala_details/input_wala_farm'

2018-11-29 10:53:04 - [TEST_STEP][PASSED] - setText: Text 'Breed 2' is set on object 'Object Repository/Backoffice/match_mgmt/wala_details/input_wala_breed'

2018-11-29 10:53:04 - [MESSAGE][PASSED] - Text 'Breed 2' is set on object 'Object Repository/Backoffice/match_mgmt/wala_details/input_wala_breed'

2018-11-29 10:53:04 - [TEST_STEP][PASSED] - setText: Text 'Weight 2' is set on object 'Object Repository/Backoffice/match_mgmt/wala_details/input_wala_weight'

2018-11-29 10:53:04 - [MESSAGE][PASSED] - Text 'Weight 2' is set on object 'Object Repository/Backoffice/match_mgmt/wala_details/input_wala_weight'

2018-11-29 10:53:04 - [TEST_STEP][PASSED] - click: Object: 'Object Repository/Backoffice/match_mgmt/input_submit_match' is clicked on

2018-11-29 10:53:07 - [MESSAGE][PASSED] - Object: 'Object Repository/Backoffice/match_mgmt/input_submit_match' is clicked on

2018-11-29 10:53:07 - [TEST_STEP][PASSED] - delay: Delayed 1 second(s)

2018-11-29 10:53:08 - [MESSAGE][PASSED] - Delayed 1 second(s)

2018-11-29 10:53:08 - [TEST_STEP][PASSED] - click: Object: 'Object Repository/Backoffice/match_mgmt/button_create_match' is clicked on

2018-11-29 10:53:08 - [MESSAGE][PASSED] - Object: 'Object Repository/Backoffice/match_mgmt/button_create_match' is clicked on

2018-11-29 10:53:08 - [TEST_STEP][PASSED] - delay: Delayed 1 second(s)

2018-11-29 10:53:09 - [MESSAGE][PASSED] - Delayed 1 second(s)

2018-11-29 10:53:09 - [TEST_STEP][PASSED] - click: Object: 'Object Repository/Backoffice/match_mgmt/span_select_arena_name' is clicked on

2018-11-29 10:53:10 - [MESSAGE][PASSED] - Object: 'Object Repository/Backoffice/match_mgmt/span_select_arena_name' is clicked on

2018-11-29 10:53:10 - [TEST_STEP][PASSED] - setText: Text 'ALIXANDRA SPORTS COMPLEX - ASC' is set on object 'Object Repository/Backoffice/match_mgmt/input__select2-search__arena_name'

2018-11-29 10:53:11 - [MESSAGE][PASSED] - Text 'ALIXANDRA SPORTS COMPLEX - ASC' is set on object 'Object Repository/Backoffice/match_mgmt/input__select2-search__arena_name'

2018-11-29 10:53:11 - [TEST_STEP][PASSED] - sendKeys: Keys 'ENTER + ' sent to object: 'Object Repository/Backoffice/match_mgmt/input__select2-search__arena_name'

2018-11-29 10:53:12 - [MESSAGE][PASSED] - Keys 'ENTER + ' sent to object: 'Object Repository/Backoffice/match_mgmt/input__select2-search__arena_name'

2018-11-29 10:53:12 - [TEST_STEP][PASSED] - setText: Text 'AA' is set on object 'Object Repository/Backoffice/match_mgmt/meron_details/input_meron_name'

2018-11-29 10:53:12 - [MESSAGE][PASSED] - Text 'AA' is set on object 'Object Repository/Backoffice/match_mgmt/meron_details/input_meron_name'

2018-11-29 10:53:12 - [TEST_STEP][PASSED] - setText: Text 'Farm 1' is set on object 'Object Repository/Backoffice/match_mgmt/meron_details/input_meron_farm'

2018-11-29 10:53:12 - [MESSAGE][PASSED] - Text 'Farm 1' is set on object 'Object Repository/Backoffice/match_mgmt/meron_details/input_meron_farm'

2018-11-29 10:53:12 - [TEST_STEP][PASSED] - setText: Text 'Breed 1' is set on object 'Object Repository/Backoffice/match_mgmt/meron_details/input_meron_breed'

2018-11-29 10:53:13 - [MESSAGE][PASSED] - Text 'Breed 1' is set on object 'Object Repository/Backoffice/match_mgmt/meron_details/input_meron_breed'

2018-11-29 10:53:13 - [TEST_STEP][PASSED] - setText: Text 'Weight 1' is set on object 'Object Repository/Backoffice/match_mgmt/meron_details/input_meron_weight'

2018-11-29 10:53:13 - [MESSAGE][PASSED] - Text 'Weight 1' is set on object 'Object Repository/Backoffice/match_mgmt/meron_details/input_meron_weight'

2018-11-29 10:53:13 - [TEST_STEP][PASSED] - setText: Text 'BB' is set on object 'Object Repository/Backoffice/match_mgmt/wala_details/input_wala_name'

2018-11-29 10:53:13 - [MESSAGE][PASSED] - Text 'BB' is set on object 'Object Repository/Backoffice/match_mgmt/wala_details/input_wala_name'

2018-11-29 10:53:13 - [TEST_STEP][PASSED] - setText: Text 'Farm 2' is set on object 'Object Repository/Backoffice/match_mgmt/wala_details/input_wala_farm'

2018-11-29 10:53:14 - [MESSAGE][PASSED] - Text 'Farm 2' is set on object 'Object Repository/Backoffice/match_mgmt/wala_details/input_wala_farm'

2018-11-29 10:53:14 - [TEST_STEP][PASSED] - setText: Text 'Breed 2' is set on object 'Object Repository/Backoffice/match_mgmt/wala_details/input_wala_breed'

2018-11-29 10:53:14 - [MESSAGE][PASSED] - Text 'Breed 2' is set on object 'Object Repository/Backoffice/match_mgmt/wala_details/input_wala_breed'

2018-11-29 10:53:14 - [TEST_STEP][PASSED] - setText: Text 'Weight 2' is set on object 'Object Repository/Backoffice/match_mgmt/wala_details/input_wala_weight'

2018-11-29 10:53:15 - [MESSAGE][PASSED] - Text 'Weight 2' is set on object 'Object Repository/Backoffice/match_mgmt/wala_details/input_wala_weight'

2018-11-29 10:53:15 - [TEST_STEP][PASSED] - click: Object: 'Object Repository/Backoffice/match_mgmt/input_submit_match' is clicked on

2018-11-29 10:53:17 - [MESSAGE][PASSED] - Object: 'Object Repository/Backoffice/match_mgmt/input_submit_match' is clicked on

2018-11-29 10:53:17 - [TEST_STEP][PASSED] - delay: Delayed 1 second(s)

2018-11-29 10:53:18 - [MESSAGE][PASSED] - Delayed 1 second(s)

2018-11-29 10:53:18 - [TEST_STEP][PASSED] - click: Object: 'Object Repository/Backoffice/match_mgmt/button_create_match' is clicked on

2018-11-29 10:53:18 - [MESSAGE][PASSED] - Object: 'Object Repository/Backoffice/match_mgmt/button_create_match' is clicked on

2018-11-29 10:53:18 - [TEST_STEP][PASSED] - delay: Delayed 1 second(s)

2018-11-29 10:53:19 - [MESSAGE][PASSED] - Delayed 1 second(s)

2018-11-29 10:53:19 - [TEST_STEP][PASSED] - click: Object: 'Object Repository/Backoffice/match_mgmt/span_select_arena_name' is clicked on

2018-11-29 10:53:20 - [MESSAGE][PASSED] - Object: 'Object Repository/Backoffice/match_mgmt/span_select_arena_name' is clicked on

2018-11-29 10:53:20 - [TEST_STEP][PASSED] - setText: Text 'ALIXANDRA SPORTS COMPLEX - ASC' is set on object 'Object Repository/Backoffice/match_mgmt/input__select2-search__arena_name'

2018-11-29 10:53:21 - [MESSAGE][PASSED] - Text 'ALIXANDRA SPORTS COMPLEX - ASC' is set on object 'Object Repository/Backoffice/match_mgmt/input__select2-search__arena_name'

2018-11-29 10:53:21 - [TEST_STEP][PASSED] - sendKeys: Keys 'ENTER + ' sent to object: 'Object Repository/Backoffice/match_mgmt/input__select2-search__arena_name'

2018-11-29 10:53:21 - [MESSAGE][PASSED] - Keys 'ENTER + ' sent to object: 'Object Repository/Backoffice/match_mgmt/input__select2-search__arena_name'

2018-11-29 10:53:21 - [TEST_STEP][PASSED] - setText: Text 'AA' is set on object 'Object Repository/Backoffice/match_mgmt/meron_details/input_meron_name'

2018-11-29 10:53:22 - [MESSAGE][PASSED] - Text 'AA' is set on object 'Object Repository/Backoffice/match_mgmt/meron_details/input_meron_name'

2018-11-29 10:53:22 - [TEST_STEP][PASSED] - setText: Text 'Farm 1' is set on object 'Object Repository/Backoffice/match_mgmt/meron_details/input_meron_farm'

2018-11-29 10:53:22 - [MESSAGE][PASSED] - Text 'Farm 1' is set on object 'Object Repository/Backoffice/match_mgmt/meron_details/input_meron_farm'

2018-11-29 10:53:22 - [TEST_STEP][PASSED] - setText: Text 'Breed 1' is set on object 'Object Repository/Backoffice/match_mgmt/meron_details/input_meron_breed'

2018-11-29 10:53:23 - [MESSAGE][PASSED] - Text 'Breed 1' is set on object 'Object Repository/Backoffice/match_mgmt/meron_details/input_meron_breed'

2018-11-29 10:53:23 - [TEST_STEP][PASSED] - setText: Text 'Weight 1' is set on object 'Object Repository/Backoffice/match_mgmt/meron_details/input_meron_weight'

2018-11-29 10:53:23 - [MESSAGE][PASSED] - Text 'Weight 1' is set on object 'Object Repository/Backoffice/match_mgmt/meron_details/input_meron_weight'

2018-11-29 10:53:23 - [TEST_STEP][PASSED] - setText: Text 'BB' is set on object 'Object Repository/Backoffice/match_mgmt/wala_details/input_wala_name'

2018-11-29 10:53:23 - [MESSAGE][PASSED] - Text 'BB' is set on object 'Object Repository/Backoffice/match_mgmt/wala_details/input_wala_name'

2018-11-29 10:53:23 - [TEST_STEP][PASSED] - setText: Text 'Farm 2' is set on object 'Object Repository/Backoffice/match_mgmt/wala_details/input_wala_farm'

2018-11-29 10:53:24 - [MESSAGE][PASSED] - Text 'Farm 2' is set on object 'Object Repository/Backoffice/match_mgmt/wala_details/input_wala_farm'

2018-11-29 10:53:24 - [TEST_STEP][PASSED] - setText: Text 'Breed 2' is set on object 'Object Repository/Backoffice/match_mgmt/wala_details/input_wala_breed'

2018-11-29 10:53:24 - [MESSAGE][PASSED] - Text 'Breed 2' is set on object 'Object Repository/Backoffice/match_mgmt/wala_details/input_wala_breed'

2018-11-29 10:53:24 - [TEST_STEP][PASSED] - setText: Text 'Weight 2' is set on object 'Object Repository/Backoffice/match_mgmt/wala_details/input_wala_weight'

2018-11-29 10:53:24 - [MESSAGE][PASSED] - Text 'Weight 2' is set on object 'Object Repository/Backoffice/match_mgmt/wala_details/input_wala_weight'

2018-11-29 10:53:24 - [TEST_STEP][PASSED] - click: Object: 'Object Repository/Backoffice/match_mgmt/input_submit_match' is clicked on

2018-11-29 10:53:28 - [MESSAGE][PASSED] - Object: 'Object Repository/Backoffice/match_mgmt/input_submit_match' is clicked on

2018-11-29 10:53:28 - [TEST_STEP][PASSED] - delay: Delayed 1 second(s)

2018-11-29 10:53:29 - [MESSAGE][PASSED] - Delayed 1 second(s)

2018-11-29 10:53:29 - [TEST_STEP][PASSED] - click: Object: 'Object Repository/Backoffice/match_mgmt/button_create_match' is clicked on

2018-11-29 10:53:29 - [MESSAGE][PASSED] - Object: 'Object Repository/Backoffice/match_mgmt/button_create_match' is clicked on

2018-11-29 10:53:29 - [TEST_STEP][PASSED] - delay: Delayed 1 second(s)

2018-11-29 10:53:30 - [MESSAGE][PASSED] - Delayed 1 second(s)

2018-11-29 10:53:30 - [TEST_STEP][PASSED] - click: Object: 'Object Repository/Backoffice/match_mgmt/span_select_arena_name' is clicked on

2018-11-29 10:53:30 - [MESSAGE][PASSED] - Object: 'Object Repository/Backoffice/match_mgmt/span_select_arena_name' is clicked on

2018-11-29 10:53:30 - [TEST_STEP][PASSED] - setText: Text 'ALIXANDRA SPORTS COMPLEX - ASC' is set on object 'Object Repository/Backoffice/match_mgmt/input__select2-search__arena_name'

2018-11-29 10:53:32 - [MESSAGE][PASSED] - Text 'ALIXANDRA SPORTS COMPLEX - ASC' is set on object 'Object Repository/Backoffice/match_mgmt/input__select2-search__arena_name'

2018-11-29 10:53:32 - [TEST_STEP][PASSED] - sendKeys: Keys 'ENTER + ' sent to object: 'Object Repository/Backoffice/match_mgmt/input__select2-search__arena_name'

2018-11-29 10:53:32 - [MESSAGE][PASSED] - Keys 'ENTER + ' sent to object: 'Object Repository/Backoffice/match_mgmt/input__select2-search__arena_name'

2018-11-29 10:53:32 - [TEST_STEP][PASSED] - setText: Text 'AA' is set on object 'Object Repository/Backoffice/match_mgmt/meron_details/input_meron_name'

2018-11-29 10:53:32 - [MESSAGE][PASSED] - Text 'AA' is set on object 'Object Repository/Backoffice/match_mgmt/meron_details/input_meron_name'

2018-11-29 10:53:32 - [TEST_STEP][PASSED] - setText: Text 'Farm 1' is set on object 'Object Repository/Backoffice/match_mgmt/meron_details/input_meron_farm'

2018-11-29 10:53:33 - [MESSAGE][PASSED] - Text 'Farm 1' is set on object 'Object Repository/Backoffice/match_mgmt/meron_details/input_meron_farm'

2018-11-29 10:53:33 - [TEST_STEP][PASSED] - setText: Text 'Breed 1' is set on object 'Object Repository/Backoffice/match_mgmt/meron_details/input_meron_breed'

2018-11-29 10:53:33 - [MESSAGE][PASSED] - Text 'Breed 1' is set on object 'Object Repository/Backoffice/match_mgmt/meron_details/input_meron_breed'

2018-11-29 10:53:33 - [TEST_STEP][PASSED] - setText: Text 'Weight 1' is set on object 'Object Repository/Backoffice/match_mgmt/meron_details/input_meron_weight'

2018-11-29 10:53:34 - [MESSAGE][PASSED] - Text 'Weight 1' is set on object 'Object Repository/Backoffice/match_mgmt/meron_details/input_meron_weight'

2018-11-29 10:53:34 - [TEST_STEP][PASSED] - setText: Text 'BB' is set on object 'Object Repository/Backoffice/match_mgmt/wala_details/input_wala_name'

2018-11-29 10:53:34 - [MESSAGE][PASSED] - Text 'BB' is set on object 'Object Repository/Backoffice/match_mgmt/wala_details/input_wala_name'

2018-11-29 10:53:34 - [TEST_STEP][PASSED] - setText: Text 'Farm 2' is set on object 'Object Repository/Backoffice/match_mgmt/wala_details/input_wala_farm'

2018-11-29 10:53:34 - [MESSAGE][PASSED] - Text 'Farm 2' is set on object 'Object Repository/Backoffice/match_mgmt/wala_details/input_wala_farm'

2018-11-29 10:53:34 - [TEST_STEP][PASSED] - setText: Text 'Breed 2' is set on object 'Object Repository/Backoffice/match_mgmt/wala_details/input_wala_breed'

2018-11-29 10:53:35 - [MESSAGE][PASSED] - Text 'Breed 2' is set on object 'Object Repository/Backoffice/match_mgmt/wala_details/input_wala_breed'

2018-11-29 10:53:35 - [TEST_STEP][PASSED] - setText: Text 'Weight 2' is set on object 'Object Repository/Backoffice/match_mgmt/wala_details/input_wala_weight'

2018-11-29 10:53:35 - [MESSAGE][PASSED] - Text 'Weight 2' is set on object 'Object Repository/Backoffice/match_mgmt/wala_details/input_wala_weight'

2018-11-29 10:53:35 - [TEST_STEP][PASSED] - click: Object: 'Object Repository/Backoffice/match_mgmt/input_submit_match' is clicked on

2018-11-29 10:53:38 - [MESSAGE][PASSED] - Object: 'Object Repository/Backoffice/match_mgmt/input_submit_match' is clicked on

2018-11-29 10:53:38 - [TEST_STEP][PASSED] - delay: Delayed 1 second(s)

2018-11-29 10:53:39 - [MESSAGE][PASSED] - Delayed 1 second(s)

2018-11-29 10:53:39 - [TEST_STEP][PASSED] - click: Object: 'Object Repository/Backoffice/match_mgmt/button_create_match' is clicked on

2018-11-29 10:53:39 - [MESSAGE][PASSED] - Object: 'Object Repository/Backoffice/match_mgmt/button_create_match' is clicked on

2018-11-29 10:53:39 - [TEST_STEP][PASSED] - delay: Delayed 1 second(s)

2018-11-29 10:53:40 - [MESSAGE][PASSED] - Delayed 1 second(s)

2018-11-29 10:53:40 - [TEST_STEP][PASSED] - click: Object: 'Object Repository/Backoffice/match_mgmt/span_select_arena_name' is clicked on

2018-11-29 10:53:40 - [MESSAGE][PASSED] - Object: 'Object Repository/Backoffice/match_mgmt/span_select_arena_name' is clicked on

2018-11-29 10:53:40 - [TEST_STEP][PASSED] - setText: Text 'ALIXANDRA SPORTS COMPLEX - ASC' is set on object 'Object Repository/Backoffice/match_mgmt/input__select2-search__arena_name'

2018-11-29 10:53:42 - [MESSAGE][PASSED] - Text 'ALIXANDRA SPORTS COMPLEX - ASC' is set on object 'Object Repository/Backoffice/match_mgmt/input__select2-search__arena_name'

2018-11-29 10:53:42 - [TEST_STEP][PASSED] - sendKeys: Keys 'ENTER + ' sent to object: 'Object Repository/Backoffice/match_mgmt/input__select2-search__arena_name'

2018-11-29 10:53:42 - [MESSAGE][PASSED] - Keys 'ENTER + ' sent to object: 'Object Repository/Backoffice/match_mgmt/input__select2-search__arena_name'

2018-11-29 10:53:42 - [TEST_STEP][PASSED] - setText: Text 'AA' is set on object 'Object Repository/Backoffice/match_mgmt/meron_details/input_meron_name'

2018-11-29 10:53:43 - [MESSAGE][PASSED] - Text 'AA' is set on object 'Object Repository/Backoffice/match_mgmt/meron_details/input_meron_name'

2018-11-29 10:53:43 - [TEST_STEP][PASSED] - setText: Text 'Farm 1' is set on object 'Object Repository/Backoffice/match_mgmt/meron_details/input_meron_farm'

2018-11-29 10:53:43 - [MESSAGE][PASSED] - Text 'Farm 1' is set on object 'Object Repository/Backoffice/match_mgmt/meron_details/input_meron_farm'

2018-11-29 10:53:43 - [TEST_STEP][PASSED] - setText: Text 'Breed 1' is set on object 'Object Repository/Backoffice/match_mgmt/meron_details/input_meron_breed'

2018-11-29 10:53:44 - [MESSAGE][PASSED] - Text 'Breed 1' is set on object 'Object Repository/Backoffice/match_mgmt/meron_details/input_meron_breed'

2018-11-29 10:53:44 - [TEST_STEP][PASSED] - setText: Text 'Weight 1' is set on object 'Object Repository/Backoffice/match_mgmt/meron_details/input_meron_weight'

2018-11-29 10:53:44 - [MESSAGE][PASSED] - Text 'Weight 1' is set on object 'Object Repository/Backoffice/match_mgmt/meron_details/input_meron_weight'

2018-11-29 10:53:44 - [TEST_STEP][PASSED] - setText: Text 'BB' is set on object 'Object Repository/Backoffice/match_mgmt/wala_details/input_wala_name'

2018-11-29 10:53:44 - [MESSAGE][PASSED] - Text 'BB' is set on object 'Object Repository/Backoffice/match_mgmt/wala_details/input_wala_name'

2018-11-29 10:53:44 - [TEST_STEP][PASSED] - setText: Text 'Farm 2' is set on object 'Object Repository/Backoffice/match_mgmt/wala_details/input_wala_farm'

2018-11-29 10:53:45 - [MESSAGE][PASSED] - Text 'Farm 2' is set on object 'Object Repository/Backoffice/match_mgmt/wala_details/input_wala_farm'

2018-11-29 10:53:45 - [TEST_STEP][PASSED] - setText: Text 'Breed 2' is set on object 'Object Repository/Backoffice/match_mgmt/wala_details/input_wala_breed'

2018-11-29 10:53:45 - [MESSAGE][PASSED] - Text 'Breed 2' is set on object 'Object Repository/Backoffice/match_mgmt/wala_details/input_wala_breed'

2018-11-29 10:53:45 - [TEST_STEP][PASSED] - setText: Text 'Weight 2' is set on object 'Object Repository/Backoffice/match_mgmt/wala_details/input_wala_weight'

2018-11-29 10:53:46 - [MESSAGE][PASSED] - Text 'Weight 2' is set on object 'Object Repository/Backoffice/match_mgmt/wala_details/input_wala_weight'

2018-11-29 10:53:46 - [TEST_STEP][PASSED] - click: Object: 'Object Repository/Backoffice/match_mgmt/input_submit_match' is clicked on

2018-11-29 10:53:48 - [MESSAGE][PASSED] - Object: 'Object Repository/Backoffice/match_mgmt/input_submit_match' is clicked on

2018-11-29 10:53:48 - [TEST_STEP][PASSED] - delay: Delayed 1 second(s)

2018-11-29 10:53:49 - [MESSAGE][PASSED] - Delayed 1 second(s)

2018-11-29 10:53:49 - [TEST_STEP][PASSED] - click: Object: 'Object Repository/Backoffice/match_mgmt/button_create_match' is clicked on

2018-11-29 10:53:49 - [MESSAGE][PASSED] - Object: 'Object Repository/Backoffice/match_mgmt/button_create_match' is clicked on

2018-11-29 10:53:49 - [TEST_STEP][PASSED] - delay: Delayed 1 second(s)

2018-11-29 10:53:50 - [MESSAGE][PASSED] - Delayed 1 second(s)

2018-11-29 10:53:50 - [TEST_STEP][PASSED] - click: Object: 'Object Repository/Backoffice/match_mgmt/span_select_arena_name' is clicked on

2018-11-29 10:53:51 - [MESSAGE][PASSED] - Object: 'Object Repository/Backoffice/match_mgmt/span_select_arena_name' is clicked on

2018-11-29 10:53:51 - [TEST_STEP][PASSED] - setText: Text 'ALIXANDRA SPORTS COMPLEX - ASC' is set on object 'Object Repository/Backoffice/match_mgmt/input__select2-search__arena_name'

2018-11-29 10:53:53 - [MESSAGE][PASSED] - Text 'ALIXANDRA SPORTS COMPLEX - ASC' is set on object 'Object Repository/Backoffice/match_mgmt/input__select2-search__arena_name'

2018-11-29 10:53:53 - [TEST_STEP][PASSED] - sendKeys: Keys 'ENTER + ' sent to object: 'Object Repository/Backoffice/match_mgmt/input__select2-search__arena_name'

2018-11-29 10:53:53 - [MESSAGE][PASSED] - Keys 'ENTER + ' sent to object: 'Object Repository/Backoffice/match_mgmt/input__select2-search__arena_name'

2018-11-29 10:53:53 - [TEST_STEP][PASSED] - setText: Text 'AA' is set on object 'Object Repository/Backoffice/match_mgmt/meron_details/input_meron_name'

2018-11-29 10:53:53 - [MESSAGE][PASSED] - Text 'AA' is set on object 'Object Repository/Backoffice/match_mgmt/meron_details/input_meron_name'

2018-11-29 10:53:53 - [TEST_STEP][PASSED] - setText: Text 'Farm 1' is set on object 'Object Repository/Backoffice/match_mgmt/meron_details/input_meron_farm'

2018-11-29 10:53:54 - [MESSAGE][PASSED] - Text 'Farm 1' is set on object 'Object Repository/Backoffice/match_mgmt/meron_details/input_meron_farm'

2018-11-29 10:53:54 - [TEST_STEP][PASSED] - setText: Text 'Breed 1' is set on object 'Object Repository/Backoffice/match_mgmt/meron_details/input_meron_breed'

2018-11-29 10:53:54 - [MESSAGE][PASSED] - Text 'Breed 1' is set on object 'Object Repository/Backoffice/match_mgmt/meron_details/input_meron_breed'

2018-11-29 10:53:54 - [TEST_STEP][PASSED] - setText: Text 'Weight 1' is set on object 'Object Repository/Backoffice/match_mgmt/meron_details/input_meron_weight'

2018-11-29 10:53:54 - [MESSAGE][PASSED] - Text 'Weight 1' is set on object 'Object Repository/Backoffice/match_mgmt/meron_details/input_meron_weight'

2018-11-29 10:53:54 - [TEST_STEP][PASSED] - setText: Text 'BB' is set on object 'Object Repository/Backoffice/match_mgmt/wala_details/input_wala_name'

2018-11-29 10:53:55 - [MESSAGE][PASSED] - Text 'BB' is set on object 'Object Repository/Backoffice/match_mgmt/wala_details/input_wala_name'

2018-11-29 10:53:55 - [TEST_STEP][PASSED] - setText: Text 'Farm 2' is set on object 'Object Repository/Backoffice/match_mgmt/wala_details/input_wala_farm'

2018-11-29 10:53:55 - [MESSAGE][PASSED] - Text 'Farm 2' is set on object 'Object Repository/Backoffice/match_mgmt/wala_details/input_wala_farm'

2018-11-29 10:53:55 - [TEST_STEP][PASSED] - setText: Text 'Breed 2' is set on object 'Object Repository/Backoffice/match_mgmt/wala_details/input_wala_breed'

2018-11-29 10:53:55 - [MESSAGE][PASSED] - Text 'Breed 2' is set on object 'Object Repository/Backoffice/match_mgmt/wala_details/input_wala_breed'

2018-11-29 10:53:55 - [TEST_STEP][PASSED] - setText: Text 'Weight 2' is set on object 'Object Repository/Backoffice/match_mgmt/wala_details/input_wala_weight'

2018-11-29 10:53:56 - [MESSAGE][PASSED] - Text 'Weight 2' is set on object 'Object Repository/Backoffice/match_mgmt/wala_details/input_wala_weight'

2018-11-29 10:53:56 - [TEST_STEP][PASSED] - click: Object: 'Object Repository/Backoffice/match_mgmt/input_submit_match' is clicked on

2018-11-29 10:53:58 - [MESSAGE][PASSED] - Object: 'Object Repository/Backoffice/match_mgmt/input_submit_match' is clicked on

2018-11-29 10:53:58 - [TEST_STEP][PASSED] - delay: Delayed 1 second(s)

2018-11-29 10:53:59 - [MESSAGE][PASSED] - Delayed 1 second(s)

2018-11-29 10:53:59 - [TEST_STEP][PASSED] - click: Object: 'Object Repository/Backoffice/match_mgmt/button_create_match' is clicked on

2018-11-29 10:53:59 - [MESSAGE][PASSED] - Object: 'Object Repository/Backoffice/match_mgmt/button_create_match' is clicked on

2018-11-29 10:53:59 - [TEST_STEP][PASSED] - delay: Delayed 1 second(s)

2018-11-29 10:54:00 - [MESSAGE][PASSED] - Delayed 1 second(s)

2018-11-29 10:54:00 - [TEST_STEP][PASSED] - click: Object: 'Object Repository/Backoffice/match_mgmt/span_select_arena_name' is clicked on

2018-11-29 10:54:01 - [MESSAGE][PASSED] - Object: 'Object Repository/Backoffice/match_mgmt/span_select_arena_name' is clicked on

2018-11-29 10:54:01 - [TEST_STEP][PASSED] - setText: Text 'ALIXANDRA SPORTS COMPLEX - ASC' is set on object 'Object Repository/Backoffice/match_mgmt/input__select2-search__arena_name'

2018-11-29 10:54:03 - [MESSAGE][PASSED] - Text 'ALIXANDRA SPORTS COMPLEX - ASC' is set on object 'Object Repository/Backoffice/match_mgmt/input__select2-search__arena_name'

2018-11-29 10:54:03 - [TEST_STEP][PASSED] - sendKeys: Keys 'ENTER + ' sent to object: 'Object Repository/Backoffice/match_mgmt/input__select2-search__arena_name'

2018-11-29 10:54:03 - [MESSAGE][PASSED] - Keys 'ENTER + ' sent to object: 'Object Repository/Backoffice/match_mgmt/input__select2-search__arena_name'

2018-11-29 10:54:03 - [TEST_STEP][PASSED] - setText: Text 'AA' is set on object 'Object Repository/Backoffice/match_mgmt/meron_details/input_meron_name'

2018-11-29 10:54:03 - [MESSAGE][PASSED] - Text 'AA' is set on object 'Object Repository/Backoffice/match_mgmt/meron_details/input_meron_name'

2018-11-29 10:54:03 - [TEST_STEP][PASSED] - setText: Text 'Farm 1' is set on object 'Object Repository/Backoffice/match_mgmt/meron_details/input_meron_farm'

2018-11-29 10:54:03 - [MESSAGE][PASSED] - Text 'Farm 1' is set on object 'Object Repository/Backoffice/match_mgmt/meron_details/input_meron_farm'

2018-11-29 10:54:03 - [TEST_STEP][PASSED] - setText: Text 'Breed 1' is set on object 'Object Repository/Backoffice/match_mgmt/meron_details/input_meron_breed'

2018-11-29 10:54:04 - [MESSAGE][PASSED] - Text 'Breed 1' is set on object 'Object Repository/Backoffice/match_mgmt/meron_details/input_meron_breed'

2018-11-29 10:54:04 - [TEST_STEP][PASSED] - setText: Text 'Weight 1' is set on object 'Object Repository/Backoffice/match_mgmt/meron_details/input_meron_weight'

2018-11-29 10:54:04 - [MESSAGE][PASSED] - Text 'Weight 1' is set on object 'Object Repository/Backoffice/match_mgmt/meron_details/input_meron_weight'

2018-11-29 10:54:04 - [TEST_STEP][PASSED] - setText: Text 'BB' is set on object 'Object Repository/Backoffice/match_mgmt/wala_details/input_wala_name'

2018-11-29 10:54:05 - [MESSAGE][PASSED] - Text 'BB' is set on object 'Object Repository/Backoffice/match_mgmt/wala_details/input_wala_name'

2018-11-29 10:54:05 - [TEST_STEP][PASSED] - setText: Text 'Farm 2' is set on object 'Object Repository/Backoffice/match_mgmt/wala_details/input_wala_farm'

2018-11-29 10:54:05 - [MESSAGE][PASSED] - Text 'Farm 2' is set on object 'Object Repository/Backoffice/match_mgmt/wala_details/input_wala_farm'

2018-11-29 10:54:05 - [TEST_STEP][PASSED] - setText: Text 'Breed 2' is set on object 'Object Repository/Backoffice/match_mgmt/wala_details/input_wala_breed'

2018-11-29 10:54:05 - [MESSAGE][PASSED] - Text 'Breed 2' is set on object 'Object Repository/Backoffice/match_mgmt/wala_details/input_wala_breed'

2018-11-29 10:54:05 - [TEST_STEP][PASSED] - setText: Text 'Weight 2' is set on object 'Object Repository/Backoffice/match_mgmt/wala_details/input_wala_weight'

2018-11-29 10:54:06 - [MESSAGE][PASSED] - Text 'Weight 2' is set on object 'Object Repository/Backoffice/match_mgmt/wala_details/input_wala_weight'

2018-11-29 10:54:06 - [TEST_STEP][PASSED] - click: Object: 'Object Repository/Backoffice/match_mgmt/input_submit_match' is clicked on

2018-11-29 10:54:09 - [MESSAGE][PASSED] - Object: 'Object Repository/Backoffice/match_mgmt/input_submit_match' is clicked on

2018-11-29 10:54:09 - [TEST_STEP][PASSED] - delay: Delayed 1 second(s)

2018-11-29 10:54:10 - [MESSAGE][PASSED] - Delayed 1 second(s)

2018-11-29 10:54:10 - [TEST_STEP][PASSED] - click: Object: 'Object Repository/Backoffice/match_mgmt/button_create_match' is clicked on

2018-11-29 10:54:10 - [MESSAGE][PASSED] - Object: 'Object Repository/Backoffice/match_mgmt/button_create_match' is clicked on

2018-11-29 10:54:10 - [TEST_STEP][PASSED] - delay: Delayed 1 second(s)

2018-11-29 10:54:11 - [MESSAGE][PASSED] - Delayed 1 second(s)

2018-11-29 10:54:11 - [TEST_STEP][PASSED] - click: Object: 'Object Repository/Backoffice/match_mgmt/span_select_arena_name' is clicked on

2018-11-29 10:54:11 - [MESSAGE][PASSED] - Object: 'Object Repository/Backoffice/match_mgmt/span_select_arena_name' is clicked on

2018-11-29 10:54:11 - [TEST_STEP][PASSED] - setText: Text 'ALIXANDRA SPORTS COMPLEX - ASC' is set on object 'Object Repository/Backoffice/match_mgmt/input__select2-search__arena_name'

2018-11-29 10:54:13 - [MESSAGE][PASSED] - Text 'ALIXANDRA SPORTS COMPLEX - ASC' is set on object 'Object Repository/Backoffice/match_mgmt/input__select2-search__arena_name'

2018-11-29 10:54:13 - [TEST_STEP][PASSED] - sendKeys: Keys 'ENTER + ' sent to object: 'Object Repository/Backoffice/match_mgmt/input__select2-search__arena_name'

2018-11-29 10:54:13 - [MESSAGE][PASSED] - Keys 'ENTER + ' sent to object: 'Object Repository/Backoffice/match_mgmt/input__select2-search__arena_name'

2018-11-29 10:54:13 - [TEST_STEP][PASSED] - setText: Text 'AA' is set on object 'Object Repository/Backoffice/match_mgmt/meron_details/input_meron_name'

2018-11-29 10:54:14 - [MESSAGE][PASSED] - Text 'AA' is set on object 'Object Repository/Backoffice/match_mgmt/meron_details/input_meron_name'

2018-11-29 10:54:14 - [TEST_STEP][PASSED] - setText: Text 'Farm 1' is set on object 'Object Repository/Backoffice/match_mgmt/meron_details/input_meron_farm'

2018-11-29 10:54:14 - [MESSAGE][PASSED] - Text 'Farm 1' is set on object 'Object Repository/Backoffice/match_mgmt/meron_details/input_meron_farm'

2018-11-29 10:54:14 - [TEST_STEP][PASSED] - setText: Text 'Breed 1' is set on object 'Object Repository/Backoffice/match_mgmt/meron_details/input_meron_breed'

2018-11-29 10:54:14 - [MESSAGE][PASSED] - Text 'Breed 1' is set on object 'Object Repository/Backoffice/match_mgmt/meron_details/input_meron_breed'

2018-11-29 10:54:14 - [TEST_STEP][PASSED] - setText: Text 'Weight 1' is set on object 'Object Repository/Backoffice/match_mgmt/meron_details/input_meron_weight'

2018-11-29 10:54:15 - [MESSAGE][PASSED] - Text 'Weight 1' is set on object 'Object Repository/Backoffice/match_mgmt/meron_details/input_meron_weight'

2018-11-29 10:54:15 - [TEST_STEP][PASSED] - setText: Text 'BB' is set on object 'Object Repository/Backoffice/match_mgmt/wala_details/input_wala_name'

2018-11-29 10:54:15 - [MESSAGE][PASSED] - Text 'BB' is set on object 'Object Repository/Backoffice/match_mgmt/wala_details/input_wala_name'

2018-11-29 10:54:15 - [TEST_STEP][PASSED] - setText: Text 'Farm 2' is set on object 'Object Repository/Backoffice/match_mgmt/wala_details/input_wala_farm'

2018-11-29 10:54:15 - [MESSAGE][PASSED] - Text 'Farm 2' is set on object 'Object Repository/Backoffice/match_mgmt/wala_details/input_wala_farm'

2018-11-29 10:54:15 - [TEST_STEP][PASSED] - setText: Text 'Breed 2' is set on object 'Object Repository/Backoffice/match_mgmt/wala_details/input_wala_breed'

2018-11-29 10:54:16 - [MESSAGE][PASSED] - Text 'Breed 2' is set on object 'Object Repository/Backoffice/match_mgmt/wala_details/input_wala_breed'

2018-11-29 10:54:16 - [TEST_STEP][PASSED] - setText: Text 'Weight 2' is set on object 'Object Repository/Backoffice/match_mgmt/wala_details/input_wala_weight'

2018-11-29 10:54:16 - [MESSAGE][PASSED] - Text 'Weight 2' is set on object 'Object Repository/Backoffice/match_mgmt/wala_details/input_wala_weight'

2018-11-29 10:54:16 - [TEST_STEP][PASSED] - click: Object: 'Object Repository/Backoffice/match_mgmt/input_submit_match' is clicked on

2018-11-29 10:54:20 - [MESSAGE][PASSED] - Object: 'Object Repository/Backoffice/match_mgmt/input_submit_match' is clicked on

2018-11-29 10:54:20 - [TEST_STEP][PASSED] - delay: Delayed 1 second(s)

2018-11-29 10:54:21 - [MESSAGE][PASSED] - Delayed 1 second(s)

2018-11-29 10:54:21 - [TEST_STEP][PASSED] - click: Object: 'Object Repository/Backoffice/match_mgmt/button_create_match' is clicked on

2018-11-29 10:54:21 - [MESSAGE][PASSED] - Object: 'Object Repository/Backoffice/match_mgmt/button_create_match' is clicked on

2018-11-29 10:54:21 - [TEST_STEP][PASSED] - delay: Delayed 1 second(s)

2018-11-29 10:54:22 - [MESSAGE][PASSED] - Delayed 1 second(s)

2018-11-29 10:54:22 - [TEST_STEP][PASSED] - click: Object: 'Object Repository/Backoffice/match_mgmt/span_select_arena_name' is clicked on

2018-11-29 10:54:22 - [MESSAGE][PASSED] - Object: 'Object Repository/Backoffice/match_mgmt/span_select_arena_name' is clicked on

2018-11-29 10:54:22 - [TEST_STEP][PASSED] - setText: Text 'ALIXANDRA SPORTS COMPLEX - ASC' is set on object 'Object Repository/Backoffice/match_mgmt/input__select2-search__arena_name'

2018-11-29 10:54:24 - [MESSAGE][PASSED] - Text 'ALIXANDRA SPORTS COMPLEX - ASC' is set on object 'Object Repository/Backoffice/match_mgmt/input__select2-search__arena_name'

2018-11-29 10:54:24 - [TEST_STEP][PASSED] - sendKeys: Keys 'ENTER + ' sent to object: 'Object Repository/Backoffice/match_mgmt/input__select2-search__arena_name'

2018-11-29 10:54:24 - [MESSAGE][PASSED] - Keys 'ENTER + ' sent to object: 'Object Repository/Backoffice/match_mgmt/input__select2-search__arena_name'

2018-11-29 10:54:24 - [TEST_STEP][PASSED] - setText: Text 'AA' is set on object 'Object Repository/Backoffice/match_mgmt/meron_details/input_meron_name'

2018-11-29 10:54:24 - [MESSAGE][PASSED] - Text 'AA' is set on object 'Object Repository/Backoffice/match_mgmt/meron_details/input_meron_name'

2018-11-29 10:54:24 - [TEST_STEP][PASSED] - setText: Text 'Farm 1' is set on object 'Object Repository/Backoffice/match_mgmt/meron_details/input_meron_farm'

2018-11-29 10:54:25 - [MESSAGE][PASSED] - Text 'Farm 1' is set on object 'Object Repository/Backoffice/match_mgmt/meron_details/input_meron_farm'

2018-11-29 10:54:25 - [TEST_STEP][PASSED] - setText: Text 'Breed 1' is set on object 'Object Repository/Backoffice/match_mgmt/meron_details/input_meron_breed'

2018-11-29 10:54:25 - [MESSAGE][PASSED] - Text 'Breed 1' is set on object 'Object Repository/Backoffice/match_mgmt/meron_details/input_meron_breed'

2018-11-29 10:54:25 - [TEST_STEP][PASSED] - setText: Text 'Weight 1' is set on object 'Object Repository/Backoffice/match_mgmt/meron_details/input_meron_weight'

2018-11-29 10:54:26 - [MESSAGE][PASSED] - Text 'Weight 1' is set on object 'Object Repository/Backoffice/match_mgmt/meron_details/input_meron_weight'

2018-11-29 10:54:26 - [TEST_STEP][PASSED] - setText: Text 'BB' is set on object 'Object Repository/Backoffice/match_mgmt/wala_details/input_wala_name'

2018-11-29 10:54:26 - [MESSAGE][PASSED] - Text 'BB' is set on object 'Object Repository/Backoffice/match_mgmt/wala_details/input_wala_name'

2018-11-29 10:54:26 - [TEST_STEP][PASSED] - setText: Text 'Farm 2' is set on object 'Object Repository/Backoffice/match_mgmt/wala_details/input_wala_farm'

2018-11-29 10:54:26 - [MESSAGE][PASSED] - Text 'Farm 2' is set on object 'Object Repository/Backoffice/match_mgmt/wala_details/input_wala_farm'

2018-11-29 10:54:26 - [TEST_STEP][PASSED] - setText: Text 'Breed 2' is set on object 'Object Repository/Backoffice/match_mgmt/wala_details/input_wala_breed'

2018-11-29 10:54:27 - [MESSAGE][PASSED] - Text 'Breed 2' is set on object 'Object Repository/Backoffice/match_mgmt/wala_details/input_wala_breed'

2018-11-29 10:54:27 - [TEST_STEP][PASSED] - setText: Text 'Weight 2' is set on object 'Object Repository/Backoffice/match_mgmt/wala_details/input_wala_weight'

2018-11-29 10:54:27 - [MESSAGE][PASSED] - Text 'Weight 2' is set on object 'Object Repository/Backoffice/match_mgmt/wala_details/input_wala_weight'

2018-11-29 10:54:27 - [TEST_STEP][PASSED] - click: Object: 'Object Repository/Backoffice/match_mgmt/input_submit_match' is clicked on

2018-11-29 10:54:30 - [MESSAGE][PASSED] - Object: 'Object Repository/Backoffice/match_mgmt/input_submit_match' is clicked on

2018-11-29 10:54:30 - [TEST_STEP][PASSED] - delay: Delayed 1 second(s)

2018-11-29 10:54:31 - [MESSAGE][PASSED] - Delayed 1 second(s)

2018-11-29 10:54:31 - [TEST_STEP][PASSED] - click: Object: 'Object Repository/Backoffice/match_mgmt/button_create_match' is clicked on

2018-11-29 10:54:31 - [MESSAGE][PASSED] - Object: 'Object Repository/Backoffice/match_mgmt/button_create_match' is clicked on

2018-11-29 10:54:31 - [TEST_STEP][PASSED] - delay: Delayed 1 second(s)

2018-11-29 10:54:32 - [MESSAGE][PASSED] - Delayed 1 second(s)

2018-11-29 10:54:32 - [TEST_STEP][PASSED] - click: Object: 'Object Repository/Backoffice/match_mgmt/span_select_arena_name' is clicked on

2018-11-29 10:54:32 - [MESSAGE][PASSED] - Object: 'Object Repository/Backoffice/match_mgmt/span_select_arena_name' is clicked on

2018-11-29 10:54:32 - [TEST_STEP][PASSED] - setText: Text 'ALIXANDRA SPORTS COMPLEX - ASC' is set on object 'Object Repository/Backoffice/match_mgmt/input__select2-search__arena_name'

2018-11-29 10:54:34 - [MESSAGE][PASSED] - Text 'ALIXANDRA SPORTS COMPLEX - ASC' is set on object 'Object Repository/Backoffice/match_mgmt/input__select2-search__arena_name'

2018-11-29 10:54:34 - [TEST_STEP][PASSED] - sendKeys: Keys 'ENTER + ' sent to object: 'Object Repository/Backoffice/match_mgmt/input__select2-search__arena_name'

2018-11-29 10:54:34 - [MESSAGE][PASSED] - Keys 'ENTER + ' sent to object: 'Object Repository/Backoffice/match_mgmt/input__select2-search__arena_name'

2018-11-29 10:54:34 - [TEST_STEP][PASSED] - setText: Text 'AA' is set on object 'Object Repository/Backoffice/match_mgmt/meron_details/input_meron_name'

2018-11-29 10:54:35 - [MESSAGE][PASSED] - Text 'AA' is set on object 'Object Repository/Backoffice/match_mgmt/meron_details/input_meron_name'

2018-11-29 10:54:35 - [TEST_STEP][PASSED] - setText: Text 'Farm 1' is set on object 'Object Repository/Backoffice/match_mgmt/meron_details/input_meron_farm'

2018-11-29 10:54:35 - [MESSAGE][PASSED] - Text 'Farm 1' is set on object 'Object Repository/Backoffice/match_mgmt/meron_details/input_meron_farm'

2018-11-29 10:54:35 - [TEST_STEP][PASSED] - setText: Text 'Breed 1' is set on object 'Object Repository/Backoffice/match_mgmt/meron_details/input_meron_breed'

2018-11-29 10:54:36 - [MESSAGE][PASSED] - Text 'Breed 1' is set on object 'Object Repository/Backoffice/match_mgmt/meron_details/input_meron_breed'

2018-11-29 10:54:36 - [TEST_STEP][PASSED] - setText: Text 'Weight 1' is set on object 'Object Repository/Backoffice/match_mgmt/meron_details/input_meron_weight'

2018-11-29 10:54:36 - [MESSAGE][PASSED] - Text 'Weight 1' is set on object 'Object Repository/Backoffice/match_mgmt/meron_details/input_meron_weight'

2018-11-29 10:54:36 - [TEST_STEP][PASSED] - setText: Text 'BB' is set on object 'Object Repository/Backoffice/match_mgmt/wala_details/input_wala_name'

2018-11-29 10:54:36 - [MESSAGE][PASSED] - Text 'BB' is set on object 'Object Repository/Backoffice/match_mgmt/wala_details/input_wala_name'

2018-11-29 10:54:36 - [TEST_STEP][PASSED] - setText: Text 'Farm 2' is set on object 'Object Repository/Backoffice/match_mgmt/wala_details/input_wala_farm'

2018-11-29 10:54:37 - [MESSAGE][PASSED] - Text 'Farm 2' is set on object 'Object Repository/Backoffice/match_mgmt/wala_details/input_wala_farm'

2018-11-29 10:54:37 - [TEST_STEP][PASSED] - setText: Text 'Breed 2' is set on object 'Object Repository/Backoffice/match_mgmt/wala_details/input_wala_breed'

2018-11-29 10:54:37 - [MESSAGE][PASSED] - Text 'Breed 2' is set on object 'Object Repository/Backoffice/match_mgmt/wala_details/input_wala_breed'

2018-11-29 10:54:37 - [TEST_STEP][PASSED] - setText: Text 'Weight 2' is set on object 'Object Repository/Backoffice/match_mgmt/wala_details/input_wala_weight'

2018-11-29 10:54:38 - [MESSAGE][PASSED] - Text 'Weight 2' is set on object 'Object Repository/Backoffice/match_mgmt/wala_details/input_wala_weight'

2018-11-29 10:54:38 - [TEST_STEP][PASSED] - click: Object: 'Object Repository/Backoffice/match_mgmt/input_submit_match' is clicked on

2018-11-29 10:54:41 - [MESSAGE][PASSED] - Object: 'Object Repository/Backoffice/match_mgmt/input_submit_match' is clicked on

2018-11-29 10:54:41 - [TEST_STEP][PASSED] - delay: Delayed 1 second(s)

2018-11-29 10:54:42 - [MESSAGE][PASSED] - Delayed 1 second(s)

2018-11-29 10:54:42 - [TEST_STEP][PASSED] - click: Object: 'Object Repository/Backoffice/match_mgmt/button_create_match' is clicked on

2018-11-29 10:54:42 - [MESSAGE][PASSED] - Object: 'Object Repository/Backoffice/match_mgmt/button_create_match' is clicked on

2018-11-29 10:54:42 - [TEST_STEP][PASSED] - delay: Delayed 1 second(s)

2018-11-29 10:54:43 - [MESSAGE][PASSED] - Delayed 1 second(s)

2018-11-29 10:54:43 - [TEST_STEP][PASSED] - click: Object: 'Object Repository/Backoffice/match_mgmt/span_select_arena_name' is clicked on

2018-11-29 10:54:43 - [MESSAGE][PASSED] - Object: 'Object Repository/Backoffice/match_mgmt/span_select_arena_name' is clicked on

2018-11-29 10:54:43 - [TEST_STEP][PASSED] - setText: Text 'ALIXANDRA SPORTS COMPLEX - ASC' is set on object 'Object Repository/Backoffice/match_mgmt/input__select2-search__arena_name'

2018-11-29 10:54:45 - [MESSAGE][PASSED] - Text 'ALIXANDRA SPORTS COMPLEX - ASC' is set on object 'Object Repository/Backoffice/match_mgmt/input__select2-search__arena_name'

2018-11-29 10:54:45 - [TEST_STEP][PASSED] - sendKeys: Keys 'ENTER + ' sent to object: 'Object Repository/Backoffice/match_mgmt/input__select2-search__arena_name'

2018-11-29 10:54:45 - [MESSAGE][PASSED] - Keys 'ENTER + ' sent to object: 'Object Repository/Backoffice/match_mgmt/input__select2-search__arena_name'

2018-11-29 10:54:45 - [TEST_STEP][PASSED] - setText: Text 'AA' is set on object 'Object Repository/Backoffice/match_mgmt/meron_details/input_meron_name'

2018-11-29 10:54:46 - [MESSAGE][PASSED] - Text 'AA' is set on object 'Object Repository/Backoffice/match_mgmt/meron_details/input_meron_name'

2018-11-29 10:54:46 - [TEST_STEP][PASSED] - setText: Text 'Farm 1' is set on object 'Object Repository/Backoffice/match_mgmt/meron_details/input_meron_farm'

2018-11-29 10:54:46 - [MESSAGE][PASSED] - Text 'Farm 1' is set on object 'Object Repository/Backoffice/match_mgmt/meron_details/input_meron_farm'

2018-11-29 10:54:46 - [TEST_STEP][PASSED] - setText: Text 'Breed 1' is set on object 'Object Repository/Backoffice/match_mgmt/meron_details/input_meron_breed'

2018-11-29 10:54:46 - [MESSAGE][PASSED] - Text 'Breed 1' is set on object 'Object Repository/Backoffice/match_mgmt/meron_details/input_meron_breed'

2018-11-29 10:54:46 - [TEST_STEP][PASSED] - setText: Text 'Weight 1' is set on object 'Object Repository/Backoffice/match_mgmt/meron_details/input_meron_weight'

2018-11-29 10:54:47 - [MESSAGE][PASSED] - Text 'Weight 1' is set on object 'Object Repository/Backoffice/match_mgmt/meron_details/input_meron_weight'

2018-11-29 10:54:47 - [TEST_STEP][PASSED] - setText: Text 'BB' is set on object 'Object Repository/Backoffice/match_mgmt/wala_details/input_wala_name'

2018-11-29 10:54:47 - [MESSAGE][PASSED] - Text 'BB' is set on object 'Object Repository/Backoffice/match_mgmt/wala_details/input_wala_name'

2018-11-29 10:54:47 - [TEST_STEP][PASSED] - setText: Text 'Farm 2' is set on object 'Object Repository/Backoffice/match_mgmt/wala_details/input_wala_farm'

2018-11-29 10:54:47 - [MESSAGE][PASSED] - Text 'Farm 2' is set on object 'Object Repository/Backoffice/match_mgmt/wala_details/input_wala_farm'

2018-11-29 10:54:47 - [TEST_STEP][PASSED] - setText: Text 'Breed 2' is set on object 'Object Repository/Backoffice/match_mgmt/wala_details/input_wala_breed'

2018-11-29 10:54:48 - [MESSAGE][PASSED] - Text 'Breed 2' is set on object 'Object Repository/Backoffice/match_mgmt/wala_details/input_wala_breed'

2018-11-29 10:54:48 - [TEST_STEP][PASSED] - setText: Text 'Weight 2' is set on object 'Object Repository/Backoffice/match_mgmt/wala_details/input_wala_weight'

2018-11-29 10:54:48 - [MESSAGE][PASSED] - Text 'Weight 2' is set on object 'Object Repository/Backoffice/match_mgmt/wala_details/input_wala_weight'

2018-11-29 10:54:48 - [TEST_STEP][PASSED] - click: Object: 'Object Repository/Backoffice/match_mgmt/input_submit_match' is clicked on

2018-11-29 10:54:51 - [MESSAGE][PASSED] - Object: 'Object Repository/Backoffice/match_mgmt/input_submit_match' is clicked on

2018-11-29 10:54:51 - [TEST_STEP][PASSED] - delay: Delayed 1 second(s)

2018-11-29 10:54:52 - [MESSAGE][PASSED] - Delayed 1 second(s)

2018-11-29 10:54:52 - [TEST_STEP][PASSED] - click: Object: 'Object Repository/Backoffice/match_mgmt/button_create_match' is clicked on

2018-11-29 10:54:52 - [MESSAGE][PASSED] - Object: 'Object Repository/Backoffice/match_mgmt/button_create_match' is clicked on

2018-11-29 10:54:52 - [TEST_STEP][PASSED] - delay: Delayed 1 second(s)

2018-11-29 10:54:53 - [MESSAGE][PASSED] - Delayed 1 second(s)

2018-11-29 10:54:53 - [TEST_STEP][PASSED] - click: Object: 'Object Repository/Backoffice/match_mgmt/span_select_arena_name' is clicked on

2018-11-29 10:54:53 - [MESSAGE][PASSED] - Object: 'Object Repository/Backoffice/match_mgmt/span_select_arena_name' is clicked on

2018-11-29 10:54:53 - [TEST_STEP][PASSED] - setText: Text 'ALIXANDRA SPORTS COMPLEX - ASC' is set on object 'Object Repository/Backoffice/match_mgmt/input__select2-search__arena_name'

2018-11-29 10:54:55 - [MESSAGE][PASSED] - Text 'ALIXANDRA SPORTS COMPLEX - ASC' is set on object 'Object Repository/Backoffice/match_mgmt/input__select2-search__arena_name'

2018-11-29 10:54:55 - [TEST_STEP][PASSED] - sendKeys: Keys 'ENTER + ' sent to object: 'Object Repository/Backoffice/match_mgmt/input__select2-search__arena_name'

2018-11-29 10:54:55 - [MESSAGE][PASSED] - Keys 'ENTER + ' sent to object: 'Object Repository/Backoffice/match_mgmt/input__select2-search__arena_name'

2018-11-29 10:54:55 - [TEST_STEP][PASSED] - setText: Text 'AA' is set on object 'Object Repository/Backoffice/match_mgmt/meron_details/input_meron_name'

2018-11-29 10:54:56 - [MESSAGE][PASSED] - Text 'AA' is set on object 'Object Repository/Backoffice/match_mgmt/meron_details/input_meron_name'

2018-11-29 10:54:56 - [TEST_STEP][PASSED] - setText: Text 'Farm 1' is set on object 'Object Repository/Backoffice/match_mgmt/meron_details/input_meron_farm'

2018-11-29 10:54:56 - [MESSAGE][PASSED] - Text 'Farm 1' is set on object 'Object Repository/Backoffice/match_mgmt/meron_details/input_meron_farm'

2018-11-29 10:54:56 - [TEST_STEP][PASSED] - setText: Text 'Breed 1' is set on object 'Object Repository/Backoffice/match_mgmt/meron_details/input_meron_breed'

2018-11-29 10:54:56 - [MESSAGE][PASSED] - Text 'Breed 1' is set on object 'Object Repository/Backoffice/match_mgmt/meron_details/input_meron_breed'

2018-11-29 10:54:56 - [TEST_STEP][PASSED] - setText: Text 'Weight 1' is set on object 'Object Repository/Backoffice/match_mgmt/meron_details/input_meron_weight'

2018-11-29 10:54:57 - [MESSAGE][PASSED] - Text 'Weight 1' is set on object 'Object Repository/Backoffice/match_mgmt/meron_details/input_meron_weight'

2018-11-29 10:54:57 - [TEST_STEP][PASSED] - setText: Text 'BB' is set on object 'Object Repository/Backoffice/match_mgmt/wala_details/input_wala_name'

2018-11-29 10:54:57 - [MESSAGE][PASSED] - Text 'BB' is set on object 'Object Repository/Backoffice/match_mgmt/wala_details/input_wala_name'

2018-11-29 10:54:57 - [TEST_STEP][PASSED] - setText: Text 'Farm 2' is set on object 'Object Repository/Backoffice/match_mgmt/wala_details/input_wala_farm'

2018-11-29 10:54:58 - [MESSAGE][PASSED] - Text 'Farm 2' is set on object 'Object Repository/Backoffice/match_mgmt/wala_details/input_wala_farm'

2018-11-29 10:54:58 - [TEST_STEP][PASSED] - setText: Text 'Breed 2' is set on object 'Object Repository/Backoffice/match_mgmt/wala_details/input_wala_breed'

2018-11-29 10:54:58 - [MESSAGE][PASSED] - Text 'Breed 2' is set on object 'Object Repository/Backoffice/match_mgmt/wala_details/input_wala_breed'

2018-11-29 10:54:58 - [TEST_STEP][PASSED] - setText: Text 'Weight 2' is set on object 'Object Repository/Backoffice/match_mgmt/wala_details/input_wala_weight'

2018-11-29 10:54:58 - [MESSAGE][PASSED] - Text 'Weight 2' is set on object 'Object Repository/Backoffice/match_mgmt/wala_details/input_wala_weight'

2018-11-29 10:54:58 - [TEST_STEP][PASSED] - click: Object: 'Object Repository/Backoffice/match_mgmt/input_submit_match' is clicked on

2018-11-29 10:55:01 - [MESSAGE][PASSED] - Object: 'Object Repository/Backoffice/match_mgmt/input_submit_match' is clicked on

2018-11-29 10:55:01 - [TEST_STEP][PASSED] - delay: Delayed 1 second(s)

2018-11-29 10:55:02 - [MESSAGE][PASSED] - Delayed 1 second(s)

2018-11-29 10:55:02 - [TEST_STEP][PASSED] - click: Object: 'Object Repository/Backoffice/match_mgmt/button_create_match' is clicked on

2018-11-29 10:55:02 - [MESSAGE][PASSED] - Object: 'Object Repository/Backoffice/match_mgmt/button_create_match' is clicked on

2018-11-29 10:55:02 - [TEST_STEP][PASSED] - delay: Delayed 1 second(s)

2018-11-29 10:55:03 - [MESSAGE][PASSED] - Delayed 1 second(s)

2018-11-29 10:55:03 - [TEST_STEP][PASSED] - click: Object: 'Object Repository/Backoffice/match_mgmt/span_select_arena_name' is clicked on

2018-11-29 10:55:03 - [MESSAGE][PASSED] - Object: 'Object Repository/Backoffice/match_mgmt/span_select_arena_name' is clicked on

2018-11-29 10:55:03 - [TEST_STEP][PASSED] - setText: Text 'ALIXANDRA SPORTS COMPLEX - ASC' is set on object 'Object Repository/Backoffice/match_mgmt/input__select2-search__arena_name'

2018-11-29 10:55:05 - [MESSAGE][PASSED] - Text 'ALIXANDRA SPORTS COMPLEX - ASC' is set on object 'Object Repository/Backoffice/match_mgmt/input__select2-search__arena_name'

2018-11-29 10:55:05 - [TEST_STEP][PASSED] - sendKeys: Keys 'ENTER + ' sent to object: 'Object Repository/Backoffice/match_mgmt/input__select2-search__arena_name'

2018-11-29 10:55:05 - [MESSAGE][PASSED] - Keys 'ENTER + ' sent to object: 'Object Repository/Backoffice/match_mgmt/input__select2-search__arena_name'

2018-11-29 10:55:05 - [TEST_STEP][PASSED] - setText: Text 'AA' is set on object 'Object Repository/Backoffice/match_mgmt/meron_details/input_meron_name'

2018-11-29 10:55:05 - [MESSAGE][PASSED] - Text 'AA' is set on object 'Object Repository/Backoffice/match_mgmt/meron_details/input_meron_name'

2018-11-29 10:55:05 - [TEST_STEP][PASSED] - setText: Text 'Farm 1' is set on object 'Object Repository/Backoffice/match_mgmt/meron_details/input_meron_farm'

2018-11-29 10:55:06 - [MESSAGE][PASSED] - Text 'Farm 1' is set on object 'Object Repository/Backoffice/match_mgmt/meron_details/input_meron_farm'

2018-11-29 10:55:06 - [TEST_STEP][PASSED] - setText: Text 'Breed 1' is set on object 'Object Repository/Backoffice/match_mgmt/meron_details/input_meron_breed'

2018-11-29 10:55:06 - [MESSAGE][PASSED] - Text 'Breed 1' is set on object 'Object Repository/Backoffice/match_mgmt/meron_details/input_meron_breed'

2018-11-29 10:55:06 - [TEST_STEP][PASSED] - setText: Text 'Weight 1' is set on object 'Object Repository/Backoffice/match_mgmt/meron_details/input_meron_weight'

2018-11-29 10:55:07 - [MESSAGE][PASSED] - Text 'Weight 1' is set on object 'Object Repository/Backoffice/match_mgmt/meron_details/input_meron_weight'

2018-11-29 10:55:07 - [TEST_STEP][PASSED] - setText: Text 'BB' is set on object 'Object Repository/Backoffice/match_mgmt/wala_details/input_wala_name'

2018-11-29 10:55:07 - [MESSAGE][PASSED] - Text 'BB' is set on object 'Object Repository/Backoffice/match_mgmt/wala_details/input_wala_name'

2018-11-29 10:55:07 - [TEST_STEP][PASSED] - setText: Text 'Farm 2' is set on object 'Object Repository/Backoffice/match_mgmt/wala_details/input_wala_farm'

2018-11-29 10:55:07 - [MESSAGE][PASSED] - Text 'Farm 2' is set on object 'Object Repository/Backoffice/match_mgmt/wala_details/input_wala_farm'

2018-11-29 10:55:07 - [TEST_STEP][PASSED] - setText: Text 'Breed 2' is set on object 'Object Repository/Backoffice/match_mgmt/wala_details/input_wala_breed'

2018-11-29 10:55:08 - [MESSAGE][PASSED] - Text 'Breed 2' is set on object 'Object Repository/Backoffice/match_mgmt/wala_details/input_wala_breed'

2018-11-29 10:55:08 - [TEST_STEP][PASSED] - setText: Text 'Weight 2' is set on object 'Object Repository/Backoffice/match_mgmt/wala_details/input_wala_weight'

2018-11-29 10:55:08 - [MESSAGE][PASSED] - Text 'Weight 2' is set on object 'Object Repository/Backoffice/match_mgmt/wala_details/input_wala_weight'

2018-11-29 10:55:08 - [TEST_STEP][PASSED] - click: Object: 'Object Repository/Backoffice/match_mgmt/input_submit_match' is clicked on

2018-11-29 10:55:12 - [MESSAGE][PASSED] - Object: 'Object Repository/Backoffice/match_mgmt/input_submit_match' is clicked on

2018-11-29 10:55:12 - [TEST_STEP][PASSED] - delay: Delayed 1 second(s)

2018-11-29 10:55:13 - [MESSAGE][PASSED] - Delayed 1 second(s)

2018-11-29 10:55:13 - [TEST_STEP][PASSED] - click: Object: 'Object Repository/Backoffice/match_mgmt/button_create_match' is clicked on

2018-11-29 10:55:13 - [MESSAGE][PASSED] - Object: 'Object Repository/Backoffice/match_mgmt/button_create_match' is clicked on

2018-11-29 10:55:13 - [TEST_STEP][PASSED] - delay: Delayed 1 second(s)

2018-11-29 10:55:14 - [MESSAGE][PASSED] - Delayed 1 second(s)

2018-11-29 10:55:14 - [TEST_STEP][PASSED] - click: Object: 'Object Repository/Backoffice/match_mgmt/span_select_arena_name' is clicked on

2018-11-29 10:55:14 - [MESSAGE][PASSED] - Object: 'Object Repository/Backoffice/match_mgmt/span_select_arena_name' is clicked on

2018-11-29 10:55:14 - [TEST_STEP][PASSED] - setText: Text 'ALIXANDRA SPORTS COMPLEX - ASC' is set on object 'Object Repository/Backoffice/match_mgmt/input__select2-search__arena_name'

2018-11-29 10:55:16 - [MESSAGE][PASSED] - Text 'ALIXANDRA SPORTS COMPLEX - ASC' is set on object 'Object Repository/Backoffice/match_mgmt/input__select2-search__arena_name'

2018-11-29 10:55:16 - [TEST_STEP][PASSED] - sendKeys: Keys 'ENTER + ' sent to object: 'Object Repository/Backoffice/match_mgmt/input__select2-search__arena_name'

2018-11-29 10:55:16 - [MESSAGE][PASSED] - Keys 'ENTER + ' sent to object: 'Object Repository/Backoffice/match_mgmt/input__select2-search__arena_name'

2018-11-29 10:55:16 - [TEST_STEP][PASSED] - setText: Text 'AA' is set on object 'Object Repository/Backoffice/match_mgmt/meron_details/input_meron_name'

2018-11-29 10:55:16 - [MESSAGE][PASSED] - Text 'AA' is set on object 'Object Repository/Backoffice/match_mgmt/meron_details/input_meron_name'

2018-11-29 10:55:16 - [TEST_STEP][PASSED] - setText: Text 'Farm 1' is set on object 'Object Repository/Backoffice/match_mgmt/meron_details/input_meron_farm'

2018-11-29 10:55:17 - [MESSAGE][PASSED] - Text 'Farm 1' is set on object 'Object Repository/Backoffice/match_mgmt/meron_details/input_meron_farm'

2018-11-29 10:55:17 - [TEST_STEP][PASSED] - setText: Text 'Breed 1' is set on object 'Object Repository/Backoffice/match_mgmt/meron_details/input_meron_breed'

2018-11-29 10:55:17 - [MESSAGE][PASSED] - Text 'Breed 1' is set on object 'Object Repository/Backoffice/match_mgmt/meron_details/input_meron_breed'

2018-11-29 10:55:17 - [TEST_STEP][PASSED] - setText: Text 'Weight 1' is set on object 'Object Repository/Backoffice/match_mgmt/meron_details/input_meron_weight'

2018-11-29 10:55:18 - [MESSAGE][PASSED] - Text 'Weight 1' is set on object 'Object Repository/Backoffice/match_mgmt/meron_details/input_meron_weight'

2018-11-29 10:55:18 - [TEST_STEP][PASSED] - setText: Text 'BB' is set on object 'Object Repository/Backoffice/match_mgmt/wala_details/input_wala_name'

2018-11-29 10:55:18 - [MESSAGE][PASSED] - Text 'BB' is set on object 'Object Repository/Backoffice/match_mgmt/wala_details/input_wala_name'

2018-11-29 10:55:18 - [TEST_STEP][PASSED] - setText: Text 'Farm 2' is set on object 'Object Repository/Backoffice/match_mgmt/wala_details/input_wala_farm'

2018-11-29 10:55:18 - [MESSAGE][PASSED] - Text 'Farm 2' is set on object 'Object Repository/Backoffice/match_mgmt/wala_details/input_wala_farm'

2018-11-29 10:55:18 - [TEST_STEP][PASSED] - setText: Text 'Breed 2' is set on object 'Object Repository/Backoffice/match_mgmt/wala_details/input_wala_breed'

2018-11-29 10:55:19 - [MESSAGE][PASSED] - Text 'Breed 2' is set on object 'Object Repository/Backoffice/match_mgmt/wala_details/input_wala_breed'

2018-11-29 10:55:19 - [TEST_STEP][PASSED] - setText: Text 'Weight 2' is set on object 'Object Repository/Backoffice/match_mgmt/wala_details/input_wala_weight'

2018-11-29 10:55:19 - [MESSAGE][PASSED] - Text 'Weight 2' is set on object 'Object Repository/Backoffice/match_mgmt/wala_details/input_wala_weight'

2018-11-29 10:55:19 - [TEST_STEP][PASSED] - click: Object: 'Object Repository/Backoffice/match_mgmt/input_submit_match' is clicked on

2018-11-29 10:55:22 - [MESSAGE][PASSED] - Object: 'Object Repository/Backoffice/match_mgmt/input_submit_match' is clicked on

2018-11-29 10:55:22 - [TEST_STEP][PASSED] - delay: Delayed 1 second(s)

2018-11-29 10:55:23 - [MESSAGE][PASSED] - Delayed 1 second(s)

2018-11-29 10:55:23 - [TEST_STEP][PASSED] - click: Object: 'Object Repository/Backoffice/match_mgmt/button_create_match' is clicked on

2018-11-29 10:55:23 - [MESSAGE][PASSED] - Object: 'Object Repository/Backoffice/match_mgmt/button_create_match' is clicked on

2018-11-29 10:55:23 - [TEST_STEP][PASSED] - delay: Delayed 1 second(s)

2018-11-29 10:55:24 - [MESSAGE][PASSED] - Delayed 1 second(s)

2018-11-29 10:55:24 - [TEST_STEP][PASSED] - click: Object: 'Object Repository/Backoffice/match_mgmt/span_select_arena_name' is clicked on

2018-11-29 10:55:25 - [MESSAGE][PASSED] - Object: 'Object Repository/Backoffice/match_mgmt/span_select_arena_name' is clicked on

2018-11-29 10:55:25 - [TEST_STEP][PASSED] - setText: Text 'ALIXANDRA SPORTS COMPLEX - ASC' is set on object 'Object Repository/Backoffice/match_mgmt/input__select2-search__arena_name'

2018-11-29 10:55:27 - [MESSAGE][PASSED] - Text 'ALIXANDRA SPORTS COMPLEX - ASC' is set on object 'Object Repository/Backoffice/match_mgmt/input__select2-search__arena_name'

2018-11-29 10:55:27 - [TEST_STEP][PASSED] - sendKeys: Keys 'ENTER + ' sent to object: 'Object Repository/Backoffice/match_mgmt/input__select2-search__arena_name'

2018-11-29 10:55:27 - [MESSAGE][PASSED] - Keys 'ENTER + ' sent to object: 'Object Repository/Backoffice/match_mgmt/input__select2-search__arena_name'

2018-11-29 10:55:27 - [TEST_STEP][PASSED] - setText: Text 'AA' is set on object 'Object Repository/Backoffice/match_mgmt/meron_details/input_meron_name'

2018-11-29 10:55:27 - [MESSAGE][PASSED] - Text 'AA' is set on object 'Object Repository/Backoffice/match_mgmt/meron_details/input_meron_name'

2018-11-29 10:55:27 - [TEST_STEP][PASSED] - setText: Text 'Farm 1' is set on object 'Object Repository/Backoffice/match_mgmt/meron_details/input_meron_farm'

2018-11-29 10:55:27 - [MESSAGE][PASSED] - Text 'Farm 1' is set on object 'Object Repository/Backoffice/match_mgmt/meron_details/input_meron_farm'

2018-11-29 10:55:27 - [TEST_STEP][PASSED] - setText: Text 'Breed 1' is set on object 'Object Repository/Backoffice/match_mgmt/meron_details/input_meron_breed'

2018-11-29 10:55:28 - [MESSAGE][PASSED] - Text 'Breed 1' is set on object 'Object Repository/Backoffice/match_mgmt/meron_details/input_meron_breed'

2018-11-29 10:55:28 - [TEST_STEP][PASSED] - setText: Text 'Weight 1' is set on object 'Object Repository/Backoffice/match_mgmt/meron_details/input_meron_weight'

2018-11-29 10:55:28 - [MESSAGE][PASSED] - Text 'Weight 1' is set on object 'Object Repository/Backoffice/match_mgmt/meron_details/input_meron_weight'

2018-11-29 10:55:28 - [TEST_STEP][PASSED] - setText: Text 'BB' is set on object 'Object Repository/Backoffice/match_mgmt/wala_details/input_wala_name'

2018-11-29 10:55:28 - [MESSAGE][PASSED] - Text 'BB' is set on object 'Object Repository/Backoffice/match_mgmt/wala_details/input_wala_name'

2018-11-29 10:55:28 - [TEST_STEP][PASSED] - setText: Text 'Farm 2' is set on object 'Object Repository/Backoffice/match_mgmt/wala_details/input_wala_farm'

2018-11-29 10:55:29 - [MESSAGE][PASSED] - Text 'Farm 2' is set on object 'Object Repository/Backoffice/match_mgmt/wala_details/input_wala_farm'

2018-11-29 10:55:29 - [TEST_STEP][PASSED] - setText: Text 'Breed 2' is set on object 'Object Repository/Backoffice/match_mgmt/wala_details/input_wala_breed'

2018-11-29 10:55:29 - [MESSAGE][PASSED] - Text 'Breed 2' is set on object 'Object Repository/Backoffice/match_mgmt/wala_details/input_wala_breed'

2018-11-29 10:55:29 - [TEST_STEP][PASSED] - setText: Text 'Weight 2' is set on object 'Object Repository/Backoffice/match_mgmt/wala_details/input_wala_weight'

2018-11-29 10:55:30 - [MESSAGE][PASSED] - Text 'Weight 2' is set on object 'Object Repository/Backoffice/match_mgmt/wala_details/input_wala_weight'

2018-11-29 10:55:30 - [TEST_STEP][PASSED] - click: Object: 'Object Repository/Backoffice/match_mgmt/input_submit_match' is clicked on

2018-11-29 10:55:33 - [MESSAGE][PASSED] - Object: 'Object Repository/Backoffice/match_mgmt/input_submit_match' is clicked on

2018-11-29 10:55:33 - [TEST_STEP][PASSED] - delay: Delayed 1 second(s)

2018-11-29 10:55:34 - [MESSAGE][PASSED] - Delayed 1 second(s)

2018-11-29 10:55:34 - [TEST_STEP][PASSED] - click: Object: 'Object Repository/Backoffice/match_mgmt/button_create_match' is clicked on

2018-11-29 10:55:34 - [MESSAGE][PASSED] - Object: 'Object Repository/Backoffice/match_mgmt/button_create_match' is clicked on

2018-11-29 10:55:34 - [TEST_STEP][PASSED] - delay: Delayed 1 second(s)

2018-11-29 10:55:35 - [MESSAGE][PASSED] - Delayed 1 second(s)

2018-11-29 10:55:35 - [TEST_STEP][PASSED] - click: Object: 'Object Repository/Backoffice/match_mgmt/span_select_arena_name' is clicked on

2018-11-29 10:55:35 - [MESSAGE][PASSED] - Object: 'Object Repository/Backoffice/match_mgmt/span_select_arena_name' is clicked on

2018-11-29 10:55:35 - [TEST_STEP][PASSED] - setText: Text 'ALIXANDRA SPORTS COMPLEX - ASC' is set on object 'Object Repository/Backoffice/match_mgmt/input__select2-search__arena_name'

2018-11-29 10:55:37 - [MESSAGE][PASSED] - Text 'ALIXANDRA SPORTS COMPLEX - ASC' is set on object 'Object Repository/Backoffice/match_mgmt/input__select2-search__arena_name'

2018-11-29 10:55:37 - [TEST_STEP][PASSED] - sendKeys: Keys 'ENTER + ' sent to object: 'Object Repository/Backoffice/match_mgmt/input__select2-search__arena_name'

2018-11-29 10:55:37 - [MESSAGE][PASSED] - Keys 'ENTER + ' sent to object: 'Object Repository/Backoffice/match_mgmt/input__select2-search__arena_name'

2018-11-29 10:55:37 - [TEST_STEP][PASSED] - setText: Text 'AA' is set on object 'Object Repository/Backoffice/match_mgmt/meron_details/input_meron_name'

2018-11-29 10:55:37 - [MESSAGE][PASSED] - Text 'AA' is set on object 'Object Repository/Backoffice/match_mgmt/meron_details/input_meron_name'

2018-11-29 10:55:37 - [TEST_STEP][PASSED] - setText: Text 'Farm 1' is set on object 'Object Repository/Backoffice/match_mgmt/meron_details/input_meron_farm'

2018-11-29 10:55:38 - [MESSAGE][PASSED] - Text 'Farm 1' is set on object 'Object Repository/Backoffice/match_mgmt/meron_details/input_meron_farm'

2018-11-29 10:55:38 - [TEST_STEP][PASSED] - setText: Text 'Breed 1' is set on object 'Object Repository/Backoffice/match_mgmt/meron_details/input_meron_breed'

2018-11-29 10:55:38 - [MESSAGE][PASSED] - Text 'Breed 1' is set on object 'Object Repository/Backoffice/match_mgmt/meron_details/input_meron_breed'

2018-11-29 10:55:38 - [TEST_STEP][PASSED] - setText: Text 'Weight 1' is set on object 'Object Repository/Backoffice/match_mgmt/meron_details/input_meron_weight'

2018-11-29 10:55:39 - [MESSAGE][PASSED] - Text 'Weight 1' is set on object 'Object Repository/Backoffice/match_mgmt/meron_details/input_meron_weight'

2018-11-29 10:55:39 - [TEST_STEP][PASSED] - setText: Text 'BB' is set on object 'Object Repository/Backoffice/match_mgmt/wala_details/input_wala_name'

2018-11-29 10:55:39 - [MESSAGE][PASSED] - Text 'BB' is set on object 'Object Repository/Backoffice/match_mgmt/wala_details/input_wala_name'

2018-11-29 10:55:39 - [TEST_STEP][PASSED] - setText: Text 'Farm 2' is set on object 'Object Repository/Backoffice/match_mgmt/wala_details/input_wala_farm'

2018-11-29 10:55:39 - [MESSAGE][PASSED] - Text 'Farm 2' is set on object 'Object Repository/Backoffice/match_mgmt/wala_details/input_wala_farm'

2018-11-29 10:55:39 - [TEST_STEP][PASSED] - setText: Text 'Breed 2' is set on object 'Object Repository/Backoffice/match_mgmt/wala_details/input_wala_breed'

2018-11-29 10:55:40 - [MESSAGE][PASSED] - Text 'Breed 2' is set on object 'Object Repository/Backoffice/match_mgmt/wala_details/input_wala_breed'

2018-11-29 10:55:40 - [TEST_STEP][PASSED] - setText: Text 'Weight 2' is set on object 'Object Repository/Backoffice/match_mgmt/wala_details/input_wala_weight'

2018-11-29 10:55:40 - [MESSAGE][PASSED] - Text 'Weight 2' is set on object 'Object Repository/Backoffice/match_mgmt/wala_details/input_wala_weight'

2018-11-29 10:55:40 - [TEST_STEP][PASSED] - click: Object: 'Object Repository/Backoffice/match_mgmt/input_submit_match' is clicked on

2018-11-29 10:55:43 - [MESSAGE][PASSED] - Object: 'Object Repository/Backoffice/match_mgmt/input_submit_match' is clicked on

2018-11-29 10:55:43 - [TEST_STEP][PASSED] - delay: Delayed 1 second(s)

2018-11-29 10:55:44 - [MESSAGE][PASSED] - Delayed 1 second(s)

2018-11-29 10:55:44 - [TEST_STEP][PASSED] - click: Object: 'Object Repository/Backoffice/match_mgmt/button_create_match' is clicked on

2018-11-29 10:55:44 - [MESSAGE][PASSED] - Object: 'Object Repository/Backoffice/match_mgmt/button_create_match' is clicked on

2018-11-29 10:55:44 - [TEST_STEP][PASSED] - delay: Delayed 1 second(s)

2018-11-29 10:55:45 - [MESSAGE][PASSED] - Delayed 1 second(s)

2018-11-29 10:55:45 - [TEST_STEP][PASSED] - click: Object: 'Object Repository/Backoffice/match_mgmt/span_select_arena_name' is clicked on

2018-11-29 10:55:45 - [MESSAGE][PASSED] - Object: 'Object Repository/Backoffice/match_mgmt/span_select_arena_name' is clicked on

2018-11-29 10:55:45 - [TEST_STEP][PASSED] - setText: Text 'ALIXANDRA SPORTS COMPLEX - ASC' is set on object 'Object Repository/Backoffice/match_mgmt/input__select2-search__arena_name'

2018-11-29 10:55:47 - [MESSAGE][PASSED] - Text 'ALIXANDRA SPORTS COMPLEX - ASC' is set on object 'Object Repository/Backoffice/match_mgmt/input__select2-search__arena_name'

2018-11-29 10:55:47 - [TEST_STEP][PASSED] - sendKeys: Keys 'ENTER + ' sent to object: 'Object Repository/Backoffice/match_mgmt/input__select2-search__arena_name'

2018-11-29 10:55:47 - [MESSAGE][PASSED] - Keys 'ENTER + ' sent to object: 'Object Repository/Backoffice/match_mgmt/input__select2-search__arena_name'

2018-11-29 10:55:47 - [TEST_STEP][PASSED] - setText: Text 'AA' is set on object 'Object Repository/Backoffice/match_mgmt/meron_details/input_meron_name'

2018-11-29 10:55:48 - [MESSAGE][PASSED] - Text 'AA' is set on object 'Object Repository/Backoffice/match_mgmt/meron_details/input_meron_name'

2018-11-29 10:55:48 - [TEST_STEP][PASSED] - setText: Text 'Farm 1' is set on object 'Object Repository/Backoffice/match_mgmt/meron_details/input_meron_farm'

2018-11-29 10:55:48 - [MESSAGE][PASSED] - Text 'Farm 1' is set on object 'Object Repository/Backoffice/match_mgmt/meron_details/input_meron_farm'

2018-11-29 10:55:48 - [TEST_STEP][PASSED] - setText: Text 'Breed 1' is set on object 'Object Repository/Backoffice/match_mgmt/meron_details/input_meron_breed'

2018-11-29 10:55:49 - [MESSAGE][PASSED] - Text 'Breed 1' is set on object 'Object Repository/Backoffice/match_mgmt/meron_details/input_meron_breed'

2018-11-29 10:55:49 - [TEST_STEP][PASSED] - setText: Text 'Weight 1' is set on object 'Object Repository/Backoffice/match_mgmt/meron_details/input_meron_weight'

2018-11-29 10:55:49 - [MESSAGE][PASSED] - Text 'Weight 1' is set on object 'Object Repository/Backoffice/match_mgmt/meron_details/input_meron_weight'

2018-11-29 10:55:49 - [TEST_STEP][PASSED] - setText: Text 'BB' is set on object 'Object Repository/Backoffice/match_mgmt/wala_details/input_wala_name'

2018-11-29 10:55:49 - [MESSAGE][PASSED] - Text 'BB' is set on object 'Object Repository/Backoffice/match_mgmt/wala_details/input_wala_name'

2018-11-29 10:55:49 - [TEST_STEP][PASSED] - setText: Text 'Farm 2' is set on object 'Object Repository/Backoffice/match_mgmt/wala_details/input_wala_farm'

2018-11-29 10:55:50 - [MESSAGE][PASSED] - Text 'Farm 2' is set on object 'Object Repository/Backoffice/match_mgmt/wala_details/input_wala_farm'

2018-11-29 10:55:50 - [TEST_STEP][PASSED] - setText: Text 'Breed 2' is set on object 'Object Repository/Backoffice/match_mgmt/wala_details/input_wala_breed'

2018-11-29 10:55:50 - [MESSAGE][PASSED] - Text 'Breed 2' is set on object 'Object Repository/Backoffice/match_mgmt/wala_details/input_wala_breed'

2018-11-29 10:55:50 - [TEST_STEP][PASSED] - setText: Text 'Weight 2' is set on object 'Object Repository/Backoffice/match_mgmt/wala_details/input_wala_weight'

2018-11-29 10:55:50 - [MESSAGE][PASSED] - Text 'Weight 2' is set on object 'Object Repository/Backoffice/match_mgmt/wala_details/input_wala_weight'

2018-11-29 10:55:50 - [TEST_STEP][PASSED] - click: Object: 'Object Repository/Backoffice/match_mgmt/input_submit_match' is clicked on

2018-11-29 10:55:53 - [MESSAGE][PASSED] - Object: 'Object Repository/Backoffice/match_mgmt/input_submit_match' is clicked on

2018-11-29 10:55:53 - [TEST_STEP][PASSED] - delay: Delayed 1 second(s)

2018-11-29 10:55:54 - [MESSAGE][PASSED] - Delayed 1 second(s)

2018-11-29 10:55:54 - [TEST_STEP][PASSED] - click: Object: 'Object Repository/Backoffice/match_mgmt/button_create_match' is clicked on

2018-11-29 10:55:55 - [MESSAGE][PASSED] - Object: 'Object Repository/Backoffice/match_mgmt/button_create_match' is clicked on

2018-11-29 10:55:55 - [TEST_STEP][PASSED] - delay: Delayed 1 second(s)

2018-11-29 10:55:56 - [MESSAGE][PASSED] - Delayed 1 second(s)

2018-11-29 10:55:56 - [TEST_STEP][PASSED] - click: Object: 'Object Repository/Backoffice/match_mgmt/span_select_arena_name' is clicked on

2018-11-29 10:55:56 - [MESSAGE][PASSED] - Object: 'Object Repository/Backoffice/match_mgmt/span_select_arena_name' is clicked on

2018-11-29 10:55:56 - [TEST_STEP][PASSED] - setText: Text 'ALIXANDRA SPORTS COMPLEX - ASC' is set on object 'Object Repository/Backoffice/match_mgmt/input__select2-search__arena_name'

2018-11-29 10:55:58 - [MESSAGE][PASSED] - Text 'ALIXANDRA SPORTS COMPLEX - ASC' is set on object 'Object Repository/Backoffice/match_mgmt/input__select2-search__arena_name'

2018-11-29 10:55:58 - [TEST_STEP][PASSED] - sendKeys: Keys 'ENTER + ' sent to object: 'Object Repository/Backoffice/match_mgmt/input__select2-search__arena_name'

2018-11-29 10:55:58 - [MESSAGE][PASSED] - Keys 'ENTER + ' sent to object: 'Object Repository/Backoffice/match_mgmt/input__select2-search__arena_name'

2018-11-29 10:55:58 - [TEST_STEP][PASSED] - setText: Text 'AA' is set on object 'Object Repository/Backoffice/match_mgmt/meron_details/input_meron_name'

2018-11-29 10:55:58 - [MESSAGE][PASSED] - Text 'AA' is set on object 'Object Repository/Backoffice/match_mgmt/meron_details/input_meron_name'

2018-11-29 10:55:58 - [TEST_STEP][PASSED] - setText: Text 'Farm 1' is set on object 'Object Repository/Backoffice/match_mgmt/meron_details/input_meron_farm'

2018-11-29 10:55:59 - [MESSAGE][PASSED] - Text 'Farm 1' is set on object 'Object Repository/Backoffice/match_mgmt/meron_details/input_meron_farm'

2018-11-29 10:55:59 - [TEST_STEP][PASSED] - setText: Text 'Breed 1' is set on object 'Object Repository/Backoffice/match_mgmt/meron_details/input_meron_breed'

2018-11-29 10:55:59 - [MESSAGE][PASSED] - Text 'Breed 1' is set on object 'Object Repository/Backoffice/match_mgmt/meron_details/input_meron_breed'

2018-11-29 10:55:59 - [TEST_STEP][PASSED] - setText: Text 'Weight 1' is set on object 'Object Repository/Backoffice/match_mgmt/meron_details/input_meron_weight'

2018-11-29 10:55:59 - [MESSAGE][PASSED] - Text 'Weight 1' is set on object 'Object Repository/Backoffice/match_mgmt/meron_details/input_meron_weight'

2018-11-29 10:55:59 - [TEST_STEP][PASSED] - setText: Text 'BB' is set on object 'Object Repository/Backoffice/match_mgmt/wala_details/input_wala_name'

2018-11-29 10:56:00 - [MESSAGE][PASSED] - Text 'BB' is set on object 'Object Repository/Backoffice/match_mgmt/wala_details/input_wala_name'

2018-11-29 10:56:00 - [TEST_STEP][PASSED] - setText: Text 'Farm 2' is set on object 'Object Repository/Backoffice/match_mgmt/wala_details/input_wala_farm'

2018-11-29 10:56:00 - [MESSAGE][PASSED] - Text 'Farm 2' is set on object 'Object Repository/Backoffice/match_mgmt/wala_details/input_wala_farm'

2018-11-29 10:56:00 - [TEST_STEP][PASSED] - setText: Text 'Breed 2' is set on object 'Object Repository/Backoffice/match_mgmt/wala_details/input_wala_breed'

2018-11-29 10:56:01 - [MESSAGE][PASSED] - Text 'Breed 2' is set on object 'Object Repository/Backoffice/match_mgmt/wala_details/input_wala_breed'

2018-11-29 10:56:01 - [TEST_STEP][PASSED] - setText: Text 'Weight 2' is set on object 'Object Repository/Backoffice/match_mgmt/wala_details/input_wala_weight'

2018-11-29 10:56:01 - [MESSAGE][PASSED] - Text 'Weight 2' is set on object 'Object Repository/Backoffice/match_mgmt/wala_details/input_wala_weight'

2018-11-29 10:56:01 - [TEST_STEP][PASSED] - click: Object: 'Object Repository/Backoffice/match_mgmt/input_submit_match' is clicked on

2018-11-29 10:56:04 - [MESSAGE][PASSED] - Object: 'Object Repository/Backoffice/match_mgmt/input_submit_match' is clicked on

2018-11-29 10:56:04 - [TEST_STEP][PASSED] - delay: Delayed 1 second(s)

2018-11-29 10:56:05 - [MESSAGE][PASSED] - Delayed 1 second(s)

2018-11-29 10:56:05 - [TEST_STEP][PASSED] - click: Object: 'Object Repository/Backoffice/match_mgmt/button_create_match' is clicked on

2018-11-29 10:56:06 - [MESSAGE][PASSED] - Object: 'Object Repository/Backoffice/match_mgmt/button_create_match' is clicked on

2018-11-29 10:56:06 - [TEST_STEP][PASSED] - delay: Delayed 1 second(s)

2018-11-29 10:56:07 - [MESSAGE][PASSED] - Delayed 1 second(s)

2018-11-29 10:56:07 - [TEST_STEP][PASSED] - click: Object: 'Object Repository/Backoffice/match_mgmt/span_select_arena_name' is clicked on

2018-11-29 10:56:07 - [MESSAGE][PASSED] - Object: 'Object Repository/Backoffice/match_mgmt/span_select_arena_name' is clicked on

2018-11-29 10:56:07 - [TEST_STEP][PASSED] - setText: Text 'ALIXANDRA SPORTS COMPLEX - ASC' is set on object 'Object Repository/Backoffice/match_mgmt/input__select2-search__arena_name'

2018-11-29 10:56:09 - [MESSAGE][PASSED] - Text 'ALIXANDRA SPORTS COMPLEX - ASC' is set on object 'Object Repository/Backoffice/match_mgmt/input__select2-search__arena_name'

2018-11-29 10:56:09 - [TEST_STEP][PASSED] - sendKeys: Keys 'ENTER + ' sent to object: 'Object Repository/Backoffice/match_mgmt/input__select2-search__arena_name'

2018-11-29 10:56:09 - [MESSAGE][PASSED] - Keys 'ENTER + ' sent to object: 'Object Repository/Backoffice/match_mgmt/input__select2-search__arena_name'

2018-11-29 10:56:09 - [TEST_STEP][PASSED] - setText: Text 'AA' is set on object 'Object Repository/Backoffice/match_mgmt/meron_details/input_meron_name'

2018-11-29 10:56:09 - [MESSAGE][PASSED] - Text 'AA' is set on object 'Object Repository/Backoffice/match_mgmt/meron_details/input_meron_name'

2018-11-29 10:56:09 - [TEST_STEP][PASSED] - setText: Text 'Farm 1' is set on object 'Object Repository/Backoffice/match_mgmt/meron_details/input_meron_farm'

2018-11-29 10:56:10 - [MESSAGE][PASSED] - Text 'Farm 1' is set on object 'Object Repository/Backoffice/match_mgmt/meron_details/input_meron_farm'

2018-11-29 10:56:10 - [TEST_STEP][PASSED] - setText: Text 'Breed 1' is set on object 'Object Repository/Backoffice/match_mgmt/meron_details/input_meron_breed'

2018-11-29 10:56:10 - [MESSAGE][PASSED] - Text 'Breed 1' is set on object 'Object Repository/Backoffice/match_mgmt/meron_details/input_meron_breed'

2018-11-29 10:56:10 - [TEST_STEP][PASSED] - setText: Text 'Weight 1' is set on object 'Object Repository/Backoffice/match_mgmt/meron_details/input_meron_weight'

2018-11-29 10:56:11 - [MESSAGE][PASSED] - Text 'Weight 1' is set on object 'Object Repository/Backoffice/match_mgmt/meron_details/input_meron_weight'

2018-11-29 10:56:11 - [TEST_STEP][PASSED] - setText: Text 'BB' is set on object 'Object Repository/Backoffice/match_mgmt/wala_details/input_wala_name'

2018-11-29 10:56:11 - [MESSAGE][PASSED] - Text 'BB' is set on object 'Object Repository/Backoffice/match_mgmt/wala_details/input_wala_name'

2018-11-29 10:56:11 - [TEST_STEP][PASSED] - setText: Text 'Farm 2' is set on object 'Object Repository/Backoffice/match_mgmt/wala_details/input_wala_farm'

2018-11-29 10:56:11 - [MESSAGE][PASSED] - Text 'Farm 2' is set on object 'Object Repository/Backoffice/match_mgmt/wala_details/input_wala_farm'

2018-11-29 10:56:11 - [TEST_STEP][PASSED] - setText: Text 'Breed 2' is set on object 'Object Repository/Backoffice/match_mgmt/wala_details/input_wala_breed'

2018-11-29 10:56:12 - [MESSAGE][PASSED] - Text 'Breed 2' is set on object 'Object Repository/Backoffice/match_mgmt/wala_details/input_wala_breed'

2018-11-29 10:56:12 - [TEST_STEP][PASSED] - setText: Text 'Weight 2' is set on object 'Object Repository/Backoffice/match_mgmt/wala_details/input_wala_weight'

2018-11-29 10:56:12 - [MESSAGE][PASSED] - Text 'Weight 2' is set on object 'Object Repository/Backoffice/match_mgmt/wala_details/input_wala_weight'

2018-11-29 10:56:12 - [TEST_STEP][PASSED] - click: Object: 'Object Repository/Backoffice/match_mgmt/input_submit_match' is clicked on

2018-11-29 10:56:15 - [MESSAGE][PASSED] - Object: 'Object Repository/Backoffice/match_mgmt/input_submit_match' is clicked on

2018-11-29 10:56:15 - [TEST_STEP][PASSED] - delay: Delayed 1 second(s)

2018-11-29 10:56:16 - [MESSAGE][PASSED] - Delayed 1 second(s)

2018-11-29 10:56:16 - [TEST_STEP][PASSED] - click: Object: 'Object Repository/Backoffice/match_mgmt/button_create_match' is clicked on

2018-11-29 10:56:16 - [MESSAGE][PASSED] - Object: 'Object Repository/Backoffice/match_mgmt/button_create_match' is clicked on

2018-11-29 10:56:16 - [TEST_STEP][PASSED] - delay: Delayed 1 second(s)

2018-11-29 10:56:17 - [MESSAGE][PASSED] - Delayed 1 second(s)

2018-11-29 10:56:17 - [TEST_STEP][PASSED] - click: Object: 'Object Repository/Backoffice/match_mgmt/span_select_arena_name' is clicked on

2018-11-29 10:56:18 - [MESSAGE][PASSED] - Object: 'Object Repository/Backoffice/match_mgmt/span_select_arena_name' is clicked on

2018-11-29 10:56:18 - [TEST_STEP][PASSED] - setText: Text 'ALIXANDRA SPORTS COMPLEX - ASC' is set on object 'Object Repository/Backoffice/match_mgmt/input__select2-search__arena_name'

2018-11-29 10:56:20 - [MESSAGE][PASSED] - Text 'ALIXANDRA SPORTS COMPLEX - ASC' is set on object 'Object Repository/Backoffice/match_mgmt/input__select2-search__arena_name'

2018-11-29 10:56:20 - [TEST_STEP][PASSED] - sendKeys: Keys 'ENTER + ' sent to object: 'Object Repository/Backoffice/match_mgmt/input__select2-search__arena_name'

2018-11-29 10:56:20 - [MESSAGE][PASSED] - Keys 'ENTER + ' sent to object: 'Object Repository/Backoffice/match_mgmt/input__select2-search__arena_name'

2018-11-29 10:56:20 - [TEST_STEP][PASSED] - setText: Text 'AA' is set on object 'Object Repository/Backoffice/match_mgmt/meron_details/input_meron_name'

2018-11-29 10:56:20 - [MESSAGE][PASSED] - Text 'AA' is set on object 'Object Repository/Backoffice/match_mgmt/meron_details/input_meron_name'

2018-11-29 10:56:20 - [TEST_STEP][PASSED] - setText: Text 'Farm 1' is set on object 'Object Repository/Backoffice/match_mgmt/meron_details/input_meron_farm'

2018-11-29 10:56:20 - [MESSAGE][PASSED] - Text 'Farm 1' is set on object 'Object Repository/Backoffice/match_mgmt/meron_details/input_meron_farm'

2018-11-29 10:56:20 - [TEST_STEP][PASSED] - setText: Text 'Breed 1' is set on object 'Object Repository/Backoffice/match_mgmt/meron_details/input_meron_breed'

2018-11-29 10:56:21 - [MESSAGE][PASSED] - Text 'Breed 1' is set on object 'Object Repository/Backoffice/match_mgmt/meron_details/input_meron_breed'

2018-11-29 10:56:21 - [TEST_STEP][PASSED] - setText: Text 'Weight 1' is set on object 'Object Repository/Backoffice/match_mgmt/meron_details/input_meron_weight'

2018-11-29 10:56:21 - [MESSAGE][PASSED] - Text 'Weight 1' is set on object 'Object Repository/Backoffice/match_mgmt/meron_details/input_meron_weight'

2018-11-29 10:56:21 - [TEST_STEP][PASSED] - setText: Text 'BB' is set on object 'Object Repository/Backoffice/match_mgmt/wala_details/input_wala_name'

2018-11-29 10:56:22 - [MESSAGE][PASSED] - Text 'BB' is set on object 'Object Repository/Backoffice/match_mgmt/wala_details/input_wala_name'

2018-11-29 10:56:22 - [TEST_STEP][PASSED] - setText: Text 'Farm 2' is set on object 'Object Repository/Backoffice/match_mgmt/wala_details/input_wala_farm'

2018-11-29 10:56:22 - [MESSAGE][PASSED] - Text 'Farm 2' is set on object 'Object Repository/Backoffice/match_mgmt/wala_details/input_wala_farm'

2018-11-29 10:56:22 - [TEST_STEP][PASSED] - setText: Text 'Breed 2' is set on object 'Object Repository/Backoffice/match_mgmt/wala_details/input_wala_breed'

2018-11-29 10:56:22 - [MESSAGE][PASSED] - Text 'Breed 2' is set on object 'Object Repository/Backoffice/match_mgmt/wala_details/input_wala_breed'

2018-11-29 10:56:22 - [TEST_STEP][PASSED] - setText: Text 'Weight 2' is set on object 'Object Repository/Backoffice/match_mgmt/wala_details/input_wala_weight'

2018-11-29 10:56:23 - [MESSAGE][PASSED] - Text 'Weight 2' is set on object 'Object Repository/Backoffice/match_mgmt/wala_details/input_wala_weight'

2018-11-29 10:56:23 - [TEST_STEP][PASSED] - click: Object: 'Object Repository/Backoffice/match_mgmt/input_submit_match' is clicked on

2018-11-29 10:56:26 - [MESSAGE][PASSED] - Object: 'Object Repository/Backoffice/match_mgmt/input_submit_match' is clicked on

2018-11-29 10:56:26 - [TEST_STEP][PASSED] - delay: Delayed 1 second(s)

2018-11-29 10:56:27 - [MESSAGE][PASSED] - Delayed 1 second(s)

2018-11-29 10:56:27 - [TEST_STEP][PASSED] - click: Object: 'Object Repository/Backoffice/match_mgmt/button_create_match' is clicked on

2018-11-29 10:56:27 - [MESSAGE][PASSED] - Object: 'Object Repository/Backoffice/match_mgmt/button_create_match' is clicked on

2018-11-29 10:56:27 - [TEST_STEP][PASSED] - delay: Delayed 1 second(s)

2018-11-29 10:56:28 - [MESSAGE][PASSED] - Delayed 1 second(s)

2018-11-29 10:56:28 - [TEST_STEP][PASSED] - click: Object: 'Object Repository/Backoffice/match_mgmt/span_select_arena_name' is clicked on

2018-11-29 10:56:28 - [MESSAGE][PASSED] - Object: 'Object Repository/Backoffice/match_mgmt/span_select_arena_name' is clicked on

2018-11-29 10:56:28 - [TEST_STEP][PASSED] - setText: Text 'ALIXANDRA SPORTS COMPLEX - ASC' is set on object 'Object Repository/Backoffice/match_mgmt/input__select2-search__arena_name'

2018-11-29 10:56:30 - [MESSAGE][PASSED] - Text 'ALIXANDRA SPORTS COMPLEX - ASC' is set on object 'Object Repository/Backoffice/match_mgmt/input__select2-search__arena_name'

2018-11-29 10:56:30 - [TEST_STEP][PASSED] - sendKeys: Keys 'ENTER + ' sent to object: 'Object Repository/Backoffice/match_mgmt/input__select2-search__arena_name'

2018-11-29 10:56:30 - [MESSAGE][PASSED] - Keys 'ENTER + ' sent to object: 'Object Repository/Backoffice/match_mgmt/input__select2-search__arena_name'

2018-11-29 10:56:30 - [TEST_STEP][PASSED] - setText: Text 'AA' is set on object 'Object Repository/Backoffice/match_mgmt/meron_details/input_meron_name'

2018-11-29 10:56:30 - [MESSAGE][PASSED] - Text 'AA' is set on object 'Object Repository/Backoffice/match_mgmt/meron_details/input_meron_name'

2018-11-29 10:56:30 - [TEST_STEP][PASSED] - setText: Text 'Farm 1' is set on object 'Object Repository/Backoffice/match_mgmt/meron_details/input_meron_farm'

2018-11-29 10:56:31 - [MESSAGE][PASSED] - Text 'Farm 1' is set on object 'Object Repository/Backoffice/match_mgmt/meron_details/input_meron_farm'

2018-11-29 10:56:31 - [TEST_STEP][PASSED] - setText: Text 'Breed 1' is set on object 'Object Repository/Backoffice/match_mgmt/meron_details/input_meron_breed'

2018-11-29 10:56:31 - [MESSAGE][PASSED] - Text 'Breed 1' is set on object 'Object Repository/Backoffice/match_mgmt/meron_details/input_meron_breed'

2018-11-29 10:56:31 - [TEST_STEP][PASSED] - setText: Text 'Weight 1' is set on object 'Object Repository/Backoffice/match_mgmt/meron_details/input_meron_weight'

2018-11-29 10:56:32 - [MESSAGE][PASSED] - Text 'Weight 1' is set on object 'Object Repository/Backoffice/match_mgmt/meron_details/input_meron_weight'

2018-11-29 10:56:32 - [TEST_STEP][PASSED] - setText: Text 'BB' is set on object 'Object Repository/Backoffice/match_mgmt/wala_details/input_wala_name'

2018-11-29 10:56:32 - [MESSAGE][PASSED] - Text 'BB' is set on object 'Object Repository/Backoffice/match_mgmt/wala_details/input_wala_name'

2018-11-29 10:56:32 - [TEST_STEP][PASSED] - setText: Text 'Farm 2' is set on object 'Object Repository/Backoffice/match_mgmt/wala_details/input_wala_farm'

2018-11-29 10:56:32 - [MESSAGE][PASSED] - Text 'Farm 2' is set on object 'Object Repository/Backoffice/match_mgmt/wala_details/input_wala_farm'

2018-11-29 10:56:32 - [TEST_STEP][PASSED] - setText: Text 'Breed 2' is set on object 'Object Repository/Backoffice/match_mgmt/wala_details/input_wala_breed'

2018-11-29 10:56:33 - [MESSAGE][PASSED] - Text 'Breed 2' is set on object 'Object Repository/Backoffice/match_mgmt/wala_details/input_wala_breed'

2018-11-29 10:56:33 - [TEST_STEP][PASSED] - setText: Text 'Weight 2' is set on object 'Object Repository/Backoffice/match_mgmt/wala_details/input_wala_weight'

2018-11-29 10:56:33 - [MESSAGE][PASSED] - Text 'Weight 2' is set on object 'Object Repository/Backoffice/match_mgmt/wala_details/input_wala_weight'

2018-11-29 10:56:33 - [TEST_STEP][PASSED] - click: Object: 'Object Repository/Backoffice/match_mgmt/input_submit_match' is clicked on

2018-11-29 10:56:36 - [MESSAGE][PASSED] - Object: 'Object Repository/Backoffice/match_mgmt/input_submit_match' is clicked on

2018-11-29 10:56:36 - [TEST_STEP][PASSED] - delay: Delayed 1 second(s)

2018-11-29 10:56:37 - [MESSAGE][PASSED] - Delayed 1 second(s)

2018-11-29 10:56:37 - [TEST_STEP][PASSED] - click: Object: 'Object Repository/Backoffice/match_mgmt/button_create_match' is clicked on

2018-11-29 10:56:37 - [MESSAGE][PASSED] - Object: 'Object Repository/Backoffice/match_mgmt/button_create_match' is clicked on

2018-11-29 10:56:37 - [TEST_STEP][PASSED] - delay: Delayed 1 second(s)

2018-11-29 10:56:38 - [MESSAGE][PASSED] - Delayed 1 second(s)

2018-11-29 10:56:38 - [TEST_STEP][PASSED] - click: Object: 'Object Repository/Backoffice/match_mgmt/span_select_arena_name' is clicked on

2018-11-29 10:56:38 - [MESSAGE][PASSED] - Object: 'Object Repository/Backoffice/match_mgmt/span_select_arena_name' is clicked on

2018-11-29 10:56:38 - [TEST_STEP][PASSED] - setText: Text 'ALIXANDRA SPORTS COMPLEX - ASC' is set on object 'Object Repository/Backoffice/match_mgmt/input__select2-search__arena_name'

2018-11-29 10:56:40 - [MESSAGE][PASSED] - Text 'ALIXANDRA SPORTS COMPLEX - ASC' is set on object 'Object Repository/Backoffice/match_mgmt/input__select2-search__arena_name'

2018-11-29 10:56:40 - [TEST_STEP][PASSED] - sendKeys: Keys 'ENTER + ' sent to object: 'Object Repository/Backoffice/match_mgmt/input__select2-search__arena_name'

2018-11-29 10:56:40 - [MESSAGE][PASSED] - Keys 'ENTER + ' sent to object: 'Object Repository/Backoffice/match_mgmt/input__select2-search__arena_name'

2018-11-29 10:56:40 - [TEST_STEP][PASSED] - setText: Text 'AA' is set on object 'Object Repository/Backoffice/match_mgmt/meron_details/input_meron_name'

2018-11-29 10:56:41 - [MESSAGE][PASSED] - Text 'AA' is set on object 'Object Repository/Backoffice/match_mgmt/meron_details/input_meron_name'

2018-11-29 10:56:41 - [TEST_STEP][PASSED] - setText: Text 'Farm 1' is set on object 'Object Repository/Backoffice/match_mgmt/meron_details/input_meron_farm'

2018-11-29 10:56:41 - [MESSAGE][PASSED] - Text 'Farm 1' is set on object 'Object Repository/Backoffice/match_mgmt/meron_details/input_meron_farm'

2018-11-29 10:56:41 - [TEST_STEP][PASSED] - setText: Text 'Breed 1' is set on object 'Object Repository/Backoffice/match_mgmt/meron_details/input_meron_breed'

2018-11-29 10:56:42 - [MESSAGE][PASSED] - Text 'Breed 1' is set on object 'Object Repository/Backoffice/match_mgmt/meron_details/input_meron_breed'

2018-11-29 10:56:42 - [TEST_STEP][PASSED] - setText: Text 'Weight 1' is set on object 'Object Repository/Backoffice/match_mgmt/meron_details/input_meron_weight'

2018-11-29 10:56:42 - [MESSAGE][PASSED] - Text 'Weight 1' is set on object 'Object Repository/Backoffice/match_mgmt/meron_details/input_meron_weight'

2018-11-29 10:56:42 - [TEST_STEP][PASSED] - setText: Text 'BB' is set on object 'Object Repository/Backoffice/match_mgmt/wala_details/input_wala_name'

2018-11-29 10:56:42 - [MESSAGE][PASSED] - Text 'BB' is set on object 'Object Repository/Backoffice/match_mgmt/wala_details/input_wala_name'

2018-11-29 10:56:42 - [TEST_STEP][PASSED] - setText: Text 'Farm 2' is set on object 'Object Repository/Backoffice/match_mgmt/wala_details/input_wala_farm'

2018-11-29 10:56:43 - [MESSAGE][PASSED] - Text 'Farm 2' is set on object 'Object Repository/Backoffice/match_mgmt/wala_details/input_wala_farm'

2018-11-29 10:56:43 - [TEST_STEP][PASSED] - setText: Text 'Breed 2' is set on object 'Object Repository/Backoffice/match_mgmt/wala_details/input_wala_breed'

2018-11-29 10:56:43 - [MESSAGE][PASSED] - Text 'Breed 2' is set on object 'Object Repository/Backoffice/match_mgmt/wala_details/input_wala_breed'

2018-11-29 10:56:43 - [TEST_STEP][PASSED] - setText: Text 'Weight 2' is set on object 'Object Repository/Backoffice/match_mgmt/wala_details/input_wala_weight'

2018-11-29 10:56:44 - [MESSAGE][PASSED] - Text 'Weight 2' is set on object 'Object Repository/Backoffice/match_mgmt/wala_details/input_wala_weight'

2018-11-29 10:56:44 - [TEST_STEP][PASSED] - click: Object: 'Object Repository/Backoffice/match_mgmt/input_submit_match' is clicked on

2018-11-29 10:56:46 - [MESSAGE][PASSED] - Object: 'Object Repository/Backoffice/match_mgmt/input_submit_match' is clicked on

2018-11-29 10:56:46 - [TEST_STEP][PASSED] - delay: Delayed 1 second(s)

2018-11-29 10:56:47 - [MESSAGE][PASSED] - Delayed 1 second(s)

2018-11-29 10:56:47 - [TEST_STEP][PASSED] - click: Object: 'Object Repository/Backoffice/match_mgmt/button_create_match' is clicked on

2018-11-29 10:56:47 - [MESSAGE][PASSED] - Object: 'Object Repository/Backoffice/match_mgmt/button_create_match' is clicked on

2018-11-29 10:56:47 - [TEST_STEP][PASSED] - delay: Delayed 1 second(s)

2018-11-29 10:56:48 - [MESSAGE][PASSED] - Delayed 1 second(s)

2018-11-29 10:56:48 - [TEST_STEP][PASSED] - click: Object: 'Object Repository/Backoffice/match_mgmt/span_select_arena_name' is clicked on

2018-11-29 10:56:49 - [MESSAGE][PASSED] - Object: 'Object Repository/Backoffice/match_mgmt/span_select_arena_name' is clicked on

2018-11-29 10:56:49 - [TEST_STEP][PASSED] - setText: Text 'ALIXANDRA SPORTS COMPLEX - ASC' is set on object 'Object Repository/Backoffice/match_mgmt/input__select2-search__arena_name'

2018-11-29 10:56:50 - [MESSAGE][PASSED] - Text 'ALIXANDRA SPORTS COMPLEX - ASC' is set on object 'Object Repository/Backoffice/match_mgmt/input__select2-search__arena_name'

2018-11-29 10:56:50 - [TEST_STEP][PASSED] - sendKeys: Keys 'ENTER + ' sent to object: 'Object Repository/Backoffice/match_mgmt/input__select2-search__arena_name'

2018-11-29 10:56:51 - [MESSAGE][PASSED] - Keys 'ENTER + ' sent to object: 'Object Repository/Backoffice/match_mgmt/input__select2-search__arena_name'

2018-11-29 10:56:51 - [TEST_STEP][PASSED] - setText: Text 'AA' is set on object 'Object Repository/Backoffice/match_mgmt/meron_details/input_meron_name'

2018-11-29 10:56:51 - [MESSAGE][PASSED] - Text 'AA' is set on object 'Object Repository/Backoffice/match_mgmt/meron_details/input_meron_name'

2018-11-29 10:56:51 - [TEST_STEP][PASSED] - setText: Text 'Farm 1' is set on object 'Object Repository/Backoffice/match_mgmt/meron_details/input_meron_farm'

2018-11-29 10:56:51 - [MESSAGE][PASSED] - Text 'Farm 1' is set on object 'Object Repository/Backoffice/match_mgmt/meron_details/input_meron_farm'

2018-11-29 10:56:51 - [TEST_STEP][PASSED] - setText: Text 'Breed 1' is set on object 'Object Repository/Backoffice/match_mgmt/meron_details/input_meron_breed'

2018-11-29 10:56:52 - [MESSAGE][PASSED] - Text 'Breed 1' is set on object 'Object Repository/Backoffice/match_mgmt/meron_details/input_meron_breed'

2018-11-29 10:56:52 - [TEST_STEP][PASSED] - setText: Text 'Weight 1' is set on object 'Object Repository/Backoffice/match_mgmt/meron_details/input_meron_weight'

2018-11-29 10:56:52 - [MESSAGE][PASSED] - Text 'Weight 1' is set on object 'Object Repository/Backoffice/match_mgmt/meron_details/input_meron_weight'

2018-11-29 10:56:52 - [TEST_STEP][PASSED] - setText: Text 'BB' is set on object 'Object Repository/Backoffice/match_mgmt/wala_details/input_wala_name'

2018-11-29 10:56:52 - [MESSAGE][PASSED] - Text 'BB' is set on object 'Object Repository/Backoffice/match_mgmt/wala_details/input_wala_name'

2018-11-29 10:56:52 - [TEST_STEP][PASSED] - setText: Text 'Farm 2' is set on object 'Object Repository/Backoffice/match_mgmt/wala_details/input_wala_farm'

2018-11-29 10:56:53 - [MESSAGE][PASSED] - Text 'Farm 2' is set on object 'Object Repository/Backoffice/match_mgmt/wala_details/input_wala_farm'

2018-11-29 10:56:53 - [TEST_STEP][PASSED] - setText: Text 'Breed 2' is set on object 'Object Repository/Backoffice/match_mgmt/wala_details/input_wala_breed'

2018-11-29 10:56:53 - [MESSAGE][PASSED] - Text 'Breed 2' is set on object 'Object Repository/Backoffice/match_mgmt/wala_details/input_wala_breed'

2018-11-29 10:56:53 - [TEST_STEP][PASSED] - setText: Text 'Weight 2' is set on object 'Object Repository/Backoffice/match_mgmt/wala_details/input_wala_weight'

2018-11-29 10:56:53 - [MESSAGE][PASSED] - Text 'Weight 2' is set on object 'Object Repository/Backoffice/match_mgmt/wala_details/input_wala_weight'

2018-11-29 10:56:53 - [TEST_STEP][PASSED] - click: Object: 'Object Repository/Backoffice/match_mgmt/input_submit_match' is clicked on

2018-11-29 10:56:56 - [MESSAGE][PASSED] - Object: 'Object Repository/Backoffice/match_mgmt/input_submit_match' is clicked on

2018-11-29 10:56:56 - [TEST_STEP][PASSED] - delay: Delayed 1 second(s)

2018-11-29 10:56:57 - [MESSAGE][PASSED] - Delayed 1 second(s)

2018-11-29 10:56:57 - [TEST_STEP][PASSED] - click: Object: 'Object Repository/Backoffice/match_mgmt/button_create_match' is clicked on

2018-11-29 10:56:57 - [MESSAGE][PASSED] - Object: 'Object Repository/Backoffice/match_mgmt/button_create_match' is clicked on

2018-11-29 10:56:57 - [TEST_STEP][PASSED] - delay: Delayed 1 second(s)

2018-11-29 10:56:58 - [MESSAGE][PASSED] - Delayed 1 second(s)

2018-11-29 10:56:58 - [TEST_STEP][PASSED] - click: Object: 'Object Repository/Backoffice/match_mgmt/span_select_arena_name' is clicked on

2018-11-29 10:56:59 - [MESSAGE][PASSED] - Object: 'Object Repository/Backoffice/match_mgmt/span_select_arena_name' is clicked on

2018-11-29 10:56:59 - [TEST_STEP][PASSED] - setText: Text 'ALIXANDRA SPORTS COMPLEX - ASC' is set on object 'Object Repository/Backoffice/match_mgmt/input__select2-search__arena_name'

2018-11-29 10:57:01 - [MESSAGE][PASSED] - Text 'ALIXANDRA SPORTS COMPLEX - ASC' is set on object 'Object Repository/Backoffice/match_mgmt/input__select2-search__arena_name'

2018-11-29 10:57:01 - [TEST_STEP][PASSED] - sendKeys: Keys 'ENTER + ' sent to object: 'Object Repository/Backoffice/match_mgmt/input__select2-search__arena_name'

2018-11-29 10:57:01 - [MESSAGE][PASSED] - Keys 'ENTER + ' sent to object: 'Object Repository/Backoffice/match_mgmt/input__select2-search__arena_name'

2018-11-29 10:57:01 - [TEST_STEP][PASSED] - setText: Text 'AA' is set on object 'Object Repository/Backoffice/match_mgmt/meron_details/input_meron_name'

2018-11-29 10:57:01 - [MESSAGE][PASSED] - Text 'AA' is set on object 'Object Repository/Backoffice/match_mgmt/meron_details/input_meron_name'

2018-11-29 10:57:01 - [TEST_STEP][PASSED] - setText: Text 'Farm 1' is set on object 'Object Repository/Backoffice/match_mgmt/meron_details/input_meron_farm'

2018-11-29 10:57:02 - [MESSAGE][PASSED] - Text 'Farm 1' is set on object 'Object Repository/Backoffice/match_mgmt/meron_details/input_meron_farm'

2018-11-29 10:57:02 - [TEST_STEP][PASSED] - setText: Text 'Breed 1' is set on object 'Object Repository/Backoffice/match_mgmt/meron_details/input_meron_breed'

2018-11-29 10:57:02 - [MESSAGE][PASSED] - Text 'Breed 1' is set on object 'Object Repository/Backoffice/match_mgmt/meron_details/input_meron_breed'

2018-11-29 10:57:02 - [TEST_STEP][PASSED] - setText: Text 'Weight 1' is set on object 'Object Repository/Backoffice/match_mgmt/meron_details/input_meron_weight'

2018-11-29 10:57:02 - [MESSAGE][PASSED] - Text 'Weight 1' is set on object 'Object Repository/Backoffice/match_mgmt/meron_details/input_meron_weight'

2018-11-29 10:57:02 - [TEST_STEP][PASSED] - setText: Text 'BB' is set on object 'Object Repository/Backoffice/match_mgmt/wala_details/input_wala_name'

2018-11-29 10:57:03 - [MESSAGE][PASSED] - Text 'BB' is set on object 'Object Repository/Backoffice/match_mgmt/wala_details/input_wala_name'

2018-11-29 10:57:03 - [TEST_STEP][PASSED] - setText: Text 'Farm 2' is set on object 'Object Repository/Backoffice/match_mgmt/wala_details/input_wala_farm'

2018-11-29 10:57:03 - [MESSAGE][PASSED] - Text 'Farm 2' is set on object 'Object Repository/Backoffice/match_mgmt/wala_details/input_wala_farm'

2018-11-29 10:57:03 - [TEST_STEP][PASSED] - setText: Text 'Breed 2' is set on object 'Object Repository/Backoffice/match_mgmt/wala_details/input_wala_breed'

2018-11-29 10:57:04 - [MESSAGE][PASSED] - Text 'Breed 2' is set on object 'Object Repository/Backoffice/match_mgmt/wala_details/input_wala_breed'

2018-11-29 10:57:04 - [TEST_STEP][PASSED] - setText: Text 'Weight 2' is set on object 'Object Repository/Backoffice/match_mgmt/wala_details/input_wala_weight'

2018-11-29 10:57:04 - [MESSAGE][PASSED] - Text 'Weight 2' is set on object 'Object Repository/Backoffice/match_mgmt/wala_details/input_wala_weight'

2018-11-29 10:57:04 - [TEST_STEP][PASSED] - click: Object: 'Object Repository/Backoffice/match_mgmt/input_submit_match' is clicked on

2018-11-29 10:57:07 - [MESSAGE][PASSED] - Object: 'Object Repository/Backoffice/match_mgmt/input_submit_match' is clicked on

2018-11-29 10:57:07 - [TEST_STEP][PASSED] - delay: Delayed 1 second(s)

2018-11-29 10:57:08 - [MESSAGE][PASSED] - Delayed 1 second(s)

2018-11-29 10:57:08 - [TEST_STEP][PASSED] - click: Object: 'Object Repository/Backoffice/match_mgmt/button_create_match' is clicked on

2018-11-29 10:57:08 - [MESSAGE][PASSED] - Object: 'Object Repository/Backoffice/match_mgmt/button_create_match' is clicked on

2018-11-29 10:57:08 - [TEST_STEP][PASSED] - delay: Delayed 1 second(s)

2018-11-29 10:57:09 - [MESSAGE][PASSED] - Delayed 1 second(s)

2018-11-29 10:57:09 - [TEST_STEP][PASSED] - click: Object: 'Object Repository/Backoffice/match_mgmt/span_select_arena_name' is clicked on

2018-11-29 10:57:10 - [MESSAGE][PASSED] - Object: 'Object Repository/Backoffice/match_mgmt/span_select_arena_name' is clicked on

2018-11-29 10:57:10 - [TEST_STEP][PASSED] - setText: Text 'ALIXANDRA SPORTS COMPLEX - ASC' is set on object 'Object Repository/Backoffice/match_mgmt/input__select2-search__arena_name'

2018-11-29 10:57:11 - [MESSAGE][PASSED] - Text 'ALIXANDRA SPORTS COMPLEX - ASC' is set on object 'Object Repository/Backoffice/match_mgmt/input__select2-search__arena_name'

2018-11-29 10:57:11 - [TEST_STEP][PASSED] - sendKeys: Keys 'ENTER + ' sent to object: 'Object Repository/Backoffice/match_mgmt/input__select2-search__arena_name'

2018-11-29 10:57:11 - [MESSAGE][PASSED] - Keys 'ENTER + ' sent to object: 'Object Repository/Backoffice/match_mgmt/input__select2-search__arena_name'

2018-11-29 10:57:11 - [TEST_STEP][PASSED] - setText: Text 'AA' is set on object 'Object Repository/Backoffice/match_mgmt/meron_details/input_meron_name'

2018-11-29 10:57:12 - [MESSAGE][PASSED] - Text 'AA' is set on object 'Object Repository/Backoffice/match_mgmt/meron_details/input_meron_name'

2018-11-29 10:57:12 - [TEST_STEP][PASSED] - setText: Text 'Farm 1' is set on object 'Object Repository/Backoffice/match_mgmt/meron_details/input_meron_farm'

2018-11-29 10:57:12 - [MESSAGE][PASSED] - Text 'Farm 1' is set on object 'Object Repository/Backoffice/match_mgmt/meron_details/input_meron_farm'

2018-11-29 10:57:12 - [TEST_STEP][PASSED] - setText: Text 'Breed 1' is set on object 'Object Repository/Backoffice/match_mgmt/meron_details/input_meron_breed'

2018-11-29 10:57:13 - [MESSAGE][PASSED] - Text 'Breed 1' is set on object 'Object Repository/Backoffice/match_mgmt/meron_details/input_meron_breed'

2018-11-29 10:57:13 - [TEST_STEP][PASSED] - setText: Text 'Weight 1' is set on object 'Object Repository/Backoffice/match_mgmt/meron_details/input_meron_weight'

2018-11-29 10:57:13 - [MESSAGE][PASSED] - Text 'Weight 1' is set on object 'Object Repository/Backoffice/match_mgmt/meron_details/input_meron_weight'

2018-11-29 10:57:13 - [TEST_STEP][PASSED] - setText: Text 'BB' is set on object 'Object Repository/Backoffice/match_mgmt/wala_details/input_wala_name'

2018-11-29 10:57:13 - [MESSAGE][PASSED] - Text 'BB' is set on object 'Object Repository/Backoffice/match_mgmt/wala_details/input_wala_name'

2018-11-29 10:57:13 - [TEST_STEP][PASSED] - setText: Text 'Farm 2' is set on object 'Object Repository/Backoffice/match_mgmt/wala_details/input_wala_farm'

2018-11-29 10:57:14 - [MESSAGE][PASSED] - Text 'Farm 2' is set on object 'Object Repository/Backoffice/match_mgmt/wala_details/input_wala_farm'

2018-11-29 10:57:14 - [TEST_STEP][PASSED] - setText: Text 'Breed 2' is set on object 'Object Repository/Backoffice/match_mgmt/wala_details/input_wala_breed'

2018-11-29 10:57:14 - [MESSAGE][PASSED] - Text 'Breed 2' is set on object 'Object Repository/Backoffice/match_mgmt/wala_details/input_wala_breed'

2018-11-29 10:57:14 - [TEST_STEP][PASSED] - setText: Text 'Weight 2' is set on object 'Object Repository/Backoffice/match_mgmt/wala_details/input_wala_weight'

2018-11-29 10:57:14 - [MESSAGE][PASSED] - Text 'Weight 2' is set on object 'Object Repository/Backoffice/match_mgmt/wala_details/input_wala_weight'

2018-11-29 10:57:14 - [TEST_STEP][PASSED] - click: Object: 'Object Repository/Backoffice/match_mgmt/input_submit_match' is clicked on

2018-11-29 10:57:17 - [MESSAGE][PASSED] - Object: 'Object Repository/Backoffice/match_mgmt/input_submit_match' is clicked on

2018-11-29 10:57:17 - [TEST_STEP][PASSED] - delay: Delayed 1 second(s)

2018-11-29 10:57:18 - [MESSAGE][PASSED] - Delayed 1 second(s)

2018-11-29 10:57:18 - [TEST_STEP][PASSED] - click: Object: 'Object Repository/Backoffice/match_mgmt/button_create_match' is clicked on

2018-11-29 10:57:19 - [MESSAGE][PASSED] - Object: 'Object Repository/Backoffice/match_mgmt/button_create_match' is clicked on

2018-11-29 10:57:19 - [TEST_STEP][PASSED] - delay: Delayed 1 second(s)

2018-11-29 10:57:20 - [MESSAGE][PASSED] - Delayed 1 second(s)

2018-11-29 10:57:20 - [TEST_STEP][PASSED] - click: Object: 'Object Repository/Backoffice/match_mgmt/span_select_arena_name' is clicked on

2018-11-29 10:57:20 - [MESSAGE][PASSED] - Object: 'Object Repository/Backoffice/match_mgmt/span_select_arena_name' is clicked on

2018-11-29 10:57:20 - [TEST_STEP][PASSED] - setText: Text 'ALIXANDRA SPORTS COMPLEX - ASC' is set on object 'Object Repository/Backoffice/match_mgmt/input__select2-search__arena_name'

2018-11-29 10:57:22 - [MESSAGE][PASSED] - Text 'ALIXANDRA SPORTS COMPLEX - ASC' is set on object 'Object Repository/Backoffice/match_mgmt/input__select2-search__arena_name'

2018-11-29 10:57:22 - [TEST_STEP][PASSED] - sendKeys: Keys 'ENTER + ' sent to object: 'Object Repository/Backoffice/match_mgmt/input__select2-search__arena_name'

2018-11-29 10:57:22 - [MESSAGE][PASSED] - Keys 'ENTER + ' sent to object: 'Object Repository/Backoffice/match_mgmt/input__select2-search__arena_name'

2018-11-29 10:57:22 - [TEST_STEP][PASSED] - setText: Text 'AA' is set on object 'Object Repository/Backoffice/match_mgmt/meron_details/input_meron_name'

2018-11-29 10:57:22 - [MESSAGE][PASSED] - Text 'AA' is set on object 'Object Repository/Backoffice/match_mgmt/meron_details/input_meron_name'

2018-11-29 10:57:22 - [TEST_STEP][PASSED] - setText: Text 'Farm 1' is set on object 'Object Repository/Backoffice/match_mgmt/meron_details/input_meron_farm'

2018-11-29 10:57:23 - [MESSAGE][PASSED] - Text 'Farm 1' is set on object 'Object Repository/Backoffice/match_mgmt/meron_details/input_meron_farm'

2018-11-29 10:57:23 - [TEST_STEP][PASSED] - setText: Text 'Breed 1' is set on object 'Object Repository/Backoffice/match_mgmt/meron_details/input_meron_breed'

2018-11-29 10:57:23 - [MESSAGE][PASSED] - Text 'Breed 1' is set on object 'Object Repository/Backoffice/match_mgmt/meron_details/input_meron_breed'

2018-11-29 10:57:23 - [TEST_STEP][PASSED] - setText: Text 'Weight 1' is set on object 'Object Repository/Backoffice/match_mgmt/meron_details/input_meron_weight'

2018-11-29 10:57:24 - [MESSAGE][PASSED] - Text 'Weight 1' is set on object 'Object Repository/Backoffice/match_mgmt/meron_details/input_meron_weight'

2018-11-29 10:57:24 - [TEST_STEP][PASSED] - setText: Text 'BB' is set on object 'Object Repository/Backoffice/match_mgmt/wala_details/input_wala_name'

2018-11-29 10:57:24 - [MESSAGE][PASSED] - Text 'BB' is set on object 'Object Repository/Backoffice/match_mgmt/wala_details/input_wala_name'

2018-11-29 10:57:24 - [TEST_STEP][PASSED] - setText: Text 'Farm 2' is set on object 'Object Repository/Backoffice/match_mgmt/wala_details/input_wala_farm'

2018-11-29 10:57:24 - [MESSAGE][PASSED] - Text 'Farm 2' is set on object 'Object Repository/Backoffice/match_mgmt/wala_details/input_wala_farm'

2018-11-29 10:57:24 - [TEST_STEP][PASSED] - setText: Text 'Breed 2' is set on object 'Object Repository/Backoffice/match_mgmt/wala_details/input_wala_breed'

2018-11-29 10:57:24 - [MESSAGE][PASSED] - Text 'Breed 2' is set on object 'Object Repository/Backoffice/match_mgmt/wala_details/input_wala_breed'

2018-11-29 10:57:24 - [TEST_STEP][PASSED] - setText: Text 'Weight 2' is set on object 'Object Repository/Backoffice/match_mgmt/wala_details/input_wala_weight'

2018-11-29 10:57:25 - [MESSAGE][PASSED] - Text 'Weight 2' is set on object 'Object Repository/Backoffice/match_mgmt/wala_details/input_wala_weight'

2018-11-29 10:57:25 - [TEST_STEP][PASSED] - click: Object: 'Object Repository/Backoffice/match_mgmt/input_submit_match' is clicked on

2018-11-29 10:57:28 - [MESSAGE][PASSED] - Object: 'Object Repository/Backoffice/match_mgmt/input_submit_match' is clicked on

2018-11-29 10:57:28 - [TEST_STEP][PASSED] - delay: Delayed 1 second(s)

2018-11-29 10:57:29 - [MESSAGE][PASSED] - Delayed 1 second(s)

2018-11-29 10:57:29 - [TEST_STEP][PASSED] - click: Object: 'Object Repository/Backoffice/match_mgmt/button_create_match' is clicked on

2018-11-29 10:57:29 - [MESSAGE][PASSED] - Object: 'Object Repository/Backoffice/match_mgmt/button_create_match' is clicked on

2018-11-29 10:57:29 - [TEST_STEP][PASSED] - delay: Delayed 1 second(s)

2018-11-29 10:57:30 - [MESSAGE][PASSED] - Delayed 1 second(s)

2018-11-29 10:57:30 - [TEST_STEP][PASSED] - click: Object: 'Object Repository/Backoffice/match_mgmt/span_select_arena_name' is clicked on

2018-11-29 10:57:30 - [MESSAGE][PASSED] - Object: 'Object Repository/Backoffice/match_mgmt/span_select_arena_name' is clicked on

2018-11-29 10:57:30 - [TEST_STEP][PASSED] - setText: Text 'ALIXANDRA SPORTS COMPLEX - ASC' is set on object 'Object Repository/Backoffice/match_mgmt/input__select2-search__arena_name'

2018-11-29 10:57:32 - [MESSAGE][PASSED] - Text 'ALIXANDRA SPORTS COMPLEX - ASC' is set on object 'Object Repository/Backoffice/match_mgmt/input__select2-search__arena_name'

2018-11-29 10:57:32 - [TEST_STEP][PASSED] - sendKeys: Keys 'ENTER + ' sent to object: 'Object Repository/Backoffice/match_mgmt/input__select2-search__arena_name'

2018-11-29 10:57:32 - [MESSAGE][PASSED] - Keys 'ENTER + ' sent to object: 'Object Repository/Backoffice/match_mgmt/input__select2-search__arena_name'

2018-11-29 10:57:32 - [TEST_STEP][PASSED] - setText: Text 'AA' is set on object 'Object Repository/Backoffice/match_mgmt/meron_details/input_meron_name'

2018-11-29 10:57:33 - [MESSAGE][PASSED] - Text 'AA' is set on object 'Object Repository/Backoffice/match_mgmt/meron_details/input_meron_name'

2018-11-29 10:57:33 - [TEST_STEP][PASSED] - setText: Text 'Farm 1' is set on object 'Object Repository/Backoffice/match_mgmt/meron_details/input_meron_farm'

2018-11-29 10:57:33 - [MESSAGE][PASSED] - Text 'Farm 1' is set on object 'Object Repository/Backoffice/match_mgmt/meron_details/input_meron_farm'

2018-11-29 10:57:33 - [TEST_STEP][PASSED] - setText: Text 'Breed 1' is set on object 'Object Repository/Backoffice/match_mgmt/meron_details/input_meron_breed'

2018-11-29 10:57:33 - [MESSAGE][PASSED] - Text 'Breed 1' is set on object 'Object Repository/Backoffice/match_mgmt/meron_details/input_meron_breed'

2018-11-29 10:57:33 - [TEST_STEP][PASSED] - setText: Text 'Weight 1' is set on object 'Object Repository/Backoffice/match_mgmt/meron_details/input_meron_weight'

2018-11-29 10:57:34 - [MESSAGE][PASSED] - Text 'Weight 1' is set on object 'Object Repository/Backoffice/match_mgmt/meron_details/input_meron_weight'

2018-11-29 10:57:34 - [TEST_STEP][PASSED] - setText: Text 'BB' is set on object 'Object Repository/Backoffice/match_mgmt/wala_details/input_wala_name'

2018-11-29 10:57:34 - [MESSAGE][PASSED] - Text 'BB' is set on object 'Object Repository/Backoffice/match_mgmt/wala_details/input_wala_name'

2018-11-29 10:57:34 - [TEST_STEP][PASSED] - setText: Text 'Farm 2' is set on object 'Object Repository/Backoffice/match_mgmt/wala_details/input_wala_farm'

2018-11-29 10:57:34 - [MESSAGE][PASSED] - Text 'Farm 2' is set on object 'Object Repository/Backoffice/match_mgmt/wala_details/input_wala_farm'

2018-11-29 10:57:34 - [TEST_STEP][PASSED] - setText: Text 'Breed 2' is set on object 'Object Repository/Backoffice/match_mgmt/wala_details/input_wala_breed'

2018-11-29 10:57:35 - [MESSAGE][PASSED] - Text 'Breed 2' is set on object 'Object Repository/Backoffice/match_mgmt/wala_details/input_wala_breed'

2018-11-29 10:57:35 - [TEST_STEP][PASSED] - setText: Text 'Weight 2' is set on object 'Object Repository/Backoffice/match_mgmt/wala_details/input_wala_weight'

2018-11-29 10:57:35 - [MESSAGE][PASSED] - Text 'Weight 2' is set on object 'Object Repository/Backoffice/match_mgmt/wala_details/input_wala_weight'

2018-11-29 10:57:35 - [TEST_STEP][PASSED] - click: Object: 'Object Repository/Backoffice/match_mgmt/input_submit_match' is clicked on

2018-11-29 10:57:38 - [MESSAGE][PASSED] - Object: 'Object Repository/Backoffice/match_mgmt/input_submit_match' is clicked on

2018-11-29 10:57:38 - [TEST_STEP][PASSED] - delay: Delayed 1 second(s)

2018-11-29 10:57:39 - [MESSAGE][PASSED] - Delayed 1 second(s)

2018-11-29 10:57:39 - [TEST_STEP][PASSED] - click: Object: 'Object Repository/Backoffice/match_mgmt/button_create_match' is clicked on

2018-11-29 10:57:39 - [MESSAGE][PASSED] - Object: 'Object Repository/Backoffice/match_mgmt/button_create_match' is clicked on

2018-11-29 10:57:39 - [TEST_STEP][PASSED] - delay: Delayed 1 second(s)

2018-11-29 10:57:40 - [MESSAGE][PASSED] - Delayed 1 second(s)

2018-11-29 10:57:40 - [TEST_STEP][PASSED] - click: Object: 'Object Repository/Backoffice/match_mgmt/span_select_arena_name' is clicked on

2018-11-29 10:57:40 - [MESSAGE][PASSED] - Object: 'Object Repository/Backoffice/match_mgmt/span_select_arena_name' is clicked on

2018-11-29 10:57:40 - [TEST_STEP][PASSED] - setText: Text 'ALIXANDRA SPORTS COMPLEX - ASC' is set on object 'Object Repository/Backoffice/match_mgmt/input__select2-search__arena_name'

2018-11-29 10:57:42 - [MESSAGE][PASSED] - Text 'ALIXANDRA SPORTS COMPLEX - ASC' is set on object 'Object Repository/Backoffice/match_mgmt/input__select2-search__arena_name'

2018-11-29 10:57:42 - [TEST_STEP][PASSED] - sendKeys: Keys 'ENTER + ' sent to object: 'Object Repository/Backoffice/match_mgmt/input__select2-search__arena_name'

2018-11-29 10:57:43 - [MESSAGE][PASSED] - Keys 'ENTER + ' sent to object: 'Object Repository/Backoffice/match_mgmt/input__select2-search__arena_name'

2018-11-29 10:57:43 - [TEST_STEP][PASSED] - setText: Text 'AA' is set on object 'Object Repository/Backoffice/match_mgmt/meron_details/input_meron_name'

2018-11-29 10:57:43 - [MESSAGE][PASSED] - Text 'AA' is set on object 'Object Repository/Backoffice/match_mgmt/meron_details/input_meron_name'

2018-11-29 10:57:43 - [TEST_STEP][PASSED] - setText: Text 'Farm 1' is set on object 'Object Repository/Backoffice/match_mgmt/meron_details/input_meron_farm'

2018-11-29 10:57:43 - [MESSAGE][PASSED] - Text 'Farm 1' is set on object 'Object Repository/Backoffice/match_mgmt/meron_details/input_meron_farm'

2018-11-29 10:57:43 - [TEST_STEP][PASSED] - setText: Text 'Breed 1' is set on object 'Object Repository/Backoffice/match_mgmt/meron_details/input_meron_breed'

2018-11-29 10:57:44 - [MESSAGE][PASSED] - Text 'Breed 1' is set on object 'Object Repository/Backoffice/match_mgmt/meron_details/input_meron_breed'

2018-11-29 10:57:44 - [TEST_STEP][PASSED] - setText: Text 'Weight 1' is set on object 'Object Repository/Backoffice/match_mgmt/meron_details/input_meron_weight'

2018-11-29 10:57:44 - [MESSAGE][PASSED] - Text 'Weight 1' is set on object 'Object Repository/Backoffice/match_mgmt/meron_details/input_meron_weight'

2018-11-29 10:57:44 - [TEST_STEP][PASSED] - setText: Text 'BB' is set on object 'Object Repository/Backoffice/match_mgmt/wala_details/input_wala_name'

2018-11-29 10:57:44 - [MESSAGE][PASSED] - Text 'BB' is set on object 'Object Repository/Backoffice/match_mgmt/wala_details/input_wala_name'

2018-11-29 10:57:44 - [TEST_STEP][PASSED] - setText: Text 'Farm 2' is set on object 'Object Repository/Backoffice/match_mgmt/wala_details/input_wala_farm'

2018-11-29 10:57:45 - [MESSAGE][PASSED] - Text 'Farm 2' is set on object 'Object Repository/Backoffice/match_mgmt/wala_details/input_wala_farm'

2018-11-29 10:57:45 - [TEST_STEP][PASSED] - setText: Text 'Breed 2' is set on object 'Object Repository/Backoffice/match_mgmt/wala_details/input_wala_breed'

2018-11-29 10:57:45 - [MESSAGE][PASSED] - Text 'Breed 2' is set on object 'Object Repository/Backoffice/match_mgmt/wala_details/input_wala_breed'

2018-11-29 10:57:45 - [TEST_STEP][PASSED] - setText: Text 'Weight 2' is set on object 'Object Repository/Backoffice/match_mgmt/wala_details/input_wala_weight'

2018-11-29 10:57:46 - [MESSAGE][PASSED] - Text 'Weight 2' is set on object 'Object Repository/Backoffice/match_mgmt/wala_details/input_wala_weight'

2018-11-29 10:57:46 - [TEST_STEP][PASSED] - click: Object: 'Object Repository/Backoffice/match_mgmt/input_submit_match' is clicked on

2018-11-29 10:57:48 - [MESSAGE][PASSED] - Object: 'Object Repository/Backoffice/match_mgmt/input_submit_match' is clicked on

2018-11-29 10:57:48 - [TEST_STEP][PASSED] - delay: Delayed 1 second(s)

2018-11-29 10:57:49 - [MESSAGE][PASSED] - Delayed 1 second(s)

2018-11-29 10:57:49 - [TEST_STEP][PASSED] - click: Object: 'Object Repository/Backoffice/match_mgmt/button_create_match' is clicked on

2018-11-29 10:57:50 - [MESSAGE][PASSED] - Object: 'Object Repository/Backoffice/match_mgmt/button_create_match' is clicked on

2018-11-29 10:57:50 - [TEST_STEP][PASSED] - delay: Delayed 1 second(s)

2018-11-29 10:57:51 - [MESSAGE][PASSED] - Delayed 1 second(s)

2018-11-29 10:57:51 - [TEST_STEP][PASSED] - click: Object: 'Object Repository/Backoffice/match_mgmt/span_select_arena_name' is clicked on

2018-11-29 10:57:51 - [MESSAGE][PASSED] - Object: 'Object Repository/Backoffice/match_mgmt/span_select_arena_name' is clicked on

2018-11-29 10:57:51 - [TEST_STEP][PASSED] - setText: Text 'ALIXANDRA SPORTS COMPLEX - ASC' is set on object 'Object Repository/Backoffice/match_mgmt/input__select2-search__arena_name'

2018-11-29 10:57:53 - [MESSAGE][PASSED] - Text 'ALIXANDRA SPORTS COMPLEX - ASC' is set on object 'Object Repository/Backoffice/match_mgmt/input__select2-search__arena_name'

2018-11-29 10:57:53 - [TEST_STEP][PASSED] - sendKeys: Keys 'ENTER + ' sent to object: 'Object Repository/Backoffice/match_mgmt/input__select2-search__arena_name'

2018-11-29 10:57:53 - [MESSAGE][PASSED] - Keys 'ENTER + ' sent to object: 'Object Repository/Backoffice/match_mgmt/input__select2-search__arena_name'

2018-11-29 10:57:53 - [TEST_STEP][PASSED] - setText: Text 'AA' is set on object 'Object Repository/Backoffice/match_mgmt/meron_details/input_meron_name'

2018-11-29 10:57:53 - [MESSAGE][PASSED] - Text 'AA' is set on object 'Object Repository/Backoffice/match_mgmt/meron_details/input_meron_name'

2018-11-29 10:57:53 - [TEST_STEP][PASSED] - setText: Text 'Farm 1' is set on object 'Object Repository/Backoffice/match_mgmt/meron_details/input_meron_farm'

2018-11-29 10:57:54 - [MESSAGE][PASSED] - Text 'Farm 1' is set on object 'Object Repository/Backoffice/match_mgmt/meron_details/input_meron_farm'

2018-11-29 10:57:54 - [TEST_STEP][PASSED] - setText: Text 'Breed 1' is set on object 'Object Repository/Backoffice/match_mgmt/meron_details/input_meron_breed'

2018-11-29 10:57:54 - [MESSAGE][PASSED] - Text 'Breed 1' is set on object 'Object Repository/Backoffice/match_mgmt/meron_details/input_meron_breed'

2018-11-29 10:57:54 - [TEST_STEP][PASSED] - setText: Text 'Weight 1' is set on object 'Object Repository/Backoffice/match_mgmt/meron_details/input_meron_weight'

2018-11-29 10:57:55 - [MESSAGE][PASSED] - Text 'Weight 1' is set on object 'Object Repository/Backoffice/match_mgmt/meron_details/input_meron_weight'

2018-11-29 10:57:55 - [TEST_STEP][PASSED] - setText: Text 'BB' is set on object 'Object Repository/Backoffice/match_mgmt/wala_details/input_wala_name'

2018-11-29 10:57:55 - [MESSAGE][PASSED] - Text 'BB' is set on object 'Object Repository/Backoffice/match_mgmt/wala_details/input_wala_name'

2018-11-29 10:57:55 - [TEST_STEP][PASSED] - setText: Text 'Farm 2' is set on object 'Object Repository/Backoffice/match_mgmt/wala_details/input_wala_farm'

2018-11-29 10:57:55 - [MESSAGE][PASSED] - Text 'Farm 2' is set on object 'Object Repository/Backoffice/match_mgmt/wala_details/input_wala_farm'

2018-11-29 10:57:55 - [TEST_STEP][PASSED] - setText: Text 'Breed 2' is set on object 'Object Repository/Backoffice/match_mgmt/wala_details/input_wala_breed'

2018-11-29 10:57:56 - [MESSAGE][PASSED] - Text 'Breed 2' is set on object 'Object Repository/Backoffice/match_mgmt/wala_details/input_wala_breed'

2018-11-29 10:57:56 - [TEST_STEP][PASSED] - setText: Text 'Weight 2' is set on object 'Object Repository/Backoffice/match_mgmt/wala_details/input_wala_weight'

2018-11-29 10:57:56 - [MESSAGE][PASSED] - Text 'Weight 2' is set on object 'Object Repository/Backoffice/match_mgmt/wala_details/input_wala_weight'

2018-11-29 10:57:56 - [TEST_STEP][PASSED] - click: Object: 'Object Repository/Backoffice/match_mgmt/input_submit_match' is clicked on

2018-11-29 10:57:59 - [MESSAGE][PASSED] - Object: 'Object Repository/Backoffice/match_mgmt/input_submit_match' is clicked on

2018-11-29 10:57:59 - [TEST_STEP][PASSED] - delay: Delayed 1 second(s)

2018-11-29 10:58:00 - [MESSAGE][PASSED] - Delayed 1 second(s)

2018-11-29 10:58:00 - [TEST_STEP][PASSED] - click: Object: 'Object Repository/Backoffice/match_mgmt/button_create_match' is clicked on

2018-11-29 10:58:00 - [MESSAGE][PASSED] - Object: 'Object Repository/Backoffice/match_mgmt/button_create_match' is clicked on

2018-11-29 10:58:00 - [TEST_STEP][PASSED] - delay: Delayed 1 second(s)

2018-11-29 10:58:01 - [MESSAGE][PASSED] - Delayed 1 second(s)

2018-11-29 10:58:01 - [TEST_STEP][PASSED] - click: Object: 'Object Repository/Backoffice/match_mgmt/span_select_arena_name' is clicked on

2018-11-29 10:58:02 - [MESSAGE][PASSED] - Object: 'Object Repository/Backoffice/match_mgmt/span_select_arena_name' is clicked on

2018-11-29 10:58:02 - [TEST_STEP][PASSED] - setText: Text 'ALIXANDRA SPORTS COMPLEX - ASC' is set on object 'Object Repository/Backoffice/match_mgmt/input__select2-search__arena_name'

2018-11-29 10:58:04 - [MESSAGE][PASSED] - Text 'ALIXANDRA SPORTS COMPLEX - ASC' is set on object 'Object Repository/Backoffice/match_mgmt/input__select2-search__arena_name'

2018-11-29 10:58:04 - [TEST_STEP][PASSED] - sendKeys: Keys 'ENTER + ' sent to object: 'Object Repository/Backoffice/match_mgmt/input__select2-search__arena_name'

2018-11-29 10:58:04 - [MESSAGE][PASSED] - Keys 'ENTER + ' sent to object: 'Object Repository/Backoffice/match_mgmt/input__select2-search__arena_name'

2018-11-29 10:58:04 - [TEST_STEP][PASSED] - setText: Text 'AA' is set on object 'Object Repository/Backoffice/match_mgmt/meron_details/input_meron_name'

2018-11-29 10:58:04 - [MESSAGE][PASSED] - Text 'AA' is set on object 'Object Repository/Backoffice/match_mgmt/meron_details/input_meron_name'

2018-11-29 10:58:04 - [TEST_STEP][PASSED] - setText: Text 'Farm 1' is set on object 'Object Repository/Backoffice/match_mgmt/meron_details/input_meron_farm'

2018-11-29 10:58:04 - [MESSAGE][PASSED] - Text 'Farm 1' is set on object 'Object Repository/Backoffice/match_mgmt/meron_details/input_meron_farm'

2018-11-29 10:58:04 - [TEST_STEP][PASSED] - setText: Text 'Breed 1' is set on object 'Object Repository/Backoffice/match_mgmt/meron_details/input_meron_breed'

2018-11-29 10:58:05 - [MESSAGE][PASSED] - Text 'Breed 1' is set on object 'Object Repository/Backoffice/match_mgmt/meron_details/input_meron_breed'

2018-11-29 10:58:05 - [TEST_STEP][PASSED] - setText: Text 'Weight 1' is set on object 'Object Repository/Backoffice/match_mgmt/meron_details/input_meron_weight'

2018-11-29 10:58:05 - [MESSAGE][PASSED] - Text 'Weight 1' is set on object 'Object Repository/Backoffice/match_mgmt/meron_details/input_meron_weight'

2018-11-29 10:58:05 - [TEST_STEP][PASSED] - setText: Text 'BB' is set on object 'Object Repository/Backoffice/match_mgmt/wala_details/input_wala_name'

2018-11-29 10:58:06 - [MESSAGE][PASSED] - Text 'BB' is set on object 'Object Repository/Backoffice/match_mgmt/wala_details/input_wala_name'

2018-11-29 10:58:06 - [TEST_STEP][PASSED] - setText: Text 'Farm 2' is set on object 'Object Repository/Backoffice/match_mgmt/wala_details/input_wala_farm'

2018-11-29 10:58:06 - [MESSAGE][PASSED] - Text 'Farm 2' is set on object 'Object Repository/Backoffice/match_mgmt/wala_details/input_wala_farm'

2018-11-29 10:58:06 - [TEST_STEP][PASSED] - setText: Text 'Breed 2' is set on object 'Object Repository/Backoffice/match_mgmt/wala_details/input_wala_breed'

2018-11-29 10:58:06 - [MESSAGE][PASSED] - Text 'Breed 2' is set on object 'Object Repository/Backoffice/match_mgmt/wala_details/input_wala_breed'

2018-11-29 10:58:06 - [TEST_STEP][PASSED] - setText: Text 'Weight 2' is set on object 'Object Repository/Backoffice/match_mgmt/wala_details/input_wala_weight'

2018-11-29 10:58:07 - [MESSAGE][PASSED] - Text 'Weight 2' is set on object 'Object Repository/Backoffice/match_mgmt/wala_details/input_wala_weight'

2018-11-29 10:58:07 - [TEST_STEP][PASSED] - click: Object: 'Object Repository/Backoffice/match_mgmt/input_submit_match' is clicked on

2018-11-29 10:58:10 - [MESSAGE][PASSED] - Object: 'Object Repository/Backoffice/match_mgmt/input_submit_match' is clicked on

2018-11-29 10:58:10 - [TEST_STEP][PASSED] - delay: Delayed 1 second(s)

2018-11-29 10:58:11 - [MESSAGE][PASSED] - Delayed 1 second(s)

2018-11-29 10:58:11 - [TEST_STEP][PASSED] - click: Object: 'Object Repository/Backoffice/match_mgmt/button_create_match' is clicked on

2018-11-29 10:58:11 - [MESSAGE][PASSED] - Object: 'Object Repository/Backoffice/match_mgmt/button_create_match' is clicked on

2018-11-29 10:58:11 - [TEST_STEP][PASSED] - delay: Delayed 1 second(s)

2018-11-29 10:58:12 - [MESSAGE][PASSED] - Delayed 1 second(s)

2018-11-29 10:58:12 - [TEST_STEP][PASSED] - click: Object: 'Object Repository/Backoffice/match_mgmt/span_select_arena_name' is clicked on

2018-11-29 10:58:12 - [MESSAGE][PASSED] - Object: 'Object Repository/Backoffice/match_mgmt/span_select_arena_name' is clicked on

2018-11-29 10:58:12 - [TEST_STEP][PASSED] - setText: Text 'ALIXANDRA SPORTS COMPLEX - ASC' is set on object 'Object Repository/Backoffice/match_mgmt/input__select2-search__arena_name'

2018-11-29 10:58:14 - [MESSAGE][PASSED] - Text 'ALIXANDRA SPORTS COMPLEX - ASC' is set on object 'Object Repository/Backoffice/match_mgmt/input__select2-search__arena_name'

2018-11-29 10:58:14 - [TEST_STEP][PASSED] - sendKeys: Keys 'ENTER + ' sent to object: 'Object Repository/Backoffice/match_mgmt/input__select2-search__arena_name'

2018-11-29 10:58:14 - [MESSAGE][PASSED] - Keys 'ENTER + ' sent to object: 'Object Repository/Backoffice/match_mgmt/input__select2-search__arena_name'

2018-11-29 10:58:14 - [TEST_STEP][PASSED] - setText: Text 'AA' is set on object 'Object Repository/Backoffice/match_mgmt/meron_details/input_meron_name'

2018-11-29 10:58:15 - [MESSAGE][PASSED] - Text 'AA' is set on object 'Object Repository/Backoffice/match_mgmt/meron_details/input_meron_name'

2018-11-29 10:58:15 - [TEST_STEP][PASSED] - setText: Text 'Farm 1' is set on object 'Object Repository/Backoffice/match_mgmt/meron_details/input_meron_farm'

2018-11-29 10:58:15 - [MESSAGE][PASSED] - Text 'Farm 1' is set on object 'Object Repository/Backoffice/match_mgmt/meron_details/input_meron_farm'

2018-11-29 10:58:15 - [TEST_STEP][PASSED] - setText: Text 'Breed 1' is set on object 'Object Repository/Backoffice/match_mgmt/meron_details/input_meron_breed'

2018-11-29 10:58:15 - [MESSAGE][PASSED] - Text 'Breed 1' is set on object 'Object Repository/Backoffice/match_mgmt/meron_details/input_meron_breed'

2018-11-29 10:58:15 - [TEST_STEP][PASSED] - setText: Text 'Weight 1' is set on object 'Object Repository/Backoffice/match_mgmt/meron_details/input_meron_weight'

2018-11-29 10:58:16 - [MESSAGE][PASSED] - Text 'Weight 1' is set on object 'Object Repository/Backoffice/match_mgmt/meron_details/input_meron_weight'

2018-11-29 10:58:16 - [TEST_STEP][PASSED] - setText: Text 'BB' is set on object 'Object Repository/Backoffice/match_mgmt/wala_details/input_wala_name'

2018-11-29 10:58:16 - [MESSAGE][PASSED] - Text 'BB' is set on object 'Object Repository/Backoffice/match_mgmt/wala_details/input_wala_name'

2018-11-29 10:58:16 - [TEST_STEP][PASSED] - setText: Text 'Farm 2' is set on object 'Object Repository/Backoffice/match_mgmt/wala_details/input_wala_farm'

2018-11-29 10:58:17 - [MESSAGE][PASSED] - Text 'Farm 2' is set on object 'Object Repository/Backoffice/match_mgmt/wala_details/input_wala_farm'

2018-11-29 10:58:17 - [TEST_STEP][PASSED] - setText: Text 'Breed 2' is set on object 'Object Repository/Backoffice/match_mgmt/wala_details/input_wala_breed'

2018-11-29 10:58:17 - [MESSAGE][PASSED] - Text 'Breed 2' is set on object 'Object Repository/Backoffice/match_mgmt/wala_details/input_wala_breed'

2018-11-29 10:58:17 - [TEST_STEP][PASSED] - setText: Text 'Weight 2' is set on object 'Object Repository/Backoffice/match_mgmt/wala_details/input_wala_weight'

2018-11-29 10:58:17 - [MESSAGE][PASSED] - Text 'Weight 2' is set on object 'Object Repository/Backoffice/match_mgmt/wala_details/input_wala_weight'

2018-11-29 10:58:17 - [TEST_STEP][PASSED] - click: Object: 'Object Repository/Backoffice/match_mgmt/input_submit_match' is clicked on

2018-11-29 10:58:20 - [MESSAGE][PASSED] - Object: 'Object Repository/Backoffice/match_mgmt/input_submit_match' is clicked on

2018-11-29 10:58:20 - [TEST_STEP][PASSED] - delay: Delayed 1 second(s)

2018-11-29 10:58:21 - [MESSAGE][PASSED] - Delayed 1 second(s)

2018-11-29 10:58:21 - [TEST_STEP][PASSED] - click: Object: 'Object Repository/Backoffice/match_mgmt/button_create_match' is clicked on

2018-11-29 10:58:22 - [MESSAGE][PASSED] - Object: 'Object Repository/Backoffice/match_mgmt/button_create_match' is clicked on

2018-11-29 10:58:22 - [TEST_STEP][PASSED] - delay: Delayed 1 second(s)

2018-11-29 10:58:23 - [MESSAGE][PASSED] - Delayed 1 second(s)

2018-11-29 10:58:23 - [TEST_STEP][PASSED] - click: Object: 'Object Repository/Backoffice/match_mgmt/span_select_arena_name' is clicked on

2018-11-29 10:58:23 - [MESSAGE][PASSED] - Object: 'Object Repository/Backoffice/match_mgmt/span_select_arena_name' is clicked on

2018-11-29 10:58:23 - [TEST_STEP][PASSED] - setText: Text 'ALIXANDRA SPORTS COMPLEX - ASC' is set on object 'Object Repository/Backoffice/match_mgmt/input__select2-search__arena_name'

2018-11-29 10:58:25 - [MESSAGE][PASSED] - Text 'ALIXANDRA SPORTS COMPLEX - ASC' is set on object 'Object Repository/Backoffice/match_mgmt/input__select2-search__arena_name'

2018-11-29 10:58:25 - [TEST_STEP][PASSED] - sendKeys: Keys 'ENTER + ' sent to object: 'Object Repository/Backoffice/match_mgmt/input__select2-search__arena_name'

2018-11-29 10:58:25 - [MESSAGE][PASSED] - Keys 'ENTER + ' sent to object: 'Object Repository/Backoffice/match_mgmt/input__select2-search__arena_name'

2018-11-29 10:58:25 - [TEST_STEP][PASSED] - setText: Text 'AA' is set on object 'Object Repository/Backoffice/match_mgmt/meron_details/input_meron_name'

2018-11-29 10:58:25 - [MESSAGE][PASSED] - Text 'AA' is set on object 'Object Repository/Backoffice/match_mgmt/meron_details/input_meron_name'

2018-11-29 10:58:25 - [TEST_STEP][PASSED] - setText: Text 'Farm 1' is set on object 'Object Repository/Backoffice/match_mgmt/meron_details/input_meron_farm'

2018-11-29 10:58:26 - [MESSAGE][PASSED] - Text 'Farm 1' is set on object 'Object Repository/Backoffice/match_mgmt/meron_details/input_meron_farm'

2018-11-29 10:58:26 - [TEST_STEP][PASSED] - setText: Text 'Breed 1' is set on object 'Object Repository/Backoffice/match_mgmt/meron_details/input_meron_breed'

2018-11-29 10:58:26 - [MESSAGE][PASSED] - Text 'Breed 1' is set on object 'Object Repository/Backoffice/match_mgmt/meron_details/input_meron_breed'

2018-11-29 10:58:26 - [TEST_STEP][PASSED] - setText: Text 'Weight 1' is set on object 'Object Repository/Backoffice/match_mgmt/meron_details/input_meron_weight'

2018-11-29 10:58:26 - [MESSAGE][PASSED] - Text 'Weight 1' is set on object 'Object Repository/Backoffice/match_mgmt/meron_details/input_meron_weight'

2018-11-29 10:58:26 - [TEST_STEP][PASSED] - setText: Text 'BB' is set on object 'Object Repository/Backoffice/match_mgmt/wala_details/input_wala_name'

2018-11-29 10:58:27 - [MESSAGE][PASSED] - Text 'BB' is set on object 'Object Repository/Backoffice/match_mgmt/wala_details/input_wala_name'

2018-11-29 10:58:27 - [TEST_STEP][PASSED] - setText: Text 'Farm 2' is set on object 'Object Repository/Backoffice/match_mgmt/wala_details/input_wala_farm'

2018-11-29 10:58:27 - [MESSAGE][PASSED] - Text 'Farm 2' is set on object 'Object Repository/Backoffice/match_mgmt/wala_details/input_wala_farm'

2018-11-29 10:58:27 - [TEST_STEP][PASSED] - setText: Text 'Breed 2' is set on object 'Object Repository/Backoffice/match_mgmt/wala_details/input_wala_breed'

2018-11-29 10:58:27 - [MESSAGE][PASSED] - Text 'Breed 2' is set on object 'Object Repository/Backoffice/match_mgmt/wala_details/input_wala_breed'

2018-11-29 10:58:27 - [TEST_STEP][PASSED] - setText: Text 'Weight 2' is set on object 'Object Repository/Backoffice/match_mgmt/wala_details/input_wala_weight'

2018-11-29 10:58:28 - [MESSAGE][PASSED] - Text 'Weight 2' is set on object 'Object Repository/Backoffice/match_mgmt/wala_details/input_wala_weight'

2018-11-29 10:58:28 - [TEST_STEP][PASSED] - click: Object: 'Object Repository/Backoffice/match_mgmt/input_submit_match' is clicked on

2018-11-29 10:58:31 - [MESSAGE][PASSED] - Object: 'Object Repository/Backoffice/match_mgmt/input_submit_match' is clicked on

2018-11-29 10:58:31 - [TEST_STEP][PASSED] - delay: Delayed 1 second(s)

2018-11-29 10:58:32 - [MESSAGE][PASSED] - Delayed 1 second(s)

2018-11-29 10:58:32 - [TEST_STEP][PASSED] - click: Object: 'Object Repository/Backoffice/match_mgmt/button_create_match' is clicked on

2018-11-29 10:58:32 - [MESSAGE][PASSED] - Object: 'Object Repository/Backoffice/match_mgmt/button_create_match' is clicked on

2018-11-29 10:58:32 - [TEST_STEP][PASSED] - delay: Delayed 1 second(s)

2018-11-29 10:58:33 - [MESSAGE][PASSED] - Delayed 1 second(s)

2018-11-29 10:58:33 - [TEST_STEP][PASSED] - click: Object: 'Object Repository/Backoffice/match_mgmt/span_select_arena_name' is clicked on

2018-11-29 10:58:33 - [MESSAGE][PASSED] - Object: 'Object Repository/Backoffice/match_mgmt/span_select_arena_name' is clicked on

2018-11-29 10:58:33 - [TEST_STEP][PASSED] - setText: Text 'ALIXANDRA SPORTS COMPLEX - ASC' is set on object 'Object Repository/Backoffice/match_mgmt/input__select2-search__arena_name'

2018-11-29 10:58:35 - [MESSAGE][PASSED] - Text 'ALIXANDRA SPORTS COMPLEX - ASC' is set on object 'Object Repository/Backoffice/match_mgmt/input__select2-search__arena_name'

2018-11-29 10:58:35 - [TEST_STEP][PASSED] - sendKeys: Keys 'ENTER + ' sent to object: 'Object Repository/Backoffice/match_mgmt/input__select2-search__arena_name'

2018-11-29 10:58:35 - [MESSAGE][PASSED] - Keys 'ENTER + ' sent to object: 'Object Repository/Backoffice/match_mgmt/input__select2-search__arena_name'

2018-11-29 10:58:35 - [TEST_STEP][PASSED] - setText: Text 'AA' is set on object 'Object Repository/Backoffice/match_mgmt/meron_details/input_meron_name'

2018-11-29 10:58:36 - [MESSAGE][PASSED] - Text 'AA' is set on object 'Object Repository/Backoffice/match_mgmt/meron_details/input_meron_name'

2018-11-29 10:58:36 - [TEST_STEP][PASSED] - setText: Text 'Farm 1' is set on object 'Object Repository/Backoffice/match_mgmt/meron_details/input_meron_farm'

2018-11-29 10:58:36 - [MESSAGE][PASSED] - Text 'Farm 1' is set on object 'Object Repository/Backoffice/match_mgmt/meron_details/input_meron_farm'

2018-11-29 10:58:36 - [TEST_STEP][PASSED] - setText: Text 'Breed 1' is set on object 'Object Repository/Backoffice/match_mgmt/meron_details/input_meron_breed'

2018-11-29 10:58:36 - [MESSAGE][PASSED] - Text 'Breed 1' is set on object 'Object Repository/Backoffice/match_mgmt/meron_details/input_meron_breed'

2018-11-29 10:58:36 - [TEST_STEP][PASSED] - setText: Text 'Weight 1' is set on object 'Object Repository/Backoffice/match_mgmt/meron_details/input_meron_weight'

2018-11-29 10:58:37 - [MESSAGE][PASSED] - Text 'Weight 1' is set on object 'Object Repository/Backoffice/match_mgmt/meron_details/input_meron_weight'

2018-11-29 10:58:37 - [TEST_STEP][PASSED] - setText: Text 'BB' is set on object 'Object Repository/Backoffice/match_mgmt/wala_details/input_wala_name'

2018-11-29 10:58:37 - [MESSAGE][PASSED] - Text 'BB' is set on object 'Object Repository/Backoffice/match_mgmt/wala_details/input_wala_name'

2018-11-29 10:58:37 - [TEST_STEP][PASSED] - setText: Text 'Farm 2' is set on object 'Object Repository/Backoffice/match_mgmt/wala_details/input_wala_farm'

2018-11-29 10:58:37 - [MESSAGE][PASSED] - Text 'Farm 2' is set on object 'Object Repository/Backoffice/match_mgmt/wala_details/input_wala_farm'

2018-11-29 10:58:37 - [TEST_STEP][PASSED] - setText: Text 'Breed 2' is set on object 'Object Repository/Backoffice/match_mgmt/wala_details/input_wala_breed'

2018-11-29 10:58:38 - [MESSAGE][PASSED] - Text 'Breed 2' is set on object 'Object Repository/Backoffice/match_mgmt/wala_details/input_wala_breed'

2018-11-29 10:58:38 - [TEST_STEP][PASSED] - setText: Text 'Weight 2' is set on object 'Object Repository/Backoffice/match_mgmt/wala_details/input_wala_weight'

2018-11-29 10:58:38 - [MESSAGE][PASSED] - Text 'Weight 2' is set on object 'Object Repository/Backoffice/match_mgmt/wala_details/input_wala_weight'

2018-11-29 10:58:38 - [TEST_STEP][PASSED] - click: Object: 'Object Repository/Backoffice/match_mgmt/input_submit_match' is clicked on

2018-11-29 10:58:41 - [MESSAGE][PASSED] - Object: 'Object Repository/Backoffice/match_mgmt/input_submit_match' is clicked on

2018-11-29 10:58:41 - [TEST_STEP][PASSED] - delay: Delayed 1 second(s)

2018-11-29 10:58:42 - [MESSAGE][PASSED] - Delayed 1 second(s)

2018-11-29 10:58:42 - [TEST_STEP][PASSED] - click: Object: 'Object Repository/Backoffice/match_mgmt/button_create_match' is clicked on

2018-11-29 10:58:42 - [MESSAGE][PASSED] - Object: 'Object Repository/Backoffice/match_mgmt/button_create_match' is clicked on

2018-11-29 10:58:42 - [TEST_STEP][PASSED] - delay: Delayed 1 second(s)

2018-11-29 10:58:43 - [MESSAGE][PASSED] - Delayed 1 second(s)

2018-11-29 10:58:43 - [TEST_STEP][PASSED] - click: Object: 'Object Repository/Backoffice/match_mgmt/span_select_arena_name' is clicked on

2018-11-29 10:58:43 - [MESSAGE][PASSED] - Object: 'Object Repository/Backoffice/match_mgmt/span_select_arena_name' is clicked on

2018-11-29 10:58:43 - [TEST_STEP][PASSED] - setText: Text 'ALIXANDRA SPORTS COMPLEX - ASC' is set on object 'Object Repository/Backoffice/match_mgmt/input__select2-search__arena_name'

2018-11-29 10:58:45 - [MESSAGE][PASSED] - Text 'ALIXANDRA SPORTS COMPLEX - ASC' is set on object 'Object Repository/Backoffice/match_mgmt/input__select2-search__arena_name'

2018-11-29 10:58:45 - [TEST_STEP][PASSED] - sendKeys: Keys 'ENTER + ' sent to object: 'Object Repository/Backoffice/match_mgmt/input__select2-search__arena_name'

2018-11-29 10:58:45 - [MESSAGE][PASSED] - Keys 'ENTER + ' sent to object: 'Object Repository/Backoffice/match_mgmt/input__select2-search__arena_name'

2018-11-29 10:58:45 - [TEST_STEP][PASSED] - setText: Text 'AA' is set on object 'Object Repository/Backoffice/match_mgmt/meron_details/input_meron_name'

2018-11-29 10:58:46 - [MESSAGE][PASSED] - Text 'AA' is set on object 'Object Repository/Backoffice/match_mgmt/meron_details/input_meron_name'

2018-11-29 10:58:46 - [TEST_STEP][PASSED] - setText: Text 'Farm 1' is set on object 'Object Repository/Backoffice/match_mgmt/meron_details/input_meron_farm'

2018-11-29 10:58:46 - [MESSAGE][PASSED] - Text 'Farm 1' is set on object 'Object Repository/Backoffice/match_mgmt/meron_details/input_meron_farm'

2018-11-29 10:58:46 - [TEST_STEP][PASSED] - setText: Text 'Breed 1' is set on object 'Object Repository/Backoffice/match_mgmt/meron_details/input_meron_breed'

2018-11-29 10:58:46 - [MESSAGE][PASSED] - Text 'Breed 1' is set on object 'Object Repository/Backoffice/match_mgmt/meron_details/input_meron_breed'

2018-11-29 10:58:46 - [TEST_STEP][PASSED] - setText: Text 'Weight 1' is set on object 'Object Repository/Backoffice/match_mgmt/meron_details/input_meron_weight'

2018-11-29 10:58:47 - [MESSAGE][PASSED] - Text 'Weight 1' is set on object 'Object Repository/Backoffice/match_mgmt/meron_details/input_meron_weight'

2018-11-29 10:58:47 - [TEST_STEP][PASSED] - setText: Text 'BB' is set on object 'Object Repository/Backoffice/match_mgmt/wala_details/input_wala_name'

2018-11-29 10:58:47 - [MESSAGE][PASSED] - Text 'BB' is set on object 'Object Repository/Backoffice/match_mgmt/wala_details/input_wala_name'

2018-11-29 10:58:47 - [TEST_STEP][PASSED] - setText: Text 'Farm 2' is set on object 'Object Repository/Backoffice/match_mgmt/wala_details/input_wala_farm'

2018-11-29 10:58:47 - [MESSAGE][PASSED] - Text 'Farm 2' is set on object 'Object Repository/Backoffice/match_mgmt/wala_details/input_wala_farm'

2018-11-29 10:58:47 - [TEST_STEP][PASSED] - setText: Text 'Breed 2' is set on object 'Object Repository/Backoffice/match_mgmt/wala_details/input_wala_breed'

2018-11-29 10:58:48 - [MESSAGE][PASSED] - Text 'Breed 2' is set on object 'Object Repository/Backoffice/match_mgmt/wala_details/input_wala_breed'

2018-11-29 10:58:48 - [TEST_STEP][PASSED] - setText: Text 'Weight 2' is set on object 'Object Repository/Backoffice/match_mgmt/wala_details/input_wala_weight'

2018-11-29 10:58:48 - [MESSAGE][PASSED] - Text 'Weight 2' is set on object 'Object Repository/Backoffice/match_mgmt/wala_details/input_wala_weight'

2018-11-29 10:58:48 - [TEST_STEP][PASSED] - click: Object: 'Object Repository/Backoffice/match_mgmt/input_submit_match' is clicked on

2018-11-29 10:58:51 - [MESSAGE][PASSED] - Object: 'Object Repository/Backoffice/match_mgmt/input_submit_match' is clicked on

2018-11-29 10:58:51 - [TEST_STEP][PASSED] - delay: Delayed 1 second(s)

2018-11-29 10:58:52 - [MESSAGE][PASSED] - Delayed 1 second(s)

2018-11-29 10:58:52 - [TEST_STEP][PASSED] - click: Object: 'Object Repository/Backoffice/match_mgmt/button_create_match' is clicked on

2018-11-29 10:58:53 - [MESSAGE][PASSED] - Object: 'Object Repository/Backoffice/match_mgmt/button_create_match' is clicked on

2018-11-29 10:58:53 - [TEST_STEP][PASSED] - delay: Delayed 1 second(s)

2018-11-29 10:58:54 - [MESSAGE][PASSED] - Delayed 1 second(s)

2018-11-29 10:58:54 - [TEST_STEP][PASSED] - click: Object: 'Object Repository/Backoffice/match_mgmt/span_select_arena_name' is clicked on

2018-11-29 10:58:54 - [MESSAGE][PASSED] - Object: 'Object Repository/Backoffice/match_mgmt/span_select_arena_name' is clicked on

2018-11-29 10:58:54 - [TEST_STEP][PASSED] - setText: Text 'ALIXANDRA SPORTS COMPLEX - ASC' is set on object 'Object Repository/Backoffice/match_mgmt/input__select2-search__arena_name'

2018-11-29 10:58:56 - [MESSAGE][PASSED] - Text 'ALIXANDRA SPORTS COMPLEX - ASC' is set on object 'Object Repository/Backoffice/match_mgmt/input__select2-search__arena_name'

2018-11-29 10:58:56 - [TEST_STEP][PASSED] - sendKeys: Keys 'ENTER + ' sent to object: 'Object Repository/Backoffice/match_mgmt/input__select2-search__arena_name'

2018-11-29 10:58:56 - [MESSAGE][PASSED] - Keys 'ENTER + ' sent to object: 'Object Repository/Backoffice/match_mgmt/input__select2-search__arena_name'

2018-11-29 10:58:56 - [TEST_STEP][PASSED] - setText: Text 'AA' is set on object 'Object Repository/Backoffice/match_mgmt/meron_details/input_meron_name'

2018-11-29 10:58:56 - [MESSAGE][PASSED] - Text 'AA' is set on object 'Object Repository/Backoffice/match_mgmt/meron_details/input_meron_name'

2018-11-29 10:58:56 - [TEST_STEP][PASSED] - setText: Text 'Farm 1' is set on object 'Object Repository/Backoffice/match_mgmt/meron_details/input_meron_farm'

2018-11-29 10:58:57 - [MESSAGE][PASSED] - Text 'Farm 1' is set on object 'Object Repository/Backoffice/match_mgmt/meron_details/input_meron_farm'

2018-11-29 10:58:57 - [TEST_STEP][PASSED] - setText: Text 'Breed 1' is set on object 'Object Repository/Backoffice/match_mgmt/meron_details/input_meron_breed'

2018-11-29 10:58:57 - [MESSAGE][PASSED] - Text 'Breed 1' is set on object 'Object Repository/Backoffice/match_mgmt/meron_details/input_meron_breed'

2018-11-29 10:58:57 - [TEST_STEP][PASSED] - setText: Text 'Weight 1' is set on object 'Object Repository/Backoffice/match_mgmt/meron_details/input_meron_weight'

2018-11-29 10:58:57 - [MESSAGE][PASSED] - Text 'Weight 1' is set on object 'Object Repository/Backoffice/match_mgmt/meron_details/input_meron_weight'

2018-11-29 10:58:57 - [TEST_STEP][PASSED] - setText: Text 'BB' is set on object 'Object Repository/Backoffice/match_mgmt/wala_details/input_wala_name'

2018-11-29 10:58:58 - [MESSAGE][PASSED] - Text 'BB' is set on object 'Object Repository/Backoffice/match_mgmt/wala_details/input_wala_name'

2018-11-29 10:58:58 - [TEST_STEP][PASSED] - setText: Text 'Farm 2' is set on object 'Object Repository/Backoffice/match_mgmt/wala_details/input_wala_farm'

2018-11-29 10:58:58 - [MESSAGE][PASSED] - Text 'Farm 2' is set on object 'Object Repository/Backoffice/match_mgmt/wala_details/input_wala_farm'

2018-11-29 10:58:58 - [TEST_STEP][PASSED] - setText: Text 'Breed 2' is set on object 'Object Repository/Backoffice/match_mgmt/wala_details/input_wala_breed'

2018-11-29 10:58:59 - [MESSAGE][PASSED] - Text 'Breed 2' is set on object 'Object Repository/Backoffice/match_mgmt/wala_details/input_wala_breed'

2018-11-29 10:58:59 - [TEST_STEP][PASSED] - setText: Text 'Weight 2' is set on object 'Object Repository/Backoffice/match_mgmt/wala_details/input_wala_weight'

2018-11-29 10:58:59 - [MESSAGE][PASSED] - Text 'Weight 2' is set on object 'Object Repository/Backoffice/match_mgmt/wala_details/input_wala_weight'

2018-11-29 10:58:59 - [TEST_STEP][PASSED] - click: Object: 'Object Repository/Backoffice/match_mgmt/input_submit_match' is clicked on

2018-11-29 10:59:02 - [MESSAGE][PASSED] - Object: 'Object Repository/Backoffice/match_mgmt/input_submit_match' is clicked on

2018-11-29 10:59:02 - [TEST_STEP][PASSED] - delay: Delayed 1 second(s)

2018-11-29 10:59:03 - [MESSAGE][PASSED] - Delayed 1 second(s)

2018-11-29 10:59:03 - [TEST_STEP][PASSED] - click: Object: 'Object Repository/Backoffice/match_mgmt/button_create_match' is clicked on

2018-11-29 10:59:03 - [MESSAGE][PASSED] - Object: 'Object Repository/Backoffice/match_mgmt/button_create_match' is clicked on

2018-11-29 10:59:03 - [TEST_STEP][PASSED] - delay: Delayed 1 second(s)

2018-11-29 10:59:04 - [MESSAGE][PASSED] - Delayed 1 second(s)

2018-11-29 10:59:04 - [TEST_STEP][PASSED] - click: Object: 'Object Repository/Backoffice/match_mgmt/span_select_arena_name' is clicked on

2018-11-29 10:59:04 - [MESSAGE][PASSED] - Object: 'Object Repository/Backoffice/match_mgmt/span_select_arena_name' is clicked on

2018-11-29 10:59:04 - [TEST_STEP][PASSED] - setText: Text 'ALIXANDRA SPORTS COMPLEX - ASC' is set on object 'Object Repository/Backoffice/match_mgmt/input__select2-search__arena_name'

2018-11-29 10:59:06 - [MESSAGE][PASSED] - Text 'ALIXANDRA SPORTS COMPLEX - ASC' is set on object 'Object Repository/Backoffice/match_mgmt/input__select2-search__arena_name'

2018-11-29 10:59:06 - [TEST_STEP][PASSED] - sendKeys: Keys 'ENTER + ' sent to object: 'Object Repository/Backoffice/match_mgmt/input__select2-search__arena_name'

2018-11-29 10:59:07 - [MESSAGE][PASSED] - Keys 'ENTER + ' sent to object: 'Object Repository/Backoffice/match_mgmt/input__select2-search__arena_name'

2018-11-29 10:59:07 - [TEST_STEP][PASSED] - setText: Text 'AA' is set on object 'Object Repository/Backoffice/match_mgmt/meron_details/input_meron_name'

2018-11-29 10:59:07 - [MESSAGE][PASSED] - Text 'AA' is set on object 'Object Repository/Backoffice/match_mgmt/meron_details/input_meron_name'

2018-11-29 10:59:07 - [TEST_STEP][PASSED] - setText: Text 'Farm 1' is set on object 'Object Repository/Backoffice/match_mgmt/meron_details/input_meron_farm'

2018-11-29 10:59:07 - [MESSAGE][PASSED] - Text 'Farm 1' is set on object 'Object Repository/Backoffice/match_mgmt/meron_details/input_meron_farm'

2018-11-29 10:59:07 - [TEST_STEP][PASSED] - setText: Text 'Breed 1' is set on object 'Object Repository/Backoffice/match_mgmt/meron_details/input_meron_breed'

2018-11-29 10:59:08 - [MESSAGE][PASSED] - Text 'Breed 1' is set on object 'Object Repository/Backoffice/match_mgmt/meron_details/input_meron_breed'

2018-11-29 10:59:08 - [TEST_STEP][PASSED] - setText: Text 'Weight 1' is set on object 'Object Repository/Backoffice/match_mgmt/meron_details/input_meron_weight'

2018-11-29 10:59:08 - [MESSAGE][PASSED] - Text 'Weight 1' is set on object 'Object Repository/Backoffice/match_mgmt/meron_details/input_meron_weight'

2018-11-29 10:59:08 - [TEST_STEP][PASSED] - setText: Text 'BB' is set on object 'Object Repository/Backoffice/match_mgmt/wala_details/input_wala_name'

2018-11-29 10:59:08 - [MESSAGE][PASSED] - Text 'BB' is set on object 'Object Repository/Backoffice/match_mgmt/wala_details/input_wala_name'

2018-11-29 10:59:08 - [TEST_STEP][PASSED] - setText: Text 'Farm 2' is set on object 'Object Repository/Backoffice/match_mgmt/wala_details/input_wala_farm'

2018-11-29 10:59:09 - [MESSAGE][PASSED] - Text 'Farm 2' is set on object 'Object Repository/Backoffice/match_mgmt/wala_details/input_wala_farm'

2018-11-29 10:59:09 - [TEST_STEP][PASSED] - setText: Text 'Breed 2' is set on object 'Object Repository/Backoffice/match_mgmt/wala_details/input_wala_breed'

2018-11-29 10:59:09 - [MESSAGE][PASSED] - Text 'Breed 2' is set on object 'Object Repository/Backoffice/match_mgmt/wala_details/input_wala_breed'

2018-11-29 10:59:09 - [TEST_STEP][PASSED] - setText: Text 'Weight 2' is set on object 'Object Repository/Backoffice/match_mgmt/wala_details/input_wala_weight'

2018-11-29 10:59:10 - [MESSAGE][PASSED] - Text 'Weight 2' is set on object 'Object Repository/Backoffice/match_mgmt/wala_details/input_wala_weight'

2018-11-29 10:59:10 - [TEST_STEP][PASSED] - click: Object: 'Object Repository/Backoffice/match_mgmt/input_submit_match' is clicked on

2018-11-29 10:59:13 - [MESSAGE][PASSED] - Object: 'Object Repository/Backoffice/match_mgmt/input_submit_match' is clicked on

2018-11-29 10:59:13 - [TEST_STEP][PASSED] - delay: Delayed 1 second(s)

2018-11-29 10:59:14 - [MESSAGE][PASSED] - Delayed 1 second(s)

2018-11-29 10:59:14 - [TEST_STEP][PASSED] - click: Object: 'Object Repository/Backoffice/match_mgmt/button_create_match' is clicked on

2018-11-29 10:59:14 - [MESSAGE][PASSED] - Object: 'Object Repository/Backoffice/match_mgmt/button_create_match' is clicked on

2018-11-29 10:59:14 - [TEST_STEP][PASSED] - delay: Delayed 1 second(s)

2018-11-29 10:59:15 - [MESSAGE][PASSED] - Delayed 1 second(s)

2018-11-29 10:59:15 - [TEST_STEP][PASSED] - click: Object: 'Object Repository/Backoffice/match_mgmt/span_select_arena_name' is clicked on

2018-11-29 10:59:15 - [MESSAGE][PASSED] - Object: 'Object Repository/Backoffice/match_mgmt/span_select_arena_name' is clicked on

2018-11-29 10:59:15 - [TEST_STEP][PASSED] - setText: Text 'ALIXANDRA SPORTS COMPLEX - ASC' is set on object 'Object Repository/Backoffice/match_mgmt/input__select2-search__arena_name'

2018-11-29 10:59:17 - [MESSAGE][PASSED] - Text 'ALIXANDRA SPORTS COMPLEX - ASC' is set on object 'Object Repository/Backoffice/match_mgmt/input__select2-search__arena_name'

2018-11-29 10:59:17 - [TEST_STEP][PASSED] - sendKeys: Keys 'ENTER + ' sent to object: 'Object Repository/Backoffice/match_mgmt/input__select2-search__arena_name'

2018-11-29 10:59:17 - [MESSAGE][PASSED] - Keys 'ENTER + ' sent to object: 'Object Repository/Backoffice/match_mgmt/input__select2-search__arena_name'

2018-11-29 10:59:17 - [TEST_STEP][PASSED] - setText: Text 'AA' is set on object 'Object Repository/Backoffice/match_mgmt/meron_details/input_meron_name'

2018-11-29 10:59:18 - [MESSAGE][PASSED] - Text 'AA' is set on object 'Object Repository/Backoffice/match_mgmt/meron_details/input_meron_name'

2018-11-29 10:59:18 - [TEST_STEP][PASSED] - setText: Text 'Farm 1' is set on object 'Object Repository/Backoffice/match_mgmt/meron_details/input_meron_farm'

2018-11-29 10:59:18 - [MESSAGE][PASSED] - Text 'Farm 1' is set on object 'Object Repository/Backoffice/match_mgmt/meron_details/input_meron_farm'

2018-11-29 10:59:18 - [TEST_STEP][PASSED] - setText: Text 'Breed 1' is set on object 'Object Repository/Backoffice/match_mgmt/meron_details/input_meron_breed'

2018-11-29 10:59:19 - [MESSAGE][PASSED] - Text 'Breed 1' is set on object 'Object Repository/Backoffice/match_mgmt/meron_details/input_meron_breed'

2018-11-29 10:59:19 - [TEST_STEP][PASSED] - setText: Text 'Weight 1' is set on object 'Object Repository/Backoffice/match_mgmt/meron_details/input_meron_weight'

2018-11-29 10:59:19 - [MESSAGE][PASSED] - Text 'Weight 1' is set on object 'Object Repository/Backoffice/match_mgmt/meron_details/input_meron_weight'

2018-11-29 10:59:19 - [TEST_STEP][PASSED] - setText: Text 'BB' is set on object 'Object Repository/Backoffice/match_mgmt/wala_details/input_wala_name'

2018-11-29 10:59:19 - [MESSAGE][PASSED] - Text 'BB' is set on object 'Object Repository/Backoffice/match_mgmt/wala_details/input_wala_name'

2018-11-29 10:59:19 - [TEST_STEP][PASSED] - setText: Text 'Farm 2' is set on object 'Object Repository/Backoffice/match_mgmt/wala_details/input_wala_farm'

2018-11-29 10:59:20 - [MESSAGE][PASSED] - Text 'Farm 2' is set on object 'Object Repository/Backoffice/match_mgmt/wala_details/input_wala_farm'

2018-11-29 10:59:20 - [TEST_STEP][PASSED] - setText: Text 'Breed 2' is set on object 'Object Repository/Backoffice/match_mgmt/wala_details/input_wala_breed'

2018-11-29 10:59:20 - [MESSAGE][PASSED] - Text 'Breed 2' is set on object 'Object Repository/Backoffice/match_mgmt/wala_details/input_wala_breed'

2018-11-29 10:59:20 - [TEST_STEP][PASSED] - setText: Text 'Weight 2' is set on object 'Object Repository/Backoffice/match_mgmt/wala_details/input_wala_weight'

2018-11-29 10:59:20 - [MESSAGE][PASSED] - Text 'Weight 2' is set on object 'Object Repository/Backoffice/match_mgmt/wala_details/input_wala_weight'

2018-11-29 10:59:20 - [TEST_STEP][PASSED] - click: Object: 'Object Repository/Backoffice/match_mgmt/input_submit_match' is clicked on

2018-11-29 10:59:23 - [MESSAGE][PASSED] - Object: 'Object Repository/Backoffice/match_mgmt/input_submit_match' is clicked on

2018-11-29 10:59:23 - [TEST_STEP][PASSED] - delay: Delayed 1 second(s)

2018-11-29 10:59:24 - [MESSAGE][PASSED] - Delayed 1 second(s)

2018-11-29 10:59:24 - [TEST_STEP][PASSED] - click: Object: 'Object Repository/Backoffice/match_mgmt/button_create_match' is clicked on

2018-11-29 10:59:24 - [MESSAGE][PASSED] - Object: 'Object Repository/Backoffice/match_mgmt/button_create_match' is clicked on

2018-11-29 10:59:24 - [TEST_STEP][PASSED] - delay: Delayed 1 second(s)

2018-11-29 10:59:25 - [MESSAGE][PASSED] - Delayed 1 second(s)

2018-11-29 10:59:25 - [TEST_STEP][PASSED] - click: Object: 'Object Repository/Backoffice/match_mgmt/span_select_arena_name' is clicked on

2018-11-29 10:59:25 - [MESSAGE][PASSED] - Object: 'Object Repository/Backoffice/match_mgmt/span_select_arena_name' is clicked on

2018-11-29 10:59:25 - [TEST_STEP][PASSED] - setText: Text 'ALIXANDRA SPORTS COMPLEX - ASC' is set on object 'Object Repository/Backoffice/match_mgmt/input__select2-search__arena_name'

2018-11-29 10:59:27 - [MESSAGE][PASSED] - Text 'ALIXANDRA SPORTS COMPLEX - ASC' is set on object 'Object Repository/Backoffice/match_mgmt/input__select2-search__arena_name'

2018-11-29 10:59:27 - [TEST_STEP][PASSED] - sendKeys: Keys 'ENTER + ' sent to object: 'Object Repository/Backoffice/match_mgmt/input__select2-search__arena_name'

2018-11-29 10:59:28 - [MESSAGE][PASSED] - Keys 'ENTER + ' sent to object: 'Object Repository/Backoffice/match_mgmt/input__select2-search__arena_name'

2018-11-29 10:59:28 - [TEST_STEP][PASSED] - setText: Text 'AA' is set on object 'Object Repository/Backoffice/match_mgmt/meron_details/input_meron_name'

2018-11-29 10:59:28 - [MESSAGE][PASSED] - Text 'AA' is set on object 'Object Repository/Backoffice/match_mgmt/meron_details/input_meron_name'

2018-11-29 10:59:28 - [TEST_STEP][PASSED] - setText: Text 'Farm 1' is set on object 'Object Repository/Backoffice/match_mgmt/meron_details/input_meron_farm'

2018-11-29 10:59:28 - [MESSAGE][PASSED] - Text 'Farm 1' is set on object 'Object Repository/Backoffice/match_mgmt/meron_details/input_meron_farm'

2018-11-29 10:59:28 - [TEST_STEP][PASSED] - setText: Text 'Breed 1' is set on object 'Object Repository/Backoffice/match_mgmt/meron_details/input_meron_breed'

2018-11-29 10:59:29 - [MESSAGE][PASSED] - Text 'Breed 1' is set on object 'Object Repository/Backoffice/match_mgmt/meron_details/input_meron_breed'

2018-11-29 10:59:29 - [TEST_STEP][PASSED] - setText: Text 'Weight 1' is set on object 'Object Repository/Backoffice/match_mgmt/meron_details/input_meron_weight'

2018-11-29 10:59:29 - [MESSAGE][PASSED] - Text 'Weight 1' is set on object 'Object Repository/Backoffice/match_mgmt/meron_details/input_meron_weight'

2018-11-29 10:59:29 - [TEST_STEP][PASSED] - setText: Text 'BB' is set on object 'Object Repository/Backoffice/match_mgmt/wala_details/input_wala_name'

2018-11-29 10:59:30 - [MESSAGE][PASSED] - Text 'BB' is set on object 'Object Repository/Backoffice/match_mgmt/wala_details/input_wala_name'

2018-11-29 10:59:30 - [TEST_STEP][PASSED] - setText: Text 'Farm 2' is set on object 'Object Repository/Backoffice/match_mgmt/wala_details/input_wala_farm'

2018-11-29 10:59:30 - [MESSAGE][PASSED] - Text 'Farm 2' is set on object 'Object Repository/Backoffice/match_mgmt/wala_details/input_wala_farm'

2018-11-29 10:59:30 - [TEST_STEP][PASSED] - setText: Text 'Breed 2' is set on object 'Object Repository/Backoffice/match_mgmt/wala_details/input_wala_breed'

2018-11-29 10:59:30 - [MESSAGE][PASSED] - Text 'Breed 2' is set on object 'Object Repository/Backoffice/match_mgmt/wala_details/input_wala_breed'

2018-11-29 10:59:30 - [TEST_STEP][PASSED] - setText: Text 'Weight 2' is set on object 'Object Repository/Backoffice/match_mgmt/wala_details/input_wala_weight'

2018-11-29 10:59:31 - [MESSAGE][PASSED] - Text 'Weight 2' is set on object 'Object Repository/Backoffice/match_mgmt/wala_details/input_wala_weight'

2018-11-29 10:59:31 - [TEST_STEP][PASSED] - click: Object: 'Object Repository/Backoffice/match_mgmt/input_submit_match' is clicked on

2018-11-29 10:59:34 - [MESSAGE][PASSED] - Object: 'Object Repository/Backoffice/match_mgmt/input_submit_match' is clicked on

2018-11-29 10:59:34 - [TEST_STEP][PASSED] - delay: Delayed 1 second(s)

2018-11-29 10:59:35 - [MESSAGE][PASSED] - Delayed 1 second(s)

2018-11-29 10:59:35 - [TEST_STEP][PASSED] - click: Object: 'Object Repository/Backoffice/match_mgmt/button_create_match' is clicked on

2018-11-29 10:59:35 - [MESSAGE][PASSED] - Object: 'Object Repository/Backoffice/match_mgmt/button_create_match' is clicked on

2018-11-29 10:59:35 - [TEST_STEP][PASSED] - delay: Delayed 1 second(s)

2018-11-29 10:59:36 - [MESSAGE][PASSED] - Delayed 1 second(s)

2018-11-29 10:59:36 - [TEST_STEP][PASSED] - click: Object: 'Object Repository/Backoffice/match_mgmt/span_select_arena_name' is clicked on

2018-11-29 10:59:37 - [MESSAGE][PASSED] - Object: 'Object Repository/Backoffice/match_mgmt/span_select_arena_name' is clicked on

2018-11-29 10:59:37 - [TEST_STEP][PASSED] - setText: Text 'ALIXANDRA SPORTS COMPLEX - ASC' is set on object 'Object Repository/Backoffice/match_mgmt/input__select2-search__arena_name'

2018-11-29 10:59:38 - [MESSAGE][PASSED] - Text 'ALIXANDRA SPORTS COMPLEX - ASC' is set on object 'Object Repository/Backoffice/match_mgmt/input__select2-search__arena_name'

2018-11-29 10:59:38 - [TEST_STEP][PASSED] - sendKeys: Keys 'ENTER + ' sent to object: 'Object Repository/Backoffice/match_mgmt/input__select2-search__arena_name'

2018-11-29 10:59:39 - [MESSAGE][PASSED] - Keys 'ENTER + ' sent to object: 'Object Repository/Backoffice/match_mgmt/input__select2-search__arena_name'

2018-11-29 10:59:39 - [TEST_STEP][PASSED] - setText: Text 'AA' is set on object 'Object Repository/Backoffice/match_mgmt/meron_details/input_meron_name'

2018-11-29 10:59:39 - [MESSAGE][PASSED] - Text 'AA' is set on object 'Object Repository/Backoffice/match_mgmt/meron_details/input_meron_name'

2018-11-29 10:59:39 - [TEST_STEP][PASSED] - setText: Text 'Farm 1' is set on object 'Object Repository/Backoffice/match_mgmt/meron_details/input_meron_farm'

2018-11-29 10:59:39 - [MESSAGE][PASSED] - Text 'Farm 1' is set on object 'Object Repository/Backoffice/match_mgmt/meron_details/input_meron_farm'

2018-11-29 10:59:39 - [TEST_STEP][PASSED] - setText: Text 'Breed 1' is set on object 'Object Repository/Backoffice/match_mgmt/meron_details/input_meron_breed'

2018-11-29 10:59:40 - [MESSAGE][PASSED] - Text 'Breed 1' is set on object 'Object Repository/Backoffice/match_mgmt/meron_details/input_meron_breed'

2018-11-29 10:59:40 - [TEST_STEP][PASSED] - setText: Text 'Weight 1' is set on object 'Object Repository/Backoffice/match_mgmt/meron_details/input_meron_weight'

2018-11-29 10:59:40 - [MESSAGE][PASSED] - Text 'Weight 1' is set on object 'Object Repository/Backoffice/match_mgmt/meron_details/input_meron_weight'

2018-11-29 10:59:40 - [TEST_STEP][PASSED] - setText: Text 'BB' is set on object 'Object Repository/Backoffice/match_mgmt/wala_details/input_wala_name'

2018-11-29 10:59:41 - [MESSAGE][PASSED] - Text 'BB' is set on object 'Object Repository/Backoffice/match_mgmt/wala_details/input_wala_name'

2018-11-29 10:59:41 - [TEST_STEP][PASSED] - setText: Text 'Farm 2' is set on object 'Object Repository/Backoffice/match_mgmt/wala_details/input_wala_farm'

2018-11-29 10:59:41 - [MESSAGE][PASSED] - Text 'Farm 2' is set on object 'Object Repository/Backoffice/match_mgmt/wala_details/input_wala_farm'

2018-11-29 10:59:41 - [TEST_STEP][PASSED] - setText: Text 'Breed 2' is set on object 'Object Repository/Backoffice/match_mgmt/wala_details/input_wala_breed'

2018-11-29 10:59:41 - [MESSAGE][PASSED] - Text 'Breed 2' is set on object 'Object Repository/Backoffice/match_mgmt/wala_details/input_wala_breed'

2018-11-29 10:59:41 - [TEST_STEP][PASSED] - setText: Text 'Weight 2' is set on object 'Object Repository/Backoffice/match_mgmt/wala_details/input_wala_weight'

2018-11-29 10:59:42 - [MESSAGE][PASSED] - Text 'Weight 2' is set on object 'Object Repository/Backoffice/match_mgmt/wala_details/input_wala_weight'

2018-11-29 10:59:42 - [TEST_STEP][PASSED] - click: Object: 'Object Repository/Backoffice/match_mgmt/input_submit_match' is clicked on

2018-11-29 10:59:45 - [MESSAGE][PASSED] - Object: 'Object Repository/Backoffice/match_mgmt/input_submit_match' is clicked on

2018-11-29 10:59:45 - [TEST_STEP][PASSED] - delay: Delayed 1 second(s)

2018-11-29 10:59:46 - [MESSAGE][PASSED] - Delayed 1 second(s)

2018-11-29 10:59:46 - [TEST_STEP][PASSED] - click: Object: 'Object Repository/Backoffice/match_mgmt/button_create_match' is clicked on

2018-11-29 10:59:46 - [MESSAGE][PASSED] - Object: 'Object Repository/Backoffice/match_mgmt/button_create_match' is clicked on

2018-11-29 10:59:46 - [TEST_STEP][PASSED] - delay: Delayed 1 second(s)

2018-11-29 10:59:47 - [MESSAGE][PASSED] - Delayed 1 second(s)

2018-11-29 10:59:47 - [TEST_STEP][PASSED] - click: Object: 'Object Repository/Backoffice/match_mgmt/span_select_arena_name' is clicked on

2018-11-29 10:59:48 - [MESSAGE][PASSED] - Object: 'Object Repository/Backoffice/match_mgmt/span_select_arena_name' is clicked on

2018-11-29 10:59:48 - [TEST_STEP][PASSED] - setText: Text 'ALIXANDRA SPORTS COMPLEX - ASC' is set on object 'Object Repository/Backoffice/match_mgmt/input__select2-search__arena_name'

2018-11-29 10:59:50 - [MESSAGE][PASSED] - Text 'ALIXANDRA SPORTS COMPLEX - ASC' is set on object 'Object Repository/Backoffice/match_mgmt/input__select2-search__arena_name'

2018-11-29 10:59:50 - [TEST_STEP][PASSED] - sendKeys: Keys 'ENTER + ' sent to object: 'Object Repository/Backoffice/match_mgmt/input__select2-search__arena_name'

2018-11-29 10:59:50 - [MESSAGE][PASSED] - Keys 'ENTER + ' sent to object: 'Object Repository/Backoffice/match_mgmt/input__select2-search__arena_name'

2018-11-29 10:59:50 - [TEST_STEP][PASSED] - setText: Text 'AA' is set on object 'Object Repository/Backoffice/match_mgmt/meron_details/input_meron_name'

2018-11-29 10:59:50 - [MESSAGE][PASSED] - Text 'AA' is set on object 'Object Repository/Backoffice/match_mgmt/meron_details/input_meron_name'

2018-11-29 10:59:50 - [TEST_STEP][PASSED] - setText: Text 'Farm 1' is set on object 'Object Repository/Backoffice/match_mgmt/meron_details/input_meron_farm'

2018-11-29 10:59:50 - [MESSAGE][PASSED] - Text 'Farm 1' is set on object 'Object Repository/Backoffice/match_mgmt/meron_details/input_meron_farm'

2018-11-29 10:59:50 - [TEST_STEP][PASSED] - setText: Text 'Breed 1' is set on object 'Object Repository/Backoffice/match_mgmt/meron_details/input_meron_breed'

2018-11-29 10:59:51 - [MESSAGE][PASSED] - Text 'Breed 1' is set on object 'Object Repository/Backoffice/match_mgmt/meron_details/input_meron_breed'

2018-11-29 10:59:51 - [TEST_STEP][PASSED] - setText: Text 'Weight 1' is set on object 'Object Repository/Backoffice/match_mgmt/meron_details/input_meron_weight'

2018-11-29 10:59:51 - [MESSAGE][PASSED] - Text 'Weight 1' is set on object 'Object Repository/Backoffice/match_mgmt/meron_details/input_meron_weight'

2018-11-29 10:59:51 - [TEST_STEP][PASSED] - setText: Text 'BB' is set on object 'Object Repository/Backoffice/match_mgmt/wala_details/input_wala_name'

2018-11-29 10:59:51 - [MESSAGE][PASSED] - Text 'BB' is set on object 'Object Repository/Backoffice/match_mgmt/wala_details/input_wala_name'

2018-11-29 10:59:51 - [TEST_STEP][PASSED] - setText: Text 'Farm 2' is set on object 'Object Repository/Backoffice/match_mgmt/wala_details/input_wala_farm'

2018-11-29 10:59:52 - [MESSAGE][PASSED] - Text 'Farm 2' is set on object 'Object Repository/Backoffice/match_mgmt/wala_details/input_wala_farm'

2018-11-29 10:59:52 - [TEST_STEP][PASSED] - setText: Text 'Breed 2' is set on object 'Object Repository/Backoffice/match_mgmt/wala_details/input_wala_breed'

2018-11-29 10:59:52 - [MESSAGE][PASSED] - Text 'Breed 2' is set on object 'Object Repository/Backoffice/match_mgmt/wala_details/input_wala_breed'

2018-11-29 10:59:52 - [TEST_STEP][PASSED] - setText: Text 'Weight 2' is set on object 'Object Repository/Backoffice/match_mgmt/wala_details/input_wala_weight'

2018-11-29 10:59:53 - [MESSAGE][PASSED] - Text 'Weight 2' is set on object 'Object Repository/Backoffice/match_mgmt/wala_details/input_wala_weight'

2018-11-29 10:59:53 - [TEST_STEP][PASSED] - click: Object: 'Object Repository/Backoffice/match_mgmt/input_submit_match' is clicked on

2018-11-29 10:59:56 - [MESSAGE][PASSED] - Object: 'Object Repository/Backoffice/match_mgmt/input_submit_match' is clicked on

2018-11-29 10:59:56 - [TEST_STEP][PASSED] - delay: Delayed 1 second(s)

2018-11-29 10:59:57 - [MESSAGE][PASSED] - Delayed 1 second(s)

2018-11-29 10:59:57 - [TEST_STEP][PASSED] - click: Object: 'Object Repository/Backoffice/match_mgmt/button_create_match' is clicked on

2018-11-29 10:59:57 - [MESSAGE][PASSED] - Object: 'Object Repository/Backoffice/match_mgmt/button_create_match' is clicked on

2018-11-29 10:59:57 - [TEST_STEP][PASSED] - delay: Delayed 1 second(s)

2018-11-29 10:59:58 - [MESSAGE][PASSED] - Delayed 1 second(s)

2018-11-29 10:59:58 - [TEST_STEP][PASSED] - click: Object: 'Object Repository/Backoffice/match_mgmt/span_select_arena_name' is clicked on

2018-11-29 10:59:59 - [MESSAGE][PASSED] - Object: 'Object Repository/Backoffice/match_mgmt/span_select_arena_name' is clicked on

2018-11-29 10:59:59 - [TEST_STEP][PASSED] - setText: Text 'ALIXANDRA SPORTS COMPLEX - ASC' is set on object 'Object Repository/Backoffice/match_mgmt/input__select2-search__arena_name'

2018-11-29 11:00:00 - [MESSAGE][PASSED] - Text 'ALIXANDRA SPORTS COMPLEX - ASC' is set on object 'Object Repository/Backoffice/match_mgmt/input__select2-search__arena_name'

2018-11-29 11:00:00 - [TEST_STEP][PASSED] - sendKeys: Keys 'ENTER + ' sent to object: 'Object Repository/Backoffice/match_mgmt/input__select2-search__arena_name'

2018-11-29 11:00:01 - [MESSAGE][PASSED] - Keys 'ENTER + ' sent to object: 'Object Repository/Backoffice/match_mgmt/input__select2-search__arena_name'

2018-11-29 11:00:01 - [TEST_STEP][PASSED] - setText: Text 'AA' is set on object 'Object Repository/Backoffice/match_mgmt/meron_details/input_meron_name'

2018-11-29 11:00:01 - [MESSAGE][PASSED] - Text 'AA' is set on object 'Object Repository/Backoffice/match_mgmt/meron_details/input_meron_name'

2018-11-29 11:00:01 - [TEST_STEP][PASSED] - setText: Text 'Farm 1' is set on object 'Object Repository/Backoffice/match_mgmt/meron_details/input_meron_farm'

2018-11-29 11:00:01 - [MESSAGE][PASSED] - Text 'Farm 1' is set on object 'Object Repository/Backoffice/match_mgmt/meron_details/input_meron_farm'

2018-11-29 11:00:01 - [TEST_STEP][PASSED] - setText: Text 'Breed 1' is set on object 'Object Repository/Backoffice/match_mgmt/meron_details/input_meron_breed'

2018-11-29 11:00:02 - [MESSAGE][PASSED] - Text 'Breed 1' is set on object 'Object Repository/Backoffice/match_mgmt/meron_details/input_meron_breed'

2018-11-29 11:00:02 - [TEST_STEP][PASSED] - setText: Text 'Weight 1' is set on object 'Object Repository/Backoffice/match_mgmt/meron_details/input_meron_weight'

2018-11-29 11:00:02 - [MESSAGE][PASSED] - Text 'Weight 1' is set on object 'Object Repository/Backoffice/match_mgmt/meron_details/input_meron_weight'

2018-11-29 11:00:02 - [TEST_STEP][PASSED] - setText: Text 'BB' is set on object 'Object Repository/Backoffice/match_mgmt/wala_details/input_wala_name'

2018-11-29 11:00:02 - [MESSAGE][PASSED] - Text 'BB' is set on object 'Object Repository/Backoffice/match_mgmt/wala_details/input_wala_name'

2018-11-29 11:00:02 - [TEST_STEP][PASSED] - setText: Text 'Farm 2' is set on object 'Object Repository/Backoffice/match_mgmt/wala_details/input_wala_farm'

2018-11-29 11:00:03 - [MESSAGE][PASSED] - Text 'Farm 2' is set on object 'Object Repository/Backoffice/match_mgmt/wala_details/input_wala_farm'

2018-11-29 11:00:03 - [TEST_STEP][PASSED] - setText: Text 'Breed 2' is set on object 'Object Repository/Backoffice/match_mgmt/wala_details/input_wala_breed'

2018-11-29 11:00:03 - [MESSAGE][PASSED] - Text 'Breed 2' is set on object 'Object Repository/Backoffice/match_mgmt/wala_details/input_wala_breed'

2018-11-29 11:00:03 - [TEST_STEP][PASSED] - setText: Text 'Weight 2' is set on object 'Object Repository/Backoffice/match_mgmt/wala_details/input_wala_weight'

2018-11-29 11:00:04 - [MESSAGE][PASSED] - Text 'Weight 2' is set on object 'Object Repository/Backoffice/match_mgmt/wala_details/input_wala_weight'

2018-11-29 11:00:04 - [TEST_STEP][PASSED] - click: Object: 'Object Repository/Backoffice/match_mgmt/input_submit_match' is clicked on

2018-11-29 11:00:07 - [MESSAGE][PASSED] - Object: 'Object Repository/Backoffice/match_mgmt/input_submit_match' is clicked on

2018-11-29 11:00:07 - [TEST_STEP][PASSED] - delay: Delayed 1 second(s)

2018-11-29 11:00:08 - [MESSAGE][PASSED] - Delayed 1 second(s)

2018-11-29 11:00:08 - [TEST_STEP][PASSED] - click: Object: 'Object Repository/Backoffice/match_mgmt/button_create_match' is clicked on

2018-11-29 11:00:08 - [MESSAGE][PASSED] - Object: 'Object Repository/Backoffice/match_mgmt/button_create_match' is clicked on

2018-11-29 11:00:08 - [TEST_STEP][PASSED] - delay: Delayed 1 second(s)

2018-11-29 11:00:09 - [MESSAGE][PASSED] - Delayed 1 second(s)

2018-11-29 11:00:09 - [TEST_STEP][PASSED] - click: Object: 'Object Repository/Backoffice/match_mgmt/span_select_arena_name' is clicked on

2018-11-29 11:00:09 - [MESSAGE][PASSED] - Object: 'Object Repository/Backoffice/match_mgmt/span_select_arena_name' is clicked on

2018-11-29 11:00:09 - [TEST_STEP][PASSED] - setText: Text 'ALIXANDRA SPORTS COMPLEX - ASC' is set on object 'Object Repository/Backoffice/match_mgmt/input__select2-search__arena_name'

2018-11-29 11:00:11 - [MESSAGE][PASSED] - Text 'ALIXANDRA SPORTS COMPLEX - ASC' is set on object 'Object Repository/Backoffice/match_mgmt/input__select2-search__arena_name'

2018-11-29 11:00:11 - [TEST_STEP][PASSED] - sendKeys: Keys 'ENTER + ' sent to object: 'Object Repository/Backoffice/match_mgmt/input__select2-search__arena_name'

2018-11-29 11:00:11 - [MESSAGE][PASSED] - Keys 'ENTER + ' sent to object: 'Object Repository/Backoffice/match_mgmt/input__select2-search__arena_name'

2018-11-29 11:00:11 - [TEST_STEP][PASSED] - setText: Text 'AA' is set on object 'Object Repository/Backoffice/match_mgmt/meron_details/input_meron_name'

2018-11-29 11:00:11 - [MESSAGE][PASSED] - Text 'AA' is set on object 'Object Repository/Backoffice/match_mgmt/meron_details/input_meron_name'

2018-11-29 11:00:11 - [TEST_STEP][PASSED] - setText: Text 'Farm 1' is set on object 'Object Repository/Backoffice/match_mgmt/meron_details/input_meron_farm'

2018-11-29 11:00:12 - [MESSAGE][PASSED] - Text 'Farm 1' is set on object 'Object Repository/Backoffice/match_mgmt/meron_details/input_meron_farm'

2018-11-29 11:00:12 - [TEST_STEP][PASSED] - setText: Text 'Breed 1' is set on object 'Object Repository/Backoffice/match_mgmt/meron_details/input_meron_breed'

2018-11-29 11:00:12 - [MESSAGE][PASSED] - Text 'Breed 1' is set on object 'Object Repository/Backoffice/match_mgmt/meron_details/input_meron_breed'

2018-11-29 11:00:12 - [TEST_STEP][PASSED] - setText: Text 'Weight 1' is set on object 'Object Repository/Backoffice/match_mgmt/meron_details/input_meron_weight'

2018-11-29 11:00:13 - [MESSAGE][PASSED] - Text 'Weight 1' is set on object 'Object Repository/Backoffice/match_mgmt/meron_details/input_meron_weight'

2018-11-29 11:00:13 - [TEST_STEP][PASSED] - setText: Text 'BB' is set on object 'Object Repository/Backoffice/match_mgmt/wala_details/input_wala_name'

2018-11-29 11:00:13 - [MESSAGE][PASSED] - Text 'BB' is set on object 'Object Repository/Backoffice/match_mgmt/wala_details/input_wala_name'

2018-11-29 11:00:13 - [TEST_STEP][PASSED] - setText: Text 'Farm 2' is set on object 'Object Repository/Backoffice/match_mgmt/wala_details/input_wala_farm'

2018-11-29 11:00:13 - [MESSAGE][PASSED] - Text 'Farm 2' is set on object 'Object Repository/Backoffice/match_mgmt/wala_details/input_wala_farm'

2018-11-29 11:00:13 - [TEST_STEP][PASSED] - setText: Text 'Breed 2' is set on object 'Object Repository/Backoffice/match_mgmt/wala_details/input_wala_breed'

2018-11-29 11:00:14 - [MESSAGE][PASSED] - Text 'Breed 2' is set on object 'Object Repository/Backoffice/match_mgmt/wala_details/input_wala_breed'

2018-11-29 11:00:14 - [TEST_STEP][PASSED] - setText: Text 'Weight 2' is set on object 'Object Repository/Backoffice/match_mgmt/wala_details/input_wala_weight'

2018-11-29 11:00:14 - [MESSAGE][PASSED] - Text 'Weight 2' is set on object 'Object Repository/Backoffice/match_mgmt/wala_details/input_wala_weight'

2018-11-29 11:00:14 - [TEST_STEP][PASSED] - click: Object: 'Object Repository/Backoffice/match_mgmt/input_submit_match' is clicked on

2018-11-29 11:00:18 - [MESSAGE][PASSED] - Object: 'Object Repository/Backoffice/match_mgmt/input_submit_match' is clicked on

2018-11-29 11:00:18 - [TEST_STEP][PASSED] - delay: Delayed 1 second(s)

2018-11-29 11:00:19 - [MESSAGE][PASSED] - Delayed 1 second(s)]]></system-out>
         <system-err><![CDATA[]]></system-err>
      </testcase>
      <system-out><![CDATA[2018-11-29 10:49:54 - [TEST_SUITE][PASSED] - match_ASC: Test Cases/Backoffice/create_match/create_match_loop_with_open_match]]></system-out>
      <system-err><![CDATA[]]></system-err>
   </testsuite>
</testsuites>
